travis_fold:start:system_info[0K[33;1mBuild system information[0m
Build language: python
Build id: ''
Job id: ''
[34m[1mBuild image provisioning date and time[0m
Thu Feb  5 15:09:33 UTC 2015
[34m[1mOperating System Details[0m
Distributor ID:	Ubuntu
Description:	Ubuntu 12.04.5 LTS
Release:	12.04
Codename:	precise
[34m[1mLinux Version[0m
3.13.0-29-generic
[34m[1mCookbooks Version[0m
a68419e https://github.com/travis-ci/travis-cookbooks/tree/a68419e
[34m[1mGCC version[0m
gcc (Ubuntu/Linaro 4.6.3-1ubuntu5) 4.6.3
Copyright (C) 2011 Free Software Foundation, Inc.
This is free software; see the source for copying conditions.  There is NO
warranty; not even for MERCHANTABILITY or FITNESS FOR A PARTICULAR PURPOSE.

[34m[1mLLVM version[0m
clang version 3.4 (tags/RELEASE_34/final)
Target: x86_64-unknown-linux-gnu
Thread model: posix
[34m[1mPre-installed Ruby versions[0m
ruby-1.9.3-p551
[34m[1mPre-installed Node.js versions[0m
v0.10.36
[34m[1mPre-installed Go versions[0m
1.4.1
[34m[1mRedis version[0m
redis-server 2.8.19
[34m[1mriak version[0m
2.0.2
[34m[1mMongoDB version[0m
MongoDB 2.4.12
[34m[1mCouchDB version[0m
couchdb 1.6.1
[34m[1mNeo4j version[0m
1.9.4
[34m[1mRabbitMQ Version[0m
3.4.3
[34m[1mElasticSearch version[0m
1.4.0
[34m[1mInstalled Sphinx versions[0m
2.0.10
2.1.9
2.2.6
[34m[1mDefault Sphinx version[0m
2.2.6
[34m[1mInstalled Firefox version[0m
firefox 31.0esr
[34m[1mPhantomJS version[0m
1.9.8
[34m[1mant -version[0m
Apache Ant(TM) version 1.8.2 compiled on December 3 2011
[34m[1mmvn -version[0m
Apache Maven 3.2.5 (12a6b3acb947671f09b81f49094c53f426d8cea1; 2014-12-14T17:29:23+00:00)
Maven home: /usr/local/maven
Java version: 1.7.0_76, vendor: Oracle Corporation
Java home: /usr/lib/jvm/java-7-oracle/jre
Default locale: en_US, platform encoding: ANSI_X3.4-1968
OS name: "linux", version: "3.13.0-29-generic", arch: "amd64", family: "unix"
travis_fold:end:system_info[0K
$ cd failed/hivesolutions/appier
travis_time:start:156b0da8[0K$ source ~/virtualenv/pypy3/bin/activate

travis_time:end:156b0da8:start=1594485964199335702,finish=1594485964208684167,duration=9348465[0K$ python --version
$ pip --version
pip 6.0.7 from /home/travis/virtualenv/pypy3-2.4.0/site-packages (python 3.2)
travis_fold:start:install.1[0Ktravis_time:start:07214dac[0K$ pip install -r requirements.txt
You must give at least one requirement to install (see "pip help install")

travis_time:end:07214dac:start=1594485964775561839,finish=1594485965848720076,duration=1073158237[0Ktravis_fold:end:install.1[0Ktravis_fold:start:install.2[0Ktravis_time:start:1d90b548[0K$ pip install coveralls==1.0a2
Collecting coveralls==1.0a2
  Downloading https://files.pythonhosted.org/packages/da/2f/cdbc8ed1ba59eeefe71c251a8bf2f64b3b392f47a899dcbaba9c1edcba69/coveralls-1.0a2-py2.py3-none-any.whl
Collecting docopt>=0.6.1 (from coveralls==1.0a2)
  Downloading https://files.pythonhosted.org/packages/a2/55/8f8cab2afd404cf578136ef2cc5dfb50baa1761b68c9da1fb1e4eed343c9/docopt-0.6.2.tar.gz
Collecting coverage>=3.6 (from coveralls==1.0a2)
  Downloading https://files.pythonhosted.org/packages/23/ca/c722303813a4ab9bbaee2c2639aebbfd47cc542081c56608a31a9fa3cf7d/coverage-5.2.tar.gz (693kB)
    /opt/python/pypy3-2.4.0/lib-python/3/distutils/dist.py:257: UserWarning: Unknown distribution option: 'project_urls'
      warnings.warn(msg)
    /opt/python/pypy3-2.4.0/lib-python/3/distutils/dist.py:257: UserWarning: Unknown distribution option: 'python_requires'
      warnings.warn(msg)
    /opt/python/pypy3-2.4.0/lib-python/3/distutils/dist.py:257: UserWarning: Unknown distribution option: 'long_description_content_type'
      warnings.warn(msg)
Collecting requests>=1.0.0 (from coveralls==1.0a2)
  Downloading https://files.pythonhosted.org/packages/45/1e/0c169c6a5381e241ba7404532c16a21d86ab872c9bed8bdcd4c423954103/requests-2.24.0-py2.py3-none-any.whl (61kB)
Collecting idna<3,>=2.5 (from requests>=1.0.0->coveralls==1.0a2)
  Downloading https://files.pythonhosted.org/packages/a2/38/928ddce2273eaa564f6f50de919327bf3a00f091b5baba8dfa9460f3a8a8/idna-2.10-py2.py3-none-any.whl (58kB)
Collecting certifi>=2017.4.17 (from requests>=1.0.0->coveralls==1.0a2)
  Downloading https://files.pythonhosted.org/packages/5e/c4/6c4fe722df5343c33226f0b4e0bb042e4dc13483228b4718baf286f86d87/certifi-2020.6.20-py2.py3-none-any.whl (156kB)
Collecting urllib3!=1.25.0,!=1.25.1,<1.26,>=1.21.1 (from requests>=1.0.0->coveralls==1.0a2)
  Downloading https://files.pythonhosted.org/packages/e1/e5/df302e8017440f111c11cc41a6b432838672f5a70aa29227bf58149dc72f/urllib3-1.25.9-py2.py3-none-any.whl (126kB)
Collecting chardet<4,>=3.0.2 (from requests>=1.0.0->coveralls==1.0a2)
  Downloading https://files.pythonhosted.org/packages/bc/a9/01ffebfb562e4274b6487b4bb1ddec7ca55ec7510b22e4c51f14098443b8/chardet-3.0.4-py2.py3-none-any.whl (133kB)
Installing collected packages: chardet, urllib3, certifi, idna, requests, coverage, docopt, coveralls





  Running setup.py install for coverage
    /opt/python/pypy3-2.4.0/lib-python/3/distutils/dist.py:257: UserWarning: Unknown distribution option: 'project_urls'
      warnings.warn(msg)
    /opt/python/pypy3-2.4.0/lib-python/3/distutils/dist.py:257: UserWarning: Unknown distribution option: 'python_requires'
      warnings.warn(msg)
    /opt/python/pypy3-2.4.0/lib-python/3/distutils/dist.py:257: UserWarning: Unknown distribution option: 'long_description_content_type'
      warnings.warn(msg)
    Installing coverage3 script to /home/travis/virtualenv/pypy3-2.4.0/bin
    Installing coverage-3.2 script to /home/travis/virtualenv/pypy3-2.4.0/bin
    Installing coverage script to /home/travis/virtualenv/pypy3-2.4.0/bin
  Running setup.py install for docopt

Successfully installed certifi-2020.6.20 chardet-3.0.4 coverage-5.2 coveralls-1.0a2 docopt-0.6.2 idna-2.10 requests-2.24.0 urllib3-1.25.9

travis_time:end:1d90b548:start=1594485965858937621,finish=1594485974716428291,duration=8857490670[0Ktravis_fold:end:install.2[0Ktravis_time:start:0d1f4044[0K$ coverage run --source=appier setup.py test

travis_time:end:0d1f4044:start=1594485974725458509,finish=1594485974974441141,duration=248982632[0K
[31;1mThe command "coverage run --source=appier setup.py test" exited with 1.[0m

Done. Your build exited with 1.
