travis_fold:start:system_info[0K[33;1mBuild system information[0m
Build language: python
Build group: stable
Build dist: precise
Build id: ''
Job id: ''
[34m[1mBuild image provisioning date and time[0m
Thu Feb  5 15:09:33 UTC 2015
[34m[1mOperating System Details[0m
Distributor ID:	Ubuntu
Description:	Ubuntu 12.04.5 LTS
Release:	12.04
Codename:	precise
[34m[1mLinux Version[0m
3.13.0-29-generic
[34m[1mCookbooks Version[0m
a68419e https://github.com/travis-ci/travis-cookbooks/tree/a68419e
[34m[1mGCC version[0m
gcc (Ubuntu/Linaro 4.6.3-1ubuntu5) 4.6.3
Copyright (C) 2011 Free Software Foundation, Inc.
This is free software; see the source for copying conditions.  There is NO
warranty; not even for MERCHANTABILITY or FITNESS FOR A PARTICULAR PURPOSE.

[34m[1mLLVM version[0m
clang version 3.4 (tags/RELEASE_34/final)
Target: x86_64-unknown-linux-gnu
Thread model: posix
[34m[1mPre-installed Ruby versions[0m
ruby-1.9.3-p551
[34m[1mPre-installed Node.js versions[0m
v0.10.36
[34m[1mPre-installed Go versions[0m
1.4.1
[34m[1mRedis version[0m
redis-server 2.8.19
[34m[1mriak version[0m
2.0.2
[34m[1mMongoDB version[0m
MongoDB 2.4.12
[34m[1mCouchDB version[0m
couchdb 1.6.1
[34m[1mNeo4j version[0m
1.9.4
[34m[1mRabbitMQ Version[0m
3.4.3
[34m[1mElasticSearch version[0m
1.4.0
[34m[1mInstalled Sphinx versions[0m
2.0.10
2.1.9
2.2.6
[34m[1mDefault Sphinx version[0m
2.2.6
[34m[1mInstalled Firefox version[0m
firefox 31.0esr
[34m[1mPhantomJS version[0m
1.9.8
[34m[1mant -version[0m
Apache Ant(TM) version 1.8.2 compiled on December 3 2011
[34m[1mmvn -version[0m
Apache Maven 3.2.5 (12a6b3acb947671f09b81f49094c53f426d8cea1; 2014-12-14T17:29:23+00:00)
Maven home: /usr/local/maven
Java version: 1.7.0_76, vendor: Oracle Corporation
Java home: /usr/lib/jvm/java-7-oracle/jre
Default locale: en_US, platform encoding: ANSI_X3.4-1968
OS name: "linux", version: "3.13.0-29-generic", arch: "amd64", family: "unix"
travis_fold:end:system_info[0K
$ cd failed/VisTrails/VisTrails
travis_fold:start:apt[0K[33;1mInstalling APT Packages (BETA)[0m
$ export DEBIAN_FRONTEND=noninteractive
travis_time:start:02a41c10[0K$ sudo -E apt-get -yq update &>> ~/apt-get-update.log

travis_time:end:02a41c10:start=1594449748443276546,finish=1594449753371602807,duration=4928326261[0Ktravis_time:start:0f27a038[0K$ sudo -E apt-get -yq --no-install-suggests --no-install-recommends --force-yes install python-matplotlib python-mysqldb python-numpy python-qt4 python-qt4-gl python-qt4-sql python-scipy python-vtk python-xlrd python-xlwt zip unzip xvfb python-rpy2 python-zsi
Reading package lists...
Building dependency tree...
Reading state information...
zip is already the newest version.
The following extra packages will be installed:
  freeglut3 libamd2.2.0 libavcodec53 libavformat53 libavutil51 libgl2ps0
  libgsm1 libibverbs1 libnuma1 libopenmpi1.3 libqtassistantclient4
  libschroedinger-1.0-0 libspeex1 libswscale2 libtheora0 libtorque2
  libumfpack5.4.0 libva1 libvorbisenc2 libvpx1 libvtk5.8 python-antlr
  python-cairo python-dateutil python-gi python-gobject python-gobject-2
  python-matplotlib-data python-opengl python-pyparsing python-sip
  python-support python-tz r-base-core tcl-vtk ttf-lyx xserver-common
Suggested packages:
  speex openmpi-bin lam-runtime libvtk5-dev vtk-examples vtk-doc
  python-gi-cairo python-gobject-2-dbg dvipng ipython python-excelerator
  python-gtk2 python-matplotlib-doc python-qt3 python-traits python-wxgtk2.8
  texlive-extra-utils texlive-latex-extra python-egenix-mxdatetime
  python-mysqldb-dbg python-numpy-doc python-numpy-dbg python-nose gfortran
  libgle3 python-qt4-dbg python-rpy-docs mayavi2 ess r-doc-info r-doc-pdf
  r-mathlib r-base-html
Recommended packages:
  python-glade2 python-tk python-imaging r-recommended r-base-dev r-doc-html
The following NEW packages will be installed:
  freeglut3 libamd2.2.0 libavcodec53 libavformat53 libavutil51 libgl2ps0
  libgsm1 libibverbs1 libnuma1 libopenmpi1.3 libqtassistantclient4
  libschroedinger-1.0-0 libspeex1 libswscale2 libtheora0 libtorque2
  libumfpack5.4.0 libva1 libvorbisenc2 libvpx1 libvtk5.8 python-antlr
  python-cairo python-dateutil python-gi python-gobject python-gobject-2
  python-matplotlib python-matplotlib-data python-mysqldb python-numpy
  python-opengl python-pyparsing python-qt4 python-qt4-gl python-qt4-sql
  python-rpy2 python-scipy python-sip python-support python-tz python-vtk
  python-xlrd python-xlwt python-zsi r-base-core tcl-vtk ttf-lyx
The following packages will be upgraded:
  unzip xserver-common xvfb
3 upgraded, 48 newly installed, 0 to remove and 235 not upgraded.
Need to get 73.9 MB of archives.
After this operation, 217 MB of additional disk space will be used.
Get:1 http://us.archive.ubuntu.com/ubuntu/ precise-updates/main freeglut3 amd64 2.6.0-1ubuntu3 [91.3 kB]
Get:2 http://us.archive.ubuntu.com/ubuntu/ precise-updates/main libavutil51 amd64 4:0.8.17-0ubuntu0.12.04.2 [62.8 kB]
Get:3 http://us.archive.ubuntu.com/ubuntu/ precise/main libgsm1 amd64 1.0.13-3 [29.3 kB]
Get:4 http://us.archive.ubuntu.com/ubuntu/ precise/main libschroedinger-1.0-0 amd64 1.0.11-1 [287 kB]
Get:5 http://us.archive.ubuntu.com/ubuntu/ precise/main libspeex1 amd64 1.2~rc1-3ubuntu2 [57.5 kB]
Get:6 http://us.archive.ubuntu.com/ubuntu/ precise/main libtheora0 amd64 1.1.1+dfsg.1-3ubuntu2 [363 kB]
Get:7 http://us.archive.ubuntu.com/ubuntu/ precise/main libva1 amd64 1.0.15-4 [38.7 kB]
Get:8 http://us.archive.ubuntu.com/ubuntu/ precise/main libvorbisenc2 amd64 1.3.2-1ubuntu3 [136 kB]
Get:9 http://us.archive.ubuntu.com/ubuntu/ precise/main libvpx1 amd64 1.0.0-1 [269 kB]
Get:10 http://us.archive.ubuntu.com/ubuntu/ precise-updates/main libavcodec53 amd64 4:0.8.17-0ubuntu0.12.04.2 [2,926 kB]
Get:11 http://us.archive.ubuntu.com/ubuntu/ precise-updates/main libavformat53 amd64 4:0.8.17-0ubuntu0.12.04.2 [497 kB]
Get:12 http://us.archive.ubuntu.com/ubuntu/ precise/main libqtassistantclient4 amd64 4.6.3-3ubuntu2 [14.1 kB]
Get:13 http://us.archive.ubuntu.com/ubuntu/ precise-updates/main libswscale2 amd64 4:0.8.17-0ubuntu0.12.04.2 [92.2 kB]
Get:14 http://us.archive.ubuntu.com/ubuntu/ precise/universe ttf-lyx all 2.0.2-1ubuntu2 [151 kB]
Get:15 http://us.archive.ubuntu.com/ubuntu/ precise-updates/main python-gi amd64 3.2.2-1~precise [222 kB]
Get:16 http://us.archive.ubuntu.com/ubuntu/ precise/universe libamd2.2.0 amd64 1:3.4.0-2ubuntu3 [26.5 kB]
Get:17 http://us.archive.ubuntu.com/ubuntu/ precise/universe libgl2ps0 amd64 1.3.6-1 [38.8 kB]
Get:18 http://us.archive.ubuntu.com/ubuntu/ precise/main libnuma1 amd64 2.0.8~rc3-1 [23.1 kB]
Get:19 http://us.archive.ubuntu.com/ubuntu/ precise-updates/universe libtorque2 amd64 2.4.16+dfsg-1+deb7u4build0.12.04.1 [91.9 kB]
Get:20 http://us.archive.ubuntu.com/ubuntu/ precise/universe libumfpack5.4.0 amd64 1:3.4.0-2ubuntu3 [345 kB]
Get:21 http://us.archive.ubuntu.com/ubuntu/ precise/main libibverbs1 amd64 1.1.5-1ubuntu1 [27.3 kB]
Get:22 http://us.archive.ubuntu.com/ubuntu/ precise/universe libopenmpi1.3 amd64 1.4.3-2.1ubuntu3 [1,350 kB]
Get:23 http://us.archive.ubuntu.com/ubuntu/ precise/universe libvtk5.8 amd64 5.8.0-5 [14.3 MB]
Get:24 http://us.archive.ubuntu.com/ubuntu/ precise/universe python-antlr all 2.7.7+dfsg-3 [20.7 kB]
Get:25 http://us.archive.ubuntu.com/ubuntu/ precise/main python-cairo amd64 1.8.8-1ubuntu3 [50.7 kB]
Get:26 http://us.archive.ubuntu.com/ubuntu/ precise/main python-dateutil all 1.5-1 [54.2 kB]
Get:27 http://us.archive.ubuntu.com/ubuntu/ precise/main python-gobject-2 amd64 2.28.6-10ubuntu1 [240 kB]
Get:28 http://us.archive.ubuntu.com/ubuntu/ precise-updates/main python-gobject all 3.2.2-1~precise [2,468 B]
Get:29 http://us.archive.ubuntu.com/ubuntu/ precise/universe python-matplotlib-data all 1.1.1~rc1+git20120423-0ubuntu1 [1,945 kB]
Get:30 http://us.archive.ubuntu.com/ubuntu/ precise/universe python-pyparsing all 1.5.2-2ubuntu1 [586 kB]
Get:31 http://us.archive.ubuntu.com/ubuntu/ precise-updates/main python-tz all 2011k-0ubuntu5.1 [43.8 kB]
Get:32 http://us.archive.ubuntu.com/ubuntu/ precise/main python-numpy amd64 1:1.6.1-6ubuntu1 [1,850 kB]
Get:33 http://us.archive.ubuntu.com/ubuntu/ precise/universe python-support all 1.0.14ubuntu2 [26.1 kB]
Get:34 http://us.archive.ubuntu.com/ubuntu/ precise/universe python-matplotlib amd64 1.1.1~rc1+git20120423-0ubuntu1 [1,787 kB]
Get:35 http://us.archive.ubuntu.com/ubuntu/ precise-updates/main python-mysqldb amd64 1.2.3-1ubuntu0.1 [64.0 kB]
Get:36 http://us.archive.ubuntu.com/ubuntu/ precise/universe python-opengl all 3.0.1~b2-1 [528 kB]
Get:37 http://us.archive.ubuntu.com/ubuntu/ precise/main python-sip amd64 4.13.2-1 [74.1 kB]
Get:38 http://us.archive.ubuntu.com/ubuntu/ precise/main python-qt4 amd64 4.9.1-2ubuntu1 [3,113 kB]
Get:39 http://us.archive.ubuntu.com/ubuntu/ precise/universe python-qt4-gl amd64 4.9.1-2ubuntu1 [76.2 kB]
Get:40 http://us.archive.ubuntu.com/ubuntu/ precise/main python-qt4-sql amd64 4.9.1-2ubuntu1 [85.8 kB]
Get:41 http://us.archive.ubuntu.com/ubuntu/ precise-updates/main unzip amd64 6.0-4ubuntu2.5 [193 kB]
Get:42 http://us.archive.ubuntu.com/ubuntu/ precise/universe r-base-core amd64 2.14.1-1 [20.0 MB]
Get:43 http://us.archive.ubuntu.com/ubuntu/ precise/universe python-rpy2 amd64 2.2.5-1 [142 kB]
Get:44 http://us.archive.ubuntu.com/ubuntu/ precise/universe tcl-vtk amd64 5.8.0-5 [5,260 kB]
Get:45 http://us.archive.ubuntu.com/ubuntu/ precise/universe python-vtk amd64 5.8.0-5 [7,108 kB]
Get:46 http://us.archive.ubuntu.com/ubuntu/ precise/universe python-xlrd all 0.6.1-2 [121 kB]
Get:47 http://us.archive.ubuntu.com/ubuntu/ precise/universe python-xlwt all 0.7.2+debian1-2build1 [100 kB]
Get:48 http://us.archive.ubuntu.com/ubuntu/ precise/universe python-zsi all 2.1~a1-3build1 [713 kB]
Get:49 http://us.archive.ubuntu.com/ubuntu/ precise-updates/main xserver-common all 2:1.11.4-0ubuntu10.17 [31.8 kB]
Get:50 http://us.archive.ubuntu.com/ubuntu/ precise-updates/main xvfb amd64 2:1.11.4-0ubuntu10.17 [890 kB]
Get:51 http://us.archive.ubuntu.com/ubuntu/ precise/universe python-scipy amd64 0.9.0+dfsg1-1ubuntu2 [7,300 kB]
Fetched 73.9 MB in 2s (25.3 MB/s)
Selecting previously unselected package freeglut3.
(Reading database ... 72431 files and directories currently installed.)
Unpacking freeglut3 (from .../freeglut3_2.6.0-1ubuntu3_amd64.deb) ...
Selecting previously unselected package libavutil51.
Unpacking libavutil51 (from .../libavutil51_4%3a0.8.17-0ubuntu0.12.04.2_amd64.deb) ...
Selecting previously unselected package libgsm1.
Unpacking libgsm1 (from .../libgsm1_1.0.13-3_amd64.deb) ...
Selecting previously unselected package libschroedinger-1.0-0.
Unpacking libschroedinger-1.0-0 (from .../libschroedinger-1.0-0_1.0.11-1_amd64.deb) ...
Selecting previously unselected package libspeex1.
Unpacking libspeex1 (from .../libspeex1_1.2~rc1-3ubuntu2_amd64.deb) ...
Selecting previously unselected package libtheora0.
Unpacking libtheora0 (from .../libtheora0_1.1.1+dfsg.1-3ubuntu2_amd64.deb) ...
Selecting previously unselected package libva1.
Unpacking libva1 (from .../libva1_1.0.15-4_amd64.deb) ...
Selecting previously unselected package libvorbisenc2.
Unpacking libvorbisenc2 (from .../libvorbisenc2_1.3.2-1ubuntu3_amd64.deb) ...
Selecting previously unselected package libvpx1.
Unpacking libvpx1 (from .../libvpx1_1.0.0-1_amd64.deb) ...
Selecting previously unselected package libavcodec53.
Unpacking libavcodec53 (from .../libavcodec53_4%3a0.8.17-0ubuntu0.12.04.2_amd64.deb) ...
Selecting previously unselected package libavformat53.
Unpacking libavformat53 (from .../libavformat53_4%3a0.8.17-0ubuntu0.12.04.2_amd64.deb) ...
Selecting previously unselected package libqtassistantclient4.
Unpacking libqtassistantclient4 (from .../libqtassistantclient4_4.6.3-3ubuntu2_amd64.deb) ...
Selecting previously unselected package libswscale2.
Unpacking libswscale2 (from .../libswscale2_4%3a0.8.17-0ubuntu0.12.04.2_amd64.deb) ...
Selecting previously unselected package ttf-lyx.
Unpacking ttf-lyx (from .../ttf-lyx_2.0.2-1ubuntu2_all.deb) ...
Selecting previously unselected package python-gi.
Unpacking python-gi (from .../python-gi_3.2.2-1~precise_amd64.deb) ...
Selecting previously unselected package libamd2.2.0.
Unpacking libamd2.2.0 (from .../libamd2.2.0_1%3a3.4.0-2ubuntu3_amd64.deb) ...
Selecting previously unselected package libgl2ps0.
Unpacking libgl2ps0 (from .../libgl2ps0_1.3.6-1_amd64.deb) ...
Selecting previously unselected package libnuma1.
Unpacking libnuma1 (from .../libnuma1_2.0.8~rc3-1_amd64.deb) ...
Selecting previously unselected package libtorque2.
Unpacking libtorque2 (from .../libtorque2_2.4.16+dfsg-1+deb7u4build0.12.04.1_amd64.deb) ...
Selecting previously unselected package libumfpack5.4.0.
Unpacking libumfpack5.4.0 (from .../libumfpack5.4.0_1%3a3.4.0-2ubuntu3_amd64.deb) ...
Selecting previously unselected package libibverbs1.
Unpacking libibverbs1 (from .../libibverbs1_1.1.5-1ubuntu1_amd64.deb) ...
Selecting previously unselected package libopenmpi1.3.
Unpacking libopenmpi1.3 (from .../libopenmpi1.3_1.4.3-2.1ubuntu3_amd64.deb) ...
Selecting previously unselected package libvtk5.8.
Unpacking libvtk5.8 (from .../libvtk5.8_5.8.0-5_amd64.deb) ...
Selecting previously unselected package python-antlr.
Unpacking python-antlr (from .../python-antlr_2.7.7+dfsg-3_all.deb) ...
Selecting previously unselected package python-cairo.
Unpacking python-cairo (from .../python-cairo_1.8.8-1ubuntu3_amd64.deb) ...
Selecting previously unselected package python-dateutil.
Unpacking python-dateutil (from .../python-dateutil_1.5-1_all.deb) ...
Selecting previously unselected package python-gobject-2.
Unpacking python-gobject-2 (from .../python-gobject-2_2.28.6-10ubuntu1_amd64.deb) ...
Selecting previously unselected package python-gobject.
Unpacking python-gobject (from .../python-gobject_3.2.2-1~precise_all.deb) ...
Selecting previously unselected package python-matplotlib-data.
Unpacking python-matplotlib-data (from .../python-matplotlib-data_1.1.1~rc1+git20120423-0ubuntu1_all.deb) ...
Selecting previously unselected package python-pyparsing.
Unpacking python-pyparsing (from .../python-pyparsing_1.5.2-2ubuntu1_all.deb) ...
Selecting previously unselected package python-tz.
Unpacking python-tz (from .../python-tz_2011k-0ubuntu5.1_all.deb) ...
Selecting previously unselected package python-numpy.
Unpacking python-numpy (from .../python-numpy_1%3a1.6.1-6ubuntu1_amd64.deb) ...
Selecting previously unselected package python-support.
Unpacking python-support (from .../python-support_1.0.14ubuntu2_all.deb) ...
Selecting previously unselected package python-matplotlib.
Unpacking python-matplotlib (from .../python-matplotlib_1.1.1~rc1+git20120423-0ubuntu1_amd64.deb) ...
Selecting previously unselected package python-mysqldb.
Unpacking python-mysqldb (from .../python-mysqldb_1.2.3-1ubuntu0.1_amd64.deb) ...
Selecting previously unselected package python-opengl.
Unpacking python-opengl (from .../python-opengl_3.0.1~b2-1_all.deb) ...
Selecting previously unselected package python-sip.
Unpacking python-sip (from .../python-sip_4.13.2-1_amd64.deb) ...
Selecting previously unselected package python-qt4.
Unpacking python-qt4 (from .../python-qt4_4.9.1-2ubuntu1_amd64.deb) ...
Selecting previously unselected package python-qt4-gl.
Unpacking python-qt4-gl (from .../python-qt4-gl_4.9.1-2ubuntu1_amd64.deb) ...
Selecting previously unselected package python-qt4-sql.
Unpacking python-qt4-sql (from .../python-qt4-sql_4.9.1-2ubuntu1_amd64.deb) ...
Preparing to replace unzip 6.0-4ubuntu2.2 (using .../unzip_6.0-4ubuntu2.5_amd64.deb) ...
Unpacking replacement unzip ...
Selecting previously unselected package r-base-core.
Unpacking r-base-core (from .../r-base-core_2.14.1-1_amd64.deb) ...
Selecting previously unselected package python-rpy2.
Unpacking python-rpy2 (from .../python-rpy2_2.2.5-1_amd64.deb) ...
Selecting previously unselected package tcl-vtk.
Unpacking tcl-vtk (from .../tcl-vtk_5.8.0-5_amd64.deb) ...
Selecting previously unselected package python-vtk.
Unpacking python-vtk (from .../python-vtk_5.8.0-5_amd64.deb) ...
Selecting previously unselected package python-xlrd.
Unpacking python-xlrd (from .../python-xlrd_0.6.1-2_all.deb) ...
Selecting previously unselected package python-xlwt.
Unpacking python-xlwt (from .../python-xlwt_0.7.2+debian1-2build1_all.deb) ...
Selecting previously unselected package python-zsi.
Unpacking python-zsi (from .../python-zsi_2.1~a1-3build1_all.deb) ...
Preparing to replace xserver-common 2:1.11.4-0ubuntu10.16 (using .../xserver-common_2%3a1.11.4-0ubuntu10.17_all.deb) ...
Unpacking replacement xserver-common ...
Preparing to replace xvfb 2:1.11.4-0ubuntu10.16 (using .../xvfb_2%3a1.11.4-0ubuntu10.17_amd64.deb) ...
Unpacking replacement xvfb ...
Selecting previously unselected package python-scipy.
Unpacking python-scipy (from .../python-scipy_0.9.0+dfsg1-1ubuntu2_amd64.deb) ...
Processing triggers for fontconfig ...
Processing triggers for man-db ...
Setting up freeglut3 (2.6.0-1ubuntu3) ...
Setting up libavutil51 (4:0.8.17-0ubuntu0.12.04.2) ...
Setting up libgsm1 (1.0.13-3) ...
Setting up libschroedinger-1.0-0 (1.0.11-1) ...
Setting up libspeex1 (1.2~rc1-3ubuntu2) ...
Setting up libtheora0 (1.1.1+dfsg.1-3ubuntu2) ...
Setting up libva1 (1.0.15-4) ...
Setting up libvorbisenc2 (1.3.2-1ubuntu3) ...
Setting up libvpx1 (1.0.0-1) ...
Setting up libavcodec53 (4:0.8.17-0ubuntu0.12.04.2) ...
Setting up libavformat53 (4:0.8.17-0ubuntu0.12.04.2) ...
Setting up libqtassistantclient4 (4.6.3-3ubuntu2) ...
Setting up libswscale2 (4:0.8.17-0ubuntu0.12.04.2) ...
Setting up ttf-lyx (2.0.2-1ubuntu2) ...
Setting up python-gi (3.2.2-1~precise) ...
Setting up libamd2.2.0 (1:3.4.0-2ubuntu3) ...
Setting up libgl2ps0 (1.3.6-1) ...
Setting up libnuma1 (2.0.8~rc3-1) ...
Setting up libtorque2 (2.4.16+dfsg-1+deb7u4build0.12.04.1) ...
Setting up libumfpack5.4.0 (1:3.4.0-2ubuntu3) ...
Setting up libibverbs1 (1.1.5-1ubuntu1) ...
Setting up libopenmpi1.3 (1.4.3-2.1ubuntu3) ...
Setting up libvtk5.8 (5.8.0-5) ...
Setting up python-antlr (2.7.7+dfsg-3) ...
Setting up python-cairo (1.8.8-1ubuntu3) ...
Setting up python-dateutil (1.5-1) ...
Setting up python-gobject-2 (2.28.6-10ubuntu1) ...
Setting up python-gobject (3.2.2-1~precise) ...
Setting up python-matplotlib-data (1.1.1~rc1+git20120423-0ubuntu1) ...
Setting up python-pyparsing (1.5.2-2ubuntu1) ...
Setting up python-tz (2011k-0ubuntu5.1) ...
Setting up python-numpy (1:1.6.1-6ubuntu1) ...
Setting up python-support (1.0.14ubuntu2) ...
Setting up python-matplotlib (1.1.1~rc1+git20120423-0ubuntu1) ...
Setting up python-mysqldb (1.2.3-1ubuntu0.1) ...
Setting up python-opengl (3.0.1~b2-1) ...
Setting up python-sip (4.13.2-1) ...
Setting up python-qt4 (4.9.1-2ubuntu1) ...
Setting up python-qt4-gl (4.9.1-2ubuntu1) ...
Setting up python-qt4-sql (4.9.1-2ubuntu1) ...
Setting up unzip (6.0-4ubuntu2.5) ...
Setting up r-base-core (2.14.1-1) ...
Setting R_PAPERSIZE_USER default to 'letter'
Setting up python-rpy2 (2.2.5-1) ...
Setting up tcl-vtk (5.8.0-5) ...
Setting up python-vtk (5.8.0-5) ...
Setting up python-xlrd (0.6.1-2) ...
Setting up python-xlwt (0.7.2+debian1-2build1) ...
Setting up python-zsi (2.1~a1-3build1) ...
Setting up xserver-common (2:1.11.4-0ubuntu10.17) ...
Setting up xvfb (2:1.11.4-0ubuntu10.17) ...
Setting up python-scipy (0.9.0+dfsg1-1ubuntu2) ...
Processing triggers for libc-bin ...
ldconfig deferred processing now taking place
Processing triggers for python-support ...

travis_time:end:0f27a038:start=1594449753381432441,finish=1594449799990816883,duration=46609384442[0Ktravis_fold:end:apt[0Ktravis_time:start:0ba11a2a[0K$ source ~/virtualenv/python2.7/bin/activate

travis_time:end:0ba11a2a:start=1594449800161361006,finish=1594449800171317034,duration=9956028[0K$ python --version
$ pip --version
pip 6.0.7 from /home/travis/virtualenv/python2.7.9/lib/python2.7/site-packages (python 2.7)
travis_fold:start:install.1[0Ktravis_time:start:029da880[0K$ virtualenv --system-site-packages venv && source venv/bin/activate
New python executable in venv/bin/python
Installing setuptools, pip...done.

travis_time:end:029da880:start=1594449800454467142,finish=1594449802477052614,duration=2022585472[0Ktravis_fold:end:install.1[0Ktravis_fold:start:install.2[0Ktravis_time:start:21e181b2[0K$ pip install -U pip==8.1.2 wheel==0.29.0 setuptools==26.0.0
Collecting pip==8.1.2
  Downloading https://files.pythonhosted.org/packages/9c/32/004ce0852e0a127f07f358b715015763273799bd798956fa930814b60f39/pip-8.1.2-py2.py3-none-any.whl (1.2MB)
Collecting wheel==0.29.0
  Downloading https://files.pythonhosted.org/packages/8a/e9/8468cd68b582b06ef554be0b96b59f59779627131aad48f8a5bce4b13450/wheel-0.29.0-py2.py3-none-any.whl (66kB)
Collecting setuptools==26.0.0
  Downloading https://files.pythonhosted.org/packages/07/1a/19b5d2de13e1c300f703e7914031fe5fe449d19e0ded5a34db9f3e7969ff/setuptools-26.0.0-py2.py3-none-any.whl (459kB)
Installing collected packages: setuptools, wheel, pip
  Found existing installation: setuptools 12.0.5
    Uninstalling setuptools-12.0.5:
      Successfully uninstalled setuptools-12.0.5


  Found existing installation: pip 6.0.7
    Uninstalling pip-6.0.7:
      Successfully uninstalled pip-6.0.7

Successfully installed pip-8.1.2 setuptools-26.0.0 wheel-0.29.0

travis_time:end:21e181b2:start=1594449802486830418,finish=1594449805851916660,duration=3365086242[0Ktravis_fold:end:install.2[0Ktravis_fold:start:install.3[0Ktravis_time:start:0b975dcc[0K$ pip install -r requirements.txt
Collecting backports.ssl_match_hostname==3.5.0.1 (from -r requirements.txt (line 1))
  Downloading https://files.pythonhosted.org/packages/76/21/2dc61178a2038a5cb35d14b61467c6ac632791ed05131dda72c20e7b9e23/backports.ssl_match_hostname-3.5.0.1.tar.gz
Collecting certifi==2016.8.8 (from -r requirements.txt (line 2))
  Downloading https://files.pythonhosted.org/packages/dd/ed/e9bf6a9dc79e23c68385c4ea692f0e9e1a7880518872564f88be013b552f/certifi-2016.8.8-py2.py3-none-any.whl (384kB)
Collecting dulwich==0.14.1 (from -r requirements.txt (line 3))
  Downloading https://files.pythonhosted.org/packages/d8/be/8cb595710e7bf2a32b0ac64f1455e1f0554ec8aa9ed62c49b084afe22ab6/dulwich-0.14.1.tar.gz (292kB)
Collecting IPython==5.1.0 (from -r requirements.txt (line 4))
  Downloading https://files.pythonhosted.org/packages/17/81/edc7c7c2acf4009db35a183e5a898679fdc18c2b078d847d3e745b11faa4/ipython-5.1.0-py2-none-any.whl (747kB)
Collecting matplotlib==2.0.0b3 (from -r requirements.txt (line 5))
  Downloading https://files.pythonhosted.org/packages/88/96/54eecd42fee3a12db92fbe52b49a15e5325a3247bf59781f9a0b62e1ffc2/matplotlib-2.0.0b3-cp27-cp27mu-manylinux1_x86_64.whl (14.6MB)
Collecting mysql-python==1.2.5 (from -r requirements.txt (line 6))
  Downloading https://files.pythonhosted.org/packages/a5/e9/51b544da85a36a68debe7a7091f068d802fc515a3a202652828c73453cad/MySQL-python-1.2.5.zip (108kB)
Collecting numpy==1.11.1 (from -r requirements.txt (line 7))
  Downloading https://files.pythonhosted.org/packages/18/eb/707897ab7c8ad15d0f3c53e971ed8dfb64897ece8d19c64c388f44895572/numpy-1.11.1-cp27-cp27mu-manylinux1_x86_64.whl (15.3MB)
Collecting paramiko==2.0.2 (from -r requirements.txt (line 8))
  Downloading https://files.pythonhosted.org/packages/d0/17/089b126c782b51f9e65c0ce1111f6ccf5ea5bf1e2dad03f3de2039003652/paramiko-2.0.2-py2.py3-none-any.whl (171kB)
Collecting pyth==0.6.0 (from -r requirements.txt (line 10))
  Downloading https://files.pythonhosted.org/packages/45/8c/b01d785d8cab7402a0f14a106ddabccc05e25b4aff4c107d4abf2cf8bfe9/pyth-0.6.0.tar.gz
Collecting python-dateutil==2.5.3 (from -r requirements.txt (line 11))
  Downloading https://files.pythonhosted.org/packages/33/68/9eadc96f9899caebd98f55f942d6a8f3fb2b8f8e69ba81a0f771269897e9/python_dateutil-2.5.3-py2.py3-none-any.whl (201kB)
Collecting scipy==0.18.0 (from -r requirements.txt (line 12))
  Downloading https://files.pythonhosted.org/packages/fc/72/9403ced8a4700b031cc32a12f5711bbb5f7491fb01a2e48030a0dc1acddc/scipy-0.18.0-cp27-cp27mu-manylinux1_x86_64.whl (40.4MB)
Collecting scp==0.10.2 (from -r requirements.txt (line 13))
  Downloading https://files.pythonhosted.org/packages/f0/a3/bbb4a86cca67fd9db8527caae4221dc14e1900f81cc9caff1ac4724ea838/scp-0.10.2-py2.py3-none-any.whl
Collecting SQLAlchemy==1.1.0b3 (from -r requirements.txt (line 14))
  Downloading https://files.pythonhosted.org/packages/10/bc/0d8295727414015369ab8840ee5e48bf0f5019562b3c6394c5298d0c9a8b/SQLAlchemy-1.1.0b3.tar.gz (5.1MB)
Collecting suds==0.4 (from -r requirements.txt (line 15))
  Downloading https://files.pythonhosted.org/packages/bc/d6/960acce47ee6f096345fe5a7d9be7708135fd1d0713571836f073efc7393/suds-0.4.tar.gz (104kB)
Requirement already satisfied (use --upgrade to upgrade): VTK in /usr/lib/pymodules/python2.7 (from -r requirements.txt (line 16))
Collecting xlrd==1.0.0 (from -r requirements.txt (line 17))
  Downloading https://files.pythonhosted.org/packages/42/85/25caf967c2d496067489e0bb32df069a8361e1fd96a7e9f35408e56b3aab/xlrd-1.0.0.tar.gz (2.6MB)
Collecting xlwt==1.1.2 (from -r requirements.txt (line 18))
  Downloading https://files.pythonhosted.org/packages/05/90/e9a256ae4689a8daf73635e7761a8f9ece0a78fcf9af87bb9ef017e5bd85/xlwt-1.1.2-py2.py3-none-any.whl (99kB)
Collecting scikit-learn==0.17.1 (from -r requirements.txt (line 19))
  Downloading https://files.pythonhosted.org/packages/bf/80/06e77e5a682c46a3880ec487a5f9d910f5c8d919df9aca58052089687c7e/scikit_learn-0.17.1-cp27-cp27mu-manylinux1_x86_64.whl (17.6MB)
Collecting file_archive==0.6 (from -r requirements.txt (line 20))
  Downloading https://files.pythonhosted.org/packages/50/fc/c0fd6a2071b3dba25ac869d31a6111da957ad154f8ffff6b8a37e4f9e1a6/file_archive-0.6-py2.py3-none-any.whl
Collecting tej==0.3 (from -r requirements.txt (line 21))
  Downloading https://files.pythonhosted.org/packages/2e/22/bd11924cba5bdb149b6db405d75d915081bbeb46917e5795a5d9cf162c5d/tej-0.3-py2.py3-none-any.whl
Collecting usagestats==0.5 (from -r requirements.txt (line 22))
  Downloading https://files.pythonhosted.org/packages/36/41/897cdb415735b9f2194c7d1ac70e32ff5043179ee9ee039d69d1c81eebd5/usagestats-0.5-py2.py3-none-any.whl
Collecting decorator (from IPython==5.1.0->-r requirements.txt (line 4))
  Downloading https://files.pythonhosted.org/packages/ed/1b/72a1821152d07cf1d8b6fce298aeb06a7eb90f4d6d41acec9861e7cc6df0/decorator-4.4.2-py2.py3-none-any.whl
Requirement already satisfied (use --upgrade to upgrade): setuptools>=18.5 in ./venv/lib/python2.7/site-packages (from IPython==5.1.0->-r requirements.txt (line 4))
Collecting backports.shutil-get-terminal-size; python_version == "2.7" (from IPython==5.1.0->-r requirements.txt (line 4))
  Downloading https://files.pythonhosted.org/packages/7d/cd/1750d6c35fe86d35f8562091737907f234b78fdffab42b29c72b1dd861f4/backports.shutil_get_terminal_size-1.0.0-py2.py3-none-any.whl
Collecting pathlib2; python_version == "2.7" or python_version == "3.3" (from IPython==5.1.0->-r requirements.txt (line 4))
  Downloading https://files.pythonhosted.org/packages/e9/45/9c82d3666af4ef9f221cbb954e1d77ddbb513faf552aea6df5f37f1a4859/pathlib2-2.3.5-py2.py3-none-any.whl
Collecting pexpect; sys_platform != "win32" (from IPython==5.1.0->-r requirements.txt (line 4))
  Downloading https://files.pythonhosted.org/packages/39/7b/88dbb785881c28a102619d46423cb853b46dbccc70d3ac362d99773a78ce/pexpect-4.8.0-py2.py3-none-any.whl (59kB)
Collecting prompt-toolkit<2.0.0,>=1.0.3 (from IPython==5.1.0->-r requirements.txt (line 4))
  Downloading https://files.pythonhosted.org/packages/9d/d2/2f099b5cd62dab819ce7a9f1431c09a9032fbfbb6474f442722e88935376/prompt_toolkit-1.0.18-py2-none-any.whl (245kB)
Collecting pygments (from IPython==5.1.0->-r requirements.txt (line 4))
  Downloading https://files.pythonhosted.org/packages/6e/4d/4d2fe93a35dfba417311a4ff627489a947b01dc0cc377a3673c00cf7e4b2/Pygments-2.6.1.tar.gz (3.3MB)
Collecting traitlets>=4.2 (from IPython==5.1.0->-r requirements.txt (line 4))
  Downloading https://files.pythonhosted.org/packages/ca/ab/872a23e29cec3cf2594af7e857f18b687ad21039c1f9b922fac5b9b142d5/traitlets-4.3.3-py2.py3-none-any.whl (75kB)
Collecting simplegeneric>0.8 (from IPython==5.1.0->-r requirements.txt (line 4))
  Downloading https://files.pythonhosted.org/packages/3d/57/4d9c9e3ae9a255cd4e1106bb57e24056d3d0709fc01b2e3e345898e49d5b/simplegeneric-0.8.1.zip
Collecting pickleshare (from IPython==5.1.0->-r requirements.txt (line 4))
  Downloading https://files.pythonhosted.org/packages/9a/41/220f49aaea88bc6fa6cba8d05ecf24676326156c23b991e80b3f2fc24c77/pickleshare-0.7.5-py2.py3-none-any.whl
Collecting subprocess32 (from matplotlib==2.0.0b3->-r requirements.txt (line 5))
  Downloading https://files.pythonhosted.org/packages/32/c8/564be4d12629b912ea431f1a50eb8b3b9d00f1a0b1ceff17f266be190007/subprocess32-3.5.4.tar.gz (97kB)
Collecting six>=1.10 (from matplotlib==2.0.0b3->-r requirements.txt (line 5))
  Downloading https://files.pythonhosted.org/packages/ee/ff/48bde5c0f013094d729fe4b0316ba2a24774b3ff1c52d924a8a4cb04078a/six-1.15.0-py2.py3-none-any.whl
Requirement already satisfied (use --upgrade to upgrade): pytz in /usr/lib/python2.7/dist-packages (from matplotlib==2.0.0b3->-r requirements.txt (line 5))
Collecting functools32 (from matplotlib==2.0.0b3->-r requirements.txt (line 5))
  Downloading https://files.pythonhosted.org/packages/c5/60/6ac26ad05857c601308d8fb9e87fa36d0ebf889423f47c3502ef034365db/functools32-3.2.3-2.tar.gz
Collecting pyparsing!=2.0.0,!=2.0.4,!=2.1.2,>=1.5.6 (from matplotlib==2.0.0b3->-r requirements.txt (line 5))
  Downloading https://files.pythonhosted.org/packages/8a/bb/488841f56197b13700afd5658fc279a2025a39e22449b7cf29864669b15d/pyparsing-2.4.7-py2.py3-none-any.whl (67kB)
Collecting cycler>=0.10 (from matplotlib==2.0.0b3->-r requirements.txt (line 5))
  Downloading https://files.pythonhosted.org/packages/f7/d2/e07d3ebb2bd7af696440ce7e754c59dd546ffe1bbe732c8ab68b9c834e61/cycler-0.10.0-py2.py3-none-any.whl
Collecting cryptography>=1.1 (from paramiko==2.0.2->-r requirements.txt (line 8))
  Downloading https://files.pythonhosted.org/packages/5f/fc/a92bad2460d349ee9eb868f9f9dcddb7c8f42a45677d53a5c663fa251e75/cryptography-2.9.2-cp27-cp27mu-manylinux1_x86_64.whl (2.7MB)
Collecting pyasn1>=0.1.7 (from paramiko==2.0.2->-r requirements.txt (line 8))
  Downloading https://files.pythonhosted.org/packages/62/1e/a94a8d635fa3ce4cfc7f506003548d0a2447ae76fd5ca53932970fe3053f/pyasn1-0.4.8-py2.py3-none-any.whl (77kB)
Collecting tdparser>=1.1.4 (from file_archive==0.6->-r requirements.txt (line 20))
  Downloading https://files.pythonhosted.org/packages/92/d8/0142d0866549a2969c7085d45bc27093731f5f0d0f61b24b3d1dd8105b5f/tdparser-1.1.6.tar.gz
Collecting rpaths (from tej==0.3->-r requirements.txt (line 21))
  Downloading https://files.pythonhosted.org/packages/3b/fb/a0ebfe0091df57e66d4b4f28ef8c433b038104a16e51cc862f1d891387fc/rpaths-0.13-py2.py3-none-any.whl
Collecting requests (from usagestats==0.5->-r requirements.txt (line 22))
  Downloading https://files.pythonhosted.org/packages/45/1e/0c169c6a5381e241ba7404532c16a21d86ab872c9bed8bdcd4c423954103/requests-2.24.0-py2.py3-none-any.whl (61kB)
Collecting scandir; python_version < "3.5" (from pathlib2; python_version == "2.7" or python_version == "3.3"->IPython==5.1.0->-r requirements.txt (line 4))
  Downloading https://files.pythonhosted.org/packages/df/f5/9c052db7bd54d0cbf1bc0bb6554362bba1012d03e5888950a4f5c5dadc4e/scandir-1.10.0.tar.gz
Collecting ptyprocess>=0.5 (from pexpect; sys_platform != "win32"->IPython==5.1.0->-r requirements.txt (line 4))
  Downloading https://files.pythonhosted.org/packages/d1/29/605c2cc68a9992d18dada28206eeada56ea4bd07a239669da41674648b6f/ptyprocess-0.6.0-py2.py3-none-any.whl
Collecting wcwidth (from prompt-toolkit<2.0.0,>=1.0.3->IPython==5.1.0->-r requirements.txt (line 4))
  Downloading https://files.pythonhosted.org/packages/59/7c/e39aca596badaf1b78e8f547c807b04dae603a433d3e7a7e04d67f2ef3e5/wcwidth-0.2.5-py2.py3-none-any.whl
Collecting ipython-genutils (from traitlets>=4.2->IPython==5.1.0->-r requirements.txt (line 4))
  Downloading https://files.pythonhosted.org/packages/fa/bc/9bd3b5c2b4774d5f33b2d544f1460be9df7df2fe42f352135381c347c69a/ipython_genutils-0.2.0-py2.py3-none-any.whl
Collecting enum34; python_version == "2.7" (from traitlets>=4.2->IPython==5.1.0->-r requirements.txt (line 4))
  Downloading https://files.pythonhosted.org/packages/6f/2c/a9386903ece2ea85e9807e0e062174dc26fdce8b05f216d00491be29fad5/enum34-1.1.10-py2-none-any.whl
Collecting cffi!=1.11.3,>=1.8 (from cryptography>=1.1->paramiko==2.0.2->-r requirements.txt (line 8))
  Downloading https://files.pythonhosted.org/packages/08/29/8001b940ef40e7a25ffe8f3188bc9b118934b513d64f769dbf461e46f4ed/cffi-1.14.0-cp27-cp27mu-manylinux1_x86_64.whl (387kB)
Collecting ipaddress; python_version < "3" (from cryptography>=1.1->paramiko==2.0.2->-r requirements.txt (line 8))
  Downloading https://files.pythonhosted.org/packages/c2/f8/49697181b1651d8347d24c095ce46c7346c37335ddc7d255833e7cde674d/ipaddress-1.0.23-py2.py3-none-any.whl
Collecting idna<3,>=2.5 (from requests->usagestats==0.5->-r requirements.txt (line 22))
  Downloading https://files.pythonhosted.org/packages/a2/38/928ddce2273eaa564f6f50de919327bf3a00f091b5baba8dfa9460f3a8a8/idna-2.10-py2.py3-none-any.whl (58kB)
Collecting chardet<4,>=3.0.2 (from requests->usagestats==0.5->-r requirements.txt (line 22))
  Downloading https://files.pythonhosted.org/packages/bc/a9/01ffebfb562e4274b6487b4bb1ddec7ca55ec7510b22e4c51f14098443b8/chardet-3.0.4-py2.py3-none-any.whl (133kB)
Collecting urllib3!=1.25.0,!=1.25.1,<1.26,>=1.21.1 (from requests->usagestats==0.5->-r requirements.txt (line 22))
  Downloading https://files.pythonhosted.org/packages/e1/e5/df302e8017440f111c11cc41a6b432838672f5a70aa29227bf58149dc72f/urllib3-1.25.9-py2.py3-none-any.whl (126kB)
Collecting backports.functools-lru-cache>=1.2.1; python_version < "3.2" (from wcwidth->prompt-toolkit<2.0.0,>=1.0.3->IPython==5.1.0->-r requirements.txt (line 4))
  Downloading https://files.pythonhosted.org/packages/da/d1/080d2bb13773803648281a49e3918f65b31b7beebf009887a529357fd44a/backports.functools_lru_cache-1.6.1-py2.py3-none-any.whl
Collecting pycparser (from cffi!=1.11.3,>=1.8->cryptography>=1.1->paramiko==2.0.2->-r requirements.txt (line 8))
  Downloading https://files.pythonhosted.org/packages/ae/e7/d9c3a176ca4b02024debf82342dab36efadfc5776f9c8db077e8f6e71821/pycparser-2.20-py2.py3-none-any.whl (112kB)
Building wheels for collected packages: backports.ssl-match-hostname, dulwich, mysql-python, pyth, SQLAlchemy, suds, xlrd, pygments, simplegeneric, subprocess32, functools32, tdparser, scandir
  Running setup.py bdist_wheel for backports.ssl-match-hostname: started
  Running setup.py bdist_wheel for backports.ssl-match-hostname: finished with status 'done'
  Stored in directory: /home/travis/.cache/pip/wheels/99/7e/f7/a88a9bcf7a3bd6b12cf6a74eee8c89746aaa02f71ab7b33939
  Running setup.py bdist_wheel for dulwich: started
  Running setup.py bdist_wheel for dulwich: finished with status 'done'
  Stored in directory: /home/travis/.cache/pip/wheels/14/59/44/c76b18d2bb2446e2d46cd14c02f8ba077a4f8789de2d3e1481
  Running setup.py bdist_wheel for mysql-python: started
  Running setup.py bdist_wheel for mysql-python: finished with status 'done'
  Stored in directory: /home/travis/.cache/pip/wheels/07/d2/5f/314860e4cb53a44bf0ee0d051d4b34465e4b4fbe9de6d42f42
  Running setup.py bdist_wheel for pyth: started
  Running setup.py bdist_wheel for pyth: finished with status 'done'
  Stored in directory: /home/travis/.cache/pip/wheels/8a/af/85/d4de4f63486fa5a1cc463641b978fcd769bd1b70e6e42ca338
  Running setup.py bdist_wheel for SQLAlchemy: started
  Running setup.py bdist_wheel for SQLAlchemy: finished with status 'done'
  Stored in directory: /home/travis/.cache/pip/wheels/d0/3f/10/42a008eac6b2e16193c90e6dffae556ca750948f1d9555b53b
  Running setup.py bdist_wheel for suds: started
  Running setup.py bdist_wheel for suds: finished with status 'done'
  Stored in directory: /home/travis/.cache/pip/wheels/4b/15/96/768b567825a502ba3e308d50e531ee89911af21dec1958e2c5
  Running setup.py bdist_wheel for xlrd: started
  Running setup.py bdist_wheel for xlrd: finished with status 'done'
  Stored in directory: /home/travis/.cache/pip/wheels/f7/2e/62/b4b26f9bc16968996a93dab7a1ec3cf9a1c8ca409114f4fefe
  Running setup.py bdist_wheel for pygments: started
  Running setup.py bdist_wheel for pygments: finished with status 'done'
  Stored in directory: /home/travis/.cache/pip/wheels/3e/c2/7f/fc0f8c4973242ac271443e61e52f21f29793b1f3d3ab828d52
  Running setup.py bdist_wheel for simplegeneric: started
  Running setup.py bdist_wheel for simplegeneric: finished with status 'done'
  Stored in directory: /home/travis/.cache/pip/wheels/a9/28/53/f24776b4c5bcbe91aaf1f1e247bd6fadd17191aa12fac63902
  Running setup.py bdist_wheel for subprocess32: started
  Running setup.py bdist_wheel for subprocess32: finished with status 'done'
  Stored in directory: /home/travis/.cache/pip/wheels/68/39/1a/5e402bdfdf004af1786c8b853fd92f8c4a04f22aad179654d1
  Running setup.py bdist_wheel for functools32: started
  Running setup.py bdist_wheel for functools32: finished with status 'done'
  Stored in directory: /home/travis/.cache/pip/wheels/b5/18/32/77a1030457155606ba5e3ec3a8a57132b1a04b1c4f765177b2
  Running setup.py bdist_wheel for tdparser: started
  Running setup.py bdist_wheel for tdparser: finished with status 'done'
  Stored in directory: /home/travis/.cache/pip/wheels/41/fd/07/9ab0bcafb5536e444272a43a788033cb78f14af5fa126ce499
  Running setup.py bdist_wheel for scandir: started
  Running setup.py bdist_wheel for scandir: finished with status 'done'
  Stored in directory: /home/travis/.cache/pip/wheels/91/95/75/19c98a91239878abbc7c59970abd3b4e0438a7dd5b61778335
Successfully built backports.ssl-match-hostname dulwich mysql-python pyth SQLAlchemy suds xlrd pygments simplegeneric subprocess32 functools32 tdparser scandir
Installing collected packages: backports.ssl-match-hostname, certifi, dulwich, decorator, backports.shutil-get-terminal-size, six, scandir, pathlib2, ptyprocess, pexpect, backports.functools-lru-cache, wcwidth, prompt-toolkit, pygments, ipython-genutils, enum34, traitlets, simplegeneric, pickleshare, IPython, numpy, subprocess32, functools32, python-dateutil, pyparsing, cycler, matplotlib, mysql-python, pycparser, cffi, ipaddress, cryptography, pyasn1, paramiko, pyth, scipy, scp, SQLAlchemy, suds, xlrd, xlwt, scikit-learn, tdparser, file-archive, rpaths, tej, idna, chardet, urllib3, requests, usagestats
  Found existing installation: numpy 1.6.1
    Not uninstalling numpy at /usr/lib/python2.7/dist-packages, outside environment /home/travis/build/failed/VisTrails/VisTrails/venv
  Found existing installation: python-dateutil 1.5
    Not uninstalling python-dateutil at /usr/lib/python2.7/dist-packages, outside environment /home/travis/build/failed/VisTrails/VisTrails/venv
  Found existing installation: pyparsing 1.5.2
    Not uninstalling pyparsing at /usr/lib/python2.7/dist-packages, outside environment /home/travis/build/failed/VisTrails/VisTrails/venv
  Found existing installation: matplotlib 1.1.1rc0
    Not uninstalling matplotlib at /usr/lib/pymodules/python2.7, outside environment /home/travis/build/failed/VisTrails/VisTrails/venv
  Found existing installation: MySQL-python 1.2.3
    Not uninstalling mysql-python at /usr/lib/python2.7/dist-packages, outside environment /home/travis/build/failed/VisTrails/VisTrails/venv
  Found existing installation: paramiko 1.7.7.1
    Not uninstalling paramiko at /usr/lib/python2.7/dist-packages, outside environment /home/travis/build/failed/VisTrails/VisTrails/venv
  Found existing installation: scipy 0.9.0
    Not uninstalling scipy at /usr/lib/python2.7/dist-packages, outside environment /home/travis/build/failed/VisTrails/VisTrails/venv
  Found existing installation: xlrd 0.6.1
    Not uninstalling xlrd at /usr/lib/pymodules/python2.7, outside environment /home/travis/build/failed/VisTrails/VisTrails/venv
  Found existing installation: xlwt 0.7.2
    Not uninstalling xlwt at /usr/lib/python2.7/dist-packages, outside environment /home/travis/build/failed/VisTrails/VisTrails/venv
Successfully installed IPython-5.1.0 SQLAlchemy-1.1.0b3 backports.functools-lru-cache-1.6.1 backports.shutil-get-terminal-size-1.0.0 backports.ssl-match-hostname-3.5.0.1 certifi-2016.8.8 cffi-1.14.0 chardet-3.0.4 cryptography-2.9.2 cycler-0.10.0 decorator-4.4.2 dulwich-0.14.1 enum34-1.1.10 file-archive-0.6 functools32-3.2.3.post2 idna-2.10 ipaddress-1.0.23 ipython-genutils-0.2.0 matplotlib-2.0.0b3 mysql-python-1.2.5 numpy-1.11.1 paramiko-2.0.2 pathlib2-2.3.5 pexpect-4.8.0 pickleshare-0.7.5 prompt-toolkit-1.0.18 ptyprocess-0.6.0 pyasn1-0.4.8 pycparser-2.20 pygments-2.6.1 pyparsing-2.4.7 pyth-0.6.0 python-dateutil-2.5.3 requests-2.24.0 rpaths-0.13 scandir-1.10.0 scikit-learn-0.17.1 scipy-0.18.0 scp-0.10.2 simplegeneric-0.8.1 six-1.15.0 subprocess32-3.5.4 suds-0.4 tdparser-1.1.6 tej-0.3 traitlets-4.3.3 urllib3-1.25.9 usagestats-0.5 wcwidth-0.2.5 xlrd-1.0.0 xlwt-1.1.2

travis_time:end:0b975dcc:start=1594449805862703473,finish=1594449858536846800,duration=52674143327[0Ktravis_fold:end:install.3[0Ktravis_fold:start:install.4[0Ktravis_time:start:1675f2b4[0K$ pip install "$(pwd)"
Processing /home/travis/build/failed/VisTrails/VisTrails
Requirement already satisfied (use --upgrade to upgrade): numpy in ./venv/lib/python2.7/site-packages (from vistrails==2.2.4)
Requirement already satisfied (use --upgrade to upgrade): scipy in ./venv/lib/python2.7/site-packages (from vistrails==2.2.4)
Requirement already satisfied (use --upgrade to upgrade): certifi in ./venv/lib/python2.7/site-packages (from vistrails==2.2.4)
Requirement already satisfied (use --upgrade to upgrade): backports.ssl_match_hostname in ./venv/lib/python2.7/site-packages (from vistrails==2.2.4)
Requirement already satisfied (use --upgrade to upgrade): file_archive>=0.6 in ./venv/lib/python2.7/site-packages (from vistrails==2.2.4)
Requirement already satisfied (use --upgrade to upgrade): python-dateutil in ./venv/lib/python2.7/site-packages (from vistrails==2.2.4)
Requirement already satisfied (use --upgrade to upgrade): requests in ./venv/lib/python2.7/site-packages (from vistrails==2.2.4)
Requirement already satisfied (use --upgrade to upgrade): IPython in ./venv/lib/python2.7/site-packages (from vistrails==2.2.4)
Requirement already satisfied (use --upgrade to upgrade): usagestats>=0.3 in ./venv/lib/python2.7/site-packages (from vistrails==2.2.4)
Requirement already satisfied (use --upgrade to upgrade): xlrd in ./venv/lib/python2.7/site-packages (from vistrails==2.2.4)
Requirement already satisfied (use --upgrade to upgrade): xlwt in ./venv/lib/python2.7/site-packages (from vistrails==2.2.4)
Requirement already satisfied (use --upgrade to upgrade): tdparser>=1.1.4 in ./venv/lib/python2.7/site-packages (from file_archive>=0.6->vistrails==2.2.4)
Requirement already satisfied (use --upgrade to upgrade): six>=1.5 in ./venv/lib/python2.7/site-packages (from python-dateutil->vistrails==2.2.4)
Requirement already satisfied (use --upgrade to upgrade): idna<3,>=2.5 in ./venv/lib/python2.7/site-packages (from requests->vistrails==2.2.4)
Requirement already satisfied (use --upgrade to upgrade): chardet<4,>=3.0.2 in ./venv/lib/python2.7/site-packages (from requests->vistrails==2.2.4)
Requirement already satisfied (use --upgrade to upgrade): urllib3!=1.25.0,!=1.25.1,<1.26,>=1.21.1 in ./venv/lib/python2.7/site-packages (from requests->vistrails==2.2.4)
Requirement already satisfied (use --upgrade to upgrade): decorator in ./venv/lib/python2.7/site-packages (from IPython->vistrails==2.2.4)
Requirement already satisfied (use --upgrade to upgrade): setuptools>=18.5 in ./venv/lib/python2.7/site-packages (from IPython->vistrails==2.2.4)
Requirement already satisfied (use --upgrade to upgrade): backports.shutil-get-terminal-size; python_version == "2.7" in ./venv/lib/python2.7/site-packages (from IPython->vistrails==2.2.4)
Requirement already satisfied (use --upgrade to upgrade): pathlib2; python_version == "2.7" or python_version == "3.3" in ./venv/lib/python2.7/site-packages (from IPython->vistrails==2.2.4)
Requirement already satisfied (use --upgrade to upgrade): pexpect; sys_platform != "win32" in ./venv/lib/python2.7/site-packages (from IPython->vistrails==2.2.4)
Requirement already satisfied (use --upgrade to upgrade): prompt-toolkit<2.0.0,>=1.0.3 in ./venv/lib/python2.7/site-packages (from IPython->vistrails==2.2.4)
Requirement already satisfied (use --upgrade to upgrade): pygments in ./venv/lib/python2.7/site-packages (from IPython->vistrails==2.2.4)
Requirement already satisfied (use --upgrade to upgrade): traitlets>=4.2 in ./venv/lib/python2.7/site-packages (from IPython->vistrails==2.2.4)
Requirement already satisfied (use --upgrade to upgrade): simplegeneric>0.8 in ./venv/lib/python2.7/site-packages (from IPython->vistrails==2.2.4)
Requirement already satisfied (use --upgrade to upgrade): pickleshare in ./venv/lib/python2.7/site-packages (from IPython->vistrails==2.2.4)
Requirement already satisfied (use --upgrade to upgrade): scandir; python_version < "3.5" in ./venv/lib/python2.7/site-packages (from pathlib2; python_version == "2.7" or python_version == "3.3"->IPython->vistrails==2.2.4)
Requirement already satisfied (use --upgrade to upgrade): ptyprocess>=0.5 in ./venv/lib/python2.7/site-packages (from pexpect; sys_platform != "win32"->IPython->vistrails==2.2.4)
Requirement already satisfied (use --upgrade to upgrade): wcwidth in ./venv/lib/python2.7/site-packages (from prompt-toolkit<2.0.0,>=1.0.3->IPython->vistrails==2.2.4)
Requirement already satisfied (use --upgrade to upgrade): ipython-genutils in ./venv/lib/python2.7/site-packages (from traitlets>=4.2->IPython->vistrails==2.2.4)
Requirement already satisfied (use --upgrade to upgrade): enum34; python_version == "2.7" in ./venv/lib/python2.7/site-packages (from traitlets>=4.2->IPython->vistrails==2.2.4)
Requirement already satisfied (use --upgrade to upgrade): backports.functools-lru-cache>=1.2.1; python_version < "3.2" in ./venv/lib/python2.7/site-packages (from wcwidth->prompt-toolkit<2.0.0,>=1.0.3->IPython->vistrails==2.2.4)
Installing collected packages: vistrails
  Running setup.py install for vistrails: started
    Running setup.py install for vistrails: finished with status 'done'
Successfully installed vistrails-2.2.4

travis_time:end:1675f2b4:start=1594449858546066269,finish=1594449904383393604,duration=45837327335[0Ktravis_fold:end:install.4[0Ktravis_time:start:214c1a40[0K$ cd /tmp && xvfb-run --server-args="-screen 0 1024x768x16" python -m vistrails.tests -V 1
Traceback (most recent call last):
  File "/usr/lib/python2.7/runpy.py", line 151, in _run_module_as_main
    mod_name, loader, code, fname = _get_module_details(mod_name)
  File "/usr/lib/python2.7/runpy.py", line 101, in _get_module_details
    loader = get_loader(mod_name)
  File "/usr/lib/python2.7/pkgutil.py", line 464, in get_loader
    return find_loader(fullname)
  File "/usr/lib/python2.7/pkgutil.py", line 474, in find_loader
    for importer in iter_importers(fullname):
  File "/usr/lib/python2.7/pkgutil.py", line 430, in iter_importers
    __import__(pkg)
  File "/home/travis/build/failed/VisTrails/VisTrails/venv/local/lib/python2.7/site-packages/vistrails/__init__.py", line 58, in <module>
    from vistrails.core.api import *
  File "/home/travis/build/failed/VisTrails/VisTrails/venv/local/lib/python2.7/site-packages/vistrails/core/api.py", line 43, in <module>
    import vistrails.core.application
  File "/home/travis/build/failed/VisTrails/VisTrails/venv/local/lib/python2.7/site-packages/vistrails/core/application.py", line 46, in <module>
    from vistrails.core.collection import Collection
  File "/home/travis/build/failed/VisTrails/VisTrails/venv/local/lib/python2.7/site-packages/vistrails/core/collection/__init__.py", line 43, in <module>
    from entity import Entity
  File "/home/travis/build/failed/VisTrails/VisTrails/venv/local/lib/python2.7/site-packages/vistrails/core/collection/entity.py", line 38, in <module>
    from vistrails.core.db.locator import BaseLocator
  File "/home/travis/build/failed/VisTrails/VisTrails/venv/local/lib/python2.7/site-packages/vistrails/core/db/locator.py", line 49, in <module>
    from vistrails.db.services.locator import XMLFileLocator as _XMLFileLocator, \
  File "/home/travis/build/failed/VisTrails/VisTrails/venv/local/lib/python2.7/site-packages/vistrails/db/services/locator.py", line 49, in <module>
    from vistrails.db.services import io
  File "/home/travis/build/failed/VisTrails/VisTrails/venv/local/lib/python2.7/site-packages/vistrails/db/services/io.py", line 43, in <module>
    from vistrails.core.modules.sub_module import get_cur_abs_namespace,\
  File "/home/travis/build/failed/VisTrails/VisTrails/venv/local/lib/python2.7/site-packages/vistrails/core/modules/sub_module.py", line 47, in <module>
    from vistrails.core.modules.basic_modules import identifier as basic_pkg
  File "/home/travis/build/failed/VisTrails/VisTrails/venv/local/lib/python2.7/site-packages/vistrails/core/modules/basic_modules.py", line 338, in <module>
    from IPython import display
  File "/home/travis/build/failed/VisTrails/VisTrails/venv/local/lib/python2.7/site-packages/IPython/__init__.py", line 49, in <module>
    from .terminal.embed import embed
  File "/home/travis/build/failed/VisTrails/VisTrails/venv/local/lib/python2.7/site-packages/IPython/terminal/embed.py", line 15, in <module>
    from IPython.core.magic import Magics, magics_class, line_magic
  File "/home/travis/build/failed/VisTrails/VisTrails/venv/local/lib/python2.7/site-packages/IPython/core/magic.py", line 22, in <module>
    from IPython.core import oinspect
  File "/home/travis/build/failed/VisTrails/VisTrails/venv/local/lib/python2.7/site-packages/IPython/core/oinspect.py", line 48, in <module>
    from pygments.lexers import PythonLexer
  File "/home/travis/build/failed/VisTrails/VisTrails/venv/local/lib/python2.7/site-packages/pygments/lexers/__init__.py", line 330, in __getattr__
    _load_lexers(info[0])
  File "/home/travis/build/failed/VisTrails/VisTrails/venv/local/lib/python2.7/site-packages/pygments/lexers/__init__.py", line 45, in _load_lexers
    mod = __import__(module_name, None, None, ['__all__'])
  File "/home/travis/build/failed/VisTrails/VisTrails/venv/local/lib/python2.7/site-packages/pygments/lexers/python.py", line 14, in <module>
    from pygments.lexer import Lexer, RegexLexer, include, bygroups, using, \
  File "/home/travis/build/failed/VisTrails/VisTrails/venv/local/lib/python2.7/site-packages/pygments/lexer.py", line 49
    class Lexer(metaclass=LexerMeta):
                         ^
SyntaxError: invalid syntax

travis_time:end:214c1a40:start=1594449904394376493,finish=1594449907814830477,duration=3420453984[0K
[31;1mThe command "cd /tmp && xvfb-run --server-args="-screen 0 1024x768x16" python -m vistrails.tests -V 1" exited with 255.[0m

Done. Your build exited with 1.
