travis_fold:start:system_info[0K[33;1mBuild system information[0m
Build language: python
Build id: ''
Job id: ''
[34m[1mBuild image provisioning date and time[0m
Thu Feb  5 15:09:33 UTC 2015
[34m[1mOperating System Details[0m
Distributor ID:	Ubuntu
Description:	Ubuntu 12.04.5 LTS
Release:	12.04
Codename:	precise
[34m[1mLinux Version[0m
3.13.0-29-generic
[34m[1mCookbooks Version[0m
a68419e https://github.com/travis-ci/travis-cookbooks/tree/a68419e
[34m[1mGCC version[0m
gcc (Ubuntu/Linaro 4.6.3-1ubuntu5) 4.6.3
Copyright (C) 2011 Free Software Foundation, Inc.
This is free software; see the source for copying conditions.  There is NO
warranty; not even for MERCHANTABILITY or FITNESS FOR A PARTICULAR PURPOSE.

[34m[1mLLVM version[0m
clang version 3.4 (tags/RELEASE_34/final)
Target: x86_64-unknown-linux-gnu
Thread model: posix
[34m[1mPre-installed Ruby versions[0m
ruby-1.9.3-p551
[34m[1mPre-installed Node.js versions[0m
v0.10.36
[34m[1mPre-installed Go versions[0m
1.4.1
[34m[1mRedis version[0m
redis-server 2.8.19
[34m[1mriak version[0m
2.0.2
[34m[1mMongoDB version[0m
MongoDB 2.4.12
[34m[1mCouchDB version[0m
couchdb 1.6.1
[34m[1mNeo4j version[0m
1.9.4
[34m[1mRabbitMQ Version[0m
3.4.3
[34m[1mElasticSearch version[0m
1.4.0
[34m[1mInstalled Sphinx versions[0m
2.0.10
2.1.9
2.2.6
[34m[1mDefault Sphinx version[0m
2.2.6
[34m[1mInstalled Firefox version[0m
firefox 31.0esr
[34m[1mPhantomJS version[0m
1.9.8
[34m[1mant -version[0m
Apache Ant(TM) version 1.8.2 compiled on December 3 2011
[34m[1mmvn -version[0m
Apache Maven 3.2.5 (12a6b3acb947671f09b81f49094c53f426d8cea1; 2014-12-14T17:29:23+00:00)
Maven home: /usr/local/maven
Java version: 1.7.0_76, vendor: Oracle Corporation
Java home: /usr/lib/jvm/java-7-oracle/jre
Default locale: en_US, platform encoding: ANSI_X3.4-1968
OS name: "linux", version: "3.13.0-29-generic", arch: "amd64", family: "unix"
travis_fold:end:system_info[0K
$ cd failed/ansible/ansible
travis_fold:start:git.submodule[0Ktravis_time:start:294237ba[0K$ git submodule update --init --recursive
Submodule 'lib/ansible/modules/core' (https://github.com/ansible/ansible-modules-core) registered for path 'lib/ansible/modules/core'
Submodule 'lib/ansible/modules/extras' (https://github.com/ansible/ansible-modules-extras) registered for path 'lib/ansible/modules/extras'
Submodule path 'lib/ansible/modules/core': checked out '34655e8e29c089e33cd505198e1356b893dfff32'
Submodule path 'lib/ansible/modules/extras': checked out '6a3cf6335172adc94cda8588930e4760b471551d'

travis_time:end:294237ba:start=1593751581766050709,finish=1593751589604575671,duration=7838524962[0Ktravis_fold:end:git.submodule[0K
[33;1mSetting environment variables from .travis.yml[0m
$ export TOXENV=py34

travis_time:start:2e049104[0K$ source ~/virtualenv/python2.7/bin/activate

travis_time:end:2e049104:start=1593751589775220454,finish=1593751589783234683,duration=8014229[0K$ python --version
$ pip --version
pip 6.0.7 from /home/travis/virtualenv/python2.7.9/lib/python2.7/site-packages (python 2.7)
travis_fold:start:install[0Ktravis_time:start:1557fefa[0K$ pip install tox==2.1.1 PyYAML==3.11 Jinja2==2.8 sphinx==1.3.1
Collecting tox==2.1.1
  Downloading https://files.pythonhosted.org/packages/af/cd/e4e47282c016184656e6a1ca3f8d4baa7c59277aa98fd36767fa48aea476/tox-2.1.1-py2.py3-none-any.whl
Collecting PyYAML==3.11
  Downloading https://files.pythonhosted.org/packages/75/5e/b84feba55e20f8da46ead76f14a3943c8cb722d40360702b2365b91dec00/PyYAML-3.11.tar.gz (248kB)
Collecting Jinja2==2.8
  Downloading https://files.pythonhosted.org/packages/96/a1/c56bc4d99dc2663514a8481511e80eba8994133ae75eebdadfc91a5597d9/Jinja2-2.8-py2.py3-none-any.whl (263kB)
Collecting sphinx==1.3.1
  Downloading https://files.pythonhosted.org/packages/63/2c/0a30c391708f827039be5569164ed039b1e46906a4bff5a348b0abe2945e/Sphinx-1.3.1-py2.py3-none-any.whl (1.3MB)
Collecting virtualenv>=1.11.2 (from tox==2.1.1)
  Downloading https://files.pythonhosted.org/packages/f4/1f/2da1af5b56eb2ffa17ef1059540f174375ee604e52756e6265b78b0593e1/virtualenv-20.0.25-py2.py3-none-any.whl (4.7MB)
Requirement already satisfied (use --upgrade to upgrade): py>=1.4.17 in /home/travis/virtualenv/python2.7.9/lib/python2.7/site-packages (from tox==2.1.1)
Collecting pluggy<0.4.0,>=0.3.0 (from tox==2.1.1)
  Downloading https://files.pythonhosted.org/packages/d3/ff/d63342af76d20f9b94c2138aef8739df23311e3ce8a8ae7e4b0733ab0827/pluggy-0.3.1-py2.py3-none-any.whl
Collecting MarkupSafe (from Jinja2==2.8)
  Downloading https://files.pythonhosted.org/packages/b9/2e/64db92e53b86efccfaea71321f597fa2e1b2bd3853d8ce658568f7a13094/MarkupSafe-1.1.1.tar.gz
    /opt/python/2.7.9/lib/python2.7/distutils/dist.py:267: UserWarning: Unknown distribution option: 'project_urls'
      warnings.warn(msg)
    /opt/python/2.7.9/lib/python2.7/distutils/dist.py:267: UserWarning: Unknown distribution option: 'python_requires'
      warnings.warn(msg)
Collecting sphinx-rtd-theme<0.2,>=0.1 (from sphinx==1.3.1)
  Downloading https://files.pythonhosted.org/packages/1d/84/405b43b2c15bb61fcbd23416837ca7f18e261c56c64453923725e8160aa6/sphinx_rtd_theme-0.1.9-py2-none-any.whl (693kB)
Collecting snowballstemmer>=1.1 (from sphinx==1.3.1)
  Downloading https://files.pythonhosted.org/packages/7d/4b/cdf1113a0e88b641893b814e9c36f69a6fda28cd88b62c7f0d858cde3166/snowballstemmer-2.0.0-py2.py3-none-any.whl (97kB)
Collecting six>=1.4 (from sphinx==1.3.1)
  Downloading https://files.pythonhosted.org/packages/ee/ff/48bde5c0f013094d729fe4b0316ba2a24774b3ff1c52d924a8a4cb04078a/six-1.15.0-py2.py3-none-any.whl
Collecting Pygments>=2.0 (from sphinx==1.3.1)
  Downloading https://files.pythonhosted.org/packages/6e/4d/4d2fe93a35dfba417311a4ff627489a947b01dc0cc377a3673c00cf7e4b2/Pygments-2.6.1.tar.gz (3.3MB)
    /opt/python/2.7.9/lib/python2.7/distutils/dist.py:267: UserWarning: Unknown distribution option: 'python_requires'
      warnings.warn(msg)
Collecting docutils>=0.11 (from sphinx==1.3.1)
  Downloading https://files.pythonhosted.org/packages/81/44/8a15e45ffa96e6cf82956dd8d7af9e666357e16b0d93b253903475ee947f/docutils-0.16-py2.py3-none-any.whl (548kB)
Collecting babel>=1.3 (from sphinx==1.3.1)
  Downloading https://files.pythonhosted.org/packages/15/a1/522dccd23e5d2e47aed4b6a16795b8213e3272c7506e625f2425ad025a19/Babel-2.8.0-py2.py3-none-any.whl (8.6MB)
Collecting alabaster<0.8,>=0.7 (from sphinx==1.3.1)
  Downloading https://files.pythonhosted.org/packages/10/ad/00b090d23a222943eb0eda509720a404f531a439e803f6538f35136cae9e/alabaster-0.7.12-py2.py3-none-any.whl
Collecting pathlib2<3,>=2.3.3 (from virtualenv>=1.11.2->tox==2.1.1)
  Downloading https://files.pythonhosted.org/packages/e9/45/9c82d3666af4ef9f221cbb954e1d77ddbb513faf552aea6df5f37f1a4859/pathlib2-2.3.5-py2.py3-none-any.whl
Collecting appdirs<2,>=1.4.3 (from virtualenv>=1.11.2->tox==2.1.1)
  Downloading https://files.pythonhosted.org/packages/3b/00/2344469e2084fb287c2e0b57b72910309874c3245463acd6cf5e3db69324/appdirs-1.4.4-py2.py3-none-any.whl
Collecting distlib<1,>=0.3.0 (from virtualenv>=1.11.2->tox==2.1.1)
  Downloading https://files.pythonhosted.org/packages/f5/0a/490fa011d699bb5a5f3a0cf57de82237f52a6db9d40f33c53b2736c9a1f9/distlib-0.3.1-py2.py3-none-any.whl (335kB)
Collecting importlib-resources>=1.0 (from virtualenv>=1.11.2->tox==2.1.1)
  Downloading https://files.pythonhosted.org/packages/ba/03/0f9595c0c2ef12590877f3c47e5f579759ce5caf817f8256d5dcbd8a1177/importlib_resources-3.0.0-py2.py3-none-any.whl
Collecting importlib-metadata<2,>=0.12 (from virtualenv>=1.11.2->tox==2.1.1)
  Downloading https://files.pythonhosted.org/packages/8e/58/cdea07eb51fc2b906db0968a94700866fc46249bdc75cac23f9d13168929/importlib_metadata-1.7.0-py2.py3-none-any.whl
Collecting filelock<4,>=3.0.0 (from virtualenv>=1.11.2->tox==2.1.1)
  Downloading https://files.pythonhosted.org/packages/14/ec/6ee2168387ce0154632f856d5cc5592328e9cf93127c5c9aeca92c8c16cb/filelock-3.0.12.tar.gz
    /opt/python/2.7.9/lib/python2.7/distutils/dist.py:267: UserWarning: Unknown distribution option: 'long_description_content_type'
      warnings.warn(msg)
Collecting pytz>=2015.7 (from babel>=1.3->sphinx==1.3.1)
  Downloading https://files.pythonhosted.org/packages/4f/a4/879454d49688e2fad93e59d7d4efda580b783c745fd2ec2a3adf87b0808d/pytz-2020.1-py2.py3-none-any.whl (510kB)
Collecting scandir (from pathlib2<3,>=2.3.3->virtualenv>=1.11.2->tox==2.1.1)
  Downloading https://files.pythonhosted.org/packages/df/f5/9c052db7bd54d0cbf1bc0bb6554362bba1012d03e5888950a4f5c5dadc4e/scandir-1.10.0.tar.gz
    /opt/python/2.7.9/lib/python2.7/distutils/extension.py:133: UserWarning: Unknown Extension options: 'optional'
      warnings.warn(msg)
Collecting contextlib2 (from importlib-resources>=1.0->virtualenv>=1.11.2->tox==2.1.1)
  Downloading https://files.pythonhosted.org/packages/85/60/370352f7ef6aa96c52fb001831622f50f923c1d575427d021b8ab3311236/contextlib2-0.6.0.post1-py2.py3-none-any.whl
Collecting singledispatch (from importlib-resources>=1.0->virtualenv>=1.11.2->tox==2.1.1)
  Downloading https://files.pythonhosted.org/packages/c5/10/369f50bcd4621b263927b0a1519987a04383d4a98fb10438042ad410cf88/singledispatch-3.4.0.3-py2.py3-none-any.whl
Collecting zipp>=0.4 (from importlib-resources>=1.0->virtualenv>=1.11.2->tox==2.1.1)
  Downloading https://files.pythonhosted.org/packages/ce/8c/2c5f7dc1b418f659d36c04dec9446612fc7b45c8095cc7369dd772513055/zipp-3.1.0.tar.gz
  Requested zipp>=0.4 (from importlib-resources>=1.0->virtualenv>=1.11.2->tox==2.1.1), but installing version None
Collecting typing (from importlib-resources>=1.0->virtualenv>=1.11.2->tox==2.1.1)
  Downloading https://files.pythonhosted.org/packages/22/30/64ca29543375759dc589ade14a6cd36382abf2bec17d67de8481bc9814d7/typing-3.7.4.1-py2-none-any.whl
Collecting configparser>=3.5 (from importlib-metadata<2,>=0.12->virtualenv>=1.11.2->tox==2.1.1)
  Downloading https://files.pythonhosted.org/packages/e5/7c/d4ccbcde76b4eea8cbd73b67b88c72578e8b4944d1270021596e80b13deb/configparser-5.0.0.tar.gz (75kB)
  Requested configparser>=3.5 (from importlib-metadata<2,>=0.12->virtualenv>=1.11.2->tox==2.1.1), but installing version None
Installing collected packages: configparser, typing, zipp, singledispatch, contextlib2, scandir, pytz, filelock, importlib-metadata, importlib-resources, distlib, appdirs, pathlib2, alabaster, babel, docutils, Pygments, six, snowballstemmer, sphinx-rtd-theme, MarkupSafe, pluggy, virtualenv, sphinx, Jinja2, PyYAML, tox
  Running setup.py install for configparser

  Running setup.py install for zipp


  Running setup.py install for scandir
    /opt/python/2.7.9/lib/python2.7/distutils/extension.py:133: UserWarning: Unknown Extension options: 'optional'
      warnings.warn(msg)
    building '_scandir' extension
    gcc -pthread -fno-strict-aliasing -g -fstack-protector --param=ssp-buffer-size=4 -Wformat -Werror=format-security -DNDEBUG -g -fwrapv -O3 -Wall -Wstrict-prototypes -fPIC -I/opt/python/2.7.9/include/python2.7 -c _scandir.c -o build/temp.linux-x86_64-2.7/_scandir.o
    gcc -pthread -shared -L/opt/python/2.7.9/lib -Wl,-rpath=/opt/python/2.7.9/lib build/temp.linux-x86_64-2.7/_scandir.o -L/opt/python/2.7.9/lib -lpython2.7 -o build/lib.linux-x86_64-2.7/_scandir.so

  Running setup.py install for filelock
    /opt/python/2.7.9/lib/python2.7/distutils/dist.py:267: UserWarning: Unknown distribution option: 'long_description_content_type'
      warnings.warn(msg)

  Compiling /tmp/pip-build-wksncK/importlib-resources/importlib_resources/_py3.py
  







  Running setup.py install for Pygments
    /opt/python/2.7.9/lib/python2.7/distutils/dist.py:267: UserWarning: Unknown distribution option: 'python_requires'
      warnings.warn(msg)
    Installing pygmentize script to /home/travis/virtualenv/python2.7.9/bin



  Running setup.py install for MarkupSafe
    /opt/python/2.7.9/lib/python2.7/distutils/dist.py:267: UserWarning: Unknown distribution option: 'project_urls'
      warnings.warn(msg)
    /opt/python/2.7.9/lib/python2.7/distutils/dist.py:267: UserWarning: Unknown distribution option: 'python_requires'
      warnings.warn(msg)
    building 'markupsafe._speedups' extension
    gcc -pthread -fno-strict-aliasing -g -fstack-protector --param=ssp-buffer-size=4 -Wformat -Werror=format-security -DNDEBUG -g -fwrapv -O3 -Wall -Wstrict-prototypes -fPIC -I/opt/python/2.7.9/include/python2.7 -c src/markupsafe/_speedups.c -o build/temp.linux-x86_64-2.7/src/markupsafe/_speedups.o
    gcc -pthread -shared -L/opt/python/2.7.9/lib -Wl,-rpath=/opt/python/2.7.9/lib build/temp.linux-x86_64-2.7/src/markupsafe/_speedups.o -L/opt/python/2.7.9/lib -lpython2.7 -o build/lib.linux-x86_64-2.7/markupsafe/_speedups.so




  Running setup.py install for PyYAML
    checking if libyaml is compilable
    gcc -pthread -fno-strict-aliasing -g -fstack-protector --param=ssp-buffer-size=4 -Wformat -Werror=format-security -DNDEBUG -g -fwrapv -O3 -Wall -Wstrict-prototypes -fPIC -I/opt/python/2.7.9/include/python2.7 -c build/temp.linux-x86_64-2.7/check_libyaml.c -o build/temp.linux-x86_64-2.7/check_libyaml.o
    checking if libyaml is linkable
    gcc -pthread build/temp.linux-x86_64-2.7/check_libyaml.o -L/opt/python/2.7.9/lib -lyaml -o build/temp.linux-x86_64-2.7/check_libyaml
    building '_yaml' extension
    gcc -pthread -fno-strict-aliasing -g -fstack-protector --param=ssp-buffer-size=4 -Wformat -Werror=format-security -DNDEBUG -g -fwrapv -O3 -Wall -Wstrict-prototypes -fPIC -I/opt/python/2.7.9/include/python2.7 -c ext/_yaml.c -o build/temp.linux-x86_64-2.7/ext/_yaml.o
    In file included from ext/_yaml.c:343:0:
    ext/_yaml.h:6:0: warning: "PyUnicode_FromString" redefined [enabled by default]
    /opt/python/2.7.9/include/python2.7/unicodeobject.h:281:0: note: this is the location of the previous definition
    ext/_yaml.c: In function ‘__pyx_pf_5_yaml_get_version_string’:
    ext/_yaml.c:1346:17: warning: assignment discards ‘const’ qualifier from pointer target type [enabled by default]
    ext/_yaml.c: In function ‘__pyx_pf_5_yaml_7CParser___init__’:
    ext/_yaml.c:2471:5: warning: passing argument 2 of ‘yaml_parser_set_input’ from incompatible pointer type [enabled by default]
    /usr/include/yaml.h:1367:1: note: expected ‘int (*)(void *, unsigned char *, size_t,  size_t *)’ but argument is of type ‘int (*)(void *, char *, int,  int *)’
    ext/_yaml.c:2664:5: warning: pointer targets in passing argument 2 of ‘yaml_parser_set_input_string’ differ in signedness [-Wpointer-sign]
    /usr/include/yaml.h:1341:1: note: expected ‘const unsigned char *’ but argument is of type ‘char *’
    ext/_yaml.c: In function ‘__pyx_f_5_yaml_7CParser__token_to_object’:
    ext/_yaml.c:4183:5: warning: pointer targets in passing argument 1 of ‘strlen’ differ in signedness [-Wpointer-sign]
    /usr/include/string.h:399:15: note: expected ‘const char *’ but argument is of type ‘yaml_char_t *’
    ext/_yaml.c:4183:5: warning: pointer targets in passing argument 1 of ‘PyUnicodeUCS4_DecodeUTF8’ differ in signedness [-Wpointer-sign]
    /opt/python/2.7.9/include/python2.7/unicodeobject.h:750:23: note: expected ‘const char *’ but argument is of type ‘yaml_char_t *’
    ext/_yaml.c:4195:5: warning: pointer targets in passing argument 1 of ‘strlen’ differ in signedness [-Wpointer-sign]
    /usr/include/string.h:399:15: note: expected ‘const char *’ but argument is of type ‘yaml_char_t *’
    ext/_yaml.c:4195:5: warning: pointer targets in passing argument 1 of ‘PyUnicodeUCS4_DecodeUTF8’ differ in signedness [-Wpointer-sign]
    /opt/python/2.7.9/include/python2.7/unicodeobject.h:750:23: note: expected ‘const char *’ but argument is of type ‘yaml_char_t *’
    ext/_yaml.c:4741:5: warning: pointer targets in passing argument 1 of ‘strlen’ differ in signedness [-Wpointer-sign]
    /usr/include/string.h:399:15: note: expected ‘const char *’ but argument is of type ‘yaml_char_t *’
    ext/_yaml.c:4741:5: warning: pointer targets in passing argument 1 of ‘PyUnicodeUCS4_DecodeUTF8’ differ in signedness [-Wpointer-sign]
    /opt/python/2.7.9/include/python2.7/unicodeobject.h:750:23: note: expected ‘const char *’ but argument is of type ‘yaml_char_t *’
    ext/_yaml.c:4792:5: warning: pointer targets in passing argument 1 of ‘strlen’ differ in signedness [-Wpointer-sign]
    /usr/include/string.h:399:15: note: expected ‘const char *’ but argument is of type ‘yaml_char_t *’
    ext/_yaml.c:4792:5: warning: pointer targets in passing argument 1 of ‘PyUnicodeUCS4_DecodeUTF8’ differ in signedness [-Wpointer-sign]
    /opt/python/2.7.9/include/python2.7/unicodeobject.h:750:23: note: expected ‘const char *’ but argument is of type ‘yaml_char_t *’
    ext/_yaml.c:4843:5: warning: pointer targets in passing argument 1 of ‘strlen’ differ in signedness [-Wpointer-sign]
    /usr/include/string.h:399:15: note: expected ‘const char *’ but argument is of type ‘yaml_char_t *’
    ext/_yaml.c:4843:5: warning: pointer targets in passing argument 1 of ‘PyUnicodeUCS4_DecodeUTF8’ differ in signedness [-Wpointer-sign]
    /opt/python/2.7.9/include/python2.7/unicodeobject.h:750:23: note: expected ‘const char *’ but argument is of type ‘yaml_char_t *’
    ext/_yaml.c:4855:5: warning: pointer targets in passing argument 1 of ‘strlen’ differ in signedness [-Wpointer-sign]
    /usr/include/string.h:399:15: note: expected ‘const char *’ but argument is of type ‘yaml_char_t *’
    ext/_yaml.c:4855:5: warning: pointer targets in passing argument 1 of ‘PyUnicodeUCS4_DecodeUTF8’ differ in signedness [-Wpointer-sign]
    /opt/python/2.7.9/include/python2.7/unicodeobject.h:750:23: note: expected ‘const char *’ but argument is of type ‘yaml_char_t *’
    ext/_yaml.c:4938:5: warning: pointer targets in passing argument 1 of ‘PyUnicodeUCS4_DecodeUTF8’ differ in signedness [-Wpointer-sign]
    /opt/python/2.7.9/include/python2.7/unicodeobject.h:750:23: note: expected ‘const char *’ but argument is of type ‘yaml_char_t *’
    ext/_yaml.c: In function ‘__pyx_f_5_yaml_7CParser__event_to_object’:
    ext/_yaml.c:6435:9: warning: pointer targets in passing argument 1 of ‘strlen’ differ in signedness [-Wpointer-sign]
    /usr/include/string.h:399:15: note: expected ‘const char *’ but argument is of type ‘yaml_char_t *’
    ext/_yaml.c:6435:9: warning: pointer targets in passing argument 1 of ‘PyUnicodeUCS4_DecodeUTF8’ differ in signedness [-Wpointer-sign]
    /opt/python/2.7.9/include/python2.7/unicodeobject.h:750:23: note: expected ‘const char *’ but argument is of type ‘yaml_char_t *’
    ext/_yaml.c:6447:9: warning: pointer targets in passing argument 1 of ‘strlen’ differ in signedness [-Wpointer-sign]
    /usr/include/string.h:399:15: note: expected ‘const char *’ but argument is of type ‘yaml_char_t *’
    ext/_yaml.c:6447:9: warning: pointer targets in passing argument 1 of ‘PyUnicodeUCS4_DecodeUTF8’ differ in signedness [-Wpointer-sign]
    /opt/python/2.7.9/include/python2.7/unicodeobject.h:750:23: note: expected ‘const char *’ but argument is of type ‘yaml_char_t *’
    ext/_yaml.c:6616:5: warning: pointer targets in passing argument 1 of ‘strlen’ differ in signedness [-Wpointer-sign]
    /usr/include/string.h:399:15: note: expected ‘const char *’ but argument is of type ‘yaml_char_t *’
    ext/_yaml.c:6616:5: warning: pointer targets in passing argument 1 of ‘PyUnicodeUCS4_DecodeUTF8’ differ in signedness [-Wpointer-sign]
    /opt/python/2.7.9/include/python2.7/unicodeobject.h:750:23: note: expected ‘const char *’ but argument is of type ‘yaml_char_t *’
    ext/_yaml.c:6687:7: warning: pointer targets in passing argument 1 of ‘strlen’ differ in signedness [-Wpointer-sign]
    /usr/include/string.h:399:15: note: expected ‘const char *’ but argument is of type ‘yaml_char_t *’
    ext/_yaml.c:6687:7: warning: pointer targets in passing argument 1 of ‘PyUnicodeUCS4_DecodeUTF8’ differ in signedness [-Wpointer-sign]
    /opt/python/2.7.9/include/python2.7/unicodeobject.h:750:23: note: expected ‘const char *’ but argument is of type ‘yaml_char_t *’
    ext/_yaml.c:6722:7: warning: pointer targets in passing argument 1 of ‘strlen’ differ in signedness [-Wpointer-sign]
    /usr/include/string.h:399:15: note: expected ‘const char *’ but argument is of type ‘yaml_char_t *’
    ext/_yaml.c:6722:7: warning: pointer targets in passing argument 1 of ‘PyUnicodeUCS4_DecodeUTF8’ differ in signedness [-Wpointer-sign]
    /opt/python/2.7.9/include/python2.7/unicodeobject.h:750:23: note: expected ‘const char *’ but argument is of type ‘yaml_char_t *’
    ext/_yaml.c:6737:5: warning: pointer targets in passing argument 1 of ‘PyUnicodeUCS4_DecodeUTF8’ differ in signedness [-Wpointer-sign]
    /opt/python/2.7.9/include/python2.7/unicodeobject.h:750:23: note: expected ‘const char *’ but argument is of type ‘yaml_char_t *’
    ext/_yaml.c:7031:7: warning: pointer targets in passing argument 1 of ‘strlen’ differ in signedness [-Wpointer-sign]
    /usr/include/string.h:399:15: note: expected ‘const char *’ but argument is of type ‘yaml_char_t *’
    ext/_yaml.c:7031:7: warning: pointer targets in passing argument 1 of ‘PyUnicodeUCS4_DecodeUTF8’ differ in signedness [-Wpointer-sign]
    /opt/python/2.7.9/include/python2.7/unicodeobject.h:750:23: note: expected ‘const char *’ but argument is of type ‘yaml_char_t *’
    ext/_yaml.c:7066:7: warning: pointer targets in passing argument 1 of ‘strlen’ differ in signedness [-Wpointer-sign]
    /usr/include/string.h:399:15: note: expected ‘const char *’ but argument is of type ‘yaml_char_t *’
    ext/_yaml.c:7066:7: warning: pointer targets in passing argument 1 of ‘PyUnicodeUCS4_DecodeUTF8’ differ in signedness [-Wpointer-sign]
    /opt/python/2.7.9/include/python2.7/unicodeobject.h:750:23: note: expected ‘const char *’ but argument is of type ‘yaml_char_t *’
    ext/_yaml.c:7253:7: warning: pointer targets in passing argument 1 of ‘strlen’ differ in signedness [-Wpointer-sign]
    /usr/include/string.h:399:15: note: expected ‘const char *’ but argument is of type ‘yaml_char_t *’
    ext/_yaml.c:7253:7: warning: pointer targets in passing argument 1 of ‘PyUnicodeUCS4_DecodeUTF8’ differ in signedness [-Wpointer-sign]
    /opt/python/2.7.9/include/python2.7/unicodeobject.h:750:23: note: expected ‘const char *’ but argument is of type ‘yaml_char_t *’
    ext/_yaml.c:7288:7: warning: pointer targets in passing argument 1 of ‘strlen’ differ in signedness [-Wpointer-sign]
    /usr/include/string.h:399:15: note: expected ‘const char *’ but argument is of type ‘yaml_char_t *’
    ext/_yaml.c:7288:7: warning: pointer targets in passing argument 1 of ‘PyUnicodeUCS4_DecodeUTF8’ differ in signedness [-Wpointer-sign]
    /opt/python/2.7.9/include/python2.7/unicodeobject.h:750:23: note: expected ‘const char *’ but argument is of type ‘yaml_char_t *’
    ext/_yaml.c: In function ‘__pyx_f_5_yaml_7CParser__compose_node’:
    ext/_yaml.c:8704:5: warning: pointer targets in passing argument 1 of ‘strlen’ differ in signedness [-Wpointer-sign]
    /usr/include/string.h:399:15: note: expected ‘const char *’ but argument is of type ‘yaml_char_t *’
    ext/_yaml.c:8704:5: warning: pointer targets in passing argument 1 of ‘PyUnicodeUCS4_DecodeUTF8’ differ in signedness [-Wpointer-sign]
    /opt/python/2.7.9/include/python2.7/unicodeobject.h:750:23: note: expected ‘const char *’ but argument is of type ‘yaml_char_t *’
    ext/_yaml.c:8924:5: warning: pointer targets in passing argument 1 of ‘strlen’ differ in signedness [-Wpointer-sign]
    /usr/include/string.h:399:15: note: expected ‘const char *’ but argument is of type ‘yaml_char_t *’
    ext/_yaml.c:8924:5: warning: pointer targets in passing argument 1 of ‘PyUnicodeUCS4_DecodeUTF8’ differ in signedness [-Wpointer-sign]
    /opt/python/2.7.9/include/python2.7/unicodeobject.h:750:23: note: expected ‘const char *’ but argument is of type ‘yaml_char_t *’
    ext/_yaml.c:8962:5: warning: pointer targets in passing argument 1 of ‘strlen’ differ in signedness [-Wpointer-sign]
    /usr/include/string.h:399:15: note: expected ‘const char *’ but argument is of type ‘yaml_char_t *’
    ext/_yaml.c:8962:5: warning: pointer targets in passing argument 1 of ‘PyUnicodeUCS4_DecodeUTF8’ differ in signedness [-Wpointer-sign]
    /opt/python/2.7.9/include/python2.7/unicodeobject.h:750:23: note: expected ‘const char *’ but argument is of type ‘yaml_char_t *’
    ext/_yaml.c:9000:5: warning: pointer targets in passing argument 1 of ‘strlen’ differ in signedness [-Wpointer-sign]
    /usr/include/string.h:399:15: note: expected ‘const char *’ but argument is of type ‘yaml_char_t *’
    ext/_yaml.c:9000:5: warning: pointer targets in passing argument 1 of ‘PyUnicodeUCS4_DecodeUTF8’ differ in signedness [-Wpointer-sign]
    /opt/python/2.7.9/include/python2.7/unicodeobject.h:750:23: note: expected ‘const char *’ but argument is of type ‘yaml_char_t *’
    ext/_yaml.c: In function ‘__pyx_f_5_yaml_7CParser__compose_scalar_node’:
    ext/_yaml.c:9532:3: warning: pointer targets in passing argument 1 of ‘PyUnicodeUCS4_DecodeUTF8’ differ in signedness [-Wpointer-sign]
    /opt/python/2.7.9/include/python2.7/unicodeobject.h:750:23: note: expected ‘const char *’ but argument is of type ‘yaml_char_t *’
    ext/_yaml.c:9688:5: warning: pointer targets in passing argument 1 of ‘strlen’ differ in signedness [-Wpointer-sign]
    /usr/include/string.h:399:15: note: expected ‘const char *’ but argument is of type ‘yaml_char_t *’
    ext/_yaml.c:9688:5: warning: pointer targets in passing argument 1 of ‘PyUnicodeUCS4_DecodeUTF8’ differ in signedness [-Wpointer-sign]
    /opt/python/2.7.9/include/python2.7/unicodeobject.h:750:23: note: expected ‘const char *’ but argument is of type ‘yaml_char_t *’
    ext/_yaml.c: In function ‘__pyx_f_5_yaml_7CParser__compose_sequence_node’:
    ext/_yaml.c:10128:5: warning: pointer targets in passing argument 1 of ‘strlen’ differ in signedness [-Wpointer-sign]
    /usr/include/string.h:399:15: note: expected ‘const char *’ but argument is of type ‘yaml_char_t *’
    ext/_yaml.c:10128:5: warning: pointer targets in passing argument 1 of ‘PyUnicodeUCS4_DecodeUTF8’ differ in signedness [-Wpointer-sign]
    /opt/python/2.7.9/include/python2.7/unicodeobject.h:750:23: note: expected ‘const char *’ but argument is of type ‘yaml_char_t *’
    ext/_yaml.c: In function ‘__pyx_f_5_yaml_7CParser__compose_mapping_node’:
    ext/_yaml.c:10654:5: warning: pointer targets in passing argument 1 of ‘strlen’ differ in signedness [-Wpointer-sign]
    /usr/include/string.h:399:15: note: expected ‘const char *’ but argument is of type ‘yaml_char_t *’
    ext/_yaml.c:10654:5: warning: pointer targets in passing argument 1 of ‘PyUnicodeUCS4_DecodeUTF8’ differ in signedness [-Wpointer-sign]
    /opt/python/2.7.9/include/python2.7/unicodeobject.h:750:23: note: expected ‘const char *’ but argument is of type ‘yaml_char_t *’
    ext/_yaml.c: In function ‘__pyx_pf_5_yaml_8CEmitter___init__’:
    ext/_yaml.c:11721:3: warning: passing argument 2 of ‘yaml_emitter_set_output’ from incompatible pointer type [enabled by default]
    /usr/include/yaml.h:1829:1: note: expected ‘int (*)(void *, unsigned char *, size_t)’ but argument is of type ‘int (*)(void *, char *, int)’
    ext/_yaml.c: In function ‘__pyx_f_5_yaml_8CEmitter__object_to_event’:
    ext/_yaml.c:12898:44: warning: pointer targets in assignment differ in signedness [-Wpointer-sign]
    ext/_yaml.c:12991:44: warning: pointer targets in assignment differ in signedness [-Wpointer-sign]
    ext/_yaml.c:13248:5: warning: pointer targets in passing argument 2 of ‘yaml_alias_event_initialize’ differ in signedness [-Wpointer-sign]
    /usr/include/yaml.h:553:1: note: expected ‘yaml_char_t *’ but argument is of type ‘char *’
    ext/_yaml.c:13824:5: warning: pointer targets in passing argument 2 of ‘yaml_scalar_event_initialize’ differ in signedness [-Wpointer-sign]
    /usr/include/yaml.h:578:1: note: expected ‘yaml_char_t *’ but argument is of type ‘char *’
    ext/_yaml.c:13824:5: warning: pointer targets in passing argument 3 of ‘yaml_scalar_event_initialize’ differ in signedness [-Wpointer-sign]
    /usr/include/yaml.h:578:1: note: expected ‘yaml_char_t *’ but argument is of type ‘char *’
    ext/_yaml.c:13824:5: warning: pointer targets in passing argument 4 of ‘yaml_scalar_event_initialize’ differ in signedness [-Wpointer-sign]
    /usr/include/yaml.h:578:1: note: expected ‘yaml_char_t *’ but argument is of type ‘char *’
    ext/_yaml.c:14166:5: warning: pointer targets in passing argument 2 of ‘yaml_sequence_start_event_initialize’ differ in signedness [-Wpointer-sign]
    /usr/include/yaml.h:601:1: note: expected ‘yaml_char_t *’ but argument is of type ‘char *’
    ext/_yaml.c:14166:5: warning: pointer targets in passing argument 3 of ‘yaml_sequence_start_event_initialize’ differ in signedness [-Wpointer-sign]
    /usr/include/yaml.h:601:1: note: expected ‘yaml_char_t *’ but argument is of type ‘char *’
    ext/_yaml.c:14508:5: warning: pointer targets in passing argument 2 of ‘yaml_mapping_start_event_initialize’ differ in signedness [-Wpointer-sign]
    /usr/include/yaml.h:633:1: note: expected ‘yaml_char_t *’ but argument is of type ‘char *’
    ext/_yaml.c:14508:5: warning: pointer targets in passing argument 3 of ‘yaml_mapping_start_event_initialize’ differ in signedness [-Wpointer-sign]
    /usr/include/yaml.h:633:1: note: expected ‘yaml_char_t *’ but argument is of type ‘char *’
    ext/_yaml.c: In function ‘__pyx_pf_5_yaml_8CEmitter_12serialize’:
    ext/_yaml.c:15784:42: warning: pointer targets in assignment differ in signedness [-Wpointer-sign]
    ext/_yaml.c:15877:42: warning: pointer targets in assignment differ in signedness [-Wpointer-sign]
    ext/_yaml.c: In function ‘__pyx_f_5_yaml_8CEmitter__serialize_node’:
    ext/_yaml.c:16616:5: warning: pointer targets in passing argument 2 of ‘yaml_alias_event_initialize’ differ in signedness [-Wpointer-sign]
    /usr/include/yaml.h:553:1: note: expected ‘yaml_char_t *’ but argument is of type ‘char *’
    ext/_yaml.c:17195:7: warning: pointer targets in passing argument 2 of ‘yaml_scalar_event_initialize’ differ in signedness [-Wpointer-sign]
    /usr/include/yaml.h:578:1: note: expected ‘yaml_char_t *’ but argument is of type ‘char *’
    ext/_yaml.c:17195:7: warning: pointer targets in passing argument 3 of ‘yaml_scalar_event_initialize’ differ in signedness [-Wpointer-sign]
    /usr/include/yaml.h:578:1: note: expected ‘yaml_char_t *’ but argument is of type ‘char *’
    ext/_yaml.c:17195:7: warning: pointer targets in passing argument 4 of ‘yaml_scalar_event_initialize’ differ in signedness [-Wpointer-sign]
    /usr/include/yaml.h:578:1: note: expected ‘yaml_char_t *’ but argument is of type ‘char *’
    ext/_yaml.c:17473:7: warning: pointer targets in passing argument 2 of ‘yaml_sequence_start_event_initialize’ differ in signedness [-Wpointer-sign]
    /usr/include/yaml.h:601:1: note: expected ‘yaml_char_t *’ but argument is of type ‘char *’
    ext/_yaml.c:17473:7: warning: pointer targets in passing argument 3 of ‘yaml_sequence_start_event_initialize’ differ in signedness [-Wpointer-sign]
    /usr/include/yaml.h:601:1: note: expected ‘yaml_char_t *’ but argument is of type ‘char *’
    ext/_yaml.c:17874:7: warning: pointer targets in passing argument 2 of ‘yaml_mapping_start_event_initialize’ differ in signedness [-Wpointer-sign]
    /usr/include/yaml.h:633:1: note: expected ‘yaml_char_t *’ but argument is of type ‘char *’
    ext/_yaml.c:17874:7: warning: pointer targets in passing argument 3 of ‘yaml_mapping_start_event_initialize’ differ in signedness [-Wpointer-sign]
    /usr/include/yaml.h:633:1: note: expected ‘yaml_char_t *’ but argument is of type ‘char *’
    gcc -pthread -shared -L/opt/python/2.7.9/lib -Wl,-rpath=/opt/python/2.7.9/lib build/temp.linux-x86_64-2.7/ext/_yaml.o -L/opt/python/2.7.9/lib -lyaml -lpython2.7 -o build/lib.linux-x86_64-2.7/_yaml.so

Successfully installed Jinja2-2.8 MarkupSafe-1.1.1 PyYAML-3.11 Pygments-2.6.1 alabaster-0.7.12 appdirs-1.4.4 babel-2.8.0 configparser contextlib2-0.6.0.post1 distlib-0.3.1 docutils-0.16 filelock-3.0.12 importlib-metadata-1.7.0 importlib-resources-3.0.0 pathlib2-2.3.5 pluggy-0.3.1 pytz-2020.1 scandir-1.10.0 singledispatch-3.4.0.3 six-1.15.0 snowballstemmer-2.0.0 sphinx-1.3.1 sphinx-rtd-theme-0.1.9 tox-2.1.1 typing-3.7.4.1 virtualenv-20.0.25 zipp

travis_time:end:1557fefa:start=1593751590098874869,finish=1593751611758675925,duration=21659801056[0Ktravis_fold:end:install[0Ktravis_time:start:0af1ed48[0K$ if test x"$TOKENV" != x'py24' ; then  tox ; fi
GLOB sdist-make: /home/travis/build/failed/ansible/ansible/setup.py
ERROR: invocation failed (exit code 1), logfile: /home/travis/build/failed/ansible/ansible/.tox/log/tox-0.log
ERROR: actionid: tox
msg: packaging
cmdargs: ['/home/travis/virtualenv/python2.7.9/bin/python', local('/home/travis/build/failed/ansible/ansible/setup.py'), 'sdist', '--formats=zip', '--dist-dir', local('/home/travis/build/failed/ansible/ansible/.tox/dist')]
env: None

running sdist
running egg_info
creating lib/ansible.egg-info
writing requirements to lib/ansible.egg-info/requires.txt
writing lib/ansible.egg-info/PKG-INFO
writing top-level names to lib/ansible.egg-info/top_level.txt
writing dependency_links to lib/ansible.egg-info/dependency_links.txt
writing manifest file 'lib/ansible.egg-info/SOURCES.txt'
reading manifest file 'lib/ansible.egg-info/SOURCES.txt'
reading manifest template 'MANIFEST.in'
no previously-included directories found matching 'v2'
no previously-included directories found matching 'docsite'
no previously-included directories found matching 'ticket_stubs'
no previously-included directories found matching 'packaging'
no previously-included directories found matching 'test'
no previously-included directories found matching 'hacking'
no previously-included directories found matching 'lib/ansible/modules/core/.git'
no previously-included directories found matching 'lib/ansible/modules/extras/.git'
writing manifest file 'lib/ansible.egg-info/SOURCES.txt'
warning: sdist: standard file not found: should have one of README, README.rst, README.txt

running check
Traceback (most recent call last):
  File "setup.py", line 52, in <module>
    data_files=[],
  File "/opt/python/2.7.9/lib/python2.7/distutils/core.py", line 151, in setup
    dist.run_commands()
  File "/opt/python/2.7.9/lib/python2.7/distutils/dist.py", line 953, in run_commands
    self.run_command(cmd)
  File "/opt/python/2.7.9/lib/python2.7/distutils/dist.py", line 972, in run_command
    cmd_obj.run()
  File "/home/travis/virtualenv/python2.7.9/lib/python2.7/site-packages/setuptools/command/sdist.py", line 48, in run
    self.run_command(cmd_name)
  File "/opt/python/2.7.9/lib/python2.7/distutils/cmd.py", line 326, in run_command
    self.distribution.run_command(command)
  File "/opt/python/2.7.9/lib/python2.7/distutils/dist.py", line 970, in run_command
    cmd_obj = self.get_command_obj(command)
  File "/opt/python/2.7.9/lib/python2.7/distutils/dist.py", line 845, in get_command_obj
    klass = self.get_command_class(command)
  File "/home/travis/virtualenv/python2.7.9/lib/python2.7/site-packages/setuptools/dist.py", line 431, in get_command_class
    return _Distribution.get_command_class(self, command)
  File "/opt/python/2.7.9/lib/python2.7/distutils/dist.py", line 815, in get_command_class
    __import__ (module_name)
  File "/opt/python/2.7.9/lib/python2.7/distutils/command/check.py", line 14, in <module>
    from docutils.parsers.rst import Parser
  File "/home/travis/virtualenv/python2.7.9/lib/python2.7/site-packages/docutils/parsers/rst/__init__.py", line 75, in <module>
    from docutils.parsers.rst import roles, states
  File "/home/travis/virtualenv/python2.7.9/lib/python2.7/site-packages/docutils/parsers/rst/roles.py", line 78, in <module>
    from docutils.utils.code_analyzer import Lexer, LexerError
  File "/home/travis/virtualenv/python2.7.9/lib/python2.7/site-packages/docutils/utils/code_analyzer.py", line 19, in <module>
    from pygments.formatters.html import _get_ttype_class
  File "/home/travis/virtualenv/python2.7.9/lib/python2.7/site-packages/pygments/formatters/html.py", line 554
    file=sys.stderr)
        ^
SyntaxError: invalid syntax

ERROR: FAIL could not package project - v = InvocationError('/home/travis/virtualenv/python2.7.9/bin/python /home/travis/build/failed/ansible/ansible/setup.py sdist --formats=zip --dist-dir /home/travis/build/failed/ansible/ansible/.tox/dist (see /home/travis/build/failed/ansible/ansible/.tox/log/tox-0.log)', 1)

travis_time:end:0af1ed48:start=1593751611767434161,finish=1593751627438320490,duration=15670886329[0K
[31;1mThe command "if test x"$TOKENV" != x'py24' ; then  tox ; fi" exited with 2.[0m
travis_time:start:1bc3e564[0K$ if test x"$TOKENV" = x'py24' ; then python2.4 -V && python2.4 -m compileall -fq -x 'module_utils/(a10|rax|openstack|ec2|gce).py' lib/ansible/module_utils ; fi

travis_time:end:1bc3e564:start=1593751627444792046,finish=1593751627450099788,duration=5307742[0K
[32;1mThe command "if test x"$TOKENV" = x'py24' ; then python2.4 -V && python2.4 -m compileall -fq -x 'module_utils/(a10|rax|openstack|ec2|gce).py' lib/ansible/module_utils ; fi" exited with 0.[0m
travis_time:start:0210d5a3[0K$ source ./hacking/env-setup && cd test/integration/ && make test_var_precedence
running egg_info
creating lib/ansible.egg-info
writing requirements to lib/ansible.egg-info/requires.txt
writing lib/ansible.egg-info/PKG-INFO
writing top-level names to lib/ansible.egg-info/top_level.txt
writing dependency_links to lib/ansible.egg-info/dependency_links.txt
writing manifest file 'lib/ansible.egg-info/SOURCES.txt'
reading manifest file 'lib/ansible.egg-info/SOURCES.txt'
reading manifest template 'MANIFEST.in'
writing manifest file 'lib/ansible.egg-info/SOURCES.txt'

Setting up Ansible to run out of checkout...

PATH=/home/travis/build/failed/ansible/ansible/bin:/home/travis/virtualenv/python2.7.9/bin:/home/travis/bin:/home/travis/.local/bin:/home/travis/.rvm/gems/ruby-1.9.3-p551/bin:/home/travis/.rvm/gems/ruby-1.9.3-p551@global/bin:/home/travis/.rvm/rubies/ruby-1.9.3-p551/bin:/opt/python/2.7.9/bin:/opt/python/2.6.9/bin:/opt/python/3.4.2/bin:/opt/python/3.3.5/bin:/opt/python/3.2.5/bin:/opt/python/pypy-2.5.0/bin:/opt/python/pypy3-2.4.0/bin:/usr/local/phantomjs/bin:/home/travis/.nvm/v0.10.36/bin:./node_modules/.bin:/usr/local/maven-3.2.5/bin:/usr/local/clang-3.4/bin:/home/travis/.gimme/versions/go1.4.1.linux.amd64/bin:/usr/local/sbin:/usr/local/bin:/usr/sbin:/usr/bin:/sbin:/bin:/home/travis/.rvm/bin
PYTHONPATH=/home/travis/build/failed/ansible/ansible/lib:
MANPATH=/home/travis/build/failed/ansible/ansible/docs/man:/home/travis/.nvm/v0.10.36/share/man:/usr/local/clang-3.4/share/man:/usr/local/man:/usr/local/share/man:/usr/share/man

Remember, you may wish to specify your host file with -i

Done!

ansible-playbook test_var_precedence.yml -i inventory   -v -e 'extra_var=extra_var' -e 'extra_var_override=extra_var_override'
No config file found; using defaults

PLAY ***************************************************************************

TASK [setup] *******************************************************************
ok: [testhost]

TASK [test_var_precedence_dep : debug var=extra_var] ***************************
ok: [testhost] => {
    "changed": false, 
    "extra_var": "VARIABLE IS NOT DEFINED!"
}

TASK [test_var_precedence_dep : debug var=param_var] ***************************
ok: [testhost] => {
    "changed": false, 
    "param_var": "VARIABLE IS NOT DEFINED!"
}

TASK [test_var_precedence_dep : debug var=vars_var] ****************************
ok: [testhost] => {
    "changed": false, 
    "vars_var": "VARIABLE IS NOT DEFINED!"
}

TASK [test_var_precedence_dep : debug var=vars_files_var] **********************
ok: [testhost] => {
    "changed": false, 
    "vars_files_var": "VARIABLE IS NOT DEFINED!"
}

TASK [test_var_precedence_dep : debug var=vars_files_var_role] *****************
ok: [testhost] => {
    "changed": false, 
    "vars_files_var_role": "vars_files_var_dep"
}

TASK [test_var_precedence_dep : debug var=defaults_file_var_role1] *************
ok: [testhost] => {
    "changed": false, 
    "defaults_file_var_role1": "VARIABLE IS NOT DEFINED!"
}

TASK [test_var_precedence_dep : assert that=[u'extra_var == "extra_var"', u'param_var == "param_var"', u'vars_var == "vars_var"', u'vars_files_var == "vars_files_var"', u'vars_files_var_role == "vars_files_var_dep"', u'defaults_file_var_role1 == "defaults_file_var_role1"']] ***
ok: [testhost] => {"changed": false, "msg": "all assertions passed"}

TASK [test_var_precedence_role1 : debug var=extra_var] *************************
ok: [testhost] => {
    "changed": false, 
    "extra_var": "VARIABLE IS NOT DEFINED!"
}

TASK [test_var_precedence_role1 : debug var=param_var] *************************
ok: [testhost] => {
    "changed": false, 
    "param_var": "param_var_role1"
}

TASK [test_var_precedence_role1 : debug var=vars_var] **************************
ok: [testhost] => {
    "changed": false, 
    "vars_var": "VARIABLE IS NOT DEFINED!"
}

TASK [test_var_precedence_role1 : debug var=vars_files_var] ********************
ok: [testhost] => {
    "changed": false, 
    "vars_files_var": "VARIABLE IS NOT DEFINED!"
}

TASK [test_var_precedence_role1 : debug var=vars_files_var_role] ***************
ok: [testhost] => {
    "changed": false, 
    "vars_files_var_role": "vars_files_var_role1"
}

TASK [test_var_precedence_role1 : debug var=defaults_file_var_role1] ***********
ok: [testhost] => {
    "changed": false, 
    "defaults_file_var_role1": "VARIABLE IS NOT DEFINED!"
}

TASK [test_var_precedence_role1 : assert that=[u'extra_var == "extra_var"', u'param_var == "param_var_role1"', u'vars_var == "vars_var"', u'vars_files_var == "vars_files_var"', u'vars_files_var_role == "vars_files_var_role1"', u'defaults_file_var_role1 == "defaults_file_var_role1"']] ***
ok: [testhost] => {"changed": false, "msg": "all assertions passed"}

TASK [test_var_precedence_role2 : debug var=extra_var] *************************
ok: [testhost] => {
    "changed": false, 
    "extra_var": "VARIABLE IS NOT DEFINED!"
}

TASK [test_var_precedence_role2 : debug var=param_var] *************************
ok: [testhost] => {
    "changed": false, 
    "param_var": "param_var_role2"
}

TASK [test_var_precedence_role2 : debug var=vars_var] **************************
ok: [testhost] => {
    "changed": false, 
    "vars_var": "VARIABLE IS NOT DEFINED!"
}

TASK [test_var_precedence_role2 : debug var=vars_files_var] ********************
ok: [testhost] => {
    "changed": false, 
    "vars_files_var": "VARIABLE IS NOT DEFINED!"
}

TASK [test_var_precedence_role2 : debug var=vars_files_var_role] ***************
ok: [testhost] => {
    "changed": false, 
    "vars_files_var_role": "vars_files_var_role2"
}

TASK [test_var_precedence_role2 : debug var=defaults_file_var_role1] ***********
ok: [testhost] => {
    "changed": false, 
    "defaults_file_var_role1": "VARIABLE IS NOT DEFINED!"
}

TASK [test_var_precedence_role2 : assert that=[u'extra_var == "extra_var"', u'param_var == "param_var_role2"', u'vars_var == "vars_var"', u'vars_files_var == "vars_files_var"', u'vars_files_var_role == "vars_files_var_role2"', u'defaults_file_var_role2 == "overridden by role vars"']] ***
ok: [testhost] => {"changed": false, "msg": "all assertions passed"}

TASK [test_var_precedence_role3 : debug var=extra_var] *************************
ok: [testhost] => {
    "changed": false, 
    "extra_var": "VARIABLE IS NOT DEFINED!"
}

TASK [test_var_precedence_role3 : debug var=param_var] *************************
ok: [testhost] => {
    "changed": false, 
    "param_var": "param_var_role3"
}

TASK [test_var_precedence_role3 : debug var=vars_var] **************************
ok: [testhost] => {
    "changed": false, 
    "vars_var": "VARIABLE IS NOT DEFINED!"
}

TASK [test_var_precedence_role3 : debug var=vars_files_var] ********************
ok: [testhost] => {
    "changed": false, 
    "vars_files_var": "VARIABLE IS NOT DEFINED!"
}

TASK [test_var_precedence_role3 : debug var=vars_files_var_role] ***************
ok: [testhost] => {
    "changed": false, 
    "vars_files_var_role": "vars_files_var_role3"
}

TASK [test_var_precedence_role3 : debug var=defaults_file_var_role1] ***********
ok: [testhost] => {
    "changed": false, 
    "defaults_file_var_role1": "VARIABLE IS NOT DEFINED!"
}

TASK [test_var_precedence_role3 : assert that=[u'extra_var == "extra_var"', u'param_var == "param_var_role3"', u'vars_var == "vars_var"', u'vars_files_var == "vars_files_var"', u'vars_files_var_role == "vars_files_var_role3"', u'defaults_file_var_role3 == "overridden from inventory"']] ***
ok: [testhost] => {"changed": false, "msg": "all assertions passed"}

TASK [test_var_precedence : debug var=extra_var] *******************************
ok: [testhost] => {
    "changed": false, 
    "extra_var": "VARIABLE IS NOT DEFINED!"
}

TASK [test_var_precedence : debug var=vars_var] ********************************
ok: [testhost] => {
    "changed": false, 
    "vars_var": "VARIABLE IS NOT DEFINED!"
}

TASK [test_var_precedence : debug var=vars_files_var] **************************
ok: [testhost] => {
    "changed": false, 
    "vars_files_var": "VARIABLE IS NOT DEFINED!"
}

TASK [test_var_precedence : debug var=vars_files_var_role] *********************
ok: [testhost] => {
    "changed": false, 
    "vars_files_var_role": "vars_files_var_role3"
}

TASK [test_var_precedence : assert that=[u'extra_var == "extra_var"', u'vars_var == "vars_var"', u'vars_files_var == "vars_files_var"', u'vars_files_var_role == "vars_files_var_role3"']] ***
ok: [testhost] => {"changed": false, "msg": "all assertions passed"}

TASK [register a result] *******************************************************
changed: [testhost] => {"changed": true, "cmd": ["echo", "BAD!"], "delta": "0:00:00.182099", "end": "2020-07-03 04:47:21.860462", "rc": 0, "start": "2020-07-03 04:47:21.678363", "stderr": "", "stdout": "BAD!", "stdout_lines": ["BAD!"], "warnings": []}

TASK [use set_fact to override the registered_var] *****************************
ok: [testhost] => {"ansible_facts": {"registered_var": "this is from set_fact"}, "changed": false}

TASK [debug var=extra_var] *****************************************************
ok: [testhost] => {
    "changed": false, 
    "extra_var": "VARIABLE IS NOT DEFINED!"
}

TASK [debug var=extra_var_override_once_removed] *******************************
ok: [testhost] => {
    "changed": false, 
    "extra_var_override_once_removed": "extra_var_override"
}

TASK [debug var=vars_var] ******************************************************
ok: [testhost] => {
    "changed": false, 
    "vars_var": "VARIABLE IS NOT DEFINED!"
}

TASK [debug var=vars_files_var] ************************************************
ok: [testhost] => {
    "changed": false, 
    "vars_files_var": "VARIABLE IS NOT DEFINED!"
}

TASK [debug var=vars_files_var_role] *******************************************
ok: [testhost] => {
    "changed": false, 
    "vars_files_var_role": "vars_files_var_role3"
}

TASK [debug var=registered_var] ************************************************
ok: [testhost] => {
    "changed": false, 
    "registered_var": {
        "changed": true, 
        "cmd": [
            "echo", 
            "BAD!"
        ], 
        "delta": "0:00:00.182099", 
        "end": "2020-07-03 04:47:21.860462", 
        "rc": 0, 
        "start": "2020-07-03 04:47:21.678363", 
        "stderr": "", 
        "stdout": "BAD!", 
        "stdout_lines": [
            "BAD!"
        ], 
        "warnings": []
    }
}

TASK [debug var=from_inventory_once_removed] ***********************************
ok: [testhost] => {
    "changed": false, 
    "from_inventory_once_removed": "inventory_var"
}

TASK [assert that=[u'extra_var == "extra_var"', u'extra_var_override == "extra_var_override"', u'extra_var_override_once_removed == "extra_var_override"', u'vars_var == "vars_var"', u'vars_files_var == "vars_files_var"', u'vars_files_var_role == "vars_files_var_role3"', u'registered_var == "this is from set_fact"', u'from_inventory_once_removed == "inventory_var"']] ***
fatal: [testhost]: FAILED! => {"assertion": "registered_var == \"this is from set_fact\"", "changed": false, "evaluated_to": false, "failed": true}

PLAY RECAP *********************************************************************
testhost                   : ok=43   changed=1    unreachable=0    failed=1   


travis_time:end:0210d5a3:start=1593751627464333843,finish=1593751642637654229,duration=15173320386[0K
[31;1mThe command "source ./hacking/env-setup && cd test/integration/ && make test_var_precedence" exited with 2.[0m

Done. Your build exited with 1.
