travis_fold:start:system_info[0K[33;1mBuild system information[0m
Build language: python
Build id: ''
Job id: ''
[34m[1mBuild image provisioning date and time[0m
Thu Feb  5 15:09:33 UTC 2015
[34m[1mOperating System Details[0m
Distributor ID:	Ubuntu
Description:	Ubuntu 12.04.5 LTS
Release:	12.04
Codename:	precise
[34m[1mLinux Version[0m
3.13.0-29-generic
[34m[1mCookbooks Version[0m
a68419e https://github.com/travis-ci/travis-cookbooks/tree/a68419e
[34m[1mGCC version[0m
gcc (Ubuntu/Linaro 4.6.3-1ubuntu5) 4.6.3
Copyright (C) 2011 Free Software Foundation, Inc.
This is free software; see the source for copying conditions.  There is NO
warranty; not even for MERCHANTABILITY or FITNESS FOR A PARTICULAR PURPOSE.

[34m[1mLLVM version[0m
clang version 3.4 (tags/RELEASE_34/final)
Target: x86_64-unknown-linux-gnu
Thread model: posix
[34m[1mPre-installed Ruby versions[0m
ruby-1.9.3-p551
[34m[1mPre-installed Node.js versions[0m
v0.10.36
[34m[1mPre-installed Go versions[0m
1.4.1
[34m[1mRedis version[0m
redis-server 2.8.19
[34m[1mriak version[0m
2.0.2
[34m[1mMongoDB version[0m
MongoDB 2.4.12
[34m[1mCouchDB version[0m
couchdb 1.6.1
[34m[1mNeo4j version[0m
1.9.4
[34m[1mRabbitMQ Version[0m
3.4.3
[34m[1mElasticSearch version[0m
1.4.0
[34m[1mInstalled Sphinx versions[0m
2.0.10
2.1.9
2.2.6
[34m[1mDefault Sphinx version[0m
2.2.6
[34m[1mInstalled Firefox version[0m
firefox 31.0esr
[34m[1mPhantomJS version[0m
1.9.8
[34m[1mant -version[0m
Apache Ant(TM) version 1.8.2 compiled on December 3 2011
[34m[1mmvn -version[0m
Apache Maven 3.2.5 (12a6b3acb947671f09b81f49094c53f426d8cea1; 2014-12-14T17:29:23+00:00)
Maven home: /usr/local/maven
Java version: 1.7.0_76, vendor: Oracle Corporation
Java home: /usr/lib/jvm/java-7-oracle/jre
Default locale: en_US, platform encoding: ANSI_X3.4-1968
OS name: "linux", version: "3.13.0-29-generic", arch: "amd64", family: "unix"
travis_fold:end:system_info[0K
$ cd failed/paramiko/paramiko
travis_time:start:149512a0[0K$ source ~/virtualenv/python3.4/bin/activate

travis_time:end:149512a0:start=1593809555059081615,finish=1593809555067832070,duration=8750455[0K$ python --version
Python 3.4.2
$ pip --version
pip 6.0.7 from /home/travis/virtualenv/python3.4.2/lib/python3.4/site-packages (python 3.4)
travis_fold:start:install.1[0Ktravis_time:start:0317d9c0[0K$ pip install -e .
Obtaining file:///home/travis/build/failed/paramiko/paramiko
Collecting pycrypto!=2.4,>=2.1 (from paramiko==1.13.3)
  Downloading https://files.pythonhosted.org/packages/60/db/645aa9af249f059cc3a368b118de33889219e0362141e75d4eaf6f80f163/pycrypto-2.6.1.tar.gz (446kB)
Collecting ecdsa (from paramiko==1.13.3)
  Downloading https://files.pythonhosted.org/packages/b8/11/4b4d30e4746584684c758d8f1ddc1fa5ab1470b6bf70bce4d9b235965e99/ecdsa-0.15-py2.py3-none-any.whl (100kB)
Collecting six>=1.9.0 (from ecdsa->paramiko==1.13.3)
  Downloading https://files.pythonhosted.org/packages/ee/ff/48bde5c0f013094d729fe4b0316ba2a24774b3ff1c52d924a8a4cb04078a/six-1.15.0-py2.py3-none-any.whl
Installing collected packages: six, paramiko, ecdsa, pycrypto

  Running setup.py develop for paramiko
    Creating /home/travis/virtualenv/python3.4.2/lib/python3.4/site-packages/paramiko.egg-link (link to .)
    Adding paramiko 1.13.3 to easy-install.pth file
    Installed /home/travis/build/failed/paramiko/paramiko

  Running setup.py install for pycrypto
    checking for gcc... gcc
    checking whether the C compiler works... yes
    checking for C compiler default output file name... a.out
    checking for suffix of executables...
    checking whether we are cross compiling... no
    checking for suffix of object files... o
    checking whether we are using the GNU C compiler... yes
    checking whether gcc accepts -g... yes
    checking for gcc option to accept ISO C89... none needed
    checking for __gmpz_init in -lgmp... no
    checking for __gmpz_init in -lmpir... no
    checking whether mpz_powm is declared... no
    checking whether mpz_powm_sec is declared... no
    checking how to run the C preprocessor... gcc -E
    checking for grep that handles long lines and -e... /bin/grep
    checking for egrep... /bin/grep -E
    checking for ANSI C header files... yes
    checking for sys/types.h... yes
    checking for sys/stat.h... yes
    checking for stdlib.h... yes
    checking for string.h... yes
    checking for memory.h... yes
    checking for strings.h... yes
    checking for inttypes.h... yes
    checking for stdint.h... yes
    checking for unistd.h... yes
    checking for inttypes.h... (cached) yes
    checking limits.h usability... yes
    checking limits.h presence... yes
    checking for limits.h... yes
    checking stddef.h usability... yes
    checking stddef.h presence... yes
    checking for stddef.h... yes
    checking for stdint.h... (cached) yes
    checking for stdlib.h... (cached) yes
    checking for string.h... (cached) yes
    checking wchar.h usability... yes
    checking wchar.h presence... yes
    checking for wchar.h... yes
    checking for inline... inline
    checking for int16_t... yes
    checking for int32_t... yes
    checking for int64_t... yes
    checking for int8_t... yes
    checking for size_t... yes
    checking for uint16_t... yes
    checking for uint32_t... yes
    checking for uint64_t... yes
    checking for uint8_t... yes
    checking for stdlib.h... (cached) yes
    checking for GNU libc compatible malloc... yes
    checking for memmove... yes
    checking for memset... yes
    configure: creating ./config.status
    config.status: creating src/config.h
    building 'Crypto.Hash._MD2' extension
    gcc -pthread -Wno-unused-result -fwrapv -Wall -Wstrict-prototypes -fstack-protector --param=ssp-buffer-size=4 -Wformat -Werror=format-security -fPIC -std=c99 -O3 -fomit-frame-pointer -Isrc/ -I/opt/python/3.4.2/include/python3.4m -c src/MD2.c -o build/temp.linux-x86_64-3.4/src/MD2.o
    gcc -pthread -shared -L/opt/python/3.4.2/lib -Wl,-rpath=/opt/python/3.4.2/lib build/temp.linux-x86_64-3.4/src/MD2.o -L/opt/python/3.4.2/lib -lpython3.4m -o build/lib.linux-x86_64-3.4/Crypto/Hash/_MD2.cpython-34m.so
    building 'Crypto.Hash._MD4' extension
    gcc -pthread -Wno-unused-result -fwrapv -Wall -Wstrict-prototypes -fstack-protector --param=ssp-buffer-size=4 -Wformat -Werror=format-security -fPIC -std=c99 -O3 -fomit-frame-pointer -Isrc/ -I/opt/python/3.4.2/include/python3.4m -c src/MD4.c -o build/temp.linux-x86_64-3.4/src/MD4.o
    gcc -pthread -shared -L/opt/python/3.4.2/lib -Wl,-rpath=/opt/python/3.4.2/lib build/temp.linux-x86_64-3.4/src/MD4.o -L/opt/python/3.4.2/lib -lpython3.4m -o build/lib.linux-x86_64-3.4/Crypto/Hash/_MD4.cpython-34m.so
    building 'Crypto.Hash._SHA256' extension
    gcc -pthread -Wno-unused-result -fwrapv -Wall -Wstrict-prototypes -fstack-protector --param=ssp-buffer-size=4 -Wformat -Werror=format-security -fPIC -std=c99 -O3 -fomit-frame-pointer -Isrc/ -I/opt/python/3.4.2/include/python3.4m -c src/SHA256.c -o build/temp.linux-x86_64-3.4/src/SHA256.o
    gcc -pthread -shared -L/opt/python/3.4.2/lib -Wl,-rpath=/opt/python/3.4.2/lib build/temp.linux-x86_64-3.4/src/SHA256.o -L/opt/python/3.4.2/lib -lpython3.4m -o build/lib.linux-x86_64-3.4/Crypto/Hash/_SHA256.cpython-34m.so
    building 'Crypto.Hash._SHA224' extension
    gcc -pthread -Wno-unused-result -fwrapv -Wall -Wstrict-prototypes -fstack-protector --param=ssp-buffer-size=4 -Wformat -Werror=format-security -fPIC -std=c99 -O3 -fomit-frame-pointer -Isrc/ -I/opt/python/3.4.2/include/python3.4m -c src/SHA224.c -o build/temp.linux-x86_64-3.4/src/SHA224.o
    gcc -pthread -shared -L/opt/python/3.4.2/lib -Wl,-rpath=/opt/python/3.4.2/lib build/temp.linux-x86_64-3.4/src/SHA224.o -L/opt/python/3.4.2/lib -lpython3.4m -o build/lib.linux-x86_64-3.4/Crypto/Hash/_SHA224.cpython-34m.so
    building 'Crypto.Hash._SHA384' extension
    gcc -pthread -Wno-unused-result -fwrapv -Wall -Wstrict-prototypes -fstack-protector --param=ssp-buffer-size=4 -Wformat -Werror=format-security -fPIC -std=c99 -O3 -fomit-frame-pointer -Isrc/ -I/opt/python/3.4.2/include/python3.4m -c src/SHA384.c -o build/temp.linux-x86_64-3.4/src/SHA384.o
    gcc -pthread -shared -L/opt/python/3.4.2/lib -Wl,-rpath=/opt/python/3.4.2/lib build/temp.linux-x86_64-3.4/src/SHA384.o -L/opt/python/3.4.2/lib -lpython3.4m -o build/lib.linux-x86_64-3.4/Crypto/Hash/_SHA384.cpython-34m.so
    building 'Crypto.Hash._SHA512' extension
    gcc -pthread -Wno-unused-result -fwrapv -Wall -Wstrict-prototypes -fstack-protector --param=ssp-buffer-size=4 -Wformat -Werror=format-security -fPIC -std=c99 -O3 -fomit-frame-pointer -Isrc/ -I/opt/python/3.4.2/include/python3.4m -c src/SHA512.c -o build/temp.linux-x86_64-3.4/src/SHA512.o
    gcc -pthread -shared -L/opt/python/3.4.2/lib -Wl,-rpath=/opt/python/3.4.2/lib build/temp.linux-x86_64-3.4/src/SHA512.o -L/opt/python/3.4.2/lib -lpython3.4m -o build/lib.linux-x86_64-3.4/Crypto/Hash/_SHA512.cpython-34m.so
    building 'Crypto.Hash._RIPEMD160' extension
    gcc -pthread -Wno-unused-result -fwrapv -Wall -Wstrict-prototypes -fstack-protector --param=ssp-buffer-size=4 -Wformat -Werror=format-security -fPIC -std=c99 -O3 -fomit-frame-pointer -DPCT_LITTLE_ENDIAN=1 -Isrc/ -I/opt/python/3.4.2/include/python3.4m -c src/RIPEMD160.c -o build/temp.linux-x86_64-3.4/src/RIPEMD160.o
    gcc -pthread -shared -L/opt/python/3.4.2/lib -Wl,-rpath=/opt/python/3.4.2/lib build/temp.linux-x86_64-3.4/src/RIPEMD160.o -L/opt/python/3.4.2/lib -lpython3.4m -o build/lib.linux-x86_64-3.4/Crypto/Hash/_RIPEMD160.cpython-34m.so
    building 'Crypto.Cipher._AES' extension
    gcc -pthread -Wno-unused-result -fwrapv -Wall -Wstrict-prototypes -fstack-protector --param=ssp-buffer-size=4 -Wformat -Werror=format-security -fPIC -std=c99 -O3 -fomit-frame-pointer -Isrc/ -I/opt/python/3.4.2/include/python3.4m -c src/AES.c -o build/temp.linux-x86_64-3.4/src/AES.o
    gcc -pthread -shared -L/opt/python/3.4.2/lib -Wl,-rpath=/opt/python/3.4.2/lib build/temp.linux-x86_64-3.4/src/AES.o -L/opt/python/3.4.2/lib -lpython3.4m -o build/lib.linux-x86_64-3.4/Crypto/Cipher/_AES.cpython-34m.so
    building 'Crypto.Cipher._ARC2' extension
    gcc -pthread -Wno-unused-result -fwrapv -Wall -Wstrict-prototypes -fstack-protector --param=ssp-buffer-size=4 -Wformat -Werror=format-security -fPIC -std=c99 -O3 -fomit-frame-pointer -Isrc/ -I/opt/python/3.4.2/include/python3.4m -c src/ARC2.c -o build/temp.linux-x86_64-3.4/src/ARC2.o
    gcc -pthread -shared -L/opt/python/3.4.2/lib -Wl,-rpath=/opt/python/3.4.2/lib build/temp.linux-x86_64-3.4/src/ARC2.o -L/opt/python/3.4.2/lib -lpython3.4m -o build/lib.linux-x86_64-3.4/Crypto/Cipher/_ARC2.cpython-34m.so
    building 'Crypto.Cipher._Blowfish' extension
    gcc -pthread -Wno-unused-result -fwrapv -Wall -Wstrict-prototypes -fstack-protector --param=ssp-buffer-size=4 -Wformat -Werror=format-security -fPIC -std=c99 -O3 -fomit-frame-pointer -Isrc/ -I/opt/python/3.4.2/include/python3.4m -c src/Blowfish.c -o build/temp.linux-x86_64-3.4/src/Blowfish.o
    gcc -pthread -shared -L/opt/python/3.4.2/lib -Wl,-rpath=/opt/python/3.4.2/lib build/temp.linux-x86_64-3.4/src/Blowfish.o -L/opt/python/3.4.2/lib -lpython3.4m -o build/lib.linux-x86_64-3.4/Crypto/Cipher/_Blowfish.cpython-34m.so
    building 'Crypto.Cipher._CAST' extension
    gcc -pthread -Wno-unused-result -fwrapv -Wall -Wstrict-prototypes -fstack-protector --param=ssp-buffer-size=4 -Wformat -Werror=format-security -fPIC -std=c99 -O3 -fomit-frame-pointer -Isrc/ -I/opt/python/3.4.2/include/python3.4m -c src/CAST.c -o build/temp.linux-x86_64-3.4/src/CAST.o
    gcc -pthread -shared -L/opt/python/3.4.2/lib -Wl,-rpath=/opt/python/3.4.2/lib build/temp.linux-x86_64-3.4/src/CAST.o -L/opt/python/3.4.2/lib -lpython3.4m -o build/lib.linux-x86_64-3.4/Crypto/Cipher/_CAST.cpython-34m.so
    building 'Crypto.Cipher._DES' extension
    gcc -pthread -Wno-unused-result -fwrapv -Wall -Wstrict-prototypes -fstack-protector --param=ssp-buffer-size=4 -Wformat -Werror=format-security -fPIC -std=c99 -O3 -fomit-frame-pointer -Isrc/ -Isrc/libtom/ -I/opt/python/3.4.2/include/python3.4m -c src/DES.c -o build/temp.linux-x86_64-3.4/src/DES.o
    gcc -pthread -shared -L/opt/python/3.4.2/lib -Wl,-rpath=/opt/python/3.4.2/lib build/temp.linux-x86_64-3.4/src/DES.o -L/opt/python/3.4.2/lib -lpython3.4m -o build/lib.linux-x86_64-3.4/Crypto/Cipher/_DES.cpython-34m.so
    building 'Crypto.Cipher._DES3' extension
    gcc -pthread -Wno-unused-result -fwrapv -Wall -Wstrict-prototypes -fstack-protector --param=ssp-buffer-size=4 -Wformat -Werror=format-security -fPIC -std=c99 -O3 -fomit-frame-pointer -Isrc/ -Isrc/libtom/ -I/opt/python/3.4.2/include/python3.4m -c src/DES3.c -o build/temp.linux-x86_64-3.4/src/DES3.o
    gcc -pthread -shared -L/opt/python/3.4.2/lib -Wl,-rpath=/opt/python/3.4.2/lib build/temp.linux-x86_64-3.4/src/DES3.o -L/opt/python/3.4.2/lib -lpython3.4m -o build/lib.linux-x86_64-3.4/Crypto/Cipher/_DES3.cpython-34m.so
    building 'Crypto.Cipher._ARC4' extension
    gcc -pthread -Wno-unused-result -fwrapv -Wall -Wstrict-prototypes -fstack-protector --param=ssp-buffer-size=4 -Wformat -Werror=format-security -fPIC -std=c99 -O3 -fomit-frame-pointer -Isrc/ -I/opt/python/3.4.2/include/python3.4m -c src/ARC4.c -o build/temp.linux-x86_64-3.4/src/ARC4.o
    gcc -pthread -shared -L/opt/python/3.4.2/lib -Wl,-rpath=/opt/python/3.4.2/lib build/temp.linux-x86_64-3.4/src/ARC4.o -L/opt/python/3.4.2/lib -lpython3.4m -o build/lib.linux-x86_64-3.4/Crypto/Cipher/_ARC4.cpython-34m.so
    building 'Crypto.Cipher._XOR' extension
    gcc -pthread -Wno-unused-result -fwrapv -Wall -Wstrict-prototypes -fstack-protector --param=ssp-buffer-size=4 -Wformat -Werror=format-security -fPIC -std=c99 -O3 -fomit-frame-pointer -Isrc/ -I/opt/python/3.4.2/include/python3.4m -c src/XOR.c -o build/temp.linux-x86_64-3.4/src/XOR.o
    gcc -pthread -shared -L/opt/python/3.4.2/lib -Wl,-rpath=/opt/python/3.4.2/lib build/temp.linux-x86_64-3.4/src/XOR.o -L/opt/python/3.4.2/lib -lpython3.4m -o build/lib.linux-x86_64-3.4/Crypto/Cipher/_XOR.cpython-34m.so
    building 'Crypto.Util.strxor' extension
    gcc -pthread -Wno-unused-result -fwrapv -Wall -Wstrict-prototypes -fstack-protector --param=ssp-buffer-size=4 -Wformat -Werror=format-security -fPIC -std=c99 -O3 -fomit-frame-pointer -Isrc/ -I/opt/python/3.4.2/include/python3.4m -c src/strxor.c -o build/temp.linux-x86_64-3.4/src/strxor.o
    gcc -pthread -shared -L/opt/python/3.4.2/lib -Wl,-rpath=/opt/python/3.4.2/lib build/temp.linux-x86_64-3.4/src/strxor.o -L/opt/python/3.4.2/lib -lpython3.4m -o build/lib.linux-x86_64-3.4/Crypto/Util/strxor.cpython-34m.so
    building 'Crypto.Util._counter' extension
    gcc -pthread -Wno-unused-result -fwrapv -Wall -Wstrict-prototypes -fstack-protector --param=ssp-buffer-size=4 -Wformat -Werror=format-security -fPIC -std=c99 -O3 -fomit-frame-pointer -Isrc/ -I/opt/python/3.4.2/include/python3.4m -c src/_counter.c -o build/temp.linux-x86_64-3.4/src/_counter.o
    gcc -pthread -shared -L/opt/python/3.4.2/lib -Wl,-rpath=/opt/python/3.4.2/lib build/temp.linux-x86_64-3.4/src/_counter.o -L/opt/python/3.4.2/lib -lpython3.4m -o build/lib.linux-x86_64-3.4/Crypto/Util/_counter.cpython-34m.so
    warning: GMP or MPIR library not found; Not building Crypto.PublicKey._fastmath.
Successfully installed ecdsa-0.15 paramiko pycrypto-2.6.1 six-1.15.0

travis_time:end:0317d9c0:start=1593809555529289350,finish=1593809576868739044,duration=21339449694[0Ktravis_fold:end:install.1[0Ktravis_fold:start:install.2[0Ktravis_time:start:0016edf0[0K$ pip install coveralls==1.1
Collecting coveralls==1.1
  Downloading https://files.pythonhosted.org/packages/81/f9/da2ad9334f60e418cb229c58724330be2635b369676d3eec8f61e1f85faa/coveralls-1.1-py2.py3-none-any.whl
Collecting docopt>=0.6.1 (from coveralls==1.1)
  Downloading https://files.pythonhosted.org/packages/a2/55/8f8cab2afd404cf578136ef2cc5dfb50baa1761b68c9da1fb1e4eed343c9/docopt-0.6.2.tar.gz
Collecting coverage>=3.6 (from coveralls==1.1)
  Downloading https://files.pythonhosted.org/packages/fe/4d/3d892bdd21acba6c9e9bec6dc93fbe619883a0967c62f976122f2c6366f3/coverage-5.1.tar.gz (687kB)
    /opt/python/3.4.2/lib/python3.4/distutils/dist.py:260: UserWarning: Unknown distribution option: 'long_description_content_type'
      warnings.warn(msg)
    /opt/python/3.4.2/lib/python3.4/distutils/dist.py:260: UserWarning: Unknown distribution option: 'python_requires'
      warnings.warn(msg)
    /opt/python/3.4.2/lib/python3.4/distutils/dist.py:260: UserWarning: Unknown distribution option: 'project_urls'
      warnings.warn(msg)
Collecting requests>=1.0.0 (from coveralls==1.1)
  Downloading https://files.pythonhosted.org/packages/45/1e/0c169c6a5381e241ba7404532c16a21d86ab872c9bed8bdcd4c423954103/requests-2.24.0-py2.py3-none-any.whl (61kB)
Collecting certifi>=2017.4.17 (from requests>=1.0.0->coveralls==1.1)
  Downloading https://files.pythonhosted.org/packages/5e/c4/6c4fe722df5343c33226f0b4e0bb042e4dc13483228b4718baf286f86d87/certifi-2020.6.20-py2.py3-none-any.whl (156kB)
Collecting chardet<4,>=3.0.2 (from requests>=1.0.0->coveralls==1.1)
  Downloading https://files.pythonhosted.org/packages/bc/a9/01ffebfb562e4274b6487b4bb1ddec7ca55ec7510b22e4c51f14098443b8/chardet-3.0.4-py2.py3-none-any.whl (133kB)
Collecting idna<3,>=2.5 (from requests>=1.0.0->coveralls==1.1)
  Downloading https://files.pythonhosted.org/packages/a2/38/928ddce2273eaa564f6f50de919327bf3a00f091b5baba8dfa9460f3a8a8/idna-2.10-py2.py3-none-any.whl (58kB)
Collecting urllib3!=1.25.0,!=1.25.1,<1.26,>=1.21.1 (from requests>=1.0.0->coveralls==1.1)
  Downloading https://files.pythonhosted.org/packages/e1/e5/df302e8017440f111c11cc41a6b432838672f5a70aa29227bf58149dc72f/urllib3-1.25.9-py2.py3-none-any.whl (126kB)
Installing collected packages: urllib3, idna, chardet, certifi, requests, coverage, docopt, coveralls





  Running setup.py install for coverage
    building 'coverage.tracer' extension
    gcc -pthread -Wno-unused-result -DNDEBUG -g -fwrapv -O3 -Wall -Wstrict-prototypes -g -fstack-protector --param=ssp-buffer-size=4 -Wformat -Werror=format-security -fPIC -I/opt/python/3.4.2/include/python3.4m -c coverage/ctracer/datastack.c -o build/temp.linux-x86_64-3.4/coverage/ctracer/datastack.o
    gcc -pthread -Wno-unused-result -DNDEBUG -g -fwrapv -O3 -Wall -Wstrict-prototypes -g -fstack-protector --param=ssp-buffer-size=4 -Wformat -Werror=format-security -fPIC -I/opt/python/3.4.2/include/python3.4m -c coverage/ctracer/filedisp.c -o build/temp.linux-x86_64-3.4/coverage/ctracer/filedisp.o
    gcc -pthread -Wno-unused-result -DNDEBUG -g -fwrapv -O3 -Wall -Wstrict-prototypes -g -fstack-protector --param=ssp-buffer-size=4 -Wformat -Werror=format-security -fPIC -I/opt/python/3.4.2/include/python3.4m -c coverage/ctracer/module.c -o build/temp.linux-x86_64-3.4/coverage/ctracer/module.o
    gcc -pthread -Wno-unused-result -DNDEBUG -g -fwrapv -O3 -Wall -Wstrict-prototypes -g -fstack-protector --param=ssp-buffer-size=4 -Wformat -Werror=format-security -fPIC -I/opt/python/3.4.2/include/python3.4m -c coverage/ctracer/tracer.c -o build/temp.linux-x86_64-3.4/coverage/ctracer/tracer.o
    gcc -pthread -shared -L/opt/python/3.4.2/lib -Wl,-rpath=/opt/python/3.4.2/lib build/temp.linux-x86_64-3.4/coverage/ctracer/datastack.o build/temp.linux-x86_64-3.4/coverage/ctracer/filedisp.o build/temp.linux-x86_64-3.4/coverage/ctracer/module.o build/temp.linux-x86_64-3.4/coverage/ctracer/tracer.o -L/opt/python/3.4.2/lib -lpython3.4m -o build/lib.linux-x86_64-3.4/coverage/tracer.cpython-34m.so
    /opt/python/3.4.2/lib/python3.4/distutils/dist.py:260: UserWarning: Unknown distribution option: 'python_requires'
      warnings.warn(msg)
    /opt/python/3.4.2/lib/python3.4/distutils/dist.py:260: UserWarning: Unknown distribution option: 'project_urls'
      warnings.warn(msg)
    /opt/python/3.4.2/lib/python3.4/distutils/dist.py:260: UserWarning: Unknown distribution option: 'long_description_content_type'
      warnings.warn(msg)
    Installing coverage-3.4 script to /home/travis/virtualenv/python3.4.2/bin
    Installing coverage3 script to /home/travis/virtualenv/python3.4.2/bin
    Installing coverage script to /home/travis/virtualenv/python3.4.2/bin
  Running setup.py install for docopt

Successfully installed certifi-2020.6.20 chardet-3.0.4 coverage-5.1 coveralls-1.1 docopt-0.6.2 idna-2.10 requests-2.24.0 urllib3-1.25.9

travis_time:end:0016edf0:start=1593809576879804101,finish=1593809582776166794,duration=5896362693[0Ktravis_fold:end:install.2[0Ktravis_fold:start:install.3[0Ktravis_time:start:0d24bc4e[0K$ pip install -r dev-requirements.txt
Collecting tox==2.1.1 (from -r dev-requirements.txt (line 2))
  Downloading https://files.pythonhosted.org/packages/af/cd/e4e47282c016184656e6a1ca3f8d4baa7c59277aa98fd36767fa48aea476/tox-2.1.1-py2.py3-none-any.whl
Collecting invoke==0.11.1 (from -r dev-requirements.txt (line 4))
  Downloading https://files.pythonhosted.org/packages/a6/fa/b0784fdcc97121dd6efe728075c4166e602e36c852cc02e92d66edb90521/invoke-0.11.1-py2.py3-none-any.whl (148kB)
Collecting invocations==0.11.0 (from -r dev-requirements.txt (line 5))
  Downloading https://files.pythonhosted.org/packages/bc/d5/55589d43d6aa087d9e3a6f27a41ecf9854022f8a44a48ca07589dbd4359e/invocations-0.11.0-py2.py3-none-any.whl
Collecting sphinx==1.3.1 (from -r dev-requirements.txt (line 6))
  Downloading https://files.pythonhosted.org/packages/63/2c/0a30c391708f827039be5569164ed039b1e46906a4bff5a348b0abe2945e/Sphinx-1.3.1-py2.py3-none-any.whl (1.3MB)
Collecting alabaster==0.7.6 (from -r dev-requirements.txt (line 7))
  Downloading https://files.pythonhosted.org/packages/04/cb/39ba17c43293aaddd073810691b0393143d26734a8e52ed9d65059b1108c/alabaster-0.7.6.tar.gz
Collecting releases==0.7.0 (from -r dev-requirements.txt (line 8))
  Downloading https://files.pythonhosted.org/packages/4e/5f/8b4298d97523010630c3168225cb6ec34e531fd02492c13338ee78ac98d9/releases-0.7.0.tar.gz
Collecting semantic-version==2.4.2 (from -r dev-requirements.txt (line 9))
  Downloading https://files.pythonhosted.org/packages/b4/45/7fe26b91ba7e201768a9ad9fcf6c25957ea8a74ab30faa4a8f264f83eece/semantic_version-2.4.2-py3-none-any.whl
Requirement already satisfied (use --upgrade to upgrade): wheel==0.24 in /home/travis/virtualenv/python3.4.2/lib/python3.4/site-packages (from -r dev-requirements.txt (line 10))
Collecting twine==1.5 (from -r dev-requirements.txt (line 11))
  Downloading https://files.pythonhosted.org/packages/b6/57/a4148d05bd0098c1d6d8cc4e14e766dbe93c3a5ab6723b969da27a87bac0/twine-1.5.0-py2.py3-none-any.whl
Collecting pluggy<0.4.0,>=0.3.0 (from tox==2.1.1->-r dev-requirements.txt (line 2))
  Downloading https://files.pythonhosted.org/packages/d3/ff/d63342af76d20f9b94c2138aef8739df23311e3ce8a8ae7e4b0733ab0827/pluggy-0.3.1-py2.py3-none-any.whl
Requirement already satisfied (use --upgrade to upgrade): py>=1.4.17 in /home/travis/virtualenv/python3.4.2/lib/python3.4/site-packages (from tox==2.1.1->-r dev-requirements.txt (line 2))
Collecting virtualenv>=1.11.2 (from tox==2.1.1->-r dev-requirements.txt (line 2))
  Downloading https://files.pythonhosted.org/packages/f4/1f/2da1af5b56eb2ffa17ef1059540f174375ee604e52756e6265b78b0593e1/virtualenv-20.0.25-py2.py3-none-any.whl (4.7MB)
Collecting sphinx-rtd-theme<0.2,>=0.1 (from sphinx==1.3.1->-r dev-requirements.txt (line 6))
  Downloading https://files.pythonhosted.org/packages/97/d9/e27ef5a2b6b92d2cf29724c25daf0683adacc43ab5ad15dc0e9b69b464f8/sphinx_rtd_theme-0.1.9-py3-none-any.whl (693kB)
Collecting docutils>=0.11 (from sphinx==1.3.1->-r dev-requirements.txt (line 6))
  Downloading https://files.pythonhosted.org/packages/81/44/8a15e45ffa96e6cf82956dd8d7af9e666357e16b0d93b253903475ee947f/docutils-0.16-py2.py3-none-any.whl (548kB)
Requirement already satisfied (use --upgrade to upgrade): six>=1.4 in /home/travis/virtualenv/python3.4.2/lib/python3.4/site-packages (from sphinx==1.3.1->-r dev-requirements.txt (line 6))
Collecting snowballstemmer>=1.1 (from sphinx==1.3.1->-r dev-requirements.txt (line 6))
  Downloading https://files.pythonhosted.org/packages/7d/4b/cdf1113a0e88b641893b814e9c36f69a6fda28cd88b62c7f0d858cde3166/snowballstemmer-2.0.0-py2.py3-none-any.whl (97kB)
Collecting Pygments>=2.0 (from sphinx==1.3.1->-r dev-requirements.txt (line 6))
  Downloading https://files.pythonhosted.org/packages/2d/68/106af3ae51daf807e9cdcba6a90e518954eb8b70341cee52995540a53ead/Pygments-2.6.1-py3-none-any.whl (914kB)
Collecting Jinja2>=2.3 (from sphinx==1.3.1->-r dev-requirements.txt (line 6))
  Downloading https://files.pythonhosted.org/packages/30/9e/f663a2aa66a09d838042ae1a2c5659828bb9b41ea3a6efa20a20fd92b121/Jinja2-2.11.2-py2.py3-none-any.whl (125kB)
Collecting babel>=1.3 (from sphinx==1.3.1->-r dev-requirements.txt (line 6))
  Downloading https://files.pythonhosted.org/packages/15/a1/522dccd23e5d2e47aed4b6a16795b8213e3272c7506e625f2425ad025a19/Babel-2.8.0-py2.py3-none-any.whl (8.6MB)
Requirement already satisfied (use --upgrade to upgrade): requests in /home/travis/virtualenv/python3.4.2/lib/python3.4/site-packages (from twine==1.5->-r dev-requirements.txt (line 11))
Collecting pkginfo (from twine==1.5->-r dev-requirements.txt (line 11))
  Downloading https://files.pythonhosted.org/packages/e6/d5/451b913307b478c49eb29084916639dc53a88489b993530fed0a66bab8b9/pkginfo-1.5.0.1-py2.py3-none-any.whl
Collecting distlib<1,>=0.3.0 (from virtualenv>=1.11.2->tox==2.1.1->-r dev-requirements.txt (line 2))
  Downloading https://files.pythonhosted.org/packages/f5/0a/490fa011d699bb5a5f3a0cf57de82237f52a6db9d40f33c53b2736c9a1f9/distlib-0.3.1-py2.py3-none-any.whl (335kB)
Collecting appdirs<2,>=1.4.3 (from virtualenv>=1.11.2->tox==2.1.1->-r dev-requirements.txt (line 2))
  Downloading https://files.pythonhosted.org/packages/3b/00/2344469e2084fb287c2e0b57b72910309874c3245463acd6cf5e3db69324/appdirs-1.4.4-py2.py3-none-any.whl
Collecting filelock<4,>=3.0.0 (from virtualenv>=1.11.2->tox==2.1.1->-r dev-requirements.txt (line 2))
  Downloading https://files.pythonhosted.org/packages/93/83/71a2ee6158bb9f39a90c0dea1637f81d5eef866e188e1971a1b1ab01a35a/filelock-3.0.12-py3-none-any.whl
Collecting importlib-metadata<2,>=0.12 (from virtualenv>=1.11.2->tox==2.1.1->-r dev-requirements.txt (line 2))
  Downloading https://files.pythonhosted.org/packages/8e/58/cdea07eb51fc2b906db0968a94700866fc46249bdc75cac23f9d13168929/importlib_metadata-1.7.0-py2.py3-none-any.whl
Collecting importlib-resources>=1.0 (from virtualenv>=1.11.2->tox==2.1.1->-r dev-requirements.txt (line 2))
  Downloading https://files.pythonhosted.org/packages/ba/03/0f9595c0c2ef12590877f3c47e5f579759ce5caf817f8256d5dcbd8a1177/importlib_resources-3.0.0-py2.py3-none-any.whl
Collecting MarkupSafe>=0.23 (from Jinja2>=2.3->sphinx==1.3.1->-r dev-requirements.txt (line 6))
  Downloading https://files.pythonhosted.org/packages/b9/2e/64db92e53b86efccfaea71321f597fa2e1b2bd3853d8ce658568f7a13094/MarkupSafe-1.1.1.tar.gz
    /opt/python/3.4.2/lib/python3.4/distutils/dist.py:260: UserWarning: Unknown distribution option: 'python_requires'
      warnings.warn(msg)
    /opt/python/3.4.2/lib/python3.4/distutils/dist.py:260: UserWarning: Unknown distribution option: 'project_urls'
      warnings.warn(msg)
Collecting pytz>=2015.7 (from babel>=1.3->sphinx==1.3.1->-r dev-requirements.txt (line 6))
  Downloading https://files.pythonhosted.org/packages/4f/a4/879454d49688e2fad93e59d7d4efda580b783c745fd2ec2a3adf87b0808d/pytz-2020.1-py2.py3-none-any.whl (510kB)
Requirement already satisfied (use --upgrade to upgrade): chardet<4,>=3.0.2 in /home/travis/virtualenv/python3.4.2/lib/python3.4/site-packages (from requests->twine==1.5->-r dev-requirements.txt (line 11))
Requirement already satisfied (use --upgrade to upgrade): urllib3!=1.25.0,!=1.25.1,<1.26,>=1.21.1 in /home/travis/virtualenv/python3.4.2/lib/python3.4/site-packages (from requests->twine==1.5->-r dev-requirements.txt (line 11))
Requirement already satisfied (use --upgrade to upgrade): idna<3,>=2.5 in /home/travis/virtualenv/python3.4.2/lib/python3.4/site-packages (from requests->twine==1.5->-r dev-requirements.txt (line 11))
Requirement already satisfied (use --upgrade to upgrade): certifi>=2017.4.17 in /home/travis/virtualenv/python3.4.2/lib/python3.4/site-packages (from requests->twine==1.5->-r dev-requirements.txt (line 11))
Collecting zipp>=0.5 (from importlib-metadata<2,>=0.12->virtualenv>=1.11.2->tox==2.1.1->-r dev-requirements.txt (line 2))
  Downloading https://files.pythonhosted.org/packages/b2/34/bfcb43cc0ba81f527bc4f40ef41ba2ff4080e047acb0586b56b3d017ace4/zipp-3.1.0-py3-none-any.whl
Collecting typing (from importlib-resources>=1.0->virtualenv>=1.11.2->tox==2.1.1->-r dev-requirements.txt (line 2))
  Downloading https://files.pythonhosted.org/packages/fe/2e/b480ee1b75e6d17d2993738670e75c1feeb9ff7f64452153cf018051cc92/typing-3.7.4.1-py3-none-any.whl
Installing collected packages: typing, zipp, pytz, MarkupSafe, importlib-resources, importlib-metadata, filelock, appdirs, distlib, pkginfo, babel, Jinja2, Pygments, snowballstemmer, docutils, sphinx-rtd-theme, virtualenv, pluggy, twine, semantic-version, releases, alabaster, sphinx, invocations, invoke, tox



  Running setup.py install for MarkupSafe
    /opt/python/3.4.2/lib/python3.4/distutils/dist.py:260: UserWarning: Unknown distribution option: 'project_urls'
      warnings.warn(msg)
    /opt/python/3.4.2/lib/python3.4/distutils/dist.py:260: UserWarning: Unknown distribution option: 'python_requires'
      warnings.warn(msg)
    building 'markupsafe._speedups' extension
    gcc -pthread -Wno-unused-result -DNDEBUG -g -fwrapv -O3 -Wall -Wstrict-prototypes -g -fstack-protector --param=ssp-buffer-size=4 -Wformat -Werror=format-security -fPIC -I/opt/python/3.4.2/include/python3.4m -c src/markupsafe/_speedups.c -o build/temp.linux-x86_64-3.4/src/markupsafe/_speedups.o
    gcc -pthread -shared -L/opt/python/3.4.2/lib -Wl,-rpath=/opt/python/3.4.2/lib build/temp.linux-x86_64-3.4/src/markupsafe/_speedups.o -L/opt/python/3.4.2/lib -lpython3.4m -o build/lib.linux-x86_64-3.4/markupsafe/_speedups.cpython-34m.so







  
  
  
  









  Running setup.py install for releases
  Running setup.py install for alabaster


  
  
  
  
  
    File "/tmp/pip-build-0kosumlk/invoke/invoke/vendor/yaml2/resolver.py", line 171
      re.compile(ur'''^(?:yes|Yes|YES|no|No|NO
                      |true|True|TRUE|false|False|FALSE
                      |on|On|ON|off|Off|OFF)$''', re.X),
                                              
                                                       
                                               ^
  
  
  
  


Successfully installed Jinja2-2.11.2 MarkupSafe-1.1.1 Pygments-2.6.1 alabaster-0.7.6 appdirs-1.4.4 babel-2.8.0 distlib-0.3.1 docutils-0.16 filelock-3.0.12 importlib-metadata-1.7.0 importlib-resources-3.0.0 invocations-0.11.0 invoke-0.11.1 pkginfo-1.5.0.1 pluggy-0.3.1 pytz-2020.1 releases-0.7.0 semantic-version-2.4.2 snowballstemmer-2.0.0 sphinx-1.3.1 sphinx-rtd-theme-0.1.9 tox-2.1.1 twine-1.5.0 typing-3.7.4.1 virtualenv-20.0.25 zipp-3.1.0

travis_time:end:0d24bc4e:start=1593809582786323015,finish=1593809596909306386,duration=14122983371[0Ktravis_fold:end:install.3[0Ktravis_time:start:2806baf0[0K$ invoke coverage

travis_time:end:2806baf0:start=1593809596920330380,finish=1593809598776694486,duration=1856364106[0K
[31;1mThe command "invoke coverage" exited with 1.[0m
travis_time:start:1dd3c323[0K$ invoke docs -o -W www -o -W
Running Sphinx v1.3.1
making output directory...
loading pickled environment... not yet created
loading intersphinx inventory from http://docs.python.org/2.6/objects.inv...
building [mo]: targets for 0 po files that are out of date
building [html]: targets for 17 source files that are out of date
updating environment: 17 added, 0 changed, 0 removed
reading sources... [  5%] api/agent

travis_time:end:1dd3c323:start=1593809598786238940,finish=1593809599818390935,duration=1032151995[0K
[31;1mThe command "invoke docs -o -W www -o -W" exited with 1.[0m

Done. Your build exited with 1.
