travis_fold:start:system_info[0K[33;1mBuild system information[0m
Build language: java
Build group: stable
Build dist: precise
Build id: ''
Job id: ''
[34m[1mBuild image provisioning date and time[0m
Thu Feb  5 15:09:33 UTC 2015
[34m[1mOperating System Details[0m
Distributor ID:	Ubuntu
Description:	Ubuntu 12.04.5 LTS
Release:	12.04
Codename:	precise
[34m[1mLinux Version[0m
3.13.0-29-generic
[34m[1mCookbooks Version[0m
a68419e https://github.com/travis-ci/travis-cookbooks/tree/a68419e
[34m[1mGCC version[0m
gcc (Ubuntu/Linaro 4.6.3-1ubuntu5) 4.6.3
Copyright (C) 2011 Free Software Foundation, Inc.
This is free software; see the source for copying conditions.  There is NO
warranty; not even for MERCHANTABILITY or FITNESS FOR A PARTICULAR PURPOSE.

[34m[1mLLVM version[0m
clang version 3.4 (tags/RELEASE_34/final)
Target: x86_64-unknown-linux-gnu
Thread model: posix
[34m[1mPre-installed Ruby versions[0m
ruby-1.9.3-p551
[34m[1mPre-installed Node.js versions[0m
v0.10.36
[34m[1mPre-installed Go versions[0m
1.4.1
[34m[1mRedis version[0m
redis-server 2.8.19
[34m[1mriak version[0m
2.0.2
[34m[1mMongoDB version[0m
MongoDB 2.4.12
[34m[1mCouchDB version[0m
couchdb 1.6.1
[34m[1mNeo4j version[0m
1.9.4
[34m[1mRabbitMQ Version[0m
3.4.3
[34m[1mElasticSearch version[0m
1.4.0
[34m[1mInstalled Sphinx versions[0m
2.0.10
2.1.9
2.2.6
[34m[1mDefault Sphinx version[0m
2.2.6
[34m[1mInstalled Firefox version[0m
firefox 31.0esr
[34m[1mPhantomJS version[0m
1.9.8
[34m[1mant -version[0m
Apache Ant(TM) version 1.8.2 compiled on December 3 2011
[34m[1mmvn -version[0m
Apache Maven 3.2.5 (12a6b3acb947671f09b81f49094c53f426d8cea1; 2014-12-14T17:29:23+00:00)
Maven home: /usr/local/maven
Java version: 1.7.0_76, vendor: Oracle Corporation
Java home: /usr/lib/jvm/java-7-oracle/jre
Default locale: en_US, platform encoding: ANSI_X3.4-1968
OS name: "linux", version: "3.13.0-29-generic", arch: "amd64", family: "unix"
travis_fold:end:system_info[0K
W: GPG error: http://apt.postgresql.org precise-pgdg Release: The following signatures were invalid: KEYEXPIRED 1562078959
W: Failed to fetch http://ppa.launchpad.net/travis-ci/zero-mq/ubuntu/dists/precise/main/binary-amd64/Packages  403  Forbidden

W: Failed to fetch http://ppa.launchpad.net/travis-ci/zero-mq/ubuntu/dists/precise/main/binary-i386/Packages  403  Forbidden

W: Failed to fetch http://downloads-distro.mongodb.org/repo/debian-sysvinit/dists/dist/10gen/binary-amd64/Packages  Undetermined Error [IP: 54.175.147.155 80]

W: Failed to fetch http://downloads-distro.mongodb.org/repo/debian-sysvinit/dists/dist/10gen/binary-i386/Packages  Undetermined Error [IP: 54.175.147.155 80]

E: Some index files failed to download. They have been ignored, or old ones used instead.
$ jdk_switcher use oraclejdk8
Switching to Oracle JDK8 (java-8-oracle), JAVA_HOME will be set to /usr/lib/jvm/java-8-oracle
$ cd passed/Whiley/WhileyCompiler
$ java -Xmx32m -version
$ javac -J-Xmx32m -version
travis_fold:start:install[0Ktravis_time:start:1b4bca10[0K$ true

travis_time:end:1b4bca10:start=1593749998247860073,finish=1593749998256637882,duration=8777809[0Ktravis_fold:end:install[0Ktravis_time:start:207c26e5[0K$ touch running_on_travis

travis_time:end:207c26e5:start=1593749998266216095,finish=1593749998277356955,duration=11140860[0K
[32;1mThe command "touch running_on_travis" exited with 0.[0m
travis_time:start:0f6de60b[0K$ ant test
Buildfile: /home/travis/build/passed/Whiley/WhileyCompiler/build.xml
[artifact:dependencies] Downloading: org/whiley/wycc/0.5.8/wycc-0.5.8.pom from repository central at http://repo.maven.apache.org/maven2
[artifact:dependencies] Error transferring file: Server returned HTTP response code: 501 for URL: http://repo.maven.apache.org/maven2/org/whiley/wycc/0.5.8/wycc-0.5.8.pom
[artifact:dependencies] [WARNING] Unable to get resource 'org.whiley:wycc:pom:0.5.8' from repository central (http://repo.maven.apache.org/maven2): Error transferring file: Server returned HTTP response code: 501 for URL: http://repo.maven.apache.org/maven2/org/whiley/wycc/0.5.8/wycc-0.5.8.pom
[artifact:dependencies] Downloading: org/whiley/wycc/0.5.8/wycc-0.5.8.pom from repository sonatype at https://oss.sonatype.org/content/repositories/releases/
[artifact:dependencies] Access denied to: https://oss.sonatype.org/content/repositories/releases/org/whiley/wycc/0.5.8/wycc-0.5.8.pom
[artifact:dependencies] [WARNING] Unable to get resource 'org.whiley:wycc:pom:0.5.8' from repository sonatype (https://oss.sonatype.org/content/repositories/releases/): Authorization failed: Access denied to: https://oss.sonatype.org/content/repositories/releases/org/whiley/wycc/0.5.8/wycc-0.5.8.pom
[artifact:dependencies] Downloading: org/whiley/wycc/0.5.8/wycc-0.5.8.pom from repository sonatype-apache at https://repository.apache.org/releases/
[artifact:dependencies] Unable to locate resource in repository
[artifact:dependencies] [INFO] Unable to find resource 'org.whiley:wycc:pom:0.5.8' in repository sonatype-apache (https://repository.apache.org/releases/)
[artifact:dependencies] Downloading: org/whiley/wytp/0.6.4/wytp-0.6.4.pom from repository central at http://repo.maven.apache.org/maven2
[artifact:dependencies] Error transferring file: Server returned HTTP response code: 501 for URL: http://repo.maven.apache.org/maven2/org/whiley/wytp/0.6.4/wytp-0.6.4.pom
[artifact:dependencies] [WARNING] Unable to get resource 'org.whiley:wytp:pom:0.6.4' from repository central (http://repo.maven.apache.org/maven2): Error transferring file: Server returned HTTP response code: 501 for URL: http://repo.maven.apache.org/maven2/org/whiley/wytp/0.6.4/wytp-0.6.4.pom
[artifact:dependencies] Downloading: org/whiley/wytp/0.6.4/wytp-0.6.4.pom from repository sonatype at https://oss.sonatype.org/content/repositories/releases/
[artifact:dependencies] Access denied to: https://oss.sonatype.org/content/repositories/releases/org/whiley/wytp/0.6.4/wytp-0.6.4.pom
[artifact:dependencies] [WARNING] Unable to get resource 'org.whiley:wytp:pom:0.6.4' from repository sonatype (https://oss.sonatype.org/content/repositories/releases/): Authorization failed: Access denied to: https://oss.sonatype.org/content/repositories/releases/org/whiley/wytp/0.6.4/wytp-0.6.4.pom
[artifact:dependencies] Downloading: org/whiley/wytp/0.6.4/wytp-0.6.4.pom from repository sonatype-apache at https://repository.apache.org/releases/
[artifact:dependencies] Unable to locate resource in repository
[artifact:dependencies] [INFO] Unable to find resource 'org.whiley:wytp:pom:0.6.4' in repository sonatype-apache (https://repository.apache.org/releases/)
[artifact:dependencies] Downloading: ant/ant/1.7.0/ant-1.7.0.pom from repository central at http://repo.maven.apache.org/maven2
[artifact:dependencies] Error transferring file: Server returned HTTP response code: 501 for URL: http://repo.maven.apache.org/maven2/ant/ant/1.7.0/ant-1.7.0.pom
[artifact:dependencies] [WARNING] Unable to get resource 'ant:ant:pom:1.7.0' from repository central (http://repo.maven.apache.org/maven2): Error transferring file: Server returned HTTP response code: 501 for URL: http://repo.maven.apache.org/maven2/ant/ant/1.7.0/ant-1.7.0.pom
[artifact:dependencies] Downloading: ant/ant/1.7.0/ant-1.7.0.pom from repository sonatype at https://oss.sonatype.org/content/repositories/releases/
[artifact:dependencies] Access denied to: https://oss.sonatype.org/content/repositories/releases/ant/ant/1.7.0/ant-1.7.0.pom
[artifact:dependencies] [WARNING] Unable to get resource 'ant:ant:pom:1.7.0' from repository sonatype (https://oss.sonatype.org/content/repositories/releases/): Authorization failed: Access denied to: https://oss.sonatype.org/content/repositories/releases/ant/ant/1.7.0/ant-1.7.0.pom
[artifact:dependencies] Downloading: ant/ant/1.7.0/ant-1.7.0.pom from repository sonatype-apache at https://repository.apache.org/releases/
[artifact:dependencies] Unable to locate resource in repository
[artifact:dependencies] [INFO] Unable to find resource 'ant:ant:pom:1.7.0' in repository sonatype-apache (https://repository.apache.org/releases/)
[artifact:dependencies] Downloading: junit/junit/4.12/junit-4.12.pom from repository central at http://repo.maven.apache.org/maven2
[artifact:dependencies] Error transferring file: Server returned HTTP response code: 501 for URL: http://repo.maven.apache.org/maven2/junit/junit/4.12/junit-4.12.pom
[artifact:dependencies] [WARNING] Unable to get resource 'junit:junit:pom:4.12' from repository central (http://repo.maven.apache.org/maven2): Error transferring file: Server returned HTTP response code: 501 for URL: http://repo.maven.apache.org/maven2/junit/junit/4.12/junit-4.12.pom
[artifact:dependencies] Downloading: junit/junit/4.12/junit-4.12.pom from repository sonatype at https://oss.sonatype.org/content/repositories/releases/
[artifact:dependencies] Access denied to: https://oss.sonatype.org/content/repositories/releases/junit/junit/4.12/junit-4.12.pom
[artifact:dependencies] [WARNING] Unable to get resource 'junit:junit:pom:4.12' from repository sonatype (https://oss.sonatype.org/content/repositories/releases/): Authorization failed: Access denied to: https://oss.sonatype.org/content/repositories/releases/junit/junit/4.12/junit-4.12.pom
[artifact:dependencies] Downloading: junit/junit/4.12/junit-4.12.pom from repository sonatype-apache at https://repository.apache.org/releases/
[artifact:dependencies] Unable to locate resource in repository
[artifact:dependencies] [INFO] Unable to find resource 'junit:junit:pom:4.12' in repository sonatype-apache (https://repository.apache.org/releases/)
[artifact:dependencies] Downloading: ant/ant/1.7.0/ant-1.7.0.jar from repository central at http://repo.maven.apache.org/maven2
[artifact:dependencies] Downloading: org/whiley/wycc/0.5.8/wycc-0.5.8.jar from repository central at http://repo.maven.apache.org/maven2
[artifact:dependencies] Downloading: junit/junit/4.12/junit-4.12.jar from repository central at http://repo.maven.apache.org/maven2
[artifact:dependencies] Error transferring file: Server returned HTTP response code: 501 for URL: http://repo.maven.apache.org/maven2/ant/ant/1.7.0/ant-1.7.0.jar
[artifact:dependencies] [WARNING] Unable to get resource 'ant:ant:jar:1.7.0' from repository central (http://repo.maven.apache.org/maven2): Error transferring file: Server returned HTTP response code: 501 for URL: http://repo.maven.apache.org/maven2/ant/ant/1.7.0/ant-1.7.0.jar
[artifact:dependencies] Error transferring file: Server returned HTTP response code: 501 for URL: http://repo.maven.apache.org/maven2/org/whiley/wycc/0.5.8/wycc-0.5.8.jar
[artifact:dependencies] Error transferring file: Server returned HTTP response code: 501 for URL: http://repo.maven.apache.org/maven2/junit/junit/4.12/junit-4.12.jar
[artifact:dependencies] [WARNING] Unable to get resource 'org.whiley:wycc:jar:0.5.8' from repository central (http://repo.maven.apache.org/maven2): Error transferring file: Server returned HTTP response code: 501 for URL: http://repo.maven.apache.org/maven2/org/whiley/wycc/0.5.8/wycc-0.5.8.jar
[artifact:dependencies] Downloading: ant/ant/1.7.0/ant-1.7.0.jar from repository sonatype at https://oss.sonatype.org/content/repositories/releases/
[artifact:dependencies] [WARNING] Unable to get resource 'junit:junit:jar:4.12' from repository central (http://repo.maven.apache.org/maven2): Error transferring file: Server returned HTTP response code: 501 for URL: http://repo.maven.apache.org/maven2/junit/junit/4.12/junit-4.12.jar
[artifact:dependencies] Downloading: junit/junit/4.12/junit-4.12.jar from repository sonatype at https://oss.sonatype.org/content/repositories/releases/
[artifact:dependencies] Downloading: org/whiley/wycc/0.5.8/wycc-0.5.8.jar from repository sonatype at https://oss.sonatype.org/content/repositories/releases/
[artifact:dependencies] Access denied to: https://oss.sonatype.org/content/repositories/releases/ant/ant/1.7.0/ant-1.7.0.jar
[artifact:dependencies] [WARNING] Unable to get resource 'ant:ant:jar:1.7.0' from repository sonatype (https://oss.sonatype.org/content/repositories/releases/): Authorization failed: Access denied to: https://oss.sonatype.org/content/repositories/releases/ant/ant/1.7.0/ant-1.7.0.jar
[artifact:dependencies] Downloading: ant/ant/1.7.0/ant-1.7.0.jar from repository sonatype-apache at https://repository.apache.org/releases/
[artifact:dependencies] Access denied to: https://oss.sonatype.org/content/repositories/releases/junit/junit/4.12/junit-4.12.jar
[artifact:dependencies] Access denied to: https://oss.sonatype.org/content/repositories/releases/org/whiley/wycc/0.5.8/wycc-0.5.8.jar
[artifact:dependencies] [WARNING] Unable to get resource 'junit:junit:jar:4.12' from repository sonatype (https://oss.sonatype.org/content/repositories/releases/): Authorization failed: Access denied to: https://oss.sonatype.org/content/repositories/releases/junit/junit/4.12/junit-4.12.jar
[artifact:dependencies] [WARNING] Unable to get resource 'org.whiley:wycc:jar:0.5.8' from repository sonatype (https://oss.sonatype.org/content/repositories/releases/): Authorization failed: Access denied to: https://oss.sonatype.org/content/repositories/releases/org/whiley/wycc/0.5.8/wycc-0.5.8.jar
[artifact:dependencies] Downloading: junit/junit/4.12/junit-4.12.jar from repository sonatype-apache at https://repository.apache.org/releases/
[artifact:dependencies] Downloading: org/whiley/wycc/0.5.8/wycc-0.5.8.jar from repository sonatype-apache at https://repository.apache.org/releases/
[artifact:dependencies] Unable to locate resource in repository
[artifact:dependencies] Unable to locate resource in repository
[artifact:dependencies] [INFO] Unable to find resource 'ant:ant:jar:1.7.0' in repository sonatype-apache (https://repository.apache.org/releases/)
[artifact:dependencies] [INFO] Unable to find resource 'org.whiley:wycc:jar:0.5.8' in repository sonatype-apache (https://repository.apache.org/releases/)
[artifact:dependencies] Unable to locate resource in repository
[artifact:dependencies] [INFO] Unable to find resource 'junit:junit:jar:4.12' in repository sonatype-apache (https://repository.apache.org/releases/)
[artifact:dependencies] Downloading: org/whiley/wytp/0.6.4/wytp-0.6.4.jar from repository central at http://repo.maven.apache.org/maven2
[artifact:dependencies] Error transferring file: Server returned HTTP response code: 501 for URL: http://repo.maven.apache.org/maven2/org/whiley/wytp/0.6.4/wytp-0.6.4.jar
[artifact:dependencies] [WARNING] Unable to get resource 'org.whiley:wytp:jar:0.6.4' from repository central (http://repo.maven.apache.org/maven2): Error transferring file: Server returned HTTP response code: 501 for URL: http://repo.maven.apache.org/maven2/org/whiley/wytp/0.6.4/wytp-0.6.4.jar
[artifact:dependencies] Downloading: org/whiley/wytp/0.6.4/wytp-0.6.4.jar from repository sonatype at https://oss.sonatype.org/content/repositories/releases/
[artifact:dependencies] Access denied to: https://oss.sonatype.org/content/repositories/releases/org/whiley/wytp/0.6.4/wytp-0.6.4.jar
[artifact:dependencies] [WARNING] Unable to get resource 'org.whiley:wytp:jar:0.6.4' from repository sonatype (https://oss.sonatype.org/content/repositories/releases/): Authorization failed: Access denied to: https://oss.sonatype.org/content/repositories/releases/org/whiley/wytp/0.6.4/wytp-0.6.4.jar
[artifact:dependencies] Downloading: org/whiley/wytp/0.6.4/wytp-0.6.4.jar from repository sonatype-apache at https://repository.apache.org/releases/
[artifact:dependencies] Unable to locate resource in repository
[artifact:dependencies] [INFO] Unable to find resource 'org.whiley:wytp:jar:0.6.4' in repository sonatype-apache (https://repository.apache.org/releases/)
[artifact:dependencies] An error has occurred while processing the Maven artifact tasks.
[artifact:dependencies]  Diagnosis:
[artifact:dependencies] 
[artifact:dependencies] Unable to resolve artifact: Missing:
[artifact:dependencies] ----------
[artifact:dependencies] 1) ant:ant:jar:1.7.0
[artifact:dependencies] 
[artifact:dependencies]   Try downloading the file manually from the project website.
[artifact:dependencies] 
[artifact:dependencies]   Then, install it using the command: 
[artifact:dependencies]       mvn install:install-file -DgroupId=ant -DartifactId=ant -Dversion=1.7.0 -Dpackaging=jar -Dfile=/path/to/file
[artifact:dependencies] 
[artifact:dependencies]   Alternatively, if you host your own repository you can deploy the file there: 
[artifact:dependencies]       mvn deploy:deploy-file -DgroupId=ant -DartifactId=ant -Dversion=1.7.0 -Dpackaging=jar -Dfile=/path/to/file -Durl=[url] -DrepositoryId=[id]
[artifact:dependencies] 
[artifact:dependencies]   Path to dependency: 
[artifact:dependencies]   	1) org.whiley:wyc:jar:0.4.16
[artifact:dependencies]   	2) ant:ant:jar:1.7.0
[artifact:dependencies] 
[artifact:dependencies] 2) org.whiley:wycc:jar:0.5.8
[artifact:dependencies] 
[artifact:dependencies]   Try downloading the file manually from the project website.
[artifact:dependencies] 
[artifact:dependencies]   Then, install it using the command: 
[artifact:dependencies]       mvn install:install-file -DgroupId=org.whiley -DartifactId=wycc -Dversion=0.5.8 -Dpackaging=jar -Dfile=/path/to/file
[artifact:dependencies] 
[artifact:dependencies]   Alternatively, if you host your own repository you can deploy the file there: 
[artifact:dependencies]       mvn deploy:deploy-file -DgroupId=org.whiley -DartifactId=wycc -Dversion=0.5.8 -Dpackaging=jar -Dfile=/path/to/file -Durl=[url] -DrepositoryId=[id]
[artifact:dependencies] 
[artifact:dependencies]   Path to dependency: 
[artifact:dependencies]   	1) org.whiley:wyc:jar:0.4.16
[artifact:dependencies]   	2) org.whiley:wycc:jar:0.5.8
[artifact:dependencies] 
[artifact:dependencies] 3) junit:junit:jar:4.12
[artifact:dependencies] 
[artifact:dependencies]   Try downloading the file manually from the project website.
[artifact:dependencies] 
[artifact:dependencies]   Then, install it using the command: 
[artifact:dependencies]       mvn install:install-file -DgroupId=junit -DartifactId=junit -Dversion=4.12 -Dpackaging=jar -Dfile=/path/to/file
[artifact:dependencies] 
[artifact:dependencies]   Alternatively, if you host your own repository you can deploy the file there: 
[artifact:dependencies]       mvn deploy:deploy-file -DgroupId=junit -DartifactId=junit -Dversion=4.12 -Dpackaging=jar -Dfile=/path/to/file -Durl=[url] -DrepositoryId=[id]
[artifact:dependencies] 
[artifact:dependencies]   Path to dependency: 
[artifact:dependencies]   	1) org.whiley:wyc:jar:0.4.16
[artifact:dependencies]   	2) junit:junit:jar:4.12
[artifact:dependencies] 
[artifact:dependencies] 4) org.whiley:wytp:jar:0.6.4
[artifact:dependencies] 
[artifact:dependencies]   Try downloading the file manually from the project website.
[artifact:dependencies] 
[artifact:dependencies]   Then, install it using the command: 
[artifact:dependencies]       mvn install:install-file -DgroupId=org.whiley -DartifactId=wytp -Dversion=0.6.4 -Dpackaging=jar -Dfile=/path/to/file
[artifact:dependencies] 
[artifact:dependencies]   Alternatively, if you host your own repository you can deploy the file there: 
[artifact:dependencies]       mvn deploy:deploy-file -DgroupId=org.whiley -DartifactId=wytp -Dversion=0.6.4 -Dpackaging=jar -Dfile=/path/to/file -Durl=[url] -DrepositoryId=[id]
[artifact:dependencies] 
[artifact:dependencies]   Path to dependency: 
[artifact:dependencies]   	1) org.whiley:wyc:jar:0.4.16
[artifact:dependencies]   	2) org.whiley:wytp:jar:0.6.4
[artifact:dependencies] 
[artifact:dependencies] ----------
[artifact:dependencies] 4 required artifacts are missing.
[artifact:dependencies] 
[artifact:dependencies] for artifact: 
[artifact:dependencies]   org.whiley:wyc:jar:0.4.16
[artifact:dependencies] 
[artifact:dependencies] from the specified remote repositories:
[artifact:dependencies]   central (http://repo.maven.apache.org/maven2),
[artifact:dependencies]   sonatype-snapshots (https://oss.sonatype.org/content/repositories/snapshots/),
[artifact:dependencies]   sonatype (https://oss.sonatype.org/content/repositories/releases/),
[artifact:dependencies]   codehaus-snapshots (https://nexus.codehaus.org/snapshots/),
[artifact:dependencies]   apache-snapshots (https://repository.apache.org/snapshots/),
[artifact:dependencies]   sonatype-apache (https://repository.apache.org/releases/)
[artifact:dependencies] 
[artifact:dependencies] 

travis_time:end:0f6de60b:start=1593749998288464341,finish=1593750005014994920,duration=6726530579[0K
[31;1mThe command "ant test" exited with 1.[0m

Done. Your build exited with 1.
