travis_fold:start:system_info[0K[33;1mBuild system information[0m
Build language: python
Build id: ''
Job id: ''
[34m[1mBuild image provisioning date and time[0m
Thu Feb  5 15:09:33 UTC 2015
[34m[1mOperating System Details[0m
Distributor ID:	Ubuntu
Description:	Ubuntu 12.04.5 LTS
Release:	12.04
Codename:	precise
[34m[1mLinux Version[0m
3.13.0-29-generic
[34m[1mCookbooks Version[0m
a68419e https://github.com/travis-ci/travis-cookbooks/tree/a68419e
[34m[1mGCC version[0m
gcc (Ubuntu/Linaro 4.6.3-1ubuntu5) 4.6.3
Copyright (C) 2011 Free Software Foundation, Inc.
This is free software; see the source for copying conditions.  There is NO
warranty; not even for MERCHANTABILITY or FITNESS FOR A PARTICULAR PURPOSE.

[34m[1mLLVM version[0m
clang version 3.4 (tags/RELEASE_34/final)
Target: x86_64-unknown-linux-gnu
Thread model: posix
[34m[1mPre-installed Ruby versions[0m
ruby-1.9.3-p551
[34m[1mPre-installed Node.js versions[0m
v0.10.36
[34m[1mPre-installed Go versions[0m
1.4.1
[34m[1mRedis version[0m
redis-server 2.8.19
[34m[1mriak version[0m
2.0.2
[34m[1mMongoDB version[0m
MongoDB 2.4.12
[34m[1mCouchDB version[0m
couchdb 1.6.1
[34m[1mNeo4j version[0m
1.9.4
[34m[1mRabbitMQ Version[0m
3.4.3
[34m[1mElasticSearch version[0m
1.4.0
[34m[1mInstalled Sphinx versions[0m
2.0.10
2.1.9
2.2.6
[34m[1mDefault Sphinx version[0m
2.2.6
[34m[1mInstalled Firefox version[0m
firefox 31.0esr
[34m[1mPhantomJS version[0m
1.9.8
[34m[1mant -version[0m
Apache Ant(TM) version 1.8.2 compiled on December 3 2011
[34m[1mmvn -version[0m
Apache Maven 3.2.5 (12a6b3acb947671f09b81f49094c53f426d8cea1; 2014-12-14T17:29:23+00:00)
Maven home: /usr/local/maven
Java version: 1.7.0_76, vendor: Oracle Corporation
Java home: /usr/lib/jvm/java-7-oracle/jre
Default locale: en_US, platform encoding: ANSI_X3.4-1968
OS name: "linux", version: "3.13.0-29-generic", arch: "amd64", family: "unix"
travis_fold:end:system_info[0K
grep: /etc/apt/sources.list.d/*: No such file or directory
sed: cannot rename /etc/hosts: Device or resource busy
sed: cannot rename /etc/hosts: Device or resource busy
$ cd passed/ccnmtl/dmt
travis_fold:start:install_firefox[0K$ export FIREFOX_SOURCE_URL='https://download.mozilla.org/?product=firefox-28.0&lang=en-US&os=linux64'
[33;1mInstalling Firefox 28.0[0m
travis_time:start:011cc827[0K$ wget -O /tmp/firefox-28.0.tar.bz2 $FIREFOX_SOURCE_URL
--2020-11-13 12:25:17--  https://download.mozilla.org/?product=firefox-28.0&lang=en-US&os=linux64
Resolving download.mozilla.org (download.mozilla.org)... 52.88.169.54, 34.208.36.186, 44.237.139.131
Connecting to download.mozilla.org (download.mozilla.org)|52.88.169.54|:443... connected.
HTTP request sent, awaiting response... 302 Found
Location: https://download-installer.cdn.mozilla.net/pub/firefox/releases/28.0/linux-x86_64/en-US/firefox-28.0.tar.bz2 [following]
--2020-11-13 12:25:17--  https://download-installer.cdn.mozilla.net/pub/firefox/releases/28.0/linux-x86_64/en-US/firefox-28.0.tar.bz2
Resolving download-installer.cdn.mozilla.net (download-installer.cdn.mozilla.net)... 13.224.26.58, 2600:9000:2164:a400:e:19d6:1546:5981, 2600:9000:2164:f800:e:19d6:1546:5981, ...
Connecting to download-installer.cdn.mozilla.net (download-installer.cdn.mozilla.net)|13.224.26.58|:443... connected.
HTTP request sent, awaiting response... 200 OK
Length: 30503247 (29M) [application/x-tar]
Saving to: `/tmp/firefox-28.0.tar.bz2'

     0K .......... .......... .......... .......... ..........  0% 1.56M 19s
    50K .......... .......... .......... .......... ..........  0% 2.00M 17s
   100K .......... .......... .......... .......... ..........  0% 4.82M 13s
   150K .......... .......... .......... .......... ..........  0% 4.27M 11s
   200K .......... .......... .......... .......... ..........  0% 6.19M 10s
   250K .......... .......... .......... .......... ..........  1% 7.80M 9s
   300K .......... .......... .......... .......... ..........  1% 10.7M 8s
   350K .......... .......... .......... .......... ..........  1% 8.72M 7s
   400K .......... .......... .......... .......... ..........  1% 14.2M 7s
   450K .......... .......... .......... .......... ..........  1% 13.4M 6s
   500K .......... .......... .......... .......... ..........  1% 15.3M 6s
   550K .......... .......... .......... .......... ..........  2% 15.8M 6s
   600K .......... .......... .......... .......... ..........  2% 17.1M 5s
   650K .......... .......... .......... .......... ..........  2% 21.4M 5s
   700K .......... .......... .......... .......... ..........  2% 21.0M 5s
   750K .......... .......... .......... .......... ..........  2% 18.5M 5s
   800K .......... .......... .......... .......... ..........  2% 31.4M 4s
   850K .......... .......... .......... .......... ..........  3% 23.2M 4s
   900K .......... .......... .......... .......... ..........  3% 41.1M 4s
   950K .......... .......... .......... .......... ..........  3% 25.2M 4s
  1000K .......... .......... .......... .......... ..........  3% 42.8M 4s
  1050K .......... .......... .......... .......... ..........  3% 26.7M 4s
  1100K .......... .......... .......... .......... ..........  3% 46.2M 3s
  1150K .......... .......... .......... .......... ..........  4% 27.4M 3s
  1200K .......... .......... .......... .......... ..........  4% 30.9M 3s
  1250K .......... .......... .......... .......... ..........  4% 53.1M 3s
  1300K .......... .......... .......... .......... ..........  4% 34.6M 3s
  1350K .......... .......... .......... .......... ..........  4% 45.0M 3s
  1400K .......... .......... .......... .......... ..........  4% 35.8M 3s
  1450K .......... .......... .......... .......... ..........  5% 63.9M 3s
  1500K .......... .......... .......... .......... ..........  5% 37.5M 3s
  1550K .......... .......... .......... .......... ..........  5% 37.1M 3s
  1600K .......... .......... .......... .......... ..........  5% 51.1M 3s
  1650K .......... .......... .......... .......... ..........  5% 77.4M 2s
  1700K .......... .......... .......... .......... ..........  5% 43.3M 2s
  1750K .......... .......... .......... .......... ..........  6% 44.8M 2s
  1800K .......... .......... .......... .......... ..........  6% 47.4M 2s
  1850K .......... .......... .......... .......... ..........  6%  122M 2s
  1900K .......... .......... .......... .......... ..........  6% 50.3M 2s
  1950K .......... .......... .......... .......... ..........  6% 42.9M 2s
  2000K .......... .......... .......... .......... ..........  6% 67.5M 2s
  2050K .......... .......... .......... .......... ..........  7% 59.5M 2s
  2100K .......... .......... .......... .......... ..........  7%  109M 2s
  2150K .......... .......... .......... .......... ..........  7% 58.4M 2s
  2200K .......... .......... .......... .......... ..........  7% 59.7M 2s
  2250K .......... .......... .......... .......... ..........  7% 65.5M 2s
  2300K .......... .......... .......... .......... ..........  7%  121M 2s
  2350K .......... .......... .......... .......... ..........  8% 59.4M 2s
  2400K .......... .......... .......... .......... ..........  8% 67.3M 2s
  2450K .......... .......... .......... .......... ..........  8% 71.1M 2s
  2500K .......... .......... .......... .......... ..........  8% 81.3M 2s
  2550K .......... .......... .......... .......... ..........  8%  101M 2s
  2600K .......... .......... .......... .......... ..........  8% 77.5M 2s
  2650K .......... .......... .......... .......... ..........  9% 77.7M 2s
  2700K .......... .......... .......... .......... ..........  9% 84.8M 2s
  2750K .......... .......... .......... .......... ..........  9% 73.3M 2s
  2800K .......... .......... .......... .......... ..........  9% 89.6M 2s
  2850K .......... .......... .......... .......... ..........  9%  112M 2s
  2900K .......... .......... .......... .......... ..........  9% 89.4M 2s
  2950K .......... .......... .......... .......... .......... 10% 80.2M 1s
  3000K .......... .......... .......... .......... .......... 10% 97.5M 1s
  3050K .......... .......... .......... .......... .......... 10%  119M 1s
  3100K .......... .......... .......... .......... .......... 10% 89.9M 1s
  3150K .......... .......... .......... .......... .......... 10% 85.3M 1s
  3200K .......... .......... .......... .......... .......... 10%  108M 1s
  3250K .......... .......... .......... .......... .......... 11% 97.3M 1s
  3300K .......... .......... .......... .......... .......... 11%  121M 1s
  3350K .......... .......... .......... .......... .......... 11% 97.8M 1s
  3400K .......... .......... .......... .......... .......... 11%  111M 1s
  3450K .......... .......... .......... .......... .......... 11%  100M 1s
  3500K .......... .......... .......... .......... .......... 11%  125M 1s
  3550K .......... .......... .......... .......... .......... 12% 88.8M 1s
  3600K .......... .......... .......... .......... .......... 12%  112M 1s
  3650K .......... .......... .......... .......... .......... 12%  130M 1s
  3700K .......... .......... .......... .......... .......... 12%  112M 1s
  3750K .......... .......... .......... .......... .......... 12%  102M 1s
  3800K .......... .......... .......... .......... .......... 12%  117M 1s
  3850K .......... .......... .......... .......... .......... 13%  128M 1s
  3900K .......... .......... .......... .......... .......... 13%  113M 1s
  3950K .......... .......... .......... .......... .......... 13% 95.2M 1s
  4000K .......... .......... .......... .......... .......... 13%  110M 1s
  4050K .......... .......... .......... .......... .......... 13%  112M 1s
  4100K .......... .......... .......... .......... .......... 13%  127M 1s
  4150K .......... .......... .......... .......... .......... 14%  106M 1s
  4200K .......... .......... .......... .......... .......... 14%  116M 1s
  4250K .......... .......... .......... .......... .......... 14%  112M 1s
  4300K .......... .......... .......... .......... .......... 14%  125M 1s
  4350K .......... .......... .......... .......... .......... 14% 86.5M 1s
  4400K .......... .......... .......... .......... .......... 14%  114M 1s
  4450K .......... .......... .......... .......... .......... 15%  112M 1s
  4500K .......... .......... .......... .......... .......... 15%  127M 1s
  4550K .......... .......... .......... .......... .......... 15%  104M 1s
  4600K .......... .......... .......... .......... .......... 15%  114M 1s
  4650K .......... .......... .......... .......... .......... 15%  122M 1s
  4700K .......... .......... .......... .......... .......... 15%  107M 1s
  4750K .......... .......... .......... .......... .......... 16% 93.8M 1s
  4800K .......... .......... .......... .......... .......... 16%  121M 1s
  4850K .......... .......... .......... .......... .......... 16%  109M 1s
  4900K .......... .......... .......... .......... .......... 16%  121M 1s
  4950K .......... .......... .......... .......... .......... 16%  111M 1s
  5000K .......... .......... .......... .......... .......... 16%  111M 1s
  5050K .......... .......... .......... .......... .......... 17%  124M 1s
  5100K .......... .......... .......... .......... .......... 17%  118M 1s
  5150K .......... .......... .......... .......... .......... 17% 90.7M 1s
  5200K .......... .......... .......... .......... .......... 17%  115M 1s
  5250K .......... .......... .......... .......... .......... 17%  113M 1s
  5300K .......... .......... .......... .......... .......... 17%  112M 1s
  5350K .......... .......... .......... .......... .......... 18%  107M 1s
  5400K .......... .......... .......... .......... .......... 18%  109M 1s
  5450K .......... .......... .......... .......... .......... 18%  133M 1s
  5500K .......... .......... .......... .......... .......... 18%  114M 1s
  5550K .......... .......... .......... .......... .......... 18% 93.0M 1s
  5600K .......... .......... .......... .......... .......... 18%  113M 1s
  5650K .......... .......... .......... .......... .......... 19%  112M 1s
  5700K .......... .......... .......... .......... .......... 19%  113M 1s
  5750K .......... .......... .......... .......... .......... 19%  123M 1s
  5800K .......... .......... .......... .......... .......... 19%  110M 1s
  5850K .......... .......... .......... .......... .......... 19%  112M 1s
  5900K .......... .......... .......... .......... .......... 19%  125M 1s
  5950K .......... .......... .......... .......... .......... 20% 85.9M 1s
  6000K .......... .......... .......... .......... .......... 20%  130M 1s
  6050K .......... .......... .......... .......... .......... 20%  113M 1s
  6100K .......... .......... .......... .......... .......... 20%  112M 1s
  6150K .......... .......... .......... .......... .......... 20%  105M 1s
  6200K .......... .......... .......... .......... .......... 20%  116M 1s
  6250K .......... .......... .......... .......... .......... 21%  123M 1s
  6300K .......... .......... .......... .......... .......... 21%  114M 1s
  6350K .......... .......... .......... .......... .......... 21% 95.5M 1s
  6400K .......... .......... .......... .......... .......... 21%  112M 1s
  6450K .......... .......... .......... .......... .......... 21%  109M 1s
  6500K .......... .......... .......... .......... .......... 21%  121M 1s
  6550K .......... .......... .......... .......... .......... 22%  113M 1s
  6600K .......... .......... .......... .......... .......... 22%  108M 1s
  6650K .......... .......... .......... .......... .......... 22%  120M 1s
  6700K .......... .......... .......... .......... .......... 22%  110M 1s
  6750K .......... .......... .......... .......... .......... 22% 93.5M 1s
  6800K .......... .......... .......... .......... .......... 22%  122M 1s
  6850K .......... .......... .......... .......... .......... 23%  108M 1s
  6900K .......... .......... .......... .......... .......... 23%  121M 1s
  6950K .......... .......... .......... .......... .......... 23%  114M 1s
  7000K .......... .......... .......... .......... .......... 23%  113M 1s
  7050K .......... .......... .......... .......... .......... 23%  115M 1s
  7100K .......... .......... .......... .......... .......... 24%  125M 1s
  7150K .......... .......... .......... .......... .......... 24% 86.6M 1s
  7200K .......... .......... .......... .......... .......... 24%  112M 1s
  7250K .......... .......... .......... .......... .......... 24%  113M 1s
  7300K .......... .......... .......... .......... .......... 24%  114M 1s
  7350K .......... .......... .......... .......... .......... 24%  102M 1s
  7400K .......... .......... .......... .......... .......... 25%  136M 1s
  7450K .......... .......... .......... .......... .......... 25%  114M 1s
  7500K .......... .......... .......... .......... .......... 25%  113M 1s
  7550K .......... .......... .......... .......... .......... 25% 93.7M 1s
  7600K .......... .......... .......... .......... .......... 25%  124M 1s
  7650K .......... .......... .......... .......... .......... 25%  113M 1s
  7700K .......... .......... .......... .......... .......... 26%  113M 1s
  7750K .......... .......... .......... .......... .......... 26%  108M 1s
  7800K .......... .......... .......... .......... .......... 26%  128M 1s
  7850K .......... .......... .......... .......... .......... 26%  113M 1s
  7900K .......... .......... .......... .......... .......... 26%  112M 1s
  7950K .......... .......... .......... .......... .......... 26% 93.9M 1s
  8000K .......... .......... .......... .......... .......... 27%  100M 1s
  8050K .......... .......... .......... .......... .......... 27%  128M 1s
  8100K .......... .......... .......... .......... .......... 27%  113M 1s
  8150K .......... .......... .......... .......... .......... 27%  107M 1s
  8200K .......... .......... .......... .......... .......... 27%  122M 1s
  8250K .......... .......... .......... .......... .......... 27%  108M 1s
  8300K .......... .......... .......... .......... .......... 28%  121M 1s
  8350K .......... .......... .......... .......... .......... 28% 93.9M 1s
  8400K .......... .......... .......... .......... .......... 28%  121M 1s
  8450K .......... .......... .......... .......... .......... 28%  109M 1s
  8500K .......... .......... .......... .......... .......... 28%  121M 1s
  8550K .......... .......... .......... .......... .......... 28%  112M 1s
  8600K .......... .......... .......... .......... .......... 29%  109M 1s
  8650K .......... .......... .......... .......... .......... 29%  122M 1s
  8700K .......... .......... .......... .......... .......... 29%  107M 1s
  8750K .......... .......... .......... .......... .......... 29% 94.6M 1s
  8800K .......... .......... .......... .......... .......... 29%  113M 1s
  8850K .......... .......... .......... .......... .......... 29%  112M 1s
  8900K .......... .......... .......... .......... .......... 30%  113M 1s
  8950K .......... .......... .......... .......... .......... 30%  118M 1s
  9000K .......... .......... .......... .......... .......... 30%  116M 1s
  9050K .......... .......... .......... .......... .......... 30%  109M 1s
  9100K .......... .......... .......... .......... .......... 30%  129M 1s
  9150K .......... .......... .......... .......... .......... 30% 86.8M 0s
  9200K .......... .......... .......... .......... .......... 31%  113M 0s
  9250K .......... .......... .......... .......... .......... 31%  127M 0s
  9300K .......... .......... .......... .......... .......... 31%  111M 0s
  9350K .......... .......... .......... .......... .......... 31%  111M 0s
  9400K .......... .......... .......... .......... .......... 31%  125M 0s
  9450K .......... .......... .......... .......... .......... 31%  108M 0s
  9500K .......... .......... .......... .......... .......... 32%  114M 0s
  9550K .......... .......... .......... .......... .......... 32% 86.7M 0s
  9600K .......... .......... .......... .......... .......... 32%  127M 0s
  9650K .......... .......... .......... .......... .......... 32%  113M 0s
  9700K .......... .......... .......... .......... .......... 32%  112M 0s
  9750K .......... .......... .......... .......... .......... 32%  108M 0s
  9800K .......... .......... .......... .......... .......... 33%  130M 0s
  9850K .......... .......... .......... .......... .......... 33%  113M 0s
  9900K .......... .......... .......... .......... .......... 33%  112M 0s
  9950K .......... .......... .......... .......... .......... 33% 92.2M 0s
 10000K .......... .......... .......... .......... .......... 33%  115M 0s
 10050K .......... .......... .......... .......... .......... 33%  117M 0s
 10100K .......... .......... .......... .......... .......... 34%  120M 0s
 10150K .......... .......... .......... .......... .......... 34%  114M 0s
 10200K .......... .......... .......... .......... .......... 34%  111M 0s
 10250K .......... .......... .......... .......... .......... 34%  118M 0s
 10300K .......... .......... .......... .......... .......... 34%  109M 0s
 10350K .......... .......... .......... .......... .......... 34% 93.2M 0s
 10400K .......... .......... .......... .......... .......... 35%  108M 0s
 10450K .......... .......... .......... .......... .......... 35%  122M 0s
 10500K .......... .......... .......... .......... .......... 35%  119M 0s
 10550K .......... .......... .......... .......... .......... 35%  103M 0s
 10600K .......... .......... .......... .......... .......... 35%  120M 0s
 10650K .......... .......... .......... .......... .......... 35%  113M 0s
 10700K .......... .......... .......... .......... .......... 36%  124M 0s
 10750K .......... .......... .......... .......... .......... 36% 86.7M 0s
 10800K .......... .......... .......... .......... .......... 36%  128M 0s
 10850K .......... .......... .......... .......... .......... 36%  113M 0s
 10900K .......... .......... .......... .......... .......... 36% 91.8M 0s
 10950K .......... .......... .......... .......... .......... 36%  122M 0s
 11000K .......... .......... .......... .......... .......... 37% 97.0M 0s
 11050K .......... .......... .......... .......... .......... 37% 89.7M 0s
 11100K .......... .......... .......... .......... .......... 37% 89.0M 0s
 11150K .......... .......... .......... .......... .......... 37% 63.9M 0s
 11200K .......... .......... .......... .......... .......... 37% 89.6M 0s
 11250K .......... .......... .......... .......... .......... 37% 81.8M 0s
 11300K .......... .......... .......... .......... .......... 38%  118M 0s
 11350K .......... .......... .......... .......... .......... 38%  109M 0s
 11400K .......... .......... .......... .......... .......... 38%  120M 0s
 11450K .......... .......... .......... .......... .......... 38%  142M 0s
 11500K .......... .......... .......... .......... .......... 38%  138M 0s
 11550K .......... .......... .......... .......... .......... 38% 97.3M 0s
 11600K .......... .......... .......... .......... .......... 39%  128M 0s
 11650K .......... .......... .......... .......... .......... 39%  127M 0s
 11700K .......... .......... .......... .......... .......... 39%  128M 0s
 11750K .......... .......... .......... .......... .......... 39%  100M 0s
 11800K .......... .......... .......... .......... .......... 39%  127M 0s
 11850K .......... .......... .......... .......... .......... 39%  122M 0s
 11900K .......... .......... .......... .......... .......... 40%  135M 0s
 11950K .......... .......... .......... .......... .......... 40%  106M 0s
 12000K .......... .......... .......... .......... .......... 40%  123M 0s
 12050K .......... .......... .......... .......... .......... 40%  136M 0s
 12100K .......... .......... .......... .......... .......... 40%  131M 0s
 12150K .......... .......... .......... .......... .......... 40%  117M 0s
 12200K .......... .......... .......... .......... .......... 41%  136M 0s
 12250K .......... .......... .......... .......... .......... 41%  110M 0s
 12300K .......... .......... .......... .......... .......... 41%  128M 0s
 12350K .......... .......... .......... .......... .......... 41%  101M 0s
 12400K .......... .......... .......... .......... .......... 41%  124M 0s
 12450K .......... .......... .......... .......... .......... 41%  129M 0s
 12500K .......... .......... .......... .......... .......... 42%  113M 0s
 12550K .......... .......... .......... .......... .......... 42%  117M 0s
 12600K .......... .......... .......... .......... .......... 42%  124M 0s
 12650K .......... .......... .......... .......... .......... 42%  106M 0s
 12700K .......... .......... .......... .......... .......... 42%  120M 0s
 12750K .......... .......... .......... .......... .......... 42%  102M 0s
 12800K .......... .......... .......... .......... .......... 43%  113M 0s
 12850K .......... .......... .......... .......... .......... 43%  113M 0s
 12900K .......... .......... .......... .......... .......... 43%  127M 0s
 12950K .......... .......... .......... .......... .......... 43%  108M 0s
 13000K .......... .......... .......... .......... .......... 43%  112M 0s
 13050K .......... .......... .......... .......... .......... 43%  112M 0s
 13100K .......... .......... .......... .......... .......... 44%  128M 0s
 13150K .......... .......... .......... .......... .......... 44% 84.8M 0s
 13200K .......... .......... .......... .......... .......... 44%  128M 0s
 13250K .......... .......... .......... .......... .......... 44%  111M 0s
 13300K .......... .......... .......... .......... .......... 44%  114M 0s
 13350K .......... .......... .......... .......... .......... 44%  108M 0s
 13400K .......... .......... .......... .......... .......... 45%  112M 0s
 13450K .......... .......... .......... .......... .......... 45%  113M 0s
 13500K .......... .......... .......... .......... .......... 45%  122M 0s
 13550K .......... .......... .......... .......... .......... 45% 88.1M 0s
 13600K .......... .......... .......... .......... .......... 45%  119M 0s
 13650K .......... .......... .......... .......... .......... 45%  114M 0s
 13700K .......... .......... .......... .......... .......... 46%  116M 0s
 13750K .......... .......... .......... .......... .......... 46%  122M 0s
 13800K .......... .......... .......... .......... .......... 46% 99.4M 0s
 13850K .......... .......... .......... .......... .......... 46%  125M 0s
 13900K .......... .......... .......... .......... .......... 46%  117M 0s
 13950K .......... .......... .......... .......... .......... 46% 92.5M 0s
 14000K .......... .......... .......... .......... .......... 47%  111M 0s
 14050K .......... .......... .......... .......... .......... 47%  114M 0s
 14100K .......... .......... .......... .......... .......... 47%  113M 0s
 14150K .......... .......... .......... .......... .......... 47%  117M 0s
 14200K .......... .......... .......... .......... .......... 47%  101M 0s
 14250K .......... .......... .......... .......... .......... 48%  130M 0s
 14300K .......... .......... .......... .......... .......... 48%  107M 0s
 14350K .......... .......... .......... .......... .......... 48% 95.0M 0s
 14400K .......... .......... .......... .......... .......... 48%  122M 0s
 14450K .......... .......... .......... .......... .......... 48%  108M 0s
 14500K .......... .......... .......... .......... .......... 48%  121M 0s
 14550K .......... .......... .......... .......... .......... 49%  110M 0s
 14600K .......... .......... .......... .......... .......... 49%  110M 0s
 14650K .......... .......... .......... .......... .......... 49%  122M 0s
 14700K .......... .......... .......... .......... .......... 49%  109M 0s
 14750K .......... .......... .......... .......... .......... 49% 93.4M 0s
 14800K .......... .......... .......... .......... .......... 49%  115M 0s
 14850K .......... .......... .......... .......... .......... 50%  113M 0s
 14900K .......... .......... .......... .......... .......... 50%  113M 0s
 14950K .......... .......... .......... .......... .......... 50%  116M 0s
 15000K .......... .......... .......... .......... .......... 50%  114M 0s
 15050K .......... .......... .......... .......... .......... 50%  113M 0s
 15100K .......... .......... .......... .......... .......... 50%  112M 0s
 15150K .......... .......... .......... .......... .......... 51% 96.0M 0s
 15200K .......... .......... .......... .......... .......... 51%  113M 0s
 15250K .......... .......... .......... .......... .......... 51%  126M 0s
 15300K .......... .......... .......... .......... .......... 51%  101M 0s
 15350K .......... .......... .......... .......... .......... 51%  123M 0s
 15400K .......... .......... .......... .......... .......... 51%  113M 0s
 15450K .......... .......... .......... .......... .......... 52%  110M 0s
 15500K .......... .......... .......... .......... .......... 52%  128M 0s
 15550K .......... .......... .......... .......... .......... 52% 84.9M 0s
 15600K .......... .......... .......... .......... .......... 52%  128M 0s
 15650K .......... .......... .......... .......... .......... 52%  112M 0s
 15700K .......... .......... .......... .......... .......... 52%  113M 0s
 15750K .......... .......... .......... .......... .......... 53%  108M 0s
 15800K .......... .......... .......... .......... .......... 53%  128M 0s
 15850K .......... .......... .......... .......... .......... 53%  100M 0s
 15900K .......... .......... .......... .......... .......... 53%  129M 0s
 15950K .......... .......... .......... .......... .......... 53% 85.0M 0s
 16000K .......... .......... .......... .......... .......... 53%  112M 0s
 16050K .......... .......... .......... .......... .......... 54%  129M 0s
 16100K .......... .......... .......... .......... .......... 54%  110M 0s
 16150K .......... .......... .......... .......... .......... 54%  117M 0s
 16200K .......... .......... .......... .......... .......... 54%  115M 0s
 16250K .......... .......... .......... .......... .......... 54%  110M 0s
 16300K .......... .......... .......... .......... .......... 54%  121M 0s
 16350K .......... .......... .......... .......... .......... 55% 85.4M 0s
 16400K .......... .......... .......... .......... .......... 55%  122M 0s
 16450K .......... .......... .......... .......... .......... 55%  119M 0s
 16500K .......... .......... .......... .......... .......... 55%  109M 0s
 16550K .......... .......... .......... .......... .......... 55%  113M 0s
 16600K .......... .......... .......... .......... .......... 55%  120M 0s
 16650K .......... .......... .......... .......... .......... 56%  112M 0s
 16700K .......... .......... .......... .......... .......... 56%  114M 0s
 16750K .......... .......... .......... .......... .......... 56% 86.7M 0s
 16800K .......... .......... .......... .......... .......... 56%  126M 0s
 16850K .......... .......... .......... .......... .......... 56%  114M 0s
 16900K .......... .......... .......... .......... .......... 56%  112M 0s
 16950K .......... .......... .......... .......... .......... 57%  108M 0s
 17000K .......... .......... .......... .......... .......... 57%  123M 0s
 17050K .......... .......... .......... .......... .......... 57%  114M 0s
 17100K .......... .......... .......... .......... .......... 57%  116M 0s
 17150K .......... .......... .......... .......... .......... 57% 84.9M 0s
 17200K .......... .......... .......... .......... .......... 57%  112M 0s
 17250K .......... .......... .......... .......... .......... 58% 91.0M 0s
 17300K .......... .......... .......... .......... .......... 58%  116M 0s
 17350K .......... .......... .......... .......... .......... 58%  107M 0s
 17400K .......... .......... .......... .......... .......... 58%  107M 0s
 17450K .......... .......... .......... .......... .......... 58%  120M 0s
 17500K .......... .......... .......... .......... .......... 58%  120M 0s
 17550K .......... .......... .......... .......... .......... 59% 87.9M 0s
 17600K .......... .......... .......... .......... .......... 59%  129M 0s
 17650K .......... .......... .......... .......... .......... 59%  113M 0s
 17700K .......... .......... .......... .......... .......... 59%  112M 0s
 17750K .......... .......... .......... .......... .......... 59%  105M 0s
 17800K .......... .......... .......... .......... .......... 59%  112M 0s
 17850K .......... .......... .......... .......... .......... 60%  132M 0s
 17900K .......... .......... .......... .......... .......... 60%  108M 0s
 17950K .......... .......... .......... .......... .......... 60% 93.7M 0s
 18000K .......... .......... .......... .......... .......... 60%  121M 0s
 18050K .......... .......... .......... .......... .......... 60%  108M 0s
 18100K .......... .......... .......... .......... .......... 60%  122M 0s
 18150K .......... .......... .......... .......... .......... 61%  109M 0s
 18200K .......... .......... .......... .......... .......... 61%  112M 0s
 18250K .......... .......... .......... .......... .......... 61%  108M 0s
 18300K .......... .......... .......... .......... .......... 61%  119M 0s
 18350K .......... .......... .......... .......... .......... 61% 95.3M 0s
 18400K .......... .......... .......... .......... .......... 61%  114M 0s
 18450K .......... .......... .......... .......... .......... 62%  114M 0s
 18500K .......... .......... .......... .......... .......... 62%  113M 0s
 18550K .......... .......... .......... .......... .......... 62%  118M 0s
 18600K .......... .......... .......... .......... .......... 62%  116M 0s
 18650K .......... .......... .......... .......... .......... 62%  108M 0s
 18700K .......... .......... .......... .......... .......... 62%  113M 0s
 18750K .......... .......... .......... .......... .......... 63% 96.1M 0s
 18800K .......... .......... .......... .......... .......... 63%  113M 0s
 18850K .......... .......... .......... .......... .......... 63%  113M 0s
 18900K .......... .......... .......... .......... .......... 63%  112M 0s
 18950K .......... .......... .......... .......... .......... 63%  116M 0s
 19000K .......... .......... .......... .......... .......... 63%  119M 0s
 19050K .......... .......... .......... .......... .......... 64%  107M 0s
 19100K .......... .......... .......... .......... .......... 64%  112M 0s
 19150K .......... .......... .......... .......... .......... 64% 95.4M 0s
 19200K .......... .......... .......... .......... .......... 64%  112M 0s
 19250K .......... .......... .......... .......... .......... 64%  113M 0s
 19300K .......... .......... .......... .......... .......... 64%  130M 0s
 19350K .......... .......... .......... .......... .......... 65%  105M 0s
 19400K .......... .......... .......... .......... .......... 65%  116M 0s
 19450K .......... .......... .......... .......... .......... 65%  112M 0s
 19500K .......... .......... .......... .......... .......... 65%  125M 0s
 19550K .......... .......... .......... .......... .......... 65% 86.8M 0s
 19600K .......... .......... .......... .......... .......... 65%  112M 0s
 19650K .......... .......... .......... .......... .......... 66%  114M 0s
 19700K .......... .......... .......... .......... .......... 66%  123M 0s
 19750K .......... .......... .......... .......... .......... 66%  112M 0s
 19800K .......... .......... .......... .......... .......... 66%  108M 0s
 19850K .......... .......... .......... .......... .......... 66%  122M 0s
 19900K .......... .......... .......... .......... .......... 66%  109M 0s
 19950K .......... .......... .......... .......... .......... 67% 94.0M 0s
 20000K .......... .......... .......... .......... .......... 67%  122M 0s
 20050K .......... .......... .......... .......... .......... 67%  121M 0s
 20100K .......... .......... .......... .......... .......... 67%  107M 0s
 20150K .......... .......... .......... .......... .......... 67%  101M 0s
 20200K .......... .......... .......... .......... .......... 67%  119M 0s
 20250K .......... .......... .......... .......... .......... 68%  112M 0s
 20300K .......... .......... .......... .......... .......... 68%  116M 0s
 20350K .......... .......... .......... .......... .......... 68% 94.3M 0s
 20400K .......... .......... .......... .......... .......... 68%  124M 0s
 20450K .......... .......... .......... .......... .......... 68%  114M 0s
 20500K .......... .......... .......... .......... .......... 68%  115M 0s
 20550K .......... .......... .......... .......... .......... 69%  108M 0s
 20600K .......... .......... .......... .......... .......... 69%  122M 0s
 20650K .......... .......... .......... .......... .......... 69%  115M 0s
 20700K .......... .......... .......... .......... .......... 69%  111M 0s
 20750K .......... .......... .......... .......... .......... 69% 86.8M 0s
 20800K .......... .......... .......... .......... .......... 69%  114M 0s
 20850K .......... .......... .......... .......... .......... 70%  125M 0s
 20900K .......... .......... .......... .......... .......... 70%  113M 0s
 20950K .......... .......... .......... .......... .......... 70%  108M 0s
 21000K .......... .......... .......... .......... .......... 70%  123M 0s
 21050K .......... .......... .......... .......... .......... 70%  117M 0s
 21100K .......... .......... .......... .......... .......... 71%  114M 0s
 21150K .......... .......... .......... .......... .......... 71% 92.9M 0s
 21200K .......... .......... .......... .......... .......... 71%  112M 0s
 21250K .......... .......... .......... .......... .......... 71%  113M 0s
 21300K .......... .......... .......... .......... .......... 71%  114M 0s
 21350K .......... .......... .......... .......... .......... 71%  107M 0s
 21400K .......... .......... .......... .......... .......... 72%  123M 0s
 21450K .......... .......... .......... .......... .......... 72%  115M 0s
 21500K .......... .......... .......... .......... .......... 72%  121M 0s
 21550K .......... .......... .......... .......... .......... 72% 93.2M 0s
 21600K .......... .......... .......... .......... .......... 72%  119M 0s
 21650K .......... .......... .......... .......... .......... 72%  111M 0s
 21700K .......... .......... .......... .......... .......... 73%  107M 0s
 21750K .......... .......... .......... .......... .......... 73%  114M 0s
 21800K .......... .......... .......... .......... .......... 73%  107M 0s
 21850K .......... .......... .......... .......... .......... 73%  121M 0s
 21900K .......... .......... .......... .......... .......... 73%  121M 0s
 21950K .......... .......... .......... .......... .......... 73% 86.5M 0s
 22000K .......... .......... .......... .......... .......... 74%  118M 0s
 22050K .......... .......... .......... .......... .......... 74%  126M 0s
 22100K .......... .......... .......... .......... .......... 74%  112M 0s
 22150K .......... .......... .......... .......... .......... 74%  106M 0s
 22200K .......... .......... .......... .......... .......... 74%  118M 0s
 22250K .......... .......... .......... .......... .......... 74%  109M 0s
 22300K .......... .......... .......... .......... .......... 75%  112M 0s
 22350K .......... .......... .......... .......... .......... 75% 94.7M 0s
 22400K .......... .......... .......... .......... .......... 75%  115M 0s
 22450K .......... .......... .......... .......... .......... 75%  126M 0s
 22500K .......... .......... .......... .......... .......... 75%  115M 0s
 22550K .......... .......... .......... .......... .......... 75%  105M 0s
 22600K .......... .......... .......... .......... .......... 76%  113M 0s
 22650K .......... .......... .......... .......... .......... 76%  123M 0s
 22700K .......... .......... .......... .......... .......... 76%  118M 0s
 22750K .......... .......... .......... .......... .......... 76% 92.6M 0s
 22800K .......... .......... .......... .......... .......... 76%  114M 0s
 22850K .......... .......... .......... .......... .......... 76%  113M 0s
 22900K .......... .......... .......... .......... .......... 77%  126M 0s
 22950K .......... .......... .......... .......... .......... 77%  106M 0s
 23000K .......... .......... .......... .......... .......... 77%  114M 0s
 23050K .......... .......... .......... .......... .......... 77%  115M 0s
 23100K .......... .......... .......... .......... .......... 77%  129M 0s
 23150K .......... .......... .......... .......... .......... 77% 84.5M 0s
 23200K .......... .......... .......... .......... .......... 78%  114M 0s
 23250K .......... .......... .......... .......... .......... 78%  126M 0s
 23300K .......... .......... .......... .......... .......... 78%  121M 0s
 23350K .......... .......... .......... .......... .......... 78%  103M 0s
 23400K .......... .......... .......... .......... .......... 78%  124M 0s
 23450K .......... .......... .......... .......... .......... 78%  105M 0s
 23500K .......... .......... .......... .......... .......... 79%  121M 0s
 23550K .......... .......... .......... .......... .......... 79% 85.7M 0s
 23600K .......... .......... .......... .......... .......... 79%  122M 0s
 23650K .......... .......... .......... .......... .......... 79%  109M 0s
 23700K .......... .......... .......... .......... .......... 79%  121M 0s
 23750K .......... .......... .......... .......... .......... 79%  100M 0s
 23800K .......... .......... .......... .......... .......... 80%  127M 0s
 23850K .......... .......... .......... .......... .......... 80%  113M 0s
 23900K .......... .......... .......... .......... .......... 80%  112M 0s
 23950K .......... .......... .......... .......... .......... 80% 85.1M 0s
 24000K .......... .......... .......... .......... .......... 80%  112M 0s
 24050K .......... .......... .......... .......... .......... 80%  126M 0s
 24100K .......... .......... .......... .......... .......... 81%  115M 0s
 24150K .......... .......... .......... .......... .......... 81%  109M 0s
 24200K .......... .......... .......... .......... .......... 81%  112M 0s
 24250K .......... .......... .......... .......... .......... 81%  109M 0s
 24300K .......... .......... .......... .......... .......... 81%  118M 0s
 24350K .......... .......... .......... .......... .......... 81% 93.0M 0s
 24400K .......... .......... .......... .......... .......... 82%  112M 0s
 24450K .......... .......... .......... .......... .......... 82%  123M 0s
 24500K .......... .......... .......... .......... .......... 82%  111M 0s
 24550K .......... .......... .......... .......... .......... 82% 98.7M 0s
 24600K .......... .......... .......... .......... .......... 82%  110M 0s
 24650K .......... .......... .......... .......... .......... 82%  119M 0s
 24700K .......... .......... .......... .......... .......... 83%  118M 0s
 24750K .......... .......... .......... .......... .......... 83% 83.7M 0s
 24800K .......... .......... .......... .......... .......... 83%  113M 0s
 24850K .......... .......... .......... .......... .......... 83%  124M 0s
 24900K .......... .......... .......... .......... .......... 83%  127M 0s
 24950K .......... .......... .......... .......... .......... 83% 89.6M 0s
 25000K .......... .......... .......... .......... .......... 84%  130M 0s
 25050K .......... .......... .......... .......... .......... 84%  116M 0s
 25100K .......... .......... .......... .......... .......... 84%  122M 0s
 25150K .......... .......... .......... .......... .......... 84% 85.7M 0s
 25200K .......... .......... .......... .......... .......... 84% 96.6M 0s
 25250K .......... .......... .......... .......... .......... 84%  105M 0s
 25300K .......... .......... .......... .......... .......... 85%  139M 0s
 25350K .......... .......... .......... .......... .......... 85%  113M 0s
 25400K .......... .......... .......... .......... .......... 85%  106M 0s
 25450K .......... .......... .......... .......... .......... 85%  122M 0s
 25500K .......... .......... .......... .......... .......... 85%  135M 0s
 25550K .......... .......... .......... .......... .......... 85% 89.2M 0s
 25600K .......... .......... .......... .......... .......... 86%  117M 0s
 25650K .......... .......... .......... .......... .......... 86% 89.7M 0s
 25700K .......... .......... .......... .......... .......... 86% 91.6M 0s
 25750K .......... .......... .......... .......... .......... 86%  116M 0s
 25800K .......... .......... .......... .......... .......... 86%  136M 0s
 25850K .......... .......... .......... .......... .......... 86%  111M 0s
 25900K .......... .......... .......... .......... .......... 87%  144M 0s
 25950K .......... .......... .......... .......... .......... 87% 97.7M 0s
 26000K .......... .......... .......... .......... .......... 87%  126M 0s
 26050K .......... .......... .......... .......... .......... 87% 83.3M 0s
 26100K .......... .......... .......... .......... .......... 87%  135M 0s
 26150K .......... .......... .......... .......... .......... 87%  126M 0s
 26200K .......... .......... .......... .......... .......... 88%  124M 0s
 26250K .......... .......... .......... .......... .......... 88%  106M 0s
 26300K .......... .......... .......... .......... .......... 88%  112M 0s
 26350K .......... .......... .......... .......... .......... 88% 99.5M 0s
 26400K .......... .......... .......... .......... .......... 88%  108M 0s
 26450K .......... .......... .......... .......... .......... 88%  115M 0s
 26500K .......... .......... .......... .......... .......... 89%  121M 0s
 26550K .......... .......... .......... .......... .......... 89%  106M 0s
 26600K .......... .......... .......... .......... .......... 89%  110M 0s
 26650K .......... .......... .......... .......... .......... 89%  108M 0s
 26700K .......... .......... .......... .......... .......... 89%  122M 0s
 26750K .......... .......... .......... .......... .......... 89% 88.5M 0s
 26800K .......... .......... .......... .......... .......... 90%  123M 0s
 26850K .......... .......... .......... .......... .......... 90%  113M 0s
 26900K .......... .......... .......... .......... .......... 90%  120M 0s
 26950K .......... .......... .......... .......... .......... 90%  102M 0s
 27000K .......... .......... .......... .......... .......... 90%  116M 0s
 27050K .......... .......... .......... .......... .......... 90%  121M 0s
 27100K .......... .......... .......... .......... .......... 91% 79.7M 0s
 27150K .......... .......... .......... .......... .......... 91%  111M 0s
 27200K .......... .......... .......... .......... .......... 91%  129M 0s
 27250K .......... .......... .......... .......... .......... 91%  124M 0s
 27300K .......... .......... .......... .......... .......... 91% 88.1M 0s
 27350K .......... .......... .......... .......... .......... 91% 81.2M 0s
 27400K .......... .......... .......... .......... .......... 92%  105M 0s
 27450K .......... .......... .......... .......... .......... 92%  109M 0s
 27500K .......... .......... .......... .......... .......... 92%  135M 0s
 27550K .......... .......... .......... .......... .......... 92%  118M 0s
 27600K .......... .......... .......... .......... .......... 92%  134M 0s
 27650K .......... .......... .......... .......... .......... 92%  117M 0s
 27700K .......... .......... .......... .......... .......... 93%  119M 0s
 27750K .......... .......... .......... .......... .......... 93%  113M 0s
 27800K .......... .......... .......... .......... .......... 93%  135M 0s
 27850K .......... .......... .......... .......... .......... 93% 90.8M 0s
 27900K .......... .......... .......... .......... .......... 93%  101M 0s
 27950K .......... .......... .......... .......... .......... 93% 98.6M 0s
 28000K .......... .......... .......... .......... .......... 94%  119M 0s
 28050K .......... .......... .......... .......... .......... 94%  122M 0s
 28100K .......... .......... .......... .......... .......... 94%  117M 0s
 28150K .......... .......... .......... .......... .......... 94%  108M 0s
 28200K .......... .......... .......... .......... .......... 94%  122M 0s
 28250K .......... .......... .......... .......... .......... 95%  123M 0s
 28300K .......... .......... .......... .......... .......... 95%  123M 0s
 28350K .......... .......... .......... .......... .......... 95% 97.8M 0s
 28400K .......... .......... .......... .......... .......... 95%  125M 0s
 28450K .......... .......... .......... .......... .......... 95%  109M 0s
 28500K .......... .......... .......... .......... .......... 95%  130M 0s
 28550K .......... .......... .......... .......... .......... 96% 93.0M 0s
 28600K .......... .......... .......... .......... .......... 96%  144M 0s
 28650K .......... .......... .......... .......... .......... 96%  117M 0s
 28700K .......... .......... .......... .......... .......... 96%  108M 0s
 28750K .......... .......... .......... .......... .......... 96% 99.9M 0s
 28800K .......... .......... .......... .......... .......... 96%  108M 0s
 28850K .......... .......... .......... .......... .......... 97%  115M 0s
 28900K .......... .......... .......... .......... .......... 97%  115M 0s
 28950K .......... .......... .......... .......... .......... 97%  110M 0s
 29000K .......... .......... .......... .......... .......... 97%  121M 0s
 29050K .......... .......... .......... .......... .......... 97%  121M 0s
 29100K .......... .......... .......... .......... .......... 97%  121M 0s
 29150K .......... .......... .......... .......... .......... 98% 84.1M 0s
 29200K .......... .......... .......... .......... .......... 98%  122M 0s
 29250K .......... .......... .......... .......... .......... 98%  120M 0s
 29300K .......... .......... .......... .......... .......... 98%  107M 0s
 29350K .......... .......... .......... .......... .......... 98%  112M 0s
 29400K .......... .......... .......... .......... .......... 98%  114M 0s
 29450K .......... .......... .......... .......... .......... 99%  118M 0s
 29500K .......... .......... .......... .......... .......... 99%  128M 0s
 29550K .......... .......... .......... .......... .......... 99% 93.9M 0s
 29600K .......... .......... .......... .......... .......... 99% 99.6M 0s
 29650K .......... .......... .......... .......... .......... 99%  117M 0s
 29700K .......... .......... .......... .......... .......... 99%  133M 0s
 29750K .......... .......... .......... ........             100%  114M=0.4s

2020-11-13 12:25:17 (72.1 MB/s) - `/tmp/firefox-28.0.tar.bz2' saved [30503247/30503247]


travis_time:end:011cc827:start=1605270317116089462,finish=1605270317836815849,duration=720726387[0K$ export PATH=$HOME/firefox-28.0/firefox:$PATH
travis_fold:end:install_firefox[0Ktravis_fold:start:postgresql[0K[33;1mStarting PostgreSQL v9.3[0m
travis_time:start:02ff286f[0K$ sudo service postgresql stop
 * Stopping PostgreSQL 9.1 database server
   ...done.
 * Stopping PostgreSQL 9.2 database server
   ...done.
 * Stopping PostgreSQL 9.3 database server
   ...done.
 * Stopping PostgreSQL 9.4 database server
   ...done.

travis_time:end:02ff286f:start=1605270321806906249,finish=1605270322452943031,duration=646036782[0Ktravis_time:start:2075c886[0K$ sudo service postgresql start 9.3
 * Starting PostgreSQL 9.3 database server
   ...done.

travis_time:end:2075c886:start=1605270322464388388,finish=1605270324744071486,duration=2279683098[0Ktravis_time:start:007aa369[0K$ sudo -u postgres createuser -s -p 5432 travis &>/dev/null

travis_time:end:007aa369:start=1605270324756704677,finish=1605270324821914077,duration=65209400[0Ktravis_time:start:17472e6a[0K$ sudo -u postgres createdb -O travis -p 5432 travis &>/dev/null

travis_time:end:17472e6a:start=1605270324834561636,finish=1605270325122753942,duration=288192306[0Ktravis_time:start:0a5fc552[0K$ sudo -u postgres createuser -s -p 5433 travis &>/dev/null

travis_time:end:0a5fc552:start=1605270325135541791,finish=1605270325193477408,duration=57935617[0Ktravis_time:start:148960ef[0K$ sudo -u postgres createdb -O travis -p 5433 travis &>/dev/null

travis_time:end:148960ef:start=1605270325204734174,finish=1605270325263502132,duration=58767958[0Ktravis_fold:end:postgresql[0Ktravis_time:start:106e424a[0K$ source ~/virtualenv/python2.7/bin/activate

travis_time:end:106e424a:start=1605270325399221224,finish=1605270325411186626,duration=11965402[0K$ python --version
Python 2.7.9
$ pip --version
pip 6.0.7 from /home/travis/virtualenv/python2.7.9/lib/python2.7/site-packages (python 2.7)
travis_fold:start:before_install.1[0Ktravis_time:start:0a4608a0[0K$ export DISPLAY=:99.0

travis_time:end:0a4608a0:start=1605270325682103450,finish=1605270325691935634,duration=9832184[0Ktravis_fold:end:before_install.1[0Ktravis_fold:start:before_install.2[0Ktravis_time:start:13c30942[0K$ sh -e /etc/init.d/xvfb start
Starting virtual X frame buffer: Xvfb.

travis_time:end:13c30942:start=1605270325703935457,finish=1605270325717605946,duration=13670489[0Ktravis_fold:end:before_install.2[0Ktravis_fold:start:install[0Ktravis_time:start:09b6a2bb[0K$ ./bootstrap.py
Using real prefix '/opt/python/2.7.9'
New python executable in /home/travis/build/passed/ccnmtl/dmt/ve/bin/python
Installing setuptools, pip...done.
Collecting wheel==0.24.0
  Retrying (Retry(total=4, connect=None, read=None, redirect=None)) after connection broken by 'ProtocolError('Connection aborted.', gaierror(-2, 'Name or service not known'))': /wheel/
  Retrying (Retry(total=3, connect=None, read=None, redirect=None)) after connection broken by 'ProtocolError('Connection aborted.', gaierror(-2, 'Name or service not known'))': /wheel/
  Retrying (Retry(total=2, connect=None, read=None, redirect=None)) after connection broken by 'ProtocolError('Connection aborted.', gaierror(-2, 'Name or service not known'))': /wheel/
  Retrying (Retry(total=1, connect=None, read=None, redirect=None)) after connection broken by 'ProtocolError('Connection aborted.', gaierror(-2, 'Name or service not known'))': /wheel/
  Retrying (Retry(total=0, connect=None, read=None, redirect=None)) after connection broken by 'ProtocolError('Connection aborted.', gaierror(-2, 'Name or service not known'))': /wheel/
  DEPRECATION: Failed to find 'wheel' at https://pypi.ccnmtl.columbia.edu/wheel/. It is suggested to upgrade your index to support normalized names as the name in /simple/{name}.
  Retrying (Retry(total=4, connect=None, read=None, redirect=None)) after connection broken by 'ProtocolError('Connection aborted.', gaierror(-2, 'Name or service not known'))': /
  Retrying (Retry(total=3, connect=None, read=None, redirect=None)) after connection broken by 'ProtocolError('Connection aborted.', gaierror(-2, 'Name or service not known'))': /
  Retrying (Retry(total=2, connect=None, read=None, redirect=None)) after connection broken by 'ProtocolError('Connection aborted.', gaierror(-2, 'Name or service not known'))': /
  Retrying (Retry(total=1, connect=None, read=None, redirect=None)) after connection broken by 'ProtocolError('Connection aborted.', gaierror(-2, 'Name or service not known'))': /
  Retrying (Retry(total=0, connect=None, read=None, redirect=None)) after connection broken by 'ProtocolError('Connection aborted.', gaierror(-2, 'Name or service not known'))': /
  Cannot fetch index base URL https://pypi.ccnmtl.columbia.edu/
  Retrying (Retry(total=4, connect=None, read=None, redirect=None)) after connection broken by 'ProtocolError('Connection aborted.', gaierror(-2, 'Name or service not known'))': /wheel/
  Retrying (Retry(total=3, connect=None, read=None, redirect=None)) after connection broken by 'ProtocolError('Connection aborted.', gaierror(-2, 'Name or service not known'))': /wheel/
  Retrying (Retry(total=2, connect=None, read=None, redirect=None)) after connection broken by 'ProtocolError('Connection aborted.', gaierror(-2, 'Name or service not known'))': /wheel/
  Retrying (Retry(total=1, connect=None, read=None, redirect=None)) after connection broken by 'ProtocolError('Connection aborted.', gaierror(-2, 'Name or service not known'))': /wheel/
  Retrying (Retry(total=0, connect=None, read=None, redirect=None)) after connection broken by 'ProtocolError('Connection aborted.', gaierror(-2, 'Name or service not known'))': /wheel/
  Could not find a version that satisfies the requirement wheel==0.24.0 (from versions: )
No matching distribution found for wheel==0.24.0

travis_time:end:09b6a2bb:start=1605270325730524953,finish=1605270351882729157,duration=26152204204[0K
[31;1mThe command "./bootstrap.py" failed and exited with 1 during .[0m

Your build has been stopped.
