travis_fold:start:system_info[0K[33;1mBuild system information[0m
Build language: python
Build id: ''
Job id: ''
[34m[1mBuild image provisioning date and time[0m
Thu Feb  5 15:09:33 UTC 2015
[34m[1mOperating System Details[0m
Distributor ID:	Ubuntu
Description:	Ubuntu 12.04.5 LTS
Release:	12.04
Codename:	precise
[34m[1mLinux Version[0m
3.13.0-29-generic
[34m[1mCookbooks Version[0m
a68419e https://github.com/travis-ci/travis-cookbooks/tree/a68419e
[34m[1mGCC version[0m
gcc (Ubuntu/Linaro 4.6.3-1ubuntu5) 4.6.3
Copyright (C) 2011 Free Software Foundation, Inc.
This is free software; see the source for copying conditions.  There is NO
warranty; not even for MERCHANTABILITY or FITNESS FOR A PARTICULAR PURPOSE.

[34m[1mLLVM version[0m
clang version 3.4 (tags/RELEASE_34/final)
Target: x86_64-unknown-linux-gnu
Thread model: posix
[34m[1mPre-installed Ruby versions[0m
ruby-1.9.3-p551
[34m[1mPre-installed Node.js versions[0m
v0.10.36
[34m[1mPre-installed Go versions[0m
1.4.1
[34m[1mRedis version[0m
redis-server 2.8.19
[34m[1mriak version[0m
2.0.2
[34m[1mMongoDB version[0m
MongoDB 2.4.12
[34m[1mCouchDB version[0m
couchdb 1.6.1
[34m[1mNeo4j version[0m
1.9.4
[34m[1mRabbitMQ Version[0m
3.4.3
[34m[1mElasticSearch version[0m
1.4.0
[34m[1mInstalled Sphinx versions[0m
2.0.10
2.1.9
2.2.6
[34m[1mDefault Sphinx version[0m
2.2.6
[34m[1mInstalled Firefox version[0m
firefox 31.0esr
[34m[1mPhantomJS version[0m
1.9.8
[34m[1mant -version[0m
Apache Ant(TM) version 1.8.2 compiled on December 3 2011
[34m[1mmvn -version[0m
Apache Maven 3.2.5 (12a6b3acb947671f09b81f49094c53f426d8cea1; 2014-12-14T17:29:23+00:00)
Maven home: /usr/local/maven
Java version: 1.7.0_76, vendor: Oracle Corporation
Java home: /usr/lib/jvm/java-7-oracle/jre
Default locale: en_US, platform encoding: ANSI_X3.4-1968
OS name: "linux", version: "3.13.0-29-generic", arch: "amd64", family: "unix"
travis_fold:end:system_info[0K
grep: /etc/apt/sources.list.d/*: No such file or directory
sed: cannot rename /etc/hosts: Device or resource busy
sed: cannot rename /etc/hosts: Device or resource busy
$ cd failed/ccnmtl/dmt
travis_fold:start:install_firefox[0K$ export FIREFOX_SOURCE_URL='https://download.mozilla.org/?product=firefox-28.0&lang=en-US&os=linux64'
[33;1mInstalling Firefox 28.0[0m
travis_time:start:2b00c410[0K$ wget -O /tmp/firefox-28.0.tar.bz2 $FIREFOX_SOURCE_URL
--2020-11-06 13:30:27--  https://download.mozilla.org/?product=firefox-28.0&lang=en-US&os=linux64
Resolving download.mozilla.org (download.mozilla.org)... 44.240.31.239, 52.43.219.221, 44.238.14.206
Connecting to download.mozilla.org (download.mozilla.org)|44.240.31.239|:443... connected.
HTTP request sent, awaiting response... 302 Found
Location: https://download-installer.cdn.mozilla.net/pub/firefox/releases/28.0/linux-x86_64/en-US/firefox-28.0.tar.bz2 [following]
--2020-11-06 13:30:28--  https://download-installer.cdn.mozilla.net/pub/firefox/releases/28.0/linux-x86_64/en-US/firefox-28.0.tar.bz2
Resolving download-installer.cdn.mozilla.net (download-installer.cdn.mozilla.net)... 13.224.26.58, 2600:9000:2164:7e00:e:19d6:1546:5981, 2600:9000:2164:f600:e:19d6:1546:5981, ...
Connecting to download-installer.cdn.mozilla.net (download-installer.cdn.mozilla.net)|13.224.26.58|:443... connected.
HTTP request sent, awaiting response... 200 OK
Length: 30503247 (29M) [application/x-tar]
Saving to: `/tmp/firefox-28.0.tar.bz2'

     0K .......... .......... .......... .......... ..........  0% 1.92M 15s
    50K .......... .......... .......... .......... ..........  0% 1.37M 18s
   100K .......... .......... .......... .......... ..........  0% 2.62M 16s
   150K .......... .......... .......... .......... ..........  0% 4.81M 13s
   200K .......... .......... .......... .......... ..........  0% 1.55M 14s
   250K .......... .......... .......... .......... ..........  1% 7.96M 13s
   300K .......... .......... .......... .......... ..........  1% 10.1M 11s
   350K .......... .......... .......... .......... ..........  1% 8.54M 10s
   400K .......... .......... .......... .......... ..........  1% 10.9M 9s
   450K .......... .......... .......... .......... ..........  1% 8.64M 9s
   500K .......... .......... .......... .......... ..........  1% 1.38M 10s
   550K .......... .......... .......... .......... ..........  2% 23.9M 9s
   600K .......... .......... .......... .......... ..........  2% 26.5M 8s
   650K .......... .......... .......... .......... ..........  2% 26.9M 8s
   700K .......... .......... .......... .......... ..........  2% 24.3M 7s
   750K .......... .......... .......... .......... ..........  2% 40.5M 7s
   800K .......... .......... .......... .......... ..........  2% 18.7M 7s
   850K .......... .......... .......... .......... ..........  3% 5.17M 7s
   900K .......... .......... .......... .......... ..........  3% 37.8M 6s
   950K .......... .......... .......... .......... ..........  3% 30.0M 6s
  1000K .......... .......... .......... .......... ..........  3% 22.6M 6s
  1050K .......... .......... .......... .......... ..........  3% 33.3M 6s
  1100K .......... .......... .......... .......... ..........  3% 1.32M 6s
  1150K .......... .......... .......... .......... ..........  4% 56.2M 6s
  1200K .......... .......... .......... .......... ..........  4% 55.6M 6s
  1250K .......... .......... .......... .......... ..........  4% 55.6M 5s
  1300K .......... .......... .......... .......... ..........  4% 16.7M 5s
  1350K .......... .......... .......... .......... ..........  4% 79.7M 5s
  1400K .......... .......... .......... .......... ..........  4% 36.9M 5s
  1450K .......... .......... .......... .......... ..........  5% 49.9M 5s
  1500K .......... .......... .......... .......... ..........  5%  105M 5s
  1550K .......... .......... .......... .......... ..........  5% 46.6M 5s
  1600K .......... .......... .......... .......... ..........  5% 50.2M 4s
  1650K .......... .......... .......... .......... ..........  5% 49.5M 4s
  1700K .......... .......... .......... .......... ..........  5% 53.2M 4s
  1750K .......... .......... .......... .......... ..........  6% 47.7M 4s
  1800K .......... .......... .......... .......... ..........  6% 30.2M 4s
  1850K .......... .......... .......... .......... ..........  6% 56.4M 4s
  1900K .......... .......... .......... .......... ..........  6% 53.6M 4s
  1950K .......... .......... .......... .......... ..........  6% 11.8M 4s
  2000K .......... .......... .......... .......... ..........  6% 81.4M 4s
  2050K .......... .......... .......... .......... ..........  7% 48.2M 4s
  2100K .......... .......... .......... .......... ..........  7%  115M 3s
  2150K .......... .......... .......... .......... ..........  7% 44.5M 3s
  2200K .......... .......... .......... .......... ..........  7% 50.5M 3s
  2250K .......... .......... .......... .......... ..........  7% 1.28M 4s
  2300K .......... .......... .......... .......... ..........  7% 78.0M 4s
  2350K .......... .......... .......... .......... ..........  8%  120M 4s
  2400K .......... .......... .......... .......... ..........  8% 85.7M 3s
  2450K .......... .......... .......... .......... ..........  8% 77.2M 3s
  2500K .......... .......... .......... .......... ..........  8%  172M 3s
  2550K .......... .......... .......... .......... ..........  8% 16.8M 3s
  2600K .......... .......... .......... .......... ..........  8%  107M 3s
  2650K .......... .......... .......... .......... ..........  9% 79.8M 3s
  2700K .......... .......... .......... .......... ..........  9% 64.7M 3s
  2750K .......... .......... .......... .......... ..........  9% 97.8M 3s
  2800K .......... .......... .......... .......... ..........  9% 17.2M 3s
  2850K .......... .......... .......... .......... ..........  9% 76.1M 3s
  2900K .......... .......... .......... .......... ..........  9%  105M 3s
  2950K .......... .......... .......... .......... .......... 10% 85.9M 3s
  3000K .......... .......... .......... .......... .......... 10% 96.5M 3s
  3050K .......... .......... .......... .......... .......... 10%  126M 3s
  3100K .......... .......... .......... .......... .......... 10% 17.7M 3s
  3150K .......... .......... .......... .......... .......... 10% 94.2M 3s
  3200K .......... .......... .......... .......... .......... 10%  101M 3s
  3250K .......... .......... .......... .......... .......... 11% 90.6M 3s
  3300K .......... .......... .......... .......... .......... 11%  112M 3s
  3350K .......... .......... .......... .......... .......... 11%  120M 3s
  3400K .......... .......... .......... .......... .......... 11% 15.4M 3s
  3450K .......... .......... .......... .......... .......... 11% 69.3M 3s
  3500K .......... .......... .......... .......... .......... 11% 73.2M 2s
  3550K .......... .......... .......... .......... .......... 12% 97.7M 2s
  3600K .......... .......... .......... .......... .......... 12%  129M 2s
  3650K .......... .......... .......... .......... .......... 12%  112M 2s
  3700K .......... .......... .......... .......... .......... 12% 12.3M 2s
  3750K .......... .......... .......... .......... .......... 12% 88.0M 2s
  3800K .......... .......... .......... .......... .......... 12%  106M 2s
  3850K .......... .......... .......... .......... .......... 13%  109M 2s
  3900K .......... .......... .......... .......... .......... 13%  129M 2s
  3950K .......... .......... .......... .......... .......... 13%  120M 2s
  4000K .......... .......... .......... .......... .......... 13%  121M 2s
  4050K .......... .......... .......... .......... .......... 13% 47.8M 2s
  4100K .......... .......... .......... .......... .......... 13% 84.0M 2s
  4150K .......... .......... .......... .......... .......... 14% 78.6M 2s
  4200K .......... .......... .......... .......... .......... 14%  105M 2s
  4250K .......... .......... .......... .......... .......... 14% 61.7M 2s
  4300K .......... .......... .......... .......... .......... 14% 90.8M 2s
  4350K .......... .......... .......... .......... .......... 14% 85.9M 2s
  4400K .......... .......... .......... .......... .......... 14% 33.8M 2s
  4450K .......... .......... .......... .......... .......... 15% 69.1M 2s
  4500K .......... .......... .......... .......... .......... 15% 84.9M 2s
  4550K .......... .......... .......... .......... .......... 15% 68.2M 2s
  4600K .......... .......... .......... .......... .......... 15% 8.83M 2s
  4650K .......... .......... .......... .......... .......... 15% 2.44M 2s
  4700K .......... .......... .......... .......... .......... 15%  110M 2s
  4750K .......... .......... .......... .......... .......... 16% 97.2M 2s
  4800K .......... .......... .......... .......... .......... 16% 57.2M 2s
  4850K .......... .......... .......... .......... .......... 16% 59.2M 2s
  4900K .......... .......... .......... .......... .......... 16%  124M 2s
  4950K .......... .......... .......... .......... .......... 16% 85.7M 2s
  5000K .......... .......... .......... .......... .......... 16% 28.3M 2s
  5050K .......... .......... .......... .......... .......... 17%  141M 2s
  5100K .......... .......... .......... .......... .......... 17%  109M 2s
  5150K .......... .......... .......... .......... .......... 17%  108M 2s
  5200K .......... .......... .......... .......... .......... 17%  112M 2s
  5250K .......... .......... .......... .......... .......... 17%  118M 2s
  5300K .......... .......... .......... .......... .......... 17%  107M 2s
  5350K .......... .......... .......... .......... .......... 18%  108M 2s
  5400K .......... .......... .......... .......... .......... 18% 16.7M 2s
  5450K .......... .......... .......... .......... .......... 18% 49.8M 2s
  5500K .......... .......... .......... .......... .......... 18%  122M 2s
  5550K .......... .......... .......... .......... .......... 18% 79.5M 2s
  5600K .......... .......... .......... .......... .......... 18%  104M 2s
  5650K .......... .......... .......... .......... .......... 19%  133M 2s
  5700K .......... .......... .......... .......... .......... 19%  107M 2s
  5750K .......... .......... .......... .......... .......... 19%  109M 2s
  5800K .......... .......... .......... .......... .......... 19%  108M 2s
  5850K .......... .......... .......... .......... .......... 19% 80.6M 2s
  5900K .......... .......... .......... .......... .......... 19% 95.2M 2s
  5950K .......... .......... .......... .......... .......... 20%  145M 2s
  6000K .......... .......... .......... .......... .......... 20% 94.4M 2s
  6050K .......... .......... .......... .......... .......... 20%  120M 2s
  6100K .......... .......... .......... .......... .......... 20%  122M 2s
  6150K .......... .......... .......... .......... .......... 20%  101M 2s
  6200K .......... .......... .......... .......... .......... 20%  123M 1s
  6250K .......... .......... .......... .......... .......... 21% 35.3M 1s
  6300K .......... .......... .......... .......... .......... 21% 59.8M 1s
  6350K .......... .......... .......... .......... .......... 21%  107M 1s
  6400K .......... .......... .......... .......... .......... 21%  125M 1s
  6450K .......... .......... .......... .......... .......... 21%  107M 1s
  6500K .......... .......... .......... .......... .......... 21%  122M 1s
  6550K .......... .......... .......... .......... .......... 22%  105M 1s
  6600K .......... .......... .......... .......... .......... 22%  109M 1s
  6650K .......... .......... .......... .......... .......... 22%  102M 1s
  6700K .......... .......... .......... .......... .......... 22%  114M 1s
  6750K .......... .......... .......... .......... .......... 22% 26.7M 1s
  6800K .......... .......... .......... .......... .......... 22% 79.9M 1s
  6850K .......... .......... .......... .......... .......... 23%  129M 1s
  6900K .......... .......... .......... .......... .......... 23%  118M 1s
  6950K .......... .......... .......... .......... .......... 23% 75.2M 1s
  7000K .......... .......... .......... .......... .......... 23% 51.1M 1s
  7050K .......... .......... .......... .......... .......... 23%  104M 1s
  7100K .......... .......... .......... .......... .......... 24%  114M 1s
  7150K .......... .......... .......... .......... .......... 24%  122M 1s
  7200K .......... .......... .......... .......... .......... 24% 1.47M 1s
  7250K .......... .......... .......... .......... .......... 24% 75.3M 1s
  7300K .......... .......... .......... .......... .......... 24% 80.9M 1s
  7350K .......... .......... .......... .......... .......... 24% 88.3M 1s
  7400K .......... .......... .......... .......... .......... 25% 75.3M 1s
  7450K .......... .......... .......... .......... .......... 25% 88.6M 1s
  7500K .......... .......... .......... .......... .......... 25% 70.6M 1s
  7550K .......... .......... .......... .......... .......... 25%  110M 1s
  7600K .......... .......... .......... .......... .......... 25%  137M 1s
  7650K .......... .......... .......... .......... .......... 25%  170M 1s
  7700K .......... .......... .......... .......... .......... 26% 54.0M 1s
  7750K .......... .......... .......... .......... .......... 26% 74.1M 1s
  7800K .......... .......... .......... .......... .......... 26% 86.9M 1s
  7850K .......... .......... .......... .......... .......... 26% 80.6M 1s
  7900K .......... .......... .......... .......... .......... 26% 71.2M 1s
  7950K .......... .......... .......... .......... .......... 26% 97.7M 1s
  8000K .......... .......... .......... .......... .......... 27%  114M 1s
  8050K .......... .......... .......... .......... .......... 27% 95.1M 1s
  8100K .......... .......... .......... .......... .......... 27% 75.1M 1s
  8150K .......... .......... .......... .......... .......... 27% 71.4M 1s
  8200K .......... .......... .......... .......... .......... 27% 68.0M 1s
  8250K .......... .......... .......... .......... .......... 27%  119M 1s
  8300K .......... .......... .......... .......... .......... 28%  200M 1s
  8350K .......... .......... .......... .......... .......... 28%  174M 1s
  8400K .......... .......... .......... .......... .......... 28%  189M 1s
  8450K .......... .......... .......... .......... .......... 28%  163M 1s
  8500K .......... .......... .......... .......... .......... 28%  184M 1s
  8550K .......... .......... .......... .......... .......... 28%  185M 1s
  8600K .......... .......... .......... .......... .......... 29% 87.5M 1s
  8650K .......... .......... .......... .......... .......... 29%  141M 1s
  8700K .......... .......... .......... .......... .......... 29%  103M 1s
  8750K .......... .......... .......... .......... .......... 29%  131M 1s
  8800K .......... .......... .......... .......... .......... 29%  100M 1s
  8850K .......... .......... .......... .......... .......... 29% 52.9M 1s
  8900K .......... .......... .......... .......... .......... 30%  103M 1s
  8950K .......... .......... .......... .......... .......... 30%  143M 1s
  9000K .......... .......... .......... .......... .......... 30%  112M 1s
  9050K .......... .......... .......... .......... .......... 30%  101M 1s
  9100K .......... .......... .......... .......... .......... 30%  112M 1s
  9150K .......... .......... .......... .......... .......... 30%  128M 1s
  9200K .......... .......... .......... .......... .......... 31%  102M 1s
  9250K .......... .......... .......... .......... .......... 31%  114M 1s
  9300K .......... .......... .......... .......... .......... 31%  108M 1s
  9350K .......... .......... .......... .......... .......... 31%  108M 1s
  9400K .......... .......... .......... .......... .......... 31%  104M 1s
  9450K .......... .......... .......... .......... .......... 31% 97.1M 1s
  9500K .......... .......... .......... .......... .......... 32%  146M 1s
  9550K .......... .......... .......... .......... .......... 32%  107M 1s
  9600K .......... .......... .......... .......... .......... 32%  110M 1s
  9650K .......... .......... .......... .......... .......... 32%  104M 1s
  9700K .......... .......... .......... .......... .......... 32%  122M 1s
  9750K .......... .......... .......... .......... .......... 32% 1.24M 1s
  9800K .......... .......... .......... .......... .......... 33% 49.6M 1s
  9850K .......... .......... .......... .......... .......... 33% 72.8M 1s
  9900K .......... .......... .......... .......... .......... 33% 96.1M 1s
  9950K .......... .......... .......... .......... .......... 33% 66.8M 1s
 10000K .......... .......... .......... .......... .......... 33%  137M 1s
 10050K .......... .......... .......... .......... .......... 33% 74.5M 1s
 10100K .......... .......... .......... .......... .......... 34%  113M 1s
 10150K .......... .......... .......... .......... .......... 34%  104M 1s
 10200K .......... .......... .......... .......... .......... 34% 91.9M 1s
 10250K .......... .......... .......... .......... .......... 34%  102M 1s
 10300K .......... .......... .......... .......... .......... 34%  151M 1s
 10350K .......... .......... .......... .......... .......... 34%  109M 1s
 10400K .......... .......... .......... .......... .......... 35%  133M 1s
 10450K .......... .......... .......... .......... .......... 35%  110M 1s
 10500K .......... .......... .......... .......... .......... 35%  108M 1s
 10550K .......... .......... .......... .......... .......... 35%  124M 1s
 10600K .......... .......... .......... .......... .......... 35% 94.4M 1s
 10650K .......... .......... .......... .......... .......... 35%  121M 1s
 10700K .......... .......... .......... .......... .......... 36% 98.2M 1s
 10750K .......... .......... .......... .......... .......... 36%  109M 1s
 10800K .......... .......... .......... .......... .......... 36%  108M 1s
 10850K .......... .......... .......... .......... .......... 36%  110M 1s
 10900K .......... .......... .......... .......... .......... 36%  107M 1s
 10950K .......... .......... .......... .......... .......... 36%  144M 1s
 11000K .......... .......... .......... .......... .......... 37%  122M 1s
 11050K .......... .......... .......... .......... .......... 37%  118M 1s
 11100K .......... .......... .......... .......... .......... 37%  131M 1s
 11150K .......... .......... .......... .......... .......... 37%  125M 1s
 11200K .......... .......... .......... .......... .......... 37%  130M 1s
 11250K .......... .......... .......... .......... .......... 37%  102M 1s
 11300K .......... .......... .......... .......... .......... 38%  124M 1s
 11350K .......... .......... .......... .......... .......... 38% 91.5M 1s
 11400K .......... .......... .......... .......... .......... 38%  126M 1s
 11450K .......... .......... .......... .......... .......... 38%  100M 1s
 11500K .......... .......... .......... .......... .......... 38%  111M 1s
 11550K .......... .......... .......... .......... .......... 38%  109M 1s
 11600K .......... .......... .......... .......... .......... 39%  129M 1s
 11650K .......... .......... .......... .......... .......... 39%  113M 1s
 11700K .......... .......... .......... .......... .......... 39% 99.1M 1s
 11750K .......... .......... .......... .......... .......... 39%  130M 1s
 11800K .......... .......... .......... .......... .......... 39%  104M 1s
 11850K .......... .......... .......... .......... .......... 39%  113M 1s
 11900K .......... .......... .......... .......... .......... 40%  109M 1s
 11950K .......... .......... .......... .......... .......... 40%  103M 1s
 12000K .......... .......... .......... .......... .......... 40%  114M 1s
 12050K .......... .......... .......... .......... .......... 40%  125M 1s
 12100K .......... .......... .......... .......... .......... 40%  101M 1s
 12150K .......... .......... .......... .......... .......... 40%  123M 1s
 12200K .......... .......... .......... .......... .......... 41%  104M 1s
 12250K .......... .......... .......... .......... .......... 41%  122M 1s
 12300K .......... .......... .......... .......... .......... 41% 1.19M 1s
 12350K .......... .......... .......... .......... .......... 41% 78.4M 1s
 12400K .......... .......... .......... .......... .......... 41% 69.0M 1s
 12450K .......... .......... .......... .......... .......... 41%  138M 1s
 12500K .......... .......... .......... .......... .......... 42% 69.3M 1s
 12550K .......... .......... .......... .......... .......... 42% 73.8M 1s
 12600K .......... .......... .......... .......... .......... 42% 89.3M 1s
 12650K .......... .......... .......... .......... .......... 42% 85.9M 1s
 12700K .......... .......... .......... .......... .......... 42% 69.1M 1s
 12750K .......... .......... .......... .......... .......... 42% 89.4M 1s
 12800K .......... .......... .......... .......... .......... 43% 80.2M 1s
 12850K .......... .......... .......... .......... .......... 43% 91.0M 1s
 12900K .......... .......... .......... .......... .......... 43% 90.0M 1s
 12950K .......... .......... .......... .......... .......... 43% 77.6M 1s
 13000K .......... .......... .......... .......... .......... 43% 79.8M 1s
 13050K .......... .......... .......... .......... .......... 43% 84.2M 1s
 13100K .......... .......... .......... .......... .......... 44% 73.9M 1s
 13150K .......... .......... .......... .......... .......... 44% 91.1M 1s
 13200K .......... .......... .......... .......... .......... 44% 88.4M 1s
 13250K .......... .......... .......... .......... .......... 44% 92.2M 1s
 13300K .......... .......... .......... .......... .......... 44% 83.2M 1s
 13350K .......... .......... .......... .......... .......... 44%  151M 1s
 13400K .......... .......... .......... .......... .......... 45%  199M 1s
 13450K .......... .......... .......... .......... .......... 45%  225M 1s
 13500K .......... .......... .......... .......... .......... 45%  235M 1s
 13550K .......... .......... .......... .......... .......... 45%  224M 1s
 13600K .......... .......... .......... .......... .......... 45%  190M 1s
 13650K .......... .......... .......... .......... .......... 45%  241M 1s
 13700K .......... .......... .......... .......... .......... 46%  227M 1s
 13750K .......... .......... .......... .......... .......... 46%  214M 1s
 13800K .......... .......... .......... .......... .......... 46%  202M 1s
 13850K .......... .......... .......... .......... .......... 46%  205M 1s
 13900K .......... .......... .......... .......... .......... 46%  109M 1s
 13950K .......... .......... .......... .......... .......... 46%  100M 1s
 14000K .......... .......... .......... .......... .......... 47%  109M 1s
 14050K .......... .......... .......... .......... .......... 47%  112M 1s
 14100K .......... .......... .......... .......... .......... 47%  105M 1s
 14150K .......... .......... .......... .......... .......... 47%  108M 1s
 14200K .......... .......... .......... .......... .......... 47%  119M 1s
 14250K .......... .......... .......... .......... .......... 48%  117M 1s
 14300K .......... .......... .......... .......... .......... 48%  115M 1s
 14350K .......... .......... .......... .......... .......... 48%  113M 1s
 14400K .......... .......... .......... .......... .......... 48%  112M 1s
 14450K .......... .......... .......... .......... .......... 48% 93.0M 1s
 14500K .......... .......... .......... .......... .......... 48%  113M 1s
 14550K .......... .......... .......... .......... .......... 49%  112M 1s
 14600K .......... .......... .......... .......... .......... 49%  114M 1s
 14650K .......... .......... .......... .......... .......... 49%  127M 1s
 14700K .......... .......... .......... .......... .......... 49%  108M 1s
 14750K .......... .......... .......... .......... .......... 49%  107M 1s
 14800K .......... .......... .......... .......... .......... 49%  109M 1s
 14850K .......... .......... .......... .......... .......... 50% 1.16M 1s
 14900K .......... .......... .......... .......... .......... 50% 92.6M 1s
 14950K .......... .......... .......... .......... .......... 50% 78.0M 1s
 15000K .......... .......... .......... .......... .......... 50% 72.2M 1s
 15050K .......... .......... .......... .......... .......... 50% 67.5M 1s
 15100K .......... .......... .......... .......... .......... 50% 75.9M 1s
 15150K .......... .......... .......... .......... .......... 51% 89.4M 1s
 15200K .......... .......... .......... .......... .......... 51% 72.9M 1s
 15250K .......... .......... .......... .......... .......... 51% 91.1M 1s
 15300K .......... .......... .......... .......... .......... 51% 95.2M 1s
 15350K .......... .......... .......... .......... .......... 51% 76.4M 1s
 15400K .......... .......... .......... .......... .......... 51% 71.8M 1s
 15450K .......... .......... .......... .......... .......... 52% 86.7M 1s
 15500K .......... .......... .......... .......... .......... 52% 81.1M 1s
 15550K .......... .......... .......... .......... .......... 52% 83.7M 1s
 15600K .......... .......... .......... .......... .......... 52% 87.6M 1s
 15650K .......... .......... .......... .......... .......... 52% 93.9M 1s
 15700K .......... .......... .......... .......... .......... 52% 74.5M 1s
 15750K .......... .......... .......... .......... .......... 53% 93.4M 1s
 15800K .......... .......... .......... .......... .......... 53% 96.3M 1s
 15850K .......... .......... .......... .......... .......... 53%  251M 1s
 15900K .......... .......... .......... .......... .......... 53%  187M 1s
 15950K .......... .......... .......... .......... .......... 53%  215M 1s
 16000K .......... .......... .......... .......... .......... 53%  230M 1s
 16050K .......... .......... .......... .......... .......... 54%  225M 1s
 16100K .......... .......... .......... .......... .......... 54%  196M 1s
 16150K .......... .......... .......... .......... .......... 54%  214M 1s
 16200K .......... .......... .......... .......... .......... 54%  206M 1s
 16250K .......... .......... .......... .......... .......... 54%  227M 1s
 16300K .......... .......... .......... .......... .......... 54%  207M 1s
 16350K .......... .......... .......... .......... .......... 55%  214M 1s
 16400K .......... .......... .......... .......... .......... 55%  228M 1s
 16450K .......... .......... .......... .......... .......... 55%  209M 1s
 16500K .......... .......... .......... .......... .......... 55%  196M 1s
 16550K .......... .......... .......... .......... .......... 55% 96.4M 1s
 16600K .......... .......... .......... .......... .......... 55%  129M 1s
 16650K .......... .......... .......... .......... .......... 56%  128M 1s
 16700K .......... .......... .......... .......... .......... 56% 92.5M 1s
 16750K .......... .......... .......... .......... .......... 56%  111M 1s
 16800K .......... .......... .......... .......... .......... 56%  120M 0s
 16850K .......... .......... .......... .......... .......... 56%  117M 0s
 16900K .......... .......... .......... .......... .......... 56%  107M 0s
 16950K .......... .......... .......... .......... .......... 57%  122M 0s
 17000K .......... .......... .......... .......... .......... 57% 99.0M 0s
 17050K .......... .......... .......... .......... .......... 57%  110M 0s
 17100K .......... .......... .......... .......... .......... 57%  121M 0s
 17150K .......... .......... .......... .......... .......... 57%  101M 0s
 17200K .......... .......... .......... .......... .......... 57%  126M 0s
 17250K .......... .......... .......... .......... .......... 58%  105M 0s
 17300K .......... .......... .......... .......... .......... 58%  127M 0s
 17350K .......... .......... .......... .......... .......... 58%  108M 0s
 17400K .......... .......... .......... .......... .......... 58% 1.18M 0s
 17450K .......... .......... .......... .......... .......... 58% 73.1M 0s
 17500K .......... .......... .......... .......... .......... 58% 72.0M 0s
 17550K .......... .......... .......... .......... .......... 59% 26.2M 0s
 17600K .......... .......... .......... .......... .......... 59% 69.9M 0s
 17650K .......... .......... .......... .......... .......... 59% 68.4M 0s
 17700K .......... .......... .......... .......... .......... 59% 72.2M 0s
 17750K .......... .......... .......... .......... .......... 59% 64.1M 0s
 17800K .......... .......... .......... .......... .......... 59% 79.8M 0s
 17850K .......... .......... .......... .......... .......... 60% 73.5M 0s
 17900K .......... .......... .......... .......... .......... 60% 70.8M 0s
 17950K .......... .......... .......... .......... .......... 60% 64.9M 0s
 18000K .......... .......... .......... .......... .......... 60% 88.2M 0s
 18050K .......... .......... .......... .......... .......... 60% 61.4M 0s
 18100K .......... .......... .......... .......... .......... 60% 79.9M 0s
 18150K .......... .......... .......... .......... .......... 61% 81.4M 0s
 18200K .......... .......... .......... .......... .......... 61%  103M 0s
 18250K .......... .......... .......... .......... .......... 61%  198M 0s
 18300K .......... .......... .......... .......... .......... 61%  190M 0s
 18350K .......... .......... .......... .......... .......... 61%  190M 0s
 18400K .......... .......... .......... .......... .......... 61%  152M 0s
 18450K .......... .......... .......... .......... .......... 62%  185M 0s
 18500K .......... .......... .......... .......... .......... 62%  183M 0s
 18550K .......... .......... .......... .......... .......... 62%  203M 0s
 18600K .......... .......... .......... .......... .......... 62%  174M 0s
 18650K .......... .......... .......... .......... .......... 62%  195M 0s
 18700K .......... .......... .......... .......... .......... 62%  173M 0s
 18750K .......... .......... .......... .......... .......... 63%  195M 0s
 18800K .......... .......... .......... .......... .......... 63%  175M 0s
 18850K .......... .......... .......... .......... .......... 63%  199M 0s
 18900K .......... .......... .......... .......... .......... 63%  184M 0s
 18950K .......... .......... .......... .......... .......... 63%  180M 0s
 19000K .......... .......... .......... .......... .......... 63%  151M 0s
 19050K .......... .......... .......... .......... .......... 64%  191M 0s
 19100K .......... .......... .......... .......... .......... 64%  118M 0s
 19150K .......... .......... .......... .......... .......... 64%  124M 0s
 19200K .......... .......... .......... .......... .......... 64%  108M 0s
 19250K .......... .......... .......... .......... .......... 64%  123M 0s
 19300K .......... .......... .......... .......... .......... 64%  116M 0s
 19350K .......... .......... .......... .......... .......... 65%  105M 0s
 19400K .......... .......... .......... .......... .......... 65%  123M 0s
 19450K .......... .......... .......... .......... .......... 65% 93.8M 0s
 19500K .......... .......... .......... .......... .......... 65%  107M 0s
 19550K .......... .......... .......... .......... .......... 65%  116M 0s
 19600K .......... .......... .......... .......... .......... 65%  102M 0s
 19650K .......... .......... .......... .......... .......... 66%  111M 0s
 19700K .......... .......... .......... .......... .......... 66%  112M 0s
 19750K .......... .......... .......... .......... .......... 66%  145M 0s
 19800K .......... .......... .......... .......... .......... 66% 83.9M 0s
 19850K .......... .......... .......... .......... .......... 66%  115M 0s
 19900K .......... .......... .......... .......... .......... 66%  127M 0s
 19950K .......... .......... .......... .......... .......... 67%  132M 0s
 20000K .......... .......... .......... .......... .......... 67% 1.19M 0s
 20050K .......... .......... .......... .......... .......... 67% 61.9M 0s
 20100K .......... .......... .......... .......... .......... 67% 76.3M 0s
 20150K .......... .......... .......... .......... .......... 67% 69.6M 0s
 20200K .......... .......... .......... .......... .......... 67% 52.6M 0s
 20250K .......... .......... .......... .......... .......... 68% 79.7M 0s
 20300K .......... .......... .......... .......... .......... 68%  116M 0s
 20350K .......... .......... .......... .......... .......... 68% 91.7M 0s
 20400K .......... .......... .......... .......... .......... 68% 67.1M 0s
 20450K .......... .......... .......... .......... .......... 68% 75.4M 0s
 20500K .......... .......... .......... .......... .......... 68% 72.2M 0s
 20550K .......... .......... .......... .......... .......... 69% 74.3M 0s
 20600K .......... .......... .......... .......... .......... 69% 57.3M 0s
 20650K .......... .......... .......... .......... .......... 69% 67.1M 0s
 20700K .......... .......... .......... .......... .......... 69% 68.1M 0s
 20750K .......... .......... .......... .......... .......... 69% 74.5M 0s
 20800K .......... .......... .......... .......... .......... 69% 81.9M 0s
 20850K .......... .......... .......... .......... .......... 70%  178M 0s
 20900K .......... .......... .......... .......... .......... 70%  181M 0s
 20950K .......... .......... .......... .......... .......... 70%  181M 0s
 21000K .......... .......... .......... .......... .......... 70%  152M 0s
 21050K .......... .......... .......... .......... .......... 70%  185M 0s
 21100K .......... .......... .......... .......... .......... 71%  186M 0s
 21150K .......... .......... .......... .......... .......... 71%  183M 0s
 21200K .......... .......... .......... .......... .......... 71%  171M 0s
 21250K .......... .......... .......... .......... .......... 71%  193M 0s
 21300K .......... .......... .......... .......... .......... 71%  182M 0s
 21350K .......... .......... .......... .......... .......... 71%  185M 0s
 21400K .......... .......... .......... .......... .......... 72%  143M 0s
 21450K .......... .......... .......... .......... .......... 72%  173M 0s
 21500K .......... .......... .......... .......... .......... 72%  186M 0s
 21550K .......... .......... .......... .......... .......... 72%  185M 0s
 21600K .......... .......... .......... .......... .......... 72%  153M 0s
 21650K .......... .......... .......... .......... .......... 72%  194M 0s
 21700K .......... .......... .......... .......... .......... 73%  145M 0s
 21750K .......... .......... .......... .......... .......... 73%  106M 0s
 21800K .......... .......... .......... .......... .......... 73%  118M 0s
 21850K .......... .......... .......... .......... .......... 73%  102M 0s
 21900K .......... .......... .......... .......... .......... 73%  114M 0s
 21950K .......... .......... .......... .......... .......... 73%  111M 0s
 22000K .......... .......... .......... .......... .......... 74%  104M 0s
 22050K .......... .......... .......... .......... .......... 74%  127M 0s
 22100K .......... .......... .......... .......... .......... 74%  112M 0s
 22150K .......... .......... .......... .......... .......... 74%  105M 0s
 22200K .......... .......... .......... .......... .......... 74%  115M 0s
 22250K .......... .......... .......... .......... .......... 74%  112M 0s
 22300K .......... .......... .......... .......... .......... 75%  112M 0s
 22350K .......... .......... .......... .......... .......... 75% 94.6M 0s
 22400K .......... .......... .......... .......... .......... 75%  115M 0s
 22450K .......... .......... .......... .......... .......... 75%  112M 0s
 22500K .......... .......... .......... .......... .......... 75%  129M 0s
 22550K .......... .......... .......... .......... .......... 75% 1.17M 0s
 22600K .......... .......... .......... .......... .......... 76% 75.3M 0s
 22650K .......... .......... .......... .......... .......... 76% 72.4M 0s
 22700K .......... .......... .......... .......... .......... 76%  102M 0s
 22750K .......... .......... .......... .......... .......... 76%  105M 0s
 22800K .......... .......... .......... .......... .......... 76% 92.3M 0s
 22850K .......... .......... .......... .......... .......... 76%  114M 0s
 22900K .......... .......... .......... .......... .......... 77%  113M 0s
 22950K .......... .......... .......... .......... .......... 77% 99.1M 0s
 23000K .......... .......... .......... .......... .......... 77%  112M 0s
 23050K .......... .......... .......... .......... .......... 77% 99.6M 0s
 23100K .......... .......... .......... .......... .......... 77%  103M 0s
 23150K .......... .......... .......... .......... .......... 77%  107M 0s
 23200K .......... .......... .......... .......... .......... 78%  103M 0s
 23250K .......... .......... .......... .......... .......... 78%  103M 0s
 23300K .......... .......... .......... .......... .......... 78%  116M 0s
 23350K .......... .......... .......... .......... .......... 78%  120M 0s
 23400K .......... .......... .......... .......... .......... 78% 92.9M 0s
 23450K .......... .......... .......... .......... .......... 78%  108M 0s
 23500K .......... .......... .......... .......... .......... 79%  111M 0s
 23550K .......... .......... .......... .......... .......... 79%  121M 0s
 23600K .......... .......... .......... .......... .......... 79%  102M 0s
 23650K .......... .......... .......... .......... .......... 79%  184M 0s
 23700K .......... .......... .......... .......... .......... 79%  180M 0s
 23750K .......... .......... .......... .......... .......... 79%  161M 0s
 23800K .......... .......... .......... .......... .......... 80%  128M 0s
 23850K .......... .......... .......... .......... .......... 80%  100M 0s
 23900K .......... .......... .......... .......... .......... 80%  117M 0s
 23950K .......... .......... .......... .......... .......... 80%  109M 0s
 24000K .......... .......... .......... .......... .......... 80%  112M 0s
 24050K .......... .......... .......... .......... .......... 80%  107M 0s
 24100K .......... .......... .......... .......... .......... 81%  101M 0s
 24150K .......... .......... .......... .......... .......... 81%  111M 0s
 24200K .......... .......... .......... .......... .......... 81%  116M 0s
 24250K .......... .......... .......... .......... .......... 81%  109M 0s
 24300K .......... .......... .......... .......... .......... 81%  113M 0s
 24350K .......... .......... .......... .......... .......... 81%  103M 0s
 24400K .......... .......... .......... .......... .......... 82%  133M 0s
 24450K .......... .......... .......... .......... .......... 82%  105M 0s
 24500K .......... .......... .......... .......... .......... 82%  102M 0s
 24550K .......... .......... .......... .......... .......... 82%  111M 0s
 24600K .......... .......... .......... .......... .......... 82%  118M 0s
 24650K .......... .......... .......... .......... .......... 82%  110M 0s
 24700K .......... .......... .......... .......... .......... 83%  110M 0s
 24750K .......... .......... .......... .......... .......... 83%  129M 0s
 24800K .......... .......... .......... .......... .......... 83%  109M 0s
 24850K .......... .......... .......... .......... .......... 83%  111M 0s
 24900K .......... .......... .......... .......... .......... 83%  105M 0s
 24950K .......... .......... .......... .......... .......... 83%  114M 0s
 25000K .......... .......... .......... .......... .......... 84%  112M 0s
 25050K .......... .......... .......... .......... .......... 84%  106M 0s
 25100K .......... .......... .......... .......... .......... 84% 1.20M 0s
 25150K .......... .......... .......... .......... .......... 84% 47.4M 0s
 25200K .......... .......... .......... .......... .......... 84% 84.7M 0s
 25250K .......... .......... .......... .......... .......... 84% 81.4M 0s
 25300K .......... .......... .......... .......... .......... 85% 81.5M 0s
 25350K .......... .......... .......... .......... .......... 85% 61.7M 0s
 25400K .......... .......... .......... .......... .......... 85% 75.2M 0s
 25450K .......... .......... .......... .......... .......... 85% 65.3M 0s
 25500K .......... .......... .......... .......... .......... 85%  122M 0s
 25550K .......... .......... .......... .......... .......... 85%  135M 0s
 25600K .......... .......... .......... .......... .......... 86%  140M 0s
 25650K .......... .......... .......... .......... .......... 86% 36.2M 0s
 25700K .......... .......... .......... .......... .......... 86% 81.2M 0s
 25750K .......... .......... .......... .......... .......... 86% 87.0M 0s
 25800K .......... .......... .......... .......... .......... 86% 85.0M 0s
 25850K .......... .......... .......... .......... .......... 86% 78.3M 0s
 25900K .......... .......... .......... .......... .......... 87% 83.7M 0s
 25950K .......... .......... .......... .......... .......... 87% 74.4M 0s
 26000K .......... .......... .......... .......... .......... 87%  168M 0s
 26050K .......... .......... .......... .......... .......... 87%  150M 0s
 26100K .......... .......... .......... .......... .......... 87%  163M 0s
 26150K .......... .......... .......... .......... .......... 87%  204M 0s
 26200K .......... .......... .......... .......... .......... 88%  202M 0s
 26250K .......... .......... .......... .......... .......... 88%  205M 0s
 26300K .......... .......... .......... .......... .......... 88%  185M 0s
 26350K .......... .......... .......... .......... .......... 88%  112M 0s
 26400K .......... .......... .......... .......... .......... 88%  109M 0s
 26450K .......... .......... .......... .......... .......... 88%  106M 0s
 26500K .......... .......... .......... .......... .......... 89%  124M 0s
 26550K .......... .......... .......... .......... .......... 89% 96.9M 0s
 26600K .......... .......... .......... .......... .......... 89%  133M 0s
 26650K .......... .......... .......... .......... .......... 89%  113M 0s
 26700K .......... .......... .......... .......... .......... 89%  113M 0s
 26750K .......... .......... .......... .......... .......... 89% 93.0M 0s
 26800K .......... .......... .......... .......... .......... 90%  101M 0s
 26850K .......... .......... .......... .......... .......... 90%  128M 0s
 26900K .......... .......... .......... .......... .......... 90%  119M 0s
 26950K .......... .......... .......... .......... .......... 90%  112M 0s
 27000K .......... .......... .......... .......... .......... 90%  115M 0s
 27050K .......... .......... .......... .......... .......... 90%  103M 0s
 27100K .......... .......... .......... .......... .......... 91%  107M 0s
 27150K .......... .......... .......... .......... .......... 91%  107M 0s
 27200K .......... .......... .......... .......... .......... 91%  124M 0s
 27250K .......... .......... .......... .......... .......... 91%  107M 0s
 27300K .......... .......... .......... .......... .......... 91%  113M 0s
 27350K .......... .......... .......... .......... .......... 91%  120M 0s
 27400K .......... .......... .......... .......... .......... 92%  109M 0s
 27450K .......... .......... .......... .......... .......... 92% 92.1M 0s
 27500K .......... .......... .......... .......... .......... 92%  124M 0s
 27550K .......... .......... .......... .......... .......... 92%  109M 0s
 27600K .......... .......... .......... .......... .......... 92%  120M 0s
 27650K .......... .......... .......... .......... .......... 92% 1.24M 0s
 27700K .......... .......... .......... .......... .......... 93%  102M 0s
 27750K .......... .......... .......... .......... .......... 93% 81.0M 0s
 27800K .......... .......... .......... .......... .......... 93%  127M 0s
 27850K .......... .......... .......... .......... .......... 93%  109M 0s
 27900K .......... .......... .......... .......... .......... 93%  105M 0s
 27950K .......... .......... .......... .......... .......... 93%  110M 0s
 28000K .......... .......... .......... .......... .......... 94%  104M 0s
 28050K .......... .......... .......... .......... .......... 94%  114M 0s
 28100K .......... .......... .......... .......... .......... 94%  112M 0s
 28150K .......... .......... .......... .......... .......... 94%  115M 0s
 28200K .......... .......... .......... .......... .......... 94%  116M 0s
 28250K .......... .......... .......... .......... .......... 95%  112M 0s
 28300K .......... .......... .......... .......... .......... 95%  119M 0s
 28350K .......... .......... .......... .......... .......... 95%  114M 0s
 28400K .......... .......... .......... .......... .......... 95%  105M 0s
 28450K .......... .......... .......... .......... .......... 95%  105M 0s
 28500K .......... .......... .......... .......... .......... 95%  121M 0s
 28550K .......... .......... .......... .......... .......... 96%  109M 0s
 28600K .......... .......... .......... .......... .......... 96%  115M 0s
 28650K .......... .......... .......... .......... .......... 96%  103M 0s
 28700K .......... .......... .......... .......... .......... 96%  106M 0s
 28750K .......... .......... .......... .......... .......... 96%  115M 0s
 28800K .......... .......... .......... .......... .......... 96%  105M 0s
 28850K .......... .......... .......... .......... .......... 97%  100M 0s
 28900K .......... .......... .......... .......... .......... 97%  148M 0s
 28950K .......... .......... .......... .......... .......... 97%  103M 0s
 29000K .......... .......... .......... .......... .......... 97%  111M 0s
 29050K .......... .......... .......... .......... .......... 97%  113M 0s
 29100K .......... .......... .......... .......... .......... 97%  103M 0s
 29150K .......... .......... .......... .......... .......... 98%  110M 0s
 29200K .......... .......... .......... .......... .......... 98%  102M 0s
 29250K .......... .......... .......... .......... .......... 98% 96.8M 0s
 29300K .......... .......... .......... .......... .......... 98%  115M 0s
 29350K .......... .......... .......... .......... .......... 98%  114M 0s
 29400K .......... .......... .......... .......... .......... 98%  128M 0s
 29450K .......... .......... .......... .......... .......... 99%  118M 0s
 29500K .......... .......... .......... .......... .......... 99%  115M 0s
 29550K .......... .......... .......... .......... .......... 99%  127M 0s
 29600K .......... .......... .......... .......... .......... 99% 88.9M 0s
 29650K .......... .......... .......... .......... .......... 99% 95.1M 0s
 29700K .......... .......... .......... .......... .......... 99% 91.1M 0s
 29750K .......... .......... .......... ........             100%  183M=1.0s

2020-11-06 13:30:29 (29.9 MB/s) - `/tmp/firefox-28.0.tar.bz2' saved [30503247/30503247]


travis_time:end:2b00c410:start=1604669427992162537,finish=1604669429634315816,duration=1642153279[0K$ export PATH=$HOME/firefox-28.0/firefox:$PATH
travis_fold:end:install_firefox[0Ktravis_fold:start:postgresql[0K[33;1mStarting PostgreSQL v9.3[0m
travis_time:start:290c591e[0K$ sudo service postgresql stop
 * Stopping PostgreSQL 9.1 database server
   ...done.
 * Stopping PostgreSQL 9.2 database server
   ...done.
 * Stopping PostgreSQL 9.3 database server
   ...done.
 * Stopping PostgreSQL 9.4 database server
   ...done.

travis_time:end:290c591e:start=1604669433776371702,finish=1604669435288240138,duration=1511868436[0Ktravis_time:start:0266054a[0K$ sudo service postgresql start 9.3
 * Starting PostgreSQL 9.3 database server
   ...done.

travis_time:end:0266054a:start=1604669435300253695,finish=1604669437575990112,duration=2275736417[0Ktravis_time:start:08ca234c[0K$ sudo -u postgres createuser -s -p 5432 travis &>/dev/null

travis_time:end:08ca234c:start=1604669437586153456,finish=1604669437646349019,duration=60195563[0Ktravis_time:start:1fe47d32[0K$ sudo -u postgres createdb -O travis -p 5432 travis &>/dev/null

travis_time:end:1fe47d32:start=1604669437657030658,finish=1604669437937272647,duration=280241989[0Ktravis_time:start:1e1b9d74[0K$ sudo -u postgres createuser -s -p 5433 travis &>/dev/null

travis_time:end:1e1b9d74:start=1604669437948895866,finish=1604669438004277718,duration=55381852[0Ktravis_time:start:0153b2b3[0K$ sudo -u postgres createdb -O travis -p 5433 travis &>/dev/null

travis_time:end:0153b2b3:start=1604669438015069305,finish=1604669438070998287,duration=55928982[0Ktravis_fold:end:postgresql[0Ktravis_time:start:040a549c[0K$ source ~/virtualenv/python2.7/bin/activate

travis_time:end:040a549c:start=1604669438178498554,finish=1604669438188264761,duration=9766207[0K$ python --version
Python 2.7.9
$ pip --version
pip 6.0.7 from /home/travis/virtualenv/python2.7.9/lib/python2.7/site-packages (python 2.7)
travis_fold:start:before_install.1[0Ktravis_time:start:13b7e842[0K$ export DISPLAY=:99.0

travis_time:end:13b7e842:start=1604669438473064869,finish=1604669438482388959,duration=9324090[0Ktravis_fold:end:before_install.1[0Ktravis_fold:start:before_install.2[0Ktravis_time:start:27955742[0K$ sh -e /etc/init.d/xvfb start
Starting virtual X frame buffer: Xvfb.

travis_time:end:27955742:start=1604669438493185857,finish=1604669438504394296,duration=11208439[0Ktravis_fold:end:before_install.2[0Ktravis_fold:start:install[0Ktravis_time:start:1e557bde[0K$ ./bootstrap.py
Using real prefix '/opt/python/2.7.9'
New python executable in /home/travis/build/failed/ccnmtl/dmt/ve/bin/python
Installing setuptools, pip...done.
Collecting wheel==0.24.0
  Retrying (Retry(total=4, connect=None, read=None, redirect=None)) after connection broken by 'ProtocolError('Connection aborted.', gaierror(-2, 'Name or service not known'))': /wheel/
  Retrying (Retry(total=3, connect=None, read=None, redirect=None)) after connection broken by 'ProtocolError('Connection aborted.', gaierror(-2, 'Name or service not known'))': /wheel/
  Retrying (Retry(total=2, connect=None, read=None, redirect=None)) after connection broken by 'ProtocolError('Connection aborted.', gaierror(-2, 'Name or service not known'))': /wheel/
  Retrying (Retry(total=1, connect=None, read=None, redirect=None)) after connection broken by 'ProtocolError('Connection aborted.', gaierror(-2, 'Name or service not known'))': /wheel/
  Retrying (Retry(total=0, connect=None, read=None, redirect=None)) after connection broken by 'ProtocolError('Connection aborted.', gaierror(-2, 'Name or service not known'))': /wheel/
  DEPRECATION: Failed to find 'wheel' at https://pypi.ccnmtl.columbia.edu/wheel/. It is suggested to upgrade your index to support normalized names as the name in /simple/{name}.
  Retrying (Retry(total=4, connect=None, read=None, redirect=None)) after connection broken by 'ProtocolError('Connection aborted.', gaierror(-2, 'Name or service not known'))': /
  Retrying (Retry(total=3, connect=None, read=None, redirect=None)) after connection broken by 'ProtocolError('Connection aborted.', gaierror(-2, 'Name or service not known'))': /
  Retrying (Retry(total=2, connect=None, read=None, redirect=None)) after connection broken by 'ProtocolError('Connection aborted.', gaierror(-2, 'Name or service not known'))': /
  Retrying (Retry(total=1, connect=None, read=None, redirect=None)) after connection broken by 'ProtocolError('Connection aborted.', gaierror(-2, 'Name or service not known'))': /
  Retrying (Retry(total=0, connect=None, read=None, redirect=None)) after connection broken by 'ProtocolError('Connection aborted.', gaierror(-2, 'Name or service not known'))': /
  Cannot fetch index base URL https://pypi.ccnmtl.columbia.edu/
  Retrying (Retry(total=4, connect=None, read=None, redirect=None)) after connection broken by 'ProtocolError('Connection aborted.', gaierror(-2, 'Name or service not known'))': /wheel/
  Retrying (Retry(total=3, connect=None, read=None, redirect=None)) after connection broken by 'ProtocolError('Connection aborted.', gaierror(-2, 'Name or service not known'))': /wheel/
  Retrying (Retry(total=2, connect=None, read=None, redirect=None)) after connection broken by 'ProtocolError('Connection aborted.', gaierror(-2, 'Name or service not known'))': /wheel/
  Retrying (Retry(total=1, connect=None, read=None, redirect=None)) after connection broken by 'ProtocolError('Connection aborted.', gaierror(-2, 'Name or service not known'))': /wheel/
  Retrying (Retry(total=0, connect=None, read=None, redirect=None)) after connection broken by 'ProtocolError('Connection aborted.', gaierror(-2, 'Name or service not known'))': /wheel/
  Could not find a version that satisfies the requirement wheel==0.24.0 (from versions: )
No matching distribution found for wheel==0.24.0

travis_time:end:1e557bde:start=1604669438514166796,finish=1604669466150851372,duration=27636684576[0K
[31;1mThe command "./bootstrap.py" failed and exited with 1 during .[0m

Your build has been stopped.
