travis_fold:start:system_info[0K[33;1mBuild system information[0m
Build language: python
Build group: stable
Build dist: precise
Build id: ''
Job id: ''
[34m[1mBuild image provisioning date and time[0m
Thu Feb  5 15:09:33 UTC 2015
[34m[1mOperating System Details[0m
Distributor ID:	Ubuntu
Description:	Ubuntu 12.04.5 LTS
Release:	12.04
Codename:	precise
[34m[1mLinux Version[0m
3.13.0-29-generic
[34m[1mCookbooks Version[0m
a68419e https://github.com/travis-ci/travis-cookbooks/tree/a68419e
[34m[1mGCC version[0m
gcc (Ubuntu/Linaro 4.6.3-1ubuntu5) 4.6.3
Copyright (C) 2011 Free Software Foundation, Inc.
This is free software; see the source for copying conditions.  There is NO
warranty; not even for MERCHANTABILITY or FITNESS FOR A PARTICULAR PURPOSE.

[34m[1mLLVM version[0m
clang version 3.4 (tags/RELEASE_34/final)
Target: x86_64-unknown-linux-gnu
Thread model: posix
[34m[1mPre-installed Ruby versions[0m
ruby-1.9.3-p551
[34m[1mPre-installed Node.js versions[0m
v0.10.36
[34m[1mPre-installed Go versions[0m
1.4.1
[34m[1mRedis version[0m
redis-server 2.8.19
[34m[1mriak version[0m
2.0.2
[34m[1mMongoDB version[0m
MongoDB 2.4.12
[34m[1mCouchDB version[0m
couchdb 1.6.1
[34m[1mNeo4j version[0m
1.9.4
[34m[1mRabbitMQ Version[0m
3.4.3
[34m[1mElasticSearch version[0m
1.4.0
[34m[1mInstalled Sphinx versions[0m
2.0.10
2.1.9
2.2.6
[34m[1mDefault Sphinx version[0m
2.2.6
[34m[1mInstalled Firefox version[0m
firefox 31.0esr
[34m[1mPhantomJS version[0m
1.9.8
[34m[1mant -version[0m
Apache Ant(TM) version 1.8.2 compiled on December 3 2011
[34m[1mmvn -version[0m
Apache Maven 3.2.5 (12a6b3acb947671f09b81f49094c53f426d8cea1; 2014-12-14T17:29:23+00:00)
Maven home: /usr/local/maven
Java version: 1.7.0_76, vendor: Oracle Corporation
Java home: /usr/lib/jvm/java-7-oracle/jre
Default locale: en_US, platform encoding: ANSI_X3.4-1968
OS name: "linux", version: "3.13.0-29-generic", arch: "amd64", family: "unix"
travis_fold:end:system_info[0K
W: GPG error: http://apt.postgresql.org precise-pgdg Release: The following signatures were invalid: KEYEXPIRED 1562078959
W: Failed to fetch http://ppa.launchpad.net/travis-ci/zero-mq/ubuntu/dists/precise/main/binary-amd64/Packages  403  Forbidden

W: Failed to fetch http://ppa.launchpad.net/travis-ci/zero-mq/ubuntu/dists/precise/main/binary-i386/Packages  403  Forbidden

W: Failed to fetch http://downloads-distro.mongodb.org/repo/debian-sysvinit/dists/dist/10gen/binary-amd64/Packages  Undetermined Error [IP: 52.206.222.245 80]

W: Failed to fetch http://downloads-distro.mongodb.org/repo/debian-sysvinit/dists/dist/10gen/binary-i386/Packages  Undetermined Error [IP: 52.206.222.245 80]

E: Some index files failed to download. They have been ignored, or old ones used instead.
sed: cannot rename /etc/hosts: Device or resource busy
sed: cannot rename /etc/hosts: Device or resource busy
[33;1m3.5 is not installed; attempting download[0m
[33;1mDownloading archive: https://s3.amazonaws.com/travis-python-archives/binaries/ubuntu/12.04/x86_64/python-3.5.tar.bz2[0m
$ sudo tar xjf python-3.5.tar.bz2 --directory /
$ cd failed/getslash/slash
travis_time:start:1820b7df[0K$ source ~/virtualenv/python3.5/bin/activate

travis_time:end:1820b7df:start=1604727803207511955,finish=1604727803217677470,duration=10165515[0K$ python --version
Python 3.5.6
$ pip --version
pip 18.0 from /home/travis/virtualenv/python3.5.6/lib/python3.5/site-packages/pip (python 3.5)
travis_fold:start:install[0Ktravis_time:start:16765f40[0K$ pip install virtualenv
Requirement already satisfied: virtualenv in /home/travis/virtualenv/python3.5.6/lib/python3.5/site-packages (16.0.0)

travis_time:end:16765f40:start=1604727803627245875,finish=1604727804461719485,duration=834473610[0Ktravis_fold:end:install[0Ktravis_time:start:1131d2d5[0K$ make env
python -m virtualenv .env
Using real prefix '/opt/python/3.5.6'
New python executable in /home/travis/build/failed/getslash/slash/.env/bin/python
Installing setuptools, pip, wheel...done.
.env/bin/python scripts/install_test_deps.py
DEPRECATION: Python 3.5 reached the end of its life on September 13th, 2020. Please upgrade your Python as Python 3.5 is no longer maintained. pip 21.0 will drop support for Python 3.5 in January 2021. pip 21.0 will remove support for this functionality.
Collecting coverage
  Downloading coverage-5.3-cp35-cp35m-manylinux1_x86_64.whl (229 kB)
Collecting coveralls
  Downloading coveralls-2.1.2-py2.py3-none-any.whl (13 kB)
Collecting munch
  Downloading munch-2.5.0-py2.py3-none-any.whl (10 kB)
Collecting pytest
  Downloading pytest-6.1.2-py3-none-any.whl (272 kB)
Collecting pytest-xdist
  Downloading pytest_xdist-2.1.0-py3-none-any.whl (36 kB)
ERROR: Could not find a version that satisfies the requirement pytest-capturelog (from versions: none)
ERROR: No matching distribution found for pytest-capturelog
Traceback (most recent call last):
  File "scripts/install_test_deps.py", line 35, in <module>
    " ".join(repr(dep) for dep in deps)), shell=True)
  File "/opt/python/3.5.6/lib/python3.5/subprocess.py", line 271, in check_call
    raise CalledProcessError(retcode, cmd)
subprocess.CalledProcessError: Command '/home/travis/build/failed/getslash/slash/.env/bin/pip install 'coverage' 'coveralls' 'munch' 'pytest' 'pytest-xdist' 'pytest-capturelog' 'pytest-cov' 'pytest-timeout' 'pyforge' 'lxml<3.6.3' 'pylint>=1.0.0'' returned non-zero exit status 1
make: *** [.env/.up-to-date] Error 1

travis_time:end:1131d2d5:start=1604727804470353907,finish=1604727812447485874,duration=7977131967[0K
[31;1mThe command "make env" exited with 2.[0m
travis_time:start:0e8e9990[0K$ .env/bin/pip install lxml
DEPRECATION: Python 3.5 reached the end of its life on September 13th, 2020. Please upgrade your Python as Python 3.5 is no longer maintained. pip 21.0 will drop support for Python 3.5 in January 2021. pip 21.0 will remove support for this functionality.
Collecting lxml
  Downloading lxml-4.6.1-cp35-cp35m-manylinux1_x86_64.whl (5.5 MB)
Installing collected packages: lxml
Successfully installed lxml-4.6.1

travis_time:end:0e8e9990:start=1604727812458135036,finish=1604727814494618740,duration=2036483704[0K
[32;1mThe command ".env/bin/pip install lxml" exited with 0.[0m
travis_time:start:043330c0[0K$ .env/bin/py.test tests -k 'xunit and session and errors'
/usr/local/bin/run_failed.sh: line 62: .env/bin/py.test: No such file or directory

travis_time:end:043330c0:start=1604727814503365464,finish=1604727814511742394,duration=8376930[0K
[31;1mThe command ".env/bin/py.test tests -k 'xunit and session and errors'" exited with 127.[0m
travis_fold:start:after_failure[0Ktravis_time:start:1d30c32c[0K$ .env/bin/pip freeze
DEPRECATION: Python 3.5 reached the end of its life on September 13th, 2020. Please upgrade your Python as Python 3.5 is no longer maintained. pip 21.0 will drop support for Python 3.5 in January 2021. pip 21.0 will remove support for this functionality.
lxml==4.6.1

travis_time:end:1d30c32c:start=1604727814520921747,finish=1604727815000105084,duration=479183337[0Ktravis_fold:end:after_failure[0K
Done. Your build exited with 1.
