travis_fold:start:system_info[0K[33;1mBuild system information[0m
Build language: python
Build group: stable
Build dist: precise
Build id: ''
Job id: ''
[34m[1mBuild image provisioning date and time[0m
Thu Feb  5 15:09:33 UTC 2015
[34m[1mOperating System Details[0m
Distributor ID:	Ubuntu
Description:	Ubuntu 12.04.5 LTS
Release:	12.04
Codename:	precise
[34m[1mLinux Version[0m
3.13.0-29-generic
[34m[1mCookbooks Version[0m
a68419e https://github.com/travis-ci/travis-cookbooks/tree/a68419e
[34m[1mGCC version[0m
gcc (Ubuntu/Linaro 4.6.3-1ubuntu5) 4.6.3
Copyright (C) 2011 Free Software Foundation, Inc.
This is free software; see the source for copying conditions.  There is NO
warranty; not even for MERCHANTABILITY or FITNESS FOR A PARTICULAR PURPOSE.

[34m[1mLLVM version[0m
clang version 3.4 (tags/RELEASE_34/final)
Target: x86_64-unknown-linux-gnu
Thread model: posix
[34m[1mPre-installed Ruby versions[0m
ruby-1.9.3-p551
[34m[1mPre-installed Node.js versions[0m
v0.10.36
[34m[1mPre-installed Go versions[0m
1.4.1
[34m[1mRedis version[0m
redis-server 2.8.19
[34m[1mriak version[0m
2.0.2
[34m[1mMongoDB version[0m
MongoDB 2.4.12
[34m[1mCouchDB version[0m
couchdb 1.6.1
[34m[1mNeo4j version[0m
1.9.4
[34m[1mRabbitMQ Version[0m
3.4.3
[34m[1mElasticSearch version[0m
1.4.0
[34m[1mInstalled Sphinx versions[0m
2.0.10
2.1.9
2.2.6
[34m[1mDefault Sphinx version[0m
2.2.6
[34m[1mInstalled Firefox version[0m
firefox 31.0esr
[34m[1mPhantomJS version[0m
1.9.8
[34m[1mant -version[0m
Apache Ant(TM) version 1.8.2 compiled on December 3 2011
[34m[1mmvn -version[0m
Apache Maven 3.2.5 (12a6b3acb947671f09b81f49094c53f426d8cea1; 2014-12-14T17:29:23+00:00)
Maven home: /usr/local/maven
Java version: 1.7.0_76, vendor: Oracle Corporation
Java home: /usr/lib/jvm/java-7-oracle/jre
Default locale: en_US, platform encoding: ANSI_X3.4-1968
OS name: "linux", version: "3.13.0-29-generic", arch: "amd64", family: "unix"
travis_fold:end:system_info[0K
grep: /etc/apt/sources.list.d/*: No such file or directory
sed: cannot rename /etc/hosts: Device or resource busy
sed: cannot rename /etc/hosts: Device or resource busy
$ cd failed/NMGRL/pychron
travis_time:start:05228375[0K$ source ~/virtualenv/python2.7/bin/activate

travis_time:end:05228375:start=1604571131220072579,finish=1604571131229718950,duration=9646371[0K$ python --version
Python 2.7.9
$ pip --version
pip 6.0.7 from /home/travis/virtualenv/python2.7.9/lib/python2.7/site-packages (python 2.7)
travis_fold:start:before_install.1[0Ktravis_time:start:10bc9a60[0K$ wget http://repo.continuum.io/miniconda/Miniconda2-latest-Linux-x86_64.sh -O miniconda.sh
--2020-11-05 10:12:11--  http://repo.continuum.io/miniconda/Miniconda2-latest-Linux-x86_64.sh
Resolving repo.continuum.io (repo.continuum.io)... 104.18.201.79, 104.18.200.79, 2606:4700::6812:c84f, ...
Connecting to repo.continuum.io (repo.continuum.io)|104.18.201.79|:80... connected.
HTTP request sent, awaiting response... 301 Moved Permanently
Location: https://repo.anaconda.com/miniconda/Miniconda2-latest-Linux-x86_64.sh [following]
--2020-11-05 10:12:11--  https://repo.anaconda.com/miniconda/Miniconda2-latest-Linux-x86_64.sh
Resolving repo.anaconda.com (repo.anaconda.com)... 104.16.131.3, 104.16.130.3, 2606:4700::6810:8303, ...
Connecting to repo.anaconda.com (repo.anaconda.com)|104.16.131.3|:443... connected.
HTTP request sent, awaiting response... 200 OK
Length: 51093759 (49M) [application/x-sh]
Saving to: `miniconda.sh'

     0K .......... .......... .......... .......... ..........  0% 64.9M 1s
    50K .......... .......... .......... .......... ..........  0% 21.3M 2s
   100K .......... .......... .......... .......... ..........  0% 24.9M 2s
   150K .......... .......... .......... .......... ..........  0% 64.6M 1s
   200K .......... .......... .......... .......... ..........  0% 86.9M 1s
   250K .......... .......... .......... .......... ..........  0%  155M 1s
   300K .......... .......... .......... .......... ..........  0% 64.6M 1s
   350K .......... .......... .......... .......... ..........  0% 81.0M 1s
   400K .......... .......... .......... .......... ..........  0%  122M 1s
   450K .......... .......... .......... .......... ..........  1% 91.8M 1s
   500K .......... .......... .......... .......... ..........  1% 80.1M 1s
   550K .......... .......... .......... .......... ..........  1% 94.2M 1s
   600K .......... .......... .......... .......... ..........  1%  109M 1s
   650K .......... .......... .......... .......... ..........  1%  115M 1s
   700K .......... .......... .......... .......... ..........  1%  110M 1s
   750K .......... .......... .......... .......... ..........  1% 91.1M 1s
   800K .......... .......... .......... .......... ..........  1%  111M 1s
   850K .......... .......... .......... .......... ..........  1%  116M 1s
   900K .......... .......... .......... .......... ..........  1%  111M 1s
   950K .......... .......... .......... .......... ..........  2%  104M 1s
  1000K .......... .......... .......... .......... ..........  2%  113M 1s
  1050K .......... .......... .......... .......... ..........  2%  106M 1s
  1100K .......... .......... .......... .......... ..........  2%  115M 1s
  1150K .......... .......... .......... .......... ..........  2%  111M 1s
  1200K .......... .......... .......... .......... ..........  2%  115M 1s
  1250K .......... .......... .......... .......... ..........  2%  114M 1s
  1300K .......... .......... .......... .......... ..........  2%  114M 1s
  1350K .......... .......... .......... .......... ..........  2% 92.9M 1s
  1400K .......... .......... .......... .......... ..........  2%  107M 1s
  1450K .......... .......... .......... .......... ..........  3%  137M 1s
  1500K .......... .......... .......... .......... ..........  3%  224M 1s
  1550K .......... .......... .......... .......... ..........  3%  163M 1s
  1600K .......... .......... .......... .......... ..........  3%  128M 1s
  1650K .......... .......... .......... .......... ..........  3%  113M 1s
  1700K .......... .......... .......... .......... ..........  3%  112M 1s
  1750K .......... .......... .......... .......... ..........  3% 91.2M 1s
  1800K .......... .......... .......... .......... ..........  3%  112M 1s
  1850K .......... .......... .......... .......... ..........  3%  129M 1s
  1900K .......... .......... .......... .......... ..........  3%  114M 1s
  1950K .......... .......... .......... .......... ..........  4%  103M 1s
  2000K .......... .......... .......... .......... ..........  4%  136M 1s
  2050K .......... .......... .......... .......... ..........  4%  112M 1s
  2100K .......... .......... .......... .......... ..........  4%  113M 1s
  2150K .......... .......... .......... .......... ..........  4% 93.2M 1s
  2200K .......... .......... .......... .......... ..........  4%  112M 1s
  2250K .......... .......... .......... .......... ..........  4%  128M 1s
  2300K .......... .......... .......... .......... ..........  4%  114M 1s
  2350K .......... .......... .......... .......... ..........  4%  108M 1s
  2400K .......... .......... .......... .......... ..........  4%  128M 1s
  2450K .......... .......... .......... .......... ..........  5%  109M 0s
  2500K .......... .......... .......... .......... ..........  5%  121M 0s
  2550K .......... .......... .......... .......... ..........  5% 91.6M 0s
  2600K .......... .......... .......... .......... ..........  5%  122M 0s
  2650K .......... .......... .......... .......... ..........  5%  119M 0s
  2700K .......... .......... .......... .......... ..........  5%  107M 0s
  2750K .......... .......... .......... .......... ..........  5%  116M 0s
  2800K .......... .......... .......... .......... ..........  5%  120M 0s
  2850K .......... .......... .......... .......... ..........  5%  107M 0s
  2900K .......... .......... .......... .......... ..........  5%  118M 0s
  2950K .......... .......... .......... .......... ..........  6%  104M 0s
  3000K .......... .......... .......... .......... ..........  6%  123M 0s
  3050K .......... .......... .......... .......... ..........  6%  116M 0s
  3100K .......... .......... .......... .......... ..........  6%  107M 0s
  3150K .......... .......... .......... .......... ..........  6% 95.7M 0s
  3200K .......... .......... .......... .......... ..........  6%  116M 0s
  3250K .......... .......... .......... .......... ..........  6%  128M 0s
  3300K .......... .......... .......... .......... ..........  6%  113M 0s
  3350K .......... .......... .......... .......... ..........  6%  116M 0s
  3400K .......... .......... .......... .......... ..........  6%  114M 0s
  3450K .......... .......... .......... .......... ..........  7%  117M 0s
  3500K .......... .......... .......... .......... ..........  7%  113M 0s
  3550K .......... .......... .......... .......... ..........  7% 93.2M 0s
  3600K .......... .......... .......... .......... ..........  7%  125M 0s
  3650K .......... .......... .......... .......... ..........  7%  113M 0s
  3700K .......... .......... .......... .......... ..........  7%  113M 0s
  3750K .......... .......... .......... .......... ..........  7%  107M 0s
  3800K .......... .......... .......... .......... ..........  7%  123M 0s
  3850K .......... .......... .......... .......... ..........  7%  112M 0s
  3900K .......... .......... .......... .......... ..........  7%  118M 0s
  3950K .......... .......... .......... .......... ..........  8% 93.8M 0s
  4000K .......... .......... .......... .......... ..........  8%  113M 0s
  4050K .......... .......... .......... .......... ..........  8%  128M 0s
  4100K .......... .......... .......... .......... ..........  8%  113M 0s
  4150K .......... .......... .......... .......... ..........  8%  107M 0s
  4200K .......... .......... .......... .......... ..........  8%  122M 0s
  4250K .......... .......... .......... .......... ..........  8%  117M 0s
  4300K .......... .......... .......... .......... ..........  8%  122M 0s
  4350K .......... .......... .......... .......... ..........  8% 93.5M 0s
  4400K .......... .......... .......... .......... ..........  8%  109M 0s
  4450K .......... .......... .......... .......... ..........  9%  122M 0s
  4500K .......... .......... .......... .......... ..........  9%  122M 0s
  4550K .......... .......... .......... .......... ..........  9%  111M 0s
  4600K .......... .......... .......... .......... ..........  9%  107M 0s
  4650K .......... .......... .......... .......... ..........  9%  125M 0s
  4700K .......... .......... .......... .......... ..........  9%  121M 0s
  4750K .......... .......... .......... .......... ..........  9% 93.7M 0s
  4800K .......... .......... .......... .......... ..........  9%  118M 0s
  4850K .......... .......... .......... .......... ..........  9%  112M 0s
  4900K .......... .......... .......... .......... ..........  9%  114M 0s
  4950K .......... .......... .......... .......... .......... 10%  122M 0s
  5000K .......... .......... .......... .......... .......... 10%  113M 0s
  5050K .......... .......... .......... .......... .......... 10%  111M 0s
  5100K .......... .......... .......... .......... .......... 10%  130M 0s
  5150K .......... .......... .......... .......... .......... 10% 85.1M 0s
  5200K .......... .......... .......... .......... .......... 10%  128M 0s
  5250K .......... .......... .......... .......... .......... 10%  113M 0s
  5300K .......... .......... .......... .......... .......... 10%  113M 0s
  5350K .......... .......... .......... .......... .......... 10%  116M 0s
  5400K .......... .......... .......... .......... .......... 10%  118M 0s
  5450K .......... .......... .......... .......... .......... 11%  125M 0s
  5500K .......... .......... .......... .......... .......... 11%  112M 0s
  5550K .......... .......... .......... .......... .......... 11% 84.3M 0s
  5600K .......... .......... .......... .......... .......... 11%  130M 0s
  5650K .......... .......... .......... .......... .......... 11%  112M 0s
  5700K .......... .......... .......... .......... .......... 11%  112M 0s
  5750K .......... .......... .......... .......... .......... 11%  122M 0s
  5800K .......... .......... .......... .......... .......... 11%  114M 0s
  5850K .......... .......... .......... .......... .......... 11%  127M 0s
  5900K .......... .......... .......... .......... .......... 11%  113M 0s
  5950K .......... .......... .......... .......... .......... 12% 84.7M 0s
  6000K .......... .......... .......... .......... .......... 12%  128M 0s
  6050K .......... .......... .......... .......... .......... 12%  128M 0s
  6100K .......... .......... .......... .......... .......... 12%  107M 0s
  6150K .......... .......... .......... .......... .......... 12%  113M 0s
  6200K .......... .......... .......... .......... .......... 12%  105M 0s
  6250K .......... .......... .......... .......... .......... 12%  140M 0s
  6300K .......... .......... .......... .......... .......... 12%  111M 0s
  6350K .......... .......... .......... .......... .......... 12% 93.4M 0s
  6400K .......... .......... .......... .......... .......... 12%  120M 0s
  6450K .......... .......... .......... .......... .......... 13%  109M 0s
  6500K .......... .......... .......... .......... .......... 13%  119M 0s
  6550K .......... .......... .......... .......... .......... 13%  114M 0s
  6600K .......... .......... .......... .......... .......... 13%  108M 0s
  6650K .......... .......... .......... .......... .......... 13%  136M 0s
  6700K .......... .......... .......... .......... .......... 13%  110M 0s
  6750K .......... .......... .......... .......... .......... 13% 95.3M 0s
  6800K .......... .......... .......... .......... .......... 13%  111M 0s
  6850K .......... .......... .......... .......... .......... 13%  116M 0s
  6900K .......... .......... .......... .......... .......... 13%  128M 0s
  6950K .......... .......... .......... .......... .......... 14%  106M 0s
  7000K .......... .......... .......... .......... .......... 14%  115M 0s
  7050K .......... .......... .......... .......... .......... 14%  129M 0s
  7100K .......... .......... .......... .......... .......... 14%  110M 0s
  7150K .......... .......... .......... .......... .......... 14% 95.1M 0s
  7200K .......... .......... .......... .......... .......... 14%  113M 0s
  7250K .......... .......... .......... .......... .......... 14%  112M 0s
  7300K .......... .......... .......... .......... .......... 14%  126M 0s
  7350K .......... .......... .......... .......... .......... 14%  108M 0s
  7400K .......... .......... .......... .......... .......... 14%  109M 0s
  7450K .......... .......... .......... .......... .......... 15%  133M 0s
  7500K .......... .......... .......... .......... .......... 15%  108M 0s
  7550K .......... .......... .......... .......... .......... 15% 95.3M 0s
  7600K .......... .......... .......... .......... .......... 15%  115M 0s
  7650K .......... .......... .......... .......... .......... 15%  114M 0s
  7700K .......... .......... .......... .......... .......... 15%  129M 0s
  7750K .......... .......... .......... .......... .......... 15%  107M 0s
  7800K .......... .......... .......... .......... .......... 15%  113M 0s
  7850K .......... .......... .......... .......... .......... 15%  129M 0s
  7900K .......... .......... .......... .......... .......... 15%  104M 0s
  7950K .......... .......... .......... .......... .......... 16% 98.5M 0s
  8000K .......... .......... .......... .......... .......... 16%  113M 0s
  8050K .......... .......... .......... .......... .......... 16%  127M 0s
  8100K .......... .......... .......... .......... .......... 16%  113M 0s
  8150K .......... .......... .......... .......... .......... 16%  107M 0s
  8200K .......... .......... .......... .......... .......... 16%  125M 0s
  8250K .......... .......... .......... .......... .......... 16%  115M 0s
  8300K .......... .......... .......... .......... .......... 16%  114M 0s
  8350K .......... .......... .......... .......... .......... 16% 93.3M 0s
  8400K .......... .......... .......... .......... .......... 16%  113M 0s
  8450K .......... .......... .......... .......... .......... 17%  128M 0s
  8500K .......... .......... .......... .......... .......... 17%  113M 0s
  8550K .......... .......... .......... .......... .......... 17%  113M 0s
  8600K .......... .......... .......... .......... .......... 17%  117M 0s
  8650K .......... .......... .......... .......... .......... 17%  112M 0s
  8700K .......... .......... .......... .......... .......... 17% 89.2M 0s
  8750K .......... .......... .......... .......... .......... 17%  101M 0s
  8800K .......... .......... .......... .......... .......... 17%  114M 0s
  8850K .......... .......... .......... .......... .......... 17%  130M 0s
  8900K .......... .......... .......... .......... .......... 17%  133M 0s
  8950K .......... .......... .......... .......... .......... 18%  116M 0s
  9000K .......... .......... .......... .......... .......... 18%  124M 0s
  9050K .......... .......... .......... .......... .......... 18% 87.2M 0s
  9100K .......... .......... .......... .......... .......... 18%  130M 0s
  9150K .......... .......... .......... .......... .......... 18% 98.5M 0s
  9200K .......... .......... .......... .......... .......... 18%  120M 0s
  9250K .......... .......... .......... .......... .......... 18%  122M 0s
  9300K .......... .......... .......... .......... .......... 18%  114M 0s
  9350K .......... .......... .......... .......... .......... 18%  106M 0s
  9400K .......... .......... .......... .......... .......... 18% 87.8M 0s
  9450K .......... .......... .......... .......... .......... 19% 87.0M 0s
  9500K .......... .......... .......... .......... .......... 19%  105M 0s
  9550K .......... .......... .......... .......... .......... 19%  110M 0s
  9600K .......... .......... .......... .......... .......... 19%  128M 0s
  9650K .......... .......... .......... .......... .......... 19%  133M 0s
  9700K .......... .......... .......... .......... .......... 19%  129M 0s
  9750K .......... .......... .......... .......... .......... 19%  108M 0s
  9800K .......... .......... .......... .......... .......... 19%  129M 0s
  9850K .......... .......... .......... .......... .......... 19%  130M 0s
  9900K .......... .......... .......... .......... .......... 19%  129M 0s
  9950K .......... .......... .......... .......... .......... 20% 99.2M 0s
 10000K .......... .......... .......... .......... .......... 20%  129M 0s
 10050K .......... .......... .......... .......... .......... 20%  110M 0s
 10100K .......... .......... .......... .......... .......... 20% 97.4M 0s
 10150K .......... .......... .......... .......... .......... 20% 96.1M 0s
 10200K .......... .......... .......... .......... .......... 20% 95.2M 0s
 10250K .......... .......... .......... .......... .......... 20% 98.6M 0s
 10300K .......... .......... .......... .......... .......... 20%  105M 0s
 10350K .......... .......... .......... .......... .......... 20% 78.2M 0s
 10400K .......... .......... .......... .......... .......... 20% 97.2M 0s
 10450K .......... .......... .......... .......... .......... 21% 98.5M 0s
 10500K .......... .......... .......... .......... .......... 21% 94.9M 0s
 10550K .......... .......... .......... .......... .......... 21% 92.1M 0s
 10600K .......... .......... .......... .......... .......... 21%  104M 0s
 10650K .......... .......... .......... .......... .......... 21%  101M 0s
 10700K .......... .......... .......... .......... .......... 21%  102M 0s
 10750K .......... .......... .......... .......... .......... 21% 83.2M 0s
 10800K .......... .......... .......... .......... .......... 21%  101M 0s
 10850K .......... .......... .......... .......... .......... 21% 99.8M 0s
 10900K .......... .......... .......... .......... .......... 21%  105M 0s
 10950K .......... .......... .......... .......... .......... 22% 94.0M 0s
 11000K .......... .......... .......... .......... .......... 22%  147M 0s
 11050K .......... .......... .......... .......... .......... 22%  220M 0s
 11100K .......... .......... .......... .......... .......... 22%  220M 0s
 11150K .......... .......... .......... .......... .......... 22%  188M 0s
 11200K .......... .......... .......... .......... .......... 22%  223M 0s
 11250K .......... .......... .......... .......... .......... 22%  219M 0s
 11300K .......... .......... .......... .......... .......... 22%  232M 0s
 11350K .......... .......... .......... .......... .......... 22%  131M 0s
 11400K .......... .......... .......... .......... .......... 22%  109M 0s
 11450K .......... .......... .......... .......... .......... 23%  122M 0s
 11500K .......... .......... .......... .......... .......... 23%  121M 0s
 11550K .......... .......... .......... .......... .......... 23% 91.5M 0s
 11600K .......... .......... .......... .......... .......... 23%  108M 0s
 11650K .......... .......... .......... .......... .......... 23%  122M 0s
 11700K .......... .......... .......... .......... .......... 23%  122M 0s
 11750K .......... .......... .......... .......... .......... 23%  112M 0s
 11800K .......... .......... .......... .......... .......... 23%  112M 0s
 11850K .......... .......... .......... .......... .......... 23%  114M 0s
 11900K .......... .......... .......... .......... .......... 23%  127M 0s
 11950K .......... .......... .......... .......... .......... 24% 84.6M 0s
 12000K .......... .......... .......... .......... .......... 24%  125M 0s
 12050K .......... .......... .......... .......... .......... 24%  116M 0s
 12100K .......... .......... .......... .......... .......... 24%  112M 0s
 12150K .......... .......... .......... .......... .......... 24%  123M 0s
 12200K .......... .......... .......... .......... .......... 24%  113M 0s
 12250K .......... .......... .......... .......... .......... 24%  112M 0s
 12300K .......... .......... .......... .......... .......... 24%  128M 0s
 12350K .......... .......... .......... .......... .......... 24% 82.9M 0s
 12400K .......... .......... .......... .......... .......... 24%  128M 0s
 12450K .......... .......... .......... .......... .......... 25%  114M 0s
 12500K .......... .......... .......... .......... .......... 25%  128M 0s
 12550K .......... .......... .......... .......... .......... 25%  108M 0s
 12600K .......... .......... .......... .......... .......... 25%  110M 0s
 12650K .......... .......... .......... .......... .......... 25%  128M 0s
 12700K .......... .......... .......... .......... .......... 25%  111M 0s
 12750K .......... .......... .......... .......... .......... 25% 95.3M 0s
 12800K .......... .......... .......... .......... .......... 25%  116M 0s
 12850K .......... .......... .......... .......... .......... 25%  111M 0s
 12900K .......... .......... .......... .......... .......... 25%  129M 0s
 12950K .......... .......... .......... .......... .......... 26%  108M 0s
 13000K .......... .......... .......... .......... .......... 26%  122M 0s
 13050K .......... .......... .......... .......... .......... 26%  108M 0s
 13100K .......... .......... .......... .......... .......... 26%  126M 0s
 13150K .......... .......... .......... .......... .......... 26% 91.4M 0s
 13200K .......... .......... .......... .......... .......... 26%  121M 0s
 13250K .......... .......... .......... .......... .......... 26%  108M 0s
 13300K .......... .......... .......... .......... .......... 26%  123M 0s
 13350K .......... .......... .......... .......... .......... 26%  112M 0s
 13400K .......... .......... .......... .......... .......... 26%  111M 0s
 13450K .......... .......... .......... .......... .......... 27%  115M 0s
 13500K .......... .......... .......... .......... .......... 27%  124M 0s
 13550K .......... .......... .......... .......... .......... 27% 94.1M 0s
 13600K .......... .......... .......... .......... .......... 27%  112M 0s
 13650K .......... .......... .......... .......... .......... 27%  127M 0s
 13700K .......... .......... .......... .......... .......... 27%  113M 0s
 13750K .......... .......... .......... .......... .......... 27%  109M 0s
 13800K .......... .......... .......... .......... .......... 27%  112M 0s
 13850K .......... .......... .......... .......... .......... 27%  128M 0s
 13900K .......... .......... .......... .......... .......... 27%  109M 0s
 13950K .......... .......... .......... .......... .......... 28% 95.4M 0s
 14000K .......... .......... .......... .......... .......... 28%  113M 0s
 14050K .......... .......... .......... .......... .......... 28%  129M 0s
 14100K .......... .......... .......... .......... .......... 28%  112M 0s
 14150K .......... .......... .......... .......... .......... 28%  105M 0s
 14200K .......... .......... .......... .......... .......... 28%  124M 0s
 14250K .......... .......... .......... .......... .......... 28%  118M 0s
 14300K .......... .......... .......... .......... .......... 28%  111M 0s
 14350K .......... .......... .......... .......... .......... 28% 93.9M 0s
 14400K .......... .......... .......... .......... .......... 28%  113M 0s
 14450K .......... .......... .......... .......... .......... 29%  128M 0s
 14500K .......... .......... .......... .......... .......... 29%  114M 0s
 14550K .......... .......... .......... .......... .......... 29%  107M 0s
 14600K .......... .......... .......... .......... .......... 29%  128M 0s
 14650K .......... .......... .......... .......... .......... 29%  113M 0s
 14700K .......... .......... .......... .......... .......... 29%  114M 0s
 14750K .......... .......... .......... .......... .......... 29% 92.9M 0s
 14800K .......... .......... .......... .......... .......... 29% 99.6M 0s
 14850K .......... .......... .......... .......... .......... 29% 37.0M 0s
 14900K .......... .......... .......... .......... .......... 29%  109M 0s
 14950K .......... .......... .......... .......... .......... 30%  111M 0s
 15000K .......... .......... .......... .......... .......... 30%  124M 0s
 15050K .......... .......... .......... .......... .......... 30%  111M 0s
 15100K .......... .......... .......... .......... .......... 30%  118M 0s
 15150K .......... .......... .......... .......... .......... 30% 93.5M 0s
 15200K .......... .......... .......... .......... .......... 30%  123M 0s
 15250K .......... .......... .......... .......... .......... 30%  108M 0s
 15300K .......... .......... .......... .......... .......... 30%  131M 0s
 15350K .......... .......... .......... .......... .......... 30%  108M 0s
 15400K .......... .......... .......... .......... .......... 30%  113M 0s
 15450K .......... .......... .......... .......... .......... 31%  108M 0s
 15500K .......... .......... .......... .......... .......... 31%  135M 0s
 15550K .......... .......... .......... .......... .......... 31% 92.9M 0s
 15600K .......... .......... .......... .......... .......... 31%  113M 0s
 15650K .......... .......... .......... .......... .......... 31%  114M 0s
 15700K .......... .......... .......... .......... .......... 31%  124M 0s
 15750K .......... .......... .......... .......... .......... 31%  108M 0s
 15800K .......... .......... .......... .......... .......... 31%  112M 0s
 15850K .......... .......... .......... .......... .......... 31%  116M 0s
 15900K .......... .......... .......... .......... .......... 31%  129M 0s
 15950K .......... .......... .......... .......... .......... 32% 90.9M 0s
 16000K .......... .......... .......... .......... .......... 32%  114M 0s
 16050K .......... .......... .......... .......... .......... 32%  112M 0s
 16100K .......... .......... .......... .......... .......... 32%  129M 0s
 16150K .......... .......... .......... .......... .......... 32%  109M 0s
 16200K .......... .......... .......... .......... .......... 32%  112M 0s
 16250K .......... .......... .......... .......... .......... 32%  129M 0s
 16300K .......... .......... .......... .......... .......... 32%  113M 0s
 16350K .......... .......... .......... .......... .......... 32% 93.1M 0s
 16400K .......... .......... .......... .......... .......... 32%  113M 0s
 16450K .......... .......... .......... .......... .......... 33%  112M 0s
 16500K .......... .......... .......... .......... .......... 33%  129M 0s
 16550K .......... .......... .......... .......... .......... 33%  106M 0s
 16600K .......... .......... .......... .......... .......... 33%  128M 0s
 16650K .......... .......... .......... .......... .......... 33%  109M 0s
 16700K .......... .......... .......... .......... .......... 33%  118M 0s
 16750K .......... .......... .......... .......... .......... 33% 93.4M 0s
 16800K .......... .......... .......... .......... .......... 33%  113M 0s
 16850K .......... .......... .......... .......... .......... 33%  127M 0s
 16900K .......... .......... .......... .......... .......... 33%  113M 0s
 16950K .......... .......... .......... .......... .......... 34%  109M 0s
 17000K .......... .......... .......... .......... .......... 34%  127M 0s
 17050K .......... .......... .......... .......... .......... 34%  113M 0s
 17100K .......... .......... .......... .......... .......... 34%  113M 0s
 17150K .......... .......... .......... .......... .......... 34% 93.0M 0s
 17200K .......... .......... .......... .......... .......... 34%  117M 0s
 17250K .......... .......... .......... .......... .......... 34%  121M 0s
 17300K .......... .......... .......... .......... .......... 34%  121M 0s
 17350K .......... .......... .......... .......... .......... 34%  105M 0s
 17400K .......... .......... .......... .......... .......... 34%  117M 0s
 17450K .......... .......... .......... .......... .......... 35%  120M 0s
 17500K .......... .......... .......... .......... .......... 35%  110M 0s
 17550K .......... .......... .......... .......... .......... 35% 93.9M 0s
 17600K .......... .......... .......... .......... .......... 35%  121M 0s
 17650K .......... .......... .......... .......... .......... 35%  122M 0s
 17700K .......... .......... .......... .......... .......... 35%  108M 0s
 17750K .......... .......... .......... .......... .......... 35%  108M 0s
 17800K .......... .......... .......... .......... .......... 35%  134M 0s
 17850K .......... .......... .......... .......... .......... 35%  113M 0s
 17900K .......... .......... .......... .......... .......... 35%  112M 0s
 17950K .......... .......... .......... .......... .......... 36% 93.6M 0s
 18000K .......... .......... .......... .......... .......... 36%  113M 0s
 18050K .......... .......... .......... .......... .......... 36%  128M 0s
 18100K .......... .......... .......... .......... .......... 36%  113M 0s
 18150K .......... .......... .......... .......... .......... 36%  105M 0s
 18200K .......... .......... .......... .......... .......... 36%  128M 0s
 18250K .......... .......... .......... .......... .......... 36%  112M 0s
 18300K .......... .......... .......... .......... .......... 36%  117M 0s
 18350K .......... .......... .......... .......... .......... 36% 93.8M 0s
 18400K .......... .......... .......... .......... .......... 36%  123M 0s
 18450K .......... .......... .......... .......... .......... 37%  113M 0s
 18500K .......... .......... .......... .......... .......... 37%  113M 0s
 18550K .......... .......... .......... .......... .......... 37%  119M 0s
 18600K .......... .......... .......... .......... .......... 37%  115M 0s
 18650K .......... .......... .......... .......... .......... 37%  113M 0s
 18700K .......... .......... .......... .......... .......... 37%  125M 0s
 18750K .......... .......... .......... .......... .......... 37% 86.6M 0s
 18800K .......... .......... .......... .......... .......... 37%  128M 0s
 18850K .......... .......... .......... .......... .......... 37%  112M 0s
 18900K .......... .......... .......... .......... .......... 37%  114M 0s
 18950K .......... .......... .......... .......... .......... 38%  122M 0s
 19000K .......... .......... .......... .......... .......... 38%  106M 0s
 19050K .......... .......... .......... .......... .......... 38%  122M 0s
 19100K .......... .......... .......... .......... .......... 38%  122M 0s
 19150K .......... .......... .......... .......... .......... 38% 94.0M 0s
 19200K .......... .......... .......... .......... .......... 38%  108M 0s
 19250K .......... .......... .......... .......... .......... 38%  121M 0s
 19300K .......... .......... .......... .......... .......... 38%  123M 0s
 19350K .......... .......... .......... .......... .......... 38%  102M 0s
 19400K .......... .......... .......... .......... .......... 38%  122M 0s
 19450K .......... .......... .......... .......... .......... 39%  124M 0s
 19500K .......... .......... .......... .......... .......... 39%  117M 0s
 19550K .......... .......... .......... .......... .......... 39% 86.4M 0s
 19600K .......... .......... .......... .......... .......... 39%  128M 0s
 19650K .......... .......... .......... .......... .......... 39%  112M 0s
 19700K .......... .......... .......... .......... .......... 39%  113M 0s
 19750K .......... .......... .......... .......... .......... 39%  122M 0s
 19800K .......... .......... .......... .......... .......... 39%  113M 0s
 19850K .......... .......... .......... .......... .......... 39%  113M 0s
 19900K .......... .......... .......... .......... .......... 39%  128M 0s
 19950K .......... .......... .......... .......... .......... 40% 85.2M 0s
 20000K .......... .......... .......... .......... .......... 40%  127M 0s
 20050K .......... .......... .......... .......... .......... 40%  114M 0s
 20100K .......... .......... .......... .......... .......... 40%  113M 0s
 20150K .......... .......... .......... .......... .......... 40%  121M 0s
 20200K .......... .......... .......... .......... .......... 40%  113M 0s
 20250K .......... .......... .......... .......... .......... 40%  119M 0s
 20300K .......... .......... .......... .......... .......... 40%  117M 0s
 20350K .......... .......... .......... .......... .......... 40% 93.5M 0s
 20400K .......... .......... .......... .......... .......... 40%  113M 0s
 20450K .......... .......... .......... .......... .......... 41%  113M 0s
 20500K .......... .......... .......... .......... .......... 41%  128M 0s
 20550K .......... .......... .......... .......... .......... 41%  105M 0s
 20600K .......... .......... .......... .......... .......... 41%  115M 0s
 20650K .......... .......... .......... .......... .......... 41%  130M 0s
 20700K .......... .......... .......... .......... .......... 41%  101M 0s
 20750K .......... .......... .......... .......... .......... 41%  102M 0s
 20800K .......... .......... .......... .......... .......... 41%  115M 0s
 20850K .......... .......... .......... .......... .......... 41%  114M 0s
 20900K .......... .......... .......... .......... .......... 41%  121M 0s
 20950K .......... .......... .......... .......... .......... 42%  113M 0s
 21000K .......... .......... .......... .......... .......... 42%  108M 0s
 21050K .......... .......... .......... .......... .......... 42%  124M 0s
 21100K .......... .......... .......... .......... .......... 42%  120M 0s
 21150K .......... .......... .......... .......... .......... 42% 93.5M 0s
 21200K .......... .......... .......... .......... .......... 42%  109M 0s
 21250K .......... .......... .......... .......... .......... 42%  121M 0s
 21300K .......... .......... .......... .......... .......... 42%  122M 0s
 21350K .......... .......... .......... .......... .......... 42%  112M 0s
 21400K .......... .......... .......... .......... .......... 42%  110M 0s
 21450K .......... .......... .......... .......... .......... 43%  129M 0s
 21500K .......... .......... .......... .......... .......... 43%  113M 0s
 21550K .......... .......... .......... .......... .......... 43% 93.4M 0s
 21600K .......... .......... .......... .......... .......... 43%  112M 0s
 21650K .......... .......... .......... .......... .......... 43%  114M 0s
 21700K .......... .......... .......... .......... .......... 43%  128M 0s
 21750K .......... .......... .......... .......... .......... 43%  102M 0s
 21800K .......... .......... .......... .......... .......... 43%  120M 0s
 21850K .......... .......... .......... .......... .......... 43%  128M 0s
 21900K .......... .......... .......... .......... .......... 43%  112M 0s
 21950K .......... .......... .......... .......... .......... 44% 93.6M 0s
 22000K .......... .......... .......... .......... .......... 44%  113M 0s
 22050K .......... .......... .......... .......... .......... 44%  111M 0s
 22100K .......... .......... .......... .......... .......... 44%  128M 0s
 22150K .......... .......... .......... .......... .......... 44%  108M 0s
 22200K .......... .......... .......... .......... .......... 44%  112M 0s
 22250K .......... .......... .......... .......... .......... 44%  122M 0s
 22300K .......... .......... .......... .......... .......... 44%  118M 0s
 22350K .......... .......... .......... .......... .......... 44% 93.4M 0s
 22400K .......... .......... .......... .......... .......... 44%  113M 0s
 22450K .......... .......... .......... .......... .......... 45%  112M 0s
 22500K .......... .......... .......... .......... .......... 45%  124M 0s
 22550K .......... .......... .......... .......... .......... 45%  111M 0s
 22600K .......... .......... .......... .......... .......... 45%  112M 0s
 22650K .......... .......... .......... .......... .......... 45%  128M 0s
 22700K .......... .......... .......... .......... .......... 45%  113M 0s
 22750K .......... .......... .......... .......... .......... 45% 93.7M 0s
 22800K .......... .......... .......... .......... .......... 45%  121M 0s
 22850K .......... .......... .......... .......... .......... 45%  109M 0s
 22900K .......... .......... .......... .......... .......... 45%  122M 0s
 22950K .......... .......... .......... .......... .......... 46%  116M 0s
 23000K .......... .......... .......... .......... .......... 46%  105M 0s
 23050K .......... .......... .......... .......... .......... 46%  126M 0s
 23100K .......... .......... .......... .......... .......... 46%  117M 0s
 23150K .......... .......... .......... .......... .......... 46% 94.4M 0s
 23200K .......... .......... .......... .......... .......... 46%  121M 0s
 23250K .......... .......... .......... .......... .......... 46%  104M 0s
 23300K .......... .......... .......... .......... .......... 46%  129M 0s
 23350K .......... .......... .......... .......... .......... 46%  109M 0s
 23400K .......... .......... .......... .......... .......... 46%  112M 0s
 23450K .......... .......... .......... .......... .......... 47%  128M 0s
 23500K .......... .......... .......... .......... .......... 47%  112M 0s
 23550K .......... .......... .......... .......... .......... 47% 93.6M 0s
 23600K .......... .......... .......... .......... .......... 47%  114M 0s
 23650K .......... .......... .......... .......... .......... 47%  112M 0s
 23700K .......... .......... .......... .......... .......... 47%  128M 0s
 23750K .......... .......... .......... .......... .......... 47%  105M 0s
 23800K .......... .......... .......... .......... .......... 47%  132M 0s
 23850K .......... .......... .......... .......... .......... 47%  113M 0s
 23900K .......... .......... .......... .......... .......... 47%  110M 0s
 23950K .......... .......... .......... .......... .......... 48% 94.2M 0s
 24000K .......... .......... .......... .......... .......... 48%  112M 0s
 24050K .......... .......... .......... .......... .......... 48%  128M 0s
 24100K .......... .......... .......... .......... .......... 48%  114M 0s
 24150K .......... .......... .......... .......... .......... 48%  105M 0s
 24200K .......... .......... .......... .......... .......... 48%  129M 0s
 24250K .......... .......... .......... .......... .......... 48%  116M 0s
 24300K .......... .......... .......... .......... .......... 48%  127M 0s
 24350K .......... .......... .......... .......... .......... 48% 85.0M 0s
 24400K .......... .......... .......... .......... .......... 49%  112M 0s
 24450K .......... .......... .......... .......... .......... 49%  129M 0s
 24500K .......... .......... .......... .......... .......... 49%  111M 0s
 24550K .......... .......... .......... .......... .......... 49%  113M 0s
 24600K .......... .......... .......... .......... .......... 49%  121M 0s
 24650K .......... .......... .......... .......... .......... 49%  109M 0s
 24700K .......... .......... .......... .......... .......... 49%  118M 0s
 24750K .......... .......... .......... .......... .......... 49% 95.1M 0s
 24800K .......... .......... .......... .......... .......... 49%  122M 0s
 24850K .......... .......... .......... .......... .......... 49%  108M 0s
 24900K .......... .......... .......... .......... .......... 50%  122M 0s
 24950K .......... .......... .......... .......... .......... 50%  113M 0s
 25000K .......... .......... .......... .......... .......... 50%  107M 0s
 25050K .......... .......... .......... .......... .......... 50%  125M 0s
 25100K .......... .......... .......... .......... .......... 50%  117M 0s
 25150K .......... .......... .......... .......... .......... 50% 94.1M 0s
 25200K .......... .......... .......... .......... .......... 50%  112M 0s
 25250K .......... .......... .......... .......... .......... 50%  128M 0s
 25300K .......... .......... .......... .......... .......... 50%  114M 0s
 25350K .......... .......... .......... .......... .......... 50%  107M 0s
 25400K .......... .......... .......... .......... .......... 51%  128M 0s
 25450K .......... .......... .......... .......... .......... 51%  110M 0s
 25500K .......... .......... .......... .......... .......... 51%  116M 0s
 25550K .......... .......... .......... .......... .......... 51% 93.6M 0s
 25600K .......... .......... .......... .......... .......... 51%  113M 0s
 25650K .......... .......... .......... .......... .......... 51%  128M 0s
 25700K .......... .......... .......... .......... .......... 51%  112M 0s
 25750K .......... .......... .......... .......... .......... 51%  121M 0s
 25800K .......... .......... .......... .......... .......... 51%  112M 0s
 25850K .......... .......... .......... .......... .......... 51%  113M 0s
 25900K .......... .......... .......... .......... .......... 52%  113M 0s
 25950K .......... .......... .......... .......... .......... 52% 93.6M 0s
 26000K .......... .......... .......... .......... .......... 52%  128M 0s
 26050K .......... .......... .......... .......... .......... 52%  113M 0s
 26100K .......... .......... .......... .......... .......... 52%  113M 0s
 26150K .......... .......... .......... .......... .......... 52%  122M 0s
 26200K .......... .......... .......... .......... .......... 52%  109M 0s
 26250K .......... .......... .......... .......... .......... 52%  118M 0s
 26300K .......... .......... .......... .......... .......... 52%  127M 0s
 26350K .......... .......... .......... .......... .......... 52% 87.1M 0s
 26400K .......... .......... .......... .......... .......... 53%  121M 0s
 26450K .......... .......... .......... .......... .......... 53%  121M 0s
 26500K .......... .......... .......... .......... .......... 53%  109M 0s
 26550K .......... .......... .......... .......... .......... 53%  117M 0s
 26600K .......... .......... .......... .......... .......... 53%  117M 0s
 26650K .......... .......... .......... .......... .......... 53%  110M 0s
 26700K .......... .......... .......... .......... .......... 53%  121M 0s
 26750K .......... .......... .......... .......... .......... 53% 92.9M 0s
 26800K .......... .......... .......... .......... .......... 53%  123M 0s
 26850K .......... .......... .......... .......... .......... 53%  108M 0s
 26900K .......... .......... .......... .......... .......... 54%  122M 0s
 26950K .......... .......... .......... .......... .......... 54%  120M 0s
 27000K .......... .......... .......... .......... .......... 54%  113M 0s
 27050K .......... .......... .......... .......... .......... 54%  110M 0s
 27100K .......... .......... .......... .......... .......... 54%  115M 0s
 27150K .......... .......... .......... .......... .......... 54% 93.3M 0s
 27200K .......... .......... .......... .......... .......... 54%  126M 0s
 27250K .......... .......... .......... .......... .......... 54%  115M 0s
 27300K .......... .......... .......... .......... .......... 54%  113M 0s
 27350K .......... .......... .......... .......... .......... 54%  122M 0s
 27400K .......... .......... .......... .......... .......... 55%  113M 0s
 27450K .......... .......... .......... .......... .......... 55%  113M 0s
 27500K .......... .......... .......... .......... .......... 55%  128M 0s
 27550K .......... .......... .......... .......... .......... 55% 83.1M 0s
 27600K .......... .......... .......... .......... .......... 55%  128M 0s
 27650K .......... .......... .......... .......... .......... 55%  113M 0s
 27700K .......... .......... .......... .......... .......... 55%  111M 0s
 27750K .......... .......... .......... .......... .......... 55%  124M 0s
 27800K .......... .......... .......... .......... .......... 55%  113M 0s
 27850K .......... .......... .......... .......... .......... 55%  112M 0s
 27900K .......... .......... .......... .......... .......... 56%  120M 0s
 27950K .......... .......... .......... .......... .......... 56% 89.1M 0s
 28000K .......... .......... .......... .......... .......... 56%  129M 0s
 28050K .......... .......... .......... .......... .......... 56%  112M 0s
 28100K .......... .......... .......... .......... .......... 56%  112M 0s
 28150K .......... .......... .......... .......... .......... 56%  122M 0s
 28200K .......... .......... .......... .......... .......... 56%  112M 0s
 28250K .......... .......... .......... .......... .......... 56%  123M 0s
 28300K .......... .......... .......... .......... .......... 56%  112M 0s
 28350K .......... .......... .......... .......... .......... 56% 91.7M 0s
 28400K .......... .......... .......... .......... .......... 57%  121M 0s
 28450K .......... .......... .......... .......... .......... 57%  120M 0s
 28500K .......... .......... .......... .......... .......... 57%  110M 0s
 28550K .......... .......... .......... .......... .......... 57%  116M 0s
 28600K .......... .......... .......... .......... .......... 57%  119M 0s
 28650K .......... .......... .......... .......... .......... 57%  120M 0s
 28700K .......... .......... .......... .......... .......... 57%  110M 0s
 28750K .......... .......... .......... .......... .......... 57% 99.0M 0s
 28800K .......... .......... .......... .......... .......... 57%  113M 0s
 28850K .......... .......... .......... .......... .......... 57%  112M 0s
 28900K .......... .......... .......... .......... .......... 58%  127M 0s
 28950K .......... .......... .......... .......... .......... 58%  109M 0s
 29000K .......... .......... .......... .......... .......... 58%  109M 0s
 29050K .......... .......... .......... .......... .......... 58%  133M 0s
 29100K .......... .......... .......... .......... .......... 58%  110M 0s
 29150K .......... .......... .......... .......... .......... 58% 96.0M 0s
 29200K .......... .......... .......... .......... .......... 58%  114M 0s
 29250K .......... .......... .......... .......... .......... 58%  112M 0s
 29300K .......... .......... .......... .......... .......... 58%  128M 0s
 29350K .......... .......... .......... .......... .......... 58%  105M 0s
 29400K .......... .......... .......... .......... .......... 59%  113M 0s
 29450K .......... .......... .......... .......... .......... 59%  129M 0s
 29500K .......... .......... .......... .......... .......... 59%  112M 0s
 29550K .......... .......... .......... .......... .......... 59% 93.5M 0s
 29600K .......... .......... .......... .......... .......... 59%  113M 0s
 29650K .......... .......... .......... .......... .......... 59%  113M 0s
 29700K .......... .......... .......... .......... .......... 59%  128M 0s
 29750K .......... .......... .......... .......... .......... 59%  108M 0s
 29800K .......... .......... .......... .......... .......... 59%  129M 0s
 29850K .......... .......... .......... .......... .......... 59%  113M 0s
 29900K .......... .......... .......... .......... .......... 60%  113M 0s
 29950K .......... .......... .......... .......... .......... 60% 93.3M 0s
 30000K .......... .......... .......... .......... .......... 60%  113M 0s
 30050K .......... .......... .......... .......... .......... 60%  121M 0s
 30100K .......... .......... .......... .......... .......... 60%  121M 0s
 30150K .......... .......... .......... .......... .......... 60%  104M 0s
 30200K .......... .......... .......... .......... .......... 60%  119M 0s
 30250K .......... .......... .......... .......... .......... 60%  125M 0s
 30300K .......... .......... .......... .......... .......... 60%  106M 0s
 30350K .......... .......... .......... .......... .......... 60% 93.0M 0s
 30400K .......... .......... .......... .......... .......... 61%  123M 0s
 30450K .......... .......... .......... .......... .......... 61%  121M 0s
 30500K .......... .......... .......... .......... .......... 61%  120M 0s
 30550K .......... .......... .......... .......... .......... 61%  101M 0s
 30600K .......... .......... .......... .......... .......... 61%  119M 0s
 30650K .......... .......... .......... .......... .......... 61%  122M 0s
 30700K .......... .......... .......... .......... .......... 61%  118M 0s
 30750K .......... .......... .......... .......... .......... 61% 93.2M 0s
 30800K .......... .......... .......... .......... .......... 61%  113M 0s
 30850K .......... .......... .......... .......... .......... 61%  129M 0s
 30900K .......... .......... .......... .......... .......... 62%  109M 0s
 30950K .......... .......... .......... .......... .......... 62%  111M 0s
 31000K .......... .......... .......... .......... .......... 62%  112M 0s
 31050K .......... .......... .......... .......... .......... 62%  123M 0s
 31100K .......... .......... .......... .......... .......... 62%  117M 0s
 31150K .......... .......... .......... .......... .......... 62% 93.1M 0s
 31200K .......... .......... .......... .......... .......... 62%  110M 0s
 31250K .......... .......... .......... .......... .......... 62%  128M 0s
 31300K .......... .......... .......... .......... .......... 62%  114M 0s
 31350K .......... .......... .......... .......... .......... 62%  107M 0s
 31400K .......... .......... .......... .......... .......... 63%  129M 0s
 31450K .......... .......... .......... .......... .......... 63%  110M 0s
 31500K .......... .......... .......... .......... .......... 63%  115M 0s
 31550K .......... .......... .......... .......... .......... 63% 93.4M 0s
 31600K .......... .......... .......... .......... .......... 63%  114M 0s
 31650K .......... .......... .......... .......... .......... 63%  127M 0s
 31700K .......... .......... .......... .......... .......... 63%  113M 0s
 31750K .......... .......... .......... .......... .......... 63%  103M 0s
 31800K .......... .......... .......... .......... .......... 63%  135M 0s
 31850K .......... .......... .......... .......... .......... 63%  111M 0s
 31900K .......... .......... .......... .......... .......... 64%  122M 0s
 31950K .......... .......... .......... .......... .......... 64% 93.4M 0s
 32000K .......... .......... .......... .......... .......... 64%  108M 0s
 32050K .......... .......... .......... .......... .......... 64%  122M 0s
 32100K .......... .......... .......... .......... .......... 64%  121M 0s
 32150K .......... .......... .......... .......... .......... 64%  105M 0s
 32200K .......... .......... .......... .......... .......... 64%  118M 0s
 32250K .......... .......... .......... .......... .......... 64%  120M 0s
 32300K .......... .......... .......... .......... .......... 64%  122M 0s
 32350K .......... .......... .......... .......... .......... 64% 85.3M 0s
 32400K .......... .......... .......... .......... .......... 65%  120M 0s
 32450K .......... .......... .......... .......... .......... 65%  127M 0s
 32500K .......... .......... .......... .......... .......... 65%  112M 0s
 32550K .......... .......... .......... .......... .......... 65%  108M 0s
 32600K .......... .......... .......... .......... .......... 65%  129M 0s
 32650K .......... .......... .......... .......... .......... 65%  112M 0s
 32700K .......... .......... .......... .......... .......... 65%  109M 0s
 32750K .......... .......... .......... .......... .......... 65% 95.7M 0s
 32800K .......... .......... .......... .......... .......... 65%  129M 0s
 32850K .......... .......... .......... .......... .......... 65%  113M 0s
 32900K .......... .......... .......... .......... .......... 66%  113M 0s
 32950K .......... .......... .......... .......... .......... 66%  108M 0s
 33000K .......... .......... .......... .......... .......... 66%  128M 0s
 33050K .......... .......... .......... .......... .......... 66%  111M 0s
 33100K .......... .......... .......... .......... .......... 66%  124M 0s
 33150K .......... .......... .......... .......... .......... 66% 86.5M 0s
 33200K .......... .......... .......... .......... .......... 66%  129M 0s
 33250K .......... .......... .......... .......... .......... 66%  113M 0s
 33300K .......... .......... .......... .......... .......... 66%  113M 0s
 33350K .......... .......... .......... .......... .......... 66%  118M 0s
 33400K .......... .......... .......... .......... .......... 67%  116M 0s
 33450K .......... .......... .......... .......... .......... 67%  113M 0s
 33500K .......... .......... .......... .......... .......... 67% 89.5M 0s
 33550K .......... .......... .......... .......... .......... 67% 56.6M 0s
 33600K .......... .......... .......... .......... .......... 67%  135M 0s
 33650K .......... .......... .......... .......... .......... 67%  118M 0s
 33700K .......... .......... .......... .......... .......... 67%  122M 0s
 33750K .......... .......... .......... .......... .......... 67% 98.9M 0s
 33800K .......... .......... .......... .......... .......... 67%  125M 0s
 33850K .......... .......... .......... .......... .......... 67%  122M 0s
 33900K .......... .......... .......... .......... .......... 68%  107M 0s
 33950K .......... .......... .......... .......... .......... 68% 95.0M 0s
 34000K .......... .......... .......... .......... .......... 68%  121M 0s
 34050K .......... .......... .......... .......... .......... 68%  122M 0s
 34100K .......... .......... .......... .......... .......... 68%  121M 0s
 34150K .......... .......... .......... .......... .......... 68%  101M 0s
 34200K .......... .......... .......... .......... .......... 68%  121M 0s
 34250K .......... .......... .......... .......... .......... 68%  127M 0s
 34300K .......... .......... .......... .......... .......... 68%  113M 0s
 34350K .......... .......... .......... .......... .......... 68% 93.4M 0s
 34400K .......... .......... .......... .......... .......... 69%  114M 0s
 34450K .......... .......... .......... .......... .......... 69%  112M 0s
 34500K .......... .......... .......... .......... .......... 69%  127M 0s
 34550K .......... .......... .......... .......... .......... 69%  109M 0s
 34600K .......... .......... .......... .......... .......... 69%  113M 0s
 34650K .......... .......... .......... .......... .......... 69%  124M 0s
 34700K .......... .......... .......... .......... .......... 69%  112M 0s
 34750K .......... .......... .......... .......... .......... 69% 95.4M 0s
 34800K .......... .......... .......... .......... .......... 69%  114M 0s
 34850K .......... .......... .......... .......... .......... 69%  124M 0s
 34900K .......... .......... .......... .......... .......... 70%  113M 0s
 34950K .......... .......... .......... .......... .......... 70%  107M 0s
 35000K .......... .......... .......... .......... .......... 70%  113M 0s
 35050K .......... .......... .......... .......... .......... 70%  130M 0s
 35100K .......... .......... .......... .......... .......... 70%  112M 0s
 35150K .......... .......... .......... .......... .......... 70% 93.3M 0s
 35200K .......... .......... .......... .......... .......... 70%  113M 0s
 35250K .......... .......... .......... .......... .......... 70%  127M 0s
 35300K .......... .......... .......... .......... .......... 70%  114M 0s
 35350K .......... .......... .......... .......... .......... 70%  108M 0s
 35400K .......... .......... .......... .......... .......... 71%  112M 0s
 35450K .......... .......... .......... .......... .......... 71%  123M 0s
 35500K .......... .......... .......... .......... .......... 71%  121M 0s
 35550K .......... .......... .......... .......... .......... 71% 93.5M 0s
 35600K .......... .......... .......... .......... .......... 71%  109M 0s
 35650K .......... .......... .......... .......... .......... 71%  122M 0s
 35700K .......... .......... .......... .......... .......... 71%  121M 0s
 35750K .......... .......... .......... .......... .......... 71%  102M 0s
 35800K .......... .......... .......... .......... .......... 71%  121M 0s
 35850K .......... .......... .......... .......... .......... 71%  123M 0s
 35900K .......... .......... .......... .......... .......... 72%  120M 0s
 35950K .......... .......... .......... .......... .......... 72% 94.1M 0s
 36000K .......... .......... .......... .......... .......... 72%  108M 0s
 36050K .......... .......... .......... .......... .......... 72%  114M 0s
 36100K .......... .......... .......... .......... .......... 72%  128M 0s
 36150K .......... .......... .......... .......... .......... 72%  108M 0s
 36200K .......... .......... .......... .......... .......... 72%  114M 0s
 36250K .......... .......... .......... .......... .......... 72%  127M 0s
 36300K .......... .......... .......... .......... .......... 72%  113M 0s
 36350K .......... .......... .......... .......... .......... 72% 93.1M 0s
 36400K .......... .......... .......... .......... .......... 73%  113M 0s
 36450K .......... .......... .......... .......... .......... 73%  112M 0s
 36500K .......... .......... .......... .......... .......... 73%  129M 0s
 36550K .......... .......... .......... .......... .......... 73%  108M 0s
 36600K .......... .......... .......... .......... .......... 73%  113M 0s
 36650K .......... .......... .......... .......... .......... 73%  124M 0s
 36700K .......... .......... .......... .......... .......... 73%  114M 0s
 36750K .......... .......... .......... .......... .......... 73% 93.8M 0s
 36800K .......... .......... .......... .......... .......... 73%  112M 0s
 36850K .......... .......... .......... .......... .......... 73%  128M 0s
 36900K .......... .......... .......... .......... .......... 74%  113M 0s
 36950K .......... .......... .......... .......... .......... 74%  108M 0s
 37000K .......... .......... .......... .......... .......... 74%  122M 0s
 37050K .......... .......... .......... .......... .......... 74%  118M 0s
 37100K .......... .......... .......... .......... .......... 74%  113M 0s
 37150K .......... .......... .......... .......... .......... 74% 93.8M 0s
 37200K .......... .......... .......... .......... .......... 74%  111M 0s
 37250K .......... .......... .......... .......... .......... 74%  129M 0s
 37300K .......... .......... .......... .......... .......... 74%  115M 0s
 37350K .......... .......... .......... .......... .......... 74%  113M 0s
 37400K .......... .......... .......... .......... .......... 75%  120M 0s
 37450K .......... .......... .......... .......... .......... 75%  109M 0s
 37500K .......... .......... .......... .......... .......... 75%  121M 0s
 37550K .......... .......... .......... .......... .......... 75% 94.5M 0s
 37600K .......... .......... .......... .......... .......... 75%  108M 0s
 37650K .......... .......... .......... .......... .......... 75%  122M 0s
 37700K .......... .......... .......... .......... .......... 75%  121M 0s
 37750K .......... .......... .......... .......... .......... 75%  113M 0s
 37800K .......... .......... .......... .......... .......... 75%  111M 0s
 37850K .......... .......... .......... .......... .......... 75%  118M 0s
 37900K .......... .......... .......... .......... .......... 76%  114M 0s
 37950K .......... .......... .......... .......... .......... 76% 93.5M 0s
 38000K .......... .......... .......... .......... .......... 76%  113M 0s
 38050K .......... .......... .......... .......... .......... 76%  127M 0s
 38100K .......... .......... .......... .......... .......... 76%  114M 0s
 38150K .......... .......... .......... .......... .......... 76%  118M 0s
 38200K .......... .......... .......... .......... .......... 76%  115M 0s
 38250K .......... .......... .......... .......... .......... 76%  113M 0s
 38300K .......... .......... .......... .......... .......... 76%  113M 0s
 38350K .......... .......... .......... .......... .......... 76% 92.9M 0s
 38400K .......... .......... .......... .......... .......... 77%  127M 0s
 38450K .......... .......... .......... .......... .......... 77%  114M 0s
 38500K .......... .......... .......... .......... .......... 77%  110M 0s
 38550K .......... .......... .......... .......... .......... 77%  122M 0s
 38600K .......... .......... .......... .......... .......... 77%  113M 0s
 38650K .......... .......... .......... .......... .......... 77%  109M 0s
 38700K .......... .......... .......... .......... .......... 77%  133M 0s
 38750K .......... .......... .......... .......... .......... 77% 85.0M 0s
 38800K .......... .......... .......... .......... .......... 77%  128M 0s
 38850K .......... .......... .......... .......... .......... 77%  114M 0s
 38900K .......... .......... .......... .......... .......... 78%  112M 0s
 38950K .......... .......... .......... .......... .......... 78%  122M 0s
 39000K .......... .......... .......... .......... .......... 78%  109M 0s
 39050K .......... .......... .......... .......... .......... 78%  118M 0s
 39100K .......... .......... .......... .......... .......... 78%  122M 0s
 39150K .......... .......... .......... .......... .......... 78% 90.5M 0s
 39200K .......... .......... .......... .......... .......... 78%  122M 0s
 39250K .......... .......... .......... .......... .......... 78%  108M 0s
 39300K .......... .......... .......... .......... .......... 78%  123M 0s
 39350K .......... .......... .......... .......... .......... 78%  114M 0s
 39400K .......... .......... .......... .......... .......... 79%  105M 0s
 39450K .......... .......... .......... .......... .......... 79%  125M 0s
 39500K .......... .......... .......... .......... .......... 79%  121M 0s
 39550K .......... .......... .......... .......... .......... 79% 94.0M 0s
 39600K .......... .......... .......... .......... .......... 79%  120M 0s
 39650K .......... .......... .......... .......... .......... 79%  109M 0s
 39700K .......... .......... .......... .......... .......... 79%  116M 0s
 39750K .......... .......... .......... .......... .......... 79%  119M 0s
 39800K .......... .......... .......... .......... .......... 79%  115M 0s
 39850K .......... .......... .......... .......... .......... 79%  113M 0s
 39900K .......... .......... .......... .......... .......... 80%  112M 0s
 39950K .......... .......... .......... .......... .......... 80% 93.5M 0s
 40000K .......... .......... .......... .......... .......... 80%  128M 0s
 40050K .......... .......... .......... .......... .......... 80%  113M 0s
 40100K .......... .......... .......... .......... .......... 80%  112M 0s
 40150K .......... .......... .......... .......... .......... 80%  123M 0s
 40200K .......... .......... .......... .......... .......... 80%  113M 0s
 40250K .......... .......... .......... .......... .......... 80%  113M 0s
 40300K .......... .......... .......... .......... .......... 80%  112M 0s
 40350K .......... .......... .......... .......... .......... 80%  102M 0s
 40400K .......... .......... .......... .......... .......... 81%  110M 0s
 40450K .......... .......... .......... .......... .......... 81%  115M 0s
 40500K .......... .......... .......... .......... .......... 81%  114M 0s
 40550K .......... .......... .......... .......... .......... 81%  122M 0s
 40600K .......... .......... .......... .......... .......... 81%  112M 0s
 40650K .......... .......... .......... .......... .......... 81%  113M 0s
 40700K .......... .......... .......... .......... .......... 81%  130M 0s
 40750K .......... .......... .......... .......... .......... 81% 84.5M 0s
 40800K .......... .......... .......... .......... .......... 81%  128M 0s
 40850K .......... .......... .......... .......... .......... 81%  112M 0s
 40900K .......... .......... .......... .......... .......... 82%  128M 0s
 40950K .......... .......... .......... .......... .......... 82%  106M 0s
 41000K .......... .......... .......... .......... .......... 82%  113M 0s
 41050K .......... .......... .......... .......... .......... 82%  124M 0s
 41100K .......... .......... .......... .......... .......... 82%  111M 0s
 41150K .......... .......... .......... .......... .......... 82% 94.8M 0s
 41200K .......... .......... .......... .......... .......... 82%  117M 0s
 41250K .......... .......... .......... .......... .......... 82%  112M 0s
 41300K .......... .......... .......... .......... .......... 82%  128M 0s
 41350K .......... .......... .......... .......... .......... 82%  108M 0s
 41400K .......... .......... .......... .......... .......... 83%  112M 0s
 41450K .......... .......... .......... .......... .......... 83%  129M 0s
 41500K .......... .......... .......... .......... .......... 83%  113M 0s
 41550K .......... .......... .......... .......... .......... 83% 93.0M 0s
 41600K .......... .......... .......... .......... .......... 83%  117M 0s
 41650K .......... .......... .......... .......... .......... 83%  121M 0s
 41700K .......... .......... .......... .......... .......... 83%  109M 0s
 41750K .......... .......... .......... .......... .......... 83%  116M 0s
 41800K .......... .......... .......... .......... .......... 83%  118M 0s
 41850K .......... .......... .......... .......... .......... 83%  109M 0s
 41900K .......... .......... .......... .......... .......... 84%  121M 0s
 41950K .......... .......... .......... .......... .......... 84% 93.3M 0s
 42000K .......... .......... .......... .......... .......... 84%  122M 0s
 42050K .......... .......... .......... .......... .......... 84%  121M 0s
 42100K .......... .......... .......... .......... .......... 84%  109M 0s
 42150K .......... .......... .......... .......... .......... 84%  113M 0s
 42200K .......... .......... .......... .......... .......... 84%  125M 0s
 42250K .......... .......... .......... .......... .......... 84%  116M 0s
 42300K .......... .......... .......... .......... .......... 84%  112M 0s
 42350K .......... .......... .......... .......... .......... 84% 93.6M 0s
 42400K .......... .......... .......... .......... .......... 85%  110M 0s
 42450K .......... .......... .......... .......... .......... 85%  132M 0s
 42500K .......... .......... .......... .......... .......... 85%  113M 0s
 42550K .......... .......... .......... .......... .......... 85%  107M 0s
 42600K .......... .......... .......... .......... .......... 85%  123M 0s
 42650K .......... .......... .......... .......... .......... 85%  119M 0s
 42700K .......... .......... .......... .......... .......... 85%  112M 0s
 42750K .......... .......... .......... .......... .......... 85% 93.2M 0s
 42800K .......... .......... .......... .......... .......... 85%  109M 0s
 42850K .......... .......... .......... .......... .......... 85%  129M 0s
 42900K .......... .......... .......... .......... .......... 86%  113M 0s
 42950K .......... .......... .......... .......... .......... 86%  109M 0s
 43000K .......... .......... .......... .......... .......... 86%  127M 0s
 43050K .......... .......... .......... .......... .......... 86%  113M 0s
 43100K .......... .......... .......... .......... .......... 86%  107M 0s
 43150K .......... .......... .......... .......... .......... 86% 96.8M 0s
 43200K .......... .......... .......... .......... .......... 86%  115M 0s
 43250K .......... .......... .......... .......... .......... 86%  128M 0s
 43300K .......... .......... .......... .......... .......... 86%  113M 0s
 43350K .......... .......... .......... .......... .......... 86%  108M 0s
 43400K .......... .......... .......... .......... .......... 87%  129M 0s
 43450K .......... .......... .......... .......... .......... 87%  115M 0s
 43500K .......... .......... .......... .......... .......... 87%  107M 0s
 43550K .......... .......... .......... .......... .......... 87% 94.7M 0s
 43600K .......... .......... .......... .......... .......... 87%  118M 0s
 43650K .......... .......... .......... .......... .......... 87%  124M 0s
 43700K .......... .......... .......... .......... .......... 87% 22.8M 0s
 43750K .......... .......... .......... .......... .......... 87%  105M 0s
 43800K .......... .......... .......... .......... .......... 87%  117M 0s
 43850K .......... .......... .......... .......... .......... 87%  110M 0s
 43900K .......... .......... .......... .......... .......... 88%  121M 0s
 43950K .......... .......... .......... .......... .......... 88% 93.1M 0s
 44000K .......... .......... .......... .......... .......... 88%  124M 0s
 44050K .......... .......... .......... .......... .......... 88%  116M 0s
 44100K .......... .......... .......... .......... .......... 88%  113M 0s
 44150K .......... .......... .......... .......... .......... 88%  108M 0s
 44200K .......... .......... .......... .......... .......... 88%  128M 0s
 44250K .......... .......... .......... .......... .......... 88%  109M 0s
 44300K .......... .......... .......... .......... .......... 88%  117M 0s
 44350K .......... .......... .......... .......... .......... 88% 93.0M 0s
 44400K .......... .......... .......... .......... .......... 89% 43.3M 0s
 44450K .......... .......... .......... .......... .......... 89%  114M 0s
 44500K .......... .......... .......... .......... .......... 89%  128M 0s
 44550K .......... .......... .......... .......... .......... 89%  104M 0s
 44600K .......... .......... .......... .......... .......... 89%  111M 0s
 44650K .......... .......... .......... .......... .......... 89%  122M 0s
 44700K .......... .......... .......... .......... .......... 89%  122M 0s
 44750K .......... .......... .......... .......... .......... 89% 93.2M 0s
 44800K .......... .......... .......... .......... .......... 89%  120M 0s
 44850K .......... .......... .......... .......... .......... 89%  110M 0s
 44900K .......... .......... .......... .......... .......... 90%  122M 0s
 44950K .......... .......... .......... .......... .......... 90%  113M 0s
 45000K .......... .......... .......... .......... .......... 90%  107M 0s
 45050K .......... .......... .......... .......... .......... 90%  121M 0s
 45100K .......... .......... .......... .......... .......... 90%  123M 0s
 45150K .......... .......... .......... .......... .......... 90% 93.8M 0s
 45200K .......... .......... .......... .......... .......... 90%  111M 0s
 45250K .......... .......... .......... .......... .......... 90%  113M 0s
 45300K .......... .......... .......... .......... .......... 90%  126M 0s
 45350K .......... .......... .......... .......... .......... 90%  106M 0s
 45400K .......... .......... .......... .......... .......... 91%  114M 0s
 45450K .......... .......... .......... .......... .......... 91%  127M 0s
 45500K .......... .......... .......... .......... .......... 91%  113M 0s
 45550K .......... .......... .......... .......... .......... 91% 95.2M 0s
 45600K .......... .......... .......... .......... .......... 91%  115M 0s
 45650K .......... .......... .......... .......... .......... 91%  113M 0s
 45700K .......... .......... .......... .......... .......... 91%  129M 0s
 45750K .......... .......... .......... .......... .......... 91%  104M 0s
 45800K .......... .......... .......... .......... .......... 91%  117M 0s
 45850K .......... .......... .......... .......... .......... 91%  122M 0s
 45900K .......... .......... .......... .......... .......... 92%  117M 0s
 45950K .......... .......... .......... .......... .......... 92% 93.7M 0s
 46000K .......... .......... .......... .......... .......... 92%  109M 0s
 46050K .......... .......... .......... .......... .......... 92%  120M 0s
 46100K .......... .......... .......... .......... .......... 92%  123M 0s
 46150K .......... .......... .......... .......... .......... 92%  104M 0s
 46200K .......... .......... .......... .......... .......... 92%  116M 0s
 46250K .......... .......... .......... .......... .......... 92%  122M 0s
 46300K .......... .......... .......... .......... .......... 92%  125M 0s
 46350K .......... .......... .......... .......... .......... 92% 91.2M 0s
 46400K .......... .......... .......... .......... .......... 93%  113M 0s
 46450K .......... .......... .......... .......... .......... 93%  114M 0s
 46500K .......... .......... .......... .......... .......... 93%  112M 0s
 46550K .......... .......... .......... .......... .......... 93%  103M 0s
 46600K .......... .......... .......... .......... .......... 93%  136M 0s
 46650K .......... .......... .......... .......... .......... 93%  113M 0s
 46700K .......... .......... .......... .......... .......... 93%  112M 0s
 46750K .......... .......... .......... .......... .......... 93% 91.7M 0s
 46800K .......... .......... .......... .......... .......... 93%  115M 0s
 46850K .......... .......... .......... .......... .......... 93%  128M 0s
 46900K .......... .......... .......... .......... .......... 94%  113M 0s
 46950K .......... .......... .......... .......... .......... 94%  108M 0s
 47000K .......... .......... .......... .......... .......... 94%  124M 0s
 47050K .......... .......... .......... .......... .......... 94%  113M 0s
 47100K .......... .......... .......... .......... .......... 94%  125M 0s
 47150K .......... .......... .......... .......... .......... 94% 86.1M 0s
 47200K .......... .......... .......... .......... .......... 94%  129M 0s
 47250K .......... .......... .......... .......... .......... 94%  113M 0s
 47300K .......... .......... .......... .......... .......... 94%  112M 0s
 47350K .......... .......... .......... .......... .......... 94%  122M 0s
 47400K .......... .......... .......... .......... .......... 95%  113M 0s
 47450K .......... .......... .......... .......... .......... 95%  113M 0s
 47500K .......... .......... .......... .......... .......... 95%  128M 0s
 47550K .......... .......... .......... .......... .......... 95% 85.1M 0s
 47600K .......... .......... .......... .......... .......... 95%  128M 0s
 47650K .......... .......... .......... .......... .......... 95%  117M 0s
 47700K .......... .......... .......... .......... .......... 95%  107M 0s
 47750K .......... .......... .......... .......... .......... 95%  112M 0s
 47800K .......... .......... .......... .......... .......... 95%  123M 0s
 47850K .......... .......... .......... .......... .......... 95%  122M 0s
 47900K .......... .......... .......... .......... .......... 96%  108M 0s
 47950K .......... .......... .......... .......... .......... 96% 93.9M 0s
 48000K .......... .......... .......... .......... .......... 96%  121M 0s
 48050K .......... .......... .......... .......... .......... 96%  122M 0s
 48100K .......... .......... .......... .......... .......... 96%  108M 0s
 48150K .......... .......... .......... .......... .......... 96%  110M 0s
 48200K .......... .......... .......... .......... .......... 96%  125M 0s
 48250K .......... .......... .......... .......... .......... 96%  112M 0s
 48300K .......... .......... .......... .......... .......... 96%  125M 0s
 48350K .......... .......... .......... .......... .......... 97% 86.6M 0s
 48400K .......... .......... .......... .......... .......... 97%  128M 0s
 48450K .......... .......... .......... .......... .......... 97%  112M 0s
 48500K .......... .......... .......... .......... .......... 97%  111M 0s
 48550K .......... .......... .......... .......... .......... 97%  124M 0s
 48600K .......... .......... .......... .......... .......... 97%  114M 0s
 48650K .......... .......... .......... .......... .......... 97%  112M 0s
 48700K .......... .......... .......... .......... .......... 97%  124M 0s
 48750K .......... .......... .......... .......... .......... 97% 87.3M 0s
 48800K .......... .......... .......... .......... .......... 97%  127M 0s
 48850K .......... .......... .......... .......... .......... 98%  111M 0s
 48900K .......... .......... .......... .......... .......... 98%  128M 0s
 48950K .......... .......... .......... .......... .......... 98%  105M 0s
 49000K .......... .......... .......... .......... .......... 98%  116M 0s
 49050K .......... .......... .......... .......... .......... 98%  113M 0s
 49100K .......... .......... .......... .......... .......... 98%  128M 0s
 49150K .......... .......... .......... .......... .......... 98% 93.3M 0s
 49200K .......... .......... .......... .......... .......... 98%  113M 0s
 49250K .......... .......... .......... .......... .......... 98%  111M 0s
 49300K .......... .......... .......... .......... .......... 98%  130M 0s
 49350K .......... .......... .......... .......... .......... 99%  108M 0s
 49400K .......... .......... .......... .......... .......... 99%  113M 0s
 49450K .......... .......... .......... .......... .......... 99%  107M 0s
 49500K .......... .......... .......... .......... .......... 99%  140M 0s
 49550K .......... .......... .......... .......... .......... 99% 85.9M 0s
 49600K .......... .......... .......... .......... .......... 99%  121M 0s
 49650K .......... .......... .......... .......... .......... 99%  122M 0s
 49700K .......... .......... .......... .......... .......... 99%  122M 0s
 49750K .......... .......... .......... .......... .......... 99% 99.8M 0s
 49800K .......... .......... .......... .......... .......... 99%  127M 0s
 49850K .......... .......... .......... .......... ......    100%  122M=0.4s

2020-11-05 10:12:12 (110 MB/s) - `miniconda.sh' saved [51093759/51093759]


travis_time:end:10bc9a60:start=1604571131512861463,finish=1604571132077516616,duration=564655153[0Ktravis_fold:end:before_install.1[0Ktravis_fold:start:before_install.2[0Ktravis_time:start:006eecfe[0K$ chmod +x miniconda.sh

travis_time:end:006eecfe:start=1604571132087598049,finish=1604571132097107982,duration=9509933[0Ktravis_fold:end:before_install.2[0Ktravis_fold:start:before_install.3[0Ktravis_time:start:18dbe610[0K$ ./miniconda.sh -b
PREFIX=/home/travis/miniconda2
Unpacking payload ...
  0%|          | 0/37 [00:00<?, ?it/s]Extracting : python-2.7.18-h15b4118_1.conda:   0%|          | 0/37 [00:00<?, ?it/s]Extracting : python-2.7.18-h15b4118_1.conda:   3%|▎         | 1/37 [00:00<00:18,  1.93it/s]Extracting : _libgcc_mutex-0.1-main.conda:   3%|▎         | 1/37 [00:00<00:18,  1.93it/s]  Extracting : ca-certificates-2020.1.1-0.conda:   5%|▌         | 2/37 [00:00<00:18,  1.93it/s]Extracting : libstdcxx-ng-9.1.0-hdf63c60_0.conda:   8%|▊         | 3/37 [00:00<00:17,  1.93it/s]Extracting : libgcc-ng-9.1.0-hdf63c60_0.conda:  11%|█         | 4/37 [00:00<00:17,  1.93it/s]   Extracting : libffi-3.3-he6710b0_1.conda:  14%|█▎        | 5/37 [00:00<00:16,  1.93it/s]     Extracting : ncurses-6.2-he6710b0_1.conda:  16%|█▌        | 6/37 [00:00<00:16,  1.93it/s]Extracting : openssl-1.1.1g-h7b6447c_0.conda:  19%|█▉        | 7/37 [00:00<00:15,  1.93it/s]Extracting : yaml-0.1.7-had09818_2.conda:  22%|██▏       | 8/37 [00:00<00:15,  1.93it/s]    Extracting : zlib-1.2.11-h7b6447c_3.conda:  24%|██▍       | 9/37 [00:00<00:14,  1.93it/s]Extracting : libedit-3.1.20181209-hc058e9b_0.conda:  27%|██▋       | 10/37 [00:00<00:13,  1.93it/s]Extracting : readline-8.0-h7b6447c_0.conda:  30%|██▉       | 11/37 [00:00<00:13,  1.93it/s]        Extracting : tk-8.6.8-hbc83047_0.conda:  32%|███▏      | 12/37 [00:00<00:12,  1.93it/s]    Extracting : sqlite-3.31.1-h62c20be_1.conda:  35%|███▌      | 13/37 [00:00<00:12,  1.93it/s]Extracting : asn1crypto-1.3.0-py27_0.conda:  38%|███▊      | 14/37 [00:00<00:11,  1.93it/s] Extracting : certifi-2019.11.28-py27_0.conda:  41%|████      | 15/37 [00:00<00:11,  1.93it/s]Extracting : chardet-3.0.4-py27_1003.conda:  43%|████▎     | 16/37 [00:00<00:10,  1.93it/s]  Extracting : enum34-1.1.6-py27_1.conda:  46%|████▌     | 17/37 [00:00<00:10,  1.93it/s]    Extracting : futures-3.3.0-py27_0.conda:  49%|████▊     | 18/37 [00:00<00:09,  1.93it/s]Extracting : idna-2.8-py27_0.conda:  51%|█████▏    | 19/37 [00:00<00:09,  1.93it/s]     Extracting : ipaddress-1.0.23-py_0.conda:  54%|█████▍    | 20/37 [00:00<00:08,  1.93it/s]Extracting : pycosat-0.6.3-py27h7b6447c_0.conda:  57%|█████▋    | 21/37 [00:00<00:08,  1.93it/s]Extracting : pycparser-2.20-py_0.conda:  59%|█████▉    | 22/37 [00:00<00:07,  1.93it/s]         Extracting : pysocks-1.7.1-py27_0.conda:  62%|██████▏   | 23/37 [00:00<00:07,  1.93it/s]Extracting : ruamel_yaml-0.15.87-py27h7b6447c_0.conda:  65%|██████▍   | 24/37 [00:00<00:06,  1.93it/s]Extracting : six-1.13.0-py27_0.conda:  68%|██████▊   | 25/37 [00:00<00:06,  1.93it/s]                 Extracting : tqdm-4.46.0-py_0.conda:  70%|███████   | 26/37 [00:00<00:05,  1.93it/s] Extracting : cffi-1.14.0-py27he30daa8_1.conda:  73%|███████▎  | 27/37 [00:00<00:05,  1.93it/s]Extracting : conda-package-handling-1.6.0-py27h7b6447c_0.conda:  76%|███████▌  | 28/37 [00:00<00:04,  1.93it/s]Extracting : setuptools-44.0.0-py27_0.conda:  78%|███████▊  | 29/37 [00:00<00:04,  1.93it/s]                   Extracting : cryptography-2.8-py27h1ba5d50_0.conda:  81%|████████  | 30/37 [00:00<00:03,  1.93it/s]Extracting : wheel-0.33.6-py27_0.conda:  84%|████████▍ | 31/37 [00:00<00:03,  1.93it/s]            Extracting : pip-19.3.1-py27_0.conda:  86%|████████▋ | 32/37 [00:00<00:02,  1.93it/s]  Extracting : pyopenssl-19.1.0-py27_0.conda:  89%|████████▉ | 33/37 [00:00<00:02,  1.93it/s]Extracting : urllib3-1.25.7-py27_0.conda:  92%|█████████▏| 34/37 [00:00<00:01,  1.93it/s]  Extracting : requests-2.22.0-py27_1.conda:  95%|█████████▍| 35/37 [00:00<00:01,  1.93it/s]Extracting : conda-4.8.3-py27_0.tar.bz2:  97%|█████████▋| 36/37 [00:00<00:00,  1.93it/s]  Extracting : conda-4.8.3-py27_0.tar.bz2: 100%|██████████| 37/37 [00:00<00:00,  2.74it/s]                                                                                        Collecting package metadata (current_repodata.json): ...working... done
Solving environment: ...working... done

## Package Plan ##

  environment location: /home/travis/miniconda2

  added / updated specs:
    - _libgcc_mutex==0.1=main
    - asn1crypto==1.3.0=py27_0
    - ca-certificates==2020.1.1=0
    - certifi==2019.11.28=py27_0
    - cffi==1.14.0=py27he30daa8_1
    - chardet==3.0.4=py27_1003
    - conda-package-handling==1.6.0=py27h7b6447c_0
    - conda==4.8.3=py27_0
    - cryptography==2.8=py27h1ba5d50_0
    - enum34==1.1.6=py27_1
    - futures==3.3.0=py27_0
    - idna==2.8=py27_0
    - ipaddress==1.0.23=py_0
    - libedit==3.1.20181209=hc058e9b_0
    - libffi==3.3=he6710b0_1
    - libgcc-ng==9.1.0=hdf63c60_0
    - libstdcxx-ng==9.1.0=hdf63c60_0
    - ncurses==6.2=he6710b0_1
    - openssl==1.1.1g=h7b6447c_0
    - pip==19.3.1=py27_0
    - pycosat==0.6.3=py27h7b6447c_0
    - pycparser==2.20=py_0
    - pyopenssl==19.1.0=py27_0
    - pysocks==1.7.1=py27_0
    - python==2.7.18=h15b4118_1
    - readline==8.0=h7b6447c_0
    - requests==2.22.0=py27_1
    - ruamel_yaml==0.15.87=py27h7b6447c_0
    - setuptools==44.0.0=py27_0
    - six==1.13.0=py27_0
    - sqlite==3.31.1=h62c20be_1
    - tk==8.6.8=hbc83047_0
    - tqdm==4.46.0=py_0
    - urllib3==1.25.7=py27_0
    - wheel==0.33.6=py27_0
    - yaml==0.1.7=had09818_2
    - zlib==1.2.11=h7b6447c_3


The following NEW packages will be INSTALLED:

  _libgcc_mutex      pkgs/main/linux-64::_libgcc_mutex-0.1-main
  asn1crypto         pkgs/main/linux-64::asn1crypto-1.3.0-py27_0
  ca-certificates    pkgs/main/linux-64::ca-certificates-2020.1.1-0
  certifi            pkgs/main/linux-64::certifi-2019.11.28-py27_0
  cffi               pkgs/main/linux-64::cffi-1.14.0-py27he30daa8_1
  chardet            pkgs/main/linux-64::chardet-3.0.4-py27_1003
  conda              pkgs/main/linux-64::conda-4.8.3-py27_0
  conda-package-han~ pkgs/main/linux-64::conda-package-handling-1.6.0-py27h7b6447c_0
  cryptography       pkgs/main/linux-64::cryptography-2.8-py27h1ba5d50_0
  enum34             pkgs/main/linux-64::enum34-1.1.6-py27_1
  futures            pkgs/main/linux-64::futures-3.3.0-py27_0
  idna               pkgs/main/linux-64::idna-2.8-py27_0
  ipaddress          pkgs/main/noarch::ipaddress-1.0.23-py_0
  libedit            pkgs/main/linux-64::libedit-3.1.20181209-hc058e9b_0
  libffi             pkgs/main/linux-64::libffi-3.3-he6710b0_1
  libgcc-ng          pkgs/main/linux-64::libgcc-ng-9.1.0-hdf63c60_0
  libstdcxx-ng       pkgs/main/linux-64::libstdcxx-ng-9.1.0-hdf63c60_0
  ncurses            pkgs/main/linux-64::ncurses-6.2-he6710b0_1
  openssl            pkgs/main/linux-64::openssl-1.1.1g-h7b6447c_0
  pip                pkgs/main/linux-64::pip-19.3.1-py27_0
  pycosat            pkgs/main/linux-64::pycosat-0.6.3-py27h7b6447c_0
  pycparser          pkgs/main/noarch::pycparser-2.20-py_0
  pyopenssl          pkgs/main/linux-64::pyopenssl-19.1.0-py27_0
  pysocks            pkgs/main/linux-64::pysocks-1.7.1-py27_0
  python             pkgs/main/linux-64::python-2.7.18-h15b4118_1
  readline           pkgs/main/linux-64::readline-8.0-h7b6447c_0
  requests           pkgs/main/linux-64::requests-2.22.0-py27_1
  ruamel_yaml        pkgs/main/linux-64::ruamel_yaml-0.15.87-py27h7b6447c_0
  setuptools         pkgs/main/linux-64::setuptools-44.0.0-py27_0
  six                pkgs/main/linux-64::six-1.13.0-py27_0
  sqlite             pkgs/main/linux-64::sqlite-3.31.1-h62c20be_1
  tk                 pkgs/main/linux-64::tk-8.6.8-hbc83047_0
  tqdm               pkgs/main/noarch::tqdm-4.46.0-py_0
  urllib3            pkgs/main/linux-64::urllib3-1.25.7-py27_0
  wheel              pkgs/main/linux-64::wheel-0.33.6-py27_0
  yaml               pkgs/main/linux-64::yaml-0.1.7-had09818_2
  zlib               pkgs/main/linux-64::zlib-1.2.11-h7b6447c_3


Preparing transaction: ...working... done
Executing transaction: ...working... done
installation finished.

travis_time:end:18dbe610:start=1604571132106053345,finish=1604571144815089474,duration=12709036129[0Ktravis_fold:end:before_install.3[0Ktravis_fold:start:before_install.4[0Ktravis_time:start:0543dba0[0K$ export PATH=/home/travis/miniconda2/bin:$PATH

travis_time:end:0543dba0:start=1604571144825981474,finish=1604571144834876062,duration=8894588[0Ktravis_fold:end:before_install.4[0Ktravis_fold:start:before_install.5[0Ktravis_time:start:03851c20[0K$ conda update --yes --quiet conda
Collecting package metadata (current_repodata.json): ...working... done
Solving environment: ...working... done

## Package Plan ##

  environment location: /home/travis/miniconda2

  added / updated specs:
    - conda


The following packages will be downloaded:

    package                    |            build
    ---------------------------|-----------------
    asn1crypto-1.4.0           |             py_0          80 KB
    ca-certificates-2020.10.14 |                0         121 KB
    certifi-2020.6.20          |     pyhd3eb1b0_3         155 KB
    idna-2.10                  |             py_0          50 KB
    libedit-3.1.20191231       |       h14c3975_1         116 KB
    libffi-3.3                 |       he6710b0_2          50 KB
    openssl-1.1.1h             |       h7b6447c_0         2.5 MB
    pycparser-2.20             |             py_2          94 KB
    pyopenssl-19.1.0           |             py_1          48 KB
    requests-2.24.0            |             py_0          56 KB
    six-1.15.0                 |             py_0          13 KB
    sqlite-3.33.0              |       h62c20be_0         1.1 MB
    tk-8.6.10                  |       hbc83047_0         3.0 MB
    tqdm-4.50.2                |             py_0          56 KB
    wheel-0.35.1               |             py_0          37 KB
    ------------------------------------------------------------
                                           Total:         7.5 MB

The following packages will be UPDATED:

  asn1crypto         pkgs/main/linux-64::asn1crypto-1.3.0-~ --> pkgs/main/noarch::asn1crypto-1.4.0-py_0
  ca-certificates                                2020.1.1-0 --> 2020.10.14-0
  certifi            pkgs/main/linux-64::certifi-2019.11.2~ --> pkgs/main/noarch::certifi-2020.6.20-pyhd3eb1b0_3
  idna                  pkgs/main/linux-64::idna-2.8-py27_0 --> pkgs/main/noarch::idna-2.10-py_0
  libedit                           3.1.20181209-hc058e9b_0 --> 3.1.20191231-h14c3975_1
  libffi                                     3.3-he6710b0_1 --> 3.3-he6710b0_2
  openssl                                 1.1.1g-h7b6447c_0 --> 1.1.1h-h7b6447c_0
  pycparser                                       2.20-py_0 --> 2.20-py_2
  pyopenssl          pkgs/main/linux-64::pyopenssl-19.1.0-~ --> pkgs/main/noarch::pyopenssl-19.1.0-py_1
  requests           pkgs/main/linux-64::requests-2.22.0-p~ --> pkgs/main/noarch::requests-2.24.0-py_0
  six                 pkgs/main/linux-64::six-1.13.0-py27_0 --> pkgs/main/noarch::six-1.15.0-py_0
  sqlite                                  3.31.1-h62c20be_1 --> 3.33.0-h62c20be_0
  tk                                       8.6.8-hbc83047_0 --> 8.6.10-hbc83047_0
  tqdm                                          4.46.0-py_0 --> 4.50.2-py_0
  wheel              pkgs/main/linux-64::wheel-0.33.6-py27~ --> pkgs/main/noarch::wheel-0.35.1-py_0


Preparing transaction: ...working... done
Verifying transaction: ...working... done
Executing transaction: ...working... done

travis_time:end:03851c20:start=1604571144844190938,finish=1604571157770516303,duration=12926325365[0Ktravis_fold:end:before_install.5[0Ktravis_fold:start:before_install.6[0Ktravis_time:start:1f2df13a[0K$ export DISPLAY=:99.0

travis_time:end:1f2df13a:start=1604571157778738676,finish=1604571157785831281,duration=7092605[0Ktravis_fold:end:before_install.6[0Ktravis_fold:start:before_install.7[0Ktravis_time:start:1a476f42[0K$ sh -e /etc/init.d/xvfb start
Starting virtual X frame buffer: Xvfb.

travis_time:end:1a476f42:start=1604571157795925179,finish=1604571157807056039,duration=11130860[0Ktravis_fold:end:before_install.7[0Ktravis_fold:start:install.1[0Ktravis_time:start:0bb4bd65[0K$ conda create --yes --quiet -n pychron-test python=2.7
Collecting package metadata (current_repodata.json): ...working... done
Solving environment: ...working... failed with repodata from current_repodata.json, will retry with next repodata source.
Collecting package metadata (repodata.json): ...working... done
Solving environment: ...working... done

## Package Plan ##

  environment location: /home/travis/miniconda2/envs/pychron-test

  added / updated specs:
    - python=2.7


The following NEW packages will be INSTALLED:

  _libgcc_mutex      pkgs/main/linux-64::_libgcc_mutex-0.1-main
  ca-certificates    pkgs/main/linux-64::ca-certificates-2020.10.14-0
  certifi            pkgs/main/noarch::certifi-2020.6.20-pyhd3eb1b0_3
  libedit            pkgs/main/linux-64::libedit-3.1.20191231-h14c3975_1
  libffi             pkgs/main/linux-64::libffi-3.3-he6710b0_2
  libgcc-ng          pkgs/main/linux-64::libgcc-ng-9.1.0-hdf63c60_0
  libstdcxx-ng       pkgs/main/linux-64::libstdcxx-ng-9.1.0-hdf63c60_0
  ncurses            pkgs/main/linux-64::ncurses-6.2-he6710b0_1
  pip                pkgs/main/linux-64::pip-19.3.1-py27_0
  python             pkgs/main/linux-64::python-2.7.18-h15b4118_1
  readline           pkgs/main/linux-64::readline-8.0-h7b6447c_0
  setuptools         pkgs/main/linux-64::setuptools-44.0.0-py27_0
  sqlite             pkgs/main/linux-64::sqlite-3.33.0-h62c20be_0
  tk                 pkgs/main/linux-64::tk-8.6.10-hbc83047_0
  wheel              pkgs/main/noarch::wheel-0.35.1-py_0
  zlib               pkgs/main/linux-64::zlib-1.2.11-h7b6447c_3


Preparing transaction: ...working... done
Verifying transaction: ...working... done
Executing transaction: ...working... done

travis_time:end:0bb4bd65:start=1604571157816814472,finish=1604571178660291217,duration=20843476745[0Ktravis_fold:end:install.1[0Ktravis_fold:start:install.2[0Ktravis_time:start:09693a20[0K$ source activate pychron-test

travis_time:end:09693a20:start=1604571178670978997,finish=1604571178802239321,duration=131260324[0Ktravis_fold:end:install.2[0Ktravis_fold:start:install.3[0Ktravis_time:start:31240776[0K$ conda install --yes qt=4.8.5 pyside statsmodels PyYAML traits pyface traitsui enable chaco xlrd xlwt lxml sqlalchemy apptools
Collecting package metadata (current_repodata.json): ...working... done
Solving environment: ...working... failed with initial frozen solve. Retrying with flexible solve.
Collecting package metadata (repodata.json): ...working... done
Solving environment: ...working... failed with initial frozen solve. Retrying with flexible solve.

PackagesNotFoundError: The following packages are not available from current channels:

  - chaco
  - enable
  - qt=4.8.5
  - pyside

Current channels:

  - https://repo.anaconda.com/pkgs/main/linux-64
  - https://repo.anaconda.com/pkgs/main/noarch
  - https://repo.anaconda.com/pkgs/r/linux-64
  - https://repo.anaconda.com/pkgs/r/noarch

To search for alternate channels that may provide the conda package you're
looking for, navigate to

    https://anaconda.org

and use the search bar at the top of the page.



travis_time:end:31240776:start=1604571178813715609,finish=1604571185811459717,duration=6997744108[0K
[31;1mThe command "conda install --yes qt=4.8.5 pyside statsmodels PyYAML traits pyface traitsui enable chaco xlrd xlwt lxml sqlalchemy apptools" failed and exited with 1 during .[0m

Your build has been stopped.
