travis_fold:start:system_info[0K[33;1mBuild system information[0m
Build language: python
Build group: stable
Build dist: precise
Build id: ''
Job id: ''
[34m[1mBuild image provisioning date and time[0m
Thu Feb  5 15:09:33 UTC 2015
[34m[1mOperating System Details[0m
Distributor ID:	Ubuntu
Description:	Ubuntu 12.04.5 LTS
Release:	12.04
Codename:	precise
[34m[1mLinux Version[0m
3.13.0-29-generic
[34m[1mCookbooks Version[0m
a68419e https://github.com/travis-ci/travis-cookbooks/tree/a68419e
[34m[1mGCC version[0m
gcc (Ubuntu/Linaro 4.6.3-1ubuntu5) 4.6.3
Copyright (C) 2011 Free Software Foundation, Inc.
This is free software; see the source for copying conditions.  There is NO
warranty; not even for MERCHANTABILITY or FITNESS FOR A PARTICULAR PURPOSE.

[34m[1mLLVM version[0m
clang version 3.4 (tags/RELEASE_34/final)
Target: x86_64-unknown-linux-gnu
Thread model: posix
[34m[1mPre-installed Ruby versions[0m
ruby-1.9.3-p551
[34m[1mPre-installed Node.js versions[0m
v0.10.36
[34m[1mPre-installed Go versions[0m
1.4.1
[34m[1mRedis version[0m
redis-server 2.8.19
[34m[1mriak version[0m
2.0.2
[34m[1mMongoDB version[0m
MongoDB 2.4.12
[34m[1mCouchDB version[0m
couchdb 1.6.1
[34m[1mNeo4j version[0m
1.9.4
[34m[1mRabbitMQ Version[0m
3.4.3
[34m[1mElasticSearch version[0m
1.4.0
[34m[1mInstalled Sphinx versions[0m
2.0.10
2.1.9
2.2.6
[34m[1mDefault Sphinx version[0m
2.2.6
[34m[1mInstalled Firefox version[0m
firefox 31.0esr
[34m[1mPhantomJS version[0m
1.9.8
[34m[1mant -version[0m
Apache Ant(TM) version 1.8.2 compiled on December 3 2011
[34m[1mmvn -version[0m
Apache Maven 3.2.5 (12a6b3acb947671f09b81f49094c53f426d8cea1; 2014-12-14T17:29:23+00:00)
Maven home: /usr/local/maven
Java version: 1.7.0_76, vendor: Oracle Corporation
Java home: /usr/lib/jvm/java-7-oracle/jre
Default locale: en_US, platform encoding: ANSI_X3.4-1968
OS name: "linux", version: "3.13.0-29-generic", arch: "amd64", family: "unix"
travis_fold:end:system_info[0K
W: GPG error: http://apt.postgresql.org precise-pgdg Release: The following signatures were invalid: KEYEXPIRED 1562078959
W: Failed to fetch http://ppa.launchpad.net/travis-ci/zero-mq/ubuntu/dists/precise/main/binary-amd64/Packages  403  Forbidden

W: Failed to fetch http://ppa.launchpad.net/travis-ci/zero-mq/ubuntu/dists/precise/main/binary-i386/Packages  403  Forbidden

W: Failed to fetch http://downloads-distro.mongodb.org/repo/debian-sysvinit/dists/dist/10gen/binary-amd64/Packages  Undetermined Error [IP: 52.206.222.245 80]

W: Failed to fetch http://downloads-distro.mongodb.org/repo/debian-sysvinit/dists/dist/10gen/binary-i386/Packages  Undetermined Error [IP: 52.206.222.245 80]

E: Some index files failed to download. They have been ignored, or old ones used instead.
sed: cannot rename /etc/hosts: Device or resource busy
sed: cannot rename /etc/hosts: Device or resource busy
$ cd failed/NMGRL/pychron
travis_time:start:2498906a[0K$ source ~/virtualenv/python2.7/bin/activate

travis_time:end:2498906a:start=1604568320868062579,finish=1604568320877122149,duration=9059570[0K$ python --version
Python 2.7.9
$ pip --version
pip 6.0.7 from /home/travis/virtualenv/python2.7.9/lib/python2.7/site-packages (python 2.7)
travis_fold:start:before_install.1[0Ktravis_time:start:03442554[0K$ wget http://repo.continuum.io/miniconda/Miniconda2-latest-Linux-x86_64.sh -O miniconda.sh
--2020-11-05 09:25:21--  http://repo.continuum.io/miniconda/Miniconda2-latest-Linux-x86_64.sh
Resolving repo.continuum.io (repo.continuum.io)... 104.18.200.79, 104.18.201.79, 2606:4700::6812:c94f, ...
Connecting to repo.continuum.io (repo.continuum.io)|104.18.200.79|:80... connected.
HTTP request sent, awaiting response... 301 Moved Permanently
Location: https://repo.anaconda.com/miniconda/Miniconda2-latest-Linux-x86_64.sh [following]
--2020-11-05 09:25:21--  https://repo.anaconda.com/miniconda/Miniconda2-latest-Linux-x86_64.sh
Resolving repo.anaconda.com (repo.anaconda.com)... 104.16.130.3, 104.16.131.3, 2606:4700::6810:8203, ...
Connecting to repo.anaconda.com (repo.anaconda.com)|104.16.130.3|:443... connected.
HTTP request sent, awaiting response... 200 OK
Length: 51093759 (49M) [application/x-sh]
Saving to: `miniconda.sh'

     0K .......... .......... .......... .......... ..........  0% 26.5M 2s
    50K .......... .......... .......... .......... ..........  0% 7.47M 4s
   100K .......... .......... .......... .......... ..........  0% 8.20M 5s
   150K .......... .......... .......... .......... ..........  0% 92.6M 4s
   200K .......... .......... .......... .......... ..........  0%  114M 3s
   250K .......... .......... .......... .......... ..........  0% 11.3M 3s
   300K .......... .......... .......... .......... ..........  0% 13.6M 3s
   350K .......... .......... .......... .......... ..........  0%  123M 3s
   400K .......... .......... .......... .......... ..........  0% 13.0M 3s
   450K .......... .......... .......... .......... ..........  1% 12.5M 3s
   500K .......... .......... .......... .......... ..........  1% 25.3M 3s
   550K .......... .......... .......... .......... ..........  1% 4.16M 4s
   600K .......... .......... .......... .......... ..........  1%  108M 3s
   650K .......... .......... .......... .......... ..........  1%  109M 3s
   700K .......... .......... .......... .......... ..........  1% 17.0M 3s
   750K .......... .......... .......... .......... ..........  1% 24.9M 3s
   800K .......... .......... .......... .......... ..........  1% 19.8M 3s
   850K .......... .......... .......... .......... ..........  1% 12.8M 3s
   900K .......... .......... .......... .......... ..........  1% 6.13M 3s
   950K .......... .......... .......... .......... ..........  2% 20.9M 3s
  1000K .......... .......... .......... .......... ..........  2% 13.0M 3s
  1050K .......... .......... .......... .......... ..........  2% 25.1M 3s
  1100K .......... .......... .......... .......... ..........  2% 8.49M 3s
  1150K .......... .......... .......... .......... ..........  2% 12.2M 3s
  1200K .......... .......... .......... .......... ..........  2% 19.7M 3s
  1250K .......... .......... .......... .......... ..........  2% 34.9M 3s
  1300K .......... .......... .......... .......... ..........  2% 12.0M 3s
  1350K .......... .......... .......... .......... ..........  2% 8.80M 3s
  1400K .......... .......... .......... .......... ..........  2% 71.7M 3s
  1450K .......... .......... .......... .......... ..........  3% 8.95M 3s
  1500K .......... .......... .......... .......... ..........  3% 62.4M 3s
  1550K .......... .......... .......... .......... ..........  3% 7.90M 3s
  1600K .......... .......... .......... .......... ..........  3%  126M 3s
  1650K .......... .......... .......... .......... ..........  3% 12.9M 3s
  1700K .......... .......... .......... .......... ..........  3% 5.60M 3s
  1750K .......... .......... .......... .......... ..........  3%  107M 3s
  1800K .......... .......... .......... .......... ..........  3%  115M 3s
  1850K .......... .......... .......... .......... ..........  3%  121M 3s
  1900K .......... .......... .......... .......... ..........  3% 14.6M 3s
  1950K .......... .......... .......... .......... ..........  4% 17.6M 3s
  2000K .......... .......... .......... .......... ..........  4% 24.6M 3s
  2050K .......... .......... .......... .......... ..........  4% 19.2M 3s
  2100K .......... .......... .......... .......... ..........  4% 40.0M 3s
  2150K .......... .......... .......... .......... ..........  4% 18.3M 3s
  2200K .......... .......... .......... .......... ..........  4%  109M 3s
  2250K .......... .......... .......... .......... ..........  4%  116M 3s
  2300K .......... .......... .......... .......... ..........  4%  105M 3s
  2350K .......... .......... .......... .......... ..........  4% 36.2M 3s
  2400K .......... .......... .......... .......... ..........  4% 27.8M 3s
  2450K .......... .......... .......... .......... ..........  5% 13.2M 3s
  2500K .......... .......... .......... .......... ..........  5% 95.8M 3s
  2550K .......... .......... .......... .......... ..........  5%  121M 3s
  2600K .......... .......... .......... .......... ..........  5%  116M 3s
  2650K .......... .......... .......... .......... ..........  5%  111M 3s
  2700K .......... .......... .......... .......... ..........  5% 20.3M 3s
  2750K .......... .......... .......... .......... ..........  5%  126M 3s
  2800K .......... .......... .......... .......... ..........  5% 31.6M 3s
  2850K .......... .......... .......... .......... ..........  5% 37.4M 2s
  2900K .......... .......... .......... .......... ..........  5% 32.5M 2s
  2950K .......... .......... .......... .......... ..........  6% 91.8M 2s
  3000K .......... .......... .......... .......... ..........  6% 64.6M 2s
  3050K .......... .......... .......... .......... ..........  6% 40.7M 2s
  3100K .......... .......... .......... .......... ..........  6% 41.2M 2s
  3150K .......... .......... .......... .......... ..........  6% 28.5M 2s
  3200K .......... .......... .......... .......... ..........  6%  123M 2s
  3250K .......... .......... .......... .......... ..........  6% 35.1M 2s
  3300K .......... .......... .......... .......... ..........  6% 34.2M 2s
  3350K .......... .......... .......... .......... ..........  6% 47.1M 2s
  3400K .......... .......... .......... .......... ..........  6% 28.0M 2s
  3450K .......... .......... .......... .......... ..........  7% 21.8M 2s
  3500K .......... .......... .......... .......... ..........  7% 7.26M 2s
  3550K .......... .......... .......... .......... ..........  7%  128M 2s
  3600K .......... .......... .......... .......... ..........  7% 16.1M 2s
  3650K .......... .......... .......... .......... ..........  7% 29.6M 2s
  3700K .......... .......... .......... .......... ..........  7% 6.66M 2s
  3750K .......... .......... .......... .......... ..........  7% 15.5M 2s
  3800K .......... .......... .......... .......... ..........  7%  115M 2s
  3850K .......... .......... .......... .......... ..........  7% 19.4M 2s
  3900K .......... .......... .......... .......... ..........  7% 40.6M 2s
  3950K .......... .......... .......... .......... ..........  8% 16.7M 2s
  4000K .......... .......... .......... .......... ..........  8% 29.7M 2s
  4050K .......... .......... .......... .......... ..........  8% 13.4M 2s
  4100K .......... .......... .......... .......... ..........  8% 6.84M 2s
  4150K .......... .......... .......... .......... ..........  8%  111M 2s
  4200K .......... .......... .......... .......... ..........  8%  118M 2s
  4250K .......... .......... .......... .......... ..........  8%  103M 2s
  4300K .......... .......... .......... .......... ..........  8%  104M 2s
  4350K .......... .......... .......... .......... ..........  8%  131M 2s
  4400K .......... .......... .......... .......... ..........  8%  129M 2s
  4450K .......... .......... .......... .......... ..........  9% 58.7M 2s
  4500K .......... .......... .......... .......... ..........  9% 62.2M 2s
  4550K .......... .......... .......... .......... ..........  9% 38.2M 2s
  4600K .......... .......... .......... .......... ..........  9% 97.5M 2s
  4650K .......... .......... .......... .......... ..........  9% 12.5M 2s
  4700K .......... .......... .......... .......... ..........  9% 28.2M 2s
  4750K .......... .......... .......... .......... ..........  9%  105M 2s
  4800K .......... .......... .......... .......... ..........  9% 40.3M 2s
  4850K .......... .......... .......... .......... ..........  9%  107M 2s
  4900K .......... .......... .......... .......... ..........  9% 58.5M 2s
  4950K .......... .......... .......... .......... .......... 10% 17.9M 2s
  5000K .......... .......... .......... .......... .......... 10%  112M 2s
  5050K .......... .......... .......... .......... .......... 10%  129M 2s
  5100K .......... .......... .......... .......... .......... 10% 12.3M 2s
  5150K .......... .......... .......... .......... .......... 10%  122M 2s
  5200K .......... .......... .......... .......... .......... 10%  121M 2s
  5250K .......... .......... .......... .......... .......... 10%  123M 2s
  5300K .......... .......... .......... .......... .......... 10% 34.9M 2s
  5350K .......... .......... .......... .......... .......... 10% 29.9M 2s
  5400K .......... .......... .......... .......... .......... 10% 33.7M 2s
  5450K .......... .......... .......... .......... .......... 11% 7.31M 2s
  5500K .......... .......... .......... .......... .......... 11% 21.6M 2s
  5550K .......... .......... .......... .......... .......... 11%  108M 2s
  5600K .......... .......... .......... .......... .......... 11% 27.3M 2s
  5650K .......... .......... .......... .......... .......... 11% 8.55M 2s
  5700K .......... .......... .......... .......... .......... 11% 24.4M 2s
  5750K .......... .......... .......... .......... .......... 11% 85.7M 2s
  5800K .......... .......... .......... .......... .......... 11% 7.28M 2s
  5850K .......... .......... .......... .......... .......... 11% 86.6M 2s
  5900K .......... .......... .......... .......... .......... 11% 16.4M 2s
  5950K .......... .......... .......... .......... .......... 12% 20.6M 2s
  6000K .......... .......... .......... .......... .......... 12% 14.1M 2s
  6050K .......... .......... .......... .......... .......... 12% 31.2M 2s
  6100K .......... .......... .......... .......... .......... 12% 26.0M 2s
  6150K .......... .......... .......... .......... .......... 12%  104M 2s
  6200K .......... .......... .......... .......... .......... 12%  111M 2s
  6250K .......... .......... .......... .......... .......... 12% 43.2M 2s
  6300K .......... .......... .......... .......... .......... 12% 25.9M 2s
  6350K .......... .......... .......... .......... .......... 12%  101M 2s
  6400K .......... .......... .......... .......... .......... 12% 35.2M 2s
  6450K .......... .......... .......... .......... .......... 13% 43.4M 2s
  6500K .......... .......... .......... .......... .......... 13% 29.9M 2s
  6550K .......... .......... .......... .......... .......... 13%  116M 2s
  6600K .......... .......... .......... .......... .......... 13% 21.8M 2s
  6650K .......... .......... .......... .......... .......... 13% 62.4M 2s
  6700K .......... .......... .......... .......... .......... 13% 27.8M 2s
  6750K .......... .......... .......... .......... .......... 13% 15.4M 2s
  6800K .......... .......... .......... .......... .......... 13%  135M 2s
  6850K .......... .......... .......... .......... .......... 13%  106M 2s
  6900K .......... .......... .......... .......... .......... 13% 95.1M 2s
  6950K .......... .......... .......... .......... .......... 14% 38.9M 2s
  7000K .......... .......... .......... .......... .......... 14% 24.5M 2s
  7050K .......... .......... .......... .......... .......... 14% 6.26M 2s
  7100K .......... .......... .......... .......... .......... 14% 79.6M 2s
  7150K .......... .......... .......... .......... .......... 14% 81.6M 2s
  7200K .......... .......... .......... .......... .......... 14% 78.4M 2s
  7250K .......... .......... .......... .......... .......... 14%  130M 2s
  7300K .......... .......... .......... .......... .......... 14%  104M 2s
  7350K .......... .......... .......... .......... .......... 14%  127M 2s
  7400K .......... .......... .......... .......... .......... 14%  143M 2s
  7450K .......... .......... .......... .......... .......... 15% 17.6M 2s
  7500K .......... .......... .......... .......... .......... 15% 31.9M 2s
  7550K .......... .......... .......... .......... .......... 15% 21.8M 2s
  7600K .......... .......... .......... .......... .......... 15% 7.55M 2s
  7650K .......... .......... .......... .......... .......... 15% 84.9M 2s
  7700K .......... .......... .......... .......... .......... 15% 13.5M 2s
  7750K .......... .......... .......... .......... .......... 15% 9.06M 2s
  7800K .......... .......... .......... .......... .......... 15% 14.9M 2s
  7850K .......... .......... .......... .......... .......... 15% 45.6M 2s
  7900K .......... .......... .......... .......... .......... 15% 18.8M 2s
  7950K .......... .......... .......... .......... .......... 16% 96.3M 2s
  8000K .......... .......... .......... .......... .......... 16% 33.6M 2s
  8050K .......... .......... .......... .......... .......... 16% 9.69M 2s
  8100K .......... .......... .......... .......... .......... 16% 83.7M 2s
  8150K .......... .......... .......... .......... .......... 16% 17.3M 2s
  8200K .......... .......... .......... .......... .......... 16% 84.8M 2s
  8250K .......... .......... .......... .......... .......... 16% 99.0M 2s
  8300K .......... .......... .......... .......... .......... 16%  117M 2s
  8350K .......... .......... .......... .......... .......... 16%  143M 2s
  8400K .......... .......... .......... .......... .......... 16% 31.8M 2s
  8450K .......... .......... .......... .......... .......... 17% 86.4M 2s
  8500K .......... .......... .......... .......... .......... 17% 11.6M 2s
  8550K .......... .......... .......... .......... .......... 17% 88.5M 2s
  8600K .......... .......... .......... .......... .......... 17% 84.0M 2s
  8650K .......... .......... .......... .......... .......... 17% 64.5M 2s
  8700K .......... .......... .......... .......... .......... 17% 40.4M 2s
  8750K .......... .......... .......... .......... .......... 17% 41.6M 2s
  8800K .......... .......... .......... .......... .......... 17% 43.9M 2s
  8850K .......... .......... .......... .......... .......... 17% 38.5M 2s
  8900K .......... .......... .......... .......... .......... 17% 10.1M 2s
  8950K .......... .......... .......... .......... .......... 18%  106M 2s
  9000K .......... .......... .......... .......... .......... 18% 89.4M 2s
  9050K .......... .......... .......... .......... .......... 18% 88.8M 2s
  9100K .......... .......... .......... .......... .......... 18% 52.2M 2s
  9150K .......... .......... .......... .......... .......... 18% 99.3M 2s
  9200K .......... .......... .......... .......... .......... 18% 23.8M 2s
  9250K .......... .......... .......... .......... .......... 18% 40.3M 2s
  9300K .......... .......... .......... .......... .......... 18% 41.3M 2s
  9350K .......... .......... .......... .......... .......... 18% 11.9M 2s
  9400K .......... .......... .......... .......... .......... 18% 85.6M 2s
  9450K .......... .......... .......... .......... .......... 19% 74.9M 2s
  9500K .......... .......... .......... .......... .......... 19% 21.8M 2s
  9550K .......... .......... .......... .......... .......... 19% 11.9M 2s
  9600K .......... .......... .......... .......... .......... 19% 6.60M 2s
  9650K .......... .......... .......... .......... .......... 19%  120M 2s
  9700K .......... .......... .......... .......... .......... 19% 10.2M 2s
  9750K .......... .......... .......... .......... .......... 19% 9.84M 2s
  9800K .......... .......... .......... .......... .......... 19%  101M 2s
  9850K .......... .......... .......... .......... .......... 19%  132M 2s
  9900K .......... .......... .......... .......... .......... 19% 21.7M 2s
  9950K .......... .......... .......... .......... .......... 20% 9.25M 2s
 10000K .......... .......... .......... .......... .......... 20% 83.4M 2s
 10050K .......... .......... .......... .......... .......... 20%  132M 2s
 10100K .......... .......... .......... .......... .......... 20%  119M 2s
 10150K .......... .......... .......... .......... .......... 20% 37.9M 2s
 10200K .......... .......... .......... .......... .......... 20% 87.6M 2s
 10250K .......... .......... .......... .......... .......... 20% 32.4M 2s
 10300K .......... .......... .......... .......... .......... 20% 36.8M 2s
 10350K .......... .......... .......... .......... .......... 20% 9.21M 2s
 10400K .......... .......... .......... .......... .......... 20% 97.4M 2s
 10450K .......... .......... .......... .......... .......... 21%  128M 2s
 10500K .......... .......... .......... .......... .......... 21% 99.3M 2s
 10550K .......... .......... .......... .......... .......... 21% 45.6M 2s
 10600K .......... .......... .......... .......... .......... 21% 23.4M 2s
 10650K .......... .......... .......... .......... .......... 21% 88.5M 2s
 10700K .......... .......... .......... .......... .......... 21% 41.6M 2s
 10750K .......... .......... .......... .......... .......... 21%  114M 2s
 10800K .......... .......... .......... .......... .......... 21% 76.3M 2s
 10850K .......... .......... .......... .......... .......... 21% 23.2M 2s
 10900K .......... .......... .......... .......... .......... 21% 61.4M 2s
 10950K .......... .......... .......... .......... .......... 22% 39.1M 2s
 11000K .......... .......... .......... .......... .......... 22% 21.7M 2s
 11050K .......... .......... .......... .......... .......... 22%  103M 2s
 11100K .......... .......... .......... .......... .......... 22% 27.9M 2s
 11150K .......... .......... .......... .......... .......... 22% 8.51M 2s
 11200K .......... .......... .......... .......... .......... 22%  116M 2s
 11250K .......... .......... .......... .......... .......... 22%  112M 2s
 11300K .......... .......... .......... .......... .......... 22% 68.4M 2s
 11350K .......... .......... .......... .......... .......... 22% 26.6M 2s
 11400K .......... .......... .......... .......... .......... 22% 39.0M 2s
 11450K .......... .......... .......... .......... .......... 23% 99.1M 2s
 11500K .......... .......... .......... .......... .......... 23% 10.5M 2s
 11550K .......... .......... .......... .......... .......... 23%  104M 2s
 11600K .......... .......... .......... .......... .......... 23% 9.43M 2s
 11650K .......... .......... .......... .......... .......... 23% 90.7M 2s
 11700K .......... .......... .......... .......... .......... 23% 5.72M 2s
 11750K .......... .......... .......... .......... .......... 23% 15.0M 2s
 11800K .......... .......... .......... .......... .......... 23% 73.3M 2s
 11850K .......... .......... .......... .......... .......... 23% 14.9M 2s
 11900K .......... .......... .......... .......... .......... 23% 37.0M 2s
 11950K .......... .......... .......... .......... .......... 24%  118M 2s
 12000K .......... .......... .......... .......... .......... 24%  122M 2s
 12050K .......... .......... .......... .......... .......... 24% 54.8M 2s
 12100K .......... .......... .......... .......... .......... 24% 19.7M 2s
 12150K .......... .......... .......... .......... .......... 24% 12.4M 2s
 12200K .......... .......... .......... .......... .......... 24% 86.7M 2s
 12250K .......... .......... .......... .......... .......... 24%  106M 1s
 12300K .......... .......... .......... .......... .......... 24% 59.3M 1s
 12350K .......... .......... .......... .......... .......... 24%  111M 1s
 12400K .......... .......... .......... .......... .......... 24% 7.91M 1s
 12450K .......... .......... .......... .......... .......... 25%  101M 1s
 12500K .......... .......... .......... .......... .......... 25% 95.4M 1s
 12550K .......... .......... .......... .......... .......... 25% 33.5M 1s
 12600K .......... .......... .......... .......... .......... 25% 81.0M 1s
 12650K .......... .......... .......... .......... .......... 25%  124M 1s
 12700K .......... .......... .......... .......... .......... 25% 26.5M 1s
 12750K .......... .......... .......... .......... .......... 25% 55.0M 1s
 12800K .......... .......... .......... .......... .......... 25% 62.6M 1s
 12850K .......... .......... .......... .......... .......... 25% 30.6M 1s
 12900K .......... .......... .......... .......... .......... 25% 27.2M 1s
 12950K .......... .......... .......... .......... .......... 26% 49.7M 1s
 13000K .......... .......... .......... .......... .......... 26% 23.0M 1s
 13050K .......... .......... .......... .......... .......... 26%  116M 1s
 13100K .......... .......... .......... .......... .......... 26% 33.3M 1s
 13150K .......... .......... .......... .......... .......... 26% 45.8M 1s
 13200K .......... .......... .......... .......... .......... 26% 22.6M 1s
 13250K .......... .......... .......... .......... .......... 26%  101M 1s
 13300K .......... .......... .......... .......... .......... 26% 12.9M 1s
 13350K .......... .......... .......... .......... .......... 26% 17.3M 1s
 13400K .......... .......... .......... .......... .......... 26% 87.6M 1s
 13450K .......... .......... .......... .......... .......... 27% 96.7M 1s
 13500K .......... .......... .......... .......... .......... 27%  117M 1s
 13550K .......... .......... .......... .......... .......... 27% 11.7M 1s
 13600K .......... .......... .......... .......... .......... 27%  120M 1s
 13650K .......... .......... .......... .......... .......... 27% 23.4M 1s
 13700K .......... .......... .......... .......... .......... 27% 8.29M 1s
 13750K .......... .......... .......... .......... .......... 27% 10.7M 1s
 13800K .......... .......... .......... .......... .......... 27% 11.6M 1s
 13850K .......... .......... .......... .......... .......... 27% 59.2M 1s
 13900K .......... .......... .......... .......... .......... 27% 89.7M 1s
 13950K .......... .......... .......... .......... .......... 28% 7.68M 1s
 14000K .......... .......... .......... .......... .......... 28%  102M 1s
 14050K .......... .......... .......... .......... .......... 28%  115M 1s
 14100K .......... .......... .......... .......... .......... 28% 98.4M 1s
 14150K .......... .......... .......... .......... .......... 28% 10.6M 1s
 14200K .......... .......... .......... .......... .......... 28% 82.8M 1s
 14250K .......... .......... .......... .......... .......... 28% 78.1M 1s
 14300K .......... .......... .......... .......... .......... 28% 91.7M 1s
 14350K .......... .......... .......... .......... .......... 28%  112M 1s
 14400K .......... .......... .......... .......... .......... 28% 42.9M 1s
 14450K .......... .......... .......... .......... .......... 29% 16.1M 1s
 14500K .......... .......... .......... .......... .......... 29% 88.6M 1s
 14550K .......... .......... .......... .......... .......... 29% 31.0M 1s
 14600K .......... .......... .......... .......... .......... 29% 28.0M 1s
 14650K .......... .......... .......... .......... .......... 29% 28.5M 1s
 14700K .......... .......... .......... .......... .......... 29% 58.7M 1s
 14750K .......... .......... .......... .......... .......... 29% 33.8M 1s
 14800K .......... .......... .......... .......... .......... 29% 35.1M 1s
 14850K .......... .......... .......... .......... .......... 29% 44.9M 1s
 14900K .......... .......... .......... .......... .......... 29% 9.22M 1s
 14950K .......... .......... .......... .......... .......... 30% 97.8M 1s
 15000K .......... .......... .......... .......... .......... 30% 98.0M 1s
 15050K .......... .......... .......... .......... .......... 30% 10.2M 1s
 15100K .......... .......... .......... .......... .......... 30% 92.0M 1s
 15150K .......... .......... .......... .......... .......... 30%  139M 1s
 15200K .......... .......... .......... .......... .......... 30%  119M 1s
 15250K .......... .......... .......... .......... .......... 30%  128M 1s
 15300K .......... .......... .......... .......... .......... 30% 4.27M 1s
 15350K .......... .......... .......... .......... .......... 30% 85.9M 1s
 15400K .......... .......... .......... .......... .......... 30%  122M 1s
 15450K .......... .......... .......... .......... .......... 31%  121M 1s
 15500K .......... .......... .......... .......... .......... 31% 16.7M 1s
 15550K .......... .......... .......... .......... .......... 31%  107M 1s
 15600K .......... .......... .......... .......... .......... 31%  110M 1s
 15650K .......... .......... .......... .......... .......... 31%  139M 1s
 15700K .......... .......... .......... .......... .......... 31% 94.7M 1s
 15750K .......... .......... .......... .......... .......... 31% 9.62M 1s
 15800K .......... .......... .......... .......... .......... 31% 53.3M 1s
 15850K .......... .......... .......... .......... .......... 31% 14.0M 1s
 15900K .......... .......... .......... .......... .......... 31% 50.5M 1s
 15950K .......... .......... .......... .......... .......... 32% 15.2M 1s
 16000K .......... .......... .......... .......... .......... 32%  107M 1s
 16050K .......... .......... .......... .......... .......... 32% 41.4M 1s
 16100K .......... .......... .......... .......... .......... 32% 13.1M 1s
 16150K .......... .......... .......... .......... .......... 32% 12.6M 1s
 16200K .......... .......... .......... .......... .......... 32%  124M 1s
 16250K .......... .......... .......... .......... .......... 32% 87.5M 1s
 16300K .......... .......... .......... .......... .......... 32% 21.9M 1s
 16350K .......... .......... .......... .......... .......... 32% 73.7M 1s
 16400K .......... .......... .......... .......... .......... 32%  114M 1s
 16450K .......... .......... .......... .......... .......... 33% 40.0M 1s
 16500K .......... .......... .......... .......... .......... 33% 34.0M 1s
 16550K .......... .......... .......... .......... .......... 33% 26.7M 1s
 16600K .......... .......... .......... .......... .......... 33% 34.7M 1s
 16650K .......... .......... .......... .......... .......... 33% 17.4M 1s
 16700K .......... .......... .......... .......... .......... 33% 81.3M 1s
 16750K .......... .......... .......... .......... .......... 33% 52.9M 1s
 16800K .......... .......... .......... .......... .......... 33% 36.8M 1s
 16850K .......... .......... .......... .......... .......... 33% 23.8M 1s
 16900K .......... .......... .......... .......... .......... 33% 44.8M 1s
 16950K .......... .......... .......... .......... .......... 34% 29.4M 1s
 17000K .......... .......... .......... .......... .......... 34% 52.2M 1s
 17050K .......... .......... .......... .......... .......... 34% 14.1M 1s
 17100K .......... .......... .......... .......... .......... 34%  103M 1s
 17150K .......... .......... .......... .......... .......... 34%  152M 1s
 17200K .......... .......... .......... .......... .......... 34% 22.3M 1s
 17250K .......... .......... .......... .......... .......... 34%  110M 1s
 17300K .......... .......... .......... .......... .......... 34%  104M 1s
 17350K .......... .......... .......... .......... .......... 34% 23.5M 1s
 17400K .......... .......... .......... .......... .......... 34%  114M 1s
 17450K .......... .......... .......... .......... .......... 35% 14.7M 1s
 17500K .......... .......... .......... .......... .......... 35% 76.5M 1s
 17550K .......... .......... .......... .......... .......... 35% 17.8M 1s
 17600K .......... .......... .......... .......... .......... 35% 5.97M 1s
 17650K .......... .......... .......... .......... .......... 35% 13.4M 1s
 17700K .......... .......... .......... .......... .......... 35% 93.5M 1s
 17750K .......... .......... .......... .......... .......... 35%  122M 1s
 17800K .......... .......... .......... .......... .......... 35% 11.2M 1s
 17850K .......... .......... .......... .......... .......... 35% 69.3M 1s
 17900K .......... .......... .......... .......... .......... 35% 5.73M 1s
 17950K .......... .......... .......... .......... .......... 36%  116M 1s
 18000K .......... .......... .......... .......... .......... 36%  118M 1s
 18050K .......... .......... .......... .......... .......... 36%  121M 1s
 18100K .......... .......... .......... .......... .......... 36%  103M 1s
 18150K .......... .......... .......... .......... .......... 36% 50.5M 1s
 18200K .......... .......... .......... .......... .......... 36% 28.4M 1s
 18250K .......... .......... .......... .......... .......... 36% 24.9M 1s
 18300K .......... .......... .......... .......... .......... 36% 9.14M 1s
 18350K .......... .......... .......... .......... .......... 36% 86.3M 1s
 18400K .......... .......... .......... .......... .......... 36%  105M 1s
 18450K .......... .......... .......... .......... .......... 37%  125M 1s
 18500K .......... .......... .......... .......... .......... 37% 22.1M 1s
 18550K .......... .......... .......... .......... .......... 37% 94.5M 1s
 18600K .......... .......... .......... .......... .......... 37%  115M 1s
 18650K .......... .......... .......... .......... .......... 37% 62.6M 1s
 18700K .......... .......... .......... .......... .......... 37% 32.8M 1s
 18750K .......... .......... .......... .......... .......... 37% 38.0M 1s
 18800K .......... .......... .......... .......... .......... 37% 40.2M 1s
 18850K .......... .......... .......... .......... .......... 37% 30.2M 1s
 18900K .......... .......... .......... .......... .......... 37% 9.10M 1s
 18950K .......... .......... .......... .......... .......... 38% 99.7M 1s
 19000K .......... .......... .......... .......... .......... 38%  137M 1s
 19050K .......... .......... .......... .......... .......... 38%  104M 1s
 19100K .......... .......... .......... .......... .......... 38%  107M 1s
 19150K .......... .......... .......... .......... .......... 38% 9.04M 1s
 19200K .......... .......... .......... .......... .......... 38% 96.3M 1s
 19250K .......... .......... .......... .......... .......... 38% 97.4M 1s
 19300K .......... .......... .......... .......... .......... 38% 82.4M 1s
 19350K .......... .......... .......... .......... .......... 38%  110M 1s
 19400K .......... .......... .......... .......... .......... 38% 47.1M 1s
 19450K .......... .......... .......... .......... .......... 39% 23.7M 1s
 19500K .......... .......... .......... .......... .......... 39% 10.9M 1s
 19550K .......... .......... .......... .......... .......... 39%  127M 1s
 19600K .......... .......... .......... .......... .......... 39% 3.82M 1s
 19650K .......... .......... .......... .......... .......... 39% 97.8M 1s
 19700K .......... .......... .......... .......... .......... 39% 85.3M 1s
 19750K .......... .......... .......... .......... .......... 39% 99.8M 1s
 19800K .......... .......... .......... .......... .......... 39%  134M 1s
 19850K .......... .......... .......... .......... .......... 39% 10.5M 1s
 19900K .......... .......... .......... .......... .......... 39% 89.3M 1s
 19950K .......... .......... .......... .......... .......... 40% 14.9M 1s
 20000K .......... .......... .......... .......... .......... 40%  116M 1s
 20050K .......... .......... .......... .......... .......... 40%  129M 1s
 20100K .......... .......... .......... .......... .......... 40% 11.8M 1s
 20150K .......... .......... .......... .......... .......... 40% 72.5M 1s
 20200K .......... .......... .......... .......... .......... 40% 58.1M 1s
 20250K .......... .......... .......... .......... .......... 40% 30.5M 1s
 20300K .......... .......... .......... .......... .......... 40% 54.0M 1s
 20350K .......... .......... .......... .......... .......... 40% 34.6M 1s
 20400K .......... .......... .......... .......... .......... 40% 31.3M 1s
 20450K .......... .......... .......... .......... .......... 41% 9.37M 1s
 20500K .......... .......... .......... .......... .......... 41% 77.8M 1s
 20550K .......... .......... .......... .......... .......... 41% 79.1M 1s
 20600K .......... .......... .......... .......... .......... 41%  151M 1s
 20650K .......... .......... .......... .......... .......... 41% 4.36M 1s
 20700K .......... .......... .......... .......... .......... 41%  134M 1s
 20750K .......... .......... .......... .......... .......... 41%  112M 1s
 20800K .......... .......... .......... .......... .......... 41%  113M 1s
 20850K .......... .......... .......... .......... .......... 41%  102M 1s
 20900K .......... .......... .......... .......... .......... 41% 86.4M 1s
 20950K .......... .......... .......... .......... .......... 42%  143M 1s
 21000K .......... .......... .......... .......... .......... 42%  137M 1s
 21050K .......... .......... .......... .......... .......... 42%  124M 1s
 21100K .......... .......... .......... .......... .......... 42%  114M 1s
 21150K .......... .......... .......... .......... .......... 42% 86.0M 1s
 21200K .......... .......... .......... .......... .......... 42%  105M 1s
 21250K .......... .......... .......... .......... .......... 42% 61.7M 1s
 21300K .......... .......... .......... .......... .......... 42% 73.8M 1s
 21350K .......... .......... .......... .......... .......... 42% 13.4M 1s
 21400K .......... .......... .......... .......... .......... 42% 35.8M 1s
 21450K .......... .......... .......... .......... .......... 43% 99.6M 1s
 21500K .......... .......... .......... .......... .......... 43% 77.0M 1s
 21550K .......... .......... .......... .......... .......... 43% 14.9M 1s
 21600K .......... .......... .......... .......... .......... 43% 23.7M 1s
 21650K .......... .......... .......... .......... .......... 43% 6.77M 1s
 21700K .......... .......... .......... .......... .......... 43% 65.3M 1s
 21750K .......... .......... .......... .......... .......... 43% 19.1M 1s
 21800K .......... .......... .......... .......... .......... 43% 19.3M 1s
 21850K .......... .......... .......... .......... .......... 43% 15.7M 1s
 21900K .......... .......... .......... .......... .......... 43% 23.4M 1s
 21950K .......... .......... .......... .......... .......... 44% 26.1M 1s
 22000K .......... .......... .......... .......... .......... 44% 90.0M 1s
 22050K .......... .......... .......... .......... .......... 44% 21.4M 1s
 22100K .......... .......... .......... .......... .......... 44% 18.5M 1s
 22150K .......... .......... .......... .......... .......... 44% 51.9M 1s
 22200K .......... .......... .......... .......... .......... 44% 35.1M 1s
 22250K .......... .......... .......... .......... .......... 44% 15.8M 1s
 22300K .......... .......... .......... .......... .......... 44% 15.8M 1s
 22350K .......... .......... .......... .......... .......... 44% 6.24M 1s
 22400K .......... .......... .......... .......... .......... 44% 99.0M 1s
 22450K .......... .......... .......... .......... .......... 45% 37.8M 1s
 22500K .......... .......... .......... .......... .......... 45% 66.8M 1s
 22550K .......... .......... .......... .......... .......... 45%  131M 1s
 22600K .......... .......... .......... .......... .......... 45%  145M 1s
 22650K .......... .......... .......... .......... .......... 45%  145M 1s
 22700K .......... .......... .......... .......... .......... 45%  136M 1s
 22750K .......... .......... .......... .......... .......... 45%  142M 1s
 22800K .......... .......... .......... .......... .......... 45%  109M 1s
 22850K .......... .......... .......... .......... .......... 45%  122M 1s
 22900K .......... .......... .......... .......... .......... 45% 38.5M 1s
 22950K .......... .......... .......... .......... .......... 46% 11.1M 1s
 23000K .......... .......... .......... .......... .......... 46% 86.1M 1s
 23050K .......... .......... .......... .......... .......... 46% 88.7M 1s
 23100K .......... .......... .......... .......... .......... 46%  125M 1s
 23150K .......... .......... .......... .......... .......... 46% 51.5M 1s
 23200K .......... .......... .......... .......... .......... 46% 11.5M 1s
 23250K .......... .......... .......... .......... .......... 46%  102M 1s
 23300K .......... .......... .......... .......... .......... 46% 15.2M 1s
 23350K .......... .......... .......... .......... .......... 46%  124M 1s
 23400K .......... .......... .......... .......... .......... 46% 24.1M 1s
 23450K .......... .......... .......... .......... .......... 47% 95.0M 1s
 23500K .......... .......... .......... .......... .......... 47% 92.3M 1s
 23550K .......... .......... .......... .......... .......... 47% 45.7M 1s
 23600K .......... .......... .......... .......... .......... 47% 6.76M 1s
 23650K .......... .......... .......... .......... .......... 47%  101M 1s
 23700K .......... .......... .......... .......... .......... 47% 11.9M 1s
 23750K .......... .......... .......... .......... .......... 47% 14.5M 1s
 23800K .......... .......... .......... .......... .......... 47% 9.80M 1s
 23850K .......... .......... .......... .......... .......... 47%  120M 1s
 23900K .......... .......... .......... .......... .......... 47%  114M 1s
 23950K .......... .......... .......... .......... .......... 48% 15.9M 1s
 24000K .......... .......... .......... .......... .......... 48% 14.3M 1s
 24050K .......... .......... .......... .......... .......... 48%  110M 1s
 24100K .......... .......... .......... .......... .......... 48% 91.1M 1s
 24150K .......... .......... .......... .......... .......... 48% 16.7M 1s
 24200K .......... .......... .......... .......... .......... 48% 99.6M 1s
 24250K .......... .......... .......... .......... .......... 48% 8.41M 1s
 24300K .......... .......... .......... .......... .......... 48% 92.5M 1s
 24350K .......... .......... .......... .......... .......... 48% 4.28M 1s
 24400K .......... .......... .......... .......... .......... 49% 84.1M 1s
 24450K .......... .......... .......... .......... .......... 49%  108M 1s
 24500K .......... .......... .......... .......... .......... 49%  103M 1s
 24550K .......... .......... .......... .......... .......... 49%  130M 1s
 24600K .......... .......... .......... .......... .......... 49%  129M 1s
 24650K .......... .......... .......... .......... .......... 49% 6.75M 1s
 24700K .......... .......... .......... .......... .......... 49% 66.6M 1s
 24750K .......... .......... .......... .......... .......... 49% 91.4M 1s
 24800K .......... .......... .......... .......... .......... 49%  115M 1s
 24850K .......... .......... .......... .......... .......... 49%  123M 1s
 24900K .......... .......... .......... .......... .......... 50%  106M 1s
 24950K .......... .......... .......... .......... .......... 50%  128M 1s
 25000K .......... .......... .......... .......... .......... 50%  128M 1s
 25050K .......... .......... .......... .......... .......... 50%  116M 1s
 25100K .......... .......... .......... .......... .......... 50%  131M 1s
 25150K .......... .......... .......... .......... .......... 50% 25.2M 1s
 25200K .......... .......... .......... .......... .......... 50% 12.5M 1s
 25250K .......... .......... .......... .......... .......... 50%  112M 1s
 25300K .......... .......... .......... .......... .......... 50%  108M 1s
 25350K .......... .......... .......... .......... .......... 50% 18.2M 1s
 25400K .......... .......... .......... .......... .......... 51% 95.1M 1s
 25450K .......... .......... .......... .......... .......... 51% 87.5M 1s
 25500K .......... .......... .......... .......... .......... 51% 73.6M 1s
 25550K .......... .......... .......... .......... .......... 51% 20.5M 1s
 25600K .......... .......... .......... .......... .......... 51% 98.4M 1s
 25650K .......... .......... .......... .......... .......... 51% 17.6M 1s
 25700K .......... .......... .......... .......... .......... 51% 16.3M 1s
 25750K .......... .......... .......... .......... .......... 51%  120M 1s
 25800K .......... .......... .......... .......... .......... 51% 25.7M 1s
 25850K .......... .......... .......... .......... .......... 51% 11.5M 1s
 25900K .......... .......... .......... .......... .......... 52% 44.4M 1s
 25950K .......... .......... .......... .......... .......... 52% 84.3M 1s
 26000K .......... .......... .......... .......... .......... 52% 25.2M 1s
 26050K .......... .......... .......... .......... .......... 52% 50.9M 1s
 26100K .......... .......... .......... .......... .......... 52% 17.5M 1s
 26150K .......... .......... .......... .......... .......... 52% 34.3M 1s
 26200K .......... .......... .......... .......... .......... 52% 32.5M 1s
 26250K .......... .......... .......... .......... .......... 52% 18.9M 1s
 26300K .......... .......... .......... .......... .......... 52% 28.7M 1s
 26350K .......... .......... .......... .......... .......... 52% 4.77M 1s
 26400K .......... .......... .......... .......... .......... 53% 77.3M 1s
 26450K .......... .......... .......... .......... .......... 53% 86.9M 1s
 26500K .......... .......... .......... .......... .......... 53% 6.60M 1s
 26550K .......... .......... .......... .......... .......... 53%  101M 1s
 26600K .......... .......... .......... .......... .......... 53% 96.1M 1s
 26650K .......... .......... .......... .......... .......... 53%  112M 1s
 26700K .......... .......... .......... .......... .......... 53%  126M 1s
 26750K .......... .......... .......... .......... .......... 53%  144M 1s
 26800K .......... .......... .......... .......... .......... 53%  135M 1s
 26850K .......... .......... .......... .......... .......... 53%  137M 1s
 26900K .......... .......... .......... .......... .......... 54% 30.2M 1s
 26950K .......... .......... .......... .......... .......... 54% 27.7M 1s
 27000K .......... .......... .......... .......... .......... 54% 77.8M 1s
 27050K .......... .......... .......... .......... .......... 54% 36.4M 1s
 27100K .......... .......... .......... .......... .......... 54% 18.0M 1s
 27150K .......... .......... .......... .......... .......... 54% 20.6M 1s
 27200K .......... .......... .......... .......... .......... 54% 28.6M 1s
 27250K .......... .......... .......... .......... .......... 54% 62.6M 1s
 27300K .......... .......... .......... .......... .......... 54% 42.3M 1s
 27350K .......... .......... .......... .......... .......... 54% 91.7M 1s
 27400K .......... .......... .......... .......... .......... 55% 41.9M 1s
 27450K .......... .......... .......... .......... .......... 55% 40.1M 1s
 27500K .......... .......... .......... .......... .......... 55% 33.6M 1s
 27550K .......... .......... .......... .......... .......... 55% 54.2M 1s
 27600K .......... .......... .......... .......... .......... 55% 8.60M 1s
 27650K .......... .......... .......... .......... .......... 55%  132M 1s
 27700K .......... .......... .......... .......... .......... 55% 2.62M 1s
 27750K .......... .......... .......... .......... .......... 55% 71.5M 1s
 27800K .......... .......... .......... .......... .......... 55% 68.7M 1s
 27850K .......... .......... .......... .......... .......... 55%  130M 1s
 27900K .......... .......... .......... .......... .......... 56%  129M 1s
 27950K .......... .......... .......... .......... .......... 56% 39.1M 1s
 28000K .......... .......... .......... .......... .......... 56% 76.8M 1s
 28050K .......... .......... .......... .......... .......... 56%  141M 1s
 28100K .......... .......... .......... .......... .......... 56%  118M 1s
 28150K .......... .......... .......... .......... .......... 56%  127M 1s
 28200K .......... .......... .......... .......... .......... 56%  121M 1s
 28250K .......... .......... .......... .......... .......... 56%  119M 1s
 28300K .......... .......... .......... .......... .......... 56% 5.50M 1s
 28350K .......... .......... .......... .......... .......... 56% 88.4M 1s
 28400K .......... .......... .......... .......... .......... 57% 88.8M 1s
 28450K .......... .......... .......... .......... .......... 57%  159M 1s
 28500K .......... .......... .......... .......... .......... 57% 9.37M 1s
 28550K .......... .......... .......... .......... .......... 57% 60.9M 1s
 28600K .......... .......... .......... .......... .......... 57% 67.7M 1s
 28650K .......... .......... .......... .......... .......... 57% 7.25M 1s
 28700K .......... .......... .......... .......... .......... 57%  105M 1s
 28750K .......... .......... .......... .......... .......... 57%  109M 1s
 28800K .......... .......... .......... .......... .......... 57%  112M 1s
 28850K .......... .......... .......... .......... .......... 57%  109M 1s
 28900K .......... .......... .......... .......... .......... 58% 97.7M 1s
 28950K .......... .......... .......... .......... .......... 58% 44.5M 1s
 29000K .......... .......... .......... .......... .......... 58% 40.8M 1s
 29050K .......... .......... .......... .......... .......... 58% 82.5M 1s
 29100K .......... .......... .......... .......... .......... 58% 19.7M 1s
 29150K .......... .......... .......... .......... .......... 58%  124M 1s
 29200K .......... .......... .......... .......... .......... 58% 11.6M 1s
 29250K .......... .......... .......... .......... .......... 58%  114M 1s
 29300K .......... .......... .......... .......... .......... 58% 36.7M 1s
 29350K .......... .......... .......... .......... .......... 58% 15.5M 1s
 29400K .......... .......... .......... .......... .......... 59%  114M 1s
 29450K .......... .......... .......... .......... .......... 59%  116M 1s
 29500K .......... .......... .......... .......... .......... 59% 13.7M 1s
 29550K .......... .......... .......... .......... .......... 59% 42.9M 1s
 29600K .......... .......... .......... .......... .......... 59%  118M 1s
 29650K .......... .......... .......... .......... .......... 59%  122M 1s
 29700K .......... .......... .......... .......... .......... 59% 99.4M 1s
 29750K .......... .......... .......... .......... .......... 59% 31.2M 1s
 29800K .......... .......... .......... .......... .......... 59% 33.0M 1s
 29850K .......... .......... .......... .......... .......... 59% 21.0M 1s
 29900K .......... .......... .......... .......... .......... 60% 35.3M 1s
 29950K .......... .......... .......... .......... .......... 60% 10.4M 1s
 30000K .......... .......... .......... .......... .......... 60%  110M 1s
 30050K .......... .......... .......... .......... .......... 60%  113M 1s
 30100K .......... .......... .......... .......... .......... 60% 52.2M 1s
 30150K .......... .......... .......... .......... .......... 60% 23.7M 1s
 30200K .......... .......... .......... .......... .......... 60% 15.2M 1s
 30250K .......... .......... .......... .......... .......... 60% 21.3M 1s
 30300K .......... .......... .......... .......... .......... 60% 5.45M 1s
 30350K .......... .......... .......... .......... .......... 60%  101M 1s
 30400K .......... .......... .......... .......... .......... 61% 26.4M 1s
 30450K .......... .......... .......... .......... .......... 61% 11.9M 1s
 30500K .......... .......... .......... .......... .......... 61% 49.6M 1s
 30550K .......... .......... .......... .......... .......... 61% 37.9M 1s
 30600K .......... .......... .......... .......... .......... 61% 44.7M 1s
 30650K .......... .......... .......... .......... .......... 61% 44.2M 1s
 30700K .......... .......... .......... .......... .......... 61% 14.1M 1s
 30750K .......... .......... .......... .......... .......... 61%  121M 1s
 30800K .......... .......... .......... .......... .......... 61% 14.1M 1s
 30850K .......... .......... .......... .......... .......... 61%  113M 1s
 30900K .......... .......... .......... .......... .......... 62%  102M 1s
 30950K .......... .......... .......... .......... .......... 62%  104M 1s
 31000K .......... .......... .......... .......... .......... 62% 66.0M 1s
 31050K .......... .......... .......... .......... .......... 62% 30.3M 1s
 31100K .......... .......... .......... .......... .......... 62% 36.0M 1s
 31150K .......... .......... .......... .......... .......... 62% 36.2M 1s
 31200K .......... .......... .......... .......... .......... 62% 11.6M 1s
 31250K .......... .......... .......... .......... .......... 62% 8.94M 1s
 31300K .......... .......... .......... .......... .......... 62% 88.9M 1s
 31350K .......... .......... .......... .......... .......... 62%  116M 1s
 31400K .......... .......... .......... .......... .......... 63%  120M 1s
 31450K .......... .......... .......... .......... .......... 63%  111M 1s
 31500K .......... .......... .......... .......... .......... 63% 36.0M 1s
 31550K .......... .......... .......... .......... .......... 63%  129M 1s
 31600K .......... .......... .......... .......... .......... 63% 23.4M 1s
 31650K .......... .......... .......... .......... .......... 63% 45.8M 1s
 31700K .......... .......... .......... .......... .......... 63% 63.0M 1s
 31750K .......... .......... .......... .......... .......... 63% 31.6M 1s
 31800K .......... .......... .......... .......... .......... 63% 30.0M 1s
 31850K .......... .......... .......... .......... .......... 63% 37.9M 1s
 31900K .......... .......... .......... .......... .......... 64%  100M 1s
 31950K .......... .......... .......... .......... .......... 64% 31.1M 1s
 32000K .......... .......... .......... .......... .......... 64% 30.8M 1s
 32050K .......... .......... .......... .......... .......... 64% 15.5M 1s
 32100K .......... .......... .......... .......... .......... 64% 56.8M 1s
 32150K .......... .......... .......... .......... .......... 64% 31.4M 1s
 32200K .......... .......... .......... .......... .......... 64% 11.8M 1s
 32250K .......... .......... .......... .......... .......... 64%  113M 1s
 32300K .......... .......... .......... .......... .......... 64% 5.24M 1s
 32350K .......... .......... .......... .......... .......... 64%  105M 1s
 32400K .......... .......... .......... .......... .......... 65% 34.5M 1s
 32450K .......... .......... .......... .......... .......... 65% 9.86M 1s
 32500K .......... .......... .......... .......... .......... 65% 43.3M 1s
 32550K .......... .......... .......... .......... .......... 65% 9.83M 1s
 32600K .......... .......... .......... .......... .......... 65%  109M 1s
 32650K .......... .......... .......... .......... .......... 65%  116M 1s
 32700K .......... .......... .......... .......... .......... 65%  114M 1s
 32750K .......... .......... .......... .......... .......... 65% 36.7M 1s
 32800K .......... .......... .......... .......... .......... 65% 58.2M 1s
 32850K .......... .......... .......... .......... .......... 65% 55.0M 1s
 32900K .......... .......... .......... .......... .......... 66% 32.1M 1s
 32950K .......... .......... .......... .......... .......... 66% 41.6M 1s
 33000K .......... .......... .......... .......... .......... 66% 38.7M 1s
 33050K .......... .......... .......... .......... .......... 66% 42.1M 1s
 33100K .......... .......... .......... .......... .......... 66% 7.24M 1s
 33150K .......... .......... .......... .......... .......... 66%  125M 1s
 33200K .......... .......... .......... .......... .......... 66%  118M 1s
 33250K .......... .......... .......... .......... .......... 66%  107M 1s
 33300K .......... .......... .......... .......... .......... 66%  112M 1s
 33350K .......... .......... .......... .......... .......... 66%  113M 1s
 33400K .......... .......... .......... .......... .......... 67% 37.5M 1s
 33450K .......... .......... .......... .......... .......... 67% 38.5M 1s
 33500K .......... .......... .......... .......... .......... 67% 10.7M 1s
 33550K .......... .......... .......... .......... .......... 67% 48.2M 1s
 33600K .......... .......... .......... .......... .......... 67% 14.4M 1s
 33650K .......... .......... .......... .......... .......... 67%  124M 1s
 33700K .......... .......... .......... .......... .......... 67% 28.2M 1s
 33750K .......... .......... .......... .......... .......... 67%  119M 1s
 33800K .......... .......... .......... .......... .......... 67% 25.5M 1s
 33850K .......... .......... .......... .......... .......... 67%  115M 1s
 33900K .......... .......... .......... .......... .......... 68% 94.3M 1s
 33950K .......... .......... .......... .......... .......... 68% 60.9M 1s
 34000K .......... .......... .......... .......... .......... 68% 12.1M 1s
 34050K .......... .......... .......... .......... .......... 68% 28.5M 1s
 34100K .......... .......... .......... .......... .......... 68% 3.77M 1s
 34150K .......... .......... .......... .......... .......... 68% 87.2M 1s
 34200K .......... .......... .......... .......... .......... 68%  100M 1s
 34250K .......... .......... .......... .......... .......... 68%  116M 1s
 34300K .......... .......... .......... .......... .......... 68% 52.4M 1s
 34350K .......... .......... .......... .......... .......... 68% 44.1M 1s
 34400K .......... .......... .......... .......... .......... 69% 87.2M 1s
 34450K .......... .......... .......... .......... .......... 69% 7.85M 1s
 34500K .......... .......... .......... .......... .......... 69% 60.1M 1s
 34550K .......... .......... .......... .......... .......... 69% 27.5M 1s
 34600K .......... .......... .......... .......... .......... 69% 16.6M 1s
 34650K .......... .......... .......... .......... .......... 69%  114M 1s
 34700K .......... .......... .......... .......... .......... 69%  106M 1s
 34750K .......... .......... .......... .......... .......... 69% 11.0M 1s
 34800K .......... .......... .......... .......... .......... 69%  115M 1s
 34850K .......... .......... .......... .......... .......... 69% 19.1M 1s
 34900K .......... .......... .......... .......... .......... 70% 96.1M 1s
 34950K .......... .......... .......... .......... .......... 70%  114M 1s
 35000K .......... .......... .......... .......... .......... 70%  124M 1s
 35050K .......... .......... .......... .......... .......... 70% 10.9M 1s
 35100K .......... .......... .......... .......... .......... 70%  107M 1s
 35150K .......... .......... .......... .......... .......... 70%  117M 1s
 35200K .......... .......... .......... .......... .......... 70% 15.0M 1s
 35250K .......... .......... .......... .......... .......... 70%  124M 1s
 35300K .......... .......... .......... .......... .......... 70% 95.2M 1s
 35350K .......... .......... .......... .......... .......... 70% 9.93M 1s
 35400K .......... .......... .......... .......... .......... 71%  113M 1s
 35450K .......... .......... .......... .......... .......... 71%  121M 1s
 35500K .......... .......... .......... .......... .......... 71% 15.3M 1s
 35550K .......... .......... .......... .......... .......... 71%  115M 1s
 35600K .......... .......... .......... .......... .......... 71%  120M 1s
 35650K .......... .......... .......... .......... .......... 71%  121M 1s
 35700K .......... .......... .......... .......... .......... 71% 43.1M 1s
 35750K .......... .......... .......... .......... .......... 71%  116M 1s
 35800K .......... .......... .......... .......... .......... 71% 61.4M 1s
 35850K .......... .......... .......... .......... .......... 71% 10.5M 1s
 35900K .......... .......... .......... .......... .......... 72%  118M 1s
 35950K .......... .......... .......... .......... .......... 72%  114M 1s
 36000K .......... .......... .......... .......... .......... 72% 27.3M 1s
 36050K .......... .......... .......... .......... .......... 72% 67.2M 1s
 36100K .......... .......... .......... .......... .......... 72% 19.2M 1s
 36150K .......... .......... .......... .......... .......... 72% 17.0M 1s
 36200K .......... .......... .......... .......... .......... 72% 31.1M 1s
 36250K .......... .......... .......... .......... .......... 72% 57.8M 0s
 36300K .......... .......... .......... .......... .......... 72% 3.93M 1s
 36350K .......... .......... .......... .......... .......... 72% 93.7M 0s
 36400K .......... .......... .......... .......... .......... 73% 23.4M 0s
 36450K .......... .......... .......... .......... .......... 73% 92.7M 0s
 36500K .......... .......... .......... .......... .......... 73% 19.6M 0s
 36550K .......... .......... .......... .......... .......... 73% 52.4M 0s
 36600K .......... .......... .......... .......... .......... 73% 27.2M 0s
 36650K .......... .......... .......... .......... .......... 73% 15.5M 0s
 36700K .......... .......... .......... .......... .......... 73% 49.1M 0s
 36750K .......... .......... .......... .......... .......... 73%  134M 0s
 36800K .......... .......... .......... .......... .......... 73%  133M 0s
 36850K .......... .......... .......... .......... .......... 73% 34.6M 0s
 36900K .......... .......... .......... .......... .......... 74% 30.1M 0s
 36950K .......... .......... .......... .......... .......... 74% 47.8M 0s
 37000K .......... .......... .......... .......... .......... 74% 32.5M 0s
 37050K .......... .......... .......... .......... .......... 74% 33.6M 0s
 37100K .......... .......... .......... .......... .......... 74% 16.7M 0s
 37150K .......... .......... .......... .......... .......... 74% 48.2M 0s
 37200K .......... .......... .......... .......... .......... 74% 59.0M 0s
 37250K .......... .......... .......... .......... .......... 74% 34.7M 0s
 37300K .......... .......... .......... .......... .......... 74% 18.5M 0s
 37350K .......... .......... .......... .......... .......... 74% 42.9M 0s
 37400K .......... .......... .......... .......... .......... 75%  119M 0s
 37450K .......... .......... .......... .......... .......... 75% 41.9M 0s
 37500K .......... .......... .......... .......... .......... 75% 23.3M 0s
 37550K .......... .......... .......... .......... .......... 75% 30.1M 0s
 37600K .......... .......... .......... .......... .......... 75% 70.0M 0s
 37650K .......... .......... .......... .......... .......... 75% 30.6M 0s
 37700K .......... .......... .......... .......... .......... 75% 9.73M 0s
 37750K .......... .......... .......... .......... .......... 75%  111M 0s
 37800K .......... .......... .......... .......... .......... 75%  116M 0s
 37850K .......... .......... .......... .......... .......... 75%  120M 0s
 37900K .......... .......... .......... .......... .......... 76% 37.8M 0s
 37950K .......... .......... .......... .......... .......... 76% 82.4M 0s
 38000K .......... .......... .......... .......... .......... 76% 20.8M 0s
 38050K .......... .......... .......... .......... .......... 76% 52.6M 0s
 38100K .......... .......... .......... .......... .......... 76% 8.37M 0s
 38150K .......... .......... .......... .......... .......... 76%  121M 0s
 38200K .......... .......... .......... .......... .......... 76% 87.2M 0s
 38250K .......... .......... .......... .......... .......... 76% 5.07M 0s
 38300K .......... .......... .......... .......... .......... 76% 32.6M 0s
 38350K .......... .......... .......... .......... .......... 76% 44.3M 0s
 38400K .......... .......... .......... .......... .......... 77% 6.57M 0s
 38450K .......... .......... .......... .......... .......... 77%  114M 0s
 38500K .......... .......... .......... .......... .......... 77% 82.9M 0s
 38550K .......... .......... .......... .......... .......... 77%  144M 0s
 38600K .......... .......... .......... .......... .......... 77% 43.4M 0s
 38650K .......... .......... .......... .......... .......... 77% 16.3M 0s
 38700K .......... .......... .......... .......... .......... 77% 33.0M 0s
 38750K .......... .......... .......... .......... .......... 77% 35.8M 0s
 38800K .......... .......... .......... .......... .......... 77% 48.7M 0s
 38850K .......... .......... .......... .......... .......... 77% 31.1M 0s
 38900K .......... .......... .......... .......... .......... 78% 65.0M 0s
 38950K .......... .......... .......... .......... .......... 78% 11.6M 0s
 39000K .......... .......... .......... .......... .......... 78% 70.7M 0s
 39050K .......... .......... .......... .......... .......... 78% 88.6M 0s
 39100K .......... .......... .......... .......... .......... 78% 27.1M 0s
 39150K .......... .......... .......... .......... .......... 78% 97.3M 0s
 39200K .......... .......... .......... .......... .......... 78% 45.1M 0s
 39250K .......... .......... .......... .......... .......... 78% 29.7M 0s
 39300K .......... .......... .......... .......... .......... 78% 23.2M 0s
 39350K .......... .......... .......... .......... .......... 78% 85.4M 0s
 39400K .......... .......... .......... .......... .......... 79% 39.6M 0s
 39450K .......... .......... .......... .......... .......... 79% 48.4M 0s
 39500K .......... .......... .......... .......... .......... 79% 8.58M 0s
 39550K .......... .......... .......... .......... .......... 79%  125M 0s
 39600K .......... .......... .......... .......... .......... 79% 92.8M 0s
 39650K .......... .......... .......... .......... .......... 79%  128M 0s
 39700K .......... .......... .......... .......... .......... 79% 22.4M 0s
 39750K .......... .......... .......... .......... .......... 79%  121M 0s
 39800K .......... .......... .......... .......... .......... 79%  114M 0s
 39850K .......... .......... .......... .......... .......... 79% 39.1M 0s
 39900K .......... .......... .......... .......... .......... 80% 46.9M 0s
 39950K .......... .......... .......... .......... .......... 80% 17.7M 0s
 40000K .......... .......... .......... .......... .......... 80% 92.2M 0s
 40050K .......... .......... .......... .......... .......... 80% 13.7M 0s
 40100K .......... .......... .......... .......... .......... 80% 20.6M 0s
 40150K .......... .......... .......... .......... .......... 80% 31.6M 0s
 40200K .......... .......... .......... .......... .......... 80% 17.7M 0s
 40250K .......... .......... .......... .......... .......... 80% 6.59M 0s
 40300K .......... .......... .......... .......... .......... 80% 39.7M 0s
 40350K .......... .......... .......... .......... .......... 80% 42.9M 0s
 40400K .......... .......... .......... .......... .......... 81% 10.3M 0s
 40450K .......... .......... .......... .......... .......... 81% 91.6M 0s
 40500K .......... .......... .......... .......... .......... 81% 35.1M 0s
 40550K .......... .......... .......... .......... .......... 81% 33.9M 0s
 40600K .......... .......... .......... .......... .......... 81% 30.7M 0s
 40650K .......... .......... .......... .......... .......... 81% 13.3M 0s
 40700K .......... .......... .......... .......... .......... 81%  108M 0s
 40750K .......... .......... .......... .......... .......... 81% 32.4M 0s
 40800K .......... .......... .......... .......... .......... 81% 32.9M 0s
 40850K .......... .......... .......... .......... .......... 81% 12.9M 0s
 40900K .......... .......... .......... .......... .......... 82% 75.1M 0s
 40950K .......... .......... .......... .......... .......... 82%  108M 0s
 41000K .......... .......... .......... .......... .......... 82% 91.6M 0s
 41050K .......... .......... .......... .......... .......... 82% 29.5M 0s
 41100K .......... .......... .......... .......... .......... 82% 27.3M 0s
 41150K .......... .......... .......... .......... .......... 82% 13.1M 0s
 41200K .......... .......... .......... .......... .......... 82%  121M 0s
 41250K .......... .......... .......... .......... .......... 82%  121M 0s
 41300K .......... .......... .......... .......... .......... 82% 72.4M 0s
 41350K .......... .......... .......... .......... .......... 82% 38.5M 0s
 41400K .......... .......... .......... .......... .......... 83% 37.9M 0s
 41450K .......... .......... .......... .......... .......... 83% 27.4M 0s
 41500K .......... .......... .......... .......... .......... 83% 79.8M 0s
 41550K .......... .......... .......... .......... .......... 83% 14.3M 0s
 41600K .......... .......... .......... .......... .......... 83% 76.4M 0s
 41650K .......... .......... .......... .......... .......... 83%  123M 0s
 41700K .......... .......... .......... .......... .......... 83% 30.9M 0s
 41750K .......... .......... .......... .......... .......... 83% 36.1M 0s
 41800K .......... .......... .......... .......... .......... 83% 47.4M 0s
 41850K .......... .......... .......... .......... .......... 83% 34.7M 0s
 41900K .......... .......... .......... .......... .......... 84% 34.2M 0s
 41950K .......... .......... .......... .......... .......... 84% 51.7M 0s
 42000K .......... .......... .......... .......... .......... 84% 10.6M 0s
 42050K .......... .......... .......... .......... .......... 84% 50.7M 0s
 42100K .......... .......... .......... .......... .......... 84% 23.1M 0s
 42150K .......... .......... .......... .......... .......... 84% 26.6M 0s
 42200K .......... .......... .......... .......... .......... 84%  124M 0s
 42250K .......... .......... .......... .......... .......... 84% 3.62M 0s
 42300K .......... .......... .......... .......... .......... 84% 10.3M 0s
 42350K .......... .......... .......... .......... .......... 84%  108M 0s
 42400K .......... .......... .......... .......... .......... 85%  127M 0s
 42450K .......... .......... .......... .......... .......... 85%  118M 0s
 42500K .......... .......... .......... .......... .......... 85% 70.4M 0s
 42550K .......... .......... .......... .......... .......... 85% 61.1M 0s
 42600K .......... .......... .......... .......... .......... 85% 14.2M 0s
 42650K .......... .......... .......... .......... .......... 85% 90.2M 0s
 42700K .......... .......... .......... .......... .......... 85% 40.6M 0s
 42750K .......... .......... .......... .......... .......... 85% 45.0M 0s
 42800K .......... .......... .......... .......... .......... 85% 15.1M 0s
 42850K .......... .......... .......... .......... .......... 85% 55.9M 0s
 42900K .......... .......... .......... .......... .......... 86% 86.1M 0s
 42950K .......... .......... .......... .......... .......... 86% 52.4M 0s
 43000K .......... .......... .......... .......... .......... 86% 29.1M 0s
 43050K .......... .......... .......... .......... .......... 86% 16.8M 0s
 43100K .......... .......... .......... .......... .......... 86% 80.7M 0s
 43150K .......... .......... .......... .......... .......... 86% 42.2M 0s
 43200K .......... .......... .......... .......... .......... 86% 44.8M 0s
 43250K .......... .......... .......... .......... .......... 86% 32.5M 0s
 43300K .......... .......... .......... .......... .......... 86% 25.7M 0s
 43350K .......... .......... .......... .......... .......... 86% 50.8M 0s
 43400K .......... .......... .......... .......... .......... 87% 19.7M 0s
 43450K .......... .......... .......... .......... .......... 87%  130M 0s
 43500K .......... .......... .......... .......... .......... 87% 10.0M 0s
 43550K .......... .......... .......... .......... .......... 87%  100M 0s
 43600K .......... .......... .......... .......... .......... 87%  150M 0s
 43650K .......... .......... .......... .......... .......... 87% 67.9M 0s
 43700K .......... .......... .......... .......... .......... 87% 15.5M 0s
 43750K .......... .......... .......... .......... .......... 87%  111M 0s
 43800K .......... .......... .......... .......... .......... 87% 75.5M 0s
 43850K .......... .......... .......... .......... .......... 87% 92.9M 0s
 43900K .......... .......... .......... .......... .......... 88% 28.7M 0s
 43950K .......... .......... .......... .......... .......... 88% 30.3M 0s
 44000K .......... .......... .......... .......... .......... 88% 86.8M 0s
 44050K .......... .......... .......... .......... .......... 88% 16.6M 0s
 44100K .......... .......... .......... .......... .......... 88% 13.9M 0s
 44150K .......... .......... .......... .......... .......... 88% 40.9M 0s
 44200K .......... .......... .......... .......... .......... 88% 5.44M 0s
 44250K .......... .......... .......... .......... .......... 88% 39.5M 0s
 44300K .......... .......... .......... .......... .......... 88% 9.85M 0s
 44350K .......... .......... .......... .......... .......... 88%  113M 0s
 44400K .......... .......... .......... .......... .......... 89% 31.8M 0s
 44450K .......... .......... .......... .......... .......... 89% 59.1M 0s
 44500K .......... .......... .......... .......... .......... 89% 20.4M 0s
 44550K .......... .......... .......... .......... .......... 89% 52.6M 0s
 44600K .......... .......... .......... .......... .......... 89% 19.8M 0s
 44650K .......... .......... .......... .......... .......... 89% 39.8M 0s
 44700K .......... .......... .......... .......... .......... 89% 38.5M 0s
 44750K .......... .......... .......... .......... .......... 89% 9.92M 0s
 44800K .......... .......... .......... .......... .......... 89% 80.3M 0s
 44850K .......... .......... .......... .......... .......... 89%  101M 0s
 44900K .......... .......... .......... .......... .......... 90%  118M 0s
 44950K .......... .......... .......... .......... .......... 90% 60.2M 0s
 45000K .......... .......... .......... .......... .......... 90% 20.7M 0s
 45050K .......... .......... .......... .......... .......... 90% 28.3M 0s
 45100K .......... .......... .......... .......... .......... 90% 56.3M 0s
 45150K .......... .......... .......... .......... .......... 90% 96.2M 0s
 45200K .......... .......... .......... .......... .......... 90% 37.5M 0s
 45250K .......... .......... .......... .......... .......... 90% 42.7M 0s
 45300K .......... .......... .......... .......... .......... 90% 30.4M 0s
 45350K .......... .......... .......... .......... .......... 90% 32.0M 0s
 45400K .......... .......... .......... .......... .......... 91% 42.5M 0s
 45450K .......... .......... .......... .......... .......... 91% 18.7M 0s
 45500K .......... .......... .......... .......... .......... 91% 65.3M 0s
 45550K .......... .......... .......... .......... .......... 91% 29.0M 0s
 45600K .......... .......... .......... .......... .......... 91% 66.5M 0s
 45650K .......... .......... .......... .......... .......... 91% 31.2M 0s
 45700K .......... .......... .......... .......... .......... 91% 32.1M 0s
 45750K .......... .......... .......... .......... .......... 91% 40.0M 0s
 45800K .......... .......... .......... .......... .......... 91% 32.5M 0s
 45850K .......... .......... .......... .......... .......... 91% 43.3M 0s
 45900K .......... .......... .......... .......... .......... 92% 31.5M 0s
 45950K .......... .......... .......... .......... .......... 92% 26.7M 0s
 46000K .......... .......... .......... .......... .......... 92% 30.2M 0s
 46050K .......... .......... .......... .......... .......... 92% 14.1M 0s
 46100K .......... .......... .......... .......... .......... 92% 31.1M 0s
 46150K .......... .......... .......... .......... .......... 92% 22.5M 0s
 46200K .......... .......... .......... .......... .......... 92% 2.69M 0s
 46250K .......... .......... .......... .......... .......... 92% 73.6M 0s
 46300K .......... .......... .......... .......... .......... 92% 65.9M 0s
 46350K .......... .......... .......... .......... .......... 92% 93.0M 0s
 46400K .......... .......... .......... .......... .......... 93%  119M 0s
 46450K .......... .......... .......... .......... .......... 93%  117M 0s
 46500K .......... .......... .......... .......... .......... 93%  100M 0s
 46550K .......... .......... .......... .......... .......... 93%  138M 0s
 46600K .......... .......... .......... .......... .......... 93% 31.0M 0s
 46650K .......... .......... .......... .......... .......... 93% 76.7M 0s
 46700K .......... .......... .......... .......... .......... 93% 31.6M 0s
 46750K .......... .......... .......... .......... .......... 93% 42.8M 0s
 46800K .......... .......... .......... .......... .......... 93% 27.5M 0s
 46850K .......... .......... .......... .......... .......... 93% 14.1M 0s
 46900K .......... .......... .......... .......... .......... 94% 86.0M 0s
 46950K .......... .......... .......... .......... .......... 94% 32.5M 0s
 47000K .......... .......... .......... .......... .......... 94% 87.3M 0s
 47050K .......... .......... .......... .......... .......... 94% 39.1M 0s
 47100K .......... .......... .......... .......... .......... 94% 37.4M 0s
 47150K .......... .......... .......... .......... .......... 94% 14.0M 0s
 47200K .......... .......... .......... .......... .......... 94% 85.9M 0s
 47250K .......... .......... .......... .......... .......... 94% 44.3M 0s
 47300K .......... .......... .......... .......... .......... 94% 78.0M 0s
 47350K .......... .......... .......... .......... .......... 94% 49.1M 0s
 47400K .......... .......... .......... .......... .......... 95% 35.4M 0s
 47450K .......... .......... .......... .......... .......... 95% 16.7M 0s
 47500K .......... .......... .......... .......... .......... 95% 96.9M 0s
 47550K .......... .......... .......... .......... .......... 95% 46.1M 0s
 47600K .......... .......... .......... .......... .......... 95% 28.0M 0s
 47650K .......... .......... .......... .......... .......... 95% 52.1M 0s
 47700K .......... .......... .......... .......... .......... 95% 32.1M 0s
 47750K .......... .......... .......... .......... .......... 95% 32.6M 0s
 47800K .......... .......... .......... .......... .......... 95% 42.0M 0s
 47850K .......... .......... .......... .......... .......... 95% 9.26M 0s
 47900K .......... .......... .......... .......... .......... 96% 73.8M 0s
 47950K .......... .......... .......... .......... .......... 96% 80.4M 0s
 48000K .......... .......... .......... .......... .......... 96%  147M 0s
 48050K .......... .......... .......... .......... .......... 96% 21.6M 0s
 48100K .......... .......... .......... .......... .......... 96% 21.7M 0s
 48150K .......... .......... .......... .......... .......... 96%  119M 0s
 48200K .......... .......... .......... .......... .......... 96% 4.84M 0s
 48250K .......... .......... .......... .......... .......... 96% 8.85M 0s
 48300K .......... .......... .......... .......... .......... 96% 81.0M 0s
 48350K .......... .......... .......... .......... .......... 97% 82.2M 0s
 48400K .......... .......... .......... .......... .......... 97% 11.4M 0s
 48450K .......... .......... .......... .......... .......... 97%  115M 0s
 48500K .......... .......... .......... .......... .......... 97% 98.0M 0s
 48550K .......... .......... .......... .......... .......... 97%  104M 0s
 48600K .......... .......... .......... .......... .......... 97% 10.7M 0s
 48650K .......... .......... .......... .......... .......... 97% 91.0M 0s
 48700K .......... .......... .......... .......... .......... 97%  114M 0s
 48750K .......... .......... .......... .......... .......... 97% 8.50M 0s
 48800K .......... .......... .......... .......... .......... 97%  125M 0s
 48850K .......... .......... .......... .......... .......... 98%  106M 0s
 48900K .......... .......... .......... .......... .......... 98% 92.4M 0s
 48950K .......... .......... .......... .......... .......... 98% 17.1M 0s
 49000K .......... .......... .......... .......... .......... 98%  102M 0s
 49050K .......... .......... .......... .......... .......... 98%  105M 0s
 49100K .......... .......... .......... .......... .......... 98%  118M 0s
 49150K .......... .......... .......... .......... .......... 98% 67.9M 0s
 49200K .......... .......... .......... .......... .......... 98% 33.1M 0s
 49250K .......... .......... .......... .......... .......... 98% 50.2M 0s
 49300K .......... .......... .......... .......... .......... 98% 30.7M 0s
 49350K .......... .......... .......... .......... .......... 99% 28.1M 0s
 49400K .......... .......... .......... .......... .......... 99% 63.8M 0s
 49450K .......... .......... .......... .......... .......... 99% 13.4M 0s
 49500K .......... .......... .......... .......... .......... 99%  120M 0s
 49550K .......... .......... .......... .......... .......... 99% 22.1M 0s
 49600K .......... .......... .......... .......... .......... 99%  116M 0s
 49650K .......... .......... .......... .......... .......... 99% 47.7M 0s
 49700K .......... .......... .......... .......... .......... 99% 27.5M 0s
 49750K .......... .......... .......... .......... .......... 99% 27.7M 0s
 49800K .......... .......... .......... .......... .......... 99% 39.6M 0s
 49850K .......... .......... .......... .......... ......    100%  128M=1.8s

2020-11-05 09:25:23 (26.9 MB/s) - `miniconda.sh' saved [51093759/51093759]


travis_time:end:03442554:start=1604568321246733262,finish=1604568323507404224,duration=2260670962[0Ktravis_fold:end:before_install.1[0Ktravis_fold:start:before_install.2[0Ktravis_time:start:06101a10[0K$ chmod +x miniconda.sh

travis_time:end:06101a10:start=1604568323518352904,finish=1604568323528796595,duration=10443691[0Ktravis_fold:end:before_install.2[0Ktravis_fold:start:before_install.3[0Ktravis_time:start:053424be[0K$ ./miniconda.sh -b
PREFIX=/home/travis/miniconda2
Unpacking payload ...
  0%|          | 0/37 [00:00<?, ?it/s]Extracting : python-2.7.18-h15b4118_1.conda:   0%|          | 0/37 [00:00<?, ?it/s]Extracting : python-2.7.18-h15b4118_1.conda:   3%|▎         | 1/37 [00:00<00:18,  1.90it/s]Extracting : _libgcc_mutex-0.1-main.conda:   3%|▎         | 1/37 [00:00<00:18,  1.90it/s]  Extracting : ca-certificates-2020.1.1-0.conda:   5%|▌         | 2/37 [00:00<00:18,  1.90it/s]Extracting : libstdcxx-ng-9.1.0-hdf63c60_0.conda:   8%|▊         | 3/37 [00:00<00:17,  1.90it/s]Extracting : libgcc-ng-9.1.0-hdf63c60_0.conda:  11%|█         | 4/37 [00:00<00:17,  1.90it/s]   Extracting : libffi-3.3-he6710b0_1.conda:  14%|█▎        | 5/37 [00:00<00:16,  1.90it/s]     Extracting : ncurses-6.2-he6710b0_1.conda:  16%|█▌        | 6/37 [00:00<00:16,  1.90it/s]Extracting : openssl-1.1.1g-h7b6447c_0.conda:  19%|█▉        | 7/37 [00:00<00:15,  1.90it/s]Extracting : yaml-0.1.7-had09818_2.conda:  22%|██▏       | 8/37 [00:00<00:15,  1.90it/s]    Extracting : zlib-1.2.11-h7b6447c_3.conda:  24%|██▍       | 9/37 [00:00<00:14,  1.90it/s]Extracting : libedit-3.1.20181209-hc058e9b_0.conda:  27%|██▋       | 10/37 [00:00<00:14,  1.90it/s]Extracting : readline-8.0-h7b6447c_0.conda:  30%|██▉       | 11/37 [00:00<00:13,  1.90it/s]        Extracting : tk-8.6.8-hbc83047_0.conda:  32%|███▏      | 12/37 [00:00<00:13,  1.90it/s]    Extracting : sqlite-3.31.1-h62c20be_1.conda:  35%|███▌      | 13/37 [00:00<00:12,  1.90it/s]Extracting : asn1crypto-1.3.0-py27_0.conda:  38%|███▊      | 14/37 [00:00<00:12,  1.90it/s] Extracting : certifi-2019.11.28-py27_0.conda:  41%|████      | 15/37 [00:00<00:11,  1.90it/s]Extracting : chardet-3.0.4-py27_1003.conda:  43%|████▎     | 16/37 [00:00<00:11,  1.90it/s]  Extracting : enum34-1.1.6-py27_1.conda:  46%|████▌     | 17/37 [00:00<00:10,  1.90it/s]    Extracting : futures-3.3.0-py27_0.conda:  49%|████▊     | 18/37 [00:00<00:10,  1.90it/s]Extracting : idna-2.8-py27_0.conda:  51%|█████▏    | 19/37 [00:00<00:09,  1.90it/s]     Extracting : ipaddress-1.0.23-py_0.conda:  54%|█████▍    | 20/37 [00:00<00:08,  1.90it/s]Extracting : pycosat-0.6.3-py27h7b6447c_0.conda:  57%|█████▋    | 21/37 [00:00<00:08,  1.90it/s]Extracting : pycparser-2.20-py_0.conda:  59%|█████▉    | 22/37 [00:00<00:07,  1.90it/s]         Extracting : pysocks-1.7.1-py27_0.conda:  62%|██████▏   | 23/37 [00:00<00:07,  1.90it/s]Extracting : ruamel_yaml-0.15.87-py27h7b6447c_0.conda:  65%|██████▍   | 24/37 [00:00<00:06,  1.90it/s]Extracting : six-1.13.0-py27_0.conda:  68%|██████▊   | 25/37 [00:00<00:06,  1.90it/s]                 Extracting : tqdm-4.46.0-py_0.conda:  70%|███████   | 26/37 [00:00<00:05,  1.90it/s] Extracting : cffi-1.14.0-py27he30daa8_1.conda:  73%|███████▎  | 27/37 [00:00<00:05,  1.90it/s]Extracting : conda-package-handling-1.6.0-py27h7b6447c_0.conda:  76%|███████▌  | 28/37 [00:00<00:04,  1.90it/s]Extracting : setuptools-44.0.0-py27_0.conda:  78%|███████▊  | 29/37 [00:00<00:04,  1.90it/s]                   Extracting : cryptography-2.8-py27h1ba5d50_0.conda:  81%|████████  | 30/37 [00:00<00:03,  1.90it/s]Extracting : wheel-0.33.6-py27_0.conda:  84%|████████▍ | 31/37 [00:00<00:03,  1.90it/s]            Extracting : pip-19.3.1-py27_0.conda:  86%|████████▋ | 32/37 [00:00<00:02,  1.90it/s]  Extracting : pyopenssl-19.1.0-py27_0.conda:  89%|████████▉ | 33/37 [00:00<00:02,  1.90it/s]Extracting : urllib3-1.25.7-py27_0.conda:  92%|█████████▏| 34/37 [00:00<00:01,  1.90it/s]  Extracting : requests-2.22.0-py27_1.conda:  95%|█████████▍| 35/37 [00:00<00:01,  1.90it/s]Extracting : conda-4.8.3-py27_0.tar.bz2:  97%|█████████▋| 36/37 [00:00<00:00,  1.90it/s]  Extracting : conda-4.8.3-py27_0.tar.bz2: 100%|██████████| 37/37 [00:00<00:00,  2.70it/s]                                                                                        Collecting package metadata (current_repodata.json): ...working... done
Solving environment: ...working... done

## Package Plan ##

  environment location: /home/travis/miniconda2

  added / updated specs:
    - _libgcc_mutex==0.1=main
    - asn1crypto==1.3.0=py27_0
    - ca-certificates==2020.1.1=0
    - certifi==2019.11.28=py27_0
    - cffi==1.14.0=py27he30daa8_1
    - chardet==3.0.4=py27_1003
    - conda-package-handling==1.6.0=py27h7b6447c_0
    - conda==4.8.3=py27_0
    - cryptography==2.8=py27h1ba5d50_0
    - enum34==1.1.6=py27_1
    - futures==3.3.0=py27_0
    - idna==2.8=py27_0
    - ipaddress==1.0.23=py_0
    - libedit==3.1.20181209=hc058e9b_0
    - libffi==3.3=he6710b0_1
    - libgcc-ng==9.1.0=hdf63c60_0
    - libstdcxx-ng==9.1.0=hdf63c60_0
    - ncurses==6.2=he6710b0_1
    - openssl==1.1.1g=h7b6447c_0
    - pip==19.3.1=py27_0
    - pycosat==0.6.3=py27h7b6447c_0
    - pycparser==2.20=py_0
    - pyopenssl==19.1.0=py27_0
    - pysocks==1.7.1=py27_0
    - python==2.7.18=h15b4118_1
    - readline==8.0=h7b6447c_0
    - requests==2.22.0=py27_1
    - ruamel_yaml==0.15.87=py27h7b6447c_0
    - setuptools==44.0.0=py27_0
    - six==1.13.0=py27_0
    - sqlite==3.31.1=h62c20be_1
    - tk==8.6.8=hbc83047_0
    - tqdm==4.46.0=py_0
    - urllib3==1.25.7=py27_0
    - wheel==0.33.6=py27_0
    - yaml==0.1.7=had09818_2
    - zlib==1.2.11=h7b6447c_3


The following NEW packages will be INSTALLED:

  _libgcc_mutex      pkgs/main/linux-64::_libgcc_mutex-0.1-main
  asn1crypto         pkgs/main/linux-64::asn1crypto-1.3.0-py27_0
  ca-certificates    pkgs/main/linux-64::ca-certificates-2020.1.1-0
  certifi            pkgs/main/linux-64::certifi-2019.11.28-py27_0
  cffi               pkgs/main/linux-64::cffi-1.14.0-py27he30daa8_1
  chardet            pkgs/main/linux-64::chardet-3.0.4-py27_1003
  conda              pkgs/main/linux-64::conda-4.8.3-py27_0
  conda-package-han~ pkgs/main/linux-64::conda-package-handling-1.6.0-py27h7b6447c_0
  cryptography       pkgs/main/linux-64::cryptography-2.8-py27h1ba5d50_0
  enum34             pkgs/main/linux-64::enum34-1.1.6-py27_1
  futures            pkgs/main/linux-64::futures-3.3.0-py27_0
  idna               pkgs/main/linux-64::idna-2.8-py27_0
  ipaddress          pkgs/main/noarch::ipaddress-1.0.23-py_0
  libedit            pkgs/main/linux-64::libedit-3.1.20181209-hc058e9b_0
  libffi             pkgs/main/linux-64::libffi-3.3-he6710b0_1
  libgcc-ng          pkgs/main/linux-64::libgcc-ng-9.1.0-hdf63c60_0
  libstdcxx-ng       pkgs/main/linux-64::libstdcxx-ng-9.1.0-hdf63c60_0
  ncurses            pkgs/main/linux-64::ncurses-6.2-he6710b0_1
  openssl            pkgs/main/linux-64::openssl-1.1.1g-h7b6447c_0
  pip                pkgs/main/linux-64::pip-19.3.1-py27_0
  pycosat            pkgs/main/linux-64::pycosat-0.6.3-py27h7b6447c_0
  pycparser          pkgs/main/noarch::pycparser-2.20-py_0
  pyopenssl          pkgs/main/linux-64::pyopenssl-19.1.0-py27_0
  pysocks            pkgs/main/linux-64::pysocks-1.7.1-py27_0
  python             pkgs/main/linux-64::python-2.7.18-h15b4118_1
  readline           pkgs/main/linux-64::readline-8.0-h7b6447c_0
  requests           pkgs/main/linux-64::requests-2.22.0-py27_1
  ruamel_yaml        pkgs/main/linux-64::ruamel_yaml-0.15.87-py27h7b6447c_0
  setuptools         pkgs/main/linux-64::setuptools-44.0.0-py27_0
  six                pkgs/main/linux-64::six-1.13.0-py27_0
  sqlite             pkgs/main/linux-64::sqlite-3.31.1-h62c20be_1
  tk                 pkgs/main/linux-64::tk-8.6.8-hbc83047_0
  tqdm               pkgs/main/noarch::tqdm-4.46.0-py_0
  urllib3            pkgs/main/linux-64::urllib3-1.25.7-py27_0
  wheel              pkgs/main/linux-64::wheel-0.33.6-py27_0
  yaml               pkgs/main/linux-64::yaml-0.1.7-had09818_2
  zlib               pkgs/main/linux-64::zlib-1.2.11-h7b6447c_3


Preparing transaction: ...working... done
Executing transaction: ...working... done
installation finished.

travis_time:end:053424be:start=1604568323539615785,finish=1604568334674629472,duration=11135013687[0Ktravis_fold:end:before_install.3[0Ktravis_fold:start:before_install.4[0Ktravis_time:start:01268f0f[0K$ export PATH=/home/travis/miniconda2/bin:$PATH

travis_time:end:01268f0f:start=1604568334685907893,finish=1604568334695057291,duration=9149398[0Ktravis_fold:end:before_install.4[0Ktravis_fold:start:before_install.5[0Ktravis_time:start:176f6b2f[0K$ conda update --yes --quiet conda
Collecting package metadata (current_repodata.json): ...working... done
Solving environment: ...working... done

## Package Plan ##

  environment location: /home/travis/miniconda2

  added / updated specs:
    - conda


The following packages will be downloaded:

    package                    |            build
    ---------------------------|-----------------
    asn1crypto-1.4.0           |             py_0          80 KB
    ca-certificates-2020.10.14 |                0         121 KB
    certifi-2020.6.20          |     pyhd3eb1b0_3         155 KB
    idna-2.10                  |             py_0          50 KB
    libedit-3.1.20191231       |       h14c3975_1         116 KB
    libffi-3.3                 |       he6710b0_2          50 KB
    openssl-1.1.1h             |       h7b6447c_0         2.5 MB
    pycparser-2.20             |             py_2          94 KB
    pyopenssl-19.1.0           |             py_1          48 KB
    requests-2.24.0            |             py_0          56 KB
    six-1.15.0                 |             py_0          13 KB
    sqlite-3.33.0              |       h62c20be_0         1.1 MB
    tk-8.6.10                  |       hbc83047_0         3.0 MB
    tqdm-4.50.2                |             py_0          56 KB
    wheel-0.35.1               |             py_0          37 KB
    ------------------------------------------------------------
                                           Total:         7.5 MB

The following packages will be UPDATED:

  asn1crypto         pkgs/main/linux-64::asn1crypto-1.3.0-~ --> pkgs/main/noarch::asn1crypto-1.4.0-py_0
  ca-certificates                                2020.1.1-0 --> 2020.10.14-0
  certifi            pkgs/main/linux-64::certifi-2019.11.2~ --> pkgs/main/noarch::certifi-2020.6.20-pyhd3eb1b0_3
  idna                  pkgs/main/linux-64::idna-2.8-py27_0 --> pkgs/main/noarch::idna-2.10-py_0
  libedit                           3.1.20181209-hc058e9b_0 --> 3.1.20191231-h14c3975_1
  libffi                                     3.3-he6710b0_1 --> 3.3-he6710b0_2
  openssl                                 1.1.1g-h7b6447c_0 --> 1.1.1h-h7b6447c_0
  pycparser                                       2.20-py_0 --> 2.20-py_2
  pyopenssl          pkgs/main/linux-64::pyopenssl-19.1.0-~ --> pkgs/main/noarch::pyopenssl-19.1.0-py_1
  requests           pkgs/main/linux-64::requests-2.22.0-p~ --> pkgs/main/noarch::requests-2.24.0-py_0
  six                 pkgs/main/linux-64::six-1.13.0-py27_0 --> pkgs/main/noarch::six-1.15.0-py_0
  sqlite                                  3.31.1-h62c20be_1 --> 3.33.0-h62c20be_0
  tk                                       8.6.8-hbc83047_0 --> 8.6.10-hbc83047_0
  tqdm                                          4.46.0-py_0 --> 4.50.2-py_0
  wheel              pkgs/main/linux-64::wheel-0.33.6-py27~ --> pkgs/main/noarch::wheel-0.35.1-py_0


Preparing transaction: ...working... done
Verifying transaction: ...working... done
Executing transaction: ...working... done

travis_time:end:176f6b2f:start=1604568334704790252,finish=1604568348630206215,duration=13925415963[0Ktravis_fold:end:before_install.5[0Ktravis_fold:start:before_install.6[0Ktravis_time:start:22320b66[0K$ export DISPLAY=:99.0

travis_time:end:22320b66:start=1604568348641954493,finish=1604568348651161070,duration=9206577[0Ktravis_fold:end:before_install.6[0Ktravis_fold:start:before_install.7[0Ktravis_time:start:1fb81800[0K$ sh -e /etc/init.d/xvfb start
Starting virtual X frame buffer: Xvfb.

travis_time:end:1fb81800:start=1604568348662751606,finish=1604568348675182992,duration=12431386[0Ktravis_fold:end:before_install.7[0Ktravis_fold:start:install.1[0Ktravis_time:start:00cb32f0[0K$ conda create --yes --quiet -n pychron-test python=2.7
Collecting package metadata (current_repodata.json): ...working... done
Solving environment: ...working... failed with repodata from current_repodata.json, will retry with next repodata source.
Collecting package metadata (repodata.json): ...working... done
Solving environment: ...working... done

## Package Plan ##

  environment location: /home/travis/miniconda2/envs/pychron-test

  added / updated specs:
    - python=2.7


The following NEW packages will be INSTALLED:

  _libgcc_mutex      pkgs/main/linux-64::_libgcc_mutex-0.1-main
  ca-certificates    pkgs/main/linux-64::ca-certificates-2020.10.14-0
  certifi            pkgs/main/noarch::certifi-2020.6.20-pyhd3eb1b0_3
  libedit            pkgs/main/linux-64::libedit-3.1.20191231-h14c3975_1
  libffi             pkgs/main/linux-64::libffi-3.3-he6710b0_2
  libgcc-ng          pkgs/main/linux-64::libgcc-ng-9.1.0-hdf63c60_0
  libstdcxx-ng       pkgs/main/linux-64::libstdcxx-ng-9.1.0-hdf63c60_0
  ncurses            pkgs/main/linux-64::ncurses-6.2-he6710b0_1
  pip                pkgs/main/linux-64::pip-19.3.1-py27_0
  python             pkgs/main/linux-64::python-2.7.18-h15b4118_1
  readline           pkgs/main/linux-64::readline-8.0-h7b6447c_0
  setuptools         pkgs/main/linux-64::setuptools-44.0.0-py27_0
  sqlite             pkgs/main/linux-64::sqlite-3.33.0-h62c20be_0
  tk                 pkgs/main/linux-64::tk-8.6.10-hbc83047_0
  wheel              pkgs/main/noarch::wheel-0.35.1-py_0
  zlib               pkgs/main/linux-64::zlib-1.2.11-h7b6447c_3


Preparing transaction: ...working... done
Verifying transaction: ...working... done
Executing transaction: ...working... done

travis_time:end:00cb32f0:start=1604568348686774510,finish=1604568369669885444,duration=20983110934[0Ktravis_fold:end:install.1[0Ktravis_fold:start:install.2[0Ktravis_time:start:063dbd35[0K$ source activate pychron-test

travis_time:end:063dbd35:start=1604568369680618054,finish=1604568369809154016,duration=128535962[0Ktravis_fold:end:install.2[0Ktravis_fold:start:install.3[0Ktravis_time:start:309ee5fc[0K$ conda install --yes qt=4.8.5 pyside statsmodels PyYAML traits pyface traitsui enable chaco xlrd xlwt lxml sqlalchemy apptools
Collecting package metadata (current_repodata.json): ...working... done
Solving environment: ...working... failed with initial frozen solve. Retrying with flexible solve.
Collecting package metadata (repodata.json): ...working... done
Solving environment: ...working... failed with initial frozen solve. Retrying with flexible solve.

PackagesNotFoundError: The following packages are not available from current channels:

  - chaco
  - enable
  - qt=4.8.5
  - pyside

Current channels:

  - https://repo.anaconda.com/pkgs/main/linux-64
  - https://repo.anaconda.com/pkgs/main/noarch
  - https://repo.anaconda.com/pkgs/r/linux-64
  - https://repo.anaconda.com/pkgs/r/noarch

To search for alternate channels that may provide the conda package you're
looking for, navigate to

    https://anaconda.org

and use the search bar at the top of the page.



travis_time:end:309ee5fc:start=1604568369819736921,finish=1604568377544722851,duration=7724985930[0K
[31;1mThe command "conda install --yes qt=4.8.5 pyside statsmodels PyYAML traits pyface traitsui enable chaco xlrd xlwt lxml sqlalchemy apptools" failed and exited with 1 during .[0m

Your build has been stopped.
