travis_fold:start:system_info[0K[33;1mBuild system information[0m
Build language: python
Build group: stable
Build dist: precise
Build id: ''
Job id: ''
[34m[1mBuild image provisioning date and time[0m
Thu Feb  5 15:09:33 UTC 2015
[34m[1mOperating System Details[0m
Distributor ID:	Ubuntu
Description:	Ubuntu 12.04.5 LTS
Release:	12.04
Codename:	precise
[34m[1mLinux Version[0m
3.13.0-29-generic
[34m[1mCookbooks Version[0m
a68419e https://github.com/travis-ci/travis-cookbooks/tree/a68419e
[34m[1mGCC version[0m
gcc (Ubuntu/Linaro 4.6.3-1ubuntu5) 4.6.3
Copyright (C) 2011 Free Software Foundation, Inc.
This is free software; see the source for copying conditions.  There is NO
warranty; not even for MERCHANTABILITY or FITNESS FOR A PARTICULAR PURPOSE.

[34m[1mLLVM version[0m
clang version 3.4 (tags/RELEASE_34/final)
Target: x86_64-unknown-linux-gnu
Thread model: posix
[34m[1mPre-installed Ruby versions[0m
ruby-1.9.3-p551
[34m[1mPre-installed Node.js versions[0m
v0.10.36
[34m[1mPre-installed Go versions[0m
1.4.1
[34m[1mRedis version[0m
redis-server 2.8.19
[34m[1mriak version[0m
2.0.2
[34m[1mMongoDB version[0m
MongoDB 2.4.12
[34m[1mCouchDB version[0m
couchdb 1.6.1
[34m[1mNeo4j version[0m
1.9.4
[34m[1mRabbitMQ Version[0m
3.4.3
[34m[1mElasticSearch version[0m
1.4.0
[34m[1mInstalled Sphinx versions[0m
2.0.10
2.1.9
2.2.6
[34m[1mDefault Sphinx version[0m
2.2.6
[34m[1mInstalled Firefox version[0m
firefox 31.0esr
[34m[1mPhantomJS version[0m
1.9.8
[34m[1mant -version[0m
Apache Ant(TM) version 1.8.2 compiled on December 3 2011
[34m[1mmvn -version[0m
Apache Maven 3.2.5 (12a6b3acb947671f09b81f49094c53f426d8cea1; 2014-12-14T17:29:23+00:00)
Maven home: /usr/local/maven
Java version: 1.7.0_76, vendor: Oracle Corporation
Java home: /usr/lib/jvm/java-7-oracle/jre
Default locale: en_US, platform encoding: ANSI_X3.4-1968
OS name: "linux", version: "3.13.0-29-generic", arch: "amd64", family: "unix"
travis_fold:end:system_info[0K
grep: /etc/apt/sources.list.d/*: No such file or directory
sed: cannot rename /etc/hosts: Device or resource busy
sed: cannot rename /etc/hosts: Device or resource busy
$ cd failed/wbond/package_control_channel
travis_time:start:122dc1f9[0K$ source ~/virtualenv/python3.3/bin/activate

travis_time:end:122dc1f9:start=1604713377907226611,finish=1604713377918101131,duration=10874520[0K$ python --version
Python 3.3.5
$ pip --version
pip 6.0.7 from /home/travis/virtualenv/python3.3.5/lib/python3.3/site-packages (python 3.3)
Could not locate requirements.txt. Override the install: key in your .travis.yml to install dependencies.
travis_time:start:00a54d0d[0K$ python -m unittest
...................................................................................................................................................................................................................................................................................................................................................................................................................................................................................................................................................................................................................................................................................................................................................................................................................................................................................................................................................................................................................................................................................................................................................................................................................................................................................................................................................................................................................................................................................................................................................................................................................................................................................................................................................................................................................................................................................................................................................................................................................................................................................................................................................................................................................................................................................................................................................................................................................................................................................................................................................................................................................................................................................................................................................................................................................................................................................................................................................................................................................................................................................................................................................................................................................................................................................................................................................................................................................................................................................................................................................................................................................................................................................................................................................................................................................................................................................................................................................................................................................................................................................................................................................................................................................................................................................................................................................................................................................................................................................................................................................................................................................................................................................................................................................................................................................................................................................................................................................................................................................................................................................................................................................................................................................................................................................................................................................................................................................................................................................................................................................................................................................................................................................................................................................................................................................................................................................................................................................................................................................................................................................................................................................................................................................................................................................................................................................................................................................................................................................................................................................................................................................................................................................................................................................................................................................................................................................................................................................................................................................................................................................................................................................................................................................................................................................F..................
======================================================================
FAIL: test_repository_package_names('./repository/h.json', ...) (tests.test.DefaultRepositoryTests)
----------------------------------------------------------------------
Traceback (most recent call last):
  File "/home/travis/build/failed/wbond/package_control_channel/tests/test.py", line 100, in wrapper
    return method(self, *params)
  File "/home/travis/build/failed/wbond/package_control_channel/tests/test.py", line 271, in _test_repository_package_names
    "Packages must be sorted alphabetically (by name)")
AssertionError: Lists differ: ['Hacker News', 'Hacker News R... != ['Hacker News', 'Hacker News R...

First differing element 39:
Hide Sidebar When Not Focussed
Hide Menu

  ['Hacker News',
   'Hacker News Reader',
   'Hackerlime',
   'HackerRankHelper',
   'HackerTyper',
   'Hacklang Typechecker and Autocompletion',
   'Haml',
   'Hamlbars',
   'Hamlpy',
   'Hammer Color Scheme',
   'Hammer for Mac Snippets',
   'Handlebars',
   'HaoGist',
   'haoide',
   'HapoItak',
   'Harmonious Color Schemes',
   'Haroopad Markdown',
   'Harper Color Scheme',
   'Harvey',
   'Hasher',
   'Hashids',
   'haskellbuddy',
   'Haxe',
   'haxelang',
   'Hayaku - tools for writing CSS faster',
   'HDLProject',
   'Header Creator',
   'Helios',
   'Help',
   'Hex to HSL Color Converter',
   'Hex to RGB Converter',
   'Hex-Bin System',
   'Hex-to-RGBA',
   'hexcode',
   'hextoASCII',
   'HexViewer',
   'hg4subl',
   'HgCommitMsg',
   'Hide Files',
+  'Hide Menu',
   'Hide Sidebar When Not Focussed',
-  'Hide Menu',
   'Hide Tabs',
   'Highlight',
   'Highlight Build Errors',
   'Highlight Dodgy Chars',
   'Highlight Whitespaces',
   'HighlightDuplicates',
   'Highlighter',
   'HighlightWords',
   'Hipster Ipsum',
   'HIVE Log File',
   'HiveHint',
   'HiveOpener',
   'Hjson',
   'HL7',
   'hlsl',
   'HMMM',
   'HOCON Syntax Highlighting',
   'Hogan Build',
   'Hologram Doc Snippet',
   'Homebrew-formula-syntax',
   'HoogleSearch',
   'Hookblime',
   'Hooks',
   'Hoon Syntax Highlighting',
   'Hope',
   'Hopscotch Color Scheme',
   'Horizontal Scroll',
   'Hosts',
   'HostsEdit',
   'Hot Dog Stand',
   'Hound Search',
   'How Do I Code Search',
   'How2',
   'howdoi',
   'HSP',
   'HTML (C#)',
   'HTML Boilerplate',
   'HTML Compressor',
   'HTML Email Snippets',
   'HTML Export',
   'HTML Extended',
   'HTML Head Snippets',
   'HTML Minifier',
   'HTML Mustache',
   'HTML Nest Comments',
   'HTML Page Snippets',
   'HTML Snippets',
   'HTML Typographer',
   'HTML Underscore Syntax',
   'html-compress-and-replace',
   'html-crush-switch',
   'HTML-CSS-JS Prettify',
   'HTML2Haml',
   'HTML2Jade',
   'HTML2Slim',
   'HTML2Text',
   'HTML5',
   'HTML5 Doctor CSS Reset snippet',
   'HTMLAttributes',
   'HTMLBeautify',
   'HTMLEntity Snippets',
   'HtmlTidy',
   'Http Requester',
   'HTTP Response Headers Snippets',
   'HTTP Spec Syntax',
   'HttpStatusCode',
   'Huely Palette Extractor',
   'Hugofy',
   'Hungry Backspace',
   'Hybris Impex Syntax',
   'Hyle',
   'Hyojun.couch-bootstrap Snippets',
   'Hyperion for gettext',
   'Hyperloop EJS',
   'Hypertext Typographer',
   'HypnotoadSVN'] : Packages must be sorted alphabetically (by name)

----------------------------------------------------------------------
Ran 7014 tests in 0.386s

FAILED (failures=1)

travis_time:end:00a54d0d:start=1604713378287479613,finish=1604713379510702872,duration=1223223259[0K
[31;1mThe command "python -m unittest" exited with 1.[0m

Done. Your build exited with 1.
