travis_fold:start:system_info[0K[33;1mBuild system information[0m
Build language: python
Build id: ''
Job id: ''
[34m[1mBuild image provisioning date and time[0m
Thu Feb  5 15:09:33 UTC 2015
[34m[1mOperating System Details[0m
Distributor ID:	Ubuntu
Description:	Ubuntu 12.04.5 LTS
Release:	12.04
Codename:	precise
[34m[1mLinux Version[0m
3.13.0-29-generic
[34m[1mCookbooks Version[0m
a68419e https://github.com/travis-ci/travis-cookbooks/tree/a68419e
[34m[1mGCC version[0m
gcc (Ubuntu/Linaro 4.6.3-1ubuntu5) 4.6.3
Copyright (C) 2011 Free Software Foundation, Inc.
This is free software; see the source for copying conditions.  There is NO
warranty; not even for MERCHANTABILITY or FITNESS FOR A PARTICULAR PURPOSE.

[34m[1mLLVM version[0m
clang version 3.4 (tags/RELEASE_34/final)
Target: x86_64-unknown-linux-gnu
Thread model: posix
[34m[1mPre-installed Ruby versions[0m
ruby-1.9.3-p551
[34m[1mPre-installed Node.js versions[0m
v0.10.36
[34m[1mPre-installed Go versions[0m
1.4.1
[34m[1mRedis version[0m
redis-server 2.8.19
[34m[1mriak version[0m
2.0.2
[34m[1mMongoDB version[0m
MongoDB 2.4.12
[34m[1mCouchDB version[0m
couchdb 1.6.1
[34m[1mNeo4j version[0m
1.9.4
[34m[1mRabbitMQ Version[0m
3.4.3
[34m[1mElasticSearch version[0m
1.4.0
[34m[1mInstalled Sphinx versions[0m
2.0.10
2.1.9
2.2.6
[34m[1mDefault Sphinx version[0m
2.2.6
[34m[1mInstalled Firefox version[0m
firefox 31.0esr
[34m[1mPhantomJS version[0m
1.9.8
[34m[1mant -version[0m
Apache Ant(TM) version 1.8.2 compiled on December 3 2011
[34m[1mmvn -version[0m
Apache Maven 3.2.5 (12a6b3acb947671f09b81f49094c53f426d8cea1; 2014-12-14T17:29:23+00:00)
Maven home: /usr/local/maven
Java version: 1.7.0_76, vendor: Oracle Corporation
Java home: /usr/lib/jvm/java-7-oracle/jre
Default locale: en_US, platform encoding: ANSI_X3.4-1968
OS name: "linux", version: "3.13.0-29-generic", arch: "amd64", family: "unix"
travis_fold:end:system_info[0K
grep: /etc/apt/sources.list.d/*: No such file or directory
sed: cannot rename /etc/hosts: Device or resource busy
sed: cannot rename /etc/hosts: Device or resource busy
$ cd passed/ccnmtl/dmt
travis_fold:start:install_firefox[0K$ export FIREFOX_SOURCE_URL='https://download.mozilla.org/?product=firefox-28.0&lang=en-US&os=linux64'
[33;1mInstalling Firefox 28.0[0m
travis_time:start:19e835ea[0K$ wget -O /tmp/firefox-28.0.tar.bz2 $FIREFOX_SOURCE_URL
--2020-10-31 03:34:56--  https://download.mozilla.org/?product=firefox-28.0&lang=en-US&os=linux64
Resolving download.mozilla.org (download.mozilla.org)... 52.43.219.221, 35.160.143.80, 44.238.14.206
Connecting to download.mozilla.org (download.mozilla.org)|52.43.219.221|:443... connected.
HTTP request sent, awaiting response... 302 Found
Location: https://download-installer.cdn.mozilla.net/pub/firefox/releases/28.0/linux-x86_64/en-US/firefox-28.0.tar.bz2 [following]
--2020-10-31 03:34:56--  https://download-installer.cdn.mozilla.net/pub/firefox/releases/28.0/linux-x86_64/en-US/firefox-28.0.tar.bz2
Resolving download-installer.cdn.mozilla.net (download-installer.cdn.mozilla.net)... 13.224.26.58, 2600:9000:2164:1c00:e:19d6:1546:5981, 2600:9000:2164:c000:e:19d6:1546:5981, ...
Connecting to download-installer.cdn.mozilla.net (download-installer.cdn.mozilla.net)|13.224.26.58|:443... connected.
HTTP request sent, awaiting response... 200 OK
Length: 30503247 (29M) [application/x-tar]
Saving to: `/tmp/firefox-28.0.tar.bz2'

     0K .......... .......... .......... .......... ..........  0% 1.56M 19s
    50K .......... .......... .......... .......... ..........  0% 1.96M 17s
   100K .......... .......... .......... .......... ..........  0%  980K 21s
   150K .......... .......... .......... .......... ..........  0% 7.35M 17s
   200K .......... .......... .......... .......... ..........  0% 6.05M 14s
   250K .......... .......... .......... .......... ..........  1% 5.98M 13s
   300K .......... .......... .......... .......... ..........  1%  942K 15s
   350K .......... .......... .......... .......... ..........  1% 44.4M 14s
   400K .......... .......... .......... .......... ..........  1% 18.5M 12s
   450K .......... .......... .......... .......... ..........  1% 3.46M 12s
   500K .......... .......... .......... .......... ..........  1% 17.6M 11s
   550K .......... .......... .......... .......... ..........  2% 18.4M 10s
   600K .......... .......... .......... .......... ..........  2% 15.3M 9s
   650K .......... .......... .......... .......... ..........  2% 18.6M 9s
   700K .......... .......... .......... .......... ..........  2% 18.6M 8s
   750K .......... .......... .......... .......... ..........  2% 19.6M 8s
   800K .......... .......... .......... .......... ..........  2% 11.3M 8s
   850K .......... .......... .......... .......... ..........  3% 23.9M 7s
   900K .......... .......... .......... .......... ..........  3% 23.5M 7s
   950K .......... .......... .......... .......... ..........  3% 23.3M 7s
  1000K .......... .......... .......... .......... ..........  3% 33.2M 6s
  1050K .......... .......... .......... .......... ..........  3% 21.1M 6s
  1100K .......... .......... .......... .......... ..........  3% 22.1M 6s
  1150K .......... .......... .......... .......... ..........  4% 31.7M 6s
  1200K .......... .......... .......... .......... ..........  4% 22.7M 5s
  1250K .......... .......... .......... .......... ..........  4% 42.1M 5s
  1300K .......... .......... .......... .......... ..........  4% 25.3M 5s
  1350K .......... .......... .......... .......... ..........  4% 39.4M 5s
  1400K .......... .......... .......... .......... ..........  4% 32.3M 5s
  1450K .......... .......... .......... .......... ..........  5% 48.9M 5s
  1500K .......... .......... .......... .......... ..........  5% 74.6M 4s
  1550K .......... .......... .......... .......... ..........  5% 41.7M 4s
  1600K .......... .......... .......... .......... ..........  5% 45.8M 4s
  1650K .......... .......... .......... .......... ..........  5% 46.5M 4s
  1700K .......... .......... .......... .......... ..........  5% 52.7M 4s
  1750K .......... .......... .......... .......... ..........  6% 78.3M 4s
  1800K .......... .......... .......... .......... ..........  6% 47.9M 4s
  1850K .......... .......... .......... .......... ..........  6% 48.4M 4s
  1900K .......... .......... .......... .......... ..........  6% 50.2M 4s
  1950K .......... .......... .......... .......... ..........  6% 45.4M 4s
  2000K .......... .......... .......... .......... ..........  6%  124M 3s
  2050K .......... .......... .......... .......... ..........  7% 49.7M 3s
  2100K .......... .......... .......... .......... ..........  7% 57.3M 3s
  2150K .......... .......... .......... .......... ..........  7% 49.4M 3s
  2200K .......... .......... .......... .......... ..........  7%  121M 3s
  2250K .......... .......... .......... .......... ..........  7% 55.3M 3s
  2300K .......... .......... .......... .......... ..........  7% 56.7M 3s
  2350K .......... .......... .......... .......... ..........  8% 51.7M 3s
  2400K .......... .......... .......... .......... ..........  8% 62.8M 3s
  2450K .......... .......... .......... .......... ..........  8%  120M 3s
  2500K .......... .......... .......... .......... ..........  8% 57.1M 3s
  2550K .......... .......... .......... .......... ..........  8% 60.5M 3s
  2600K .......... .......... .......... .......... ..........  8% 65.8M 3s
  2650K .......... .......... .......... .......... ..........  9%  110M 3s
  2700K .......... .......... .......... .......... ..........  9% 65.4M 3s
  2750K .......... .......... .......... .......... ..........  9% 61.3M 3s
  2800K .......... .......... .......... .......... ..........  9% 68.4M 3s
  2850K .......... .......... .......... .......... ..........  9% 77.2M 2s
  2900K .......... .......... .......... .......... ..........  9% 84.7M 2s
  2950K .......... .......... .......... .......... .......... 10% 98.7M 2s
  3000K .......... .......... .......... .......... .......... 10% 75.9M 2s
  3050K .......... .......... .......... .......... .......... 10% 87.8M 2s
  3100K .......... .......... .......... .......... .......... 10% 88.6M 2s
  3150K .......... .......... .......... .......... .......... 10%  121M 2s
  3200K .......... .......... .......... .......... .......... 10% 77.9M 2s
  3250K .......... .......... .......... .......... .......... 11% 99.3M 2s
  3300K .......... .......... .......... .......... .......... 11% 88.4M 2s
  3350K .......... .......... .......... .......... .......... 11%  112M 2s
  3400K .......... .......... .......... .......... .......... 11%  105M 2s
  3450K .......... .......... .......... .......... .......... 11%  110M 2s
  3500K .......... .......... .......... .......... .......... 11% 99.4M 2s
  3550K .......... .......... .......... .......... .......... 12%  116M 2s
  3600K .......... .......... .......... .......... .......... 12% 95.1M 2s
  3650K .......... .......... .......... .......... .......... 12%  119M 2s
  3700K .......... .......... .......... .......... .......... 12%  109M 2s
  3750K .......... .......... .......... .......... .......... 12%  122M 2s
  3800K .......... .......... .......... .......... .......... 12%  114M 2s
  3850K .......... .......... .......... .......... .......... 13%  107M 2s
  3900K .......... .......... .......... .......... .......... 13%  121M 2s
  3950K .......... .......... .......... .......... .......... 13%  109M 2s
  4000K .......... .......... .......... .......... .......... 13% 93.9M 2s
  4050K .......... .......... .......... .......... .......... 13%  121M 2s
  4100K .......... .......... .......... .......... .......... 13%  122M 2s
  4150K .......... .......... .......... .......... .......... 14%  108M 2s
  4200K .......... .......... .......... .......... .......... 14%  107M 2s
  4250K .......... .......... .......... .......... .......... 14%  113M 2s
  4300K .......... .......... .......... .......... .......... 14%  112M 2s
  4350K .......... .......... .......... .......... .......... 14%  129M 2s
  4400K .......... .......... .......... .......... .......... 14% 86.6M 2s
  4450K .......... .......... .......... .......... .......... 15%  129M 2s
  4500K .......... .......... .......... .......... .......... 15%  113M 2s
  4550K .......... .......... .......... .......... .......... 15%  114M 2s
  4600K .......... .......... .......... .......... .......... 15%  104M 2s
  4650K .......... .......... .......... .......... .......... 15%  126M 2s
  4700K .......... .......... .......... .......... .......... 15%  114M 1s
  4750K .......... .......... .......... .......... .......... 16%  116M 1s
  4800K .......... .......... .......... .......... .......... 16% 91.3M 1s
  4850K .......... .......... .......... .......... .......... 16%  112M 1s
  4900K .......... .......... .......... .......... .......... 16%  129M 1s
  4950K .......... .......... .......... .......... .......... 16%  109M 1s
  5000K .......... .......... .......... .......... .......... 16%  109M 1s
  5050K .......... .......... .......... .......... .......... 17%  116M 1s
  5100K .......... .......... .......... .......... .......... 17%  124M 1s
  5150K .......... .......... .......... .......... .......... 17%  117M 1s
  5200K .......... .......... .......... .......... .......... 17% 93.5M 1s
  5250K .......... .......... .......... .......... .......... 17%  112M 1s
  5300K .......... .......... .......... .......... .......... 17%  113M 1s
  5350K .......... .......... .......... .......... .......... 18%  112M 1s
  5400K .......... .......... .......... .......... .......... 18%  122M 1s
  5450K .......... .......... .......... .......... .......... 18%  107M 1s
  5500K .......... .......... .......... .......... .......... 18%  133M 1s
  5550K .......... .......... .......... .......... .......... 18%  104M 1s
  5600K .......... .......... .......... .......... .......... 18% 94.1M 1s
  5650K .......... .......... .......... .......... .......... 19%  122M 1s
  5700K .......... .......... .......... .......... .......... 19%  108M 1s
  5750K .......... .......... .......... .......... .......... 19%  122M 1s
  5800K .......... .......... .......... .......... .......... 19%  101M 1s
  5850K .......... .......... .......... .......... .......... 19%  123M 1s
  5900K .......... .......... .......... .......... .......... 19%  122M 1s
  5950K .......... .......... .......... .......... .......... 20%  107M 1s
  6000K .......... .......... .......... .......... .......... 20%  102M 1s
  6050K .......... .......... .......... .......... .......... 20%  111M 1s
  6100K .......... .......... .......... .......... .......... 20%  115M 1s
  6150K .......... .......... .......... .......... .......... 20%  111M 1s
  6200K .......... .......... .......... .......... .......... 20%  105M 1s
  6250K .......... .......... .......... .......... .......... 21%  126M 1s
  6300K .......... .......... .......... .......... .......... 21%  119M 1s
  6350K .......... .......... .......... .......... .......... 21%  112M 1s
  6400K .......... .......... .......... .......... .......... 21% 92.2M 1s
  6450K .......... .......... .......... .......... .......... 21% 89.2M 1s
  6500K .......... .......... .......... .......... .......... 21% 51.0M 1s
  6550K .......... .......... .......... .......... .......... 22% 44.5M 1s
  6600K .......... .......... .......... .......... .......... 22% 64.9M 1s
  6650K .......... .......... .......... .......... .......... 22% 29.7M 1s
  6700K .......... .......... .......... .......... .......... 22%  122M 1s
  6750K .......... .......... .......... .......... .......... 22%  112M 1s
  6800K .......... .......... .......... .......... .......... 22% 70.1M 1s
  6850K .......... .......... .......... .......... .......... 23% 27.1M 1s
  6900K .......... .......... .......... .......... .......... 23%  120M 1s
  6950K .......... .......... .......... .......... .......... 23%  106M 1s
  7000K .......... .......... .......... .......... .......... 23%  114M 1s
  7050K .......... .......... .......... .......... .......... 23%  112M 1s
  7100K .......... .......... .......... .......... .......... 24%  114M 1s
  7150K .......... .......... .......... .......... .......... 24%  131M 1s
  7200K .......... .......... .......... .......... .......... 24% 85.1M 1s
  7250K .......... .......... .......... .......... .......... 24%  127M 1s
  7300K .......... .......... .......... .......... .......... 24%  115M 1s
  7350K .......... .......... .......... .......... .......... 24% 56.5M 1s
  7400K .......... .......... .......... .......... .......... 25%  115M 1s
  7450K .......... .......... .......... .......... .......... 25% 78.7M 1s
  7500K .......... .......... .......... .......... .......... 25% 52.6M 1s
  7550K .......... .......... .......... .......... .......... 25%  113M 1s
  7600K .......... .......... .......... .......... .......... 25% 93.1M 1s
  7650K .......... .......... .......... .......... .......... 25%  123M 1s
  7700K .......... .......... .......... .......... .......... 26%  107M 1s
  7750K .......... .......... .......... .......... .......... 26%  121M 1s
  7800K .......... .......... .......... .......... .......... 26%  102M 1s
  7850K .......... .......... .......... .......... .......... 26%  121M 1s
  7900K .......... .......... .......... .......... .......... 26%  121M 1s
  7950K .......... .......... .......... .......... .......... 26%  112M 1s
  8000K .......... .......... .......... .......... .......... 27% 92.9M 1s
  8050K .......... .......... .......... .......... .......... 27%  121M 1s
  8100K .......... .......... .......... .......... .......... 27%  127M 1s
  8150K .......... .......... .......... .......... .......... 27%  107M 1s
  8200K .......... .......... .......... .......... .......... 27%  106M 1s
  8250K .......... .......... .......... .......... .......... 27%  113M 1s
  8300K .......... .......... .......... .......... .......... 28%  114M 1s
  8350K .......... .......... .......... .......... .......... 28%  127M 1s
  8400K .......... .......... .......... .......... .......... 28% 87.2M 1s
  8450K .......... .......... .......... .......... .......... 28%  112M 1s
  8500K .......... .......... .......... .......... .......... 28%  125M 1s
  8550K .......... .......... .......... .......... .......... 28%  114M 1s
  8600K .......... .......... .......... .......... .......... 29%  118M 1s
  8650K .......... .......... .......... .......... .......... 29%  114M 1s
  8700K .......... .......... .......... .......... .......... 29%  116M 1s
  8750K .......... .......... .......... .......... .......... 29% 77.8M 1s
  8800K .......... .......... .......... .......... .......... 29% 39.8M 1s
  8850K .......... .......... .......... .......... .......... 29% 37.1M 1s
  8900K .......... .......... .......... .......... .......... 30% 24.8M 1s
  8950K .......... .......... .......... .......... .......... 30% 33.3M 1s
  9000K .......... .......... .......... .......... .......... 30% 45.8M 1s
  9050K .......... .......... .......... .......... .......... 30% 20.6M 1s
  9100K .......... .......... .......... .......... .......... 30%  128M 1s
  9150K .......... .......... .......... .......... .......... 30%  119M 1s
  9200K .......... .......... .......... .......... .......... 31% 39.3M 1s
  9250K .......... .......... .......... .......... .......... 31%  108M 1s
  9300K .......... .......... .......... .......... .......... 31% 70.1M 1s
  9350K .......... .......... .......... .......... .......... 31% 86.3M 1s
  9400K .......... .......... .......... .......... .......... 31% 47.5M 1s
  9450K .......... .......... .......... .......... .......... 31%  121M 1s
  9500K .......... .......... .......... .......... .......... 32%  109M 1s
  9550K .......... .......... .......... .......... .......... 32%  118M 1s
  9600K .......... .......... .......... .......... .......... 32% 88.6M 1s
  9650K .......... .......... .......... .......... .......... 32%  115M 1s
  9700K .......... .......... .......... .......... .......... 32%  127M 1s
  9750K .......... .......... .......... .......... .......... 32%  113M 1s
  9800K .......... .......... .......... .......... .......... 33%  106M 1s
  9850K .......... .......... .......... .......... .......... 33%  113M 1s
  9900K .......... .......... .......... .......... .......... 33%  115M 1s
  9950K .......... .......... .......... .......... .......... 33%  125M 1s
 10000K .......... .......... .......... .......... .......... 33% 89.2M 1s
 10050K .......... .......... .......... .......... .......... 33%  117M 1s
 10100K .......... .......... .......... .......... .......... 34%  104M 1s
 10150K .......... .......... .......... .......... .......... 34%  116M 1s
 10200K .......... .......... .......... .......... .......... 34%  122M 1s
 10250K .......... .......... .......... .......... .......... 34%  119M 1s
 10300K .......... .......... .......... .......... .......... 34%  110M 1s
 10350K .......... .......... .......... .......... .......... 34% 91.1M 1s
 10400K .......... .......... .......... .......... .......... 35% 29.5M 1s
 10450K .......... .......... .......... .......... .......... 35%  113M 1s
 10500K .......... .......... .......... .......... .......... 35%  113M 1s
 10550K .......... .......... .......... .......... .......... 35%  113M 1s
 10600K .......... .......... .......... .......... .......... 35%  108M 1s
 10650K .......... .......... .......... .......... .......... 35%  127M 1s
 10700K .......... .......... .......... .......... .......... 36%  114M 1s
 10750K .......... .......... .......... .......... .......... 36% 16.9M 1s
 10800K .......... .......... .......... .......... .......... 36% 91.0M 1s
 10850K .......... .......... .......... .......... .......... 36%  121M 1s
 10900K .......... .......... .......... .......... .......... 36%  124M 1s
 10950K .......... .......... .......... .......... .......... 36%  108M 1s
 11000K .......... .......... .......... .......... .......... 37%  116M 1s
 11050K .......... .......... .......... .......... .......... 37%  115M 1s
 11100K .......... .......... .......... .......... .......... 37%  111M 1s
 11150K .......... .......... .......... .......... .......... 37%  120M 1s
 11200K .......... .......... .......... .......... .......... 37% 94.0M 1s
 11250K .......... .......... .......... .......... .......... 37% 25.5M 1s
 11300K .......... .......... .......... .......... .......... 38%  111M 1s
 11350K .......... .......... .......... .......... .......... 38%  115M 1s
 11400K .......... .......... .......... .......... .......... 38%  109M 1s
 11450K .......... .......... .......... .......... .......... 38%  121M 1s
 11500K .......... .......... .......... .......... .......... 38%  124M 1s
 11550K .......... .......... .......... .......... .......... 38%  107M 1s
 11600K .......... .......... .......... .......... .......... 39% 93.5M 1s
 11650K .......... .......... .......... .......... .......... 39%  123M 1s
 11700K .......... .......... .......... .......... .......... 39%  108M 1s
 11750K .......... .......... .......... .......... .......... 39%  122M 1s
 11800K .......... .......... .......... .......... .......... 39%  107M 1s
 11850K .......... .......... .......... .......... .......... 39%  111M 1s
 11900K .......... .......... .......... .......... .......... 40%  121M 1s
 11950K .......... .......... .......... .......... .......... 40%  121M 1s
 12000K .......... .......... .......... .......... .......... 40% 86.5M 1s
 12050K .......... .......... .......... .......... .......... 40%  130M 1s
 12100K .......... .......... .......... .......... .......... 40%  111M 1s
 12150K .......... .......... .......... .......... .......... 40%  112M 1s
 12200K .......... .......... .......... .......... .......... 41%  120M 1s
 12250K .......... .......... .......... .......... .......... 41%  112M 1s
 12300K .......... .......... .......... .......... .......... 41%  115M 1s
 12350K .......... .......... .......... .......... .......... 41%  110M 1s
 12400K .......... .......... .......... .......... .......... 41% 97.8M 1s
 12450K .......... .......... .......... .......... .......... 41%  114M 1s
 12500K .......... .......... .......... .......... .......... 42%  111M 1s
 12550K .......... .......... .......... .......... .......... 42%  139M 1s
 12600K .......... .......... .......... .......... .......... 42% 96.4M 1s
 12650K .......... .......... .......... .......... .......... 42%  114M 1s
 12700K .......... .......... .......... .......... .......... 42%  118M 0s
 12750K .......... .......... .......... .......... .......... 42%  102M 0s
 12800K .......... .......... .......... .......... .......... 43% 96.5M 0s
 12850K .......... .......... .......... .......... .......... 43%  121M 0s
 12900K .......... .......... .......... .......... .......... 43%  114M 0s
 12950K .......... .......... .......... .......... .......... 43%  117M 0s
 13000K .......... .......... .......... .......... .......... 43%  110M 0s
 13050K .......... .......... .......... .......... .......... 43%  100M 0s
 13100K .......... .......... .......... .......... .......... 44%  100M 0s
 13150K .......... .......... .......... .......... .......... 44%  107M 0s
 13200K .......... .......... .......... .......... .......... 44%  104M 0s
 13250K .......... .......... .......... .......... .......... 44%  136M 0s
 13300K .......... .......... .......... .......... .......... 44%  111M 0s
 13350K .......... .......... .......... .......... .......... 44%  136M 0s
 13400K .......... .......... .......... .......... .......... 45% 93.0M 0s
 13450K .......... .......... .......... .......... .......... 45% 88.1M 0s
 13500K .......... .......... .......... .......... .......... 45% 93.7M 0s
 13550K .......... .......... .......... .......... .......... 45%  134M 0s
 13600K .......... .......... .......... .......... .......... 45% 89.2M 0s
 13650K .......... .......... .......... .......... .......... 45%  128M 0s
 13700K .......... .......... .......... .......... .......... 46%  130M 0s
 13750K .......... .......... .......... .......... .......... 46%  131M 0s
 13800K .......... .......... .......... .......... .......... 46%  116M 0s
 13850K .......... .......... .......... .......... .......... 46%  131M 0s
 13900K .......... .......... .......... .......... .......... 46%  128M 0s
 13950K .......... .......... .......... .......... .......... 46%  125M 0s
 14000K .......... .......... .......... .......... .......... 47% 99.9M 0s
 14050K .......... .......... .......... .......... .......... 47%  104M 0s
 14100K .......... .......... .......... .......... .......... 47% 68.6M 0s
 14150K .......... .......... .......... .......... .......... 47% 86.3M 0s
 14200K .......... .......... .......... .......... .......... 47% 81.9M 0s
 14250K .......... .......... .......... .......... .......... 48%  117M 0s
 14300K .......... .......... .......... .......... .......... 48%  132M 0s
 14350K .......... .......... .......... .......... .......... 48%  119M 0s
 14400K .......... .......... .......... .......... .......... 48%  107M 0s
 14450K .......... .......... .......... .......... .......... 48%  137M 0s
 14500K .......... .......... .......... .......... .......... 48%  125M 0s
 14550K .......... .......... .......... .......... .......... 49%  135M 0s
 14600K .......... .......... .......... .......... .......... 49%  127M 0s
 14650K .......... .......... .......... .......... .......... 49%  132M 0s
 14700K .......... .......... .......... .......... .......... 49%  138M 0s
 14750K .......... .......... .......... .......... .......... 49%  130M 0s
 14800K .......... .......... .......... .......... .......... 49% 85.0M 0s
 14850K .......... .......... .......... .......... .......... 50% 86.4M 0s
 14900K .......... .......... .......... .......... .......... 50%  105M 0s
 14950K .......... .......... .......... .......... .......... 50%  122M 0s
 15000K .......... .......... .......... .......... .......... 50%  130M 0s
 15050K .......... .......... .......... .......... .......... 50%  151M 0s
 15100K .......... .......... .......... .......... .......... 50%  152M 0s
 15150K .......... .......... .......... .......... .......... 51% 89.9M 0s
 15200K .......... .......... .......... .......... .......... 51% 79.3M 0s
 15250K .......... .......... .......... .......... .......... 51%  131M 0s
 15300K .......... .......... .......... .......... .......... 51%  126M 0s
 15350K .......... .......... .......... .......... .......... 51%  121M 0s
 15400K .......... .......... .......... .......... .......... 51%  117M 0s
 15450K .......... .......... .......... .......... .......... 52%  119M 0s
 15500K .......... .......... .......... .......... .......... 52%  128M 0s
 15550K .......... .......... .......... .......... .......... 52%  124M 0s
 15600K .......... .......... .......... .......... .......... 52% 98.5M 0s
 15650K .......... .......... .......... .......... .......... 52%  111M 0s
 15700K .......... .......... .......... .......... .......... 52%  115M 0s
 15750K .......... .......... .......... .......... .......... 53%  108M 0s
 15800K .......... .......... .......... .......... .......... 53%  131M 0s
 15850K .......... .......... .......... .......... .......... 53%  113M 0s
 15900K .......... .......... .......... .......... .......... 53%  123M 0s
 15950K .......... .......... .......... .......... .......... 53%  101M 0s
 16000K .......... .......... .......... .......... .......... 53%  106M 0s
 16050K .......... .......... .......... .......... .......... 54%  112M 0s
 16100K .......... .......... .......... .......... .......... 54%  114M 0s
 16150K .......... .......... .......... .......... .......... 54%  111M 0s
 16200K .......... .......... .......... .......... .......... 54%  106M 0s
 16250K .......... .......... .......... .......... .......... 54%  134M 0s
 16300K .......... .......... .......... .......... .......... 54%  113M 0s
 16350K .......... .......... .......... .......... .......... 55%  113M 0s
 16400K .......... .......... .......... .......... .......... 55% 93.5M 0s
 16450K .......... .......... .......... .......... .......... 55%  107M 0s
 16500K .......... .......... .......... .......... .......... 55%  123M 0s
 16550K .......... .......... .......... .......... .......... 55%  109M 0s
 16600K .......... .......... .......... .......... .......... 55%  112M 0s
 16650K .......... .......... .......... .......... .......... 56%  122M 0s
 16700K .......... .......... .......... .......... .......... 56%  112M 0s
 16750K .......... .......... .......... .......... .......... 56%  116M 0s
 16800K .......... .......... .......... .......... .......... 56% 94.5M 0s
 16850K .......... .......... .......... .......... .......... 56%  106M 0s
 16900K .......... .......... .......... .......... .......... 56%  119M 0s
 16950K .......... .......... .......... .......... .......... 57%  121M 0s
 17000K .......... .......... .......... .......... .......... 57% 62.3M 0s
 17050K .......... .......... .......... .......... .......... 57%  121M 0s
 17100K .......... .......... .......... .......... .......... 57%  110M 0s
 17150K .......... .......... .......... .......... .......... 57%  120M 0s
 17200K .......... .......... .......... .......... .......... 57% 93.8M 0s
 17250K .......... .......... .......... .......... .......... 58%  107M 0s
 17300K .......... .......... .......... .......... .......... 58%  122M 0s
 17350K .......... .......... .......... .......... .......... 58%  108M 0s
 17400K .......... .......... .......... .......... .......... 58%  113M 0s
 17450K .......... .......... .......... .......... .......... 58%  117M 0s
 17500K .......... .......... .......... .......... .......... 58% 8.04M 0s
 17550K .......... .......... .......... .......... .......... 59%  123M 0s
 17600K .......... .......... .......... .......... .......... 59% 88.0M 0s
 17650K .......... .......... .......... .......... .......... 59%  126M 0s
 17700K .......... .......... .......... .......... .......... 59%  111M 0s
 17750K .......... .......... .......... .......... .......... 59%  111M 0s
 17800K .......... .......... .......... .......... .......... 59%  106M 0s
 17850K .......... .......... .......... .......... .......... 60%  125M 0s
 17900K .......... .......... .......... .......... .......... 60%  114M 0s
 17950K .......... .......... .......... .......... .......... 60%  113M 0s
 18000K .......... .......... .......... .......... .......... 60% 97.1M 0s
 18050K .......... .......... .......... .......... .......... 60%  111M 0s
 18100K .......... .......... .......... .......... .......... 60%  121M 0s
 18150K .......... .......... .......... .......... .......... 61%  109M 0s
 18200K .......... .......... .......... .......... .......... 61%  112M 0s
 18250K .......... .......... .......... .......... .......... 61%  121M 0s
 18300K .......... .......... .......... .......... .......... 61% 22.8M 0s
 18350K .......... .......... .......... .......... .......... 61% 24.2M 0s
 18400K .......... .......... .......... .......... .......... 61% 94.5M 0s
 18450K .......... .......... .......... .......... .......... 62%  108M 0s
 18500K .......... .......... .......... .......... .......... 62%  121M 0s
 18550K .......... .......... .......... .......... .......... 62%  120M 0s
 18600K .......... .......... .......... .......... .......... 62%  101M 0s
 18650K .......... .......... .......... .......... .......... 62%  120M 0s
 18700K .......... .......... .......... .......... .......... 62%  123M 0s
 18750K .......... .......... .......... .......... .......... 63%  107M 0s
 18800K .......... .......... .......... .......... .......... 63% 95.0M 0s
 18850K .......... .......... .......... .......... .......... 63%  122M 0s
 18900K .......... .......... .......... .......... .......... 63%  121M 0s
 18950K .......... .......... .......... .......... .......... 63%  107M 0s
 19000K .......... .......... .......... .......... .......... 63%  113M 0s
 19050K .......... .......... .......... .......... .......... 64%  122M 0s
 19100K .......... .......... .......... .......... .......... 64%  109M 0s
 19150K .......... .......... .......... .......... .......... 64%  120M 0s
 19200K .......... .......... .......... .......... .......... 64% 88.5M 0s
 19250K .......... .......... .......... .......... .......... 64%  112M 0s
 19300K .......... .......... .......... .......... .......... 64%  131M 0s
 19350K .......... .......... .......... .......... .......... 65%  111M 0s
 19400K .......... .......... .......... .......... .......... 65%  103M 0s
 19450K .......... .......... .......... .......... .......... 65%  114M 0s
 19500K .......... .......... .......... .......... .......... 65%  126M 0s
 19550K .......... .......... .......... .......... .......... 65%  114M 0s
 19600K .......... .......... .......... .......... .......... 65% 96.2M 0s
 19650K .......... .......... .......... .......... .......... 66%  114M 0s
 19700K .......... .......... .......... .......... .......... 66%  106M 0s
 19750K .......... .......... .......... .......... .......... 66%  120M 0s
 19800K .......... .......... .......... .......... .......... 66%  120M 0s
 19850K .......... .......... .......... .......... .......... 66%  111M 0s
 19900K .......... .......... .......... .......... .......... 66%  110M 0s
 19950K .......... .......... .......... .......... .......... 67%  133M 0s
 20000K .......... .......... .......... .......... .......... 67% 84.6M 0s
 20050K .......... .......... .......... .......... .......... 67%  113M 0s
 20100K .......... .......... .......... .......... .......... 67%  129M 0s
 20150K .......... .......... .......... .......... .......... 67%  112M 0s
 20200K .......... .......... .......... .......... .......... 67%  109M 0s
 20250K .......... .......... .......... .......... .......... 68%  112M 0s
 20300K .......... .......... .......... .......... .......... 68%  113M 0s
 20350K .......... .......... .......... .......... .......... 68%  127M 0s
 20400K .......... .......... .......... .......... .......... 68% 93.7M 0s
 20450K .......... .......... .......... .......... .......... 68%  105M 0s
 20500K .......... .......... .......... .......... .......... 68%  122M 0s
 20550K .......... .......... .......... .......... .......... 69%  121M 0s
 20600K .......... .......... .......... .......... .......... 69%  105M 0s
 20650K .......... .......... .......... .......... .......... 69%  121M 0s
 20700K .......... .......... .......... .......... .......... 69%  108M 0s
 20750K .......... .......... .......... .......... .......... 69%  122M 0s
 20800K .......... .......... .......... .......... .......... 69% 91.6M 0s
 20850K .......... .......... .......... .......... .......... 70%  120M 0s
 20900K .......... .......... .......... .......... .......... 70%  109M 0s
 20950K .......... .......... .......... .......... .......... 70%  120M 0s
 21000K .......... .......... .......... .......... .......... 70%  111M 0s
 21050K .......... .......... .......... .......... .......... 70%  110M 0s
 21100K .......... .......... .......... .......... .......... 71%  111M 0s
 21150K .......... .......... .......... .......... .......... 71%  135M 0s
 21200K .......... .......... .......... .......... .......... 71% 84.9M 0s
 21250K .......... .......... .......... .......... .......... 71%  128M 0s
 21300K .......... .......... .......... .......... .......... 71%  113M 0s
 21350K .......... .......... .......... .......... .......... 71%  111M 0s
 21400K .......... .......... .......... .......... .......... 72%  109M 0s
 21450K .......... .......... .......... .......... .......... 72%  128M 0s
 21500K .......... .......... .......... .......... .......... 72%  110M 0s
 21550K .......... .......... .......... .......... .......... 72%  115M 0s
 21600K .......... .......... .......... .......... .......... 72% 92.0M 0s
 21650K .......... .......... .......... .......... .......... 72%  112M 0s
 21700K .......... .......... .......... .......... .......... 73%  113M 0s
 21750K .......... .......... .......... .......... .......... 73%  127M 0s
 21800K .......... .......... .......... .......... .......... 73%  109M 0s
 21850K .......... .......... .......... .......... .......... 73%  112M 0s
 21900K .......... .......... .......... .......... .......... 73%  113M 0s
 21950K .......... .......... .......... .......... .......... 73%  129M 0s
 22000K .......... .......... .......... .......... .......... 74% 85.1M 0s
 22050K .......... .......... .......... .......... .......... 74%  127M 0s
 22100K .......... .......... .......... .......... .......... 74%  113M 0s
 22150K .......... .......... .......... .......... .......... 74%  113M 0s
 22200K .......... .......... .......... .......... .......... 74%  105M 0s
 22250K .......... .......... .......... .......... .......... 74%  130M 0s
 22300K .......... .......... .......... .......... .......... 75%  107M 0s
 22350K .......... .......... .......... .......... .......... 75%  122M 0s
 22400K .......... .......... .......... .......... .......... 75% 93.5M 0s
 22450K .......... .......... .......... .......... .......... 75%  108M 0s
 22500K .......... .......... .......... .......... .......... 75%  122M 0s
 22550K .......... .......... .......... .......... .......... 75%  122M 0s
 22600K .......... .......... .......... .......... .......... 76%  101M 0s
 22650K .......... .......... .......... .......... .......... 76%  120M 0s
 22700K .......... .......... .......... .......... .......... 76%  109M 0s
 22750K .......... .......... .......... .......... .......... 76%  122M 0s
 22800K .......... .......... .......... .......... .......... 76% 91.4M 0s
 22850K .......... .......... .......... .......... .......... 76%  128M 0s
 22900K .......... .......... .......... .......... .......... 77%  112M 0s
 22950K .......... .......... .......... .......... .......... 77%  114M 0s
 23000K .......... .......... .......... .......... .......... 77%  108M 0s
 23050K .......... .......... .......... .......... .......... 77%  127M 0s
 23100K .......... .......... .......... .......... .......... 77%  113M 0s
 23150K .......... .......... .......... .......... .......... 77%  110M 0s
 23200K .......... .......... .......... .......... .......... 78% 95.6M 0s
 23250K .......... .......... .......... .......... .......... 78%  113M 0s
 23300K .......... .......... .......... .......... .......... 78%  112M 0s
 23350K .......... .......... .......... .......... .......... 78%  112M 0s
 23400K .......... .......... .......... .......... .......... 78%  123M 0s
 23450K .......... .......... .......... .......... .......... 78%  110M 0s
 23500K .......... .......... .......... .......... .......... 79%  114M 0s
 23550K .......... .......... .......... .......... .......... 79%  122M 0s
 23600K .......... .......... .......... .......... .......... 79% 96.2M 0s
 23650K .......... .......... .......... .......... .......... 79%  113M 0s
 23700K .......... .......... .......... .......... .......... 79%  112M 0s
 23750K .......... .......... .......... .......... .......... 79%  114M 0s
 23800K .......... .......... .......... .......... .......... 80%  108M 0s
 23850K .......... .......... .......... .......... .......... 80%  125M 0s
 23900K .......... .......... .......... .......... .......... 80%  115M 0s
 23950K .......... .......... .......... .......... .......... 80%  114M 0s
 24000K .......... .......... .......... .......... .......... 80% 85.2M 0s
 24050K .......... .......... .......... .......... .......... 80%  125M 0s
 24100K .......... .......... .......... .......... .......... 81%  123M 0s
 24150K .......... .......... .......... .......... .......... 81%  109M 0s
 24200K .......... .......... .......... .......... .......... 81%  108M 0s
 24250K .......... .......... .......... .......... .......... 81%  121M 0s
 24300K .......... .......... .......... .......... .......... 81%  109M 0s
 24350K .......... .......... .......... .......... .......... 81%  113M 0s
 24400K .......... .......... .......... .......... .......... 82%  119M 0s
 24450K .......... .......... .......... .......... .......... 82%  107M 0s
 24500K .......... .......... .......... .......... .......... 82%  122M 0s
 24550K .......... .......... .......... .......... .......... 82% 95.0M 0s
 24600K .......... .......... .......... .......... .......... 82%  108M 0s
 24650K .......... .......... .......... .......... .......... 82%  128M 0s
 24700K .......... .......... .......... .......... .......... 83%  113M 0s
 24750K .......... .......... .......... .......... .......... 83%  104M 0s
 24800K .......... .......... .......... .......... .......... 83%  117M 0s
 24850K .......... .......... .......... .......... .......... 83% 7.29M 0s
 24900K .......... .......... .......... .......... .......... 83%  128M 0s
 24950K .......... .......... .......... .......... .......... 83%  109M 0s
 25000K .......... .......... .......... .......... .......... 84%  113M 0s
 25050K .......... .......... .......... .......... .......... 84% 89.4M 0s
 25100K .......... .......... .......... .......... .......... 84%  111M 0s
 25150K .......... .......... .......... .......... .......... 84%  120M 0s
 25200K .......... .......... .......... .......... .......... 84%  114M 0s
 25250K .......... .......... .......... .......... .......... 84%  115M 0s
 25300K .......... .......... .......... .......... .......... 85%  109M 0s
 25350K .......... .......... .......... .......... .......... 85%  124M 0s
 25400K .......... .......... .......... .......... .......... 85%  109M 0s
 25450K .......... .......... .......... .......... .......... 85% 91.6M 0s
 25500K .......... .......... .......... .......... .......... 85%  119M 0s
 25550K .......... .......... .......... .......... .......... 85%  108M 0s
 25600K .......... .......... .......... .......... .......... 86% 19.1M 0s
 25650K .......... .......... .......... .......... .......... 86%  109M 0s
 25700K .......... .......... .......... .......... .......... 86%  125M 0s
 25750K .......... .......... .......... .......... .......... 86%  107M 0s
 25800K .......... .......... .......... .......... .......... 86%  117M 0s
 25850K .......... .......... .......... .......... .......... 86% 95.2M 0s
 25900K .......... .......... .......... .......... .......... 87%  122M 0s
 25950K .......... .......... .......... .......... .......... 87% 95.1M 0s
 26000K .......... .......... .......... .......... .......... 87%  134M 0s
 26050K .......... .......... .......... .......... .......... 87% 71.4M 0s
 26100K .......... .......... .......... .......... .......... 87% 81.4M 0s
 26150K .......... .......... .......... .......... .......... 87% 79.3M 0s
 26200K .......... .......... .......... .......... .......... 88% 98.6M 0s
 26250K .......... .......... .......... .......... .......... 88% 89.7M 0s
 26300K .......... .......... .......... .......... .......... 88%  116M 0s
 26350K .......... .......... .......... .......... .......... 88%  123M 0s
 26400K .......... .......... .......... .......... .......... 88%  108M 0s
 26450K .......... .......... .......... .......... .......... 88%  100M 0s
 26500K .......... .......... .......... .......... .......... 89%  114M 0s
 26550K .......... .......... .......... .......... .......... 89%  107M 0s
 26600K .......... .......... .......... .......... .......... 89%  104M 0s
 26650K .......... .......... .......... .......... .......... 89% 87.3M 0s
 26700K .......... .......... .......... .......... .......... 89%  110M 0s
 26750K .......... .......... .......... .......... .......... 89%  108M 0s
 26800K .......... .......... .......... .......... .......... 90%  113M 0s
 26850K .......... .......... .......... .......... .......... 90%  105M 0s
 26900K .......... .......... .......... .......... .......... 90%  105M 0s
 26950K .......... .......... .......... .......... .......... 90%  114M 0s
 27000K .......... .......... .......... .......... .......... 90%  114M 0s
 27050K .......... .......... .......... .......... .......... 90% 87.2M 0s
 27100K .......... .......... .......... .......... .......... 91%  116M 0s
 27150K .......... .......... .......... .......... .......... 91%  122M 0s
 27200K .......... .......... .......... .......... .......... 91%  122M 0s
 27250K .......... .......... .......... .......... .......... 91%  105M 0s
 27300K .......... .......... .......... .......... .......... 91%  109M 0s
 27350K .......... .......... .......... .......... .......... 91%  113M 0s
 27400K .......... .......... .......... .......... .......... 92%  113M 0s
 27450K .......... .......... .......... .......... .......... 92% 96.6M 0s
 27500K .......... .......... .......... .......... .......... 92%  101M 0s
 27550K .......... .......... .......... .......... .......... 92%  229M 0s
 27600K .......... .......... .......... .......... .......... 92%  229M 0s
 27650K .......... .......... .......... .......... .......... 92%  231M 0s
 27700K .......... .......... .......... .......... .......... 93%  240M 0s
 27750K .......... .......... .......... .......... .......... 93%  211M 0s
 27800K .......... .......... .......... .......... .......... 93% 84.8M 0s
 27850K .......... .......... .......... .......... .......... 93%  126M 0s
 27900K .......... .......... .......... .......... .......... 93%  129M 0s
 27950K .......... .......... .......... .......... .......... 93%  134M 0s
 28000K .......... .......... .......... .......... .......... 94% 96.7M 0s
 28050K .......... .......... .......... .......... .......... 94%  114M 0s
 28100K .......... .......... .......... .......... .......... 94%  131M 0s
 28150K .......... .......... .......... .......... .......... 94% 87.3M 0s
 28200K .......... .......... .......... .......... .......... 94%  120M 0s
 28250K .......... .......... .......... .......... .......... 95%  136M 0s
 28300K .......... .......... .......... .......... .......... 95%  130M 0s
 28350K .......... .......... .......... .......... .......... 95%  109M 0s
 28400K .......... .......... .......... .......... .......... 95% 87.7M 0s
 28450K .......... .......... .......... .......... .......... 95%  109M 0s
 28500K .......... .......... .......... .......... .......... 95% 82.7M 0s
 28550K .......... .......... .......... .......... .......... 96% 99.7M 0s
 28600K .......... .......... .......... .......... .......... 96%  124M 0s
 28650K .......... .......... .......... .......... .......... 96%  127M 0s
 28700K .......... .......... .......... .......... .......... 96%  133M 0s
 28750K .......... .......... .......... .......... .......... 96%  128M 0s
 28800K .......... .......... .......... .......... .......... 96%  105M 0s
 28850K .......... .......... .......... .......... .......... 97%  118M 0s
 28900K .......... .......... .......... .......... .......... 97%  121M 0s
 28950K .......... .......... .......... .......... .......... 97%  112M 0s
 29000K .......... .......... .......... .......... .......... 97%  103M 0s
 29050K .......... .......... .......... .......... .......... 97%  118M 0s
 29100K .......... .......... .......... .......... .......... 97%  108M 0s
 29150K .......... .......... .......... .......... .......... 98%  143M 0s
 29200K .......... .......... .......... .......... .......... 98% 86.3M 0s
 29250K .......... .......... .......... .......... .......... 98%  104M 0s
 29300K .......... .......... .......... .......... .......... 98%  119M 0s
 29350K .......... .......... .......... .......... .......... 98%  135M 0s
 29400K .......... .......... .......... .......... .......... 98%  101M 0s
 29450K .......... .......... .......... .......... .......... 99%  119M 0s
 29500K .......... .......... .......... .......... .......... 99%  121M 0s
 29550K .......... .......... .......... .......... .......... 99%  122M 0s
 29600K .......... .......... .......... .......... .......... 99% 94.3M 0s
 29650K .......... .......... .......... .......... .......... 99%  108M 0s
 29700K .......... .......... .......... .......... .......... 99%  115M 0s
 29750K .......... .......... .......... ........             100%  131M=0.5s

2020-10-31 03:34:57 (53.8 MB/s) - `/tmp/firefox-28.0.tar.bz2' saved [30503247/30503247]


travis_time:end:19e835ea:start=1604115296349182040,finish=1604115297265634436,duration=916452396[0K$ export PATH=$HOME/firefox-28.0/firefox:$PATH
travis_fold:end:install_firefox[0Ktravis_fold:start:postgresql[0K[33;1mStarting PostgreSQL v9.3[0m
travis_time:start:3813f3d8[0K$ sudo service postgresql stop
 * Stopping PostgreSQL 9.1 database server
   ...done.
 * Stopping PostgreSQL 9.2 database server
   ...done.
 * Stopping PostgreSQL 9.3 database server
   ...done.
 * Stopping PostgreSQL 9.4 database server
   ...done.

travis_time:end:3813f3d8:start=1604115301472200494,finish=1604115302190161426,duration=717960932[0Ktravis_time:start:0ec25fac[0K$ sudo service postgresql start 9.3
 * Starting PostgreSQL 9.3 database server
   ...done.

travis_time:end:0ec25fac:start=1604115302199801551,finish=1604115304448375922,duration=2248574371[0Ktravis_time:start:1a3a5f88[0K$ sudo -u postgres createuser -s -p 5432 travis &>/dev/null

travis_time:end:1a3a5f88:start=1604115304458463145,finish=1604115304517464404,duration=59001259[0Ktravis_time:start:0959f60c[0K$ sudo -u postgres createdb -O travis -p 5432 travis &>/dev/null

travis_time:end:0959f60c:start=1604115304527695719,finish=1604115304806751003,duration=279055284[0Ktravis_time:start:12241a8a[0K$ sudo -u postgres createuser -s -p 5433 travis &>/dev/null

travis_time:end:12241a8a:start=1604115304818443172,finish=1604115304877877606,duration=59434434[0Ktravis_time:start:033c6c90[0K$ sudo -u postgres createdb -O travis -p 5433 travis &>/dev/null

travis_time:end:033c6c90:start=1604115304887516984,finish=1604115304941100386,duration=53583402[0Ktravis_fold:end:postgresql[0Ktravis_time:start:138d8c1e[0K$ source ~/virtualenv/python2.7/bin/activate

travis_time:end:138d8c1e:start=1604115305062226686,finish=1604115305072492061,duration=10265375[0K$ python --version
Python 2.7.9
$ pip --version
pip 6.0.7 from /home/travis/virtualenv/python2.7.9/lib/python2.7/site-packages (python 2.7)
travis_fold:start:before_install.1[0Ktravis_time:start:33c64870[0K$ export DISPLAY=:99.0

travis_time:end:33c64870:start=1604115305356979229,finish=1604115305365420240,duration=8441011[0Ktravis_fold:end:before_install.1[0Ktravis_fold:start:before_install.2[0Ktravis_time:start:288a5ed0[0K$ sh -e /etc/init.d/xvfb start
Starting virtual X frame buffer: Xvfb.

travis_time:end:288a5ed0:start=1604115305375256657,finish=1604115305386659375,duration=11402718[0Ktravis_fold:end:before_install.2[0Ktravis_fold:start:install[0Ktravis_time:start:082e81d7[0K$ ./bootstrap.py
Using real prefix '/opt/python/2.7.9'
New python executable in /home/travis/build/passed/ccnmtl/dmt/ve/bin/python
Installing setuptools, pip...done.
Collecting wheel==0.24.0
  Retrying (Retry(total=4, connect=None, read=None, redirect=None)) after connection broken by 'ProtocolError('Connection aborted.', gaierror(-2, 'Name or service not known'))': /wheel/
  Retrying (Retry(total=3, connect=None, read=None, redirect=None)) after connection broken by 'ProtocolError('Connection aborted.', gaierror(-2, 'Name or service not known'))': /wheel/
  Retrying (Retry(total=2, connect=None, read=None, redirect=None)) after connection broken by 'ProtocolError('Connection aborted.', gaierror(-2, 'Name or service not known'))': /wheel/
  Retrying (Retry(total=1, connect=None, read=None, redirect=None)) after connection broken by 'ProtocolError('Connection aborted.', gaierror(-2, 'Name or service not known'))': /wheel/
  Retrying (Retry(total=0, connect=None, read=None, redirect=None)) after connection broken by 'ProtocolError('Connection aborted.', gaierror(-2, 'Name or service not known'))': /wheel/
  DEPRECATION: Failed to find 'wheel' at https://pypi.ccnmtl.columbia.edu/wheel/. It is suggested to upgrade your index to support normalized names as the name in /simple/{name}.
  Retrying (Retry(total=4, connect=None, read=None, redirect=None)) after connection broken by 'ProtocolError('Connection aborted.', gaierror(-2, 'Name or service not known'))': /
  Retrying (Retry(total=3, connect=None, read=None, redirect=None)) after connection broken by 'ProtocolError('Connection aborted.', gaierror(-2, 'Name or service not known'))': /
  Retrying (Retry(total=2, connect=None, read=None, redirect=None)) after connection broken by 'ProtocolError('Connection aborted.', gaierror(-2, 'Name or service not known'))': /
  Retrying (Retry(total=1, connect=None, read=None, redirect=None)) after connection broken by 'ProtocolError('Connection aborted.', gaierror(-2, 'Name or service not known'))': /
  Retrying (Retry(total=0, connect=None, read=None, redirect=None)) after connection broken by 'ProtocolError('Connection aborted.', gaierror(-2, 'Name or service not known'))': /
  Cannot fetch index base URL https://pypi.ccnmtl.columbia.edu/
  Retrying (Retry(total=4, connect=None, read=None, redirect=None)) after connection broken by 'ProtocolError('Connection aborted.', gaierror(-2, 'Name or service not known'))': /wheel/
  Retrying (Retry(total=3, connect=None, read=None, redirect=None)) after connection broken by 'ProtocolError('Connection aborted.', gaierror(-2, 'Name or service not known'))': /wheel/
  Retrying (Retry(total=2, connect=None, read=None, redirect=None)) after connection broken by 'ProtocolError('Connection aborted.', gaierror(-2, 'Name or service not known'))': /wheel/
  Retrying (Retry(total=1, connect=None, read=None, redirect=None)) after connection broken by 'ProtocolError('Connection aborted.', gaierror(-2, 'Name or service not known'))': /wheel/
  Retrying (Retry(total=0, connect=None, read=None, redirect=None)) after connection broken by 'ProtocolError('Connection aborted.', gaierror(-2, 'Name or service not known'))': /wheel/
  Could not find a version that satisfies the requirement wheel==0.24.0 (from versions: )
No matching distribution found for wheel==0.24.0

travis_time:end:082e81d7:start=1604115305396995683,finish=1604115331502774366,duration=26105778683[0K
[31;1mThe command "./bootstrap.py" failed and exited with 1 during .[0m

Your build has been stopped.
