travis_fold:start:system_info[0K[33;1mBuild system information[0m
Build language: python
Build group: stable
Build dist: precise
Build id: ''
Job id: ''
[34m[1mBuild image provisioning date and time[0m
Thu Feb  5 15:09:33 UTC 2015
[34m[1mOperating System Details[0m
Distributor ID:	Ubuntu
Description:	Ubuntu 12.04.5 LTS
Release:	12.04
Codename:	precise
[34m[1mLinux Version[0m
3.13.0-29-generic
[34m[1mCookbooks Version[0m
a68419e https://github.com/travis-ci/travis-cookbooks/tree/a68419e
[34m[1mGCC version[0m
gcc (Ubuntu/Linaro 4.6.3-1ubuntu5) 4.6.3
Copyright (C) 2011 Free Software Foundation, Inc.
This is free software; see the source for copying conditions.  There is NO
warranty; not even for MERCHANTABILITY or FITNESS FOR A PARTICULAR PURPOSE.

[34m[1mLLVM version[0m
clang version 3.4 (tags/RELEASE_34/final)
Target: x86_64-unknown-linux-gnu
Thread model: posix
[34m[1mPre-installed Ruby versions[0m
ruby-1.9.3-p551
[34m[1mPre-installed Node.js versions[0m
v0.10.36
[34m[1mPre-installed Go versions[0m
1.4.1
[34m[1mRedis version[0m
redis-server 2.8.19
[34m[1mriak version[0m
2.0.2
[34m[1mMongoDB version[0m
MongoDB 2.4.12
[34m[1mCouchDB version[0m
couchdb 1.6.1
[34m[1mNeo4j version[0m
1.9.4
[34m[1mRabbitMQ Version[0m
3.4.3
[34m[1mElasticSearch version[0m
1.4.0
[34m[1mInstalled Sphinx versions[0m
2.0.10
2.1.9
2.2.6
[34m[1mDefault Sphinx version[0m
2.2.6
[34m[1mInstalled Firefox version[0m
firefox 31.0esr
[34m[1mPhantomJS version[0m
1.9.8
[34m[1mant -version[0m
Apache Ant(TM) version 1.8.2 compiled on December 3 2011
[34m[1mmvn -version[0m
Apache Maven 3.2.5 (12a6b3acb947671f09b81f49094c53f426d8cea1; 2014-12-14T17:29:23+00:00)
Maven home: /usr/local/maven
Java version: 1.7.0_76, vendor: Oracle Corporation
Java home: /usr/lib/jvm/java-7-oracle/jre
Default locale: en_US, platform encoding: ANSI_X3.4-1968
OS name: "linux", version: "3.13.0-29-generic", arch: "amd64", family: "unix"
travis_fold:end:system_info[0K
W: GPG error: http://apt.postgresql.org precise-pgdg Release: The following signatures were invalid: KEYEXPIRED 1562078959
W: Failed to fetch http://ppa.launchpad.net/travis-ci/zero-mq/ubuntu/dists/precise/main/binary-amd64/Packages  403  Forbidden

W: Failed to fetch http://ppa.launchpad.net/travis-ci/zero-mq/ubuntu/dists/precise/main/binary-i386/Packages  403  Forbidden

W: Failed to fetch http://downloads-distro.mongodb.org/repo/debian-sysvinit/dists/dist/10gen/binary-amd64/Packages  Undetermined Error [IP: 54.175.147.155 80]

W: Failed to fetch http://downloads-distro.mongodb.org/repo/debian-sysvinit/dists/dist/10gen/binary-i386/Packages  Undetermined Error [IP: 54.175.147.155 80]

E: Some index files failed to download. They have been ignored, or old ones used instead.
sed: cannot rename /etc/hosts: Device or resource busy
sed: cannot rename /etc/hosts: Device or resource busy
$ cd failed/getslash/slash
travis_time:start:0d776728[0K$ source ~/virtualenv/python3.4/bin/activate

travis_time:end:0d776728:start=1604172857155834858,finish=1604172857166633531,duration=10798673[0K$ python --version
Python 3.4.2
$ pip --version
pip 6.0.7 from /home/travis/virtualenv/python3.4.2/lib/python3.4/site-packages (python 3.4)
travis_fold:start:install[0Ktravis_time:start:01c46340[0K$ pip install virtualenv
Collecting virtualenv
  Downloading https://files.pythonhosted.org/packages/97/f3/c064343ac58d1a54c393a3f66483a29500f644a5918deeb935d28673edd9/virtualenv-20.1.0-py2.py3-none-any.whl (4.9MB)
Collecting distlib<1,>=0.3.1 (from virtualenv)
  Downloading https://files.pythonhosted.org/packages/f5/0a/490fa011d699bb5a5f3a0cf57de82237f52a6db9d40f33c53b2736c9a1f9/distlib-0.3.1-py2.py3-none-any.whl (335kB)
Collecting filelock<4,>=3.0.0 (from virtualenv)
  Downloading https://files.pythonhosted.org/packages/93/83/71a2ee6158bb9f39a90c0dea1637f81d5eef866e188e1971a1b1ab01a35a/filelock-3.0.12-py3-none-any.whl
Collecting appdirs<2,>=1.4.3 (from virtualenv)
  Downloading https://files.pythonhosted.org/packages/3b/00/2344469e2084fb287c2e0b57b72910309874c3245463acd6cf5e3db69324/appdirs-1.4.4-py2.py3-none-any.whl
Collecting importlib-resources>=1.0 (from virtualenv)
  Downloading https://files.pythonhosted.org/packages/c5/1f/ec86d2a5c48ac6490d4471b297885603cf0e8da89d5ffbf0bce6e57f4d64/importlib_resources-3.3.0-py2.py3-none-any.whl
Collecting importlib-metadata<3,>=0.12 (from virtualenv)
  Downloading https://files.pythonhosted.org/packages/6d/6d/f4bb28424bc677bce1210bc19f69a43efe823e294325606ead595211f93e/importlib_metadata-2.0.0-py2.py3-none-any.whl
Collecting six<2,>=1.9.0 (from virtualenv)
  Downloading https://files.pythonhosted.org/packages/ee/ff/48bde5c0f013094d729fe4b0316ba2a24774b3ff1c52d924a8a4cb04078a/six-1.15.0-py2.py3-none-any.whl
Collecting zipp>=0.4 (from importlib-resources>=1.0->virtualenv)
  Downloading https://files.pythonhosted.org/packages/41/ad/6a4f1a124b325618a7fb758b885b68ff7b058eec47d9220a12ab38d90b1f/zipp-3.4.0-py3-none-any.whl
Collecting typing (from importlib-resources>=1.0->virtualenv)
  Downloading https://files.pythonhosted.org/packages/05/d9/6eebe19d46bd05360c9a9aae822e67a80f9242aabbfc58b641b957546607/typing-3.7.4.3.tar.gz (78kB)
    /opt/python/3.4.2/lib/python3.4/distutils/dist.py:260: UserWarning: Unknown distribution option: 'python_requires'
      warnings.warn(msg)
    /opt/python/3.4.2/lib/python3.4/distutils/dist.py:260: UserWarning: Unknown distribution option: 'project_urls'
      warnings.warn(msg)
Installing collected packages: typing, zipp, six, importlib-metadata, importlib-resources, appdirs, filelock, distlib, virtualenv
  Running setup.py install for typing
    /opt/python/3.4.2/lib/python3.4/distutils/dist.py:260: UserWarning: Unknown distribution option: 'python_requires'
      warnings.warn(msg)
    /opt/python/3.4.2/lib/python3.4/distutils/dist.py:260: UserWarning: Unknown distribution option: 'project_urls'
      warnings.warn(msg)








Successfully installed appdirs-1.4.4 distlib-0.3.1 filelock-3.0.12 importlib-metadata-2.0.0 importlib-resources-3.3.0 six-1.15.0 typing-3.7.4.3 virtualenv-20.1.0 zipp-3.4.0

travis_time:end:01c46340:start=1604172857768655509,finish=1604172861662497249,duration=3893841740[0Ktravis_fold:end:install[0Ktravis_time:start:022a0808[0K$ make env
python -m virtualenv .env
/home/travis/virtualenv/python3.4.2/bin/python: Error while finding spec for 'virtualenv.__main__' (<class 'ImportError'>: No module named 'pathlib2'); 'virtualenv' is a package and cannot be directly executed
make: *** [.env/.up-to-date] Error 1

travis_time:end:022a0808:start=1604172861673284238,finish=1604172861880535660,duration=207251422[0K
[31;1mThe command "make env" exited with 2.[0m
travis_time:start:377f2f84[0K$ .env/bin/pip install lxml
/usr/local/bin/run_failed.sh: line 62: .env/bin/pip: No such file or directory

travis_time:end:377f2f84:start=1604172861891930837,finish=1604172861902541640,duration=10610803[0K
[31;1mThe command ".env/bin/pip install lxml" exited with 127.[0m
travis_time:start:0761ef51[0K$ .env/bin/py.test tests -k 'xunit and session and errors'
/usr/local/bin/run_failed.sh: line 62: .env/bin/py.test: No such file or directory

travis_time:end:0761ef51:start=1604172861913802046,finish=1604172861924215501,duration=10413455[0K
[31;1mThe command ".env/bin/py.test tests -k 'xunit and session and errors'" exited with 127.[0m
travis_fold:start:after_failure[0Ktravis_time:start:1e9cceb4[0K$ .env/bin/pip freeze
/usr/local/bin/run_failed.sh: line 62: .env/bin/pip: No such file or directory

travis_time:end:1e9cceb4:start=1604172861935866871,finish=1604172861946776180,duration=10909309[0Ktravis_fold:end:after_failure[0K
Done. Your build exited with 1.
