travis_fold:start:system_info[0K[33;1mBuild system information[0m
Build language: python
Build group: stable
Build dist: trusty
Build id: ''
Job id: ''
[34m[1mBuild image provisioning date and time[0m
Tue Dec  5 20:11:19 UTC 2017
[34m[1mOperating System Details[0m
Distributor ID:	Ubuntu
Description:	Ubuntu 14.04.5 LTS
Release:	14.04
Codename:	trusty
[34m[1mCookbooks Version[0m
7c2c6a6 https://github.com/travis-ci/travis-cookbooks/tree/7c2c6a6
[34m[1mgit version[0m
git version 2.15.1
[34m[1mbash version[0m
GNU bash, version 4.3.11(1)-release (x86_64-pc-linux-gnu)
[34m[1mgcc version[0m
gcc (Ubuntu 4.8.4-2ubuntu1~14.04.3) 4.8.4
Copyright (C) 2013 Free Software Foundation, Inc.
This is free software; see the source for copying conditions.  There is NO
warranty; not even for MERCHANTABILITY or FITNESS FOR A PARTICULAR PURPOSE.

[34m[1mdocker version[0m
Client:
 Version:      17.09.0-ce
 API version:  1.32
 Go version:   go1.8.3
 Git commit:   afdb6d4
 Built:        Tue Sep 26 22:39:28 2017
 OS/Arch:      linux/amd64
[34m[1mclang version[0m
clang version 5.0.0 (tags/RELEASE_500/final)
Target: x86_64-unknown-linux-gnu
Thread model: posix
InstalledDir: /usr/local/clang-5.0.0/bin
[34m[1mjq version[0m
jq-1.5
[34m[1mbats version[0m
Bats 0.4.0
[34m[1mshellcheck version[0m
0.4.6
[34m[1mshfmt version[0m
v2.0.0
[34m[1mccache version[0m
ccache version 3.1.9

Copyright (C) 2002-2007 Andrew Tridgell
Copyright (C) 2009-2011 Joel Rosdahl

This program is free software; you can redistribute it and/or modify it under
the terms of the GNU General Public License as published by the Free Software
Foundation; either version 3 of the License, or (at your option) any later
version.
[34m[1mcmake version[0m
cmake version 3.9.2

CMake suite maintained and supported by Kitware (kitware.com/cmake).
[34m[1mheroku version[0m
heroku-cli/6.14.39-addc925 (linux-x64) node-v9.2.0
[34m[1mimagemagick version[0m
Version: ImageMagick 6.7.7-10 2017-07-31 Q16 http://www.imagemagick.org
[34m[1mmd5deep version[0m
4.2
[34m[1mmercurial version[0m
Mercurial Distributed SCM (version 4.2.2)
(see https://mercurial-scm.org for more information)

Copyright (C) 2005-2017 Matt Mackall and others
This is free software; see the source for copying conditions. There is NO
warranty; not even for MERCHANTABILITY or FITNESS FOR A PARTICULAR PURPOSE.
[34m[1mmysql version[0m
mysql  Ver 14.14 Distrib 5.6.33, for debian-linux-gnu (x86_64) using  EditLine wrapper
[34m[1mopenssl version[0m
OpenSSL 1.0.1f 6 Jan 2014
[34m[1mpacker version[0m
Packer v1.0.2

Your version of Packer is out of date! The latest version
is 1.1.2. You can update by downloading from www.packer.io
[34m[1mpostgresql client version[0m
psql (PostgreSQL) 9.6.6
[34m[1mragel version[0m
Ragel State Machine Compiler version 6.8 Feb 2013
Copyright (c) 2001-2009 by Adrian Thurston
[34m[1msubversion version[0m
svn, version 1.8.8 (r1568071)
   compiled Aug 10 2017, 17:20:39 on x86_64-pc-linux-gnu

Copyright (C) 2013 The Apache Software Foundation.
This software consists of contributions made by many people;
see the NOTICE file for more information.
Subversion is open source software, see http://subversion.apache.org/

The following repository access (RA) modules are available:

* ra_svn : Module for accessing a repository using the svn network protocol.
  - with Cyrus SASL authentication
  - handles 'svn' scheme
* ra_local : Module for accessing a repository on local disk.
  - handles 'file' scheme
* ra_serf : Module for accessing a repository via WebDAV protocol using serf.
  - using serf 1.3.3
  - handles 'http' scheme
  - handles 'https' scheme

[34m[1msudo version[0m
Sudo version 1.8.9p5
Configure options: --prefix=/usr -v --with-all-insults --with-pam --with-fqdn --with-logging=syslog --with-logfac=authpriv --with-env-editor --with-editor=/usr/bin/editor --with-timeout=15 --with-password-timeout=0 --with-passprompt=[sudo] password for %p:  --without-lecture --with-tty-tickets --disable-root-mailer --enable-admin-flag --with-sendmail=/usr/sbin/sendmail --with-timedir=/var/lib/sudo --mandir=/usr/share/man --libexecdir=/usr/lib/sudo --with-sssd --with-sssd-lib=/usr/lib/x86_64-linux-gnu --with-selinux
Sudoers policy plugin version 1.8.9p5
Sudoers file grammar version 43

Sudoers path: /etc/sudoers
Authentication methods: 'pam'
Syslog facility if syslog is being used for logging: authpriv
Syslog priority to use when user authenticates successfully: notice
Syslog priority to use when user authenticates unsuccessfully: alert
Send mail if the user is not in sudoers
Use a separate timestamp for each user/tty combo
Lecture user the first time they run sudo
Root may run sudo
Allow some information gathering to give useful error messages
Require fully-qualified hostnames in the sudoers file
Visudo will honor the EDITOR environment variable
Set the LOGNAME and USER environment variables
Length at which to wrap log file lines (0 for no wrap): 80
Authentication timestamp timeout: 15.0 minutes
Password prompt timeout: 0.0 minutes
Number of tries to enter a password: 3
Umask to use or 0777 to use user's: 022
Path to mail program: /usr/sbin/sendmail
Flags for mail program: -t
Address to send mail to: root
Subject line for mail messages: *** SECURITY information for %h ***
Incorrect password message: Sorry, try again.
Path to authentication timestamp dir: /var/lib/sudo
Default password prompt: [sudo] password for %p: 
Default user to run commands as: root
Value to override user's $PATH with: /usr/local/sbin:/usr/local/bin:/usr/sbin:/usr/bin:/sbin:/bin:/snap/bin
Path to the editor for use by visudo: /usr/bin/editor
When to require a password for 'list' pseudocommand: any
When to require a password for 'verify' pseudocommand: all
File descriptors >= 3 will be closed before executing a command
Environment variables to check for sanity:
	TZ
	TERM
	LINGUAS
	LC_*
	LANGUAGE
	LANG
	COLORTERM
Environment variables to remove:
	RUBYOPT
	RUBYLIB
	PYTHONUSERBASE
	PYTHONINSPECT
	PYTHONPATH
	PYTHONHOME
	TMPPREFIX
	ZDOTDIR
	READNULLCMD
	NULLCMD
	FPATH
	PERL5DB
	PERL5OPT
	PERL5LIB
	PERLLIB
	PERLIO_DEBUG 
	JAVA_TOOL_OPTIONS
	SHELLOPTS
	GLOBIGNORE
	PS4
	BASH_ENV
	ENV
	TERMCAP
	TERMPATH
	TERMINFO_DIRS
	TERMINFO
	_RLD*
	LD_*
	PATH_LOCALE
	NLSPATH
	HOSTALIASES
	RES_OPTIONS
	LOCALDOMAIN
	CDPATH
	IFS
Environment variables to preserve:
	JAVA_HOME
	TRAVIS
	CI
	DEBIAN_FRONTEND
	XAUTHORIZATION
	XAUTHORITY
	PS2
	PS1
	PATH
	LS_COLORS
	KRB5CCNAME
	HOSTNAME
	HOME
	DISPLAY
	COLORS
Locale to use while parsing sudoers: C
Directory in which to store input/output logs: /var/log/sudo-io
File in which to store the input/output log: %{seq}
Add an entry to the utmp/utmpx file when allocating a pty
PAM service name to use
PAM service name to use for login shells
Create a new PAM session for the command to run in
Maximum I/O log sequence number: 0

Local IP address and netmask pairs:
	172.17.0.2/255.255.0.0

Sudoers I/O plugin version 1.8.9p5
[34m[1mgzip version[0m
gzip 1.6
Copyright (C) 2007, 2010, 2011 Free Software Foundation, Inc.
Copyright (C) 1993 Jean-loup Gailly.
This is free software.  You may redistribute copies of it under the terms of
the GNU General Public License <http://www.gnu.org/licenses/gpl.html>.
There is NO WARRANTY, to the extent permitted by law.

Written by Jean-loup Gailly.
[34m[1mzip version[0m
Copyright (c) 1990-2008 Info-ZIP - Type 'zip "-L"' for software license.
This is Zip 3.0 (July 5th 2008), by Info-ZIP.
Currently maintained by E. Gordon.  Please send bug reports to
the authors using the web page at www.info-zip.org; see README for details.

Latest sources and executables are at ftp://ftp.info-zip.org/pub/infozip,
as of above date; see http://www.info-zip.org/ for other sites.

Compiled with gcc 4.8.2 for Unix (Linux ELF) on Oct 21 2013.

Zip special compilation options:
	USE_EF_UT_TIME       (store Universal Time)
	BZIP2_SUPPORT        (bzip2 library version 1.0.6, 6-Sept-2010)
	    bzip2 code and library copyright (c) Julian R Seward
	    (See the bzip2 license for terms of use)
	SYMLINK_SUPPORT      (symbolic links supported)
	LARGE_FILE_SUPPORT   (can read and write large files on file system)
	ZIP64_SUPPORT        (use Zip64 to store large files in archives)
	UNICODE_SUPPORT      (store and read UTF-8 Unicode paths)
	STORE_UNIX_UIDs_GIDs (store UID/GID sizes/values using new extra field)
	UIDGID_NOT_16BIT     (old Unix 16-bit UID/GID extra field not used)
	[encryption, version 2.91 of 05 Jan 2007] (modified for Zip 3)

Encryption notice:
	The encryption code of this program is not copyrighted and is
	put in the public domain.  It was originally written in Europe
	and, to the best of our knowledge, can be freely distributed
	in both source and object forms from any country, including
	the USA under License Exception TSU of the U.S. Export
	Administration Regulations (section 740.13(e)) of 6 June 2002.

Zip environment options:
             ZIP:  [none]
          ZIPOPT:  [none]
[34m[1mvim version[0m
VIM - Vi IMproved 7.4 (2013 Aug 10, compiled Nov 24 2016 16:43:18)
Included patches: 1-52
Extra patches: 8.0.0056
Modified by pkg-vim-maintainers@lists.alioth.debian.org
Compiled by buildd@
Huge version without GUI.  Features included (+) or not (-):
+acl             +farsi           +mouse_netterm   +syntax
+arabic          +file_in_path    +mouse_sgr       +tag_binary
+autocmd         +find_in_path    -mouse_sysmouse  +tag_old_static
-balloon_eval    +float           +mouse_urxvt     -tag_any_white
-browse          +folding         +mouse_xterm     -tcl
++builtin_terms  -footer          +multi_byte      +terminfo
+byte_offset     +fork()          +multi_lang      +termresponse
+cindent         +gettext         -mzscheme        +textobjects
-clientserver    -hangul_input    +netbeans_intg   +title
-clipboard       +iconv           +path_extra      -toolbar
+cmdline_compl   +insert_expand   -perl            +user_commands
+cmdline_hist    +jumplist        +persistent_undo +vertsplit
+cmdline_info    +keymap          +postscript      +virtualedit
+comments        +langmap         +printer         +visual
+conceal         +libcall         +profile         +visualextra
+cryptv          +linebreak       +python          +viminfo
+cscope          +lispindent      -python3         +vreplace
+cursorbind      +listcmds        +quickfix        +wildignore
+cursorshape     +localmap        +reltime         +wildmenu
+dialog_con      -lua             +rightleft       +windows
+diff            +menu            -ruby            +writebackup
+digraphs        +mksession       +scrollbind      -X11
-dnd             +modify_fname    +signs           -xfontset
-ebcdic          +mouse           +smartindent     -xim
+emacs_tags      -mouseshape      -sniff           -xsmp
+eval            +mouse_dec       +startuptime     -xterm_clipboard
+ex_extra        +mouse_gpm       +statusline      -xterm_save
+extra_search    -mouse_jsbterm   -sun_workshop    -xpm
   system vimrc file: "$VIM/vimrc"
     user vimrc file: "$HOME/.vimrc"
 2nd user vimrc file: "~/.vim/vimrc"
      user exrc file: "$HOME/.exrc"
  fall-back for $VIM: "/usr/share/vim"
Compilation: gcc -c -I. -Iproto -DHAVE_CONFIG_H     -g -O2 -fstack-protector --param=ssp-buffer-size=4 -Wformat -Werror=format-security -U_FORTIFY_SOURCE -D_FORTIFY_SOURCE=1      
Linking: gcc   -Wl,-Bsymbolic-functions -Wl,-z,relro -Wl,--as-needed -o vim        -lm -ltinfo -lnsl  -lselinux  -lacl -lattr -lgpm -ldl    -L/usr/lib/python2.7/config-x86_64-linux-gnu -lpython2.7 -lpthread -ldl -lutil -lm -Xlinker -export-dynamic -Wl,-O1 -Wl,-Bsymbolic-functions      
[34m[1miptables version[0m
iptables v1.4.21
[34m[1mcurl version[0m
curl 7.35.0 (x86_64-pc-linux-gnu) libcurl/7.35.0 OpenSSL/1.0.1f zlib/1.2.8 libidn/1.28 librtmp/2.3
[34m[1mwget version[0m
GNU Wget 1.15 built on linux-gnu.
[34m[1mrsync version[0m
rsync  version 3.1.0  protocol version 31
[34m[1mgimme version[0m
v1.2.0
[34m[1mnvm version[0m
0.33.6
[34m[1mperlbrew version[0m
/home/travis/perl5/perlbrew/bin/perlbrew  - App::perlbrew/0.80
[34m[1mphpenv version[0m
rbenv 1.1.1-25-g6aa70b6
[34m[1mrvm version[0m
rvm 1.29.3 (latest) by Michal Papis, Piotr Kuczynski, Wayne E. Seguin [https://rvm.io]
[34m[1mdefault ruby version[0m
ruby 2.4.1p111 (2017-03-22 revision 58053) [x86_64-linux]
[34m[1mCouchDB version[0m
couchdb 1.6.1
[34m[1mElasticSearch version[0m
5.5.0
[34m[1mInstalled Firefox version[0m
firefox 56.0.2
[34m[1mMongoDB version[0m
MongoDB 3.4.10
[34m[1mPhantomJS version[0m
2.1.1
[34m[1mPre-installed PostgreSQL versions[0m
9.2.24
9.3.20
9.4.15
9.5.10
9.6.6
[34m[1mRabbitMQ Version[0m
3.6.14
[34m[1mRedis version[0m
redis-server 4.0.6
[34m[1mriak version[0m
2.2.3
[34m[1mPre-installed Go versions[0m
1.7.4
[34m[1mant version[0m
Apache Ant(TM) version 1.9.3 compiled on April 8 2014
[34m[1mmvn version[0m
Apache Maven 3.5.2 (138edd61fd100ec658bfa2d307c43b76940a5d7d; 2017-10-18T07:58:13Z)
Maven home: /usr/local/maven-3.5.2
Java version: 1.8.0_151, vendor: Oracle Corporation
Java home: /usr/lib/jvm/java-8-oracle/jre
Default locale: en_US, platform encoding: UTF-8
OS name: "linux", version: "4.4.0-101-generic", arch: "amd64", family: "unix"
[34m[1mgradle version[0m

------------------------------------------------------------
Gradle 4.0.1
------------------------------------------------------------

Build time:   2017-07-07 14:02:41 UTC
Revision:     38e5dc0f772daecca1d2681885d3d85414eb6826

Groovy:       2.4.11
Ant:          Apache Ant(TM) version 1.9.6 compiled on June 29 2015
JVM:          1.8.0_151 (Oracle Corporation 25.151-b12)
OS:           Linux 4.4.0-101-generic amd64

[34m[1mlein version[0m
Leiningen 2.8.1 on Java 1.8.0_151 Java HotSpot(TM) 64-Bit Server VM
[34m[1mPre-installed Node.js versions[0m
v4.8.6
v6.12.0
v6.12.1
v8.9
v8.9.1
[34m[1mphpenv versions[0m
  system
  5.6
* 5.6.32 (set by /home/travis/.phpenv/version)
  7.0
  7.0.25
  7.1
  7.1.11
  hhvm
  hhvm-stable
[34m[1mcomposer --version[0m
Composer version 1.5.2 2017-09-11 16:59:25
[34m[1mPre-installed Ruby versions[0m
ruby-2.2.7
ruby-2.3.4
ruby-2.4.1
travis_fold:end:system_info[0K
grep: /etc/apt/sources.list.d/*: No such file or directory
sed: cannot rename /etc/hosts: Device or resource busy
sed: cannot rename /etc/hosts: Device or resource busy
[33;1m3.5 is not installed; attempting download[0m
[33;1mDownloading archive: https://s3.amazonaws.com/travis-python-archives/binaries/ubuntu/14.04/x86_64/python-3.5.tar.bz2[0m
$ sudo tar xjf python-3.5.tar.bz2 --directory /
sed: can't read /etc/profile.d/pyenv.sh: No such file or directory
$ cd failed/getslash/slash
travis_time:start:246459e4[0K$ source ~/virtualenv/python3.5/bin/activate

travis_time:end:246459e4:start=1604319866713442047,finish=1604319866729223141,duration=15781094[0K$ python --version
Python 3.5.6
$ pip --version
pip 18.0 from /home/travis/virtualenv/python3.5.6/lib/python3.5/site-packages/pip (python 3.5)
travis_fold:start:install.1[0Ktravis_time:start:038e6208[0K$ pip install virtualenv==15.1.0
Collecting virtualenv==15.1.0
  Downloading https://files.pythonhosted.org/packages/6f/86/3dc328ee7b1a6419ebfac7896d882fba83c48e3561d22ddddf38294d3e83/virtualenv-15.1.0-py2.py3-none-any.whl (1.8MB)
Installing collected packages: virtualenv
  Found existing installation: virtualenv 16.0.0
    Uninstalling virtualenv-16.0.0:
      Successfully uninstalled virtualenv-16.0.0
Successfully installed virtualenv-15.1.0

travis_time:end:038e6208:start=1604319867125197805,finish=1604319868220472956,duration=1095275151[0Ktravis_fold:end:install.1[0Ktravis_fold:start:install.2[0Ktravis_time:start:079ebab9[0K$ pip install codecov==2.0.10
Collecting codecov==2.0.10
  Downloading https://files.pythonhosted.org/packages/e0/5d/3ebba3f5b994fe6af69638bef91980dfbd7b8e4d16c7c5ebee4e7c2ee138/codecov-2.0.10-py2.py3-none-any.whl
Collecting coverage (from codecov==2.0.10)
  Downloading https://files.pythonhosted.org/packages/35/58/e38636e8233b49982efca6a69c9974f2575439f637dc3b0e8ac0e77c550c/coverage-5.3-cp35-cp35m-manylinux1_x86_64.whl (229kB)
Collecting requests>=2.7.9 (from codecov==2.0.10)
  Downloading https://files.pythonhosted.org/packages/45/1e/0c169c6a5381e241ba7404532c16a21d86ab872c9bed8bdcd4c423954103/requests-2.24.0-py2.py3-none-any.whl (61kB)
Collecting chardet<4,>=3.0.2 (from requests>=2.7.9->codecov==2.0.10)
  Downloading https://files.pythonhosted.org/packages/bc/a9/01ffebfb562e4274b6487b4bb1ddec7ca55ec7510b22e4c51f14098443b8/chardet-3.0.4-py2.py3-none-any.whl (133kB)
Collecting idna<3,>=2.5 (from requests>=2.7.9->codecov==2.0.10)
  Downloading https://files.pythonhosted.org/packages/a2/38/928ddce2273eaa564f6f50de919327bf3a00f091b5baba8dfa9460f3a8a8/idna-2.10-py2.py3-none-any.whl (58kB)
Requirement already satisfied: certifi>=2017.4.17 in /home/travis/virtualenv/python3.5.6/lib/python3.5/site-packages (from requests>=2.7.9->codecov==2.0.10) (2018.4.16)
Collecting urllib3!=1.25.0,!=1.25.1,<1.26,>=1.21.1 (from requests>=2.7.9->codecov==2.0.10)
  Downloading https://files.pythonhosted.org/packages/56/aa/4ef5aa67a9a62505db124a5cb5262332d1d4153462eb8fd89c9fa41e5d92/urllib3-1.25.11-py2.py3-none-any.whl (127kB)
Installing collected packages: coverage, chardet, idna, urllib3, requests, codecov
Successfully installed chardet-3.0.4 codecov-2.0.10 coverage-5.3 idna-2.10 requests-2.24.0 urllib3-1.25.11

travis_time:end:079ebab9:start=1604319868233302582,finish=1604319870738653810,duration=2505351228[0Ktravis_fold:end:install.2[0Ktravis_time:start:0cb8490c[0K$ make env
python -m virtualenv .env
Using real prefix '/opt/python/3.5.6'
New python executable in /home/travis/build/failed/getslash/slash/.env/bin/python
Installing setuptools, pip, wheel...done.
.env/bin/pip install -e .[testing] -r doc/pip_requirements.txt
DEPRECATION: Python 3.5 reached the end of its life on September 13th, 2020. Please upgrade your Python as Python 3.5 is no longer maintained. pip 21.0 will drop support for Python 3.5 in January 2021. pip 21.0 will remove support for this functionality.
Obtaining file:///home/travis/build/failed/getslash/slash
Obtaining file:///home/travis/build/failed/getslash/slash (from -r doc/pip_requirements.txt (line 2))
Collecting releases
  Downloading releases-1.6.3-py2.py3-none-any.whl (22 kB)
Collecting alabaster
  Downloading alabaster-0.7.12-py2.py3-none-any.whl (14 kB)
Collecting Sphinx>1.4
  Downloading Sphinx-3.2.1-py3-none-any.whl (2.9 MB)
Collecting arrow
  Downloading arrow-0.17.0-py2.py3-none-any.whl (50 kB)
Collecting colorama
  Downloading colorama-0.4.4-py2.py3-none-any.whl (16 kB)
Collecting confetti>=2.4.1
  Downloading confetti-2.5.3.tar.gz (6.5 kB)
Collecting dessert>=1.3.1
  Downloading dessert-1.4.1.tar.gz (33 kB)
Collecting emport>=1.1.3
  Downloading emport-1.3.1.tar.gz (5.3 kB)
Collecting gossip>=2.2.0
  Downloading gossip-2.4.0.tar.gz (64 kB)
Collecting Jinja2
  Downloading Jinja2-2.11.2-py2.py3-none-any.whl (125 kB)
Collecting Logbook>=1.1.0
  Downloading Logbook-1.5.3.tar.gz (85 kB)
Collecting orderedset>=2.0.0
  Downloading orderedset-2.0.3.tar.gz (101 kB)
Collecting requests>=1.1.0
  Using cached requests-2.24.0-py2.py3-none-any.whl (61 kB)
Collecting SQLAlchemy
  Downloading SQLAlchemy-1.3.20-cp35-cp35m-manylinux2010_x86_64.whl (1.3 MB)
Collecting tmuxp
  Downloading tmuxp-1.5.8-py3-none-any.whl (25 kB)
Collecting raven
  Downloading raven-6.10.0-py2.py3-none-any.whl (284 kB)
Collecting py>=1.5.0
  Downloading py-1.9.0-py2.py3-none-any.whl (99 kB)
Collecting pyparsing
  Downloading pyparsing-2.4.7-py2.py3-none-any.whl (67 kB)
Collecting vintage>=0.4.0
  Downloading vintage-0.4.1.tar.gz (3.9 kB)
Collecting IPython
  Downloading ipython-7.9.0-py3-none-any.whl (775 kB)
Collecting coverage
  Using cached coverage-5.3-cp35-cp35m-manylinux1_x86_64.whl (229 kB)
Collecting coveralls
  Downloading coveralls-2.1.2-py2.py3-none-any.whl (13 kB)
Collecting munch
  Downloading munch-2.5.0-py2.py3-none-any.whl (10 kB)
Collecting pytest
  Downloading pytest-6.1.2-py3-none-any.whl (272 kB)
Collecting pytest-catchlog
  Downloading pytest_catchlog-1.2.2-py2.py3-none-any.whl (10 kB)
Collecting pytest-cov
  Downloading pytest_cov-2.10.1-py2.py3-none-any.whl (19 kB)
Collecting pytest-timeout
  Downloading pytest_timeout-1.4.2-py2.py3-none-any.whl (10 kB)
Collecting pyforge
  Downloading pyforge-1.3.0.tar.gz (20 kB)
Collecting pylint>=1.7
  Downloading pylint-2.6.0-py3-none-any.whl (325 kB)
Collecting semantic-version<2.7
  Downloading semantic_version-2.6.0-py3-none-any.whl (14 kB)
Collecting Pygments>=2.0
  Downloading Pygments-2.7.2-py3-none-any.whl (948 kB)
Collecting sphinxcontrib-htmlhelp
  Downloading sphinxcontrib_htmlhelp-1.0.3-py2.py3-none-any.whl (96 kB)
Collecting sphinxcontrib-jsmath
  Downloading sphinxcontrib_jsmath-1.0.1-py2.py3-none-any.whl (5.1 kB)
Collecting docutils>=0.12
  Downloading docutils-0.16-py2.py3-none-any.whl (548 kB)
Collecting babel>=1.3
  Downloading Babel-2.8.0-py2.py3-none-any.whl (8.6 MB)
Collecting sphinxcontrib-qthelp
  Downloading sphinxcontrib_qthelp-1.0.3-py2.py3-none-any.whl (90 kB)
Collecting snowballstemmer>=1.1
  Downloading snowballstemmer-2.0.0-py2.py3-none-any.whl (97 kB)
Collecting imagesize
  Downloading imagesize-1.2.0-py2.py3-none-any.whl (4.8 kB)
Collecting sphinxcontrib-devhelp
  Downloading sphinxcontrib_devhelp-1.0.2-py2.py3-none-any.whl (84 kB)
Collecting sphinxcontrib-applehelp
  Downloading sphinxcontrib_applehelp-1.0.2-py2.py3-none-any.whl (121 kB)
Collecting packaging
  Downloading packaging-20.4-py2.py3-none-any.whl (37 kB)
Requirement already satisfied: setuptools in ./.env/lib/python3.5/site-packages (from Sphinx>1.4->-r doc/pip_requirements.txt (line 5)) (50.3.2)
Collecting sphinxcontrib-serializinghtml
  Downloading sphinxcontrib_serializinghtml-1.1.4-py2.py3-none-any.whl (89 kB)
Collecting python-dateutil>=2.7.0
  Downloading python_dateutil-2.8.1-py2.py3-none-any.whl (227 kB)
Collecting sentinels>=0.0.5
  Downloading sentinels-1.0.0.tar.gz (4.1 kB)
Collecting six
  Downloading six-1.15.0-py2.py3-none-any.whl (10 kB)
Collecting atomicwrites>=1.0
  Downloading atomicwrites-1.4.0-py2.py3-none-any.whl (6.8 kB)
Collecting attrs
  Downloading attrs-20.2.0-py2.py3-none-any.whl (48 kB)
Collecting MarkupSafe>=0.23
  Downloading MarkupSafe-1.1.1-cp35-cp35m-manylinux1_x86_64.whl (27 kB)
Collecting urllib3!=1.25.0,!=1.25.1,<1.26,>=1.21.1
  Using cached urllib3-1.25.11-py2.py3-none-any.whl (127 kB)
Collecting certifi>=2017.4.17
  Downloading certifi-2020.6.20-py2.py3-none-any.whl (156 kB)
Collecting idna<3,>=2.5
  Using cached idna-2.10-py2.py3-none-any.whl (58 kB)
Collecting chardet<4,>=3.0.2
  Using cached chardet-3.0.4-py2.py3-none-any.whl (133 kB)
Collecting kaptan>=0.5.10
  Downloading kaptan-0.5.12.tar.gz (10 kB)
Collecting libtmux>=0.8<0.9
  Downloading libtmux-0.8.5-py3-none-any.whl (29 kB)
Collecting click>=7<8
  Downloading click-7.1.2-py2.py3-none-any.whl (82 kB)
Collecting prompt-toolkit<2.1.0,>=2.0.0
  Downloading prompt_toolkit-2.0.10-py3-none-any.whl (340 kB)
Collecting pexpect; sys_platform != "win32"
  Downloading pexpect-4.8.0-py2.py3-none-any.whl (59 kB)
Collecting decorator
  Downloading decorator-4.4.2-py2.py3-none-any.whl (9.2 kB)
Collecting pickleshare
  Downloading pickleshare-0.7.5-py2.py3-none-any.whl (6.9 kB)
Collecting traitlets>=4.2
  Downloading traitlets-4.3.3-py2.py3-none-any.whl (75 kB)
Collecting jedi>=0.10
  Downloading jedi-0.17.2-py2.py3-none-any.whl (1.4 MB)
Collecting backcall
  Downloading backcall-0.2.0-py2.py3-none-any.whl (11 kB)
Collecting docopt>=0.6.1
  Downloading docopt-0.6.2.tar.gz (25 kB)
Collecting importlib-metadata>=0.12; python_version < "3.8"
  Downloading importlib_metadata-2.0.0-py2.py3-none-any.whl (31 kB)
Collecting toml
  Downloading toml-0.10.2-py2.py3-none-any.whl (16 kB)
Collecting pathlib2>=2.2.0; python_version < "3.6"
  Downloading pathlib2-2.3.5-py2.py3-none-any.whl (18 kB)
Collecting pluggy<1.0,>=0.12
  Downloading pluggy-0.13.1-py2.py3-none-any.whl (18 kB)
Collecting iniconfig
  Downloading iniconfig-1.1.1-py2.py3-none-any.whl (5.0 kB)
Collecting astroid<=2.5,>=2.4.0
  Downloading astroid-2.4.2-py3-none-any.whl (213 kB)
Collecting isort<6,>=4.2.5
  Downloading isort-4.3.21-py2.py3-none-any.whl (42 kB)
Collecting mccabe<0.7,>=0.6
  Downloading mccabe-0.6.1-py2.py3-none-any.whl (8.6 kB)
Collecting pytz>=2015.7
  Downloading pytz-2020.4-py2.py3-none-any.whl (509 kB)
Collecting PyYAML<6,>=3.13
  Downloading PyYAML-5.3.1.tar.gz (269 kB)
Collecting wcwidth
  Downloading wcwidth-0.2.5-py2.py3-none-any.whl (30 kB)
Collecting ptyprocess>=0.5
  Downloading ptyprocess-0.6.0-py2.py3-none-any.whl (39 kB)
Collecting ipython-genutils
  Downloading ipython_genutils-0.2.0-py2.py3-none-any.whl (26 kB)
Collecting parso<0.8.0,>=0.7.0
  Downloading parso-0.7.1-py2.py3-none-any.whl (109 kB)
Collecting zipp>=0.5
  Downloading zipp-1.2.0-py2.py3-none-any.whl (4.8 kB)
Collecting wrapt~=1.11
  Downloading wrapt-1.12.1.tar.gz (27 kB)
Collecting lazy-object-proxy==1.4.*
  Downloading lazy_object_proxy-1.4.3-cp35-cp35m-manylinux1_x86_64.whl (55 kB)
Collecting typed-ast<1.5,>=1.4.0; implementation_name == "cpython" and python_version < "3.8"
  Downloading typed_ast-1.4.1-cp35-cp35m-manylinux1_x86_64.whl (737 kB)
Building wheels for collected packages: confetti, dessert, emport, gossip, Logbook, orderedset, vintage, pyforge, sentinels, kaptan, docopt, PyYAML, wrapt
  Building wheel for confetti (setup.py): started
  Building wheel for confetti (setup.py): finished with status 'done'
  Created wheel for confetti: filename=confetti-2.5.3-py3-none-any.whl size=7196 sha256=200c4fc59b2d7e5d4e0a1216cbf34e7ae05c0146928d27bd28b4da13e636e56c
  Stored in directory: /home/travis/.cache/pip/wheels/c2/83/12/94c38beac392040cf33f8f9f85b4f4790d47cb57c38e8badf1
  Building wheel for dessert (setup.py): started
  Building wheel for dessert (setup.py): finished with status 'done'
  Created wheel for dessert: filename=dessert-1.4.1-py3-none-any.whl size=22795 sha256=01d4f246cb1d96909672fe6606470df334cfe6a24aa341c692fa234c18d47afc
  Stored in directory: /home/travis/.cache/pip/wheels/bb/58/73/a34b41f1ca18597fe587f0eef13066dc41f076f031ec9f0c7d
  Building wheel for emport (setup.py): started
  Building wheel for emport (setup.py): finished with status 'done'
  Created wheel for emport: filename=emport-1.3.1-py3-none-any.whl size=2951 sha256=1a8235f6635526bd3d1409209cf66235362807d96f3173e0e63482bfb5b66233
  Stored in directory: /home/travis/.cache/pip/wheels/6b/fe/a4/1143bef605d816eefeaac66a74314e58818f64ec3d0fb8536f
  Building wheel for gossip (setup.py): started
  Building wheel for gossip (setup.py): finished with status 'done'
  Created wheel for gossip: filename=gossip-2.4.0-py3-none-any.whl size=14828 sha256=f76377312f43703a3603ff09738c5896a8d59dd8223f214a7d08f61ebb00f34d
  Stored in directory: /home/travis/.cache/pip/wheels/cc/e4/d6/d5092aa964cdcabfb35062591303dc4a54896617ff46f845c3
  Building wheel for Logbook (setup.py): started
  Building wheel for Logbook (setup.py): finished with status 'done'
  Created wheel for Logbook: filename=Logbook-1.5.3-cp35-cp35m-linux_x86_64.whl size=66381 sha256=e1b615e7ec663bf96ae80646c6c17cf0a171272de0ef366f91e1b78709ab2d0f
  Stored in directory: /home/travis/.cache/pip/wheels/c1/e7/ba/2f058e795252d37a0833a55df093cc967a20fc30fd226529d4
  Building wheel for orderedset (setup.py): started
  Building wheel for orderedset (setup.py): finished with status 'done'
  Created wheel for orderedset: filename=orderedset-2.0.3-cp35-cp35m-linux_x86_64.whl size=270044 sha256=09282492a49445e74a3105d88396afad05fa37f3f19fb64e18bc9cc5c23871d1
  Stored in directory: /home/travis/.cache/pip/wheels/fe/9a/9d/7f149dd9b76e6cc911f97add03d9eaba1733f24795e606d453
  Building wheel for vintage (setup.py): started
  Building wheel for vintage (setup.py): finished with status 'done'
  Created wheel for vintage: filename=vintage-0.4.1-py3-none-any.whl size=2830 sha256=e32c2fe4c96f179f8d619116442fc959a4e65ba1a04e7a0be9110f060cb5c543
  Stored in directory: /home/travis/.cache/pip/wheels/f9/b5/c8/da15ac7b054e05cd8204dc9b8fbe8b7f0921337a2c5ff14bb1
  Building wheel for pyforge (setup.py): started
  Building wheel for pyforge (setup.py): finished with status 'done'
  Created wheel for pyforge: filename=pyforge-1.3.0-py3-none-any.whl size=23216 sha256=6570ee0e9a9604342a8a9b9d5cf9711277d3e43b4217dab6d822bf6b106d9cc5
  Stored in directory: /home/travis/.cache/pip/wheels/6b/32/b6/2348695d72f40c18ce51c5d19e22827914c23d405a8020fcf1
  Building wheel for sentinels (setup.py): started
  Building wheel for sentinels (setup.py): finished with status 'done'
  Created wheel for sentinels: filename=sentinels-1.0.0-py3-none-any.whl size=3187 sha256=c4792a9eddd036e3bcac1a392edd6a35ded2498fb1a86a3f7b5b07935a6ab314
  Stored in directory: /home/travis/.cache/pip/wheels/0b/d5/77/49fb1d1a6209f97f0bb762f0350403d5f69da8e453aa6bbd12
  Building wheel for kaptan (setup.py): started
  Building wheel for kaptan (setup.py): finished with status 'done'
  Created wheel for kaptan: filename=kaptan-0.5.12-py3-none-any.whl size=10975 sha256=33b00a8b80e7ce9150adcbcff1aed2bb748647956ee918d4faf773f3feef21d9
  Stored in directory: /home/travis/.cache/pip/wheels/ac/5e/c9/9b154d2beec5fcce55aede5cc1d3b7256d153f9d8a8a41c32c
  Building wheel for docopt (setup.py): started
  Building wheel for docopt (setup.py): finished with status 'done'
  Created wheel for docopt: filename=docopt-0.6.2-py2.py3-none-any.whl size=13704 sha256=a3e8ed40c92f8ba74f1dc49674d15f58fcee8c6b1b5ccd9bfafbf12306ffabfa
  Stored in directory: /home/travis/.cache/pip/wheels/63/74/c4/1e4f0884a7ba7c26baa4a841240a507953dcfe7de606522571
  Building wheel for PyYAML (setup.py): started
  Building wheel for PyYAML (setup.py): finished with status 'done'
  Created wheel for PyYAML: filename=PyYAML-5.3.1-cp35-cp35m-linux_x86_64.whl size=418074 sha256=1ccd2d7e95af5f792390570420c39692d2d3423859ce6f93f327cdf3e37d286c
  Stored in directory: /home/travis/.cache/pip/wheels/57/d0/2c/e2003abb5bc1a94c2e8a6fe1c03b8055d074e34c13672e7eb7
  Building wheel for wrapt (setup.py): started
  Building wheel for wrapt (setup.py): finished with status 'done'
  Created wheel for wrapt: filename=wrapt-1.12.1-cp35-cp35m-linux_x86_64.whl size=66639 sha256=ab411d5bf4c8463c5248dfcb8d35381f233f3d40d771cf607af84eb475ea5cd0
  Stored in directory: /home/travis/.cache/pip/wheels/b8/2d/88/2fb764a7404287819251978fbfe4cacf9b4d8a1d41fce5dd97
Successfully built confetti dessert emport gossip Logbook orderedset vintage pyforge sentinels kaptan docopt PyYAML wrapt
Installing collected packages: Pygments, sphinxcontrib-htmlhelp, sphinxcontrib-jsmath, MarkupSafe, Jinja2, docutils, pytz, babel, sphinxcontrib-qthelp, snowballstemmer, imagesize, sphinxcontrib-devhelp, sphinxcontrib-applehelp, alabaster, six, pyparsing, packaging, urllib3, certifi, idna, chardet, requests, sphinxcontrib-serializinghtml, Sphinx, semantic-version, releases, python-dateutil, arrow, colorama, sentinels, confetti, munch, py, atomicwrites, attrs, dessert, Logbook, emport, vintage, gossip, orderedset, SQLAlchemy, PyYAML, kaptan, libtmux, click, tmuxp, raven, wcwidth, prompt-toolkit, ptyprocess, pexpect, decorator, pickleshare, ipython-genutils, traitlets, parso, jedi, backcall, IPython, coverage, docopt, coveralls, zipp, importlib-metadata, toml, pathlib2, pluggy, iniconfig, pytest, pytest-catchlog, pytest-cov, pytest-timeout, pyforge, wrapt, lazy-object-proxy, typed-ast, astroid, isort, mccabe, pylint, slash
  Running setup.py develop for slash
Successfully installed IPython-7.9.0 Jinja2-2.11.2 Logbook-1.5.3 MarkupSafe-1.1.1 PyYAML-5.3.1 Pygments-2.7.2 SQLAlchemy-1.3.20 Sphinx-3.2.1 alabaster-0.7.12 arrow-0.17.0 astroid-2.4.2 atomicwrites-1.4.0 attrs-20.2.0 babel-2.8.0 backcall-0.2.0 certifi-2020.6.20 chardet-3.0.4 click-7.1.2 colorama-0.4.4 confetti-2.5.3 coverage-5.3 coveralls-2.1.2 decorator-4.4.2 dessert-1.4.1 docopt-0.6.2 docutils-0.16 emport-1.3.1 gossip-2.4.0 idna-2.10 imagesize-1.2.0 importlib-metadata-2.0.0 iniconfig-1.1.1 ipython-genutils-0.2.0 isort-4.3.21 jedi-0.17.2 kaptan-0.5.12 lazy-object-proxy-1.4.3 libtmux-0.8.5 mccabe-0.6.1 munch-2.5.0 orderedset-2.0.3 packaging-20.4 parso-0.7.1 pathlib2-2.3.5 pexpect-4.8.0 pickleshare-0.7.5 pluggy-0.13.1 prompt-toolkit-2.0.10 ptyprocess-0.6.0 py-1.9.0 pyforge-1.3.0 pylint-2.6.0 pyparsing-2.4.7 pytest-6.1.2 pytest-catchlog-1.2.2 pytest-cov-2.10.1 pytest-timeout-1.4.2 python-dateutil-2.8.1 pytz-2020.4 raven-6.10.0 releases-1.6.3 requests-2.24.0 semantic-version-2.6.0 sentinels-1.0.0 six-1.15.0 slash snowballstemmer-2.0.0 sphinxcontrib-applehelp-1.0.2 sphinxcontrib-devhelp-1.0.2 sphinxcontrib-htmlhelp-1.0.3 sphinxcontrib-jsmath-1.0.1 sphinxcontrib-qthelp-1.0.3 sphinxcontrib-serializinghtml-1.1.4 tmuxp-1.5.8 toml-0.10.2 traitlets-4.3.3 typed-ast-1.4.1 urllib3-1.25.11 vintage-0.4.1 wcwidth-0.2.5 wrapt-1.12.1 zipp-1.2.0
touch .env/.up-to-date

travis_time:end:0cb8490c:start=1604319870751557813,finish=1604319924257874118,duration=53506316305[0K
[32;1mThe command "make env" exited with 0.[0m
travis_time:start:1cdf72a0[0K$ make test
.env/bin/py.test --cov=slash --cov-report=html tests
============================= test session starts ==============================
platform linux -- Python 3.5.6, pytest-6.1.2, py-1.9.0, pluggy-0.13.1
rootdir: /home/travis/build/failed/getslash/slash, configfile: pytest.ini
plugins: catchlog-1.2.2, cov-2.10.1, timeout-1.4.2
collected 1514 items

tests/test_add_error.py ........................                         [  1%]
tests/test_app_context.py ..                                             [  1%]
tests/test_assertions.py .....................                           [  3%]
tests/test_autouse_fixtures.py ....................                      [  4%]
tests/test_cleanup_manager.py .....                                      [  4%]
tests/test_cleanups.py ................................................. [  7%]
..................                                                       [  9%]
tests/test_cli_environment.py ..............                             [ 10%]
tests/test_cli_utils.py ......                                           [ 10%]
tests/test_color_strings.py ........                                     [ 11%]
tests/test_console_log_truncation.py ..                                  [ 11%]
tests/test_console_reporter.py ........................                  [ 12%]
tests/test_context.py ........................                           [ 14%]
tests/test_coverage_plugin.py .......                                    [ 14%]
tests/test_cyclic_fixture_detection.py ........                          [ 15%]
tests/test_debugging.py ....                                             [ 15%]
tests/test_doctests.py .........................                         [ 17%]
tests/test_error_object.py .............                                 [ 18%]
tests/test_error_object_stack_trace.py ........                          [ 18%]
tests/test_exception_attributes.py ..                                    [ 18%]
tests/test_exception_handling.py .........s......................        [ 20%]
tests/test_exception_marks.py ...                                        [ 21%]
tests/test_ext_hook.py ...                                               [ 21%]
tests/test_factory_information.py ............                           [ 22%]
tests/test_facts.py ....                                                 [ 22%]
tests/test_failures.py .................                                 [ 23%]
tests/test_fixture_annotations.py ................................       [ 25%]
tests/test_fixture_exceptions.py ................                        [ 26%]
tests/test_fixture_exclusion.py .....                                    [ 26%]
tests/test_fixture_features.py ............                              [ 27%]
tests/test_fixture_mechanism.py .....................................    [ 30%]
tests/test_fixture_namespaces.py ..                                      [ 30%]
tests/test_fixture_resolution.py ...                                     [ 30%]
tests/test_fixture_scoping.py ......                                     [ 30%]
tests/test_fixture_start_end_test.py ........                            [ 31%]
tests/test_fixture_string_representation.py ....                         [ 31%]
tests/test_fixture_test_addresses.py ....                                [ 31%]
tests/test_fixtures.py ................................................. [ 35%]
                                                                         [ 35%]
tests/test_formatter.py ..........                                       [ 35%]
tests/test_function_marker.py .........                                  [ 36%]
tests/test_generator_fixture.py ........                                 [ 36%]
tests/test_global_storage.py .                                           [ 37%]
tests/test_globals.py .....                                              [ 37%]
tests/test_hook_calling.py ............................................. [ 40%]
..                                                                       [ 40%]
tests/test_hook_errors.py .....                                          [ 40%]
tests/test_hooks.py .....                                                [ 41%]
tests/test_id_space.py .                                                 [ 41%]
tests/test_interactive.py ....                                           [ 41%]
tests/test_interruptions.py ........................                     [ 43%]
tests/test_invalid_test_detection.py ....                                [ 43%]
tests/test_iteration.py ........                                         [ 43%]
tests/test_list_config.py ..                                             [ 43%]
tests/test_list_plugins.py ..                                            [ 44%]
tests/test_loader.py .........................                           [ 45%]
tests/test_local_config.py ...                                           [ 45%]
tests/test_logging.py .................................................. [ 49%]
.....................                                                    [ 50%]
tests/test_nofixtures.py ..                                              [ 50%]
tests/test_object_marker.py ............................................ [ 53%]
......................                                                   [ 55%]
tests/test_parallel.py ..................................                [ 57%]
tests/test_parametrization_ordering.py ..                                [ 57%]
tests/test_pattern_matching.py .......                                   [ 57%]
tests/test_plugin_activation.py ...................                      [ 59%]
tests/test_plugin_commandline.py ..                                      [ 59%]
tests/test_plugin_config.py .                                            [ 59%]
tests/test_plugin_dependency.py ................                         [ 60%]
tests/test_plugin_discovery.py .                                         [ 60%]
tests/test_plugin_errors.py ...                                          [ 60%]
tests/test_plugins.py .................                                  [ 61%]
tests/test_preliminary_errors.py ...                                     [ 62%]
tests/test_project_customization.py ....................                 [ 63%]
tests/test_python_utils.py .                                             [ 63%]
tests/test_repeat.py .........F........                                  [ 64%]
tests/test_reporters.py ......                                           [ 65%]
tests/test_requirements.py ............................................. [ 68%]
................................................                         [ 71%]
tests/test_result.py ............................................        [ 74%]
tests/test_result_details.py ............                                [ 74%]
tests/test_retained_logs_handler.py ..                                   [ 75%]
tests/test_running.py .................................................. [ 78%]
.........                                                                [ 78%]
tests/test_running_ad_hoc_tests.py ..                                    [ 79%]
tests/test_scope_manager.py ..                                           [ 79%]
tests/test_scoped_cleanups.py ......                                     [ 79%]
tests/test_site_customization.py ......                                  [ 79%]
tests/test_skips.py .......                                              [ 80%]
tests/test_slash_list.py ......................                          [ 81%]
tests/test_slash_resume.py .........                                     [ 82%]
tests/test_slash_run.py .................                                [ 83%]
tests/test_suite_files.py ................................               [ 85%]
tests/test_suite_writer.py ...                                           [ 85%]
tests/test_suite_writer_factories.py .                                   [ 85%]
tests/test_suite_writer_fixtures.py ....                                 [ 86%]
tests/test_suite_writer_negative.py ..                                   [ 86%]
tests/test_suite_writer_running.py ....                                  [ 86%]
tests/test_tagging.py .............................................      [ 89%]
tests/test_terminal_writer_wrapper.py ...                                [ 89%]
tests/test_test.py ......                                                [ 90%]
tests/test_test_loading.py ....                                          [ 90%]
tests/test_test_metadata.py ................................             [ 92%]
tests/test_test_parameters.py ............                               [ 93%]
tests/test_traceback_utils.py .......                                    [ 93%]
tests/test_unified_session_log.py ............                           [ 94%]
tests/test_ut_utils.py ....                                              [ 94%]
tests/test_utils.py ..                                                   [ 95%]
tests/test_variation_info.py .........                                   [ 95%]
tests/test_warning_capture.py .....                                      [ 95%]
tests/test_warnings.py ..........                                        [ 96%]
tests/test_xunit_plugin.py ............................................. [ 99%]
                                                                         [ 99%]
tests/test_yield_fixture.py ......                                       [100%]

=================================== FAILURES ===================================
____________________________ test_repeat_all_global ____________________________

suite = <tests.utils.suite_writer.suite.Suite object at 0x14a1c583dcf8>
config_override = <function config_override.<locals>._override at 0x14a1c6a2e378>

    def test_repeat_all_global(suite, config_override):
        num_repetitions = 5
        config_override('run.repeat_all', num_repetitions)
        for index, test in enumerate(suite):
            test.append_line('slash.context.result.data["index"]={}'.format(index))
    
        for test in suite:
            test.expect_repetition(num_repetitions)
    
        summary = suite.run()
    
        indices = [res.data['index'] for res in summary.session.results.iter_test_results()]
>       assert indices == [x for x in range(len(suite)) for _ in range(num_repetitions)]
E       assert [0, 1, 2, 3, 4, 5, ...] == [0, 0, 0, 0, 0, 1, ...]
E         At index 1 diff: 1 != 0
E         Use -v to get the full diff

tests/test_repeat.py:41: AssertionError
----------------------------- Captured stderr call -----------------------------
[2020-11-02 12:30:10.676400] DEBUG: slash.loader: Checking /tmp/tmphf6bu8yc/test_08531.py
[2020-11-02 12:30:10.681491] TRACE: emport: Creating new package for /tmp/tmphf6bu8yc/test_08531.py
[2020-11-02 12:30:10.681691] TRACE: emport: After split: /tmp/tmphf6bu8yc, test_08531
[2020-11-02 12:30:10.691763] TRACE: slash.core.cleanup_manager: CleanupManager: pushing scope 'session-global'
[2020-11-02 12:30:10.696830] NOTICE: slash.runner: #1: /tmp/tmphf6bu8yc/test_08531.py:Test08532.test_08533
[2020-11-02 12:30:10.697323] DEBUG: slash.runner: Started test #1: <Runnable test </tmp/tmphf6bu8yc/test_08531.py:Test08532.test_08533>>
[2020-11-02 12:30:10.705753] TRACE: slash.core.scope_manager: Pushed scope session
[2020-11-02 12:30:10.705904] TRACE: slash.core.cleanup_manager: CleanupManager: pushing scope 'session'
[2020-11-02 12:30:10.706015] TRACE: slash.core.scope_manager: Pushed scope module
[2020-11-02 12:30:10.706109] TRACE: slash.core.cleanup_manager: CleanupManager: pushing scope 'module'
[2020-11-02 12:30:10.706204] TRACE: slash.core.scope_manager: Pushed scope test
[2020-11-02 12:30:10.706293] TRACE: slash.core.cleanup_manager: CleanupManager: pushing scope 'test'
[2020-11-02 12:30:10.718975] TRACE: slash.core.scope_manager: Popping scope test (expected test)
[2020-11-02 12:30:10.719128] TRACE: slash.core.cleanup_manager: CleanupManager: popping scope 'test' (failure: False, interrupt: False)
[2020-11-02 12:30:10.719235] TRACE: slash.core.cleanup_manager: Calling cleanups of scope 'test' (failure=False, interrupt=False)
[2020-11-02 12:30:10.723955] TRACE: slash.core.scope_manager: Popped scope test
[2020-11-02 12:30:10.728605] NOTICE: slash.runner: #2: /tmp/tmphf6bu8yc/test_08531.py:test_08534
[2020-11-02 12:30:10.729064] DEBUG: slash.runner: Started test #2: <Runnable test </tmp/tmphf6bu8yc/test_08531.py:test_08534>>
[2020-11-02 12:30:10.737398] TRACE: slash.core.scope_manager: Pushed scope test
[2020-11-02 12:30:10.737537] TRACE: slash.core.cleanup_manager: CleanupManager: pushing scope 'test'
[2020-11-02 12:30:10.741855] TRACE: slash.core.scope_manager: Popping scope test (expected test)
[2020-11-02 12:30:10.742005] TRACE: slash.core.cleanup_manager: CleanupManager: popping scope 'test' (failure: False, interrupt: False)
[2020-11-02 12:30:10.742110] TRACE: slash.core.cleanup_manager: Calling cleanups of scope 'test' (failure=False, interrupt=False)
[2020-11-02 12:30:10.746726] TRACE: slash.core.scope_manager: Popped scope test
[2020-11-02 12:30:10.751225] NOTICE: slash.runner: #3: /tmp/tmphf6bu8yc/test_08531.py:Test08532.test_08535
[2020-11-02 12:30:10.751672] DEBUG: slash.runner: Started test #3: <Runnable test </tmp/tmphf6bu8yc/test_08531.py:Test08532.test_08535>>
[2020-11-02 12:30:10.759971] TRACE: slash.core.scope_manager: Pushed scope test
[2020-11-02 12:30:10.760111] TRACE: slash.core.cleanup_manager: CleanupManager: pushing scope 'test'
[2020-11-02 12:30:10.773031] TRACE: slash.core.scope_manager: Popping scope test (expected test)
[2020-11-02 12:30:10.773183] TRACE: slash.core.cleanup_manager: CleanupManager: popping scope 'test' (failure: False, interrupt: False)
[2020-11-02 12:30:10.773290] TRACE: slash.core.cleanup_manager: Calling cleanups of scope 'test' (failure=False, interrupt=False)
[2020-11-02 12:30:10.778003] TRACE: slash.core.scope_manager: Popped scope test
[2020-11-02 12:30:10.782519] NOTICE: slash.runner: #4: /tmp/tmphf6bu8yc/test_08531.py:test_08536
[2020-11-02 12:30:10.782970] DEBUG: slash.runner: Started test #4: <Runnable test </tmp/tmphf6bu8yc/test_08531.py:test_08536>>
[2020-11-02 12:30:10.792731] TRACE: slash.core.scope_manager: Pushed scope test
[2020-11-02 12:30:10.792868] TRACE: slash.core.cleanup_manager: CleanupManager: pushing scope 'test'
[2020-11-02 12:30:10.797163] TRACE: slash.core.scope_manager: Popping scope test (expected test)
[2020-11-02 12:30:10.797312] TRACE: slash.core.cleanup_manager: CleanupManager: popping scope 'test' (failure: False, interrupt: False)
[2020-11-02 12:30:10.797415] TRACE: slash.core.cleanup_manager: Calling cleanups of scope 'test' (failure=False, interrupt=False)
[2020-11-02 12:30:10.802006] TRACE: slash.core.scope_manager: Popped scope test
[2020-11-02 12:30:10.806543] NOTICE: slash.runner: #5: /tmp/tmphf6bu8yc/test_08531.py:Test08532.test_08537
[2020-11-02 12:30:10.806994] DEBUG: slash.runner: Started test #5: <Runnable test </tmp/tmphf6bu8yc/test_08531.py:Test08532.test_08537>>
[2020-11-02 12:30:10.815293] TRACE: slash.core.scope_manager: Pushed scope test
[2020-11-02 12:30:10.815433] TRACE: slash.core.cleanup_manager: CleanupManager: pushing scope 'test'
[2020-11-02 12:30:10.827970] TRACE: slash.core.scope_manager: Popping scope test (expected test)
[2020-11-02 12:30:10.828125] TRACE: slash.core.cleanup_manager: CleanupManager: popping scope 'test' (failure: False, interrupt: False)
[2020-11-02 12:30:10.828232] TRACE: slash.core.cleanup_manager: Calling cleanups of scope 'test' (failure=False, interrupt=False)
[2020-11-02 12:30:10.832737] TRACE: slash.core.scope_manager: Popped scope test
[2020-11-02 12:30:10.837414] NOTICE: slash.runner: #6: /tmp/tmphf6bu8yc/test_08531.py:test_08538
[2020-11-02 12:30:10.837876] DEBUG: slash.runner: Started test #6: <Runnable test </tmp/tmphf6bu8yc/test_08531.py:test_08538>>
[2020-11-02 12:30:10.846084] TRACE: slash.core.scope_manager: Pushed scope test
[2020-11-02 12:30:10.846226] TRACE: slash.core.cleanup_manager: CleanupManager: pushing scope 'test'
[2020-11-02 12:30:10.850400] TRACE: slash.core.scope_manager: Popping scope test (expected test)
[2020-11-02 12:30:10.850547] TRACE: slash.core.cleanup_manager: CleanupManager: popping scope 'test' (failure: False, interrupt: False)
[2020-11-02 12:30:10.850650] TRACE: slash.core.cleanup_manager: Calling cleanups of scope 'test' (failure=False, interrupt=False)
[2020-11-02 12:30:10.855018] TRACE: slash.core.scope_manager: Popped scope test
[2020-11-02 12:30:10.858546] NOTICE: slash.runner: #7: /tmp/tmphf6bu8yc/test_08531.py:Test08539.test_08540
[2020-11-02 12:30:10.858897] DEBUG: slash.runner: Started test #7: <Runnable test </tmp/tmphf6bu8yc/test_08531.py:Test08539.test_08540>>
[2020-11-02 12:30:10.865764] TRACE: slash.core.scope_manager: Pushed scope test
[2020-11-02 12:30:10.865932] TRACE: slash.core.cleanup_manager: CleanupManager: pushing scope 'test'
[2020-11-02 12:30:10.878476] TRACE: slash.core.scope_manager: Popping scope test (expected test)
[2020-11-02 12:30:10.878634] TRACE: slash.core.cleanup_manager: CleanupManager: popping scope 'test' (failure: False, interrupt: False)
[2020-11-02 12:30:10.878715] TRACE: slash.core.cleanup_manager: Calling cleanups of scope 'test' (failure=False, interrupt=False)
[2020-11-02 12:30:10.882170] TRACE: slash.core.scope_manager: Popped scope test
[2020-11-02 12:30:10.885950] NOTICE: slash.runner: #8: /tmp/tmphf6bu8yc/test_08531.py:test_08541
[2020-11-02 12:30:10.886334] DEBUG: slash.runner: Started test #8: <Runnable test </tmp/tmphf6bu8yc/test_08531.py:test_08541>>
[2020-11-02 12:30:10.893012] TRACE: slash.core.scope_manager: Pushed scope test
[2020-11-02 12:30:10.893148] TRACE: slash.core.cleanup_manager: CleanupManager: pushing scope 'test'
[2020-11-02 12:30:10.896356] TRACE: slash.core.scope_manager: Popping scope test (expected test)
[2020-11-02 12:30:10.896472] TRACE: slash.core.cleanup_manager: CleanupManager: popping scope 'test' (failure: False, interrupt: False)
[2020-11-02 12:30:10.896550] TRACE: slash.core.cleanup_manager: Calling cleanups of scope 'test' (failure=False, interrupt=False)
[2020-11-02 12:30:10.900128] TRACE: slash.core.scope_manager: Popped scope test
[2020-11-02 12:30:10.903740] NOTICE: slash.runner: #9: /tmp/tmphf6bu8yc/test_08531.py:Test08539.test_08542
[2020-11-02 12:30:10.904098] DEBUG: slash.runner: Started test #9: <Runnable test </tmp/tmphf6bu8yc/test_08531.py:Test08539.test_08542>>
[2020-11-02 12:30:10.910552] TRACE: slash.core.scope_manager: Pushed scope test
[2020-11-02 12:30:10.910675] TRACE: slash.core.cleanup_manager: CleanupManager: pushing scope 'test'
[2020-11-02 12:30:10.920404] TRACE: slash.core.scope_manager: Popping scope test (expected test)
[2020-11-02 12:30:10.920550] TRACE: slash.core.cleanup_manager: CleanupManager: popping scope 'test' (failure: False, interrupt: False)
[2020-11-02 12:30:10.920644] TRACE: slash.core.cleanup_manager: Calling cleanups of scope 'test' (failure=False, interrupt=False)
[2020-11-02 12:30:10.924143] TRACE: slash.core.scope_manager: Popped scope test
[2020-11-02 12:30:10.927800] NOTICE: slash.runner: #10: /tmp/tmphf6bu8yc/test_08531.py:test_08543
[2020-11-02 12:30:10.928179] DEBUG: slash.runner: Started test #10: <Runnable test </tmp/tmphf6bu8yc/test_08531.py:test_08543>>
[2020-11-02 12:30:10.934566] TRACE: slash.core.scope_manager: Pushed scope test
[2020-11-02 12:30:10.934681] TRACE: slash.core.cleanup_manager: CleanupManager: pushing scope 'test'
[2020-11-02 12:30:10.937977] TRACE: slash.core.scope_manager: Popping scope test (expected test)
[2020-11-02 12:30:10.938095] TRACE: slash.core.cleanup_manager: CleanupManager: popping scope 'test' (failure: False, interrupt: False)
[2020-11-02 12:30:10.938175] TRACE: slash.core.cleanup_manager: Calling cleanups of scope 'test' (failure=False, interrupt=False)
[2020-11-02 12:30:10.941940] TRACE: slash.core.scope_manager: Popped scope test
[2020-11-02 12:30:10.945528] NOTICE: slash.runner: #11: /tmp/tmphf6bu8yc/test_08531.py:Test08532.test_08533
[2020-11-02 12:30:10.945900] DEBUG: slash.runner: Started test #11: <Runnable test </tmp/tmphf6bu8yc/test_08531.py:Test08532.test_08533>>
[2020-11-02 12:30:10.952261] TRACE: slash.core.scope_manager: Pushed scope test
[2020-11-02 12:30:10.952371] TRACE: slash.core.cleanup_manager: CleanupManager: pushing scope 'test'
[2020-11-02 12:30:10.963138] TRACE: slash.core.scope_manager: Popping scope test (expected test)
[2020-11-02 12:30:10.963284] TRACE: slash.core.cleanup_manager: CleanupManager: popping scope 'test' (failure: False, interrupt: False)
[2020-11-02 12:30:10.963364] TRACE: slash.core.cleanup_manager: Calling cleanups of scope 'test' (failure=False, interrupt=False)
[2020-11-02 12:30:10.966865] TRACE: slash.core.scope_manager: Popped scope test
[2020-11-02 12:30:10.970426] NOTICE: slash.runner: #12: /tmp/tmphf6bu8yc/test_08531.py:test_08534
[2020-11-02 12:30:10.970809] DEBUG: slash.runner: Started test #12: <Runnable test </tmp/tmphf6bu8yc/test_08531.py:test_08534>>
[2020-11-02 12:30:10.977461] TRACE: slash.core.scope_manager: Pushed scope test
[2020-11-02 12:30:10.977577] TRACE: slash.core.cleanup_manager: CleanupManager: pushing scope 'test'
[2020-11-02 12:30:10.980881] TRACE: slash.core.scope_manager: Popping scope test (expected test)
[2020-11-02 12:30:10.980997] TRACE: slash.core.cleanup_manager: CleanupManager: popping scope 'test' (failure: False, interrupt: False)
[2020-11-02 12:30:10.981077] TRACE: slash.core.cleanup_manager: Calling cleanups of scope 'test' (failure=False, interrupt=False)
[2020-11-02 12:30:10.984737] TRACE: slash.core.scope_manager: Popped scope test
[2020-11-02 12:30:10.988426] NOTICE: slash.runner: #13: /tmp/tmphf6bu8yc/test_08531.py:Test08532.test_08535
[2020-11-02 12:30:10.988784] DEBUG: slash.runner: Started test #13: <Runnable test </tmp/tmphf6bu8yc/test_08531.py:Test08532.test_08535>>
[2020-11-02 12:30:10.995240] TRACE: slash.core.scope_manager: Pushed scope test
[2020-11-02 12:30:10.995354] TRACE: slash.core.cleanup_manager: CleanupManager: pushing scope 'test'
[2020-11-02 12:30:11.005054] TRACE: slash.core.scope_manager: Popping scope test (expected test)
[2020-11-02 12:30:11.005177] TRACE: slash.core.cleanup_manager: CleanupManager: popping scope 'test' (failure: False, interrupt: False)
[2020-11-02 12:30:11.005257] TRACE: slash.core.cleanup_manager: Calling cleanups of scope 'test' (failure=False, interrupt=False)
[2020-11-02 12:30:11.008699] TRACE: slash.core.scope_manager: Popped scope test
[2020-11-02 12:30:11.012310] NOTICE: slash.runner: #14: /tmp/tmphf6bu8yc/test_08531.py:test_08536
[2020-11-02 12:30:11.012665] DEBUG: slash.runner: Started test #14: <Runnable test </tmp/tmphf6bu8yc/test_08531.py:test_08536>>
[2020-11-02 12:30:11.018853] TRACE: slash.core.scope_manager: Pushed scope test
[2020-11-02 12:30:11.018966] TRACE: slash.core.cleanup_manager: CleanupManager: pushing scope 'test'
[2020-11-02 12:30:11.022130] TRACE: slash.core.scope_manager: Popping scope test (expected test)
[2020-11-02 12:30:11.022250] TRACE: slash.core.cleanup_manager: CleanupManager: popping scope 'test' (failure: False, interrupt: False)
[2020-11-02 12:30:11.022329] TRACE: slash.core.cleanup_manager: Calling cleanups of scope 'test' (failure=False, interrupt=False)
[2020-11-02 12:30:11.025914] TRACE: slash.core.scope_manager: Popped scope test
[2020-11-02 12:30:11.029432] NOTICE: slash.runner: #15: /tmp/tmphf6bu8yc/test_08531.py:Test08532.test_08537
[2020-11-02 12:30:11.029794] DEBUG: slash.runner: Started test #15: <Runnable test </tmp/tmphf6bu8yc/test_08531.py:Test08532.test_08537>>
[2020-11-02 12:30:11.036024] TRACE: slash.core.scope_manager: Pushed scope test
[2020-11-02 12:30:11.036135] TRACE: slash.core.cleanup_manager: CleanupManager: pushing scope 'test'
[2020-11-02 12:30:11.046723] TRACE: slash.core.scope_manager: Popping scope test (expected test)
[2020-11-02 12:30:11.046851] TRACE: slash.core.cleanup_manager: CleanupManager: popping scope 'test' (failure: False, interrupt: False)
[2020-11-02 12:30:11.046931] TRACE: slash.core.cleanup_manager: Calling cleanups of scope 'test' (failure=False, interrupt=False)
[2020-11-02 12:30:11.050294] TRACE: slash.core.scope_manager: Popped scope test
[2020-11-02 12:30:11.053763] NOTICE: slash.runner: #16: /tmp/tmphf6bu8yc/test_08531.py:test_08538
[2020-11-02 12:30:11.054112] DEBUG: slash.runner: Started test #16: <Runnable test </tmp/tmphf6bu8yc/test_08531.py:test_08538>>
[2020-11-02 12:30:11.060411] TRACE: slash.core.scope_manager: Pushed scope test
[2020-11-02 12:30:11.060523] TRACE: slash.core.cleanup_manager: CleanupManager: pushing scope 'test'
[2020-11-02 12:30:11.063704] TRACE: slash.core.scope_manager: Popping scope test (expected test)
[2020-11-02 12:30:11.063819] TRACE: slash.core.cleanup_manager: CleanupManager: popping scope 'test' (failure: False, interrupt: False)
[2020-11-02 12:30:11.063897] TRACE: slash.core.cleanup_manager: Calling cleanups of scope 'test' (failure=False, interrupt=False)
[2020-11-02 12:30:11.067470] TRACE: slash.core.scope_manager: Popped scope test
[2020-11-02 12:30:11.070945] NOTICE: slash.runner: #17: /tmp/tmphf6bu8yc/test_08531.py:Test08539.test_08540
[2020-11-02 12:30:11.071296] DEBUG: slash.runner: Started test #17: <Runnable test </tmp/tmphf6bu8yc/test_08531.py:Test08539.test_08540>>
[2020-11-02 12:30:11.077692] TRACE: slash.core.scope_manager: Pushed scope test
[2020-11-02 12:30:11.077808] TRACE: slash.core.cleanup_manager: CleanupManager: pushing scope 'test'
[2020-11-02 12:30:11.087411] TRACE: slash.core.scope_manager: Popping scope test (expected test)
[2020-11-02 12:30:11.087535] TRACE: slash.core.cleanup_manager: CleanupManager: popping scope 'test' (failure: False, interrupt: False)
[2020-11-02 12:30:11.087614] TRACE: slash.core.cleanup_manager: Calling cleanups of scope 'test' (failure=False, interrupt=False)
[2020-11-02 12:30:11.091039] TRACE: slash.core.scope_manager: Popped scope test
[2020-11-02 12:30:11.094624] NOTICE: slash.runner: #18: /tmp/tmphf6bu8yc/test_08531.py:test_08541
[2020-11-02 12:30:11.094974] DEBUG: slash.runner: Started test #18: <Runnable test </tmp/tmphf6bu8yc/test_08531.py:test_08541>>
[2020-11-02 12:30:11.101192] TRACE: slash.core.scope_manager: Pushed scope test
[2020-11-02 12:30:11.101304] TRACE: slash.core.cleanup_manager: CleanupManager: pushing scope 'test'
[2020-11-02 12:30:11.104489] TRACE: slash.core.scope_manager: Popping scope test (expected test)
[2020-11-02 12:30:11.104606] TRACE: slash.core.cleanup_manager: CleanupManager: popping scope 'test' (failure: False, interrupt: False)
[2020-11-02 12:30:11.104685] TRACE: slash.core.cleanup_manager: Calling cleanups of scope 'test' (failure=False, interrupt=False)
[2020-11-02 12:30:11.108247] TRACE: slash.core.scope_manager: Popped scope test
[2020-11-02 12:30:11.111873] NOTICE: slash.runner: #19: /tmp/tmphf6bu8yc/test_08531.py:Test08539.test_08542
[2020-11-02 12:30:11.112224] DEBUG: slash.runner: Started test #19: <Runnable test </tmp/tmphf6bu8yc/test_08531.py:Test08539.test_08542>>
[2020-11-02 12:30:11.121370] TRACE: slash.core.scope_manager: Pushed scope test
[2020-11-02 12:30:11.121501] TRACE: slash.core.cleanup_manager: CleanupManager: pushing scope 'test'
[2020-11-02 12:30:11.132461] TRACE: slash.core.scope_manager: Popping scope test (expected test)
[2020-11-02 12:30:11.132588] TRACE: slash.core.cleanup_manager: CleanupManager: popping scope 'test' (failure: False, interrupt: False)
[2020-11-02 12:30:11.132669] TRACE: slash.core.cleanup_manager: Calling cleanups of scope 'test' (failure=False, interrupt=False)
[2020-11-02 12:30:11.136221] TRACE: slash.core.scope_manager: Popped scope test
[2020-11-02 12:30:11.139725] NOTICE: slash.runner: #20: /tmp/tmphf6bu8yc/test_08531.py:test_08543
[2020-11-02 12:30:11.140086] DEBUG: slash.runner: Started test #20: <Runnable test </tmp/tmphf6bu8yc/test_08531.py:test_08543>>
[2020-11-02 12:30:11.146638] TRACE: slash.core.scope_manager: Pushed scope test
[2020-11-02 12:30:11.146754] TRACE: slash.core.cleanup_manager: CleanupManager: pushing scope 'test'
[2020-11-02 12:30:11.149957] TRACE: slash.core.scope_manager: Popping scope test (expected test)
[2020-11-02 12:30:11.150071] TRACE: slash.core.cleanup_manager: CleanupManager: popping scope 'test' (failure: False, interrupt: False)
[2020-11-02 12:30:11.150150] TRACE: slash.core.cleanup_manager: Calling cleanups of scope 'test' (failure=False, interrupt=False)
[2020-11-02 12:30:11.153709] TRACE: slash.core.scope_manager: Popped scope test
[2020-11-02 12:30:11.157286] NOTICE: slash.runner: #21: /tmp/tmphf6bu8yc/test_08531.py:Test08532.test_08533
[2020-11-02 12:30:11.157645] DEBUG: slash.runner: Started test #21: <Runnable test </tmp/tmphf6bu8yc/test_08531.py:Test08532.test_08533>>
[2020-11-02 12:30:11.164099] TRACE: slash.core.scope_manager: Pushed scope test
[2020-11-02 12:30:11.164218] TRACE: slash.core.cleanup_manager: CleanupManager: pushing scope 'test'
[2020-11-02 12:30:11.173906] TRACE: slash.core.scope_manager: Popping scope test (expected test)
[2020-11-02 12:30:11.174037] TRACE: slash.core.cleanup_manager: CleanupManager: popping scope 'test' (failure: False, interrupt: False)
[2020-11-02 12:30:11.174123] TRACE: slash.core.cleanup_manager: Calling cleanups of scope 'test' (failure=False, interrupt=False)
[2020-11-02 12:30:11.177584] TRACE: slash.core.scope_manager: Popped scope test
[2020-11-02 12:30:11.181317] NOTICE: slash.runner: #22: /tmp/tmphf6bu8yc/test_08531.py:test_08534
[2020-11-02 12:30:11.181675] DEBUG: slash.runner: Started test #22: <Runnable test </tmp/tmphf6bu8yc/test_08531.py:test_08534>>
[2020-11-02 12:30:11.188046] TRACE: slash.core.scope_manager: Pushed scope test
[2020-11-02 12:30:11.188159] TRACE: slash.core.cleanup_manager: CleanupManager: pushing scope 'test'
[2020-11-02 12:30:11.191386] TRACE: slash.core.scope_manager: Popping scope test (expected test)
[2020-11-02 12:30:11.191503] TRACE: slash.core.cleanup_manager: CleanupManager: popping scope 'test' (failure: False, interrupt: False)
[2020-11-02 12:30:11.191584] TRACE: slash.core.cleanup_manager: Calling cleanups of scope 'test' (failure=False, interrupt=False)
[2020-11-02 12:30:11.195288] TRACE: slash.core.scope_manager: Popped scope test
[2020-11-02 12:30:11.198885] NOTICE: slash.runner: #23: /tmp/tmphf6bu8yc/test_08531.py:Test08532.test_08535
[2020-11-02 12:30:11.199237] DEBUG: slash.runner: Started test #23: <Runnable test </tmp/tmphf6bu8yc/test_08531.py:Test08532.test_08535>>
[2020-11-02 12:30:11.206683] TRACE: slash.core.scope_manager: Pushed scope test
[2020-11-02 12:30:11.206820] TRACE: slash.core.cleanup_manager: CleanupManager: pushing scope 'test'
[2020-11-02 12:30:11.216515] TRACE: slash.core.scope_manager: Popping scope test (expected test)
[2020-11-02 12:30:11.216641] TRACE: slash.core.cleanup_manager: CleanupManager: popping scope 'test' (failure: False, interrupt: False)
[2020-11-02 12:30:11.216721] TRACE: slash.core.cleanup_manager: Calling cleanups of scope 'test' (failure=False, interrupt=False)
[2020-11-02 12:30:11.220161] TRACE: slash.core.scope_manager: Popped scope test
[2020-11-02 12:30:11.223744] NOTICE: slash.runner: #24: /tmp/tmphf6bu8yc/test_08531.py:test_08536
[2020-11-02 12:30:11.224115] DEBUG: slash.runner: Started test #24: <Runnable test </tmp/tmphf6bu8yc/test_08531.py:test_08536>>
[2020-11-02 12:30:11.230556] TRACE: slash.core.scope_manager: Pushed scope test
[2020-11-02 12:30:11.230668] TRACE: slash.core.cleanup_manager: CleanupManager: pushing scope 'test'
[2020-11-02 12:30:11.233871] TRACE: slash.core.scope_manager: Popping scope test (expected test)
[2020-11-02 12:30:11.233995] TRACE: slash.core.cleanup_manager: CleanupManager: popping scope 'test' (failure: False, interrupt: False)
[2020-11-02 12:30:11.234078] TRACE: slash.core.cleanup_manager: Calling cleanups of scope 'test' (failure=False, interrupt=False)
[2020-11-02 12:30:11.237727] TRACE: slash.core.scope_manager: Popped scope test
[2020-11-02 12:30:11.241267] NOTICE: slash.runner: #25: /tmp/tmphf6bu8yc/test_08531.py:Test08532.test_08537
[2020-11-02 12:30:11.241617] DEBUG: slash.runner: Started test #25: <Runnable test </tmp/tmphf6bu8yc/test_08531.py:Test08532.test_08537>>
[2020-11-02 12:30:11.248002] TRACE: slash.core.scope_manager: Pushed scope test
[2020-11-02 12:30:11.248115] TRACE: slash.core.cleanup_manager: CleanupManager: pushing scope 'test'
[2020-11-02 12:30:11.257908] TRACE: slash.core.scope_manager: Popping scope test (expected test)
[2020-11-02 12:30:11.258042] TRACE: slash.core.cleanup_manager: CleanupManager: popping scope 'test' (failure: False, interrupt: False)
[2020-11-02 12:30:11.258130] TRACE: slash.core.cleanup_manager: Calling cleanups of scope 'test' (failure=False, interrupt=False)
[2020-11-02 12:30:11.261577] TRACE: slash.core.scope_manager: Popped scope test
[2020-11-02 12:30:11.265436] NOTICE: slash.runner: #26: /tmp/tmphf6bu8yc/test_08531.py:test_08538
[2020-11-02 12:30:11.265796] DEBUG: slash.runner: Started test #26: <Runnable test </tmp/tmphf6bu8yc/test_08531.py:test_08538>>
[2020-11-02 12:30:11.271991] TRACE: slash.core.scope_manager: Pushed scope test
[2020-11-02 12:30:11.272102] TRACE: slash.core.cleanup_manager: CleanupManager: pushing scope 'test'
[2020-11-02 12:30:11.275341] TRACE: slash.core.scope_manager: Popping scope test (expected test)
[2020-11-02 12:30:11.275459] TRACE: slash.core.cleanup_manager: CleanupManager: popping scope 'test' (failure: False, interrupt: False)
[2020-11-02 12:30:11.275537] TRACE: slash.core.cleanup_manager: Calling cleanups of scope 'test' (failure=False, interrupt=False)
[2020-11-02 12:30:11.280065] TRACE: slash.core.scope_manager: Popped scope test
[2020-11-02 12:30:11.283540] NOTICE: slash.runner: #27: /tmp/tmphf6bu8yc/test_08531.py:Test08539.test_08540
[2020-11-02 12:30:11.283887] DEBUG: slash.runner: Started test #27: <Runnable test </tmp/tmphf6bu8yc/test_08531.py:Test08539.test_08540>>
[2020-11-02 12:30:11.290181] TRACE: slash.core.scope_manager: Pushed scope test
[2020-11-02 12:30:11.290295] TRACE: slash.core.cleanup_manager: CleanupManager: pushing scope 'test'
[2020-11-02 12:30:11.299798] TRACE: slash.core.scope_manager: Popping scope test (expected test)
[2020-11-02 12:30:11.299920] TRACE: slash.core.cleanup_manager: CleanupManager: popping scope 'test' (failure: False, interrupt: False)
[2020-11-02 12:30:11.299998] TRACE: slash.core.cleanup_manager: Calling cleanups of scope 'test' (failure=False, interrupt=False)
[2020-11-02 12:30:11.303398] TRACE: slash.core.scope_manager: Popped scope test
[2020-11-02 12:30:11.306932] NOTICE: slash.runner: #28: /tmp/tmphf6bu8yc/test_08531.py:test_08541
[2020-11-02 12:30:11.307289] DEBUG: slash.runner: Started test #28: <Runnable test </tmp/tmphf6bu8yc/test_08531.py:test_08541>>
[2020-11-02 12:30:11.313430] TRACE: slash.core.scope_manager: Pushed scope test
[2020-11-02 12:30:11.313540] TRACE: slash.core.cleanup_manager: CleanupManager: pushing scope 'test'
[2020-11-02 12:30:11.316685] TRACE: slash.core.scope_manager: Popping scope test (expected test)
[2020-11-02 12:30:11.316798] TRACE: slash.core.cleanup_manager: CleanupManager: popping scope 'test' (failure: False, interrupt: False)
[2020-11-02 12:30:11.316882] TRACE: slash.core.cleanup_manager: Calling cleanups of scope 'test' (failure=False, interrupt=False)
[2020-11-02 12:30:11.320309] TRACE: slash.core.scope_manager: Popped scope test
[2020-11-02 12:30:11.323830] NOTICE: slash.runner: #29: /tmp/tmphf6bu8yc/test_08531.py:Test08539.test_08542
[2020-11-02 12:30:11.324173] DEBUG: slash.runner: Started test #29: <Runnable test </tmp/tmphf6bu8yc/test_08531.py:Test08539.test_08542>>
[2020-11-02 12:30:11.330304] TRACE: slash.core.scope_manager: Pushed scope test
[2020-11-02 12:30:11.330416] TRACE: slash.core.cleanup_manager: CleanupManager: pushing scope 'test'
[2020-11-02 12:30:11.339896] TRACE: slash.core.scope_manager: Popping scope test (expected test)
[2020-11-02 12:30:11.340012] TRACE: slash.core.cleanup_manager: CleanupManager: popping scope 'test' (failure: False, interrupt: False)
[2020-11-02 12:30:11.340084] TRACE: slash.core.cleanup_manager: Calling cleanups of scope 'test' (failure=False, interrupt=False)
[2020-11-02 12:30:11.343355] TRACE: slash.core.scope_manager: Popped scope test
[2020-11-02 12:30:11.346786] NOTICE: slash.runner: #30: /tmp/tmphf6bu8yc/test_08531.py:test_08543
[2020-11-02 12:30:11.347159] DEBUG: slash.runner: Started test #30: <Runnable test </tmp/tmphf6bu8yc/test_08531.py:test_08543>>
[2020-11-02 12:30:11.353979] TRACE: slash.core.scope_manager: Pushed scope test
[2020-11-02 12:30:11.354117] TRACE: slash.core.cleanup_manager: CleanupManager: pushing scope 'test'
[2020-11-02 12:30:11.357232] TRACE: slash.core.scope_manager: Popping scope test (expected test)
[2020-11-02 12:30:11.357338] TRACE: slash.core.cleanup_manager: CleanupManager: popping scope 'test' (failure: False, interrupt: False)
[2020-11-02 12:30:11.357409] TRACE: slash.core.cleanup_manager: Calling cleanups of scope 'test' (failure=False, interrupt=False)
[2020-11-02 12:30:11.360752] TRACE: slash.core.scope_manager: Popped scope test
[2020-11-02 12:30:11.364304] NOTICE: slash.runner: #31: /tmp/tmphf6bu8yc/test_08531.py:Test08532.test_08533
[2020-11-02 12:30:11.364815] DEBUG: slash.runner: Started test #31: <Runnable test </tmp/tmphf6bu8yc/test_08531.py:Test08532.test_08533>>
[2020-11-02 12:30:11.373304] TRACE: slash.core.scope_manager: Pushed scope test
[2020-11-02 12:30:11.373422] TRACE: slash.core.cleanup_manager: CleanupManager: pushing scope 'test'
[2020-11-02 12:30:11.383296] TRACE: slash.core.scope_manager: Popping scope test (expected test)
[2020-11-02 12:30:11.383422] TRACE: slash.core.cleanup_manager: CleanupManager: popping scope 'test' (failure: False, interrupt: False)
[2020-11-02 12:30:11.383503] TRACE: slash.core.cleanup_manager: Calling cleanups of scope 'test' (failure=False, interrupt=False)
[2020-11-02 12:30:11.387093] TRACE: slash.core.scope_manager: Popped scope test
[2020-11-02 12:30:11.390740] NOTICE: slash.runner: #32: /tmp/tmphf6bu8yc/test_08531.py:test_08534
[2020-11-02 12:30:11.391104] DEBUG: slash.runner: Started test #32: <Runnable test </tmp/tmphf6bu8yc/test_08531.py:test_08534>>
[2020-11-02 12:30:11.397364] TRACE: slash.core.scope_manager: Pushed scope test
[2020-11-02 12:30:11.397477] TRACE: slash.core.cleanup_manager: CleanupManager: pushing scope 'test'
[2020-11-02 12:30:11.400674] TRACE: slash.core.scope_manager: Popping scope test (expected test)
[2020-11-02 12:30:11.400790] TRACE: slash.core.cleanup_manager: CleanupManager: popping scope 'test' (failure: False, interrupt: False)
[2020-11-02 12:30:11.400868] TRACE: slash.core.cleanup_manager: Calling cleanups of scope 'test' (failure=False, interrupt=False)
[2020-11-02 12:30:11.404432] TRACE: slash.core.scope_manager: Popped scope test
[2020-11-02 12:30:11.407985] NOTICE: slash.runner: #33: /tmp/tmphf6bu8yc/test_08531.py:Test08532.test_08535
[2020-11-02 12:30:11.408338] DEBUG: slash.runner: Started test #33: <Runnable test </tmp/tmphf6bu8yc/test_08531.py:Test08532.test_08535>>
[2020-11-02 12:30:11.414608] TRACE: slash.core.scope_manager: Pushed scope test
[2020-11-02 12:30:11.414720] TRACE: slash.core.cleanup_manager: CleanupManager: pushing scope 'test'
[2020-11-02 12:30:11.425655] TRACE: slash.core.scope_manager: Popping scope test (expected test)
[2020-11-02 12:30:11.425806] TRACE: slash.core.cleanup_manager: CleanupManager: popping scope 'test' (failure: False, interrupt: False)
[2020-11-02 12:30:11.425898] TRACE: slash.core.cleanup_manager: Calling cleanups of scope 'test' (failure=False, interrupt=False)
[2020-11-02 12:30:11.429321] TRACE: slash.core.scope_manager: Popped scope test
[2020-11-02 12:30:11.432799] NOTICE: slash.runner: #34: /tmp/tmphf6bu8yc/test_08531.py:test_08536
[2020-11-02 12:30:11.433151] DEBUG: slash.runner: Started test #34: <Runnable test </tmp/tmphf6bu8yc/test_08531.py:test_08536>>
[2020-11-02 12:30:11.439562] TRACE: slash.core.scope_manager: Pushed scope test
[2020-11-02 12:30:11.439678] TRACE: slash.core.cleanup_manager: CleanupManager: pushing scope 'test'
[2020-11-02 12:30:11.442875] TRACE: slash.core.scope_manager: Popping scope test (expected test)
[2020-11-02 12:30:11.442991] TRACE: slash.core.cleanup_manager: CleanupManager: popping scope 'test' (failure: False, interrupt: False)
[2020-11-02 12:30:11.443070] TRACE: slash.core.cleanup_manager: Calling cleanups of scope 'test' (failure=False, interrupt=False)
[2020-11-02 12:30:11.446632] TRACE: slash.core.scope_manager: Popped scope test
[2020-11-02 12:30:11.450099] NOTICE: slash.runner: #35: /tmp/tmphf6bu8yc/test_08531.py:Test08532.test_08537
[2020-11-02 12:30:11.450452] DEBUG: slash.runner: Started test #35: <Runnable test </tmp/tmphf6bu8yc/test_08531.py:Test08532.test_08537>>
[2020-11-02 12:30:11.456851] TRACE: slash.core.scope_manager: Pushed scope test
[2020-11-02 12:30:11.456966] TRACE: slash.core.cleanup_manager: CleanupManager: pushing scope 'test'
[2020-11-02 12:30:11.466621] TRACE: slash.core.scope_manager: Popping scope test (expected test)
[2020-11-02 12:30:11.466745] TRACE: slash.core.cleanup_manager: CleanupManager: popping scope 'test' (failure: False, interrupt: False)
[2020-11-02 12:30:11.466823] TRACE: slash.core.cleanup_manager: Calling cleanups of scope 'test' (failure=False, interrupt=False)
[2020-11-02 12:30:11.470248] TRACE: slash.core.scope_manager: Popped scope test
[2020-11-02 12:30:11.473817] NOTICE: slash.runner: #36: /tmp/tmphf6bu8yc/test_08531.py:test_08538
[2020-11-02 12:30:11.474181] DEBUG: slash.runner: Started test #36: <Runnable test </tmp/tmphf6bu8yc/test_08531.py:test_08538>>
[2020-11-02 12:30:11.480444] TRACE: slash.core.scope_manager: Pushed scope test
[2020-11-02 12:30:11.480556] TRACE: slash.core.cleanup_manager: CleanupManager: pushing scope 'test'
[2020-11-02 12:30:11.483769] TRACE: slash.core.scope_manager: Popping scope test (expected test)
[2020-11-02 12:30:11.483885] TRACE: slash.core.cleanup_manager: CleanupManager: popping scope 'test' (failure: False, interrupt: False)
[2020-11-02 12:30:11.483963] TRACE: slash.core.cleanup_manager: Calling cleanups of scope 'test' (failure=False, interrupt=False)
[2020-11-02 12:30:11.487507] TRACE: slash.core.scope_manager: Popped scope test
[2020-11-02 12:30:11.491065] NOTICE: slash.runner: #37: /tmp/tmphf6bu8yc/test_08531.py:Test08539.test_08540
[2020-11-02 12:30:11.491416] DEBUG: slash.runner: Started test #37: <Runnable test </tmp/tmphf6bu8yc/test_08531.py:Test08539.test_08540>>
[2020-11-02 12:30:11.497706] TRACE: slash.core.scope_manager: Pushed scope test
[2020-11-02 12:30:11.497817] TRACE: slash.core.cleanup_manager: CleanupManager: pushing scope 'test'
[2020-11-02 12:30:11.508285] TRACE: slash.core.scope_manager: Popping scope test (expected test)
[2020-11-02 12:30:11.508428] TRACE: slash.core.cleanup_manager: CleanupManager: popping scope 'test' (failure: False, interrupt: False)
[2020-11-02 12:30:11.508508] TRACE: slash.core.cleanup_manager: Calling cleanups of scope 'test' (failure=False, interrupt=False)
[2020-11-02 12:30:11.511939] TRACE: slash.core.scope_manager: Popped scope test
[2020-11-02 12:30:11.515421] NOTICE: slash.runner: #38: /tmp/tmphf6bu8yc/test_08531.py:test_08541
[2020-11-02 12:30:11.515763] DEBUG: slash.runner: Started test #38: <Runnable test </tmp/tmphf6bu8yc/test_08531.py:test_08541>>
[2020-11-02 12:30:11.522192] TRACE: slash.core.scope_manager: Pushed scope test
[2020-11-02 12:30:11.522308] TRACE: slash.core.cleanup_manager: CleanupManager: pushing scope 'test'
[2020-11-02 12:30:11.525448] TRACE: slash.core.scope_manager: Popping scope test (expected test)
[2020-11-02 12:30:11.525561] TRACE: slash.core.cleanup_manager: CleanupManager: popping scope 'test' (failure: False, interrupt: False)
[2020-11-02 12:30:11.525638] TRACE: slash.core.cleanup_manager: Calling cleanups of scope 'test' (failure=False, interrupt=False)
[2020-11-02 12:30:11.529169] TRACE: slash.core.scope_manager: Popped scope test
[2020-11-02 12:30:11.532620] NOTICE: slash.runner: #39: /tmp/tmphf6bu8yc/test_08531.py:Test08539.test_08542
[2020-11-02 12:30:11.532966] DEBUG: slash.runner: Started test #39: <Runnable test </tmp/tmphf6bu8yc/test_08531.py:Test08539.test_08542>>
[2020-11-02 12:30:11.539133] TRACE: slash.core.scope_manager: Pushed scope test
[2020-11-02 12:30:11.539244] TRACE: slash.core.cleanup_manager: CleanupManager: pushing scope 'test'
[2020-11-02 12:30:11.548515] TRACE: slash.core.scope_manager: Popping scope test (expected test)
[2020-11-02 12:30:11.548636] TRACE: slash.core.cleanup_manager: CleanupManager: popping scope 'test' (failure: False, interrupt: False)
[2020-11-02 12:30:11.548714] TRACE: slash.core.cleanup_manager: Calling cleanups of scope 'test' (failure=False, interrupt=False)
[2020-11-02 12:30:11.552060] TRACE: slash.core.scope_manager: Popped scope test
[2020-11-02 12:30:11.555642] NOTICE: slash.runner: #40: /tmp/tmphf6bu8yc/test_08531.py:test_08543
[2020-11-02 12:30:11.555990] DEBUG: slash.runner: Started test #40: <Runnable test </tmp/tmphf6bu8yc/test_08531.py:test_08543>>
[2020-11-02 12:30:11.562202] TRACE: slash.core.scope_manager: Pushed scope test
[2020-11-02 12:30:11.562323] TRACE: slash.core.cleanup_manager: CleanupManager: pushing scope 'test'
[2020-11-02 12:30:11.565563] TRACE: slash.core.scope_manager: Popping scope test (expected test)
[2020-11-02 12:30:11.565679] TRACE: slash.core.cleanup_manager: CleanupManager: popping scope 'test' (failure: False, interrupt: False)
[2020-11-02 12:30:11.565758] TRACE: slash.core.cleanup_manager: Calling cleanups of scope 'test' (failure=False, interrupt=False)
[2020-11-02 12:30:11.569300] TRACE: slash.core.scope_manager: Popped scope test
[2020-11-02 12:30:11.572835] NOTICE: slash.runner: #41: /tmp/tmphf6bu8yc/test_08531.py:Test08532.test_08533
[2020-11-02 12:30:11.573191] DEBUG: slash.runner: Started test #41: <Runnable test </tmp/tmphf6bu8yc/test_08531.py:Test08532.test_08533>>
[2020-11-02 12:30:11.579475] TRACE: slash.core.scope_manager: Pushed scope test
[2020-11-02 12:30:11.579588] TRACE: slash.core.cleanup_manager: CleanupManager: pushing scope 'test'
[2020-11-02 12:30:11.590159] TRACE: slash.core.scope_manager: Popping scope test (expected test)
[2020-11-02 12:30:11.590284] TRACE: slash.core.cleanup_manager: CleanupManager: popping scope 'test' (failure: False, interrupt: False)
[2020-11-02 12:30:11.590363] TRACE: slash.core.cleanup_manager: Calling cleanups of scope 'test' (failure=False, interrupt=False)
[2020-11-02 12:30:11.593794] TRACE: slash.core.scope_manager: Popped scope test
[2020-11-02 12:30:11.597282] NOTICE: slash.runner: #42: /tmp/tmphf6bu8yc/test_08531.py:test_08534
[2020-11-02 12:30:11.597631] DEBUG: slash.runner: Started test #42: <Runnable test </tmp/tmphf6bu8yc/test_08531.py:test_08534>>
[2020-11-02 12:30:11.604062] TRACE: slash.core.scope_manager: Pushed scope test
[2020-11-02 12:30:11.604178] TRACE: slash.core.cleanup_manager: CleanupManager: pushing scope 'test'
[2020-11-02 12:30:11.607372] TRACE: slash.core.scope_manager: Popping scope test (expected test)
[2020-11-02 12:30:11.607487] TRACE: slash.core.cleanup_manager: CleanupManager: popping scope 'test' (failure: False, interrupt: False)
[2020-11-02 12:30:11.607566] TRACE: slash.core.cleanup_manager: Calling cleanups of scope 'test' (failure=False, interrupt=False)
[2020-11-02 12:30:11.611159] TRACE: slash.core.scope_manager: Popped scope test
[2020-11-02 12:30:11.614626] NOTICE: slash.runner: #43: /tmp/tmphf6bu8yc/test_08531.py:Test08532.test_08535
[2020-11-02 12:30:11.614987] DEBUG: slash.runner: Started test #43: <Runnable test </tmp/tmphf6bu8yc/test_08531.py:Test08532.test_08535>>
[2020-11-02 12:30:11.624084] TRACE: slash.core.scope_manager: Pushed scope test
[2020-11-02 12:30:11.624208] TRACE: slash.core.cleanup_manager: CleanupManager: pushing scope 'test'
[2020-11-02 12:30:11.634125] TRACE: slash.core.scope_manager: Popping scope test (expected test)
[2020-11-02 12:30:11.634253] TRACE: slash.core.cleanup_manager: CleanupManager: popping scope 'test' (failure: False, interrupt: False)
[2020-11-02 12:30:11.634333] TRACE: slash.core.cleanup_manager: Calling cleanups of scope 'test' (failure=False, interrupt=False)
[2020-11-02 12:30:11.637762] TRACE: slash.core.scope_manager: Popped scope test
[2020-11-02 12:30:11.641520] NOTICE: slash.runner: #44: /tmp/tmphf6bu8yc/test_08531.py:test_08536
[2020-11-02 12:30:11.641906] DEBUG: slash.runner: Started test #44: <Runnable test </tmp/tmphf6bu8yc/test_08531.py:test_08536>>
[2020-11-02 12:30:11.648265] TRACE: slash.core.scope_manager: Pushed scope test
[2020-11-02 12:30:11.648377] TRACE: slash.core.cleanup_manager: CleanupManager: pushing scope 'test'
[2020-11-02 12:30:11.651629] TRACE: slash.core.scope_manager: Popping scope test (expected test)
[2020-11-02 12:30:11.651747] TRACE: slash.core.cleanup_manager: CleanupManager: popping scope 'test' (failure: False, interrupt: False)
[2020-11-02 12:30:11.651827] TRACE: slash.core.cleanup_manager: Calling cleanups of scope 'test' (failure=False, interrupt=False)
[2020-11-02 12:30:11.655491] TRACE: slash.core.scope_manager: Popped scope test
[2020-11-02 12:30:11.659189] NOTICE: slash.runner: #45: /tmp/tmphf6bu8yc/test_08531.py:Test08532.test_08537
[2020-11-02 12:30:11.659555] DEBUG: slash.runner: Started test #45: <Runnable test </tmp/tmphf6bu8yc/test_08531.py:Test08532.test_08537>>
[2020-11-02 12:30:11.665816] TRACE: slash.core.scope_manager: Pushed scope test
[2020-11-02 12:30:11.665937] TRACE: slash.core.cleanup_manager: CleanupManager: pushing scope 'test'
[2020-11-02 12:30:11.676509] TRACE: slash.core.scope_manager: Popping scope test (expected test)
[2020-11-02 12:30:11.676635] TRACE: slash.core.cleanup_manager: CleanupManager: popping scope 'test' (failure: False, interrupt: False)
[2020-11-02 12:30:11.676715] TRACE: slash.core.cleanup_manager: Calling cleanups of scope 'test' (failure=False, interrupt=False)
[2020-11-02 12:30:11.680174] TRACE: slash.core.scope_manager: Popped scope test
[2020-11-02 12:30:11.683660] NOTICE: slash.runner: #46: /tmp/tmphf6bu8yc/test_08531.py:test_08538
[2020-11-02 12:30:11.684018] DEBUG: slash.runner: Started test #46: <Runnable test </tmp/tmphf6bu8yc/test_08531.py:test_08538>>
[2020-11-02 12:30:11.690454] TRACE: slash.core.scope_manager: Pushed scope test
[2020-11-02 12:30:11.690570] TRACE: slash.core.cleanup_manager: CleanupManager: pushing scope 'test'
[2020-11-02 12:30:11.693767] TRACE: slash.core.scope_manager: Popping scope test (expected test)
[2020-11-02 12:30:11.693900] TRACE: slash.core.cleanup_manager: CleanupManager: popping scope 'test' (failure: False, interrupt: False)
[2020-11-02 12:30:11.693982] TRACE: slash.core.cleanup_manager: Calling cleanups of scope 'test' (failure=False, interrupt=False)
[2020-11-02 12:30:11.697553] TRACE: slash.core.scope_manager: Popped scope test
[2020-11-02 12:30:11.701113] NOTICE: slash.runner: #47: /tmp/tmphf6bu8yc/test_08531.py:Test08539.test_08540
[2020-11-02 12:30:11.701475] DEBUG: slash.runner: Started test #47: <Runnable test </tmp/tmphf6bu8yc/test_08531.py:Test08539.test_08540>>
[2020-11-02 12:30:11.707833] TRACE: slash.core.scope_manager: Pushed scope test
[2020-11-02 12:30:11.707946] TRACE: slash.core.cleanup_manager: CleanupManager: pushing scope 'test'
[2020-11-02 12:30:11.717660] TRACE: slash.core.scope_manager: Popping scope test (expected test)
[2020-11-02 12:30:11.717785] TRACE: slash.core.cleanup_manager: CleanupManager: popping scope 'test' (failure: False, interrupt: False)
[2020-11-02 12:30:11.717890] TRACE: slash.core.cleanup_manager: Calling cleanups of scope 'test' (failure=False, interrupt=False)
[2020-11-02 12:30:11.721333] TRACE: slash.core.scope_manager: Popped scope test
[2020-11-02 12:30:11.724942] NOTICE: slash.runner: #48: /tmp/tmphf6bu8yc/test_08531.py:test_08541
[2020-11-02 12:30:11.725301] DEBUG: slash.runner: Started test #48: <Runnable test </tmp/tmphf6bu8yc/test_08531.py:test_08541>>
[2020-11-02 12:30:11.731615] TRACE: slash.core.scope_manager: Pushed scope test
[2020-11-02 12:30:11.731726] TRACE: slash.core.cleanup_manager: CleanupManager: pushing scope 'test'
[2020-11-02 12:30:11.734969] TRACE: slash.core.scope_manager: Popping scope test (expected test)
[2020-11-02 12:30:11.735087] TRACE: slash.core.cleanup_manager: CleanupManager: popping scope 'test' (failure: False, interrupt: False)
[2020-11-02 12:30:11.735165] TRACE: slash.core.cleanup_manager: Calling cleanups of scope 'test' (failure=False, interrupt=False)
[2020-11-02 12:30:11.738687] TRACE: slash.core.scope_manager: Popped scope test
[2020-11-02 12:30:11.742277] NOTICE: slash.runner: #49: /tmp/tmphf6bu8yc/test_08531.py:Test08539.test_08542
[2020-11-02 12:30:11.742631] DEBUG: slash.runner: Started test #49: <Runnable test </tmp/tmphf6bu8yc/test_08531.py:Test08539.test_08542>>
[2020-11-02 12:30:11.750011] TRACE: slash.core.scope_manager: Pushed scope test
[2020-11-02 12:30:11.750148] TRACE: slash.core.cleanup_manager: CleanupManager: pushing scope 'test'
[2020-11-02 12:30:11.759903] TRACE: slash.core.scope_manager: Popping scope test (expected test)
[2020-11-02 12:30:11.760032] TRACE: slash.core.cleanup_manager: CleanupManager: popping scope 'test' (failure: False, interrupt: False)
[2020-11-02 12:30:11.760113] TRACE: slash.core.cleanup_manager: Calling cleanups of scope 'test' (failure=False, interrupt=False)
[2020-11-02 12:30:11.763554] TRACE: slash.core.scope_manager: Popped scope test
[2020-11-02 12:30:11.767155] NOTICE: slash.runner: #50: /tmp/tmphf6bu8yc/test_08531.py:test_08543
[2020-11-02 12:30:11.767523] DEBUG: slash.runner: Started test #50: <Runnable test </tmp/tmphf6bu8yc/test_08531.py:test_08543>>
[2020-11-02 12:30:11.773805] TRACE: slash.core.scope_manager: Pushed scope test
[2020-11-02 12:30:11.773926] TRACE: slash.core.cleanup_manager: CleanupManager: pushing scope 'test'
[2020-11-02 12:30:11.777135] TRACE: slash.core.scope_manager: Popping scope test (expected test)
[2020-11-02 12:30:11.777251] TRACE: slash.core.cleanup_manager: CleanupManager: popping scope 'test' (failure: False, interrupt: False)
[2020-11-02 12:30:11.777331] TRACE: slash.core.cleanup_manager: Calling cleanups of scope 'test' (failure=False, interrupt=False)
[2020-11-02 12:30:11.780894] TRACE: slash.core.scope_manager: Popped scope test
[2020-11-02 12:30:11.787245] TRACE: slash.core.scope_manager: Popping scope module (expected module)
[2020-11-02 12:30:11.787365] TRACE: slash.core.cleanup_manager: CleanupManager: popping scope 'module' (failure: False, interrupt: False)
[2020-11-02 12:30:11.787445] TRACE: slash.core.cleanup_manager: Calling cleanups of scope 'module' (failure=False, interrupt=False)
[2020-11-02 12:30:11.787532] TRACE: slash.core.scope_manager: Popped scope module
[2020-11-02 12:30:11.787603] TRACE: slash.core.scope_manager: Popping scope session (expected session)
[2020-11-02 12:30:11.787679] TRACE: slash.core.cleanup_manager: CleanupManager: popping scope 'session' (failure: False, interrupt: False)
[2020-11-02 12:30:11.787748] TRACE: slash.core.cleanup_manager: Calling cleanups of scope 'session' (failure=False, interrupt=False)
[2020-11-02 12:30:11.787824] TRACE: slash.core.scope_manager: Popped scope session
[2020-11-02 12:30:11.788399] TRACE: slash.runner: Session finished. is_success=True has_skips=False
[2020-11-02 12:30:11.791556] TRACE: slash.core.cleanup_manager: CleanupManager: popping scope 'session-global' (failure: False, interrupt: False)
[2020-11-02 12:30:11.791663] TRACE: slash.core.cleanup_manager: Calling cleanups of scope 'session-global' (failure=False, interrupt=False)
[2020-11-02 12:30:11.800035] DEBUG: slash.resuming: Saved resume state to DB

----------- coverage: platform linux, python 3.5.6-final-0 -----------
Coverage HTML written to dir htmlcov

=========================== short test summary info ============================
FAILED tests/test_repeat.py::test_repeat_all_global - assert [0, 1, 2, 3, 4, ...
===== 1 failed, 1512 passed, 1 skipped, 165 warnings in 438.86s (0:07:18) ======
/home/travis/build/failed/getslash/slash/.env/lib/python3.5/site-packages/_pytest/config/__init__.py:431: PytestConfigWarning: pytest-catchlog plugin has been merged into the core, please remove it from your requirements.
  name.replace("_", "-")
make: *** [test] Error 1

travis_time:end:1cdf72a0:start=1604319924270794605,finish=1604320366967399162,duration=442696604557[0K
[31;1mThe command "make test" exited with 2.[0m
travis_time:start:0c0c7c3a[0K$ if [[ $TRAVIS_PYTHON_VERSION == '3.6' ]]; then make pylint; fi

travis_time:end:0c0c7c3a:start=1604320366980772180,finish=1604320366989512984,duration=8740804[0K
[32;1mThe command "if [[ $TRAVIS_PYTHON_VERSION == '3.6' ]]; then make pylint; fi" exited with 0.[0m
travis_fold:start:after_failure[0Ktravis_time:start:02ed8ff8[0K$ .env/bin/pip freeze
DEPRECATION: Python 3.5 reached the end of its life on September 13th, 2020. Please upgrade your Python as Python 3.5 is no longer maintained. pip 21.0 will drop support for Python 3.5 in January 2021. pip 21.0 will remove support for this functionality.
alabaster==0.7.12
arrow==0.17.0
astroid==2.4.2
atomicwrites==1.4.0
attrs==20.2.0
Babel==2.8.0
backcall==0.2.0
certifi==2020.6.20
chardet==3.0.4
click==7.1.2
colorama==0.4.4
confetti==2.5.3
coverage==5.3
coveralls==2.1.2
decorator==4.4.2
dessert==1.4.1
docopt==0.6.2
docutils==0.16
emport==1.3.1
gossip==2.4.0
idna==2.10
imagesize==1.2.0
importlib-metadata==2.0.0
iniconfig==1.1.1
ipython==7.9.0
ipython-genutils==0.2.0
isort==4.3.21
jedi==0.17.2
Jinja2==2.11.2
kaptan==0.5.12
lazy-object-proxy==1.4.3
libtmux==0.8.5
Logbook==1.5.3
MarkupSafe==1.1.1
mccabe==0.6.1
munch==2.5.0
orderedset==2.0.3
packaging==20.4
parso==0.7.1
pathlib2==2.3.5
pexpect==4.8.0
pickleshare==0.7.5
pluggy==0.13.1
prompt-toolkit==2.0.10
ptyprocess==0.6.0
py==1.9.0
pyforge==1.3.0
Pygments==2.7.2
pylint==2.6.0
pyparsing==2.4.7
pytest==6.1.2
pytest-catchlog==1.2.2
pytest-cov==2.10.1
pytest-timeout==1.4.2
python-dateutil==2.8.1
pytz==2020.4
PyYAML==5.3.1
raven==6.10.0
releases==1.6.3
requests==2.24.0
semantic-version==2.6.0
sentinels==1.0.0
six==1.15.0
-e git+https://github.com/getslash/slash.git@62f0d7e80e37be06f33c1a9f12cceaaa204880c7#egg=slash
snowballstemmer==2.0.0
Sphinx==3.2.1
sphinxcontrib-applehelp==1.0.2
sphinxcontrib-devhelp==1.0.2
sphinxcontrib-htmlhelp==1.0.3
sphinxcontrib-jsmath==1.0.1
sphinxcontrib-qthelp==1.0.3
sphinxcontrib-serializinghtml==1.1.4
SQLAlchemy==1.3.20
tmuxp==1.5.8
toml==0.10.2
traitlets==4.3.3
typed-ast==1.4.1
urllib3==1.25.11
vintage==0.4.1
wcwidth==0.2.5
wrapt==1.12.1
zipp==1.2.0

travis_time:end:02ed8ff8:start=1604320367001007401,finish=1604320367602437992,duration=601430591[0Ktravis_fold:end:after_failure[0K
Done. Your build exited with 1.
