travis_fold:start:system_info[0K[33;1mBuild system information[0m
Build language: python
Build group: stable
Build dist: precise
Build id: ''
Job id: ''
[34m[1mBuild image provisioning date and time[0m
Thu Feb  5 15:09:33 UTC 2015
[34m[1mOperating System Details[0m
Distributor ID:	Ubuntu
Description:	Ubuntu 12.04.5 LTS
Release:	12.04
Codename:	precise
[34m[1mLinux Version[0m
3.13.0-29-generic
[34m[1mCookbooks Version[0m
a68419e https://github.com/travis-ci/travis-cookbooks/tree/a68419e
[34m[1mGCC version[0m
gcc (Ubuntu/Linaro 4.6.3-1ubuntu5) 4.6.3
Copyright (C) 2011 Free Software Foundation, Inc.
This is free software; see the source for copying conditions.  There is NO
warranty; not even for MERCHANTABILITY or FITNESS FOR A PARTICULAR PURPOSE.

[34m[1mLLVM version[0m
clang version 3.4 (tags/RELEASE_34/final)
Target: x86_64-unknown-linux-gnu
Thread model: posix
[34m[1mPre-installed Ruby versions[0m
ruby-1.9.3-p551
[34m[1mPre-installed Node.js versions[0m
v0.10.36
[34m[1mPre-installed Go versions[0m
1.4.1
[34m[1mRedis version[0m
redis-server 2.8.19
[34m[1mriak version[0m
2.0.2
[34m[1mMongoDB version[0m
MongoDB 2.4.12
[34m[1mCouchDB version[0m
couchdb 1.6.1
[34m[1mNeo4j version[0m
1.9.4
[34m[1mRabbitMQ Version[0m
3.4.3
[34m[1mElasticSearch version[0m
1.4.0
[34m[1mInstalled Sphinx versions[0m
2.0.10
2.1.9
2.2.6
[34m[1mDefault Sphinx version[0m
2.2.6
[34m[1mInstalled Firefox version[0m
firefox 31.0esr
[34m[1mPhantomJS version[0m
1.9.8
[34m[1mant -version[0m
Apache Ant(TM) version 1.8.2 compiled on December 3 2011
[34m[1mmvn -version[0m
Apache Maven 3.2.5 (12a6b3acb947671f09b81f49094c53f426d8cea1; 2014-12-14T17:29:23+00:00)
Maven home: /usr/local/maven
Java version: 1.7.0_76, vendor: Oracle Corporation
Java home: /usr/lib/jvm/java-7-oracle/jre
Default locale: en_US, platform encoding: ANSI_X3.4-1968
OS name: "linux", version: "3.13.0-29-generic", arch: "amd64", family: "unix"
travis_fold:end:system_info[0K
W: GPG error: http://apt.postgresql.org precise-pgdg Release: The following signatures were invalid: KEYEXPIRED 1562078959
W: Failed to fetch http://ppa.launchpad.net/travis-ci/zero-mq/ubuntu/dists/precise/main/binary-amd64/Packages  403  Forbidden

W: Failed to fetch http://ppa.launchpad.net/travis-ci/zero-mq/ubuntu/dists/precise/main/binary-i386/Packages  403  Forbidden

W: Failed to fetch http://downloads-distro.mongodb.org/repo/debian-sysvinit/dists/dist/10gen/binary-amd64/Packages  Undetermined Error [IP: 52.206.222.245 80]

W: Failed to fetch http://downloads-distro.mongodb.org/repo/debian-sysvinit/dists/dist/10gen/binary-i386/Packages  Undetermined Error [IP: 52.206.222.245 80]

E: Some index files failed to download. They have been ignored, or old ones used instead.
sed: cannot rename /etc/hosts: Device or resource busy
sed: cannot rename /etc/hosts: Device or resource busy
$ cd passed/getslash/slash
travis_time:start:076a26e0[0K$ source ~/virtualenv/python2.7/bin/activate

travis_time:end:076a26e0:start=1604172756141938130,finish=1604172756153174110,duration=11235980[0K$ python --version
Python 2.7.9
$ pip --version
pip 6.0.7 from /home/travis/virtualenv/python2.7.9/lib/python2.7/site-packages (python 2.7)
travis_fold:start:install[0Ktravis_time:start:01ff0400[0K$ pip install virtualenv
Collecting virtualenv
  Downloading https://files.pythonhosted.org/packages/97/f3/c064343ac58d1a54c393a3f66483a29500f644a5918deeb935d28673edd9/virtualenv-20.1.0-py2.py3-none-any.whl (4.9MB)
Collecting distlib<1,>=0.3.1 (from virtualenv)
  Downloading https://files.pythonhosted.org/packages/f5/0a/490fa011d699bb5a5f3a0cf57de82237f52a6db9d40f33c53b2736c9a1f9/distlib-0.3.1-py2.py3-none-any.whl (335kB)
Collecting filelock<4,>=3.0.0 (from virtualenv)
  Downloading https://files.pythonhosted.org/packages/14/ec/6ee2168387ce0154632f856d5cc5592328e9cf93127c5c9aeca92c8c16cb/filelock-3.0.12.tar.gz
    /opt/python/2.7.9/lib/python2.7/distutils/dist.py:267: UserWarning: Unknown distribution option: 'long_description_content_type'
      warnings.warn(msg)
Collecting appdirs<2,>=1.4.3 (from virtualenv)
  Downloading https://files.pythonhosted.org/packages/3b/00/2344469e2084fb287c2e0b57b72910309874c3245463acd6cf5e3db69324/appdirs-1.4.4-py2.py3-none-any.whl
Collecting six<2,>=1.9.0 (from virtualenv)
  Downloading https://files.pythonhosted.org/packages/ee/ff/48bde5c0f013094d729fe4b0316ba2a24774b3ff1c52d924a8a4cb04078a/six-1.15.0-py2.py3-none-any.whl
Collecting importlib-resources>=1.0 (from virtualenv)
  Downloading https://files.pythonhosted.org/packages/c5/1f/ec86d2a5c48ac6490d4471b297885603cf0e8da89d5ffbf0bce6e57f4d64/importlib_resources-3.3.0-py2.py3-none-any.whl
Collecting importlib-metadata<3,>=0.12 (from virtualenv)
  Downloading https://files.pythonhosted.org/packages/6d/6d/f4bb28424bc677bce1210bc19f69a43efe823e294325606ead595211f93e/importlib_metadata-2.0.0-py2.py3-none-any.whl
Collecting pathlib2<3,>=2.3.3 (from virtualenv)
  Downloading https://files.pythonhosted.org/packages/e9/45/9c82d3666af4ef9f221cbb954e1d77ddbb513faf552aea6df5f37f1a4859/pathlib2-2.3.5-py2.py3-none-any.whl
Collecting contextlib2 (from importlib-resources>=1.0->virtualenv)
  Downloading https://files.pythonhosted.org/packages/85/60/370352f7ef6aa96c52fb001831622f50f923c1d575427d021b8ab3311236/contextlib2-0.6.0.post1-py2.py3-none-any.whl
Collecting singledispatch (from importlib-resources>=1.0->virtualenv)
  Downloading https://files.pythonhosted.org/packages/c5/10/369f50bcd4621b263927b0a1519987a04383d4a98fb10438042ad410cf88/singledispatch-3.4.0.3-py2.py3-none-any.whl
Collecting zipp>=0.4 (from importlib-resources>=1.0->virtualenv)
  Downloading https://files.pythonhosted.org/packages/ce/b0/757db659e8b91cb3ea47d90350d7735817fe1df36086afc77c1c4610d559/zipp-3.4.0.tar.gz
  Requested zipp>=0.4 (from importlib-resources>=1.0->virtualenv), but installing version None
Collecting typing (from importlib-resources>=1.0->virtualenv)
  Downloading https://files.pythonhosted.org/packages/3b/c0/e44213fcb799eac02881e2485724ba5b0914600bc9df6ed922e364fdc059/typing-3.7.4.3-py2-none-any.whl
Collecting configparser>=3.5 (from importlib-metadata<3,>=0.12->virtualenv)
  Downloading https://files.pythonhosted.org/packages/3f/e7/9518720c56396179f8c63d7b5924c8463ed423828e54329be7f8cde5c364/configparser-5.0.1.tar.gz (75kB)
  Requested configparser>=3.5 (from importlib-metadata<3,>=0.12->virtualenv), but installing version None
Collecting scandir (from pathlib2<3,>=2.3.3->virtualenv)
  Downloading https://files.pythonhosted.org/packages/df/f5/9c052db7bd54d0cbf1bc0bb6554362bba1012d03e5888950a4f5c5dadc4e/scandir-1.10.0.tar.gz
    /opt/python/2.7.9/lib/python2.7/distutils/extension.py:133: UserWarning: Unknown Extension options: 'optional'
      warnings.warn(msg)
Installing collected packages: scandir, configparser, typing, zipp, singledispatch, contextlib2, pathlib2, importlib-metadata, importlib-resources, six, appdirs, filelock, distlib, virtualenv
  Running setup.py install for scandir
    /opt/python/2.7.9/lib/python2.7/distutils/extension.py:133: UserWarning: Unknown Extension options: 'optional'
      warnings.warn(msg)
    building '_scandir' extension
    gcc -pthread -fno-strict-aliasing -g -fstack-protector --param=ssp-buffer-size=4 -Wformat -Werror=format-security -DNDEBUG -g -fwrapv -O3 -Wall -Wstrict-prototypes -fPIC -I/opt/python/2.7.9/include/python2.7 -c _scandir.c -o build/temp.linux-x86_64-2.7/_scandir.o
    gcc -pthread -shared -L/opt/python/2.7.9/lib -Wl,-rpath=/opt/python/2.7.9/lib build/temp.linux-x86_64-2.7/_scandir.o -L/opt/python/2.7.9/lib -lpython2.7 -o build/lib.linux-x86_64-2.7/_scandir.so
  Running setup.py install for configparser

  Running setup.py install for zipp




  Compiling /tmp/pip-build-wGiO3l/importlib-resources/importlib_resources/_py3.py
  



  Running setup.py install for filelock
    /opt/python/2.7.9/lib/python2.7/distutils/dist.py:267: UserWarning: Unknown distribution option: 'long_description_content_type'
      warnings.warn(msg)


Successfully installed appdirs-1.4.4 configparser contextlib2-0.6.0.post1 distlib-0.3.1 filelock-3.0.12 importlib-metadata-2.0.0 importlib-resources-3.3.0 pathlib2-2.3.5 scandir-1.10.0 singledispatch-3.4.0.3 six-1.15.0 typing-3.7.4.3 virtualenv-20.1.0 zipp

travis_time:end:01ff0400:start=1604172756450996141,finish=1604172762212555207,duration=5761559066[0Ktravis_fold:end:install[0Ktravis_time:start:0535c415[0K$ make env
python -m virtualenv .env
/home/travis/virtualenv/python2.7.9/bin/python: No module named zipp; 'virtualenv' is a package and cannot be directly executed
make: *** [.env/.up-to-date] Error 1

travis_time:end:0535c415:start=1604172762223939641,finish=1604172762341700785,duration=117761144[0K
[31;1mThe command "make env" exited with 2.[0m
travis_time:start:0df9a740[0K$ .env/bin/pip install lxml
/usr/local/bin/run_passed.sh: line 62: .env/bin/pip: No such file or directory

travis_time:end:0df9a740:start=1604172762353784500,finish=1604172762364904160,duration=11119660[0K
[31;1mThe command ".env/bin/pip install lxml" exited with 127.[0m
travis_time:start:13e92288[0K$ .env/bin/py.test tests -k 'xunit and session and errors'
/usr/local/bin/run_passed.sh: line 62: .env/bin/py.test: No such file or directory

travis_time:end:13e92288:start=1604172762375549343,finish=1604172762385809726,duration=10260383[0K
[31;1mThe command ".env/bin/py.test tests -k 'xunit and session and errors'" exited with 127.[0m
travis_fold:start:after_failure[0Ktravis_time:start:11d85fdc[0K$ .env/bin/pip freeze
/usr/local/bin/run_passed.sh: line 62: .env/bin/pip: No such file or directory

travis_time:end:11d85fdc:start=1604172762396991969,finish=1604172762407557776,duration=10565807[0Ktravis_fold:end:after_failure[0K
Done. Your build exited with 1.
