travis_fold:start:system_info[0K[33;1mBuild system information[0m
Build language: python
Build group: stable
Build dist: precise
Build id: ''
Job id: ''
[34m[1mBuild image provisioning date and time[0m
Thu Feb  5 15:09:33 UTC 2015
[34m[1mOperating System Details[0m
Distributor ID:	Ubuntu
Description:	Ubuntu 12.04.5 LTS
Release:	12.04
Codename:	precise
[34m[1mLinux Version[0m
3.13.0-29-generic
[34m[1mCookbooks Version[0m
a68419e https://github.com/travis-ci/travis-cookbooks/tree/a68419e
[34m[1mGCC version[0m
gcc (Ubuntu/Linaro 4.6.3-1ubuntu5) 4.6.3
Copyright (C) 2011 Free Software Foundation, Inc.
This is free software; see the source for copying conditions.  There is NO
warranty; not even for MERCHANTABILITY or FITNESS FOR A PARTICULAR PURPOSE.

[34m[1mLLVM version[0m
clang version 3.4 (tags/RELEASE_34/final)
Target: x86_64-unknown-linux-gnu
Thread model: posix
[34m[1mPre-installed Ruby versions[0m
ruby-1.9.3-p551
[34m[1mPre-installed Node.js versions[0m
v0.10.36
[34m[1mPre-installed Go versions[0m
1.4.1
[34m[1mRedis version[0m
redis-server 2.8.19
[34m[1mriak version[0m
2.0.2
[34m[1mMongoDB version[0m
MongoDB 2.4.12
[34m[1mCouchDB version[0m
couchdb 1.6.1
[34m[1mNeo4j version[0m
1.9.4
[34m[1mRabbitMQ Version[0m
3.4.3
[34m[1mElasticSearch version[0m
1.4.0
[34m[1mInstalled Sphinx versions[0m
2.0.10
2.1.9
2.2.6
[34m[1mDefault Sphinx version[0m
2.2.6
[34m[1mInstalled Firefox version[0m
firefox 31.0esr
[34m[1mPhantomJS version[0m
1.9.8
[34m[1mant -version[0m
Apache Ant(TM) version 1.8.2 compiled on December 3 2011
[34m[1mmvn -version[0m
Apache Maven 3.2.5 (12a6b3acb947671f09b81f49094c53f426d8cea1; 2014-12-14T17:29:23+00:00)
Maven home: /usr/local/maven
Java version: 1.7.0_76, vendor: Oracle Corporation
Java home: /usr/lib/jvm/java-7-oracle/jre
Default locale: en_US, platform encoding: ANSI_X3.4-1968
OS name: "linux", version: "3.13.0-29-generic", arch: "amd64", family: "unix"
travis_fold:end:system_info[0K
grep: /etc/apt/sources.list.d/*: No such file or directory
sed: cannot rename /etc/hosts: Device or resource busy
sed: cannot rename /etc/hosts: Device or resource busy
$ cd failed/NMGRL/pychron
travis_time:start:0b8cda3e[0K$ source ~/virtualenv/python2.7/bin/activate

travis_time:end:0b8cda3e:start=1604013979723763385,finish=1604013979732873028,duration=9109643[0K$ python --version
Python 2.7.9
$ pip --version
pip 6.0.7 from /home/travis/virtualenv/python2.7.9/lib/python2.7/site-packages (python 2.7)
travis_fold:start:before_install.1[0Ktravis_time:start:00166e90[0K$ wget http://repo.continuum.io/miniconda/Miniconda2-latest-Linux-x86_64.sh -O miniconda.sh
--2020-10-29 23:26:19--  http://repo.continuum.io/miniconda/Miniconda2-latest-Linux-x86_64.sh
Resolving repo.continuum.io (repo.continuum.io)... 104.18.200.79, 104.18.201.79, 2606:4700::6812:c84f, ...
Connecting to repo.continuum.io (repo.continuum.io)|104.18.200.79|:80... connected.
HTTP request sent, awaiting response... 301 Moved Permanently
Location: https://repo.anaconda.com/miniconda/Miniconda2-latest-Linux-x86_64.sh [following]
--2020-10-29 23:26:20--  https://repo.anaconda.com/miniconda/Miniconda2-latest-Linux-x86_64.sh
Resolving repo.anaconda.com (repo.anaconda.com)... 104.16.130.3, 104.16.131.3, 2606:4700::6810:8303, ...
Connecting to repo.anaconda.com (repo.anaconda.com)|104.16.130.3|:443... connected.
HTTP request sent, awaiting response... 200 OK
Length: 51093759 (49M) [application/x-sh]
Saving to: `miniconda.sh'

     0K .......... .......... .......... .......... ..........  0% 65.0M 1s
    50K .......... .......... .......... .......... ..........  0% 7.54M 4s
   100K .......... .......... .......... .......... ..........  0% 8.56M 4s
   150K .......... .......... .......... .......... ..........  0% 85.1M 3s
   200K .......... .......... .......... .......... ..........  0%  113M 3s
   250K .......... .......... .......... .......... ..........  0%  117M 2s
   300K .......... .......... .......... .......... ..........  0% 9.76M 3s
   350K .......... .......... .......... .......... ..........  0%  112M 2s
   400K .......... .......... .......... .......... ..........  0%  114M 2s
   450K .......... .......... .......... .......... ..........  1%  125M 2s
   500K .......... .......... .......... .......... ..........  1% 83.4M 2s
   550K .......... .......... .......... .......... ..........  1%  128M 2s
   600K .......... .......... .......... .......... ..........  1% 78.0M 2s
   650K .......... .......... .......... .......... ..........  1% 87.6M 2s
   700K .......... .......... .......... .......... ..........  1% 15.7M 2s
   750K .......... .......... .......... .......... ..........  1%  115M 2s
   800K .......... .......... .......... .......... ..........  1% 47.9M 2s
   850K .......... .......... .......... .......... ..........  1% 8.96M 2s
   900K .......... .......... .......... .......... ..........  1%  102M 2s
   950K .......... .......... .......... .......... ..........  2%  121M 2s
  1000K .......... .......... .......... .......... ..........  2%  125M 2s
  1050K .......... .......... .......... .......... ..........  2% 11.0M 2s
  1100K .......... .......... .......... .......... ..........  2%  108M 2s
  1150K .......... .......... .......... .......... ..........  2%  108M 2s
  1200K .......... .......... .......... .......... ..........  2% 21.4M 2s
  1250K .......... .......... .......... .......... ..........  2% 40.7M 2s
  1300K .......... .......... .......... .......... ..........  2% 11.1M 2s
  1350K .......... .......... .......... .......... ..........  2% 73.3M 2s
  1400K .......... .......... .......... .......... ..........  2%  130M 2s
  1450K .......... .......... .......... .......... ..........  3% 29.0M 2s
  1500K .......... .......... .......... .......... ..........  3% 57.7M 2s
  1550K .......... .......... .......... .......... ..........  3% 12.8M 2s
  1600K .......... .......... .......... .......... ..........  3%  118M 2s
  1650K .......... .......... .......... .......... ..........  3% 35.3M 2s
  1700K .......... .......... .......... .......... ..........  3% 32.8M 2s
  1750K .......... .......... .......... .......... ..........  3% 11.3M 2s
  1800K .......... .......... .......... .......... ..........  3% 67.2M 2s
  1850K .......... .......... .......... .......... ..........  3%  140M 2s
  1900K .......... .......... .......... .......... ..........  3% 25.9M 2s
  1950K .......... .......... .......... .......... ..........  4% 74.4M 2s
  2000K .......... .......... .......... .......... ..........  4% 13.6M 2s
  2050K .......... .......... .......... .......... ..........  4% 15.9M 2s
  2100K .......... .......... .......... .......... ..........  4% 98.8M 2s
  2150K .......... .......... .......... .......... ..........  4% 90.5M 2s
  2200K .......... .......... .......... .......... ..........  4% 46.5M 2s
  2250K .......... .......... .......... .......... ..........  4% 13.3M 2s
  2300K .......... .......... .......... .......... ..........  4% 6.32M 2s
  2350K .......... .......... .......... .......... ..........  4%  104M 2s
  2400K .......... .......... .......... .......... ..........  4%  125M 2s
  2450K .......... .......... .......... .......... ..........  5% 75.3M 2s
  2500K .......... .......... .......... .......... ..........  5% 16.0M 2s
  2550K .......... .......... .......... .......... ..........  5%  139M 2s
  2600K .......... .......... .......... .......... ..........  5%  131M 2s
  2650K .......... .......... .......... .......... ..........  5% 50.2M 2s
  2700K .......... .......... .......... .......... ..........  5% 60.2M 2s
  2750K .......... .......... .......... .......... ..........  5% 16.4M 2s
  2800K .......... .......... .......... .......... ..........  5% 20.3M 2s
  2850K .......... .......... .......... .......... ..........  5%  125M 2s
  2900K .......... .......... .......... .......... ..........  5% 10.3M 2s
  2950K .......... .......... .......... .......... ..........  6%  139M 2s
  3000K .......... .......... .......... .......... ..........  6% 36.6M 2s
  3050K .......... .......... .......... .......... ..........  6% 89.2M 2s
  3100K .......... .......... .......... .......... ..........  6% 56.9M 2s
  3150K .......... .......... .......... .......... ..........  6% 29.0M 2s
  3200K .......... .......... .......... .......... ..........  6% 32.7M 2s
  3250K .......... .......... .......... .......... ..........  6% 20.4M 2s
  3300K .......... .......... .......... .......... ..........  6% 20.8M 2s
  3350K .......... .......... .......... .......... ..........  6% 15.1M 2s
  3400K .......... .......... .......... .......... ..........  6% 32.5M 2s
  3450K .......... .......... .......... .......... ..........  7% 93.5M 2s
  3500K .......... .......... .......... .......... ..........  7% 9.52M 2s
  3550K .......... .......... .......... .......... ..........  7%  110M 2s
  3600K .......... .......... .......... .......... ..........  7%  117M 2s
  3650K .......... .......... .......... .......... ..........  7% 25.1M 2s
  3700K .......... .......... .......... .......... ..........  7% 17.9M 2s
  3750K .......... .......... .......... .......... ..........  7% 8.71M 2s
  3800K .......... .......... .......... .......... ..........  7% 89.5M 2s
  3850K .......... .......... .......... .......... ..........  7%  102M 2s
  3900K .......... .......... .......... .......... ..........  7% 84.0M 2s
  3950K .......... .......... .......... .......... ..........  8% 69.1M 2s
  4000K .......... .......... .......... .......... ..........  8% 99.8M 2s
  4050K .......... .......... .......... .......... ..........  8% 15.1M 2s
  4100K .......... .......... .......... .......... ..........  8% 15.9M 2s
  4150K .......... .......... .......... .......... ..........  8% 91.1M 2s
  4200K .......... .......... .......... .......... ..........  8% 11.7M 2s
  4250K .......... .......... .......... .......... ..........  8% 95.3M 2s
  4300K .......... .......... .......... .......... ..........  8% 86.9M 2s
  4350K .......... .......... .......... .......... ..........  8%  133M 2s
  4400K .......... .......... .......... .......... ..........  8% 12.8M 2s
  4450K .......... .......... .......... .......... ..........  9% 84.3M 2s
  4500K .......... .......... .......... .......... ..........  9% 31.7M 2s
  4550K .......... .......... .......... .......... ..........  9% 12.8M 2s
  4600K .......... .......... .......... .......... ..........  9% 99.6M 2s
  4650K .......... .......... .......... .......... ..........  9% 39.6M 2s
  4700K .......... .......... .......... .......... ..........  9% 95.8M 2s
  4750K .......... .......... .......... .......... ..........  9% 9.65M 2s
  4800K .......... .......... .......... .......... ..........  9%  107M 2s
  4850K .......... .......... .......... .......... ..........  9%  106M 2s
  4900K .......... .......... .......... .......... ..........  9% 8.87M 2s
  4950K .......... .......... .......... .......... .......... 10% 89.9M 2s
  5000K .......... .......... .......... .......... .......... 10% 91.9M 2s
  5050K .......... .......... .......... .......... .......... 10%  111M 2s
  5100K .......... .......... .......... .......... .......... 10% 15.6M 2s
  5150K .......... .......... .......... .......... .......... 10% 92.1M 2s
  5200K .......... .......... .......... .......... .......... 10% 99.6M 2s
  5250K .......... .......... .......... .......... .......... 10% 20.4M 2s
  5300K .......... .......... .......... .......... .......... 10% 20.1M 2s
  5350K .......... .......... .......... .......... .......... 10% 24.4M 2s
  5400K .......... .......... .......... .......... .......... 10% 58.2M 2s
  5450K .......... .......... .......... .......... .......... 11% 23.2M 2s
  5500K .......... .......... .......... .......... .......... 11% 47.9M 2s
  5550K .......... .......... .......... .......... .......... 11% 9.26M 2s
  5600K .......... .......... .......... .......... .......... 11%  116M 2s
  5650K .......... .......... .......... .......... .......... 11%  116M 2s
  5700K .......... .......... .......... .......... .......... 11% 15.9M 2s
  5750K .......... .......... .......... .......... .......... 11% 21.1M 2s
  5800K .......... .......... .......... .......... .......... 11% 29.2M 2s
  5850K .......... .......... .......... .......... .......... 11%  117M 2s
  5900K .......... .......... .......... .......... .......... 11% 12.6M 2s
  5950K .......... .......... .......... .......... .......... 12% 87.3M 2s
  6000K .......... .......... .......... .......... .......... 12%  117M 2s
  6050K .......... .......... .......... .......... .......... 12% 41.5M 2s
  6100K .......... .......... .......... .......... .......... 12% 10.4M 2s
  6150K .......... .......... .......... .......... .......... 12%  131M 2s
  6200K .......... .......... .......... .......... .......... 12% 17.3M 2s
  6250K .......... .......... .......... .......... .......... 12%  129M 2s
  6300K .......... .......... .......... .......... .......... 12% 15.8M 2s
  6350K .......... .......... .......... .......... .......... 12% 9.63M 2s
  6400K .......... .......... .......... .......... .......... 12% 75.5M 2s
  6450K .......... .......... .......... .......... .......... 13% 91.3M 2s
  6500K .......... .......... .......... .......... .......... 13% 8.09M 2s
  6550K .......... .......... .......... .......... .......... 13% 86.3M 2s
  6600K .......... .......... .......... .......... .......... 13% 82.2M 2s
  6650K .......... .......... .......... .......... .......... 13% 92.1M 2s
  6700K .......... .......... .......... .......... .......... 13% 97.1M 2s
  6750K .......... .......... .......... .......... .......... 13%  152M 2s
  6800K .......... .......... .......... .......... .......... 13% 7.35M 2s
  6850K .......... .......... .......... .......... .......... 13%  123M 2s
  6900K .......... .......... .......... .......... .......... 13% 96.8M 2s
  6950K .......... .......... .......... .......... .......... 14% 22.9M 2s
  7000K .......... .......... .......... .......... .......... 14%  123M 2s
  7050K .......... .......... .......... .......... .......... 14%  118M 1s
  7100K .......... .......... .......... .......... .......... 14% 43.0M 1s
  7150K .......... .......... .......... .......... .......... 14% 9.00M 2s
  7200K .......... .......... .......... .......... .......... 14%  108M 1s
  7250K .......... .......... .......... .......... .......... 14%  108M 1s
  7300K .......... .......... .......... .......... .......... 14% 7.27M 2s
  7350K .......... .......... .......... .......... .......... 14%  122M 2s
  7400K .......... .......... .......... .......... .......... 14%  124M 1s
  7450K .......... .......... .......... .......... .......... 15%  109M 1s
  7500K .......... .......... .......... .......... .......... 15% 3.05M 2s
  7550K .......... .......... .......... .......... .......... 15%  123M 2s
  7600K .......... .......... .......... .......... .......... 15%  122M 2s
  7650K .......... .......... .......... .......... .......... 15% 21.5M 2s
  7700K .......... .......... .......... .......... .......... 15%  104M 2s
  7750K .......... .......... .......... .......... .......... 15%  127M 2s
  7800K .......... .......... .......... .......... .......... 15%  122M 2s
  7850K .......... .......... .......... .......... .......... 15%  121M 2s
  7900K .......... .......... .......... .......... .......... 15% 22.9M 2s
  7950K .......... .......... .......... .......... .......... 16%  120M 1s
  8000K .......... .......... .......... .......... .......... 16%  124M 1s
  8050K .......... .......... .......... .......... .......... 16%  119M 1s
  8100K .......... .......... .......... .......... .......... 16% 2.99M 2s
  8150K .......... .......... .......... .......... .......... 16% 95.2M 2s
  8200K .......... .......... .......... .......... .......... 16%  122M 2s
  8250K .......... .......... .......... .......... .......... 16%  118M 2s
  8300K .......... .......... .......... .......... .......... 16%  108M 2s
  8350K .......... .......... .......... .......... .......... 16%  115M 2s
  8400K .......... .......... .......... .......... .......... 16%  113M 2s
  8450K .......... .......... .......... .......... .......... 17%  113M 1s
  8500K .......... .......... .......... .......... .......... 17% 97.3M 1s
  8550K .......... .......... .......... .......... .......... 17%  119M 1s
  8600K .......... .......... .......... .......... .......... 17%  119M 1s
  8650K .......... .......... .......... .......... .......... 17% 2.17M 2s
  8700K .......... .......... .......... .......... .......... 17%  105M 2s
  8750K .......... .......... .......... .......... .......... 17%  110M 2s
  8800K .......... .......... .......... .......... .......... 17%  101M 2s
  8850K .......... .......... .......... .......... .......... 17% 10.0M 2s
  8900K .......... .......... .......... .......... .......... 17% 86.1M 2s
  8950K .......... .......... .......... .......... .......... 18%  114M 2s
  9000K .......... .......... .......... .......... .......... 18%  114M 2s
  9050K .......... .......... .......... .......... .......... 18%  109M 2s
  9100K .......... .......... .......... .......... .......... 18%  104M 2s
  9150K .......... .......... .......... .......... .......... 18%  113M 2s
  9200K .......... .......... .......... .......... .......... 18%  106M 1s
  9250K .......... .......... .......... .......... .......... 18%  117M 1s
  9300K .......... .......... .......... .......... .......... 18% 90.8M 1s
  9350K .......... .......... .......... .......... .......... 18%  116M 1s
  9400K .......... .......... .......... .......... .......... 18%  111M 1s
  9450K .......... .......... .......... .......... .......... 19%  113M 1s
  9500K .......... .......... .......... .......... .......... 19%  107M 1s
  9550K .......... .......... .......... .......... .......... 19%  101M 1s
  9600K .......... .......... .......... .......... .......... 19%  122M 1s
  9650K .......... .......... .......... .......... .......... 19% 90.4M 1s
  9700K .......... .......... .......... .......... .......... 19%  123M 1s
  9750K .......... .......... .......... .......... .......... 19%  177M 1s
  9800K .......... .......... .......... .......... .......... 19% 13.7M 1s
  9850K .......... .......... .......... .......... .......... 19%  114M 1s
  9900K .......... .......... .......... .......... .......... 19%  119M 1s
  9950K .......... .......... .......... .......... .......... 20% 4.53M 1s
 10000K .......... .......... .......... .......... .......... 20%  115M 1s
 10050K .......... .......... .......... .......... .......... 20%  117M 1s
 10100K .......... .......... .......... .......... .......... 20% 92.3M 1s
 10150K .......... .......... .......... .......... .......... 20%  115M 1s
 10200K .......... .......... .......... .......... .......... 20%  118M 1s
 10250K .......... .......... .......... .......... .......... 20% 7.70M 1s
 10300K .......... .......... .......... .......... .......... 20% 18.8M 1s
 10350K .......... .......... .......... .......... .......... 20%  125M 1s
 10400K .......... .......... .......... .......... .......... 20%  117M 1s
 10450K .......... .......... .......... .......... .......... 21% 66.6M 1s
 10500K .......... .......... .......... .......... .......... 21% 43.7M 1s
 10550K .......... .......... .......... .......... .......... 21% 17.5M 1s
 10600K .......... .......... .......... .......... .......... 21%  126M 1s
 10650K .......... .......... .......... .......... .......... 21% 55.7M 1s
 10700K .......... .......... .......... .......... .......... 21% 9.69M 1s
 10750K .......... .......... .......... .......... .......... 21%  117M 1s
 10800K .......... .......... .......... .......... .......... 21%  128M 1s
 10850K .......... .......... .......... .......... .......... 21%  108M 1s
 10900K .......... .......... .......... .......... .......... 21% 11.1M 1s
 10950K .......... .......... .......... .......... .......... 22%  128M 1s
 11000K .......... .......... .......... .......... .......... 22%  109M 1s
 11050K .......... .......... .......... .......... .......... 22%  116M 1s
 11100K .......... .......... .......... .......... .......... 22%  115M 1s
 11150K .......... .......... .......... .......... .......... 22% 17.6M 1s
 11200K .......... .......... .......... .......... .......... 22% 7.11M 1s
 11250K .......... .......... .......... .......... .......... 22%  127M 1s
 11300K .......... .......... .......... .......... .......... 22% 99.6M 1s
 11350K .......... .......... .......... .......... .......... 22%  123M 1s
 11400K .......... .......... .......... .......... .......... 22% 52.2M 1s
 11450K .......... .......... .......... .......... .......... 23%  119M 1s
 11500K .......... .......... .......... .......... .......... 23% 6.36M 1s
 11550K .......... .......... .......... .......... .......... 23%  114M 1s
 11600K .......... .......... .......... .......... .......... 23%  110M 1s
 11650K .......... .......... .......... .......... .......... 23%  128M 1s
 11700K .......... .......... .......... .......... .......... 23% 11.8M 1s
 11750K .......... .......... .......... .......... .......... 23% 98.0M 1s
 11800K .......... .......... .......... .......... .......... 23%  111M 1s
 11850K .......... .......... .......... .......... .......... 23% 32.8M 1s
 11900K .......... .......... .......... .......... .......... 23%  109M 1s
 11950K .......... .......... .......... .......... .......... 24% 18.0M 1s
 12000K .......... .......... .......... .......... .......... 24%  116M 1s
 12050K .......... .......... .......... .......... .......... 24% 16.0M 1s
 12100K .......... .......... .......... .......... .......... 24% 16.3M 1s
 12150K .......... .......... .......... .......... .......... 24% 42.7M 1s
 12200K .......... .......... .......... .......... .......... 24% 4.77M 1s
 12250K .......... .......... .......... .......... .......... 24% 90.6M 1s
 12300K .......... .......... .......... .......... .......... 24% 93.8M 1s
 12350K .......... .......... .......... .......... .......... 24%  127M 1s
 12400K .......... .......... .......... .......... .......... 24% 8.22M 1s
 12450K .......... .......... .......... .......... .......... 25%  108M 1s
 12500K .......... .......... .......... .......... .......... 25% 10.5M 1s
 12550K .......... .......... .......... .......... .......... 25%  116M 1s
 12600K .......... .......... .......... .......... .......... 25%  124M 1s
 12650K .......... .......... .......... .......... .......... 25%  121M 1s
 12700K .......... .......... .......... .......... .......... 25% 3.00M 1s
 12750K .......... .......... .......... .......... .......... 25%  101M 1s
 12800K .......... .......... .......... .......... .......... 25%  104M 1s
 12850K .......... .......... .......... .......... .......... 25%  101M 1s
 12900K .......... .......... .......... .......... .......... 25% 30.3M 1s
 12950K .......... .......... .......... .......... .......... 26%  103M 1s
 13000K .......... .......... .......... .......... .......... 26% 97.1M 1s
 13050K .......... .......... .......... .......... .......... 26% 98.3M 1s
 13100K .......... .......... .......... .......... .......... 26% 91.5M 1s
 13150K .......... .......... .......... .......... .......... 26%  102M 1s
 13200K .......... .......... .......... .......... .......... 26% 99.4M 1s
 13250K .......... .......... .......... .......... .......... 26%  107M 1s
 13300K .......... .......... .......... .......... .......... 26% 77.1M 1s
 13350K .......... .......... .......... .......... .......... 26%  112M 1s
 13400K .......... .......... .......... .......... .......... 26%  121M 1s
 13450K .......... .......... .......... .......... .......... 27%  161M 1s
 13500K .......... .......... .......... .......... .......... 27% 8.39M 1s
 13550K .......... .......... .......... .......... .......... 27%  112M 1s
 13600K .......... .......... .......... .......... .......... 27%  141M 1s
 13650K .......... .......... .......... .......... .......... 27%  116M 1s
 13700K .......... .......... .......... .......... .......... 27% 9.17M 1s
 13750K .......... .......... .......... .......... .......... 27%  114M 1s
 13800K .......... .......... .......... .......... .......... 27%  130M 1s
 13850K .......... .......... .......... .......... .......... 27%  111M 1s
 13900K .......... .......... .......... .......... .......... 27%  114M 1s
 13950K .......... .......... .......... .......... .......... 28% 44.9M 1s
 14000K .......... .......... .......... .......... .......... 28% 4.95M 1s
 14050K .......... .......... .......... .......... .......... 28% 9.16M 1s
 14100K .......... .......... .......... .......... .......... 28% 61.7M 1s
 14150K .......... .......... .......... .......... .......... 28%  110M 1s
 14200K .......... .......... .......... .......... .......... 28%  100M 1s
 14250K .......... .......... .......... .......... .......... 28%  109M 1s
 14300K .......... .......... .......... .......... .......... 28% 97.0M 1s
 14350K .......... .......... .......... .......... .......... 28%  120M 1s
 14400K .......... .......... .......... .......... .......... 28% 4.23M 1s
 14450K .......... .......... .......... .......... .......... 29%  114M 1s
 14500K .......... .......... .......... .......... .......... 29% 91.2M 1s
 14550K .......... .......... .......... .......... .......... 29%  112M 1s
 14600K .......... .......... .......... .......... .......... 29%  107M 1s
 14650K .......... .......... .......... .......... .......... 29%  114M 1s
 14700K .......... .......... .......... .......... .......... 29%  103M 1s
 14750K .......... .......... .......... .......... .......... 29%  125M 1s
 14800K .......... .......... .......... .......... .......... 29% 10.6M 1s
 14850K .......... .......... .......... .......... .......... 29%  110M 1s
 14900K .......... .......... .......... .......... .......... 29%  110M 1s
 14950K .......... .......... .......... .......... .......... 30% 7.01M 1s
 15000K .......... .......... .......... .......... .......... 30% 53.6M 1s
 15050K .......... .......... .......... .......... .......... 30%  112M 1s
 15100K .......... .......... .......... .......... .......... 30%  102M 1s
 15150K .......... .......... .......... .......... .......... 30% 21.3M 1s
 15200K .......... .......... .......... .......... .......... 30%  117M 1s
 15250K .......... .......... .......... .......... .......... 30%  128M 1s
 15300K .......... .......... .......... .......... .......... 30% 49.6M 1s
 15350K .......... .......... .......... .......... .......... 30%  108M 1s
 15400K .......... .......... .......... .......... .......... 30%  125M 1s
 15450K .......... .......... .......... .......... .......... 31% 15.3M 1s
 15500K .......... .......... .......... .......... .......... 31% 93.2M 1s
 15550K .......... .......... .......... .......... .......... 31%  129M 1s
 15600K .......... .......... .......... .......... .......... 31% 32.0M 1s
 15650K .......... .......... .......... .......... .......... 31% 21.4M 1s
 15700K .......... .......... .......... .......... .......... 31% 85.5M 1s
 15750K .......... .......... .......... .......... .......... 31% 13.9M 1s
 15800K .......... .......... .......... .......... .......... 31%  115M 1s
 15850K .......... .......... .......... .......... .......... 31%  110M 1s
 15900K .......... .......... .......... .......... .......... 31%  118M 1s
 15950K .......... .......... .......... .......... .......... 32% 13.5M 1s
 16000K .......... .......... .......... .......... .......... 32% 40.5M 1s
 16050K .......... .......... .......... .......... .......... 32% 5.08M 1s
 16100K .......... .......... .......... .......... .......... 32% 6.62M 1s
 16150K .......... .......... .......... .......... .......... 32%  101M 1s
 16200K .......... .......... .......... .......... .......... 32% 11.0M 1s
 16250K .......... .......... .......... .......... .......... 32%  109M 1s
 16300K .......... .......... .......... .......... .......... 32%  105M 1s
 16350K .......... .......... .......... .......... .......... 32%  111M 1s
 16400K .......... .......... .......... .......... .......... 32% 12.8M 1s
 16450K .......... .......... .......... .......... .......... 33%  110M 1s
 16500K .......... .......... .......... .......... .......... 33% 16.2M 1s
 16550K .......... .......... .......... .......... .......... 33%  109M 1s
 16600K .......... .......... .......... .......... .......... 33% 32.3M 1s
 16650K .......... .......... .......... .......... .......... 33% 29.8M 1s
 16700K .......... .......... .......... .......... .......... 33%  108M 1s
 16750K .......... .......... .......... .......... .......... 33%  110M 1s
 16800K .......... .......... .......... .......... .......... 33% 62.9M 1s
 16850K .......... .......... .......... .......... .......... 33% 47.5M 1s
 16900K .......... .......... .......... .......... .......... 33% 23.8M 1s
 16950K .......... .......... .......... .......... .......... 34% 7.95M 1s
 17000K .......... .......... .......... .......... .......... 34% 11.6M 1s
 17050K .......... .......... .......... .......... .......... 34%  116M 1s
 17100K .......... .......... .......... .......... .......... 34%  109M 1s
 17150K .......... .......... .......... .......... .......... 34%  116M 1s
 17200K .......... .......... .......... .......... .......... 34%  121M 1s
 17250K .......... .......... .......... .......... .......... 34%  120M 1s
 17300K .......... .......... .......... .......... .......... 34% 20.2M 1s
 17350K .......... .......... .......... .......... .......... 34%  126M 1s
 17400K .......... .......... .......... .......... .......... 34%  112M 1s
 17450K .......... .......... .......... .......... .......... 35%  126M 1s
 17500K .......... .......... .......... .......... .......... 35% 5.07M 1s
 17550K .......... .......... .......... .......... .......... 35%  139M 1s
 17600K .......... .......... .......... .......... .......... 35%  116M 1s
 17650K .......... .......... .......... .......... .......... 35%  116M 1s
 17700K .......... .......... .......... .......... .......... 35% 75.6M 1s
 17750K .......... .......... .......... .......... .......... 35% 86.1M 1s
 17800K .......... .......... .......... .......... .......... 35% 99.6M 1s
 17850K .......... .......... .......... .......... .......... 35%  132M 1s
 17900K .......... .......... .......... .......... .......... 35%  127M 1s
 17950K .......... .......... .......... .......... .......... 36% 9.45M 1s
 18000K .......... .......... .......... .......... .......... 36% 3.72M 1s
 18050K .......... .......... .......... .......... .......... 36% 58.2M 1s
 18100K .......... .......... .......... .......... .......... 36%  101M 1s
 18150K .......... .......... .......... .......... .......... 36% 3.57M 1s
 18200K .......... .......... .......... .......... .......... 36%  121M 1s
 18250K .......... .......... .......... .......... .......... 36%  117M 1s
 18300K .......... .......... .......... .......... .......... 36%  110M 1s
 18350K .......... .......... .......... .......... .......... 36% 19.6M 1s
 18400K .......... .......... .......... .......... .......... 36% 84.9M 1s
 18450K .......... .......... .......... .......... .......... 37% 89.1M 1s
 18500K .......... .......... .......... .......... .......... 37%  126M 1s
 18550K .......... .......... .......... .......... .......... 37%  147M 1s
 18600K .......... .......... .......... .......... .......... 37% 22.6M 1s
 18650K .......... .......... .......... .......... .......... 37% 62.4M 1s
 18700K .......... .......... .......... .......... .......... 37% 77.4M 1s
 18750K .......... .......... .......... .......... .......... 37%  110M 1s
 18800K .......... .......... .......... .......... .......... 37%  115M 1s
 18850K .......... .......... .......... .......... .......... 37%  129M 1s
 18900K .......... .......... .......... .......... .......... 37%  117M 1s
 18950K .......... .......... .......... .......... .......... 38% 8.87M 1s
 19000K .......... .......... .......... .......... .......... 38%  115M 1s
 19050K .......... .......... .......... .......... .......... 38% 8.57M 1s
 19100K .......... .......... .......... .......... .......... 38% 84.7M 1s
 19150K .......... .......... .......... .......... .......... 38% 97.2M 1s
 19200K .......... .......... .......... .......... .......... 38%  137M 1s
 19250K .......... .......... .......... .......... .......... 38%  154M 1s
 19300K .......... .......... .......... .......... .......... 38%  103M 1s
 19350K .......... .......... .......... .......... .......... 38% 93.0M 1s
 19400K .......... .......... .......... .......... .......... 38% 13.5M 1s
 19450K .......... .......... .......... .......... .......... 39%  122M 1s
 19500K .......... .......... .......... .......... .......... 39%  110M 1s
 19550K .......... .......... .......... .......... .......... 39%  127M 1s
 19600K .......... .......... .......... .......... .......... 39% 13.4M 1s
 19650K .......... .......... .......... .......... .......... 39% 76.8M 1s
 19700K .......... .......... .......... .......... .......... 39% 92.9M 1s
 19750K .......... .......... .......... .......... .......... 39% 61.8M 1s
 19800K .......... .......... .......... .......... .......... 39% 20.1M 1s
 19850K .......... .......... .......... .......... .......... 39% 94.6M 1s
 19900K .......... .......... .......... .......... .......... 39%  104M 1s
 19950K .......... .......... .......... .......... .......... 40%  106M 1s
 20000K .......... .......... .......... .......... .......... 40% 54.6M 1s
 20050K .......... .......... .......... .......... .......... 40% 3.35M 1s
 20100K .......... .......... .......... .......... .......... 40% 97.7M 1s
 20150K .......... .......... .......... .......... .......... 40% 60.8M 1s
 20200K .......... .......... .......... .......... .......... 40% 41.0M 1s
 20250K .......... .......... .......... .......... .......... 40% 55.7M 1s
 20300K .......... .......... .......... .......... .......... 40% 50.2M 1s
 20350K .......... .......... .......... .......... .......... 40% 9.42M 1s
 20400K .......... .......... .......... .......... .......... 40%  106M 1s
 20450K .......... .......... .......... .......... .......... 41% 50.3M 1s
 20500K .......... .......... .......... .......... .......... 41% 83.9M 1s
 20550K .......... .......... .......... .......... .......... 41% 38.5M 1s
 20600K .......... .......... .......... .......... .......... 41% 23.5M 1s
 20650K .......... .......... .......... .......... .......... 41% 46.7M 1s
 20700K .......... .......... .......... .......... .......... 41% 42.7M 1s
 20750K .......... .......... .......... .......... .......... 41% 7.01M 1s
 20800K .......... .......... .......... .......... .......... 41%  128M 1s
 20850K .......... .......... .......... .......... .......... 41% 64.9M 1s
 20900K .......... .......... .......... .......... .......... 41% 13.3M 1s
 20950K .......... .......... .......... .......... .......... 42%  114M 1s
 21000K .......... .......... .......... .......... .......... 42% 87.7M 1s
 21050K .......... .......... .......... .......... .......... 42% 92.6M 1s
 21100K .......... .......... .......... .......... .......... 42% 10.2M 1s
 21150K .......... .......... .......... .......... .......... 42% 80.2M 1s
 21200K .......... .......... .......... .......... .......... 42% 98.8M 1s
 21250K .......... .......... .......... .......... .......... 42%  127M 1s
 21300K .......... .......... .......... .......... .......... 42% 59.1M 1s
 21350K .......... .......... .......... .......... .......... 42% 30.6M 1s
 21400K .......... .......... .......... .......... .......... 42% 50.6M 1s
 21450K .......... .......... .......... .......... .......... 43% 28.1M 1s
 21500K .......... .......... .......... .......... .......... 43% 37.5M 1s
 21550K .......... .......... .......... .......... .......... 43% 22.4M 1s
 21600K .......... .......... .......... .......... .......... 43% 50.3M 1s
 21650K .......... .......... .......... .......... .......... 43% 38.0M 1s
 21700K .......... .......... .......... .......... .......... 43% 21.4M 1s
 21750K .......... .......... .......... .......... .......... 43%  102M 1s
 21800K .......... .......... .......... .......... .......... 43% 22.9M 1s
 21850K .......... .......... .......... .......... .......... 43% 59.6M 1s
 21900K .......... .......... .......... .......... .......... 43% 39.6M 1s
 21950K .......... .......... .......... .......... .......... 44% 90.9M 1s
 22000K .......... .......... .......... .......... .......... 44% 5.39M 1s
 22050K .......... .......... .......... .......... .......... 44% 8.45M 1s
 22100K .......... .......... .......... .......... .......... 44% 71.5M 1s
 22150K .......... .......... .......... .......... .......... 44% 8.30M 1s
 22200K .......... .......... .......... .......... .......... 44% 94.4M 1s
 22250K .......... .......... .......... .......... .......... 44%  120M 1s
 22300K .......... .......... .......... .......... .......... 44% 98.7M 1s
 22350K .......... .......... .......... .......... .......... 44%  133M 1s
 22400K .......... .......... .......... .......... .......... 44% 6.65M 1s
 22450K .......... .......... .......... .......... .......... 45%  129M 1s
 22500K .......... .......... .......... .......... .......... 45% 69.5M 1s
 22550K .......... .......... .......... .......... .......... 45% 82.8M 1s
 22600K .......... .......... .......... .......... .......... 45%  114M 1s
 22650K .......... .......... .......... .......... .......... 45%  148M 1s
 22700K .......... .......... .......... .......... .......... 45% 60.6M 1s
 22750K .......... .......... .......... .......... .......... 45% 92.7M 1s
 22800K .......... .......... .......... .......... .......... 45% 14.0M 1s
 22850K .......... .......... .......... .......... .......... 45%  120M 1s
 22900K .......... .......... .......... .......... .......... 45% 10.3M 1s
 22950K .......... .......... .......... .......... .......... 46% 33.2M 1s
 23000K .......... .......... .......... .......... .......... 46% 83.4M 1s
 23050K .......... .......... .......... .......... .......... 46% 55.4M 1s
 23100K .......... .......... .......... .......... .......... 46% 22.8M 1s
 23150K .......... .......... .......... .......... .......... 46% 21.6M 1s
 23200K .......... .......... .......... .......... .......... 46% 83.7M 1s
 23250K .......... .......... .......... .......... .......... 46% 67.3M 1s
 23300K .......... .......... .......... .......... .......... 46% 30.2M 1s
 23350K .......... .......... .......... .......... .......... 46% 43.5M 1s
 23400K .......... .......... .......... .......... .......... 46% 34.5M 1s
 23450K .......... .......... .......... .......... .......... 47% 46.4M 1s
 23500K .......... .......... .......... .......... .......... 47% 8.46M 1s
 23550K .......... .......... .......... .......... .......... 47%  121M 1s
 23600K .......... .......... .......... .......... .......... 47% 45.5M 1s
 23650K .......... .......... .......... .......... .......... 47% 74.7M 1s
 23700K .......... .......... .......... .......... .......... 47% 72.0M 1s
 23750K .......... .......... .......... .......... .......... 47%  127M 1s
 23800K .......... .......... .......... .......... .......... 47% 64.3M 1s
 23850K .......... .......... .......... .......... .......... 47% 32.5M 1s
 23900K .......... .......... .......... .......... .......... 47% 8.37M 1s
 23950K .......... .......... .......... .......... .......... 48%  118M 1s
 24000K .......... .......... .......... .......... .......... 48%  136M 1s
 24050K .......... .......... .......... .......... .......... 48% 5.43M 1s
 24100K .......... .......... .......... .......... .......... 48% 16.8M 1s
 24150K .......... .......... .......... .......... .......... 48%  109M 1s
 24200K .......... .......... .......... .......... .......... 48% 24.8M 1s
 24250K .......... .......... .......... .......... .......... 48% 13.8M 1s
 24300K .......... .......... .......... .......... .......... 48% 90.9M 1s
 24350K .......... .......... .......... .......... .......... 48% 6.77M 1s
 24400K .......... .......... .......... .......... .......... 49%  120M 1s
 24450K .......... .......... .......... .......... .......... 49% 7.96M 1s
 24500K .......... .......... .......... .......... .......... 49% 78.6M 1s
 24550K .......... .......... .......... .......... .......... 49%  108M 1s
 24600K .......... .......... .......... .......... .......... 49%  112M 1s
 24650K .......... .......... .......... .......... .......... 49%  138M 1s
 24700K .......... .......... .......... .......... .......... 49%  113M 1s
 24750K .......... .......... .......... .......... .......... 49%  126M 1s
 24800K .......... .......... .......... .......... .......... 49%  117M 1s
 24850K .......... .......... .......... .......... .......... 49%  133M 1s
 24900K .......... .......... .......... .......... .......... 50% 24.8M 1s
 24950K .......... .......... .......... .......... .......... 50% 41.3M 1s
 25000K .......... .......... .......... .......... .......... 50% 6.64M 1s
 25050K .......... .......... .......... .......... .......... 50%  135M 1s
 25100K .......... .......... .......... .......... .......... 50%  103M 1s
 25150K .......... .......... .......... .......... .......... 50%  123M 1s
 25200K .......... .......... .......... .......... .......... 50% 68.8M 1s
 25250K .......... .......... .......... .......... .......... 50% 90.7M 1s
 25300K .......... .......... .......... .......... .......... 50% 62.8M 1s
 25350K .......... .......... .......... .......... .......... 50%  113M 1s
 25400K .......... .......... .......... .......... .......... 51% 11.7M 1s
 25450K .......... .......... .......... .......... .......... 51%  115M 1s
 25500K .......... .......... .......... .......... .......... 51%  116M 1s
 25550K .......... .......... .......... .......... .......... 51% 74.9M 1s
 25600K .......... .......... .......... .......... .......... 51% 7.92M 1s
 25650K .......... .......... .......... .......... .......... 51% 81.5M 1s
 25700K .......... .......... .......... .......... .......... 51% 92.2M 1s
 25750K .......... .......... .......... .......... .......... 51%  132M 1s
 25800K .......... .......... .......... .......... .......... 51% 17.0M 1s
 25850K .......... .......... .......... .......... .......... 51%  121M 1s
 25900K .......... .......... .......... .......... .......... 52% 14.0M 1s
 25950K .......... .......... .......... .......... .......... 52% 81.9M 1s
 26000K .......... .......... .......... .......... .......... 52%  112M 1s
 26050K .......... .......... .......... .......... .......... 52% 16.1M 1s
 26100K .......... .......... .......... .......... .......... 52% 7.73M 1s
 26150K .......... .......... .......... .......... .......... 52% 13.9M 1s
 26200K .......... .......... .......... .......... .......... 52%  108M 1s
 26250K .......... .......... .......... .......... .......... 52% 95.4M 1s
 26300K .......... .......... .......... .......... .......... 52% 24.2M 1s
 26350K .......... .......... .......... .......... .......... 52% 7.76M 1s
 26400K .......... .......... .......... .......... .......... 53% 78.7M 1s
 26450K .......... .......... .......... .......... .......... 53% 56.9M 1s
 26500K .......... .......... .......... .......... .......... 53% 23.6M 1s
 26550K .......... .......... .......... .......... .......... 53% 58.5M 1s
 26600K .......... .......... .......... .......... .......... 53% 25.9M 1s
 26650K .......... .......... .......... .......... .......... 53% 81.6M 1s
 26700K .......... .......... .......... .......... .......... 53% 32.3M 1s
 26750K .......... .......... .......... .......... .......... 53% 57.5M 1s
 26800K .......... .......... .......... .......... .......... 53% 26.4M 1s
 26850K .......... .......... .......... .......... .......... 53% 38.9M 1s
 26900K .......... .......... .......... .......... .......... 54% 16.3M 1s
 26950K .......... .......... .......... .......... .......... 54% 17.8M 1s
 27000K .......... .......... .......... .......... .......... 54%  119M 1s
 27050K .......... .......... .......... .......... .......... 54% 53.0M 1s
 27100K .......... .......... .......... .......... .......... 54% 17.9M 1s
 27150K .......... .......... .......... .......... .......... 54%  116M 1s
 27200K .......... .......... .......... .......... .......... 54%  121M 1s
 27250K .......... .......... .......... .......... .......... 54% 17.0M 1s
 27300K .......... .......... .......... .......... .......... 54% 88.1M 1s
 27350K .......... .......... .......... .......... .......... 54% 28.6M 1s
 27400K .......... .......... .......... .......... .......... 55% 61.7M 1s
 27450K .......... .......... .......... .......... .......... 55% 64.2M 1s
 27500K .......... .......... .......... .......... .......... 55% 4.96M 1s
 27550K .......... .......... .......... .......... .......... 55%  102M 1s
 27600K .......... .......... .......... .......... .......... 55%  111M 1s
 27650K .......... .......... .......... .......... .......... 55%  139M 1s
 27700K .......... .......... .......... .......... .......... 55% 27.5M 1s
 27750K .......... .......... .......... .......... .......... 55% 82.6M 1s
 27800K .......... .......... .......... .......... .......... 55% 91.3M 1s
 27850K .......... .......... .......... .......... .......... 55%  135M 1s
 27900K .......... .......... .......... .......... .......... 56%  111M 1s
 27950K .......... .......... .......... .......... .......... 56%  117M 1s
 28000K .......... .......... .......... .......... .......... 56% 44.4M 1s
 28050K .......... .......... .......... .......... .......... 56% 6.14M 1s
 28100K .......... .......... .......... .......... .......... 56% 15.3M 1s
 28150K .......... .......... .......... .......... .......... 56% 9.24M 1s
 28200K .......... .......... .......... .......... .......... 56%  117M 1s
 28250K .......... .......... .......... .......... .......... 56% 94.2M 1s
 28300K .......... .......... .......... .......... .......... 56% 98.3M 1s
 28350K .......... .......... .......... .......... .......... 56% 8.20M 1s
 28400K .......... .......... .......... .......... .......... 57% 23.6M 1s
 28450K .......... .......... .......... .......... .......... 57% 55.0M 1s
 28500K .......... .......... .......... .......... .......... 57% 47.1M 1s
 28550K .......... .......... .......... .......... .......... 57% 9.72M 1s
 28600K .......... .......... .......... .......... .......... 57% 88.7M 1s
 28650K .......... .......... .......... .......... .......... 57% 97.4M 1s
 28700K .......... .......... .......... .......... .......... 57%  104M 1s
 28750K .......... .......... .......... .......... .......... 57% 10.1M 1s
 28800K .......... .......... .......... .......... .......... 57%  119M 1s
 28850K .......... .......... .......... .......... .......... 57%  113M 1s
 28900K .......... .......... .......... .......... .......... 58% 74.0M 1s
 28950K .......... .......... .......... .......... .......... 58%  106M 1s
 29000K .......... .......... .......... .......... .......... 58% 54.9M 1s
 29050K .......... .......... .......... .......... .......... 58% 39.9M 1s
 29100K .......... .......... .......... .......... .......... 58% 22.3M 1s
 29150K .......... .......... .......... .......... .......... 58% 61.3M 1s
 29200K .......... .......... .......... .......... .......... 58% 2.63M 1s
 29250K .......... .......... .......... .......... .......... 58% 95.4M 1s
 29300K .......... .......... .......... .......... .......... 58% 88.5M 1s
 29350K .......... .......... .......... .......... .......... 58%  147M 1s
 29400K .......... .......... .......... .......... .......... 59%  156M 1s
 29450K .......... .......... .......... .......... .......... 59% 13.2M 1s
 29500K .......... .......... .......... .......... .......... 59% 99.1M 1s
 29550K .......... .......... .......... .......... .......... 59% 87.2M 1s
 29600K .......... .......... .......... .......... .......... 59% 98.7M 1s
 29650K .......... .......... .......... .......... .......... 59% 22.8M 1s
 29700K .......... .......... .......... .......... .......... 59% 87.9M 1s
 29750K .......... .......... .......... .......... .......... 59% 98.7M 1s
 29800K .......... .......... .......... .......... .......... 59%  144M 1s
 29850K .......... .......... .......... .......... .......... 59%  114M 1s
 29900K .......... .......... .......... .......... .......... 60% 85.1M 1s
 29950K .......... .......... .......... .......... .......... 60%  124M 1s
 30000K .......... .......... .......... .......... .......... 60%  123M 1s
 30050K .......... .......... .......... .......... .......... 60% 7.98M 1s
 30100K .......... .......... .......... .......... .......... 60% 65.1M 1s
 30150K .......... .......... .......... .......... .......... 60%  102M 1s
 30200K .......... .......... .......... .......... .......... 60%  157M 1s
 30250K .......... .......... .......... .......... .......... 60% 24.3M 1s
 30300K .......... .......... .......... .......... .......... 60% 5.99M 1s
 30350K .......... .......... .......... .......... .......... 60% 48.6M 1s
 30400K .......... .......... .......... .......... .......... 61% 21.0M 1s
 30450K .......... .......... .......... .......... .......... 61%  134M 1s
 30500K .......... .......... .......... .......... .......... 61%  101M 1s
 30550K .......... .......... .......... .......... .......... 61% 46.4M 1s
 30600K .......... .......... .......... .......... .......... 61% 47.3M 1s
 30650K .......... .......... .......... .......... .......... 61% 51.7M 1s
 30700K .......... .......... .......... .......... .......... 61% 24.8M 1s
 30750K .......... .......... .......... .......... .......... 61% 10.5M 1s
 30800K .......... .......... .......... .......... .......... 61% 88.1M 1s
 30850K .......... .......... .......... .......... .......... 61%  130M 1s
 30900K .......... .......... .......... .......... .......... 62% 36.6M 1s
 30950K .......... .......... .......... .......... .......... 62% 47.1M 1s
 31000K .......... .......... .......... .......... .......... 62% 39.5M 1s
 31050K .......... .......... .......... .......... .......... 62% 25.4M 1s
 31100K .......... .......... .......... .......... .......... 62% 38.4M 1s
 31150K .......... .......... .......... .......... .......... 62% 33.1M 1s
 31200K .......... .......... .......... .......... .......... 62%  104M 1s
 31250K .......... .......... .......... .......... .......... 62% 52.9M 1s
 31300K .......... .......... .......... .......... .......... 62% 31.5M 1s
 31350K .......... .......... .......... .......... .......... 62% 28.6M 1s
 31400K .......... .......... .......... .......... .......... 63% 55.8M 1s
 31450K .......... .......... .......... .......... .......... 63% 15.2M 1s
 31500K .......... .......... .......... .......... .......... 63% 90.8M 1s
 31550K .......... .......... .......... .......... .......... 63% 43.6M 1s
 31600K .......... .......... .......... .......... .......... 63% 36.1M 1s
 31650K .......... .......... .......... .......... .......... 63% 82.0M 1s
 31700K .......... .......... .......... .......... .......... 63% 30.0M 1s
 31750K .......... .......... .......... .......... .......... 63% 24.2M 1s
 31800K .......... .......... .......... .......... .......... 63% 74.0M 1s
 31850K .......... .......... .......... .......... .......... 63% 8.46M 1s
 31900K .......... .......... .......... .......... .......... 64%  115M 1s
 31950K .......... .......... .......... .......... .......... 64%  113M 1s
 32000K .......... .......... .......... .......... .......... 64% 11.5M 1s
 32050K .......... .......... .......... .......... .......... 64% 9.33M 1s
 32100K .......... .......... .......... .......... .......... 64% 26.9M 1s
 32150K .......... .......... .......... .......... .......... 64% 44.6M 1s
 32200K .......... .......... .......... .......... .......... 64% 27.2M 1s
 32250K .......... .......... .......... .......... .......... 64% 19.0M 1s
 32300K .......... .......... .......... .......... .......... 64% 7.89M 1s
 32350K .......... .......... .......... .......... .......... 64% 74.0M 1s
 32400K .......... .......... .......... .......... .......... 65% 28.0M 1s
 32450K .......... .......... .......... .......... .......... 65% 90.5M 1s
 32500K .......... .......... .......... .......... .......... 65% 10.4M 1s
 32550K .......... .......... .......... .......... .......... 65%  106M 1s
 32600K .......... .......... .......... .......... .......... 65% 53.0M 1s
 32650K .......... .......... .......... .......... .......... 65%  109M 1s
 32700K .......... .......... .......... .......... .......... 65% 70.9M 1s
 32750K .......... .......... .......... .......... .......... 65% 16.8M 1s
 32800K .......... .......... .......... .......... .......... 65%  126M 1s
 32850K .......... .......... .......... .......... .......... 65% 27.5M 1s
 32900K .......... .......... .......... .......... .......... 66% 10.7M 1s
 32950K .......... .......... .......... .......... .......... 66% 99.1M 1s
 33000K .......... .......... .......... .......... .......... 66%  141M 1s
 33050K .......... .......... .......... .......... .......... 66%  129M 1s
 33100K .......... .......... .......... .......... .......... 66% 16.0M 1s
 33150K .......... .......... .......... .......... .......... 66% 17.7M 1s
 33200K .......... .......... .......... .......... .......... 66%  122M 1s
 33250K .......... .......... .......... .......... .......... 66%  126M 1s
 33300K .......... .......... .......... .......... .......... 66% 88.0M 1s
 33350K .......... .......... .......... .......... .......... 66% 13.2M 1s
 33400K .......... .......... .......... .......... .......... 67% 80.1M 1s
 33450K .......... .......... .......... .......... .......... 67%  123M 1s
 33500K .......... .......... .......... .......... .......... 67% 36.1M 1s
 33550K .......... .......... .......... .......... .......... 67% 24.3M 1s
 33600K .......... .......... .......... .......... .......... 67% 92.9M 1s
 33650K .......... .......... .......... .......... .......... 67% 91.0M 1s
 33700K .......... .......... .......... .......... .......... 67% 5.58M 1s
 33750K .......... .......... .......... .......... .......... 67% 90.4M 1s
 33800K .......... .......... .......... .......... .......... 67%  125M 1s
 33850K .......... .......... .......... .......... .......... 67%  129M 1s
 33900K .......... .......... .......... .......... .......... 68% 57.7M 1s
 33950K .......... .......... .......... .......... .......... 68%  104M 1s
 34000K .......... .......... .......... .......... .......... 68% 9.34M 1s
 34050K .......... .......... .......... .......... .......... 68% 27.7M 1s
 34100K .......... .......... .......... .......... .......... 68% 16.9M 1s
 34150K .......... .......... .......... .......... .......... 68% 59.1M 1s
 34200K .......... .......... .......... .......... .......... 68% 19.1M 1s
 34250K .......... .......... .......... .......... .......... 68% 84.5M 1s
 34300K .......... .......... .......... .......... .......... 68% 50.3M 1s
 34350K .......... .......... .......... .......... .......... 68% 6.36M 1s
 34400K .......... .......... .......... .......... .......... 69% 7.90M 1s
 34450K .......... .......... .......... .......... .......... 69%  120M 1s
 34500K .......... .......... .......... .......... .......... 69% 74.3M 1s
 34550K .......... .......... .......... .......... .......... 69% 93.9M 1s
 34600K .......... .......... .......... .......... .......... 69%  116M 1s
 34650K .......... .......... .......... .......... .......... 69%  147M 1s
 34700K .......... .......... .......... .......... .......... 69% 69.8M 1s
 34750K .......... .......... .......... .......... .......... 69% 7.52M 1s
 34800K .......... .......... .......... .......... .......... 69%  102M 1s
 34850K .......... .......... .......... .......... .......... 69%  126M 1s
 34900K .......... .......... .......... .......... .......... 70%  103M 1s
 34950K .......... .......... .......... .......... .......... 70%  133M 1s
 35000K .......... .......... .......... .......... .......... 70%  129M 1s
 35050K .......... .......... .......... .......... .......... 70% 24.9M 1s
 35100K .......... .......... .......... .......... .......... 70% 33.9M 1s
 35150K .......... .......... .......... .......... .......... 70% 9.29M 1s
 35200K .......... .......... .......... .......... .......... 70%  122M 1s
 35250K .......... .......... .......... .......... .......... 70%  113M 1s
 35300K .......... .......... .......... .......... .......... 70% 16.6M 1s
 35350K .......... .......... .......... .......... .......... 70%  116M 1s
 35400K .......... .......... .......... .......... .......... 71% 98.6M 1s
 35450K .......... .......... .......... .......... .......... 71% 1.73M 1s
 35500K .......... .......... .......... .......... .......... 71%  108M 1s
 35550K .......... .......... .......... .......... .......... 71%  118M 1s
 35600K .......... .......... .......... .......... .......... 71%  122M 1s
 35650K .......... .......... .......... .......... .......... 71%  116M 1s
 35700K .......... .......... .......... .......... .......... 71% 99.3M 1s
 35750K .......... .......... .......... .......... .......... 71%  120M 1s
 35800K .......... .......... .......... .......... .......... 71%  116M 1s
 35850K .......... .......... .......... .......... .......... 71% 86.7M 1s
 35900K .......... .......... .......... .......... .......... 72% 92.1M 0s
 35950K .......... .......... .......... .......... .......... 72%  128M 0s
 36000K .......... .......... .......... .......... .......... 72%  119M 0s
 36050K .......... .......... .......... .......... .......... 72%  108M 0s
 36100K .......... .......... .......... .......... .......... 72% 97.8M 0s
 36150K .......... .......... .......... .......... .......... 72%  121M 0s
 36200K .......... .......... .......... .......... .......... 72%  128M 0s
 36250K .......... .......... .......... .......... .......... 72%  125M 0s
 36300K .......... .......... .......... .......... .......... 72% 5.38M 0s
 36350K .......... .......... .......... .......... .......... 72% 97.9M 0s
 36400K .......... .......... .......... .......... .......... 73%  140M 0s
 36450K .......... .......... .......... .......... .......... 73%  121M 0s
 36500K .......... .......... .......... .......... .......... 73%  109M 0s
 36550K .......... .......... .......... .......... .......... 73% 14.9M 0s
 36600K .......... .......... .......... .......... .......... 73% 99.8M 0s
 36650K .......... .......... .......... .......... .......... 73%  116M 0s
 36700K .......... .......... .......... .......... .......... 73%  139M 0s
 36750K .......... .......... .......... .......... .......... 73% 54.9M 0s
 36800K .......... .......... .......... .......... .......... 73% 4.03M 0s
 36850K .......... .......... .......... .......... .......... 73%  109M 0s
 36900K .......... .......... .......... .......... .......... 74%  107M 0s
 36950K .......... .......... .......... .......... .......... 74%  107M 0s
 37000K .......... .......... .......... .......... .......... 74%  123M 0s
 37050K .......... .......... .......... .......... .......... 74% 38.9M 0s
 37100K .......... .......... .......... .......... .......... 74% 70.9M 0s
 37150K .......... .......... .......... .......... .......... 74%  142M 0s
 37200K .......... .......... .......... .......... .......... 74%  128M 0s
 37250K .......... .......... .......... .......... .......... 74%  133M 0s
 37300K .......... .......... .......... .......... .......... 74% 93.6M 0s
 37350K .......... .......... .......... .......... .......... 74%  101M 0s
 37400K .......... .......... .......... .......... .......... 75%  128M 0s
 37450K .......... .......... .......... .......... .......... 75% 17.7M 0s
 37500K .......... .......... .......... .......... .......... 75%  123M 0s
 37550K .......... .......... .......... .......... .......... 75% 20.0M 0s
 37600K .......... .......... .......... .......... .......... 75% 15.9M 0s
 37650K .......... .......... .......... .......... .......... 75% 12.0M 0s
 37700K .......... .......... .......... .......... .......... 75% 95.3M 0s
 37750K .......... .......... .......... .......... .......... 75% 14.3M 0s
 37800K .......... .......... .......... .......... .......... 75%  100M 0s
 37850K .......... .......... .......... .......... .......... 75% 93.3M 0s
 37900K .......... .......... .......... .......... .......... 76%  129M 0s
 37950K .......... .......... .......... .......... .......... 76%  146M 0s
 38000K .......... .......... .......... .......... .......... 76% 22.1M 0s
 38050K .......... .......... .......... .......... .......... 76% 7.89M 0s
 38100K .......... .......... .......... .......... .......... 76% 93.6M 0s
 38150K .......... .......... .......... .......... .......... 76% 51.7M 0s
 38200K .......... .......... .......... .......... .......... 76% 48.2M 0s
 38250K .......... .......... .......... .......... .......... 76% 14.8M 0s
 38300K .......... .......... .......... .......... .......... 76% 5.53M 0s
 38350K .......... .......... .......... .......... .......... 76%  112M 0s
 38400K .......... .......... .......... .......... .......... 77%  117M 0s
 38450K .......... .......... .......... .......... .......... 77% 15.1M 0s
 38500K .......... .......... .......... .......... .......... 77%  105M 0s
 38550K .......... .......... .......... .......... .......... 77%  107M 0s
 38600K .......... .......... .......... .......... .......... 77%  125M 0s
 38650K .......... .......... .......... .......... .......... 77% 30.8M 0s
 38700K .......... .......... .......... .......... .......... 77% 63.5M 0s
 38750K .......... .......... .......... .......... .......... 77% 11.2M 0s
 38800K .......... .......... .......... .......... .......... 77% 75.8M 0s
 38850K .......... .......... .......... .......... .......... 77%  127M 0s
 38900K .......... .......... .......... .......... .......... 78% 91.2M 0s
 38950K .......... .......... .......... .......... .......... 78% 34.3M 0s
 39000K .......... .......... .......... .......... .......... 78% 47.6M 0s
 39050K .......... .......... .......... .......... .......... 78% 21.1M 0s
 39100K .......... .......... .......... .......... .......... 78% 72.9M 0s
 39150K .......... .......... .......... .......... .......... 78% 10.6M 0s
 39200K .......... .......... .......... .......... .......... 78%  122M 0s
 39250K .......... .......... .......... .......... .......... 78%  127M 0s
 39300K .......... .......... .......... .......... .......... 78% 59.7M 0s
 39350K .......... .......... .......... .......... .......... 78% 58.4M 0s
 39400K .......... .......... .......... .......... .......... 79% 27.4M 0s
 39450K .......... .......... .......... .......... .......... 79% 45.6M 0s
 39500K .......... .......... .......... .......... .......... 79% 25.5M 0s
 39550K .......... .......... .......... .......... .......... 79% 17.4M 0s
 39600K .......... .......... .......... .......... .......... 79%  116M 0s
 39650K .......... .......... .......... .......... .......... 79% 5.32M 0s
 39700K .......... .......... .......... .......... .......... 79% 95.7M 0s
 39750K .......... .......... .......... .......... .......... 79%  122M 0s
 39800K .......... .......... .......... .......... .......... 79%  102M 0s
 39850K .......... .......... .......... .......... .......... 79% 81.5M 0s
 39900K .......... .......... .......... .......... .......... 80% 75.5M 0s
 39950K .......... .......... .......... .......... .......... 80%  129M 0s
 40000K .......... .......... .......... .......... .......... 80% 7.59M 0s
 40050K .......... .......... .......... .......... .......... 80% 88.1M 0s
 40100K .......... .......... .......... .......... .......... 80% 10.8M 0s
 40150K .......... .......... .......... .......... .......... 80% 74.7M 0s
 40200K .......... .......... .......... .......... .......... 80% 35.7M 0s
 40250K .......... .......... .......... .......... .......... 80%  128M 0s
 40300K .......... .......... .......... .......... .......... 80% 4.32M 0s
 40350K .......... .......... .......... .......... .......... 80%  101M 0s
 40400K .......... .......... .......... .......... .......... 81%  108M 0s
 40450K .......... .......... .......... .......... .......... 81%  114M 0s
 40500K .......... .......... .......... .......... .......... 81% 16.8M 0s
 40550K .......... .......... .......... .......... .......... 81% 2.66M 0s
 40600K .......... .......... .......... .......... .......... 81% 67.8M 0s
 40650K .......... .......... .......... .......... .......... 81% 82.0M 0s
 40700K .......... .......... .......... .......... .......... 81% 80.8M 0s
 40750K .......... .......... .......... .......... .......... 81%  135M 0s
 40800K .......... .......... .......... .......... .......... 81%  137M 0s
 40850K .......... .......... .......... .......... .......... 81%  135M 0s
 40900K .......... .......... .......... .......... .......... 82%  102M 0s
 40950K .......... .......... .......... .......... .......... 82%  130M 0s
 41000K .......... .......... .......... .......... .......... 82%  117M 0s
 41050K .......... .......... .......... .......... .......... 82%  133M 0s
 41100K .......... .......... .......... .......... .......... 82%  124M 0s
 41150K .......... .......... .......... .......... .......... 82%  150M 0s
 41200K .......... .......... .......... .......... .......... 82% 4.03M 0s
 41250K .......... .......... .......... .......... .......... 82%  133M 0s
 41300K .......... .......... .......... .......... .......... 82%  118M 0s
 41350K .......... .......... .......... .......... .......... 82%  126M 0s
 41400K .......... .......... .......... .......... .......... 83%  126M 0s
 41450K .......... .......... .......... .......... .......... 83% 85.9M 0s
 41500K .......... .......... .......... .......... .......... 83% 70.8M 0s
 41550K .......... .......... .......... .......... .......... 83% 93.3M 0s
 41600K .......... .......... .......... .......... .......... 83%  123M 0s
 41650K .......... .......... .......... .......... .......... 83%  124M 0s
 41700K .......... .......... .......... .......... .......... 83% 98.7M 0s
 41750K .......... .......... .......... .......... .......... 83%  121M 0s
 41800K .......... .......... .......... .......... .......... 83%  124M 0s
 41850K .......... .......... .......... .......... .......... 83%  113M 0s
 41900K .......... .......... .......... .......... .......... 84%  107M 0s
 41950K .......... .......... .......... .......... .......... 84%  122M 0s
 42000K .......... .......... .......... .......... .......... 84% 10.3M 0s
 42050K .......... .......... .......... .......... .......... 84% 13.5M 0s
 42100K .......... .......... .......... .......... .......... 84% 98.8M 0s
 42150K .......... .......... .......... .......... .......... 84% 59.1M 0s
 42200K .......... .......... .......... .......... .......... 84%  125M 0s
 42250K .......... .......... .......... .......... .......... 84% 37.4M 0s
 42300K .......... .......... .......... .......... .......... 84% 7.28M 0s
 42350K .......... .......... .......... .......... .......... 84% 9.47M 0s
 42400K .......... .......... .......... .......... .......... 85%  120M 0s
 42450K .......... .......... .......... .......... .......... 85% 94.3M 0s
 42500K .......... .......... .......... .......... .......... 85% 32.0M 0s
 42550K .......... .......... .......... .......... .......... 85% 62.2M 0s
 42600K .......... .......... .......... .......... .......... 85% 7.82M 0s
 42650K .......... .......... .......... .......... .......... 85% 6.40M 0s
 42700K .......... .......... .......... .......... .......... 85% 74.1M 0s
 42750K .......... .......... .......... .......... .......... 85%  127M 0s
 42800K .......... .......... .......... .......... .......... 85%  138M 0s
 42850K .......... .......... .......... .......... .......... 85% 28.4M 0s
 42900K .......... .......... .......... .......... .......... 86% 77.2M 0s
 42950K .......... .......... .......... .......... .......... 86%  111M 0s
 43000K .......... .......... .......... .......... .......... 86%  120M 0s
 43050K .......... .......... .......... .......... .......... 86%  157M 0s
 43100K .......... .......... .......... .......... .......... 86%  104M 0s
 43150K .......... .......... .......... .......... .......... 86%  127M 0s
 43200K .......... .......... .......... .......... .......... 86% 85.5M 0s
 43250K .......... .......... .......... .......... .......... 86%  120M 0s
 43300K .......... .......... .......... .......... .......... 86% 72.1M 0s
 43350K .......... .......... .......... .......... .......... 86% 95.6M 0s
 43400K .......... .......... .......... .......... .......... 87% 31.6M 0s
 43450K .......... .......... .......... .......... .......... 87% 26.4M 0s
 43500K .......... .......... .......... .......... .......... 87% 31.3M 0s
 43550K .......... .......... .......... .......... .......... 87% 28.9M 0s
 43600K .......... .......... .......... .......... .......... 87% 60.9M 0s
 43650K .......... .......... .......... .......... .......... 87% 6.55M 0s
 43700K .......... .......... .......... .......... .......... 87% 65.9M 0s
 43750K .......... .......... .......... .......... .......... 87%  121M 0s
 43800K .......... .......... .......... .......... .......... 87% 20.0M 0s
 43850K .......... .......... .......... .......... .......... 87% 34.1M 0s
 43900K .......... .......... .......... .......... .......... 88%  123M 0s
 43950K .......... .......... .......... .......... .......... 88% 20.5M 0s
 44000K .......... .......... .......... .......... .......... 88% 16.4M 0s
 44050K .......... .......... .......... .......... .......... 88% 19.6M 0s
 44100K .......... .......... .......... .......... .......... 88% 15.2M 0s
 44150K .......... .......... .......... .......... .......... 88%  120M 0s
 44200K .......... .......... .......... .......... .......... 88% 23.9M 0s
 44250K .......... .......... .......... .......... .......... 88% 7.46M 0s
 44300K .......... .......... .......... .......... .......... 88% 74.1M 0s
 44350K .......... .......... .......... .......... .......... 88% 33.5M 0s
 44400K .......... .......... .......... .......... .......... 89% 2.55M 0s
 44450K .......... .......... .......... .......... .......... 89%  113M 0s
 44500K .......... .......... .......... .......... .......... 89%  107M 0s
 44550K .......... .......... .......... .......... .......... 89%  132M 0s
 44600K .......... .......... .......... .......... .......... 89% 7.46M 0s
 44650K .......... .......... .......... .......... .......... 89%  122M 0s
 44700K .......... .......... .......... .......... .......... 89% 64.5M 0s
 44750K .......... .......... .......... .......... .......... 89% 81.9M 0s
 44800K .......... .......... .......... .......... .......... 89% 95.6M 0s
 44850K .......... .......... .......... .......... .......... 89%  112M 0s
 44900K .......... .......... .......... .......... .......... 90%  110M 0s
 44950K .......... .......... .......... .......... .......... 90%  123M 0s
 45000K .......... .......... .......... .......... .......... 90%  122M 0s
 45050K .......... .......... .......... .......... .......... 90%  120M 0s
 45100K .......... .......... .......... .......... .......... 90% 96.6M 0s
 45150K .......... .......... .......... .......... .......... 90%  120M 0s
 45200K .......... .......... .......... .......... .......... 90%  121M 0s
 45250K .......... .......... .......... .......... .......... 90%  124M 0s
 45300K .......... .......... .......... .......... .......... 90%  112M 0s
 45350K .......... .......... .......... .......... .......... 90%  112M 0s
 45400K .......... .......... .......... .......... .......... 91%  121M 0s
 45450K .......... .......... .......... .......... .......... 91%  120M 0s
 45500K .......... .......... .......... .......... .......... 91%  126M 0s
 45550K .......... .......... .......... .......... .......... 91% 11.5M 0s
 45600K .......... .......... .......... .......... .......... 91%  125M 0s
 45650K .......... .......... .......... .......... .......... 91% 30.8M 0s
 45700K .......... .......... .......... .......... .......... 91% 61.1M 0s
 45750K .......... .......... .......... .......... .......... 91% 17.3M 0s
 45800K .......... .......... .......... .......... .......... 91%  113M 0s
 45850K .......... .......... .......... .......... .......... 91%  112M 0s
 45900K .......... .......... .......... .......... .......... 92% 12.1M 0s
 45950K .......... .......... .......... .......... .......... 92% 12.1M 0s
 46000K .......... .......... .......... .......... .......... 92% 91.3M 0s
 46050K .......... .......... .......... .......... .......... 92% 33.1M 0s
 46100K .......... .......... .......... .......... .......... 92% 43.6M 0s
 46150K .......... .......... .......... .......... .......... 92% 17.6M 0s
 46200K .......... .......... .......... .......... .......... 92% 30.9M 0s
 46250K .......... .......... .......... .......... .......... 92% 5.15M 0s
 46300K .......... .......... .......... .......... .......... 92% 79.0M 0s
 46350K .......... .......... .......... .......... .......... 92%  101M 0s
 46400K .......... .......... .......... .......... .......... 93%  153M 0s
 46450K .......... .......... .......... .......... .......... 93% 10.6M 0s
 46500K .......... .......... .......... .......... .......... 93% 59.0M 0s
 46550K .......... .......... .......... .......... .......... 93%  147M 0s
 46600K .......... .......... .......... .......... .......... 93% 8.95M 0s
 46650K .......... .......... .......... .......... .......... 93%  114M 0s
 46700K .......... .......... .......... .......... .......... 93% 23.7M 0s
 46750K .......... .......... .......... .......... .......... 93%  121M 0s
 46800K .......... .......... .......... .......... .......... 93% 76.6M 0s
 46850K .......... .......... .......... .......... .......... 93% 83.0M 0s
 46900K .......... .......... .......... .......... .......... 94% 28.3M 0s
 46950K .......... .......... .......... .......... .......... 94% 3.41M 0s
 47000K .......... .......... .......... .......... .......... 94%  126M 0s
 47050K .......... .......... .......... .......... .......... 94%  117M 0s
 47100K .......... .......... .......... .......... .......... 94%  109M 0s
 47150K .......... .......... .......... .......... .......... 94%  106M 0s
 47200K .......... .......... .......... .......... .......... 94%  132M 0s
 47250K .......... .......... .......... .......... .......... 94%  125M 0s
 47300K .......... .......... .......... .......... .......... 94% 48.6M 0s
 47350K .......... .......... .......... .......... .......... 94% 81.0M 0s
 47400K .......... .......... .......... .......... .......... 95% 96.3M 0s
 47450K .......... .......... .......... .......... .......... 95%  152M 0s
 47500K .......... .......... .......... .......... .......... 95%  124M 0s
 47550K .......... .......... .......... .......... .......... 95%  120M 0s
 47600K .......... .......... .......... .......... .......... 95%  127M 0s
 47650K .......... .......... .......... .......... .......... 95% 9.73M 0s
 47700K .......... .......... .......... .......... .......... 95% 82.2M 0s
 47750K .......... .......... .......... .......... .......... 95%  123M 0s
 47800K .......... .......... .......... .......... .......... 95% 22.9M 0s
 47850K .......... .......... .......... .......... .......... 95%  124M 0s
 47900K .......... .......... .......... .......... .......... 96% 24.1M 0s
 47950K .......... .......... .......... .......... .......... 96%  110M 0s
 48000K .......... .......... .......... .......... .......... 96% 24.7M 0s
 48050K .......... .......... .......... .......... .......... 96% 18.0M 0s
 48100K .......... .......... .......... .......... .......... 96% 20.3M 0s
 48150K .......... .......... .......... .......... .......... 96% 90.8M 0s
 48200K .......... .......... .......... .......... .......... 96% 18.4M 0s
 48250K .......... .......... .......... .......... .......... 96% 6.12M 0s
 48300K .......... .......... .......... .......... .......... 96%  116M 0s
 48350K .......... .......... .......... .......... .......... 97%  121M 0s
 48400K .......... .......... .......... .......... .......... 97% 31.4M 0s
 48450K .......... .......... .......... .......... .......... 97% 26.9M 0s
 48500K .......... .......... .......... .......... .......... 97% 9.70M 0s
 48550K .......... .......... .......... .......... .......... 97% 16.4M 0s
 48600K .......... .......... .......... .......... .......... 97% 22.8M 0s
 48650K .......... .......... .......... .......... .......... 97% 84.3M 0s
 48700K .......... .......... .......... .......... .......... 97%  131M 0s
 48750K .......... .......... .......... .......... .......... 97% 38.3M 0s
 48800K .......... .......... .......... .......... .......... 97% 59.5M 0s
 48850K .......... .......... .......... .......... .......... 98% 19.2M 0s
 48900K .......... .......... .......... .......... .......... 98% 40.6M 0s
 48950K .......... .......... .......... .......... .......... 98% 64.2M 0s
 49000K .......... .......... .......... .......... .......... 98% 29.3M 0s
 49050K .......... .......... .......... .......... .......... 98% 70.0M 0s
 49100K .......... .......... .......... .......... .......... 98% 6.14M 0s
 49150K .......... .......... .......... .......... .......... 98%  128M 0s
 49200K .......... .......... .......... .......... .......... 98%  117M 0s
 49250K .......... .......... .......... .......... .......... 98%  125M 0s
 49300K .......... .......... .......... .......... .......... 98% 24.4M 0s
 49350K .......... .......... .......... .......... .......... 99%  116M 0s
 49400K .......... .......... .......... .......... .......... 99% 57.2M 0s
 49450K .......... .......... .......... .......... .......... 99% 93.3M 0s
 49500K .......... .......... .......... .......... .......... 99%  119M 0s
 49550K .......... .......... .......... .......... .......... 99% 22.9M 0s
 49600K .......... .......... .......... .......... .......... 99% 12.4M 0s
 49650K .......... .......... .......... .......... .......... 99%  112M 0s
 49700K .......... .......... .......... .......... .......... 99% 48.0M 0s
 49750K .......... .......... .......... .......... .......... 99%  114M 0s
 49800K .......... .......... .......... .......... .......... 99%  125M 0s
 49850K .......... .......... .......... .......... ......    100%  108M=1.8s

2020-10-29 23:26:22 (27.7 MB/s) - `miniconda.sh' saved [51093759/51093759]


travis_time:end:00166e90:start=1604013979990202931,finish=1604013982034766928,duration=2044563997[0Ktravis_fold:end:before_install.1[0Ktravis_fold:start:before_install.2[0Ktravis_time:start:1ab501d0[0K$ chmod +x miniconda.sh

travis_time:end:1ab501d0:start=1604013982044488024,finish=1604013982054842281,duration=10354257[0Ktravis_fold:end:before_install.2[0Ktravis_fold:start:before_install.3[0Ktravis_time:start:03161c2c[0K$ ./miniconda.sh -b
PREFIX=/home/travis/miniconda2
Unpacking payload ...
  0%|          | 0/37 [00:00<?, ?it/s]Extracting : python-2.7.18-h15b4118_1.conda:   0%|          | 0/37 [00:02<?, ?it/s]Extracting : python-2.7.18-h15b4118_1.conda:   3%|▎         | 1/37 [00:02<01:12,  2.02s/it]Extracting : _libgcc_mutex-0.1-main.conda:   3%|▎         | 1/37 [00:02<01:12,  2.02s/it]  Extracting : ca-certificates-2020.1.1-0.conda:   5%|▌         | 2/37 [00:02<01:10,  2.02s/it]Extracting : libstdcxx-ng-9.1.0-hdf63c60_0.conda:   8%|▊         | 3/37 [00:02<01:08,  2.02s/it]Extracting : libgcc-ng-9.1.0-hdf63c60_0.conda:  11%|█         | 4/37 [00:02<01:06,  2.02s/it]   Extracting : libffi-3.3-he6710b0_1.conda:  14%|█▎        | 5/37 [00:02<01:04,  2.02s/it]     Extracting : ncurses-6.2-he6710b0_1.conda:  16%|█▌        | 6/37 [00:02<01:02,  2.02s/it]Extracting : openssl-1.1.1g-h7b6447c_0.conda:  19%|█▉        | 7/37 [00:02<01:00,  2.02s/it]Extracting : yaml-0.1.7-had09818_2.conda:  22%|██▏       | 8/37 [00:02<00:58,  2.02s/it]    Extracting : zlib-1.2.11-h7b6447c_3.conda:  24%|██▍       | 9/37 [00:02<00:56,  2.02s/it]Extracting : libedit-3.1.20181209-hc058e9b_0.conda:  27%|██▋       | 10/37 [00:02<00:54,  2.02s/it]Extracting : readline-8.0-h7b6447c_0.conda:  30%|██▉       | 11/37 [00:02<00:52,  2.02s/it]        Extracting : tk-8.6.8-hbc83047_0.conda:  32%|███▏      | 12/37 [00:02<00:50,  2.02s/it]    Extracting : sqlite-3.31.1-h62c20be_1.conda:  35%|███▌      | 13/37 [00:02<00:48,  2.02s/it]Extracting : asn1crypto-1.3.0-py27_0.conda:  38%|███▊      | 14/37 [00:02<00:46,  2.02s/it] Extracting : certifi-2019.11.28-py27_0.conda:  41%|████      | 15/37 [00:02<00:44,  2.02s/it]Extracting : chardet-3.0.4-py27_1003.conda:  43%|████▎     | 16/37 [00:02<00:42,  2.02s/it]  Extracting : enum34-1.1.6-py27_1.conda:  46%|████▌     | 17/37 [00:02<00:40,  2.02s/it]    Extracting : futures-3.3.0-py27_0.conda:  49%|████▊     | 18/37 [00:02<00:38,  2.02s/it]Extracting : idna-2.8-py27_0.conda:  51%|█████▏    | 19/37 [00:02<00:36,  2.02s/it]     Extracting : ipaddress-1.0.23-py_0.conda:  54%|█████▍    | 20/37 [00:02<00:34,  2.02s/it]Extracting : pycosat-0.6.3-py27h7b6447c_0.conda:  57%|█████▋    | 21/37 [00:02<00:32,  2.02s/it]Extracting : pycparser-2.20-py_0.conda:  59%|█████▉    | 22/37 [00:02<00:30,  2.02s/it]         Extracting : pysocks-1.7.1-py27_0.conda:  62%|██████▏   | 23/37 [00:02<00:28,  2.02s/it]Extracting : ruamel_yaml-0.15.87-py27h7b6447c_0.conda:  65%|██████▍   | 24/37 [00:02<00:26,  2.02s/it]Extracting : six-1.13.0-py27_0.conda:  68%|██████▊   | 25/37 [00:02<00:24,  2.02s/it]                 Extracting : tqdm-4.46.0-py_0.conda:  70%|███████   | 26/37 [00:02<00:22,  2.02s/it] Extracting : cffi-1.14.0-py27he30daa8_1.conda:  73%|███████▎  | 27/37 [00:02<00:20,  2.02s/it]Extracting : conda-package-handling-1.6.0-py27h7b6447c_0.conda:  76%|███████▌  | 28/37 [00:02<00:18,  2.02s/it]Extracting : setuptools-44.0.0-py27_0.conda:  78%|███████▊  | 29/37 [00:02<00:16,  2.02s/it]                   Extracting : cryptography-2.8-py27h1ba5d50_0.conda:  81%|████████  | 30/37 [00:02<00:14,  2.02s/it]Extracting : wheel-0.33.6-py27_0.conda:  84%|████████▍ | 31/37 [00:02<00:12,  2.02s/it]            Extracting : pip-19.3.1-py27_0.conda:  86%|████████▋ | 32/37 [00:02<00:10,  2.02s/it]  Extracting : pyopenssl-19.1.0-py27_0.conda:  89%|████████▉ | 33/37 [00:02<00:08,  2.02s/it]Extracting : urllib3-1.25.7-py27_0.conda:  92%|█████████▏| 34/37 [00:02<00:06,  2.02s/it]  Extracting : requests-2.22.0-py27_1.conda:  95%|█████████▍| 35/37 [00:02<00:04,  2.02s/it]Extracting : conda-4.8.3-py27_0.tar.bz2:  97%|█████████▋| 36/37 [00:03<00:02,  2.02s/it]  Extracting : conda-4.8.3-py27_0.tar.bz2: 100%|██████████| 37/37 [00:03<00:00,  1.42s/it]                                                                                        Collecting package metadata (current_repodata.json): ...working... done
Solving environment: ...working... done

## Package Plan ##

  environment location: /home/travis/miniconda2

  added / updated specs:
    - _libgcc_mutex==0.1=main
    - asn1crypto==1.3.0=py27_0
    - ca-certificates==2020.1.1=0
    - certifi==2019.11.28=py27_0
    - cffi==1.14.0=py27he30daa8_1
    - chardet==3.0.4=py27_1003
    - conda-package-handling==1.6.0=py27h7b6447c_0
    - conda==4.8.3=py27_0
    - cryptography==2.8=py27h1ba5d50_0
    - enum34==1.1.6=py27_1
    - futures==3.3.0=py27_0
    - idna==2.8=py27_0
    - ipaddress==1.0.23=py_0
    - libedit==3.1.20181209=hc058e9b_0
    - libffi==3.3=he6710b0_1
    - libgcc-ng==9.1.0=hdf63c60_0
    - libstdcxx-ng==9.1.0=hdf63c60_0
    - ncurses==6.2=he6710b0_1
    - openssl==1.1.1g=h7b6447c_0
    - pip==19.3.1=py27_0
    - pycosat==0.6.3=py27h7b6447c_0
    - pycparser==2.20=py_0
    - pyopenssl==19.1.0=py27_0
    - pysocks==1.7.1=py27_0
    - python==2.7.18=h15b4118_1
    - readline==8.0=h7b6447c_0
    - requests==2.22.0=py27_1
    - ruamel_yaml==0.15.87=py27h7b6447c_0
    - setuptools==44.0.0=py27_0
    - six==1.13.0=py27_0
    - sqlite==3.31.1=h62c20be_1
    - tk==8.6.8=hbc83047_0
    - tqdm==4.46.0=py_0
    - urllib3==1.25.7=py27_0
    - wheel==0.33.6=py27_0
    - yaml==0.1.7=had09818_2
    - zlib==1.2.11=h7b6447c_3


The following NEW packages will be INSTALLED:

  _libgcc_mutex      pkgs/main/linux-64::_libgcc_mutex-0.1-main
  asn1crypto         pkgs/main/linux-64::asn1crypto-1.3.0-py27_0
  ca-certificates    pkgs/main/linux-64::ca-certificates-2020.1.1-0
  certifi            pkgs/main/linux-64::certifi-2019.11.28-py27_0
  cffi               pkgs/main/linux-64::cffi-1.14.0-py27he30daa8_1
  chardet            pkgs/main/linux-64::chardet-3.0.4-py27_1003
  conda              pkgs/main/linux-64::conda-4.8.3-py27_0
  conda-package-han~ pkgs/main/linux-64::conda-package-handling-1.6.0-py27h7b6447c_0
  cryptography       pkgs/main/linux-64::cryptography-2.8-py27h1ba5d50_0
  enum34             pkgs/main/linux-64::enum34-1.1.6-py27_1
  futures            pkgs/main/linux-64::futures-3.3.0-py27_0
  idna               pkgs/main/linux-64::idna-2.8-py27_0
  ipaddress          pkgs/main/noarch::ipaddress-1.0.23-py_0
  libedit            pkgs/main/linux-64::libedit-3.1.20181209-hc058e9b_0
  libffi             pkgs/main/linux-64::libffi-3.3-he6710b0_1
  libgcc-ng          pkgs/main/linux-64::libgcc-ng-9.1.0-hdf63c60_0
  libstdcxx-ng       pkgs/main/linux-64::libstdcxx-ng-9.1.0-hdf63c60_0
  ncurses            pkgs/main/linux-64::ncurses-6.2-he6710b0_1
  openssl            pkgs/main/linux-64::openssl-1.1.1g-h7b6447c_0
  pip                pkgs/main/linux-64::pip-19.3.1-py27_0
  pycosat            pkgs/main/linux-64::pycosat-0.6.3-py27h7b6447c_0
  pycparser          pkgs/main/noarch::pycparser-2.20-py_0
  pyopenssl          pkgs/main/linux-64::pyopenssl-19.1.0-py27_0
  pysocks            pkgs/main/linux-64::pysocks-1.7.1-py27_0
  python             pkgs/main/linux-64::python-2.7.18-h15b4118_1
  readline           pkgs/main/linux-64::readline-8.0-h7b6447c_0
  requests           pkgs/main/linux-64::requests-2.22.0-py27_1
  ruamel_yaml        pkgs/main/linux-64::ruamel_yaml-0.15.87-py27h7b6447c_0
  setuptools         pkgs/main/linux-64::setuptools-44.0.0-py27_0
  six                pkgs/main/linux-64::six-1.13.0-py27_0
  sqlite             pkgs/main/linux-64::sqlite-3.31.1-h62c20be_1
  tk                 pkgs/main/linux-64::tk-8.6.8-hbc83047_0
  tqdm               pkgs/main/noarch::tqdm-4.46.0-py_0
  urllib3            pkgs/main/linux-64::urllib3-1.25.7-py27_0
  wheel              pkgs/main/linux-64::wheel-0.33.6-py27_0
  yaml               pkgs/main/linux-64::yaml-0.1.7-had09818_2
  zlib               pkgs/main/linux-64::zlib-1.2.11-h7b6447c_3


Preparing transaction: ...working... done
Executing transaction: ...working... done
installation finished.

travis_time:end:03161c2c:start=1604013982065183018,finish=1604014003476370321,duration=21411187303[0Ktravis_fold:end:before_install.3[0Ktravis_fold:start:before_install.4[0Ktravis_time:start:016e2430[0K$ export PATH=/home/travis/miniconda2/bin:$PATH

travis_time:end:016e2430:start=1604014003485348742,finish=1604014003493043157,duration=7694415[0Ktravis_fold:end:before_install.4[0Ktravis_fold:start:before_install.5[0Ktravis_time:start:267c8c67[0K$ conda update --yes --quiet conda
Collecting package metadata (current_repodata.json): ...working... done
Solving environment: ...working... done

## Package Plan ##

  environment location: /home/travis/miniconda2

  added / updated specs:
    - conda


The following packages will be downloaded:

    package                    |            build
    ---------------------------|-----------------
    asn1crypto-1.4.0           |             py_0          80 KB
    ca-certificates-2020.10.14 |                0         121 KB
    certifi-2020.6.20          |             py_1         153 KB
    idna-2.10                  |             py_0          50 KB
    libedit-3.1.20191231       |       h14c3975_1         116 KB
    libffi-3.3                 |       he6710b0_2          50 KB
    openssl-1.1.1h             |       h7b6447c_0         2.5 MB
    pycparser-2.20             |             py_2          94 KB
    pyopenssl-19.1.0           |             py_1          48 KB
    requests-2.24.0            |             py_0          56 KB
    six-1.15.0                 |             py_0          13 KB
    sqlite-3.33.0              |       h62c20be_0         1.1 MB
    tk-8.6.10                  |       hbc83047_0         3.0 MB
    tqdm-4.50.2                |             py_0          56 KB
    wheel-0.35.1               |             py_0          37 KB
    ------------------------------------------------------------
                                           Total:         7.5 MB

The following packages will be UPDATED:

  asn1crypto         pkgs/main/linux-64::asn1crypto-1.3.0-~ --> pkgs/main/noarch::asn1crypto-1.4.0-py_0
  ca-certificates                                2020.1.1-0 --> 2020.10.14-0
  certifi            pkgs/main/linux-64::certifi-2019.11.2~ --> pkgs/main/noarch::certifi-2020.6.20-py_1
  idna                  pkgs/main/linux-64::idna-2.8-py27_0 --> pkgs/main/noarch::idna-2.10-py_0
  libedit                           3.1.20181209-hc058e9b_0 --> 3.1.20191231-h14c3975_1
  libffi                                     3.3-he6710b0_1 --> 3.3-he6710b0_2
  openssl                                 1.1.1g-h7b6447c_0 --> 1.1.1h-h7b6447c_0
  pycparser                                       2.20-py_0 --> 2.20-py_2
  pyopenssl          pkgs/main/linux-64::pyopenssl-19.1.0-~ --> pkgs/main/noarch::pyopenssl-19.1.0-py_1
  requests           pkgs/main/linux-64::requests-2.22.0-p~ --> pkgs/main/noarch::requests-2.24.0-py_0
  six                 pkgs/main/linux-64::six-1.13.0-py27_0 --> pkgs/main/noarch::six-1.15.0-py_0
  sqlite                                  3.31.1-h62c20be_1 --> 3.33.0-h62c20be_0
  tk                                       8.6.8-hbc83047_0 --> 8.6.10-hbc83047_0
  tqdm                                          4.46.0-py_0 --> 4.50.2-py_0
  wheel              pkgs/main/linux-64::wheel-0.33.6-py27~ --> pkgs/main/noarch::wheel-0.35.1-py_0


Preparing transaction: ...working... done
Verifying transaction: ...working... done
Executing transaction: ...working... done

travis_time:end:267c8c67:start=1604014003502196680,finish=1604014020135368593,duration=16633171913[0Ktravis_fold:end:before_install.5[0Ktravis_fold:start:before_install.6[0Ktravis_time:start:2c2579da[0K$ export DISPLAY=:99.0

travis_time:end:2c2579da:start=1604014020145557667,finish=1604014020153400105,duration=7842438[0Ktravis_fold:end:before_install.6[0Ktravis_fold:start:before_install.7[0Ktravis_time:start:17a5389a[0K$ sh -e /etc/init.d/xvfb start
Starting virtual X frame buffer: Xvfb.

travis_time:end:17a5389a:start=1604014020162448711,finish=1604014020173619981,duration=11171270[0Ktravis_fold:end:before_install.7[0Ktravis_fold:start:install.1[0Ktravis_time:start:1f9b95e8[0K$ conda create --yes --quiet -n pychron-test python=2.7
Collecting package metadata (current_repodata.json): ...working... done
Solving environment: ...working... failed with repodata from current_repodata.json, will retry with next repodata source.
Collecting package metadata (repodata.json): ...working... done
Solving environment: ...working... done

## Package Plan ##

  environment location: /home/travis/miniconda2/envs/pychron-test

  added / updated specs:
    - python=2.7


The following NEW packages will be INSTALLED:

  _libgcc_mutex      pkgs/main/linux-64::_libgcc_mutex-0.1-main
  ca-certificates    pkgs/main/linux-64::ca-certificates-2020.10.14-0
  certifi            pkgs/main/noarch::certifi-2020.6.20-py_1
  libedit            pkgs/main/linux-64::libedit-3.1.20191231-h14c3975_1
  libffi             pkgs/main/linux-64::libffi-3.3-he6710b0_2
  libgcc-ng          pkgs/main/linux-64::libgcc-ng-9.1.0-hdf63c60_0
  libstdcxx-ng       pkgs/main/linux-64::libstdcxx-ng-9.1.0-hdf63c60_0
  ncurses            pkgs/main/linux-64::ncurses-6.2-he6710b0_1
  pip                pkgs/main/linux-64::pip-19.3.1-py27_0
  python             pkgs/main/linux-64::python-2.7.18-h15b4118_1
  readline           pkgs/main/linux-64::readline-8.0-h7b6447c_0
  setuptools         pkgs/main/linux-64::setuptools-44.0.0-py27_0
  sqlite             pkgs/main/linux-64::sqlite-3.33.0-h62c20be_0
  tk                 pkgs/main/linux-64::tk-8.6.10-hbc83047_0
  wheel              pkgs/main/noarch::wheel-0.35.1-py_0
  zlib               pkgs/main/linux-64::zlib-1.2.11-h7b6447c_3


Preparing transaction: ...working... done
Verifying transaction: ...working... done
Executing transaction: ...working... done

travis_time:end:1f9b95e8:start=1604014020182994543,finish=1604014043777021924,duration=23594027381[0Ktravis_fold:end:install.1[0Ktravis_fold:start:install.2[0Ktravis_time:start:012f5bc9[0K$ source activate pychron-test

travis_time:end:012f5bc9:start=1604014043787387099,finish=1604014043924955140,duration=137568041[0Ktravis_fold:end:install.2[0Ktravis_fold:start:install.3[0Ktravis_time:start:01660b6c[0K$ conda install --yes qt=4.8.5 pyside statsmodels PyYAML traits pyface traitsui enable chaco xlrd xlwt lxml sqlalchemy apptools
Collecting package metadata (current_repodata.json): ...working... done
Solving environment: ...working... failed with initial frozen solve. Retrying with flexible solve.
Collecting package metadata (repodata.json): ...working... done
Solving environment: ...working... failed with initial frozen solve. Retrying with flexible solve.

PackagesNotFoundError: The following packages are not available from current channels:

  - chaco
  - enable
  - qt=4.8.5
  - pyside

Current channels:

  - https://repo.anaconda.com/pkgs/main/linux-64
  - https://repo.anaconda.com/pkgs/main/noarch
  - https://repo.anaconda.com/pkgs/r/linux-64
  - https://repo.anaconda.com/pkgs/r/noarch

To search for alternate channels that may provide the conda package you're
looking for, navigate to

    https://anaconda.org

and use the search bar at the top of the page.



travis_time:end:01660b6c:start=1604014043935850633,finish=1604014050894308166,duration=6958457533[0K
[31;1mThe command "conda install --yes qt=4.8.5 pyside statsmodels PyYAML traits pyface traitsui enable chaco xlrd xlwt lxml sqlalchemy apptools" failed and exited with 1 during .[0m

Your build has been stopped.
