travis_fold:start:system_info[0K[33;1mBuild system information[0m
Build language: python
Build group: stable
Build dist: precise
Build id: ''
Job id: ''
[34m[1mBuild image provisioning date and time[0m
Thu Feb  5 15:09:33 UTC 2015
[34m[1mOperating System Details[0m
Distributor ID:	Ubuntu
Description:	Ubuntu 12.04.5 LTS
Release:	12.04
Codename:	precise
[34m[1mLinux Version[0m
3.13.0-29-generic
[34m[1mCookbooks Version[0m
a68419e https://github.com/travis-ci/travis-cookbooks/tree/a68419e
[34m[1mGCC version[0m
gcc (Ubuntu/Linaro 4.6.3-1ubuntu5) 4.6.3
Copyright (C) 2011 Free Software Foundation, Inc.
This is free software; see the source for copying conditions.  There is NO
warranty; not even for MERCHANTABILITY or FITNESS FOR A PARTICULAR PURPOSE.

[34m[1mLLVM version[0m
clang version 3.4 (tags/RELEASE_34/final)
Target: x86_64-unknown-linux-gnu
Thread model: posix
[34m[1mPre-installed Ruby versions[0m
ruby-1.9.3-p551
[34m[1mPre-installed Node.js versions[0m
v0.10.36
[34m[1mPre-installed Go versions[0m
1.4.1
[34m[1mRedis version[0m
redis-server 2.8.19
[34m[1mriak version[0m
2.0.2
[34m[1mMongoDB version[0m
MongoDB 2.4.12
[34m[1mCouchDB version[0m
couchdb 1.6.1
[34m[1mNeo4j version[0m
1.9.4
[34m[1mRabbitMQ Version[0m
3.4.3
[34m[1mElasticSearch version[0m
1.4.0
[34m[1mInstalled Sphinx versions[0m
2.0.10
2.1.9
2.2.6
[34m[1mDefault Sphinx version[0m
2.2.6
[34m[1mInstalled Firefox version[0m
firefox 31.0esr
[34m[1mPhantomJS version[0m
1.9.8
[34m[1mant -version[0m
Apache Ant(TM) version 1.8.2 compiled on December 3 2011
[34m[1mmvn -version[0m
Apache Maven 3.2.5 (12a6b3acb947671f09b81f49094c53f426d8cea1; 2014-12-14T17:29:23+00:00)
Maven home: /usr/local/maven
Java version: 1.7.0_76, vendor: Oracle Corporation
Java home: /usr/lib/jvm/java-7-oracle/jre
Default locale: en_US, platform encoding: ANSI_X3.4-1968
OS name: "linux", version: "3.13.0-29-generic", arch: "amd64", family: "unix"
travis_fold:end:system_info[0K
grep: /etc/apt/sources.list.d/*: No such file or directory
sed: cannot rename /etc/hosts: Device or resource busy
sed: cannot rename /etc/hosts: Device or resource busy
$ cd passed/NMGRL/pychron

[33;1mSetting environment variables from .travis.yml[0m
$ export CYTHON=0.20
$ export PATSY=0.2
$ export PANDAS=0.12
$ export COVERAGE=false
$ export PYTHON=2.7

travis_time:start:03530f0d[0K$ source ~/virtualenv/python2.7/bin/activate

travis_time:end:03530f0d:start=1604028037833605533,finish=1604028037842786134,duration=9180601[0K$ python --version
Python 2.7.9
$ pip --version
pip 6.0.7 from /home/travis/virtualenv/python2.7.9/lib/python2.7/site-packages (python 2.7)
travis_fold:start:before_install.1[0Ktravis_time:start:01c9f54e[0K$ wget http://repo.continuum.io/miniconda/Miniconda2-latest-Linux-x86_64.sh -O miniconda.sh
--2020-10-30 03:20:38--  http://repo.continuum.io/miniconda/Miniconda2-latest-Linux-x86_64.sh
Resolving repo.continuum.io (repo.continuum.io)... 104.18.201.79, 104.18.200.79, 2606:4700::6812:c94f, ...
Connecting to repo.continuum.io (repo.continuum.io)|104.18.201.79|:80... connected.
HTTP request sent, awaiting response... 301 Moved Permanently
Location: https://repo.anaconda.com/miniconda/Miniconda2-latest-Linux-x86_64.sh [following]
--2020-10-30 03:20:38--  https://repo.anaconda.com/miniconda/Miniconda2-latest-Linux-x86_64.sh
Resolving repo.anaconda.com (repo.anaconda.com)... 104.16.131.3, 104.16.130.3, 2606:4700::6810:8303, ...
Connecting to repo.anaconda.com (repo.anaconda.com)|104.16.131.3|:443... connected.
HTTP request sent, awaiting response... 200 OK
Length: 51093759 (49M) [application/x-sh]
Saving to: `miniconda.sh'

     0K .......... .......... .......... .......... ..........  0% 36.5M 1s
    50K .......... .......... .......... .......... ..........  0% 17.7M 2s
   100K .......... .......... .......... .......... ..........  0% 37.0M 2s
   150K .......... .......... .......... .......... ..........  0% 43.3M 2s
   200K .......... .......... .......... .......... ..........  0% 35.9M 2s
   250K .......... .......... .......... .......... ..........  0% 95.9M 1s
   300K .......... .......... .......... .......... ..........  0%  148M 1s
   350K .......... .......... .......... .......... ..........  0%  111M 1s
   400K .......... .......... .......... .......... ..........  0%  140M 1s
   450K .......... .......... .......... .......... ..........  1% 4.92M 2s
   500K .......... .......... .......... .......... ..........  1%  116M 2s
   550K .......... .......... .......... .......... ..........  1%  133M 2s
   600K .......... .......... .......... .......... ..........  1%  145M 2s
   650K .......... .......... .......... .......... ..........  1%  123M 1s
   700K .......... .......... .......... .......... ..........  1% 11.5M 2s
   750K .......... .......... .......... .......... ..........  1%  116M 2s
   800K .......... .......... .......... .......... ..........  1%  115M 2s
   850K .......... .......... .......... .......... ..........  1%  118M 1s
   900K .......... .......... .......... .......... ..........  1%  137M 1s
   950K .......... .......... .......... .......... ..........  2% 29.4M 1s
  1000K .......... .......... .......... .......... ..........  2%  121M 1s
  1050K .......... .......... .......... .......... ..........  2%  118M 1s
  1100K .......... .......... .......... .......... ..........  2%  113M 1s
  1150K .......... .......... .......... .......... ..........  2% 94.7M 1s
  1200K .......... .......... .......... .......... ..........  2%  121M 1s
  1250K .......... .......... .......... .......... ..........  2%  121M 1s
  1300K .......... .......... .......... .......... ..........  2% 16.8M 1s
  1350K .......... .......... .......... .......... ..........  2%  104M 1s
  1400K .......... .......... .......... .......... ..........  2%  118M 1s
  1450K .......... .......... .......... .......... ..........  3%  115M 1s
  1500K .......... .......... .......... .......... ..........  3%  129M 1s
  1550K .......... .......... .......... .......... ..........  3% 90.7M 1s
  1600K .......... .......... .......... .......... ..........  3%  118M 1s
  1650K .......... .......... .......... .......... ..........  3%  113M 1s
  1700K .......... .......... .......... .......... ..........  3%  119M 1s
  1750K .......... .......... .......... .......... ..........  3% 99.3M 1s
  1800K .......... .......... .......... .......... ..........  3%  122M 1s
  1850K .......... .......... .......... .......... ..........  3%  122M 1s
  1900K .......... .......... .......... .......... ..........  3% 97.9M 1s
  1950K .......... .......... .......... .......... ..........  4%  114M 1s
  2000K .......... .......... .......... .......... ..........  4%  126M 1s
  2050K .......... .......... .......... .......... ..........  4%  115M 1s
  2100K .......... .......... .......... .......... ..........  4%  127M 1s
  2150K .......... .......... .......... .......... ..........  4%  105M 1s
  2200K .......... .......... .......... .......... ..........  4%  118M 1s
  2250K .......... .......... .......... .......... ..........  4%  107M 1s
  2300K .......... .......... .......... .......... ..........  4%  136M 1s
  2350K .......... .......... .......... .......... ..........  4% 83.3M 1s
  2400K .......... .......... .......... .......... ..........  4%  131M 1s
  2450K .......... .......... .......... .......... ..........  5%  111M 1s
  2500K .......... .......... .......... .......... ..........  5%  112M 1s
  2550K .......... .......... .......... .......... ..........  5%  118M 1s
  2600K .......... .......... .......... .......... ..........  5%  112M 1s
  2650K .......... .......... .......... .......... ..........  5%  112M 1s
  2700K .......... .......... .......... .......... ..........  5%  137M 1s
  2750K .......... .......... .......... .......... ..........  5% 83.5M 1s
  2800K .......... .......... .......... .......... ..........  5%  130M 1s
  2850K .......... .......... .......... .......... ..........  5%  111M 1s
  2900K .......... .......... .......... .......... ..........  5%  114M 1s
  2950K .......... .......... .......... .......... ..........  6%  120M 1s
  3000K .......... .......... .......... .......... ..........  6%  117M 1s
  3050K .......... .......... .......... .......... ..........  6%  105M 1s
  3100K .......... .......... .......... .......... ..........  6%  121M 1s
  3150K .......... .......... .......... .......... ..........  6% 92.2M 1s
  3200K .......... .......... .......... .......... ..........  6%  122M 1s
  3250K .......... .......... .......... .......... ..........  6%  122M 1s
  3300K .......... .......... .......... .......... ..........  6%  108M 1s
  3350K .......... .......... .......... .......... ..........  6%  116M 1s
  3400K .......... .......... .......... .......... ..........  6%  122M 1s
  3450K .......... .......... .......... .......... ..........  7%  117M 1s
  3500K .......... .......... .......... .......... ..........  7%  107M 1s
  3550K .......... .......... .......... .......... ..........  7% 93.7M 1s
  3600K .......... .......... .......... .......... ..........  7%  121M 1s
  3650K .......... .......... .......... .......... ..........  7%  123M 1s
  3700K .......... .......... .......... .......... ..........  7%  110M 1s
  3750K .......... .......... .......... .......... ..........  7%  107M 1s
  3800K .......... .......... .......... .......... ..........  7%  122M 1s
  3850K .......... .......... .......... .......... ..........  7%  119M 1s
  3900K .......... .......... .......... .......... ..........  7%  112M 1s
  3950K .......... .......... .......... .......... ..........  8% 93.9M 1s
  4000K .......... .......... .......... .......... ..........  8%  112M 1s
  4050K .......... .......... .......... .......... ..........  8%  124M 1s
  4100K .......... .......... .......... .......... ..........  8%  113M 1s
  4150K .......... .......... .......... .......... ..........  8%  119M 1s
  4200K .......... .......... .......... .......... ..........  8%  114M 1s
  4250K .......... .......... .......... .......... ..........  8%  118M 1s
  4300K .......... .......... .......... .......... ..........  8%  113M 1s
  4350K .......... .......... .......... .......... ..........  8% 90.5M 1s
  4400K .......... .......... .......... .......... ..........  8%  129M 1s
  4450K .......... .......... .......... .......... ..........  9%  114M 1s
  4500K .......... .......... .......... .......... ..........  9%  112M 1s
  4550K .......... .......... .......... .......... ..........  9%  121M 1s
  4600K .......... .......... .......... .......... ..........  9%  114M 1s
  4650K .......... .......... .......... .......... ..........  9%  113M 1s
  4700K .......... .......... .......... .......... ..........  9%  127M 1s
  4750K .......... .......... .......... .......... ..........  9% 83.7M 1s
  4800K .......... .......... .......... .......... ..........  9%  131M 1s
  4850K .......... .......... .......... .......... ..........  9%  113M 1s
  4900K .......... .......... .......... .......... ..........  9%  112M 1s
  4950K .......... .......... .......... .......... .......... 10%  125M 1s
  5000K .......... .......... .......... .......... .......... 10% 45.8M 1s
  5050K .......... .......... .......... .......... .......... 10%  122M 1s
  5100K .......... .......... .......... .......... .......... 10%  124M 1s
  5150K .......... .......... .......... .......... .......... 10% 93.0M 1s
  5200K .......... .......... .......... .......... .......... 10%  106M 1s
  5250K .......... .......... .......... .......... .......... 10% 18.2M 1s
  5300K .......... .......... .......... .......... .......... 10%  122M 1s
  5350K .......... .......... .......... .......... .......... 10%  113M 1s
  5400K .......... .......... .......... .......... .......... 10%  106M 1s
  5450K .......... .......... .......... .......... .......... 11%  124M 1s
  5500K .......... .......... .......... .......... .......... 11%  121M 1s
  5550K .......... .......... .......... .......... .......... 11% 88.8M 1s
  5600K .......... .......... .......... .......... .......... 11%  113M 1s
  5650K .......... .......... .......... .......... .......... 11%  131M 1s
  5700K .......... .......... .......... .......... .......... 11%  113M 1s
  5750K .......... .......... .......... .......... .......... 11%  103M 1s
  5800K .......... .......... .......... .......... .......... 11%  113M 1s
  5850K .......... .......... .......... .......... .......... 11%  131M 1s
  5900K .......... .......... .......... .......... .......... 11%  116M 1s
  5950K .......... .......... .......... .......... .......... 12% 17.6M 1s
  6000K .......... .......... .......... .......... .......... 12%  133M 1s
  6050K .......... .......... .......... .......... .......... 12%  111M 1s
  6100K .......... .......... .......... .......... .......... 12%  113M 1s
  6150K .......... .......... .......... .......... .......... 12%  117M 1s
  6200K .......... .......... .......... .......... .......... 12%  108M 1s
  6250K .......... .......... .......... .......... .......... 12%  123M 1s
  6300K .......... .......... .......... .......... .......... 12%  121M 1s
  6350K .......... .......... .......... .......... .......... 12% 94.7M 1s
  6400K .......... .......... .......... .......... .......... 12%  107M 1s
  6450K .......... .......... .......... .......... .......... 13%  119M 1s
  6500K .......... .......... .......... .......... .......... 13%  125M 1s
  6550K .......... .......... .......... .......... .......... 13%  114M 1s
  6600K .......... .......... .......... .......... .......... 13%  105M 1s
  6650K .......... .......... .......... .......... .......... 13%  124M 1s
  6700K .......... .......... .......... .......... .......... 13%  116M 1s
  6750K .......... .......... .......... .......... .......... 13% 96.5M 1s
  6800K .......... .......... .......... .......... .......... 13%  106M 1s
  6850K .......... .......... .......... .......... .......... 13%  121M 1s
  6900K .......... .......... .......... .......... .......... 13%  124M 1s
  6950K .......... .......... .......... .......... .......... 14%  100M 1s
  7000K .......... .......... .......... .......... .......... 14%  121M 1s
  7050K .......... .......... .......... .......... .......... 14%  122M 1s
  7100K .......... .......... .......... .......... .......... 14%  108M 1s
  7150K .......... .......... .......... .......... .......... 14% 93.9M 1s
  7200K .......... .......... .......... .......... .......... 14%  122M 1s
  7250K .......... .......... .......... .......... .......... 14%  124M 1s
  7300K .......... .......... .......... .......... .......... 14%  120M 1s
  7350K .......... .......... .......... .......... .......... 14%  103M 1s
  7400K .......... .......... .......... .......... .......... 14%  111M 1s
  7450K .......... .......... .......... .......... .......... 15%  127M 1s
  7500K .......... .......... .......... .......... .......... 15%  120M 1s
  7550K .......... .......... .......... .......... .......... 15% 3.79M 1s
  7600K .......... .......... .......... .......... .......... 15% 86.3M 1s
  7650K .......... .......... .......... .......... .......... 15% 88.4M 1s
  7700K .......... .......... .......... .......... .......... 15%  124M 1s
  7750K .......... .......... .......... .......... .......... 15% 8.17M 1s
  7800K .......... .......... .......... .......... .......... 15% 90.4M 1s
  7850K .......... .......... .......... .......... .......... 15% 81.6M 1s
  7900K .......... .......... .......... .......... .......... 15% 97.5M 1s
  7950K .......... .......... .......... .......... .......... 16% 11.2M 1s
  8000K .......... .......... .......... .......... .......... 16%  123M 1s
  8050K .......... .......... .......... .......... .......... 16%  121M 1s
  8100K .......... .......... .......... .......... .......... 16%  109M 1s
  8150K .......... .......... .......... .......... .......... 16%  111M 1s
  8200K .......... .......... .......... .......... .......... 16%  124M 1s
  8250K .......... .......... .......... .......... .......... 16%  107M 1s
  8300K .......... .......... .......... .......... .......... 16%  122M 1s
  8350K .......... .......... .......... .......... .......... 16% 94.0M 1s
  8400K .......... .......... .......... .......... .......... 16%  108M 1s
  8450K .......... .......... .......... .......... .......... 17%  123M 1s
  8500K .......... .......... .......... .......... .......... 17%  115M 1s
  8550K .......... .......... .......... .......... .......... 17%  112M 1s
  8600K .......... .......... .......... .......... .......... 17%  108M 1s
  8650K .......... .......... .......... .......... .......... 17%  119M 1s
  8700K .......... .......... .......... .......... .......... 17%  106M 1s
  8750K .......... .......... .......... .......... .......... 17% 77.7M 1s
  8800K .......... .......... .......... .......... .......... 17% 6.23M 1s
  8850K .......... .......... .......... .......... .......... 17%  123M 1s
  8900K .......... .......... .......... .......... .......... 17% 80.6M 1s
  8950K .......... .......... .......... .......... .......... 18%  111M 1s
  9000K .......... .......... .......... .......... .......... 18%  109M 1s
  9050K .......... .......... .......... .......... .......... 18%  117M 1s
  9100K .......... .......... .......... .......... .......... 18%  115M 1s
  9150K .......... .......... .......... .......... .......... 18% 7.23M 1s
  9200K .......... .......... .......... .......... .......... 18%  118M 1s
  9250K .......... .......... .......... .......... .......... 18%  120M 1s
  9300K .......... .......... .......... .......... .......... 18%  111M 1s
  9350K .......... .......... .......... .......... .......... 18%  120M 1s
  9400K .......... .......... .......... .......... .......... 18% 11.1M 1s
  9450K .......... .......... .......... .......... .......... 19%  112M 1s
  9500K .......... .......... .......... .......... .......... 19%  122M 1s
  9550K .......... .......... .......... .......... .......... 19% 98.7M 1s
  9600K .......... .......... .......... .......... .......... 19% 15.4M 1s
  9650K .......... .......... .......... .......... .......... 19%  119M 1s
  9700K .......... .......... .......... .......... .......... 19%  117M 1s
  9750K .......... .......... .......... .......... .......... 19%  109M 1s
  9800K .......... .......... .......... .......... .......... 19%  126M 1s
  9850K .......... .......... .......... .......... .......... 19% 13.0M 1s
  9900K .......... .......... .......... .......... .......... 19%  114M 1s
  9950K .......... .......... .......... .......... .......... 20% 93.1M 1s
 10000K .......... .......... .......... .......... .......... 20%  127M 1s
 10050K .......... .......... .......... .......... .......... 20%  104M 1s
 10100K .......... .......... .......... .......... .......... 20%  116M 1s
 10150K .......... .......... .......... .......... .......... 20%  119M 1s
 10200K .......... .......... .......... .......... .......... 20%  109M 1s
 10250K .......... .......... .......... .......... .......... 20%  122M 1s
 10300K .......... .......... .......... .......... .......... 20%  123M 1s
 10350K .......... .......... .......... .......... .......... 20% 89.5M 1s
 10400K .......... .......... .......... .......... .......... 20%  118M 1s
 10450K .......... .......... .......... .......... .......... 21% 9.68M 1s
 10500K .......... .......... .......... .......... .......... 21%  113M 1s
 10550K .......... .......... .......... .......... .......... 21%  110M 1s
 10600K .......... .......... .......... .......... .......... 21%  121M 1s
 10650K .......... .......... .......... .......... .......... 21%  124M 1s
 10700K .......... .......... .......... .......... .......... 21% 28.7M 1s
 10750K .......... .......... .......... .......... .......... 21% 85.1M 1s
 10800K .......... .......... .......... .......... .......... 21%  103M 1s
 10850K .......... .......... .......... .......... .......... 21%  137M 1s
 10900K .......... .......... .......... .......... .......... 21% 34.7M 1s
 10950K .......... .......... .......... .......... .......... 22%  113M 1s
 11000K .......... .......... .......... .......... .......... 22%  122M 1s
 11050K .......... .......... .......... .......... .......... 22%  107M 1s
 11100K .......... .......... .......... .......... .......... 22%  123M 1s
 11150K .......... .......... .......... .......... .......... 22% 93.6M 1s
 11200K .......... .......... .......... .......... .......... 22%  108M 1s
 11250K .......... .......... .......... .......... .......... 22%  120M 1s
 11300K .......... .......... .......... .......... .......... 22%  117M 1s
 11350K .......... .......... .......... .......... .......... 22%  114M 1s
 11400K .......... .......... .......... .......... .......... 22%  122M 1s
 11450K .......... .......... .......... .......... .......... 23%  107M 1s
 11500K .......... .......... .......... .......... .......... 23%  123M 1s
 11550K .......... .......... .......... .......... .......... 23% 93.6M 1s
 11600K .......... .......... .......... .......... .......... 23%  106M 1s
 11650K .......... .......... .......... .......... .......... 23%  124M 1s
 11700K .......... .......... .......... .......... .......... 23%  123M 1s
 11750K .......... .......... .......... .......... .......... 23%  102M 1s
 11800K .......... .......... .......... .......... .......... 23%  120M 1s
 11850K .......... .......... .......... .......... .......... 23%  115M 1s
 11900K .......... .......... .......... .......... .......... 23%  113M 1s
 11950K .......... .......... .......... .......... .......... 24% 95.3M 1s
 12000K .......... .......... .......... .......... .......... 24%  112M 1s
 12050K .......... .......... .......... .......... .......... 24%  132M 1s
 12100K .......... .......... .......... .......... .......... 24%  112M 1s
 12150K .......... .......... .......... .......... .......... 24%  104M 1s
 12200K .......... .......... .......... .......... .......... 24%  129M 1s
 12250K .......... .......... .......... .......... .......... 24%  112M 1s
 12300K .......... .......... .......... .......... .......... 24%  114M 1s
 12350K .......... .......... .......... .......... .......... 24% 94.6M 1s
 12400K .......... .......... .......... .......... .......... 24%  114M 1s
 12450K .......... .......... .......... .......... .......... 25%  129M 1s
 12500K .......... .......... .......... .......... .......... 25%  109M 1s
 12550K .......... .......... .......... .......... .......... 25%  105M 1s
 12600K .......... .......... .......... .......... .......... 25%  128M 1s
 12650K .......... .......... .......... .......... .......... 25%  112M 1s
 12700K .......... .......... .......... .......... .......... 25%  119M 1s
 12750K .......... .......... .......... .......... .......... 25% 93.3M 1s
 12800K .......... .......... .......... .......... .......... 25%  113M 1s
 12850K .......... .......... .......... .......... .......... 25%  113M 1s
 12900K .......... .......... .......... .......... .......... 25%  130M 1s
 12950K .......... .......... .......... .......... .......... 26%  107M 1s
 13000K .......... .......... .......... .......... .......... 26%  110M 1s
 13050K .......... .......... .......... .......... .......... 26%  126M 1s
 13100K .......... .......... .......... .......... .......... 26%  114M 1s
 13150K .......... .......... .......... .......... .......... 26% 92.8M 1s
 13200K .......... .......... .......... .......... .......... 26%  122M 1s
 13250K .......... .......... .......... .......... .......... 26%  122M 1s
 13300K .......... .......... .......... .......... .......... 26%  108M 1s
 13350K .......... .......... .......... .......... .......... 26%  112M 1s
 13400K .......... .......... .......... .......... .......... 26%  122M 1s
 13450K .......... .......... .......... .......... .......... 27%  106M 1s
 13500K .......... .......... .......... .......... .......... 27%  124M 1s
 13550K .......... .......... .......... .......... .......... 27% 93.7M 1s
 13600K .......... .......... .......... .......... .......... 27%  122M 1s
 13650K .......... .......... .......... .......... .......... 27%  108M 1s
 13700K .......... .......... .......... .......... .......... 27%  127M 1s
 13750K .......... .......... .......... .......... .......... 27%  108M 1s
 13800K .......... .......... .......... .......... .......... 27%  108M 1s
 13850K .......... .......... .......... .......... .......... 27%  109M 1s
 13900K .......... .......... .......... .......... .......... 27%  140M 1s
 13950K .......... .......... .......... .......... .......... 28% 93.3M 1s
 14000K .......... .......... .......... .......... .......... 28%  111M 1s
 14050K .......... .......... .......... .......... .......... 28%  114M 1s
 14100K .......... .......... .......... .......... .......... 28%  128M 1s
 14150K .......... .......... .......... .......... .......... 28%  106M 1s
 14200K .......... .......... .......... .......... .......... 28%  111M 1s
 14250K .......... .......... .......... .......... .......... 28%  134M 1s
 14300K .......... .......... .......... .......... .......... 28%  106M 1s
 14350K .......... .......... .......... .......... .......... 28% 96.7M 1s
 14400K .......... .......... .......... .......... .......... 28%  111M 1s
 14450K .......... .......... .......... .......... .......... 29%  113M 1s
 14500K .......... .......... .......... .......... .......... 29%  130M 1s
 14550K .......... .......... .......... .......... .......... 29%  105M 1s
 14600K .......... .......... .......... .......... .......... 29%  112M 1s
 14650K .......... .......... .......... .......... .......... 29%  134M 0s
 14700K .......... .......... .......... .......... .......... 29%  108M 0s
 14750K .......... .......... .......... .......... .......... 29% 96.0M 0s
 14800K .......... .......... .......... .......... .......... 29%  113M 0s
 14850K .......... .......... .......... .......... .......... 29%  114M 0s
 14900K .......... .......... .......... .......... .......... 29%  113M 0s
 14950K .......... .......... .......... .......... .......... 30%  127M 0s
 15000K .......... .......... .......... .......... .......... 30%  104M 0s
 15050K .......... .......... .......... .......... .......... 30%  122M 0s
 15100K .......... .......... .......... .......... .......... 30%  127M 0s
 15150K .......... .......... .......... .......... .......... 30% 91.7M 0s
 15200K .......... .......... .......... .......... .......... 30%  108M 0s
 15250K .......... .......... .......... .......... .......... 30%  121M 0s
 15300K .......... .......... .......... .......... .......... 30%  121M 0s
 15350K .......... .......... .......... .......... .......... 30%  104M 0s
 15400K .......... .......... .......... .......... .......... 30%  119M 0s
 15450K .......... .......... .......... .......... .......... 31%  120M 0s
 15500K .......... .......... .......... .......... .......... 31%  123M 0s
 15550K .......... .......... .......... .......... .......... 31% 83.9M 0s
 15600K .......... .......... .......... .......... .......... 31%  129M 0s
 15650K .......... .......... .......... .......... .......... 31%  111M 0s
 15700K .......... .......... .......... .......... .......... 31%  114M 0s
 15750K .......... .......... .......... .......... .......... 31%  123M 0s
 15800K .......... .......... .......... .......... .......... 31%  109M 0s
 15850K .......... .......... .......... .......... .......... 31%  112M 0s
 15900K .......... .......... .......... .......... .......... 31%  127M 0s
 15950K .......... .......... .......... .......... .......... 32% 86.4M 0s
 16000K .......... .......... .......... .......... .......... 32%  131M 0s
 16050K .......... .......... .......... .......... .......... 32%  112M 0s
 16100K .......... .......... .......... .......... .......... 32%  112M 0s
 16150K .......... .......... .......... .......... .......... 32%  121M 0s
 16200K .......... .......... .......... .......... .......... 32%  108M 0s
 16250K .......... .......... .......... .......... .......... 32%  113M 0s
 16300K .......... .......... .......... .......... .......... 32%  134M 0s
 16350K .......... .......... .......... .......... .......... 32% 83.5M 0s
 16400K .......... .......... .......... .......... .......... 32%  133M 0s
 16450K .......... .......... .......... .......... .......... 33%  111M 0s
 16500K .......... .......... .......... .......... .......... 33%  113M 0s
 16550K .......... .......... .......... .......... .......... 33%  104M 0s
 16600K .......... .......... .......... .......... .......... 33%  135M 0s
 16650K .......... .......... .......... .......... .......... 33%  106M 0s
 16700K .......... .......... .......... .......... .......... 33%  114M 0s
 16750K .......... .......... .......... .......... .......... 33% 95.7M 0s
 16800K .......... .......... .......... .......... .......... 33%  121M 0s
 16850K .......... .......... .......... .......... .......... 33%  120M 0s
 16900K .......... .......... .......... .......... .......... 33%  111M 0s
 16950K .......... .......... .......... .......... .......... 34%  115M 0s
 17000K .......... .......... .......... .......... .......... 34%  121M 0s
 17050K .......... .......... .......... .......... .......... 34%  109M 0s
 17100K .......... .......... .......... .......... .......... 34%  119M 0s
 17150K .......... .......... .......... .......... .......... 34% 95.7M 0s
 17200K .......... .......... .......... .......... .......... 34%  121M 0s
 17250K .......... .......... .......... .......... .......... 34%  109M 0s
 17300K .......... .......... .......... .......... .......... 34%  118M 0s
 17350K .......... .......... .......... .......... .......... 34%  105M 0s
 17400K .......... .......... .......... .......... .......... 34%  136M 0s
 17450K .......... .......... .......... .......... .......... 35%  113M 0s
 17500K .......... .......... .......... .......... .......... 35%  113M 0s
 17550K .......... .......... .......... .......... .......... 35% 92.2M 0s
 17600K .......... .......... .......... .......... .......... 35%  112M 0s
 17650K .......... .......... .......... .......... .......... 35%  115M 0s
 17700K .......... .......... .......... .......... .......... 35%  127M 0s
 17750K .......... .......... .......... .......... .......... 35%  109M 0s
 17800K .......... .......... .......... .......... .......... 35%  112M 0s
 17850K .......... .......... .......... .......... .......... 35%  128M 0s
 17900K .......... .......... .......... .......... .......... 35%  113M 0s
 17950K .......... .......... .......... .......... .......... 36% 91.3M 0s
 18000K .......... .......... .......... .......... .......... 36%  128M 0s
 18050K .......... .......... .......... .......... .......... 36%  113M 0s
 18100K .......... .......... .......... .......... .......... 36%  113M 0s
 18150K .......... .......... .......... .......... .......... 36%  108M 0s
 18200K .......... .......... .......... .......... .......... 36%  128M 0s
 18250K .......... .......... .......... .......... .......... 36%  109M 0s
 18300K .......... .......... .......... .......... .......... 36%  117M 0s
 18350K .......... .......... .......... .......... .......... 36% 91.9M 0s
 18400K .......... .......... .......... .......... .......... 36%  116M 0s
 18450K .......... .......... .......... .......... .......... 37%  128M 0s
 18500K .......... .......... .......... .......... .......... 37%  113M 0s
 18550K .......... .......... .......... .......... .......... 37%  108M 0s
 18600K .......... .......... .......... .......... .......... 37%  124M 0s
 18650K .......... .......... .......... .......... .......... 37%  108M 0s
 18700K .......... .......... .......... .......... .......... 37%  122M 0s
 18750K .......... .......... .......... .......... .......... 37% 93.4M 0s
 18800K .......... .......... .......... .......... .......... 37%  122M 0s
 18850K .......... .......... .......... .......... .......... 37%  107M 0s
 18900K .......... .......... .......... .......... .......... 37%  123M 0s
 18950K .......... .......... .......... .......... .......... 38%  102M 0s
 19000K .......... .......... .......... .......... .......... 38%  123M 0s
 19050K .......... .......... .......... .......... .......... 38%  119M 0s
 19100K .......... .......... .......... .......... .......... 38%  123M 0s
 19150K .......... .......... .......... .......... .......... 38% 91.0M 0s
 19200K .......... .......... .......... .......... .......... 38%  113M 0s
 19250K .......... .......... .......... .......... .......... 38%  113M 0s
 19300K .......... .......... .......... .......... .......... 38%  128M 0s
 19350K .......... .......... .......... .......... .......... 38%  108M 0s
 19400K .......... .......... .......... .......... .......... 38%  112M 0s
 19450K .......... .......... .......... .......... .......... 39%  130M 0s
 19500K .......... .......... .......... .......... .......... 39%  108M 0s
 19550K .......... .......... .......... .......... .......... 39% 94.5M 0s
 19600K .......... .......... .......... .......... .......... 39%  113M 0s
 19650K .......... .......... .......... .......... .......... 39%  114M 0s
 19700K .......... .......... .......... .......... .......... 39%  130M 0s
 19750K .......... .......... .......... .......... .......... 39%  105M 0s
 19800K .......... .......... .......... .......... .......... 39%  121M 0s
 19850K .......... .......... .......... .......... .......... 39%  115M 0s
 19900K .......... .......... .......... .......... .......... 39%  109M 0s
 19950K .......... .......... .......... .......... .......... 40% 19.2M 0s
 20000K .......... .......... .......... .......... .......... 40%  111M 0s
 20050K .......... .......... .......... .......... .......... 40%  131M 0s
 20100K .......... .......... .......... .......... .......... 40%  113M 0s
 20150K .......... .......... .......... .......... .......... 40%  104M 0s
 20200K .......... .......... .......... .......... .......... 40%  131M 0s
 20250K .......... .......... .......... .......... .......... 40%  112M 0s
 20300K .......... .......... .......... .......... .......... 40%  113M 0s
 20350K .......... .......... .......... .......... .......... 40% 96.1M 0s
 20400K .......... .......... .......... .......... .......... 40%  111M 0s
 20450K .......... .......... .......... .......... .......... 41%  122M 0s
 20500K .......... .......... .......... .......... .......... 41%  120M 0s
 20550K .......... .......... .......... .......... .......... 41%  113M 0s
 20600K .......... .......... .......... .......... .......... 41%  107M 0s
 20650K .......... .......... .......... .......... .......... 41%  124M 0s
 20700K .......... .......... .......... .......... .......... 41%  121M 0s
 20750K .......... .......... .......... .......... .......... 41% 93.8M 0s
 20800K .......... .......... .......... .......... .......... 41%  105M 0s
 20850K .......... .......... .......... .......... .......... 41%  125M 0s
 20900K .......... .......... .......... .......... .......... 41%  121M 0s
 20950K .......... .......... .......... .......... .......... 42%  100M 0s
 21000K .......... .......... .......... .......... .......... 42%  128M 0s
 21050K .......... .......... .......... .......... .......... 42%  109M 0s
 21100K .......... .......... .......... .......... .......... 42%  115M 0s
 21150K .......... .......... .......... .......... .......... 42% 96.1M 0s
 21200K .......... .......... .......... .......... .......... 42%  113M 0s
 21250K .......... .......... .......... .......... .......... 42%  116M 0s
 21300K .......... .......... .......... .......... .......... 42%  126M 0s
 21350K .......... .......... .......... .......... .......... 42%  105M 0s
 21400K .......... .......... .......... .......... .......... 42%  113M 0s
 21450K .......... .......... .......... .......... .......... 43%  129M 0s
 21500K .......... .......... .......... .......... .......... 43%  110M 0s
 21550K .......... .......... .......... .......... .......... 43% 96.9M 0s
 21600K .......... .......... .......... .......... .......... 43%  114M 0s
 21650K .......... .......... .......... .......... .......... 43%  121M 0s
 21700K .......... .......... .......... .......... .......... 43%  108M 0s
 21750K .......... .......... .......... .......... .......... 43%  110M 0s
 21800K .......... .......... .......... .......... .......... 43%  123M 0s
 21850K .......... .......... .......... .......... .......... 43%  123M 0s
 21900K .......... .......... .......... .......... .......... 43%  121M 0s
 21950K .......... .......... .......... .......... .......... 44% 85.4M 0s
 22000K .......... .......... .......... .......... .......... 44%  122M 0s
 22050K .......... .......... .......... .......... .......... 44%  122M 0s
 22100K .......... .......... .......... .......... .......... 44%  107M 0s
 22150K .......... .......... .......... .......... .......... 44%  113M 0s
 22200K .......... .......... .......... .......... .......... 44%  114M 0s
 22250K .......... .......... .......... .......... .......... 44%  128M 0s
 22300K .......... .......... .......... .......... .......... 44%  113M 0s
 22350K .......... .......... .......... .......... .......... 44% 87.2M 0s
 22400K .......... .......... .......... .......... .......... 44%  128M 0s
 22450K .......... .......... .......... .......... .......... 45%  114M 0s
 22500K .......... .......... .......... .......... .......... 45%  111M 0s
 22550K .......... .......... .......... .......... .......... 45%  119M 0s
 22600K .......... .......... .......... .......... .......... 45%  116M 0s
 22650K .......... .......... .......... .......... .......... 45%  112M 0s
 22700K .......... .......... .......... .......... .......... 45%  129M 0s
 22750K .......... .......... .......... .......... .......... 45% 84.8M 0s
 22800K .......... .......... .......... .......... .......... 45%  124M 0s
 22850K .......... .......... .......... .......... .......... 45%  113M 0s
 22900K .......... .......... .......... .......... .......... 45%  127M 0s
 22950K .......... .......... .......... .......... .......... 46%  104M 0s
 23000K .......... .......... .......... .......... .......... 46%  114M 0s
 23050K .......... .......... .......... .......... .......... 46%  133M 0s
 23100K .......... .......... .......... .......... .......... 46%  113M 0s
 23150K .......... .......... .......... .......... .......... 46% 92.6M 0s
 23200K .......... .......... .......... .......... .......... 46%  112M 0s
 23250K .......... .......... .......... .......... .......... 46%  113M 0s
 23300K .......... .......... .......... .......... .......... 46% 92.4M 0s
 23350K .......... .......... .......... .......... .......... 46%  107M 0s
 23400K .......... .......... .......... .......... .......... 46%  141M 0s
 23450K .......... .......... .......... .......... .......... 47%  124M 0s
 23500K .......... .......... .......... .......... .......... 47%  120M 0s
 23550K .......... .......... .......... .......... .......... 47% 59.1M 0s
 23600K .......... .......... .......... .......... .......... 47% 88.0M 0s
 23650K .......... .......... .......... .......... .......... 47%  100M 0s
 23700K .......... .......... .......... .......... .......... 47%  132M 0s
 23750K .......... .......... .......... .......... .......... 47%  123M 0s
 23800K .......... .......... .......... .......... .......... 47%  114M 0s
 23850K .......... .......... .......... .......... .......... 47%  130M 0s
 23900K .......... .......... .......... .......... .......... 47%  135M 0s
 23950K .......... .......... .......... .......... .......... 48%  106M 0s
 24000K .......... .......... .......... .......... .......... 48%  133M 0s
 24050K .......... .......... .......... .......... .......... 48%  134M 0s
 24100K .......... .......... .......... .......... .......... 48%  124M 0s
 24150K .......... .......... .......... .......... .......... 48%  119M 0s
 24200K .......... .......... .......... .......... .......... 48%  136M 0s
 24250K .......... .......... .......... .......... .......... 48% 85.4M 0s
 24300K .......... .......... .......... .......... .......... 48%  118M 0s
 24350K .......... .......... .......... .......... .......... 48%  108M 0s
 24400K .......... .......... .......... .......... .......... 49%  133M 0s
 24450K .......... .......... .......... .......... .......... 49%  129M 0s
 24500K .......... .......... .......... .......... .......... 49%  106M 0s
 24550K .......... .......... .......... .......... .......... 49% 72.6M 0s
 24600K .......... .......... .......... .......... .......... 49%  102M 0s
 24650K .......... .......... .......... .......... .......... 49%  138M 0s
 24700K .......... .......... .......... .......... .......... 49%  124M 0s
 24750K .......... .......... .......... .......... .......... 49%  109M 0s
 24800K .......... .......... .......... .......... .......... 49%  134M 0s
 24850K .......... .......... .......... .......... .......... 49%  132M 0s
 24900K .......... .......... .......... .......... .......... 50%  131M 0s
 24950K .......... .......... .......... .......... .......... 50%  124M 0s
 25000K .......... .......... .......... .......... .......... 50%  108M 0s
 25050K .......... .......... .......... .......... .......... 50%  121M 0s
 25100K .......... .......... .......... .......... .......... 50%  125M 0s
 25150K .......... .......... .......... .......... .......... 50% 95.5M 0s
 25200K .......... .......... .......... .......... .......... 50%  121M 0s
 25250K .......... .......... .......... .......... .......... 50%  115M 0s
 25300K .......... .......... .......... .......... .......... 50%  100M 0s
 25350K .......... .......... .......... .......... .......... 50%  116M 0s
 25400K .......... .......... .......... .......... .......... 51%  118M 0s
 25450K .......... .......... .......... .......... .......... 51%  117M 0s
 25500K .......... .......... .......... .......... .......... 51%  133M 0s
 25550K .......... .......... .......... .......... .......... 51% 90.7M 0s
 25600K .......... .......... .......... .......... .......... 51%  113M 0s
 25650K .......... .......... .......... .......... .......... 51%  119M 0s
 25700K .......... .......... .......... .......... .......... 51%  117M 0s
 25750K .......... .......... .......... .......... .......... 51% 90.9M 0s
 25800K .......... .......... .......... .......... .......... 51% 82.5M 0s
 25850K .......... .......... .......... .......... .......... 51% 89.0M 0s
 25900K .......... .......... .......... .......... .......... 52% 91.5M 0s
 25950K .......... .......... .......... .......... .......... 52%  111M 0s
 26000K .......... .......... .......... .......... .......... 52%  131M 0s
 26050K .......... .......... .......... .......... .......... 52%  134M 0s
 26100K .......... .......... .......... .......... .......... 52%  118M 0s
 26150K .......... .......... .......... .......... .......... 52%  122M 0s
 26200K .......... .......... .......... .......... .......... 52%  134M 0s
 26250K .......... .......... .......... .......... .......... 52%  136M 0s
 26300K .......... .......... .......... .......... .......... 52%  133M 0s
 26350K .......... .......... .......... .......... .......... 52%  108M 0s
 26400K .......... .......... .......... .......... .......... 53%  118M 0s
 26450K .......... .......... .......... .......... .......... 53%  127M 0s
 26500K .......... .......... .......... .......... .......... 53%  117M 0s
 26550K .......... .......... .......... .......... .......... 53%  110M 0s
 26600K .......... .......... .......... .......... .......... 53%  111M 0s
 26650K .......... .......... .......... .......... .......... 53%  121M 0s
 26700K .......... .......... .......... .......... .......... 53%  120M 0s
 26750K .......... .......... .......... .......... .......... 53% 97.2M 0s
 26800K .......... .......... .......... .......... .......... 53%  118M 0s
 26850K .......... .......... .......... .......... .......... 53%  112M 0s
 26900K .......... .......... .......... .......... .......... 54%  123M 0s
 26950K .......... .......... .......... .......... .......... 54% 79.1M 0s
 27000K .......... .......... .......... .......... .......... 54%  147M 0s
 27050K .......... .......... .......... .......... .......... 54%  132M 0s
 27100K .......... .......... .......... .......... .......... 54%  115M 0s
 27150K .......... .......... .......... .......... .......... 54% 94.8M 0s
 27200K .......... .......... .......... .......... .......... 54%  123M 0s
 27250K .......... .......... .......... .......... .......... 54%  110M 0s
 27300K .......... .......... .......... .......... .......... 54% 97.7M 0s
 27350K .......... .......... .......... .......... .......... 54%  103M 0s
 27400K .......... .......... .......... .......... .......... 55%  121M 0s
 27450K .......... .......... .......... .......... .......... 55% 59.0M 0s
 27500K .......... .......... .......... .......... .......... 55%  102M 0s
 27550K .......... .......... .......... .......... .......... 55% 96.7M 0s
 27600K .......... .......... .......... .......... .......... 55%  129M 0s
 27650K .......... .......... .......... .......... .......... 55%  112M 0s
 27700K .......... .......... .......... .......... .......... 55%  125M 0s
 27750K .......... .......... .......... .......... .......... 55%  116M 0s
 27800K .......... .......... .......... .......... .......... 55% 96.9M 0s
 27850K .......... .......... .......... .......... .......... 55%  107M 0s
 27900K .......... .......... .......... .......... .......... 56%  134M 0s
 27950K .......... .......... .......... .......... .......... 56% 98.0M 0s
 28000K .......... .......... .......... .......... .......... 56% 92.9M 0s
 28050K .......... .......... .......... .......... .......... 56%  102M 0s
 28100K .......... .......... .......... .......... .......... 56%  122M 0s
 28150K .......... .......... .......... .......... .......... 56%  115M 0s
 28200K .......... .......... .......... .......... .......... 56% 98.3M 0s
 28250K .......... .......... .......... .......... .......... 56% 83.2M 0s
 28300K .......... .......... .......... .......... .......... 56%  122M 0s
 28350K .......... .......... .......... .......... .......... 56%  130M 0s
 28400K .......... .......... .......... .......... .......... 57%  139M 0s
 28450K .......... .......... .......... .......... .......... 57%  109M 0s
 28500K .......... .......... .......... .......... .......... 57%  121M 0s
 28550K .......... .......... .......... .......... .......... 57%  113M 0s
 28600K .......... .......... .......... .......... .......... 57%  121M 0s
 28650K .......... .......... .......... .......... .......... 57%  109M 0s
 28700K .......... .......... .......... .......... .......... 57%  126M 0s
 28750K .......... .......... .......... .......... .......... 57% 85.1M 0s
 28800K .......... .......... .......... .......... .......... 57%  113M 0s
 28850K .......... .......... .......... .......... .......... 57% 11.3M 0s
 28900K .......... .......... .......... .......... .......... 58%  122M 0s
 28950K .......... .......... .......... .......... .......... 58% 69.6M 0s
 29000K .......... .......... .......... .......... .......... 58% 96.6M 0s
 29050K .......... .......... .......... .......... .......... 58%  106M 0s
 29100K .......... .......... .......... .......... .......... 58%  148M 0s
 29150K .......... .......... .......... .......... .......... 58%  102M 0s
 29200K .......... .......... .......... .......... .......... 58% 96.1M 0s
 29250K .......... .......... .......... .......... .......... 58% 96.8M 0s
 29300K .......... .......... .......... .......... .......... 58%  124M 0s
 29350K .......... .......... .......... .......... .......... 58%  134M 0s
 29400K .......... .......... .......... .......... .......... 59%  148M 0s
 29450K .......... .......... .......... .......... .......... 59%  124M 0s
 29500K .......... .......... .......... .......... .......... 59%  102M 0s
 29550K .......... .......... .......... .......... .......... 59%  105M 0s
 29600K .......... .......... .......... .......... .......... 59%  110M 0s
 29650K .......... .......... .......... .......... .......... 59%  110M 0s
 29700K .......... .......... .......... .......... .......... 59%  108M 0s
 29750K .......... .......... .......... .......... .......... 59%  102M 0s
 29800K .......... .......... .......... .......... .......... 59%  156M 0s
 29850K .......... .......... .......... .......... .......... 59% 7.00M 0s
 29900K .......... .......... .......... .......... .......... 60%  114M 0s
 29950K .......... .......... .......... .......... .......... 60% 95.0M 0s
 30000K .......... .......... .......... .......... .......... 60%  122M 0s
 30050K .......... .......... .......... .......... .......... 60% 91.3M 0s
 30100K .......... .......... .......... .......... .......... 60% 97.9M 0s
 30150K .......... .......... .......... .......... .......... 60%  105M 0s
 30200K .......... .......... .......... .......... .......... 60%  144M 0s
 30250K .......... .......... .......... .......... .......... 60%  146M 0s
 30300K .......... .......... .......... .......... .......... 60%  146M 0s
 30350K .......... .......... .......... .......... .......... 60% 64.8M 0s
 30400K .......... .......... .......... .......... .......... 61% 86.3M 0s
 30450K .......... .......... .......... .......... .......... 61% 88.7M 0s
 30500K .......... .......... .......... .......... .......... 61% 88.7M 0s
 30550K .......... .......... .......... .......... .......... 61% 81.6M 0s
 30600K .......... .......... .......... .......... .......... 61% 95.3M 0s
 30650K .......... .......... .......... .......... .......... 61%  102M 0s
 30700K .......... .......... .......... .......... .......... 61% 89.2M 0s
 30750K .......... .......... .......... .......... .......... 61% 80.6M 0s
 30800K .......... .......... .......... .......... .......... 61% 98.9M 0s
 30850K .......... .......... .......... .......... .......... 61%  101M 0s
 30900K .......... .......... .......... .......... .......... 62%  103M 0s
 30950K .......... .......... .......... .......... .......... 62% 89.4M 0s
 31000K .......... .......... .......... .......... .......... 62% 99.8M 0s
 31050K .......... .......... .......... .......... .......... 62%  104M 0s
 31100K .......... .......... .......... .......... .......... 62% 87.5M 0s
 31150K .......... .......... .......... .......... .......... 62%  125M 0s
 31200K .......... .......... .......... .......... .......... 62%  169M 0s
 31250K .......... .......... .......... .......... .......... 62%  155M 0s
 31300K .......... .......... .......... .......... .......... 62%  171M 0s
 31350K .......... .......... .......... .......... .......... 62%  164M 0s
 31400K .......... .......... .......... .......... .......... 63%  182M 0s
 31450K .......... .......... .......... .......... .......... 63%  170M 0s
 31500K .......... .......... .......... .......... .......... 63%  183M 0s
 31550K .......... .......... .......... .......... .......... 63%  143M 0s
 31600K .......... .......... .......... .......... .......... 63%  186M 0s
 31650K .......... .......... .......... .......... .......... 63%  174M 0s
 31700K .......... .......... .......... .......... .......... 63%  175M 0s
 31750K .......... .......... .......... .......... .......... 63%  116M 0s
 31800K .......... .......... .......... .......... .......... 63%  121M 0s
 31850K .......... .......... .......... .......... .......... 63%  116M 0s
 31900K .......... .......... .......... .......... .......... 64%  113M 0s
 31950K .......... .......... .......... .......... .......... 64% 95.7M 0s
 32000K .......... .......... .......... .......... .......... 64%  113M 0s
 32050K .......... .......... .......... .......... .......... 64%  130M 0s
 32100K .......... .......... .......... .......... .......... 64% 48.3M 0s
 32150K .......... .......... .......... .......... .......... 64% 54.7M 0s
 32200K .......... .......... .......... .......... .......... 64%  100M 0s
 32250K .......... .......... .......... .......... .......... 64%  113M 0s
 32300K .......... .......... .......... .......... .......... 64%  112M 0s
 32350K .......... .......... .......... .......... .......... 64% 8.99M 0s
 32400K .......... .......... .......... .......... .......... 65% 55.7M 0s
 32450K .......... .......... .......... .......... .......... 65%  121M 0s
 32500K .......... .......... .......... .......... .......... 65%  123M 0s
 32550K .......... .......... .......... .......... .......... 65%  101M 0s
 32600K .......... .......... .......... .......... .......... 65%  127M 0s
 32650K .......... .......... .......... .......... .......... 65%  121M 0s
 32700K .......... .......... .......... .......... .......... 65% 11.5M 0s
 32750K .......... .......... .......... .......... .......... 65% 89.8M 0s
 32800K .......... .......... .......... .......... .......... 65%  111M 0s
 32850K .......... .......... .......... .......... .......... 65% 98.0M 0s
 32900K .......... .......... .......... .......... .......... 66%  113M 0s
 32950K .......... .......... .......... .......... .......... 66% 95.1M 0s
 33000K .......... .......... .......... .......... .......... 66%  110M 0s
 33050K .......... .......... .......... .......... .......... 66%  110M 0s
 33100K .......... .......... .......... .......... .......... 66%  114M 0s
 33150K .......... .......... .......... .......... .......... 66% 89.3M 0s
 33200K .......... .......... .......... .......... .......... 66%  111M 0s
 33250K .......... .......... .......... .......... .......... 66%  100M 0s
 33300K .......... .......... .......... .......... .......... 66%  112M 0s
 33350K .......... .......... .......... .......... .......... 66%  108M 0s
 33400K .......... .......... .......... .......... .......... 67%  155M 0s
 33450K .......... .......... .......... .......... .......... 67% 88.5M 0s
 33500K .......... .......... .......... .......... .......... 67% 10.6M 0s
 33550K .......... .......... .......... .......... .......... 67% 47.4M 0s
 33600K .......... .......... .......... .......... .......... 67%  120M 0s
 33650K .......... .......... .......... .......... .......... 67%  123M 0s
 33700K .......... .......... .......... .......... .......... 67%  108M 0s
 33750K .......... .......... .......... .......... .......... 67%  113M 0s
 33800K .......... .......... .......... .......... .......... 67%  125M 0s
 33850K .......... .......... .......... .......... .......... 67%  118M 0s
 33900K .......... .......... .......... .......... .......... 68%  108M 0s
 33950K .......... .......... .......... .......... .......... 68% 93.7M 0s
 34000K .......... .......... .......... .......... .......... 68%  123M 0s
 34050K .......... .......... .......... .......... .......... 68%  109M 0s
 34100K .......... .......... .......... .......... .......... 68%  128M 0s
 34150K .......... .......... .......... .......... .......... 68%  104M 0s
 34200K .......... .......... .......... .......... .......... 68% 7.99M 0s
 34250K .......... .......... .......... .......... .......... 68% 84.4M 0s
 34300K .......... .......... .......... .......... .......... 68%  128M 0s
 34350K .......... .......... .......... .......... .......... 68% 83.8M 0s
 34400K .......... .......... .......... .......... .......... 69%  120M 0s
 34450K .......... .......... .......... .......... .......... 69% 9.86M 0s
 34500K .......... .......... .......... .......... .......... 69%  113M 0s
 34550K .......... .......... .......... .......... .......... 69%  117M 0s
 34600K .......... .......... .......... .......... .......... 69%  113M 0s
 34650K .......... .......... .......... .......... .......... 69%  110M 0s
 34700K .......... .......... .......... .......... .......... 69%  119M 0s
 34750K .......... .......... .......... .......... .......... 69% 79.9M 0s
 34800K .......... .......... .......... .......... .......... 69%  127M 0s
 34850K .......... .......... .......... .......... .......... 69%  128M 0s
 34900K .......... .......... .......... .......... .......... 70% 21.5M 0s
 34950K .......... .......... .......... .......... .......... 70% 91.2M 0s
 35000K .......... .......... .......... .......... .......... 70% 88.7M 0s
 35050K .......... .......... .......... .......... .......... 70% 98.8M 0s
 35100K .......... .......... .......... .......... .......... 70%  155M 0s
 35150K .......... .......... .......... .......... .......... 70% 40.5M 0s
 35200K .......... .......... .......... .......... .......... 70%  129M 0s
 35250K .......... .......... .......... .......... .......... 70%  112M 0s
 35300K .......... .......... .......... .......... .......... 70%  111M 0s
 35350K .......... .......... .......... .......... .......... 70%  115M 0s
 35400K .......... .......... .......... .......... .......... 71%  122M 0s
 35450K .......... .......... .......... .......... .......... 71% 16.8M 0s
 35500K .......... .......... .......... .......... .......... 71%  121M 0s
 35550K .......... .......... .......... .......... .......... 71% 92.7M 0s
 35600K .......... .......... .......... .......... .......... 71%  119M 0s
 35650K .......... .......... .......... .......... .......... 71%  111M 0s
 35700K .......... .......... .......... .......... .......... 71%  122M 0s
 35750K .......... .......... .......... .......... .......... 71%  116M 0s
 35800K .......... .......... .......... .......... .......... 71%  109M 0s
 35850K .......... .......... .......... .......... .......... 71%  130M 0s
 35900K .......... .......... .......... .......... .......... 72%  107M 0s
 35950K .......... .......... .......... .......... .......... 72% 93.6M 0s
 36000K .......... .......... .......... .......... .......... 72% 34.0M 0s
 36050K .......... .......... .......... .......... .......... 72%  107M 0s
 36100K .......... .......... .......... .......... .......... 72% 72.4M 0s
 36150K .......... .......... .......... .......... .......... 72%  113M 0s
 36200K .......... .......... .......... .......... .......... 72%  108M 0s
 36250K .......... .......... .......... .......... .......... 72%  122M 0s
 36300K .......... .......... .......... .......... .......... 72%  121M 0s
 36350K .......... .......... .......... .......... .......... 72% 23.3M 0s
 36400K .......... .......... .......... .......... .......... 73%  122M 0s
 36450K .......... .......... .......... .......... .......... 73%  124M 0s
 36500K .......... .......... .......... .......... .......... 73%  106M 0s
 36550K .......... .......... .......... .......... .......... 73%  109M 0s
 36600K .......... .......... .......... .......... .......... 73%  127M 0s
 36650K .......... .......... .......... .......... .......... 73%  108M 0s
 36700K .......... .......... .......... .......... .......... 73%  121M 0s
 36750K .......... .......... .......... .......... .......... 73% 93.4M 0s
 36800K .......... .......... .......... .......... .......... 73% 65.1M 0s
 36850K .......... .......... .......... .......... .......... 73%  121M 0s
 36900K .......... .......... .......... .......... .......... 74%  111M 0s
 36950K .......... .......... .......... .......... .......... 74%  107M 0s
 37000K .......... .......... .......... .......... .......... 74%  127M 0s
 37050K .......... .......... .......... .......... .......... 74%  112M 0s
 37100K .......... .......... .......... .......... .......... 74%  113M 0s
 37150K .......... .......... .......... .......... .......... 74% 96.0M 0s
 37200K .......... .......... .......... .......... .......... 74%  112M 0s
 37250K .......... .......... .......... .......... .......... 74%  130M 0s
 37300K .......... .......... .......... .......... .......... 74%  113M 0s
 37350K .......... .......... .......... .......... .......... 74%  105M 0s
 37400K .......... .......... .......... .......... .......... 75%  128M 0s
 37450K .......... .......... .......... .......... .......... 75%  111M 0s
 37500K .......... .......... .......... .......... .......... 75%  111M 0s
 37550K .......... .......... .......... .......... .......... 75% 93.2M 0s
 37600K .......... .......... .......... .......... .......... 75%  121M 0s
 37650K .......... .......... .......... .......... .......... 75%  124M 0s
 37700K .......... .......... .......... .......... .......... 75% 65.6M 0s
 37750K .......... .......... .......... .......... .......... 75%  114M 0s
 37800K .......... .......... .......... .......... .......... 75%  123M 0s
 37850K .......... .......... .......... .......... .......... 75%  108M 0s
 37900K .......... .......... .......... .......... .......... 76% 84.8M 0s
 37950K .......... .......... .......... .......... .......... 76%  102M 0s
 38000K .......... .......... .......... .......... .......... 76%  134M 0s
 38050K .......... .......... .......... .......... .......... 76%  111M 0s
 38100K .......... .......... .......... .......... .......... 76%  124M 0s
 38150K .......... .......... .......... .......... .......... 76% 67.2M 0s
 38200K .......... .......... .......... .......... .......... 76%  103M 0s
 38250K .......... .......... .......... .......... .......... 76%  136M 0s
 38300K .......... .......... .......... .......... .......... 76%  113M 0s
 38350K .......... .......... .......... .......... .......... 76%  108M 0s
 38400K .......... .......... .......... .......... .......... 77%  132M 0s
 38450K .......... .......... .......... .......... .......... 77%  131M 0s
 38500K .......... .......... .......... .......... .......... 77%  135M 0s
 38550K .......... .......... .......... .......... .......... 77%  123M 0s
 38600K .......... .......... .......... .......... .......... 77%  128M 0s
 38650K .......... .......... .......... .......... .......... 77% 88.7M 0s
 38700K .......... .......... .......... .......... .......... 77% 80.9M 0s
 38750K .......... .......... .......... .......... .......... 77% 69.9M 0s
 38800K .......... .......... .......... .......... .......... 77%  148M 0s
 38850K .......... .......... .......... .......... .......... 77%  146M 0s
 38900K .......... .......... .......... .......... .......... 78%  143M 0s
 38950K .......... .......... .......... .......... .......... 78%  132M 0s
 39000K .......... .......... .......... .......... .......... 78%  143M 0s
 39050K .......... .......... .......... .......... .......... 78%  143M 0s
 39100K .......... .......... .......... .......... .......... 78%  124M 0s
 39150K .......... .......... .......... .......... .......... 78% 94.8M 0s
 39200K .......... .......... .......... .......... .......... 78%  119M 0s
 39250K .......... .......... .......... .......... .......... 78%  112M 0s
 39300K .......... .......... .......... .......... .......... 78%  121M 0s
 39350K .......... .......... .......... .......... .......... 78%  113M 0s
 39400K .......... .......... .......... .......... .......... 79%  117M 0s
 39450K .......... .......... .......... .......... .......... 79%  108M 0s
 39500K .......... .......... .......... .......... .......... 79%  128M 0s
 39550K .......... .......... .......... .......... .......... 79% 86.0M 0s
 39600K .......... .......... .......... .......... .......... 79%  129M 0s
 39650K .......... .......... .......... .......... .......... 79%  115M 0s
 39700K .......... .......... .......... .......... .......... 79% 12.4M 0s
 39750K .......... .......... .......... .......... .......... 79%  108M 0s
 39800K .......... .......... .......... .......... .......... 79%  119M 0s
 39850K .......... .......... .......... .......... .......... 79%  119M 0s
 39900K .......... .......... .......... .......... .......... 80%  121M 0s
 39950K .......... .......... .......... .......... .......... 80% 83.4M 0s
 40000K .......... .......... .......... .......... .......... 80% 86.8M 0s
 40050K .......... .......... .......... .......... .......... 80%  102M 0s
 40100K .......... .......... .......... .......... .......... 80%  104M 0s
 40150K .......... .......... .......... .......... .......... 80%  114M 0s
 40200K .......... .......... .......... .......... .......... 80%  133M 0s
 40250K .......... .......... .......... .......... .......... 80%  144M 0s
 40300K .......... .......... .......... .......... .......... 80%  136M 0s
 40350K .......... .......... .......... .......... .......... 80%  117M 0s
 40400K .......... .......... .......... .......... .......... 81% 98.3M 0s
 40450K .......... .......... .......... .......... .......... 81% 83.6M 0s
 40500K .......... .......... .......... .......... .......... 81%  129M 0s
 40550K .......... .......... .......... .......... .......... 81%  117M 0s
 40600K .......... .......... .......... .......... .......... 81%  125M 0s
 40650K .......... .......... .......... .......... .......... 81%  129M 0s
 40700K .......... .......... .......... .......... .......... 81%  116M 0s
 40750K .......... .......... .......... .......... .......... 81%  101M 0s
 40800K .......... .......... .......... .......... .......... 81%  127M 0s
 40850K .......... .......... .......... .......... .......... 81%  126M 0s
 40900K .......... .......... .......... .......... .......... 82%  112M 0s
 40950K .......... .......... .......... .......... .......... 82%  116M 0s
 41000K .......... .......... .......... .......... .......... 82% 97.2M 0s
 41050K .......... .......... .......... .......... .......... 82% 95.1M 0s
 41100K .......... .......... .......... .......... .......... 82% 71.8M 0s
 41150K .......... .......... .......... .......... .......... 82% 69.7M 0s
 41200K .......... .......... .......... .......... .......... 82%  115M 0s
 41250K .......... .......... .......... .......... .......... 82%  138M 0s
 41300K .......... .......... .......... .......... .......... 82%  132M 0s
 41350K .......... .......... .......... .......... .......... 82%  124M 0s
 41400K .......... .......... .......... .......... .......... 83%  135M 0s
 41450K .......... .......... .......... .......... .......... 83%  134M 0s
 41500K .......... .......... .......... .......... .......... 83%  134M 0s
 41550K .......... .......... .......... .......... .......... 83%  107M 0s
 41600K .......... .......... .......... .......... .......... 83%  122M 0s
 41650K .......... .......... .......... .......... .......... 83%  131M 0s
 41700K .......... .......... .......... .......... .......... 83%  134M 0s
 41750K .......... .......... .......... .......... .......... 83%  123M 0s
 41800K .......... .......... .......... .......... .......... 83%  131M 0s
 41850K .......... .......... .......... .......... .......... 83%  117M 0s
 41900K .......... .......... .......... .......... .......... 84%  138M 0s
 41950K .......... .......... .......... .......... .......... 84% 69.2M 0s
 42000K .......... .......... .......... .......... .......... 84%  120M 0s
 42050K .......... .......... .......... .......... .......... 84%  123M 0s
 42100K .......... .......... .......... .......... .......... 84%  137M 0s
 42150K .......... .......... .......... .......... .......... 84% 93.5M 0s
 42200K .......... .......... .......... .......... .......... 84%  102M 0s
 42250K .......... .......... .......... .......... .......... 84%  129M 0s
 42300K .......... .......... .......... .......... .......... 84%  162M 0s
 42350K .......... .......... .......... .......... .......... 84% 95.9M 0s
 42400K .......... .......... .......... .......... .......... 85%  116M 0s
 42450K .......... .......... .......... .......... .......... 85%  122M 0s
 42500K .......... .......... .......... .......... .......... 85%  108M 0s
 42550K .......... .......... .......... .......... .......... 85%  107M 0s
 42600K .......... .......... .......... .......... .......... 85%  126M 0s
 42650K .......... .......... .......... .......... .......... 85%  130M 0s
 42700K .......... .......... .......... .......... .......... 85%  118M 0s
 42750K .......... .......... .......... .......... .......... 85% 92.9M 0s
 42800K .......... .......... .......... .......... .......... 85%  104M 0s
 42850K .......... .......... .......... .......... .......... 85%  133M 0s
 42900K .......... .......... .......... .......... .......... 86%  103M 0s
 42950K .......... .......... .......... .......... .......... 86% 98.0M 0s
 43000K .......... .......... .......... .......... .......... 86%  107M 0s
 43050K .......... .......... .......... .......... .......... 86%  160M 0s
 43100K .......... .......... .......... .......... .......... 86% 89.3M 0s
 43150K .......... .......... .......... .......... .......... 86% 82.2M 0s
 43200K .......... .......... .......... .......... .......... 86%  113M 0s
 43250K .......... .......... .......... .......... .......... 86%  148M 0s
 43300K .......... .......... .......... .......... .......... 86%  148M 0s
 43350K .......... .......... .......... .......... .......... 86%  109M 0s
 43400K .......... .......... .......... .......... .......... 87%  106M 0s
 43450K .......... .......... .......... .......... .......... 87%  133M 0s
 43500K .......... .......... .......... .......... .......... 87%  129M 0s
 43550K .......... .......... .......... .......... .......... 87% 92.8M 0s
 43600K .......... .......... .......... .......... .......... 87%  124M 0s
 43650K .......... .......... .......... .......... .......... 87%  122M 0s
 43700K .......... .......... .......... .......... .......... 87%  106M 0s
 43750K .......... .......... .......... .......... .......... 87%  114M 0s
 43800K .......... .......... .......... .......... .......... 87%  120M 0s
 43850K .......... .......... .......... .......... .......... 87%  110M 0s
 43900K .......... .......... .......... .......... .......... 88%  122M 0s
 43950K .......... .......... .......... .......... .......... 88% 92.5M 0s
 44000K .......... .......... .......... .......... .......... 88%  124M 0s
 44050K .......... .......... .......... .......... .......... 88% 96.8M 0s
 44100K .......... .......... .......... .......... .......... 88% 88.9M 0s
 44150K .......... .......... .......... .......... .......... 88% 87.7M 0s
 44200K .......... .......... .......... .......... .......... 88%  141M 0s
 44250K .......... .......... .......... .......... .......... 88%  131M 0s
 44300K .......... .......... .......... .......... .......... 88%  134M 0s
 44350K .......... .......... .......... .......... .......... 88% 94.6M 0s
 44400K .......... .......... .......... .......... .......... 89%  150M 0s
 44450K .......... .......... .......... .......... .......... 89%  142M 0s
 44500K .......... .......... .......... .......... .......... 89%  106M 0s
 44550K .......... .......... .......... .......... .......... 89%  111M 0s
 44600K .......... .......... .......... .......... .......... 89%  108M 0s
 44650K .......... .......... .......... .......... .......... 89%  137M 0s
 44700K .......... .......... .......... .......... .......... 89%  118M 0s
 44750K .......... .......... .......... .......... .......... 89% 91.1M 0s
 44800K .......... .......... .......... .......... .......... 89%  123M 0s
 44850K .......... .......... .......... .......... .......... 89%  112M 0s
 44900K .......... .......... .......... .......... .......... 90%  113M 0s
 44950K .......... .......... .......... .......... .......... 90%  117M 0s
 45000K .......... .......... .......... .......... .......... 90%  123M 0s
 45050K .......... .......... .......... .......... .......... 90%  105M 0s
 45100K .......... .......... .......... .......... .......... 90%  110M 0s
 45150K .......... .......... .......... .......... .......... 90% 87.3M 0s
 45200K .......... .......... .......... .......... .......... 90%  105M 0s
 45250K .......... .......... .......... .......... .......... 90%  140M 0s
 45300K .......... .......... .......... .......... .......... 90%  131M 0s
 45350K .......... .......... .......... .......... .......... 90%  115M 0s
 45400K .......... .......... .......... .......... .......... 91%  108M 0s
 45450K .......... .......... .......... .......... .......... 91%  108M 0s
 45500K .......... .......... .......... .......... .......... 91%  133M 0s
 45550K .......... .......... .......... .......... .......... 91% 95.2M 0s
 45600K .......... .......... .......... .......... .......... 91%  120M 0s
 45650K .......... .......... .......... .......... .......... 91%  110M 0s
 45700K .......... .......... .......... .......... .......... 91%  124M 0s
 45750K .......... .......... .......... .......... .......... 91%  107M 0s
 45800K .......... .......... .......... .......... .......... 91%  118M 0s
 45850K .......... .......... .......... .......... .......... 91%  115M 0s
 45900K .......... .......... .......... .......... .......... 92%  116M 0s
 45950K .......... .......... .......... .......... .......... 92% 94.8M 0s
 46000K .......... .......... .......... .......... .......... 92%  130M 0s
 46050K .......... .......... .......... .......... .......... 92%  108M 0s
 46100K .......... .......... .......... .......... .......... 92%  120M 0s
 46150K .......... .......... .......... .......... .......... 92%  118M 0s
 46200K .......... .......... .......... .......... .......... 92%  107M 0s
 46250K .......... .......... .......... .......... .......... 92%  121M 0s
 46300K .......... .......... .......... .......... .......... 92%  123M 0s
 46350K .......... .......... .......... .......... .......... 92% 92.6M 0s
 46400K .......... .......... .......... .......... .......... 93%  107M 0s
 46450K .......... .......... .......... .......... .......... 93%  124M 0s
 46500K .......... .......... .......... .......... .......... 93%  104M 0s
 46550K .......... .......... .......... .......... .......... 93%  112M 0s
 46600K .......... .......... .......... .......... .......... 93%  118M 0s
 46650K .......... .......... .......... .......... .......... 93%  115M 0s
 46700K .......... .......... .......... .......... .......... 93%  140M 0s
 46750K .......... .......... .......... .......... .......... 93% 93.3M 0s
 46800K .......... .......... .......... .......... .......... 93%  106M 0s
 46850K .......... .......... .......... .......... .......... 93%  121M 0s
 46900K .......... .......... .......... .......... .......... 94%  124M 0s
 46950K .......... .......... .......... .......... .......... 94%  102M 0s
 47000K .......... .......... .......... .......... .......... 94%  121M 0s
 47050K .......... .......... .......... .......... .......... 94%  126M 0s
 47100K .......... .......... .......... .......... .......... 94%  105M 0s
 47150K .......... .......... .......... .......... .......... 94% 93.3M 0s
 47200K .......... .......... .......... .......... .......... 94%  121M 0s
 47250K .......... .......... .......... .......... .......... 94%  123M 0s
 47300K .......... .......... .......... .......... .......... 94%  108M 0s
 47350K .......... .......... .......... .......... .......... 94%  115M 0s
 47400K .......... .......... .......... .......... .......... 95%  103M 0s
 47450K .......... .......... .......... .......... .......... 95%  135M 0s
 47500K .......... .......... .......... .......... .......... 95%  109M 0s
 47550K .......... .......... .......... .......... .......... 95% 97.9M 0s
 47600K .......... .......... .......... .......... .......... 95%  120M 0s
 47650K .......... .......... .......... .......... .......... 95%  107M 0s
 47700K .......... .......... .......... .......... .......... 95%  116M 0s
 47750K .......... .......... .......... .......... .......... 95%  109M 0s
 47800K .......... .......... .......... .......... .......... 95%  124M 0s
 47850K .......... .......... .......... .......... .......... 95%  117M 0s
 47900K .......... .......... .......... .......... .......... 96%  122M 0s
 47950K .......... .......... .......... .......... .......... 96% 92.2M 0s
 48000K .......... .......... .......... .......... .......... 96%  122M 0s
 48050K .......... .......... .......... .......... .......... 96%  107M 0s
 48100K .......... .......... .......... .......... .......... 96%  115M 0s
 48150K .......... .......... .......... .......... .......... 96%  112M 0s
 48200K .......... .......... .......... .......... .......... 96%  120M 0s
 48250K .......... .......... .......... .......... .......... 96%  120M 0s
 48300K .......... .......... .......... .......... .......... 96%  114M 0s
 48350K .......... .......... .......... .......... .......... 97% 85.3M 0s
 48400K .......... .......... .......... .......... .......... 97%  122M 0s
 48450K .......... .......... .......... .......... .......... 97%  127M 0s
 48500K .......... .......... .......... .......... .......... 97%  120M 0s
 48550K .......... .......... .......... .......... .......... 97%  101M 0s
 48600K .......... .......... .......... .......... .......... 97%  136M 0s
 48650K .......... .......... .......... .......... .......... 97%  106M 0s
 48700K .......... .......... .......... .......... .......... 97%  123M 0s
 48750K .......... .......... .......... .......... .......... 97% 92.7M 0s
 48800K .......... .......... .......... .......... .......... 97%  122M 0s
 48850K .......... .......... .......... .......... .......... 98%  108M 0s
 48900K .......... .......... .......... .......... .......... 98%  122M 0s
 48950K .......... .......... .......... .......... .......... 98%  113M 0s
 49000K .......... .......... .......... .......... .......... 98%  109M 0s
 49050K .......... .......... .......... .......... .......... 98%  120M 0s
 49100K .......... .......... .......... .......... .......... 98%  117M 0s
 49150K .......... .......... .......... .......... .......... 98% 93.0M 0s
 49200K .......... .......... .......... .......... .......... 98%  122M 0s
 49250K .......... .......... .......... .......... .......... 98%  110M 0s
 49300K .......... .......... .......... .......... .......... 98%  123M 0s
 49350K .......... .......... .......... .......... .......... 99%  114M 0s
 49400K .......... .......... .......... .......... .......... 99%  112M 0s
 49450K .......... .......... .......... .......... .......... 99% 96.0M 0s
 49500K .......... .......... .......... .......... .......... 99%  119M 0s
 49550K .......... .......... .......... .......... .......... 99%  109M 0s
 49600K .......... .......... .......... .......... .......... 99%  113M 0s
 49650K .......... .......... .......... .......... .......... 99%  116M 0s
 49700K .......... .......... .......... .......... .......... 99%  124M 0s
 49750K .......... .......... .......... .......... .......... 99% 84.7M 0s
 49800K .......... .......... .......... .......... .......... 99% 95.4M 0s
 49850K .......... .......... .......... .......... ......    100%  140M=0.6s

2020-10-30 03:20:38 (86.1 MB/s) - `miniconda.sh' saved [51093759/51093759]


travis_time:end:01c9f54e:start=1604028038142758146,finish=1604028038896441009,duration=753682863[0Ktravis_fold:end:before_install.1[0Ktravis_fold:start:before_install.2[0Ktravis_time:start:0b534fac[0K$ chmod +x miniconda.sh

travis_time:end:0b534fac:start=1604028038905259238,finish=1604028038915021765,duration=9762527[0Ktravis_fold:end:before_install.2[0Ktravis_fold:start:before_install.3[0Ktravis_time:start:10aee5cd[0K$ ./miniconda.sh -b
PREFIX=/home/travis/miniconda2
Unpacking payload ...
  0%|          | 0/37 [00:00<?, ?it/s]Extracting : python-2.7.18-h15b4118_1.conda:   0%|          | 0/37 [00:00<?, ?it/s]Extracting : python-2.7.18-h15b4118_1.conda:   3%|▎         | 1/37 [00:00<00:18,  1.94it/s]Extracting : _libgcc_mutex-0.1-main.conda:   3%|▎         | 1/37 [00:00<00:18,  1.94it/s]  Extracting : ca-certificates-2020.1.1-0.conda:   5%|▌         | 2/37 [00:00<00:18,  1.94it/s]Extracting : libstdcxx-ng-9.1.0-hdf63c60_0.conda:   8%|▊         | 3/37 [00:00<00:17,  1.94it/s]Extracting : libgcc-ng-9.1.0-hdf63c60_0.conda:  11%|█         | 4/37 [00:00<00:17,  1.94it/s]   Extracting : libffi-3.3-he6710b0_1.conda:  14%|█▎        | 5/37 [00:00<00:16,  1.94it/s]     Extracting : ncurses-6.2-he6710b0_1.conda:  16%|█▌        | 6/37 [00:00<00:16,  1.94it/s]Extracting : openssl-1.1.1g-h7b6447c_0.conda:  19%|█▉        | 7/37 [00:00<00:15,  1.94it/s]Extracting : yaml-0.1.7-had09818_2.conda:  22%|██▏       | 8/37 [00:00<00:14,  1.94it/s]    Extracting : zlib-1.2.11-h7b6447c_3.conda:  24%|██▍       | 9/37 [00:00<00:14,  1.94it/s]Extracting : libedit-3.1.20181209-hc058e9b_0.conda:  27%|██▋       | 10/37 [00:00<00:13,  1.94it/s]Extracting : readline-8.0-h7b6447c_0.conda:  30%|██▉       | 11/37 [00:00<00:13,  1.94it/s]        Extracting : tk-8.6.8-hbc83047_0.conda:  32%|███▏      | 12/37 [00:00<00:12,  1.94it/s]    Extracting : sqlite-3.31.1-h62c20be_1.conda:  35%|███▌      | 13/37 [00:00<00:12,  1.94it/s]Extracting : asn1crypto-1.3.0-py27_0.conda:  38%|███▊      | 14/37 [00:00<00:11,  1.94it/s] Extracting : certifi-2019.11.28-py27_0.conda:  41%|████      | 15/37 [00:00<00:11,  1.94it/s]Extracting : chardet-3.0.4-py27_1003.conda:  43%|████▎     | 16/37 [00:00<00:10,  1.94it/s]  Extracting : enum34-1.1.6-py27_1.conda:  46%|████▌     | 17/37 [00:00<00:10,  1.94it/s]    Extracting : futures-3.3.0-py27_0.conda:  49%|████▊     | 18/37 [00:00<00:09,  1.94it/s]Extracting : idna-2.8-py27_0.conda:  51%|█████▏    | 19/37 [00:00<00:09,  1.94it/s]     Extracting : ipaddress-1.0.23-py_0.conda:  54%|█████▍    | 20/37 [00:00<00:08,  1.94it/s]Extracting : pycosat-0.6.3-py27h7b6447c_0.conda:  57%|█████▋    | 21/37 [00:00<00:08,  1.94it/s]Extracting : pycparser-2.20-py_0.conda:  59%|█████▉    | 22/37 [00:00<00:07,  1.94it/s]         Extracting : pysocks-1.7.1-py27_0.conda:  62%|██████▏   | 23/37 [00:00<00:07,  1.94it/s]Extracting : ruamel_yaml-0.15.87-py27h7b6447c_0.conda:  65%|██████▍   | 24/37 [00:00<00:06,  1.94it/s]Extracting : six-1.13.0-py27_0.conda:  68%|██████▊   | 25/37 [00:00<00:06,  1.94it/s]                 Extracting : tqdm-4.46.0-py_0.conda:  70%|███████   | 26/37 [00:00<00:05,  1.94it/s] Extracting : cffi-1.14.0-py27he30daa8_1.conda:  73%|███████▎  | 27/37 [00:00<00:05,  1.94it/s]Extracting : conda-package-handling-1.6.0-py27h7b6447c_0.conda:  76%|███████▌  | 28/37 [00:00<00:04,  1.94it/s]Extracting : setuptools-44.0.0-py27_0.conda:  78%|███████▊  | 29/37 [00:00<00:04,  1.94it/s]                   Extracting : cryptography-2.8-py27h1ba5d50_0.conda:  81%|████████  | 30/37 [00:00<00:03,  1.94it/s]Extracting : wheel-0.33.6-py27_0.conda:  84%|████████▍ | 31/37 [00:00<00:03,  1.94it/s]            Extracting : pip-19.3.1-py27_0.conda:  86%|████████▋ | 32/37 [00:00<00:02,  1.94it/s]  Extracting : pyopenssl-19.1.0-py27_0.conda:  89%|████████▉ | 33/37 [00:00<00:02,  1.94it/s]Extracting : urllib3-1.25.7-py27_0.conda:  92%|█████████▏| 34/37 [00:00<00:01,  1.94it/s]  Extracting : requests-2.22.0-py27_1.conda:  95%|█████████▍| 35/37 [00:00<00:01,  1.94it/s]Extracting : conda-4.8.3-py27_0.tar.bz2:  97%|█████████▋| 36/37 [00:00<00:00,  1.94it/s]  Extracting : conda-4.8.3-py27_0.tar.bz2: 100%|██████████| 37/37 [00:00<00:00,  2.75it/s]                                                                                        Collecting package metadata (current_repodata.json): ...working... done
Solving environment: ...working... done

## Package Plan ##

  environment location: /home/travis/miniconda2

  added / updated specs:
    - _libgcc_mutex==0.1=main
    - asn1crypto==1.3.0=py27_0
    - ca-certificates==2020.1.1=0
    - certifi==2019.11.28=py27_0
    - cffi==1.14.0=py27he30daa8_1
    - chardet==3.0.4=py27_1003
    - conda-package-handling==1.6.0=py27h7b6447c_0
    - conda==4.8.3=py27_0
    - cryptography==2.8=py27h1ba5d50_0
    - enum34==1.1.6=py27_1
    - futures==3.3.0=py27_0
    - idna==2.8=py27_0
    - ipaddress==1.0.23=py_0
    - libedit==3.1.20181209=hc058e9b_0
    - libffi==3.3=he6710b0_1
    - libgcc-ng==9.1.0=hdf63c60_0
    - libstdcxx-ng==9.1.0=hdf63c60_0
    - ncurses==6.2=he6710b0_1
    - openssl==1.1.1g=h7b6447c_0
    - pip==19.3.1=py27_0
    - pycosat==0.6.3=py27h7b6447c_0
    - pycparser==2.20=py_0
    - pyopenssl==19.1.0=py27_0
    - pysocks==1.7.1=py27_0
    - python==2.7.18=h15b4118_1
    - readline==8.0=h7b6447c_0
    - requests==2.22.0=py27_1
    - ruamel_yaml==0.15.87=py27h7b6447c_0
    - setuptools==44.0.0=py27_0
    - six==1.13.0=py27_0
    - sqlite==3.31.1=h62c20be_1
    - tk==8.6.8=hbc83047_0
    - tqdm==4.46.0=py_0
    - urllib3==1.25.7=py27_0
    - wheel==0.33.6=py27_0
    - yaml==0.1.7=had09818_2
    - zlib==1.2.11=h7b6447c_3


The following NEW packages will be INSTALLED:

  _libgcc_mutex      pkgs/main/linux-64::_libgcc_mutex-0.1-main
  asn1crypto         pkgs/main/linux-64::asn1crypto-1.3.0-py27_0
  ca-certificates    pkgs/main/linux-64::ca-certificates-2020.1.1-0
  certifi            pkgs/main/linux-64::certifi-2019.11.28-py27_0
  cffi               pkgs/main/linux-64::cffi-1.14.0-py27he30daa8_1
  chardet            pkgs/main/linux-64::chardet-3.0.4-py27_1003
  conda              pkgs/main/linux-64::conda-4.8.3-py27_0
  conda-package-han~ pkgs/main/linux-64::conda-package-handling-1.6.0-py27h7b6447c_0
  cryptography       pkgs/main/linux-64::cryptography-2.8-py27h1ba5d50_0
  enum34             pkgs/main/linux-64::enum34-1.1.6-py27_1
  futures            pkgs/main/linux-64::futures-3.3.0-py27_0
  idna               pkgs/main/linux-64::idna-2.8-py27_0
  ipaddress          pkgs/main/noarch::ipaddress-1.0.23-py_0
  libedit            pkgs/main/linux-64::libedit-3.1.20181209-hc058e9b_0
  libffi             pkgs/main/linux-64::libffi-3.3-he6710b0_1
  libgcc-ng          pkgs/main/linux-64::libgcc-ng-9.1.0-hdf63c60_0
  libstdcxx-ng       pkgs/main/linux-64::libstdcxx-ng-9.1.0-hdf63c60_0
  ncurses            pkgs/main/linux-64::ncurses-6.2-he6710b0_1
  openssl            pkgs/main/linux-64::openssl-1.1.1g-h7b6447c_0
  pip                pkgs/main/linux-64::pip-19.3.1-py27_0
  pycosat            pkgs/main/linux-64::pycosat-0.6.3-py27h7b6447c_0
  pycparser          pkgs/main/noarch::pycparser-2.20-py_0
  pyopenssl          pkgs/main/linux-64::pyopenssl-19.1.0-py27_0
  pysocks            pkgs/main/linux-64::pysocks-1.7.1-py27_0
  python             pkgs/main/linux-64::python-2.7.18-h15b4118_1
  readline           pkgs/main/linux-64::readline-8.0-h7b6447c_0
  requests           pkgs/main/linux-64::requests-2.22.0-py27_1
  ruamel_yaml        pkgs/main/linux-64::ruamel_yaml-0.15.87-py27h7b6447c_0
  setuptools         pkgs/main/linux-64::setuptools-44.0.0-py27_0
  six                pkgs/main/linux-64::six-1.13.0-py27_0
  sqlite             pkgs/main/linux-64::sqlite-3.31.1-h62c20be_1
  tk                 pkgs/main/linux-64::tk-8.6.8-hbc83047_0
  tqdm               pkgs/main/noarch::tqdm-4.46.0-py_0
  urllib3            pkgs/main/linux-64::urllib3-1.25.7-py27_0
  wheel              pkgs/main/linux-64::wheel-0.33.6-py27_0
  yaml               pkgs/main/linux-64::yaml-0.1.7-had09818_2
  zlib               pkgs/main/linux-64::zlib-1.2.11-h7b6447c_3


Preparing transaction: ...working... done
Executing transaction: ...working... done
installation finished.

travis_time:end:10aee5cd:start=1604028038925793992,finish=1604028049747927369,duration=10822133377[0Ktravis_fold:end:before_install.3[0Ktravis_fold:start:before_install.4[0Ktravis_time:start:2f57bd20[0K$ export PATH=/home/travis/miniconda2/bin:$PATH

travis_time:end:2f57bd20:start=1604028049758296149,finish=1604028049766178141,duration=7881992[0Ktravis_fold:end:before_install.4[0Ktravis_fold:start:before_install.5[0Ktravis_time:start:087b77a8[0K$ conda update --yes --quiet conda
Collecting package metadata (current_repodata.json): ...working... done
Solving environment: ...working... done

## Package Plan ##

  environment location: /home/travis/miniconda2

  added / updated specs:
    - conda


The following packages will be downloaded:

    package                    |            build
    ---------------------------|-----------------
    asn1crypto-1.4.0           |             py_0          80 KB
    ca-certificates-2020.10.14 |                0         121 KB
    certifi-2020.6.20          |             py_1         153 KB
    idna-2.10                  |             py_0          50 KB
    libedit-3.1.20191231       |       h14c3975_1         116 KB
    libffi-3.3                 |       he6710b0_2          50 KB
    openssl-1.1.1h             |       h7b6447c_0         2.5 MB
    pycparser-2.20             |             py_2          94 KB
    pyopenssl-19.1.0           |             py_1          48 KB
    requests-2.24.0            |             py_0          56 KB
    six-1.15.0                 |             py_0          13 KB
    sqlite-3.33.0              |       h62c20be_0         1.1 MB
    tk-8.6.10                  |       hbc83047_0         3.0 MB
    tqdm-4.50.2                |             py_0          56 KB
    wheel-0.35.1               |             py_0          37 KB
    ------------------------------------------------------------
                                           Total:         7.5 MB

The following packages will be UPDATED:

  asn1crypto         pkgs/main/linux-64::asn1crypto-1.3.0-~ --> pkgs/main/noarch::asn1crypto-1.4.0-py_0
  ca-certificates                                2020.1.1-0 --> 2020.10.14-0
  certifi            pkgs/main/linux-64::certifi-2019.11.2~ --> pkgs/main/noarch::certifi-2020.6.20-py_1
  idna                  pkgs/main/linux-64::idna-2.8-py27_0 --> pkgs/main/noarch::idna-2.10-py_0
  libedit                           3.1.20181209-hc058e9b_0 --> 3.1.20191231-h14c3975_1
  libffi                                     3.3-he6710b0_1 --> 3.3-he6710b0_2
  openssl                                 1.1.1g-h7b6447c_0 --> 1.1.1h-h7b6447c_0
  pycparser                                       2.20-py_0 --> 2.20-py_2
  pyopenssl          pkgs/main/linux-64::pyopenssl-19.1.0-~ --> pkgs/main/noarch::pyopenssl-19.1.0-py_1
  requests           pkgs/main/linux-64::requests-2.22.0-p~ --> pkgs/main/noarch::requests-2.24.0-py_0
  six                 pkgs/main/linux-64::six-1.13.0-py27_0 --> pkgs/main/noarch::six-1.15.0-py_0
  sqlite                                  3.31.1-h62c20be_1 --> 3.33.0-h62c20be_0
  tk                                       8.6.8-hbc83047_0 --> 8.6.10-hbc83047_0
  tqdm                                          4.46.0-py_0 --> 4.50.2-py_0
  wheel              pkgs/main/linux-64::wheel-0.33.6-py27~ --> pkgs/main/noarch::wheel-0.35.1-py_0


Preparing transaction: ...working... done
Verifying transaction: ...working... done
Executing transaction: ...working... done

travis_time:end:087b77a8:start=1604028049776047142,finish=1604028064208459916,duration=14432412774[0Ktravis_fold:end:before_install.5[0Ktravis_fold:start:before_install.6[0Ktravis_time:start:0387cb2a[0K$ export DISPLAY=:99.0

travis_time:end:0387cb2a:start=1604028064220752373,finish=1604028064230124160,duration=9371787[0Ktravis_fold:end:before_install.6[0Ktravis_fold:start:before_install.7[0Ktravis_time:start:0b0e9bae[0K$ sh -e /etc/init.d/xvfb start
Starting virtual X frame buffer: Xvfb.

travis_time:end:0b0e9bae:start=1604028064240503575,finish=1604028064252530599,duration=12027024[0Ktravis_fold:end:before_install.7[0Ktravis_fold:start:before_install.8[0Ktravis_time:start:00131b08[0K$ PKGS="python=${PYTHON}"

travis_time:end:00131b08:start=1604028064262866214,finish=1604028064270628737,duration=7762523[0Ktravis_fold:end:before_install.8[0Ktravis_fold:start:before_install.9[0Ktravis_time:start:04a84aad[0K$ PKGS="${PKGS} numpy"; if [ ${NUMPY} ]; then PKGS="${PKGS}=${NUMPY}"; fi

travis_time:end:04a84aad:start=1604028064280693546,finish=1604028064288672822,duration=7979276[0Ktravis_fold:end:before_install.9[0Ktravis_fold:start:before_install.10[0Ktravis_time:start:1d84176e[0K$ PKGS="${PKGS} scipy"; if [ ${SCIPY} ]; then PKGS="${PKGS}=${SCIPY}"; fi

travis_time:end:1d84176e:start=1604028064298987226,finish=1604028064308414398,duration=9427172[0Ktravis_fold:end:before_install.10[0Ktravis_fold:start:before_install.11[0Ktravis_time:start:0ae3b8df[0K$ PKGS="${PKGS} patsy"; if [ ${PATSY} ]; then PKGS="${PKGS}=${PATSY}"; fi

travis_time:end:0ae3b8df:start=1604028064319698067,finish=1604028064328150845,duration=8452778[0Ktravis_fold:end:before_install.11[0Ktravis_fold:start:before_install.12[0Ktravis_time:start:02721b60[0K$ PKGS="${PKGS} pandas"; if [ ${PANDAS} ]; then PKGS="${PKGS}=${PANDAS}"; fi

travis_time:end:02721b60:start=1604028064338957603,finish=1604028064347694311,duration=8736708[0Ktravis_fold:end:before_install.12[0Ktravis_fold:start:before_install.13[0Ktravis_time:start:219955b8[0K$ PKGS="${PKGS} Cython"; if [ ${CYTHON} ]; then PKGS="${PKGS}=${CYTHON}"; fi

travis_time:end:219955b8:start=1604028064358846046,finish=1604028064366768468,duration=7922422[0Ktravis_fold:end:before_install.13[0Ktravis_fold:start:before_install.14[0Ktravis_time:start:08168ab4[0K$ PKGS="${PKGS} pip";

travis_time:end:08168ab4:start=1604028064377538919,finish=1604028064385637933,duration=8099014[0Ktravis_fold:end:before_install.14[0Ktravis_fold:start:install.1[0Ktravis_time:start:07f5f44e[0K$ conda create --yes --quiet -n pychron-test ${PKGS} ${OPTIONAL}
Collecting package metadata (current_repodata.json): ...working... done
Solving environment: ...working... failed with repodata from current_repodata.json, will retry with next repodata source.
Collecting package metadata (repodata.json): ...working... done
Solving environment: ...working... failed

PackagesNotFoundError: The following packages are not available from current channels:

  - patsy=0.2
  - pandas=0.12
  - cython=0.20

Current channels:

  - https://repo.anaconda.com/pkgs/main/linux-64
  - https://repo.anaconda.com/pkgs/main/noarch
  - https://repo.anaconda.com/pkgs/r/linux-64
  - https://repo.anaconda.com/pkgs/r/noarch

To search for alternate channels that may provide the conda package you're
looking for, navigate to

    https://anaconda.org

and use the search bar at the top of the page.



travis_time:end:07f5f44e:start=1604028064396885422,finish=1604028080757518567,duration=16360633145[0K
[31;1mThe command "conda create --yes --quiet -n pychron-test ${PKGS} ${OPTIONAL}" failed and exited with 1 during .[0m

Your build has been stopped.
