travis_fold:start:system_info[0K[33;1mBuild system information[0m
Build language: python
Build group: stable
Build dist: precise
Build id: ''
Job id: ''
[34m[1mBuild image provisioning date and time[0m
Thu Feb  5 15:09:33 UTC 2015
[34m[1mOperating System Details[0m
Distributor ID:	Ubuntu
Description:	Ubuntu 12.04.5 LTS
Release:	12.04
Codename:	precise
[34m[1mLinux Version[0m
3.13.0-29-generic
[34m[1mCookbooks Version[0m
a68419e https://github.com/travis-ci/travis-cookbooks/tree/a68419e
[34m[1mGCC version[0m
gcc (Ubuntu/Linaro 4.6.3-1ubuntu5) 4.6.3
Copyright (C) 2011 Free Software Foundation, Inc.
This is free software; see the source for copying conditions.  There is NO
warranty; not even for MERCHANTABILITY or FITNESS FOR A PARTICULAR PURPOSE.

[34m[1mLLVM version[0m
clang version 3.4 (tags/RELEASE_34/final)
Target: x86_64-unknown-linux-gnu
Thread model: posix
[34m[1mPre-installed Ruby versions[0m
ruby-1.9.3-p551
[34m[1mPre-installed Node.js versions[0m
v0.10.36
[34m[1mPre-installed Go versions[0m
1.4.1
[34m[1mRedis version[0m
redis-server 2.8.19
[34m[1mriak version[0m
2.0.2
[34m[1mMongoDB version[0m
MongoDB 2.4.12
[34m[1mCouchDB version[0m
couchdb 1.6.1
[34m[1mNeo4j version[0m
1.9.4
[34m[1mRabbitMQ Version[0m
3.4.3
[34m[1mElasticSearch version[0m
1.4.0
[34m[1mInstalled Sphinx versions[0m
2.0.10
2.1.9
2.2.6
[34m[1mDefault Sphinx version[0m
2.2.6
[34m[1mInstalled Firefox version[0m
firefox 31.0esr
[34m[1mPhantomJS version[0m
1.9.8
[34m[1mant -version[0m
Apache Ant(TM) version 1.8.2 compiled on December 3 2011
[34m[1mmvn -version[0m
Apache Maven 3.2.5 (12a6b3acb947671f09b81f49094c53f426d8cea1; 2014-12-14T17:29:23+00:00)
Maven home: /usr/local/maven
Java version: 1.7.0_76, vendor: Oracle Corporation
Java home: /usr/lib/jvm/java-7-oracle/jre
Default locale: en_US, platform encoding: ANSI_X3.4-1968
OS name: "linux", version: "3.13.0-29-generic", arch: "amd64", family: "unix"
travis_fold:end:system_info[0K
grep: /etc/apt/sources.list.d/*: No such file or directory
sed: cannot rename /etc/hosts: Device or resource busy
sed: cannot rename /etc/hosts: Device or resource busy
$ cd failed/NMGRL/pychron

[33;1mSetting environment variables from .travis.yml[0m
$ export CYTHON=0.20
$ export PATSY=0.2
$ export PANDAS=0.12
$ export COVERAGE=false
$ export PYTHON=2.7

travis_time:start:1cfa27a8[0K$ source ~/virtualenv/python2.7/bin/activate

travis_time:end:1cfa27a8:start=1604027988521458244,finish=1604027988531202552,duration=9744308[0K$ python --version
Python 2.7.9
$ pip --version
pip 6.0.7 from /home/travis/virtualenv/python2.7.9/lib/python2.7/site-packages (python 2.7)
travis_fold:start:before_install.1[0Ktravis_time:start:00dfa442[0K$ wget http://repo.continuum.io/miniconda/Miniconda2-latest-Linux-x86_64.sh -O miniconda.sh
--2020-10-30 03:19:48--  http://repo.continuum.io/miniconda/Miniconda2-latest-Linux-x86_64.sh
Resolving repo.continuum.io (repo.continuum.io)... 104.18.201.79, 104.18.200.79, 2606:4700::6812:c94f, ...
Connecting to repo.continuum.io (repo.continuum.io)|104.18.201.79|:80... connected.
HTTP request sent, awaiting response... 301 Moved Permanently
Location: https://repo.anaconda.com/miniconda/Miniconda2-latest-Linux-x86_64.sh [following]
--2020-10-30 03:19:48--  https://repo.anaconda.com/miniconda/Miniconda2-latest-Linux-x86_64.sh
Resolving repo.anaconda.com (repo.anaconda.com)... 104.16.131.3, 104.16.130.3, 2606:4700::6810:8303, ...
Connecting to repo.anaconda.com (repo.anaconda.com)|104.16.131.3|:443... connected.
HTTP request sent, awaiting response... 200 OK
Length: 51093759 (49M) [application/x-sh]
Saving to: `miniconda.sh'

     0K .......... .......... .......... .......... ..........  0% 59.0M 1s
    50K .......... .......... .......... .......... ..........  0% 7.16M 4s
   100K .......... .......... .......... .......... ..........  0% 7.86M 5s
   150K .......... .......... .......... .......... ..........  0%  116M 4s
   200K .......... .......... .......... .......... ..........  0% 71.6M 3s
   250K .......... .......... .......... .......... ..........  0%  131M 3s
   300K .......... .......... .......... .......... ..........  0% 9.17M 3s
   350K .......... .......... .......... .......... ..........  0% 97.8M 3s
   400K .......... .......... .......... .......... ..........  0%  152M 2s
   450K .......... .......... .......... .......... ..........  1% 92.5M 2s
   500K .......... .......... .......... .......... ..........  1%  128M 2s
   550K .......... .......... .......... .......... ..........  1% 70.0M 2s
   600K .......... .......... .......... .......... ..........  1%  103M 2s
   650K .......... .......... .......... .......... ..........  1%  135M 2s
   700K .......... .......... .......... .......... ..........  1% 14.5M 2s
   750K .......... .......... .......... .......... ..........  1% 76.9M 2s
   800K .......... .......... .......... .......... ..........  1% 76.1M 2s
   850K .......... .......... .......... .......... ..........  1%  169M 2s
   900K .......... .......... .......... .......... ..........  1%  168M 2s
   950K .......... .......... .......... .......... ..........  2% 52.2M 1s
  1000K .......... .......... .......... .......... ..........  2% 95.3M 1s
  1050K .......... .......... .......... .......... ..........  2%  126M 1s
  1100K .......... .......... .......... .......... ..........  2%  140M 1s
  1150K .......... .......... .......... .......... ..........  2%  111M 1s
  1200K .......... .......... .......... .......... ..........  2% 77.8M 1s
  1250K .......... .......... .......... .......... ..........  2%  116M 1s
  1300K .......... .......... .......... .......... ..........  2%  150M 1s
  1350K .......... .......... .......... .......... ..........  2%  133M 1s
  1400K .......... .......... .......... .......... ..........  2% 93.2M 1s
  1450K .......... .......... .......... .......... ..........  3%  108M 1s
  1500K .......... .......... .......... .......... ..........  3%  137M 1s
  1550K .......... .......... .......... .......... ..........  3% 26.4M 1s
  1600K .......... .......... .......... .......... ..........  3% 86.7M 1s
  1650K .......... .......... .......... .......... ..........  3%  160M 1s
  1700K .......... .......... .......... .......... ..........  3%  128M 1s
  1750K .......... .......... .......... .......... ..........  3% 90.8M 1s
  1800K .......... .......... .......... .......... ..........  3%  141M 1s
  1850K .......... .......... .......... .......... ..........  3%  101M 1s
  1900K .......... .......... .......... .......... ..........  3%  122M 1s
  1950K .......... .......... .......... .......... ..........  4% 93.2M 1s
  2000K .......... .......... .......... .......... ..........  4%  115M 1s
  2050K .......... .......... .......... .......... ..........  4% 97.5M 1s
  2100K .......... .......... .......... .......... ..........  4%  125M 1s
  2150K .......... .......... .......... .......... ..........  4%  124M 1s
  2200K .......... .......... .......... .......... ..........  4%  126M 1s
  2250K .......... .......... .......... .......... ..........  4%  133M 1s
  2300K .......... .......... .......... .......... ..........  4%  120M 1s
  2350K .......... .......... .......... .......... ..........  4% 93.4M 1s
  2400K .......... .......... .......... .......... ..........  4%  121M 1s
  2450K .......... .......... .......... .......... ..........  5%  121M 1s
  2500K .......... .......... .......... .......... ..........  5%  104M 1s
  2550K .......... .......... .......... .......... ..........  5%  104M 1s
  2600K .......... .......... .......... .......... ..........  5%  109M 1s
  2650K .......... .......... .......... .......... ..........  5%  115M 1s
  2700K .......... .......... .......... .......... ..........  5%  148M 1s
  2750K .......... .......... .......... .......... ..........  5% 95.3M 1s
  2800K .......... .......... .......... .......... ..........  5%  113M 1s
  2850K .......... .......... .......... .......... ..........  5%  110M 1s
  2900K .......... .......... .......... .......... ..........  5% 91.5M 1s
  2950K .......... .......... .......... .......... ..........  6%  106M 1s
  3000K .......... .......... .......... .......... ..........  6%  133M 1s
  3050K .......... .......... .......... .......... ..........  6%  163M 1s
  3100K .......... .......... .......... .......... ..........  6% 98.5M 1s
  3150K .......... .......... .......... .......... ..........  6%  109M 1s
  3200K .......... .......... .......... .......... ..........  6%  123M 1s
  3250K .......... .......... .......... .......... ..........  6%  113M 1s
  3300K .......... .......... .......... .......... ..........  6%  117M 1s
  3350K .......... .......... .......... .......... ..........  6% 88.6M 1s
  3400K .......... .......... .......... .......... ..........  6%  111M 1s
  3450K .......... .......... .......... .......... ..........  7%  114M 1s
  3500K .......... .......... .......... .......... ..........  7%  129M 1s
  3550K .......... .......... .......... .......... ..........  7%  109M 1s
  3600K .......... .......... .......... .......... ..........  7%  118M 1s
  3650K .......... .......... .......... .......... ..........  7%  117M 1s
  3700K .......... .......... .......... .......... ..........  7%  128M 1s
  3750K .......... .......... .......... .......... ..........  7%  105M 1s
  3800K .......... .......... .......... .......... ..........  7%  103M 1s
  3850K .......... .......... .......... .......... ..........  7%  118M 1s
  3900K .......... .......... .......... .......... ..........  7%  135M 1s
  3950K .......... .......... .......... .......... ..........  8% 95.5M 1s
  4000K .......... .......... .......... .......... ..........  8%  123M 1s
  4050K .......... .......... .......... .......... ..........  8% 99.6M 1s
  4100K .......... .......... .......... .......... ..........  8%  113M 1s
  4150K .......... .......... .......... .......... ..........  8%  121M 1s
  4200K .......... .......... .......... .......... ..........  8% 87.9M 1s
  4250K .......... .......... .......... .......... ..........  8% 89.0M 1s
  4300K .......... .......... .......... .......... ..........  8% 99.8M 1s
  4350K .......... .......... .......... .......... ..........  8%  103M 1s
  4400K .......... .......... .......... .......... ..........  8%  151M 1s
  4450K .......... .......... .......... .......... ..........  9%  140M 1s
  4500K .......... .......... .......... .......... ..........  9%  140M 1s
  4550K .......... .......... .......... .......... ..........  9%  130M 1s
  4600K .......... .......... .......... .......... ..........  9%  110M 1s
  4650K .......... .......... .......... .......... ..........  9%  124M 1s
  4700K .......... .......... .......... .......... ..........  9%  109M 1s
  4750K .......... .......... .......... .......... ..........  9% 86.0M 1s
  4800K .......... .......... .......... .......... ..........  9%  137M 1s
  4850K .......... .......... .......... .......... ..........  9%  121M 1s
  4900K .......... .......... .......... .......... ..........  9%  124M 1s
  4950K .......... .......... .......... .......... .......... 10%  113M 1s
  5000K .......... .......... .......... .......... .......... 10%  106M 1s
  5050K .......... .......... .......... .......... .......... 10%  118M 1s
  5100K .......... .......... .......... .......... .......... 10%  118M 1s
  5150K .......... .......... .......... .......... .......... 10% 81.4M 1s
  5200K .......... .......... .......... .......... .......... 10% 88.2M 1s
  5250K .......... .......... .......... .......... .......... 10%  106M 1s
  5300K .......... .......... .......... .......... .......... 10%  128M 1s
  5350K .......... .......... .......... .......... .......... 10%  117M 1s
  5400K .......... .......... .......... .......... .......... 10%  145M 1s
  5450K .......... .......... .......... .......... .......... 11%  136M 1s
  5500K .......... .......... .......... .......... .......... 11%  131M 1s
  5550K .......... .......... .......... .......... .......... 11% 97.5M 1s
  5600K .......... .......... .......... .......... .......... 11%  111M 1s
  5650K .......... .......... .......... .......... .......... 11%  107M 1s
  5700K .......... .......... .......... .......... .......... 11%  138M 1s
  5750K .......... .......... .......... .......... .......... 11%  115M 1s
  5800K .......... .......... .......... .......... .......... 11%  113M 1s
  5850K .......... .......... .......... .......... .......... 11%  116M 1s
  5900K .......... .......... .......... .......... .......... 11%  103M 1s
  5950K .......... .......... .......... .......... .......... 12% 90.9M 1s
  6000K .......... .......... .......... .......... .......... 12%  132M 1s
  6050K .......... .......... .......... .......... .......... 12%  114M 1s
  6100K .......... .......... .......... .......... .......... 12%  125M 1s
  6150K .......... .......... .......... .......... .......... 12%  105M 1s
  6200K .......... .......... .......... .......... .......... 12%  109M 1s
  6250K .......... .......... .......... .......... .......... 12%  109M 1s
  6300K .......... .......... .......... .......... .......... 12%  116M 1s
  6350K .......... .......... .......... .......... .......... 12%  117M 1s
  6400K .......... .......... .......... .......... .......... 12%  115M 1s
  6450K .......... .......... .......... .......... .......... 13%  118M 1s
  6500K .......... .......... .......... .......... .......... 13%  108M 1s
  6550K .......... .......... .......... .......... .......... 13% 96.5M 1s
  6600K .......... .......... .......... .......... .......... 13%  110M 1s
  6650K .......... .......... .......... .......... .......... 13%  140M 1s
  6700K .......... .......... .......... .......... .......... 13%  125M 1s
  6750K .......... .......... .......... .......... .......... 13% 81.5M 1s
  6800K .......... .......... .......... .......... .......... 13%  112M 1s
  6850K .......... .......... .......... .......... .......... 13%  143M 1s
  6900K .......... .......... .......... .......... .......... 13%  120M 1s
  6950K .......... .......... .......... .......... .......... 14%  114M 1s
  7000K .......... .......... .......... .......... .......... 14%  125M 1s
  7050K .......... .......... .......... .......... .......... 14%  102M 1s
  7100K .......... .......... .......... .......... .......... 14%  108M 1s
  7150K .......... .......... .......... .......... .......... 14%  101M 1s
  7200K .......... .......... .......... .......... .......... 14%  130M 1s
  7250K .......... .......... .......... .......... .......... 14%  124M 1s
  7300K .......... .......... .......... .......... .......... 14%  101M 1s
  7350K .......... .......... .......... .......... .......... 14%  112M 0s
  7400K .......... .......... .......... .......... .......... 14%  116M 0s
  7450K .......... .......... .......... .......... .......... 15%  113M 0s
  7500K .......... .......... .......... .......... .......... 15% 96.6M 0s
  7550K .......... .......... .......... .......... .......... 15% 89.2M 0s
  7600K .......... .......... .......... .......... .......... 15%  145M 0s
  7650K .......... .......... .......... .......... .......... 15%  143M 0s
  7700K .......... .......... .......... .......... .......... 15%  122M 0s
  7750K .......... .......... .......... .......... .......... 15%  111M 0s
  7800K .......... .......... .......... .......... .......... 15%  101M 0s
  7850K .......... .......... .......... .......... .......... 15%  109M 0s
  7900K .......... .......... .......... .......... .......... 15%  109M 0s
  7950K .......... .......... .......... .......... .......... 16%  104M 0s
  8000K .......... .......... .......... .......... .......... 16%  143M 0s
  8050K .......... .......... .......... .......... .......... 16%  113M 0s
  8100K .......... .......... .......... .......... .......... 16%  112M 0s
  8150K .......... .......... .......... .......... .......... 16%  104M 0s
  8200K .......... .......... .......... .......... .......... 16%  122M 0s
  8250K .......... .......... .......... .......... .......... 16%  123M 0s
  8300K .......... .......... .......... .......... .......... 16% 92.2M 0s
  8350K .......... .......... .......... .......... .......... 16%  105M 0s
  8400K .......... .......... .......... .......... .......... 16%  131M 0s
  8450K .......... .......... .......... .......... .......... 17%  127M 0s
  8500K .......... .......... .......... .......... .......... 17%  109M 0s
  8550K .......... .......... .......... .......... .......... 17%  103M 0s
  8600K .......... .......... .......... .......... .......... 17%  116M 0s
  8650K .......... .......... .......... .......... .......... 17%  111M 0s
  8700K .......... .......... .......... .......... .......... 17%  141M 0s
  8750K .......... .......... .......... .......... .......... 17% 99.5M 0s
  8800K .......... .......... .......... .......... .......... 17%  122M 0s
  8850K .......... .......... .......... .......... .......... 17%  116M 0s
  8900K .......... .......... .......... .......... .......... 17%  109M 0s
  8950K .......... .......... .......... .......... .......... 18% 95.2M 0s
  9000K .......... .......... .......... .......... .......... 18%  119M 0s
  9050K .......... .......... .......... .......... .......... 18%  117M 0s
  9100K .......... .......... .......... .......... .......... 18%  115M 0s
  9150K .......... .......... .......... .......... .......... 18%  115M 0s
  9200K .......... .......... .......... .......... .......... 18%  110M 0s
  9250K .......... .......... .......... .......... .......... 18%  122M 0s
  9300K .......... .......... .......... .......... .......... 18%  111M 0s
  9350K .......... .......... .......... .......... .......... 18% 85.0M 0s
  9400K .......... .......... .......... .......... .......... 18%  106M 0s
  9450K .......... .......... .......... .......... .......... 19%  134M 0s
  9500K .......... .......... .......... .......... .......... 19%  134M 0s
  9550K .......... .......... .......... .......... .......... 19%  121M 0s
  9600K .......... .......... .......... .......... .......... 19%  126M 0s
  9650K .......... .......... .......... .......... .......... 19% 97.6M 0s
  9700K .......... .......... .......... .......... .......... 19%  120M 0s
  9750K .......... .......... .......... .......... .......... 19% 92.0M 0s
  9800K .......... .......... .......... .......... .......... 19%  116M 0s
  9850K .......... .......... .......... .......... .......... 19%  103M 0s
  9900K .......... .......... .......... .......... .......... 19%  123M 0s
  9950K .......... .......... .......... .......... .......... 20%  129M 0s
 10000K .......... .......... .......... .......... .......... 20%  109M 0s
 10050K .......... .......... .......... .......... .......... 20%  120M 0s
 10100K .......... .......... .......... .......... .......... 20%  105M 0s
 10150K .......... .......... .......... .......... .......... 20% 90.4M 0s
 10200K .......... .......... .......... .......... .......... 20%  130M 0s
 10250K .......... .......... .......... .......... .......... 20%  122M 0s
 10300K .......... .......... .......... .......... .......... 20%  130M 0s
 10350K .......... .......... .......... .......... .......... 20% 95.5M 0s
 10400K .......... .......... .......... .......... .......... 20%  122M 0s
 10450K .......... .......... .......... .......... .......... 21%  115M 0s
 10500K .......... .......... .......... .......... .......... 21%  116M 0s
 10550K .......... .......... .......... .......... .......... 21% 86.5M 0s
 10600K .......... .......... .......... .......... .......... 21%  107M 0s
 10650K .......... .......... .......... .......... .......... 21%  136M 0s
 10700K .......... .......... .......... .......... .......... 21%  130M 0s
 10750K .......... .......... .......... .......... .......... 21%  105M 0s
 10800K .......... .......... .......... .......... .......... 21%  122M 0s
 10850K .......... .......... .......... .......... .......... 21%  103M 0s
 10900K .......... .......... .......... .......... .......... 21%  107M 0s
 10950K .......... .......... .......... .......... .......... 22% 90.5M 0s
 11000K .......... .......... .......... .......... .......... 22%  132M 0s
 11050K .......... .......... .......... .......... .......... 22%  142M 0s
 11100K .......... .......... .......... .......... .......... 22%  126M 0s
 11150K .......... .......... .......... .......... .......... 22%  111M 0s
 11200K .......... .......... .......... .......... .......... 22%  102M 0s
 11250K .......... .......... .......... .......... .......... 22%  111M 0s
 11300K .......... .......... .......... .......... .......... 22%  115M 0s
 11350K .......... .......... .......... .......... .......... 22%  106M 0s
 11400K .......... .......... .......... .......... .......... 22%  111M 0s
 11450K .......... .......... .......... .......... .......... 23%  114M 0s
 11500K .......... .......... .......... .......... .......... 23%  121M 0s
 11550K .......... .......... .......... .......... .......... 23%  109M 0s
 11600K .......... .......... .......... .......... .......... 23%  125M 0s
 11650K .......... .......... .......... .......... .......... 23%  101M 0s
 11700K .......... .......... .......... .......... .......... 23%  110M 0s
 11750K .......... .......... .......... .......... .......... 23%  104M 0s
 11800K .......... .......... .......... .......... .......... 23%  129M 0s
 11850K .......... .......... .......... .......... .......... 23%  121M 0s
 11900K .......... .......... .......... .......... .......... 23%  102M 0s
 11950K .......... .......... .......... .......... .......... 24%  107M 0s
 12000K .......... .......... .......... .......... .......... 24%  114M 0s
 12050K .......... .......... .......... .......... .......... 24%  144M 0s
 12100K .......... .......... .......... .......... .......... 24% 98.8M 0s
 12150K .......... .......... .......... .......... .......... 24% 97.2M 0s
 12200K .......... .......... .......... .......... .......... 24%  121M 0s
 12250K .......... .......... .......... .......... .......... 24%  116M 0s
 12300K .......... .......... .......... .......... .......... 24%  129M 0s
 12350K .......... .......... .......... .......... .......... 24% 92.4M 0s
 12400K .......... .......... .......... .......... .......... 24%  110M 0s
 12450K .......... .......... .......... .......... .......... 25%  128M 0s
 12500K .......... .......... .......... .......... .......... 25%  136M 0s
 12550K .......... .......... .......... .......... .......... 25% 98.5M 0s
 12600K .......... .......... .......... .......... .......... 25%  123M 0s
 12650K .......... .......... .......... .......... .......... 25%  105M 0s
 12700K .......... .......... .......... .......... .......... 25%  122M 0s
 12750K .......... .......... .......... .......... .......... 25%  111M 0s
 12800K .......... .......... .......... .......... .......... 25%  110M 0s
 12850K .......... .......... .......... .......... .......... 25%  106M 0s
 12900K .......... .......... .......... .......... .......... 25%  107M 0s
 12950K .......... .......... .......... .......... .......... 26%  115M 0s
 13000K .......... .......... .......... .......... .......... 26%  124M 0s
 13050K .......... .......... .......... .......... .......... 26%  109M 0s
 13100K .......... .......... .......... .......... .......... 26%  122M 0s
 13150K .......... .......... .......... .......... .......... 26% 99.9M 0s
 13200K .......... .......... .......... .......... .......... 26%  108M 0s
 13250K .......... .......... .......... .......... .......... 26%  128M 0s
 13300K .......... .......... .......... .......... .......... 26%  137M 0s
 13350K .......... .......... .......... .......... .......... 26% 97.6M 0s
 13400K .......... .......... .......... .......... .......... 26% 97.3M 0s
 13450K .......... .......... .......... .......... .......... 27%  106M 0s
 13500K .......... .......... .......... .......... .......... 27% 97.9M 0s
 13550K .......... .......... .......... .......... .......... 27%  105M 0s
 13600K .......... .......... .......... .......... .......... 27%  143M 0s
 13650K .......... .......... .......... .......... .......... 27%  155M 0s
 13700K .......... .......... .......... .......... .......... 27%  109M 0s
 13750K .......... .......... .......... .......... .......... 27% 89.7M 0s
 13800K .......... .......... .......... .......... .......... 27%  129M 0s
 13850K .......... .......... .......... .......... .......... 27%  104M 0s
 13900K .......... .......... .......... .......... .......... 27% 96.2M 0s
 13950K .......... .......... .......... .......... .......... 28%  104M 0s
 14000K .......... .......... .......... .......... .......... 28%  173M 0s
 14050K .......... .......... .......... .......... .......... 28%  125M 0s
 14100K .......... .......... .......... .......... .......... 28%  109M 0s
 14150K .......... .......... .......... .......... .......... 28% 88.8M 0s
 14200K .......... .......... .......... .......... .......... 28%  134M 0s
 14250K .......... .......... .......... .......... .......... 28%  127M 0s
 14300K .......... .......... .......... .......... .......... 28%  118M 0s
 14350K .......... .......... .......... .......... .......... 28% 97.9M 0s
 14400K .......... .......... .......... .......... .......... 28% 95.9M 0s
 14450K .......... .......... .......... .......... .......... 29%  129M 0s
 14500K .......... .......... .......... .......... .......... 29%  157M 0s
 14550K .......... .......... .......... .......... .......... 29% 84.1M 0s
 14600K .......... .......... .......... .......... .......... 29%  119M 0s
 14650K .......... .......... .......... .......... .......... 29%  129M 0s
 14700K .......... .......... .......... .......... .......... 29%  116M 0s
 14750K .......... .......... .......... .......... .......... 29%  104M 0s
 14800K .......... .......... .......... .......... .......... 29%  118M 0s
 14850K .......... .......... .......... .......... .......... 29% 95.9M 0s
 14900K .......... .......... .......... .......... .......... 29%  117M 0s
 14950K .......... .......... .......... .......... .......... 30%  120M 0s
 15000K .......... .......... .......... .......... .......... 30%  128M 0s
 15050K .......... .......... .......... .......... .......... 30%  108M 0s
 15100K .......... .......... .......... .......... .......... 30%  114M 0s
 15150K .......... .......... .......... .......... .......... 30%  114M 0s
 15200K .......... .......... .......... .......... .......... 30%  114M 0s
 15250K .......... .......... .......... .......... .......... 30%  109M 0s
 15300K .......... .......... .......... .......... .......... 30%  111M 0s
 15350K .......... .......... .......... .......... .......... 30%  105M 0s
 15400K .......... .......... .......... .......... .......... 30%  122M 0s
 15450K .......... .......... .......... .......... .......... 31%  116M 0s
 15500K .......... .......... .......... .......... .......... 31%  113M 0s
 15550K .......... .......... .......... .......... .......... 31% 99.8M 0s
 15600K .......... .......... .......... .......... .......... 31%  103M 0s
 15650K .......... .......... .......... .......... .......... 31%  137M 0s
 15700K .......... .......... .......... .......... .......... 31%  126M 0s
 15750K .......... .......... .......... .......... .......... 31%  104M 0s
 15800K .......... .......... .......... .......... .......... 31% 98.8M 0s
 15850K .......... .......... .......... .......... .......... 31%  102M 0s
 15900K .......... .......... .......... .......... .......... 31%  103M 0s
 15950K .......... .......... .......... .......... .......... 32%  119M 0s
 16000K .......... .......... .......... .......... .......... 32%  153M 0s
 16050K .......... .......... .......... .......... .......... 32%  115M 0s
 16100K .......... .......... .......... .......... .......... 32%  133M 0s
 16150K .......... .......... .......... .......... .......... 32% 89.8M 0s
 16200K .......... .......... .......... .......... .......... 32%  116M 0s
 16250K .......... .......... .......... .......... .......... 32%  115M 0s
 16300K .......... .......... .......... .......... .......... 32%  118M 0s
 16350K .......... .......... .......... .......... .......... 32% 98.9M 0s
 16400K .......... .......... .......... .......... .......... 32%  113M 0s
 16450K .......... .......... .......... .......... .......... 33%  140M 0s
 16500K .......... .......... .......... .......... .......... 33%  129M 0s
 16550K .......... .......... .......... .......... .......... 33% 86.2M 0s
 16600K .......... .......... .......... .......... .......... 33%  103M 0s
 16650K .......... .......... .......... .......... .......... 33%  102M 0s
 16700K .......... .......... .......... .......... .......... 33%  105M 0s
 16750K .......... .......... .......... .......... .......... 33%  139M 0s
 16800K .......... .......... .......... .......... .......... 33%  144M 0s
 16850K .......... .......... .......... .......... .......... 33%  112M 0s
 16900K .......... .......... .......... .......... .......... 33%  121M 0s
 16950K .......... .......... .......... .......... .......... 34% 97.1M 0s
 17000K .......... .......... .......... .......... .......... 34%  114M 0s
 17050K .......... .......... .......... .......... .......... 34%  114M 0s
 17100K .......... .......... .......... .......... .......... 34%  112M 0s
 17150K .......... .......... .......... .......... .......... 34% 91.3M 0s
 17200K .......... .......... .......... .......... .......... 34%  107M 0s
 17250K .......... .......... .......... .......... .......... 34%  127M 0s
 17300K .......... .......... .......... .......... .......... 34%  162M 0s
 17350K .......... .......... .......... .......... .......... 34% 97.5M 0s
 17400K .......... .......... .......... .......... .......... 34%  121M 0s
 17450K .......... .......... .......... .......... .......... 35%  109M 0s
 17500K .......... .......... .......... .......... .......... 35%  115M 0s
 17550K .......... .......... .......... .......... .......... 35%  106M 0s
 17600K .......... .......... .......... .......... .......... 35%  110M 0s
 17650K .......... .......... .......... .......... .......... 35% 96.7M 0s
 17700K .......... .......... .......... .......... .......... 35%  141M 0s
 17750K .......... .......... .......... .......... .......... 35%  107M 0s
 17800K .......... .......... .......... .......... .......... 35%  118M 0s
 17850K .......... .......... .......... .......... .......... 35%  115M 0s
 17900K .......... .......... .......... .......... .......... 35%  108M 0s
 17950K .......... .......... .......... .......... .......... 36%  103M 0s
 18000K .......... .......... .......... .......... .......... 36%  109M 0s
 18050K .......... .......... .......... .......... .......... 36%  148M 0s
 18100K .......... .......... .......... .......... .......... 36%  126M 0s
 18150K .......... .......... .......... .......... .......... 36% 95.8M 0s
 18200K .......... .......... .......... .......... .......... 36%  110M 0s
 18250K .......... .......... .......... .......... .......... 36%  115M 0s
 18300K .......... .......... .......... .......... .......... 36%  122M 0s
 18350K .......... .......... .......... .......... .......... 36%  102M 0s
 18400K .......... .......... .......... .......... .......... 36%  112M 0s
 18450K .......... .......... .......... .......... .......... 37%  115M 0s
 18500K .......... .......... .......... .......... .......... 37%  132M 0s
 18550K .......... .......... .......... .......... .......... 37% 95.4M 0s
 18600K .......... .......... .......... .......... .......... 37%  121M 0s
 18650K .......... .......... .......... .......... .......... 37%  101M 0s
 18700K .......... .......... .......... .......... .......... 37%  109M 0s
 18750K .......... .......... .......... .......... .......... 37%  102M 0s
 18800K .......... .......... .......... .......... .......... 37%  154M 0s
 18850K .......... .......... .......... .......... .......... 37%  128M 0s
 18900K .......... .......... .......... .......... .......... 37%  109M 0s
 18950K .......... .......... .......... .......... .......... 38% 92.5M 0s
 19000K .......... .......... .......... .......... .......... 38%  112M 0s
 19050K .......... .......... .......... .......... .......... 38%  104M 0s
 19100K .......... .......... .......... .......... .......... 38%  114M 0s
 19150K .......... .......... .......... .......... .......... 38% 98.2M 0s
 19200K .......... .......... .......... .......... .......... 38%  160M 0s
 19250K .......... .......... .......... .......... .......... 38%  126M 0s
 19300K .......... .......... .......... .......... .......... 38%  118M 0s
 19350K .......... .......... .......... .......... .......... 38% 88.0M 0s
 19400K .......... .......... .......... .......... .......... 38%  122M 0s
 19450K .......... .......... .......... .......... .......... 39%  122M 0s
 19500K .......... .......... .......... .......... .......... 39%  120M 0s
 19550K .......... .......... .......... .......... .......... 39%  113M 0s
 19600K .......... .......... .......... .......... .......... 39%  104M 0s
 19650K .......... .......... .......... .......... .......... 39%  116M 0s
 19700K .......... .......... .......... .......... .......... 39%  114M 0s
 19750K .......... .......... .......... .......... .......... 39% 97.0M 0s
 19800K .......... .......... .......... .......... .......... 39%  122M 0s
 19850K .......... .......... .......... .......... .......... 39%  108M 0s
 19900K .......... .......... .......... .......... .......... 39%  128M 0s
 19950K .......... .......... .......... .......... .......... 40%  103M 0s
 20000K .......... .......... .......... .......... .......... 40%  122M 0s
 20050K .......... .......... .......... .......... .......... 40%  122M 0s
 20100K .......... .......... .......... .......... .......... 40% 91.2M 0s
 20150K .......... .......... .......... .......... .......... 40% 68.6M 0s
 20200K .......... .......... .......... .......... .......... 40% 88.4M 0s
 20250K .......... .......... .......... .......... .......... 40%  129M 0s
 20300K .......... .......... .......... .......... .......... 40%  132M 0s
 20350K .......... .......... .......... .......... .......... 40%  109M 0s
 20400K .......... .......... .......... .......... .......... 40%  130M 0s
 20450K .......... .......... .......... .......... .......... 41%  131M 0s
 20500K .......... .......... .......... .......... .......... 41%  127M 0s
 20550K .......... .......... .......... .......... .......... 41%  105M 0s
 20600K .......... .......... .......... .......... .......... 41%  133M 0s
 20650K .......... .......... .......... .......... .......... 41%  131M 0s
 20700K .......... .......... .......... .......... .......... 41%  131M 0s
 20750K .......... .......... .......... .......... .......... 41%  120M 0s
 20800K .......... .......... .......... .......... .......... 41%  114M 0s
 20850K .......... .......... .......... .......... .......... 41%  107M 0s
 20900K .......... .......... .......... .......... .......... 41%  122M 0s
 20950K .......... .......... .......... .......... .......... 42% 90.9M 0s
 21000K .......... .......... .......... .......... .......... 42% 98.6M 0s
 21050K .......... .......... .......... .......... .......... 42%  105M 0s
 21100K .......... .......... .......... .......... .......... 42%  103M 0s
 21150K .......... .......... .......... .......... .......... 42%  133M 0s
 21200K .......... .......... .......... .......... .......... 42%  147M 0s
 21250K .......... .......... .......... .......... .......... 42%  133M 0s
 21300K .......... .......... .......... .......... .......... 42%  123M 0s
 21350K .......... .......... .......... .......... .......... 42% 95.9M 0s
 21400K .......... .......... .......... .......... .......... 42% 99.2M 0s
 21450K .......... .......... .......... .......... .......... 43%  120M 0s
 21500K .......... .......... .......... .......... .......... 43%  139M 0s
 21550K .......... .......... .......... .......... .......... 43%  104M 0s
 21600K .......... .......... .......... .......... .......... 43%  123M 0s
 21650K .......... .......... .......... .......... .......... 43% 81.7M 0s
 21700K .......... .......... .......... .......... .......... 43% 89.4M 0s
 21750K .......... .......... .......... .......... .......... 43% 69.8M 0s
 21800K .......... .......... .......... .......... .......... 43%  127M 0s
 21850K .......... .......... .......... .......... .......... 43%  151M 0s
 21900K .......... .......... .......... .......... .......... 43%  142M 0s
 21950K .......... .......... .......... .......... .......... 44%  132M 0s
 22000K .......... .......... .......... .......... .......... 44%  146M 0s
 22050K .......... .......... .......... .......... .......... 44%  153M 0s
 22100K .......... .......... .......... .......... .......... 44%  124M 0s
 22150K .......... .......... .......... .......... .......... 44% 90.7M 0s
 22200K .......... .......... .......... .......... .......... 44%  122M 0s
 22250K .......... .......... .......... .......... .......... 44%  110M 0s
 22300K .......... .......... .......... .......... .......... 44%  110M 0s
 22350K .......... .......... .......... .......... .......... 44%  121M 0s
 22400K .......... .......... .......... .......... .......... 44%  122M 0s
 22450K .......... .......... .......... .......... .......... 45% 90.5M 0s
 22500K .......... .......... .......... .......... .......... 45%  121M 0s
 22550K .......... .......... .......... .......... .......... 45%  109M 0s
 22600K .......... .......... .......... .......... .......... 45% 91.3M 0s
 22650K .......... .......... .......... .......... .......... 45%  118M 0s
 22700K .......... .......... .......... .......... .......... 45%  113M 0s
 22750K .......... .......... .......... .......... .......... 45%  123M 0s
 22800K .......... .......... .......... .......... .......... 45%  136M 0s
 22850K .......... .......... .......... .......... .......... 45%  123M 0s
 22900K .......... .......... .......... .......... .......... 45%  119M 0s
 22950K .......... .......... .......... .......... .......... 46% 94.5M 0s
 23000K .......... .......... .......... .......... .......... 46% 93.9M 0s
 23050K .......... .......... .......... .......... .......... 46% 92.4M 0s
 23100K .......... .......... .......... .......... .......... 46%  133M 0s
 23150K .......... .......... .......... .......... .......... 46%  114M 0s
 23200K .......... .......... .......... .......... .......... 46%  132M 0s
 23250K .......... .......... .......... .......... .......... 46%  125M 0s
 23300K .......... .......... .......... .......... .......... 46%  134M 0s
 23350K .......... .......... .......... .......... .......... 46%  101M 0s
 23400K .......... .......... .......... .......... .......... 46%  109M 0s
 23450K .......... .......... .......... .......... .......... 47%  123M 0s
 23500K .......... .......... .......... .......... .......... 47%  122M 0s
 23550K .......... .......... .......... .......... .......... 47% 94.0M 0s
 23600K .......... .......... .......... .......... .......... 47%  109M 0s
 23650K .......... .......... .......... .......... .......... 47%  121M 0s
 23700K .......... .......... .......... .......... .......... 47%  138M 0s
 23750K .......... .......... .......... .......... .......... 47% 98.6M 0s
 23800K .......... .......... .......... .......... .......... 47%  104M 0s
 23850K .......... .......... .......... .......... .......... 47%  108M 0s
 23900K .......... .......... .......... .......... .......... 47% 84.6M 0s
 23950K .......... .......... .......... .......... .......... 48% 81.2M 0s
 24000K .......... .......... .......... .......... .......... 48%  120M 0s
 24050K .......... .......... .......... .......... .......... 48%  126M 0s
 24100K .......... .......... .......... .......... .......... 48%  133M 0s
 24150K .......... .......... .......... .......... .......... 48%  106M 0s
 24200K .......... .......... .......... .......... .......... 48% 6.81M 0s
 24250K .......... .......... .......... .......... .......... 48%  110M 0s
 24300K .......... .......... .......... .......... .......... 48%  118M 0s
 24350K .......... .......... .......... .......... .......... 48%  108M 0s
 24400K .......... .......... .......... .......... .......... 49%  114M 0s
 24450K .......... .......... .......... .......... .......... 49% 63.2M 0s
 24500K .......... .......... .......... .......... .......... 49%  113M 0s
 24550K .......... .......... .......... .......... .......... 49% 94.5M 0s
 24600K .......... .......... .......... .......... .......... 49%  120M 0s
 24650K .......... .......... .......... .......... .......... 49%  124M 0s
 24700K .......... .......... .......... .......... .......... 49% 88.1M 0s
 24750K .......... .......... .......... .......... .......... 49% 78.9M 0s
 24800K .......... .......... .......... .......... .......... 49% 87.8M 0s
 24850K .......... .......... .......... .......... .......... 49%  135M 0s
 24900K .......... .......... .......... .......... .......... 50%  129M 0s
 24950K .......... .......... .......... .......... .......... 50%  111M 0s
 25000K .......... .......... .......... .......... .......... 50%  132M 0s
 25050K .......... .......... .......... .......... .......... 50%  126M 0s
 25100K .......... .......... .......... .......... .......... 50%  127M 0s
 25150K .......... .......... .......... .......... .......... 50%  125M 0s
 25200K .......... .......... .......... .......... .......... 50%  134M 0s
 25250K .......... .......... .......... .......... .......... 50%  124M 0s
 25300K .......... .......... .......... .......... .......... 50% 97.0M 0s
 25350K .......... .......... .......... .......... .......... 50% 98.0M 0s
 25400K .......... .......... .......... .......... .......... 51%  135M 0s
 25450K .......... .......... .......... .......... .......... 51%  130M 0s
 25500K .......... .......... .......... .......... .......... 51% 86.8M 0s
 25550K .......... .......... .......... .......... .......... 51% 71.5M 0s
 25600K .......... .......... .......... .......... .......... 51% 81.9M 0s
 25650K .......... .......... .......... .......... .......... 51% 92.4M 0s
 25700K .......... .......... .......... .......... .......... 51%  131M 0s
 25750K .......... .......... .......... .......... .......... 51%  108M 0s
 25800K .......... .......... .......... .......... .......... 51%  125M 0s
 25850K .......... .......... .......... .......... .......... 51%  126M 0s
 25900K .......... .......... .......... .......... .......... 52%  126M 0s
 25950K .......... .......... .......... .......... .......... 52%  106M 0s
 26000K .......... .......... .......... .......... .......... 52%  127M 0s
 26050K .......... .......... .......... .......... .......... 52%  128M 0s
 26100K .......... .......... .......... .......... .......... 52%  129M 0s
 26150K .......... .......... .......... .......... .......... 52%  102M 0s
 26200K .......... .......... .......... .......... .......... 52%  129M 0s
 26250K .......... .......... .......... .......... .......... 52%  124M 0s
 26300K .......... .......... .......... .......... .......... 52%  130M 0s
 26350K .......... .......... .......... .......... .......... 52%  119M 0s
 26400K .......... .......... .......... .......... .......... 53%  123M 0s
 26450K .......... .......... .......... .......... .......... 53%  115M 0s
 26500K .......... .......... .......... .......... .......... 53%  157M 0s
 26550K .......... .......... .......... .......... .......... 53%  102M 0s
 26600K .......... .......... .......... .......... .......... 53%  124M 0s
 26650K .......... .......... .......... .......... .......... 53%  116M 0s
 26700K .......... .......... .......... .......... .......... 53%  128M 0s
 26750K .......... .......... .......... .......... .......... 53% 96.5M 0s
 26800K .......... .......... .......... .......... .......... 53%  107M 0s
 26850K .......... .......... .......... .......... .......... 53%  108M 0s
 26900K .......... .......... .......... .......... .......... 54%  106M 0s
 26950K .......... .......... .......... .......... .......... 54%  102M 0s
 27000K .......... .......... .......... .......... .......... 54%  123M 0s
 27050K .......... .......... .......... .......... .......... 54%  121M 0s
 27100K .......... .......... .......... .......... .......... 54%  123M 0s
 27150K .......... .......... .......... .......... .......... 54%  120M 0s
 27200K .......... .......... .......... .......... .......... 54% 77.4M 0s
 27250K .......... .......... .......... .......... .......... 54% 91.0M 0s
 27300K .......... .......... .......... .......... .......... 54%  101M 0s
 27350K .......... .......... .......... .......... .......... 54%  109M 0s
 27400K .......... .......... .......... .......... .......... 55%  152M 0s
 27450K .......... .......... .......... .......... .......... 55%  146M 0s
 27500K .......... .......... .......... .......... .......... 55%  133M 0s
 27550K .......... .......... .......... .......... .......... 55%  132M 0s
 27600K .......... .......... .......... .......... .......... 55%  105M 0s
 27650K .......... .......... .......... .......... .......... 55% 95.6M 0s
 27700K .......... .......... .......... .......... .......... 55%  124M 0s
 27750K .......... .......... .......... .......... .......... 55%  121M 0s
 27800K .......... .......... .......... .......... .......... 55%  131M 0s
 27850K .......... .......... .......... .......... .......... 55%  118M 0s
 27900K .......... .......... .......... .......... .......... 56%  102M 0s
 27950K .......... .......... .......... .......... .......... 56%  121M 0s
 28000K .......... .......... .......... .......... .......... 56%  121M 0s
 28050K .......... .......... .......... .......... .......... 56%  117M 0s
 28100K .......... .......... .......... .......... .......... 56%  113M 0s
 28150K .......... .......... .......... .......... .......... 56% 97.0M 0s
 28200K .......... .......... .......... .......... .......... 56%  122M 0s
 28250K .......... .......... .......... .......... .......... 56% 81.0M 0s
 28300K .......... .......... .......... .......... .......... 56%  104M 0s
 28350K .......... .......... .......... .......... .......... 56%  100M 0s
 28400K .......... .......... .......... .......... .......... 57%  135M 0s
 28450K .......... .......... .......... .......... .......... 57%  162M 0s
 28500K .......... .......... .......... .......... .......... 57%  123M 0s
 28550K .......... .......... .......... .......... .......... 57%  109M 0s
 28600K .......... .......... .......... .......... .......... 57%  103M 0s
 28650K .......... .......... .......... .......... .......... 57%  105M 0s
 28700K .......... .......... .......... .......... .......... 57%  126M 0s
 28750K .......... .......... .......... .......... .......... 57%  109M 0s
 28800K .......... .......... .......... .......... .......... 57%  104M 0s
 28850K .......... .......... .......... .......... .......... 57%  127M 0s
 28900K .......... .......... .......... .......... .......... 58%  129M 0s
 28950K .......... .......... .......... .......... .......... 58%  105M 0s
 29000K .......... .......... .......... .......... .......... 58%  112M 0s
 29050K .......... .......... .......... .......... .......... 58%  122M 0s
 29100K .......... .......... .......... .......... .......... 58%  114M 0s
 29150K .......... .......... .......... .......... .......... 58%  115M 0s
 29200K .......... .......... .......... .......... .......... 58%  112M 0s
 29250K .......... .......... .......... .......... .......... 58%  100M 0s
 29300K .......... .......... .......... .......... .......... 58%  131M 0s
 29350K .......... .......... .......... .......... .......... 58% 75.6M 0s
 29400K .......... .......... .......... .......... .......... 59% 88.8M 0s
 29450K .......... .......... .......... .......... .......... 59% 99.8M 0s
 29500K .......... .......... .......... .......... .......... 59%  146M 0s
 29550K .......... .......... .......... .......... .......... 59%  135M 0s
 29600K .......... .......... .......... .......... .......... 59%  152M 0s
 29650K .......... .......... .......... .......... .......... 59%  147M 0s
 29700K .......... .......... .......... .......... .......... 59%  110M 0s
 29750K .......... .......... .......... .......... .......... 59% 87.9M 0s
 29800K .......... .......... .......... .......... .......... 59%  120M 0s
 29850K .......... .......... .......... .......... .......... 59%  131M 0s
 29900K .......... .......... .......... .......... .......... 60%  103M 0s
 29950K .......... .......... .......... .......... .......... 60%  116M 0s
 30000K .......... .......... .......... .......... .......... 60%  121M 0s
 30050K .......... .......... .......... .......... .......... 60%  115M 0s
 30100K .......... .......... .......... .......... .......... 60%  122M 0s
 30150K .......... .......... .......... .......... .......... 60% 82.6M 0s
 30200K .......... .......... .......... .......... .......... 60%  128M 0s
 30250K .......... .......... .......... .......... .......... 60%  128M 0s
 30300K .......... .......... .......... .......... .......... 60%  115M 0s
 30350K .......... .......... .......... .......... .......... 60%  100M 0s
 30400K .......... .......... .......... .......... .......... 61%  119M 0s
 30450K .......... .......... .......... .......... .......... 61%  119M 0s
 30500K .......... .......... .......... .......... .......... 61%  126M 0s
 30550K .......... .......... .......... .......... .......... 61% 81.8M 0s
 30600K .......... .......... .......... .......... .......... 61%  121M 0s
 30650K .......... .......... .......... .......... .......... 61%  133M 0s
 30700K .......... .......... .......... .......... .......... 61%  113M 0s
 30750K .......... .......... .......... .......... .......... 61%  110M 0s
 30800K .......... .......... .......... .......... .......... 61% 96.9M 0s
 30850K .......... .......... .......... .......... .......... 61% 94.6M 0s
 30900K .......... .......... .......... .......... .......... 62% 98.2M 0s
 30950K .......... .......... .......... .......... .......... 62% 76.0M 0s
 31000K .......... .......... .......... .......... .......... 62%  153M 0s
 31050K .......... .......... .......... .......... .......... 62%  133M 0s
 31100K .......... .......... .......... .......... .......... 62%  165M 0s
 31150K .......... .......... .......... .......... .......... 62%  160M 0s
 31200K .......... .......... .......... .......... .......... 62% 97.3M 0s
 31250K .......... .......... .......... .......... .......... 62%  113M 0s
 31300K .......... .......... .......... .......... .......... 62%  145M 0s
 31350K .......... .......... .......... .......... .......... 62% 79.4M 0s
 31400K .......... .......... .......... .......... .......... 63%  106M 0s
 31450K .......... .......... .......... .......... .......... 63%  114M 0s
 31500K .......... .......... .......... .......... .......... 63%  158M 0s
 31550K .......... .......... .......... .......... .......... 63%  104M 0s
 31600K .......... .......... .......... .......... .......... 63% 77.1M 0s
 31650K .......... .......... .......... .......... .......... 63% 97.7M 0s
 31700K .......... .......... .......... .......... .......... 63%  132M 0s
 31750K .......... .......... .......... .......... .......... 63%  108M 0s
 31800K .......... .......... .......... .......... .......... 63%  128M 0s
 31850K .......... .......... .......... .......... .......... 63%  133M 0s
 31900K .......... .......... .......... .......... .......... 64%  131M 0s
 31950K .......... .......... .......... .......... .......... 64%  121M 0s
 32000K .......... .......... .......... .......... .......... 64%  123M 0s
 32050K .......... .......... .......... .......... .......... 64%  112M 0s
 32100K .......... .......... .......... .......... .......... 64%  119M 0s
 32150K .......... .......... .......... .......... .......... 64% 98.1M 0s
 32200K .......... .......... .......... .......... .......... 64%  115M 0s
 32250K .......... .......... .......... .......... .......... 64%  135M 0s
 32300K .......... .......... .......... .......... .......... 64% 95.7M 0s
 32350K .......... .......... .......... .......... .......... 64%  111M 0s
 32400K .......... .......... .......... .......... .......... 65%  111M 0s
 32450K .......... .......... .......... .......... .......... 65%  122M 0s
 32500K .......... .......... .......... .......... .......... 65%  126M 0s
 32550K .......... .......... .......... .......... .......... 65% 94.3M 0s
 32600K .......... .......... .......... .......... .......... 65%  119M 0s
 32650K .......... .......... .......... .......... .......... 65%  110M 0s
 32700K .......... .......... .......... .......... .......... 65%  129M 0s
 32750K .......... .......... .......... .......... .......... 65%  118M 0s
 32800K .......... .......... .......... .......... .......... 65%  122M 0s
 32850K .......... .......... .......... .......... .......... 65%  103M 0s
 32900K .......... .......... .......... .......... .......... 66%  118M 0s
 32950K .......... .......... .......... .......... .......... 66% 98.5M 0s
 33000K .......... .......... .......... .......... .......... 66%  110M 0s
 33050K .......... .......... .......... .......... .......... 66%  122M 0s
 33100K .......... .......... .......... .......... .......... 66%  115M 0s
 33150K .......... .......... .......... .......... .......... 66%  101M 0s
 33200K .......... .......... .......... .......... .......... 66%  119M 0s
 33250K .......... .......... .......... .......... .......... 66%  127M 0s
 33300K .......... .......... .......... .......... .......... 66%  113M 0s
 33350K .......... .......... .......... .......... .......... 66% 92.4M 0s
 33400K .......... .......... .......... .......... .......... 67%  124M 0s
 33450K .......... .......... .......... .......... .......... 67%  123M 0s
 33500K .......... .......... .......... .......... .......... 67%  106M 0s
 33550K .......... .......... .......... .......... .......... 67%  114M 0s
 33600K .......... .......... .......... .......... .......... 67%  112M 0s
 33650K .......... .......... .......... .......... .......... 67%  117M 0s
 33700K .......... .......... .......... .......... .......... 67%  120M 0s
 33750K .......... .......... .......... .......... .......... 67% 91.1M 0s
 33800K .......... .......... .......... .......... .......... 67%  127M 0s
 33850K .......... .......... .......... .......... .......... 67%  115M 0s
 33900K .......... .......... .......... .......... .......... 68%  114M 0s
 33950K .......... .......... .......... .......... .......... 68%  110M 0s
 34000K .......... .......... .......... .......... .......... 68%  132M 0s
 34050K .......... .......... .......... .......... .......... 68%  104M 0s
 34100K .......... .......... .......... .......... .......... 68%  122M 0s
 34150K .......... .......... .......... .......... .......... 68% 92.5M 0s
 34200K .......... .......... .......... .......... .......... 68%  128M 0s
 34250K .......... .......... .......... .......... .......... 68%  122M 0s
 34300K .......... .......... .......... .......... .......... 68% 97.4M 0s
 34350K .......... .......... .......... .......... .......... 68%  102M 0s
 34400K .......... .......... .......... .......... .......... 69%  103M 0s
 34450K .......... .......... .......... .......... .......... 69%  130M 0s
 34500K .......... .......... .......... .......... .......... 69%  159M 0s
 34550K .......... .......... .......... .......... .......... 69% 87.6M 0s
 34600K .......... .......... .......... .......... .......... 69%  108M 0s
 34650K .......... .......... .......... .......... .......... 69%  103M 0s
 34700K .......... .......... .......... .......... .......... 69%  106M 0s
 34750K .......... .......... .......... .......... .......... 69%  102M 0s
 34800K .......... .......... .......... .......... .......... 69%  152M 0s
 34850K .......... .......... .......... .......... .......... 69%  129M 0s
 34900K .......... .......... .......... .......... .......... 70%  121M 0s
 34950K .......... .......... .......... .......... .......... 70% 92.9M 0s
 35000K .......... .......... .......... .......... .......... 70%  123M 0s
 35050K .......... .......... .......... .......... .......... 70%  124M 0s
 35100K .......... .......... .......... .......... .......... 70%  105M 0s
 35150K .......... .......... .......... .......... .......... 70%  107M 0s
 35200K .......... .......... .......... .......... .......... 70%  104M 0s
 35250K .......... .......... .......... .......... .......... 70%  121M 0s
 35300K .......... .......... .......... .......... .......... 70%  112M 0s
 35350K .......... .......... .......... .......... .......... 70% 94.2M 0s
 35400K .......... .......... .......... .......... .......... 71%  113M 0s
 35450K .......... .......... .......... .......... .......... 71%  154M 0s
 35500K .......... .......... .......... .......... .......... 71%  112M 0s
 35550K .......... .......... .......... .......... .......... 71%  100M 0s
 35600K .......... .......... .......... .......... .......... 71%  135M 0s
 35650K .......... .......... .......... .......... .......... 71%  106M 0s
 35700K .......... .......... .......... .......... .......... 71%  115M 0s
 35750K .......... .......... .......... .......... .......... 71% 95.9M 0s
 35800K .......... .......... .......... .......... .......... 71%  136M 0s
 35850K .......... .......... .......... .......... .......... 71%  107M 0s
 35900K .......... .......... .......... .......... .......... 72%  116M 0s
 35950K .......... .......... .......... .......... .......... 72%  103M 0s
 36000K .......... .......... .......... .......... .......... 72%  138M 0s
 36050K .......... .......... .......... .......... .......... 72% 99.4M 0s
 36100K .......... .......... .......... .......... .......... 72%  115M 0s
 36150K .......... .......... .......... .......... .......... 72% 93.5M 0s
 36200K .......... .......... .......... .......... .......... 72% 75.3M 0s
 36250K .......... .......... .......... .......... .......... 72% 83.6M 0s
 36300K .......... .......... .......... .......... .......... 72%  147M 0s
 36350K .......... .......... .......... .......... .......... 72%  162M 0s
 36400K .......... .......... .......... .......... .......... 73%  173M 0s
 36450K .......... .......... .......... .......... .......... 73%  135M 0s
 36500K .......... .......... .......... .......... .......... 73%  123M 0s
 36550K .......... .......... .......... .......... .......... 73% 92.6M 0s
 36600K .......... .......... .......... .......... .......... 73%  131M 0s
 36650K .......... .......... .......... .......... .......... 73%  122M 0s
 36700K .......... .......... .......... .......... .......... 73%  103M 0s
 36750K .......... .......... .......... .......... .......... 73%  111M 0s
 36800K .......... .......... .......... .......... .......... 73%  119M 0s
 36850K .......... .......... .......... .......... .......... 73%  101M 0s
 36900K .......... .......... .......... .......... .......... 74%  121M 0s
 36950K .......... .......... .......... .......... .......... 74% 96.4M 0s
 37000K .......... .......... .......... .......... .......... 74%  114M 0s
 37050K .......... .......... .......... .......... .......... 74%  110M 0s
 37100K .......... .......... .......... .......... .......... 74%  128M 0s
 37150K .......... .......... .......... .......... .......... 74%  114M 0s
 37200K .......... .......... .......... .......... .......... 74%  121M 0s
 37250K .......... .......... .......... .......... .......... 74%  122M 0s
 37300K .......... .......... .......... .......... .......... 74%  112M 0s
 37350K .......... .......... .......... .......... .......... 74% 93.7M 0s
 37400K .......... .......... .......... .......... .......... 75%  116M 0s
 37450K .......... .......... .......... .......... .......... 75%  121M 0s
 37500K .......... .......... .......... .......... .......... 75%  110M 0s
 37550K .......... .......... .......... .......... .......... 75%  110M 0s
 37600K .......... .......... .......... .......... .......... 75%  123M 0s
 37650K .......... .......... .......... .......... .......... 75%  107M 0s
 37700K .......... .......... .......... .......... .......... 75%  124M 0s
 37750K .......... .......... .......... .......... .......... 75% 96.1M 0s
 37800K .......... .......... .......... .......... .......... 75%  113M 0s
 37850K .......... .......... .......... .......... .......... 75%  116M 0s
 37900K .......... .......... .......... .......... .......... 76%  126M 0s
 37950K .......... .......... .......... .......... .......... 76%  103M 0s
 38000K .......... .......... .......... .......... .......... 76%  126M 0s
 38050K .......... .......... .......... .......... .......... 76%  121M 0s
 38100K .......... .......... .......... .......... .......... 76%  111M 0s
 38150K .......... .......... .......... .......... .......... 76% 93.0M 0s
 38200K .......... .......... .......... .......... .......... 76%  119M 0s
 38250K .......... .......... .......... .......... .......... 76%  111M 0s
 38300K .......... .......... .......... .......... .......... 76%  113M 0s
 38350K .......... .......... .......... .......... .......... 76%  109M 0s
 38400K .......... .......... .......... .......... .......... 77%  127M 0s
 38450K .......... .......... .......... .......... .......... 77%  118M 0s
 38500K .......... .......... .......... .......... .......... 77%  122M 0s
 38550K .......... .......... .......... .......... .......... 77% 84.2M 0s
 38600K .......... .......... .......... .......... .......... 77%  124M 0s
 38650K .......... .......... .......... .......... .......... 77%  121M 0s
 38700K .......... .......... .......... .......... .......... 77%  115M 0s
 38750K .......... .......... .......... .......... .......... 77%  114M 0s
 38800K .......... .......... .......... .......... .......... 77%  124M 0s
 38850K .......... .......... .......... .......... .......... 77%  110M 0s
 38900K .......... .......... .......... .......... .......... 78%  109M 0s
 38950K .......... .......... .......... .......... .......... 78% 88.8M 0s
 39000K .......... .......... .......... .......... .......... 78%  130M 0s
 39050K .......... .......... .......... .......... .......... 78%  116M 0s
 39100K .......... .......... .......... .......... .......... 78%  109M 0s
 39150K .......... .......... .......... .......... .......... 78%  115M 0s
 39200K .......... .......... .......... .......... .......... 78%  118M 0s
 39250K .......... .......... .......... .......... .......... 78%  115M 0s
 39300K .......... .......... .......... .......... .......... 78%  126M 0s
 39350K .......... .......... .......... .......... .......... 78% 87.4M 0s
 39400K .......... .......... .......... .......... .......... 79%  122M 0s
 39450K .......... .......... .......... .......... .......... 79%  123M 0s
 39500K .......... .......... .......... .......... .......... 79%  115M 0s
 39550K .......... .......... .......... .......... .......... 79%  112M 0s
 39600K .......... .......... .......... .......... .......... 79%  121M 0s
 39650K .......... .......... .......... .......... .......... 79%  112M 0s
 39700K .......... .......... .......... .......... .......... 79%  111M 0s
 39750K .......... .......... .......... .......... .......... 79% 90.8M 0s
 39800K .......... .......... .......... .......... .......... 79%  108M 0s
 39850K .......... .......... .......... .......... .......... 79%  120M 0s
 39900K .......... .......... .......... .......... .......... 80%  132M 0s
 39950K .......... .......... .......... .......... .......... 80%  108M 0s
 40000K .......... .......... .......... .......... .......... 80%  117M 0s
 40050K .......... .......... .......... .......... .......... 80%  115M 0s
 40100K .......... .......... .......... .......... .......... 80%  115M 0s
 40150K .......... .......... .......... .......... .......... 80% 95.5M 0s
 40200K .......... .......... .......... .......... .......... 80%  118M 0s
 40250K .......... .......... .......... .......... .......... 80%  127M 0s
 40300K .......... .......... .......... .......... .......... 80%  122M 0s
 40350K .......... .......... .......... .......... .......... 80% 98.5M 0s
 40400K .......... .......... .......... .......... .......... 81%  116M 0s
 40450K .......... .......... .......... .......... .......... 81%  122M 0s
 40500K .......... .......... .......... .......... .......... 81%  113M 0s
 40550K .......... .......... .......... .......... .......... 81% 95.4M 0s
 40600K .......... .......... .......... .......... .......... 81%  117M 0s
 40650K .......... .......... .......... .......... .......... 81%  115M 0s
 40700K .......... .......... .......... .......... .......... 81%  125M 0s
 40750K .......... .......... .......... .......... .......... 81%  106M 0s
 40800K .......... .......... .......... .......... .......... 81%  111M 0s
 40850K .......... .......... .......... .......... .......... 81%  124M 0s
 40900K .......... .......... .......... .......... .......... 82%  119M 0s
 40950K .......... .......... .......... .......... .......... 82% 91.9M 0s
 41000K .......... .......... .......... .......... .......... 82%  123M 0s
 41050K .......... .......... .......... .......... .......... 82%  111M 0s
 41100K .......... .......... .......... .......... .......... 82%  123M 0s
 41150K .......... .......... .......... .......... .......... 82% 97.4M 0s
 41200K .......... .......... .......... .......... .......... 82%  120M 0s
 41250K .......... .......... .......... .......... .......... 82%  118M 0s
 41300K .......... .......... .......... .......... .......... 82%  121M 0s
 41350K .......... .......... .......... .......... .......... 82% 92.7M 0s
 41400K .......... .......... .......... .......... .......... 83%  118M 0s
 41450K .......... .......... .......... .......... .......... 83%  117M 0s
 41500K .......... .......... .......... .......... .......... 83%  116M 0s
 41550K .......... .......... .......... .......... .......... 83%  111M 0s
 41600K .......... .......... .......... .......... .......... 83%  112M 0s
 41650K .......... .......... .......... .......... .......... 83%  120M 0s
 41700K .......... .......... .......... .......... .......... 83%  116M 0s
 41750K .......... .......... .......... .......... .......... 83% 93.1M 0s
 41800K .......... .......... .......... .......... .......... 83%  125M 0s
 41850K .......... .......... .......... .......... .......... 83%  115M 0s
 41900K .......... .......... .......... .......... .......... 84%  122M 0s
 41950K .......... .......... .......... .......... .......... 84% 98.8M 0s
 42000K .......... .......... .......... .......... .......... 84%  129M 0s
 42050K .......... .......... .......... .......... .......... 84%  111M 0s
 42100K .......... .......... .......... .......... .......... 84%  125M 0s
 42150K .......... .......... .......... .......... .......... 84% 90.5M 0s
 42200K .......... .......... .......... .......... .......... 84%  114M 0s
 42250K .......... .......... .......... .......... .......... 84%  114M 0s
 42300K .......... .......... .......... .......... .......... 84%  121M 0s
 42350K .......... .......... .......... .......... .......... 84%  105M 0s
 42400K .......... .......... .......... .......... .......... 85%  124M 0s
 42450K .......... .......... .......... .......... .......... 85%  112M 0s
 42500K .......... .......... .......... .......... .......... 85%  119M 0s
 42550K .......... .......... .......... .......... .......... 85% 98.0M 0s
 42600K .......... .......... .......... .......... .......... 85%  122M 0s
 42650K .......... .......... .......... .......... .......... 85%  110M 0s
 42700K .......... .......... .......... .......... .......... 85%  119M 0s
 42750K .......... .......... .......... .......... .......... 85%  106M 0s
 42800K .......... .......... .......... .......... .......... 85%  124M 0s
 42850K .......... .......... .......... .......... .......... 85%  110M 0s
 42900K .......... .......... .......... .......... .......... 86%  117M 0s
 42950K .......... .......... .......... .......... .......... 86% 94.1M 0s
 43000K .......... .......... .......... .......... .......... 86%  115M 0s
 43050K .......... .......... .......... .......... .......... 86%  118M 0s
 43100K .......... .......... .......... .......... .......... 86%  119M 0s
 43150K .......... .......... .......... .......... .......... 86%  108M 0s
 43200K .......... .......... .......... .......... .......... 86%  124M 0s
 43250K .......... .......... .......... .......... .......... 86%  120M 0s
 43300K .......... .......... .......... .......... .......... 86%  114M 0s
 43350K .......... .......... .......... .......... .......... 86% 97.0M 0s
 43400K .......... .......... .......... .......... .......... 87%  121M 0s
 43450K .......... .......... .......... .......... .......... 87%  108M 0s
 43500K .......... .......... .......... .......... .......... 87%  112M 0s
 43550K .......... .......... .......... .......... .......... 87%  112M 0s
 43600K .......... .......... .......... .......... .......... 87%  122M 0s
 43650K .......... .......... .......... .......... .......... 87%  110M 0s
 43700K .......... .......... .......... .......... .......... 87%  119M 0s
 43750K .......... .......... .......... .......... .......... 87% 97.7M 0s
 43800K .......... .......... .......... .......... .......... 87%  112M 0s
 43850K .......... .......... .......... .......... .......... 87%  116M 0s
 43900K .......... .......... .......... .......... .......... 88%  125M 0s
 43950K .......... .......... .......... .......... .......... 88%  102M 0s
 44000K .......... .......... .......... .......... .......... 88%  117M 0s
 44050K .......... .......... .......... .......... .......... 88%  120M 0s
 44100K .......... .......... .......... .......... .......... 88%  123M 0s
 44150K .......... .......... .......... .......... .......... 88% 87.0M 0s
 44200K .......... .......... .......... .......... .......... 88%  121M 0s
 44250K .......... .......... .......... .......... .......... 88%  128M 0s
 44300K .......... .......... .......... .......... .......... 88%  102M 0s
 44350K .......... .......... .......... .......... .......... 88%  113M 0s
 44400K .......... .......... .......... .......... .......... 89%  122M 0s
 44450K .......... .......... .......... .......... .......... 89%  120M 0s
 44500K .......... .......... .......... .......... .......... 89%  118M 0s
 44550K .......... .......... .......... .......... .......... 89% 93.4M 0s
 44600K .......... .......... .......... .......... .......... 89%  113M 0s
 44650K .......... .......... .......... .......... .......... 89%  127M 0s
 44700K .......... .......... .......... .......... .......... 89%  112M 0s
 44750K .......... .......... .......... .......... .......... 89%  106M 0s
 44800K .......... .......... .......... .......... .......... 89%  120M 0s
 44850K .......... .......... .......... .......... .......... 89%  121M 0s
 44900K .......... .......... .......... .......... .......... 90%  112M 0s
 44950K .......... .......... .......... .......... .......... 90% 93.2M 0s
 45000K .......... .......... .......... .......... .......... 90%  124M 0s
 45050K .......... .......... .......... .......... .......... 90%  114M 0s
 45100K .......... .......... .......... .......... .......... 90%  111M 0s
 45150K .......... .......... .......... .......... .......... 90%  117M 0s
 45200K .......... .......... .......... .......... .......... 90%  107M 0s
 45250K .......... .......... .......... .......... .......... 90%  124M 0s
 45300K .......... .......... .......... .......... .......... 90%  122M 0s
 45350K .......... .......... .......... .......... .......... 90% 91.7M 0s
 45400K .......... .......... .......... .......... .......... 91%  119M 0s
 45450K .......... .......... .......... .......... .......... 91%  121M 0s
 45500K .......... .......... .......... .......... .......... 91%  119M 0s
 45550K .......... .......... .......... .......... .......... 91%  105M 0s
 45600K .......... .......... .......... .......... .......... 91%  121M 0s
 45650K .......... .......... .......... .......... .......... 91%  105M 0s
 45700K .......... .......... .......... .......... .......... 91%  121M 0s
 45750K .......... .......... .......... .......... .......... 91% 93.8M 0s
 45800K .......... .......... .......... .......... .......... 91%  113M 0s
 45850K .......... .......... .......... .......... .......... 91%  121M 0s
 45900K .......... .......... .......... .......... .......... 92%  119M 0s
 45950K .......... .......... .......... .......... .......... 92%  106M 0s
 46000K .......... .......... .......... .......... .......... 92%  116M 0s
 46050K .......... .......... .......... .......... .......... 92%  120M 0s
 46100K .......... .......... .......... .......... .......... 92%  118M 0s
 46150K .......... .......... .......... .......... .......... 92% 92.9M 0s
 46200K .......... .......... .......... .......... .......... 92%  122M 0s
 46250K .......... .......... .......... .......... .......... 92%  123M 0s
 46300K .......... .......... .......... .......... .......... 92%  111M 0s
 46350K .......... .......... .......... .......... .......... 92% 92.9M 0s
 46400K .......... .......... .......... .......... .......... 93%  111M 0s
 46450K .......... .......... .......... .......... .......... 93% 84.2M 0s
 46500K .......... .......... .......... .......... .......... 93% 88.2M 0s
 46550K .......... .......... .......... .......... .......... 93% 72.5M 0s
 46600K .......... .......... .......... .......... .......... 93% 92.0M 0s
 46650K .......... .......... .......... .......... .......... 93% 76.3M 0s
 46700K .......... .......... .......... .......... .......... 93% 93.2M 0s
 46750K .......... .......... .......... .......... .......... 93% 82.4M 0s
 46800K .......... .......... .......... .......... .......... 93% 88.3M 0s
 46850K .......... .......... .......... .......... .......... 93% 88.2M 0s
 46900K .......... .......... .......... .......... .......... 94% 89.7M 0s
 46950K .......... .......... .......... .......... .......... 94% 74.3M 0s
 47000K .......... .......... .......... .......... .......... 94% 88.7M 0s
 47050K .......... .......... .......... .......... .......... 94% 89.2M 0s
 47100K .......... .......... .......... .......... .......... 94% 87.6M 0s
 47150K .......... .......... .......... .......... .......... 94% 82.0M 0s
 47200K .......... .......... .......... .......... .......... 94% 93.9M 0s
 47250K .......... .......... .......... .......... .......... 94% 89.3M 0s
 47300K .......... .......... .......... .......... .......... 94% 92.6M 0s
 47350K .......... .......... .......... .......... .......... 94% 72.3M 0s
 47400K .......... .......... .......... .......... .......... 95%  139M 0s
 47450K .......... .......... .......... .......... .......... 95%  150M 0s
 47500K .......... .......... .......... .......... .......... 95%  168M 0s
 47550K .......... .......... .......... .......... .......... 95%  186M 0s
 47600K .......... .......... .......... .......... .......... 95%  213M 0s
 47650K .......... .......... .......... .......... .......... 95%  217M 0s
 47700K .......... .......... .......... .......... .......... 95%  206M 0s
 47750K .......... .......... .......... .......... .......... 95%  172M 0s
 47800K .......... .......... .......... .......... .......... 95%  212M 0s
 47850K .......... .......... .......... .......... .......... 95%  203M 0s
 47900K .......... .......... .......... .......... .......... 96%  217M 0s
 47950K .......... .......... .......... .......... .......... 96%  188M 0s
 48000K .......... .......... .......... .......... .......... 96%  204M 0s
 48050K .......... .......... .......... .......... .......... 96%  215M 0s
 48100K .......... .......... .......... .......... .......... 96%  208M 0s
 48150K .......... .......... .......... .......... .......... 96%  153M 0s
 48200K .......... .......... .......... .......... .......... 96%  116M 0s
 48250K .......... .......... .......... .......... .......... 96%  111M 0s
 48300K .......... .......... .......... .......... .......... 96%  113M 0s
 48350K .......... .......... .......... .......... .......... 97%  124M 0s
 48400K .......... .......... .......... .......... .......... 97%  113M 0s
 48450K .......... .......... .......... .......... .......... 97%  113M 0s
 48500K .......... .......... .......... .......... .......... 97%  124M 0s
 48550K .......... .......... .......... .......... .......... 97% 86.7M 0s
 48600K .......... .......... .......... .......... .......... 97%  128M 0s
 48650K .......... .......... .......... .......... .......... 97%  112M 0s
 48700K .......... .......... .......... .......... .......... 97%  118M 0s
 48750K .......... .......... .......... .......... .......... 97%  113M 0s
 48800K .......... .......... .......... .......... .......... 97%  112M 0s
 48850K .......... .......... .......... .......... .......... 98%  121M 0s
 48900K .......... .......... .......... .......... .......... 98%  122M 0s
 48950K .......... .......... .......... .......... .......... 98% 90.1M 0s
 49000K .......... .......... .......... .......... .......... 98%  109M 0s
 49050K .......... .......... .......... .......... .......... 98%  123M 0s
 49100K .......... .......... .......... .......... .......... 98%  121M 0s
 49150K .......... .......... .......... .......... .......... 98%  112M 0s
 49200K .......... .......... .......... .......... .......... 98%  108M 0s
 49250K .......... .......... .......... .......... .......... 98%  117M 0s
 49300K .......... .......... .......... .......... .......... 98%  116M 0s
 49350K .......... .......... .......... .......... .......... 99% 93.8M 0s
 49400K .......... .......... .......... .......... .......... 99%  125M 0s
 49450K .......... .......... .......... .......... .......... 99%  115M 0s
 49500K .......... .......... .......... .......... .......... 99%  114M 0s
 49550K .......... .......... .......... .......... .......... 99%  103M 0s
 49600K .......... .......... .......... .......... .......... 99%  128M 0s
 49650K .......... .......... .......... .......... .......... 99%  114M 0s
 49700K .......... .......... .......... .......... .......... 99%  112M 0s
 49750K .......... .......... .......... .......... .......... 99% 96.0M 0s
 49800K .......... .......... .......... .......... .......... 99%  114M 0s
 49850K .......... .......... .......... .......... ......    100%  136M=0.5s

2020-10-30 03:19:49 (105 MB/s) - `miniconda.sh' saved [51093759/51093759]


travis_time:end:00dfa442:start=1604027988804249002,finish=1604027989408636265,duration=604387263[0Ktravis_fold:end:before_install.1[0Ktravis_fold:start:before_install.2[0Ktravis_time:start:02fab200[0K$ chmod +x miniconda.sh

travis_time:end:02fab200:start=1604027989418278977,finish=1604027989427534787,duration=9255810[0Ktravis_fold:end:before_install.2[0Ktravis_fold:start:before_install.3[0Ktravis_time:start:1c10214c[0K$ ./miniconda.sh -b
PREFIX=/home/travis/miniconda2
Unpacking payload ...
  0%|          | 0/37 [00:00<?, ?it/s]Extracting : python-2.7.18-h15b4118_1.conda:   0%|          | 0/37 [00:00<?, ?it/s]Extracting : python-2.7.18-h15b4118_1.conda:   3%|▎         | 1/37 [00:00<00:16,  2.15it/s]Extracting : _libgcc_mutex-0.1-main.conda:   3%|▎         | 1/37 [00:00<00:16,  2.15it/s]  Extracting : ca-certificates-2020.1.1-0.conda:   5%|▌         | 2/37 [00:00<00:16,  2.15it/s]Extracting : libstdcxx-ng-9.1.0-hdf63c60_0.conda:   8%|▊         | 3/37 [00:00<00:15,  2.15it/s]Extracting : libgcc-ng-9.1.0-hdf63c60_0.conda:  11%|█         | 4/37 [00:00<00:15,  2.15it/s]   Extracting : libffi-3.3-he6710b0_1.conda:  14%|█▎        | 5/37 [00:00<00:14,  2.15it/s]     Extracting : ncurses-6.2-he6710b0_1.conda:  16%|█▌        | 6/37 [00:00<00:14,  2.15it/s]Extracting : openssl-1.1.1g-h7b6447c_0.conda:  19%|█▉        | 7/37 [00:00<00:13,  2.15it/s]Extracting : yaml-0.1.7-had09818_2.conda:  22%|██▏       | 8/37 [00:00<00:13,  2.15it/s]    Extracting : zlib-1.2.11-h7b6447c_3.conda:  24%|██▍       | 9/37 [00:00<00:13,  2.15it/s]Extracting : libedit-3.1.20181209-hc058e9b_0.conda:  27%|██▋       | 10/37 [00:00<00:12,  2.15it/s]Extracting : readline-8.0-h7b6447c_0.conda:  30%|██▉       | 11/37 [00:00<00:12,  2.15it/s]        Extracting : tk-8.6.8-hbc83047_0.conda:  32%|███▏      | 12/37 [00:00<00:11,  2.15it/s]    Extracting : sqlite-3.31.1-h62c20be_1.conda:  35%|███▌      | 13/37 [00:00<00:11,  2.15it/s]Extracting : asn1crypto-1.3.0-py27_0.conda:  38%|███▊      | 14/37 [00:00<00:10,  2.15it/s] Extracting : certifi-2019.11.28-py27_0.conda:  41%|████      | 15/37 [00:00<00:10,  2.15it/s]Extracting : chardet-3.0.4-py27_1003.conda:  43%|████▎     | 16/37 [00:00<00:09,  2.15it/s]  Extracting : enum34-1.1.6-py27_1.conda:  46%|████▌     | 17/37 [00:00<00:09,  2.15it/s]    Extracting : futures-3.3.0-py27_0.conda:  49%|████▊     | 18/37 [00:00<00:08,  2.15it/s]Extracting : idna-2.8-py27_0.conda:  51%|█████▏    | 19/37 [00:00<00:08,  2.15it/s]     Extracting : ipaddress-1.0.23-py_0.conda:  54%|█████▍    | 20/37 [00:00<00:07,  2.15it/s]Extracting : pycosat-0.6.3-py27h7b6447c_0.conda:  57%|█████▋    | 21/37 [00:00<00:07,  2.15it/s]Extracting : pycparser-2.20-py_0.conda:  59%|█████▉    | 22/37 [00:00<00:06,  2.15it/s]         Extracting : pysocks-1.7.1-py27_0.conda:  62%|██████▏   | 23/37 [00:00<00:06,  2.15it/s]Extracting : ruamel_yaml-0.15.87-py27h7b6447c_0.conda:  65%|██████▍   | 24/37 [00:00<00:06,  2.15it/s]Extracting : six-1.13.0-py27_0.conda:  68%|██████▊   | 25/37 [00:00<00:05,  2.15it/s]                 Extracting : tqdm-4.46.0-py_0.conda:  70%|███████   | 26/37 [00:00<00:05,  2.15it/s] Extracting : cffi-1.14.0-py27he30daa8_1.conda:  73%|███████▎  | 27/37 [00:00<00:04,  2.15it/s]Extracting : conda-package-handling-1.6.0-py27h7b6447c_0.conda:  76%|███████▌  | 28/37 [00:00<00:04,  2.15it/s]Extracting : setuptools-44.0.0-py27_0.conda:  78%|███████▊  | 29/37 [00:00<00:03,  2.15it/s]                   Extracting : cryptography-2.8-py27h1ba5d50_0.conda:  81%|████████  | 30/37 [00:00<00:03,  2.15it/s]Extracting : wheel-0.33.6-py27_0.conda:  84%|████████▍ | 31/37 [00:00<00:02,  2.15it/s]            Extracting : pip-19.3.1-py27_0.conda:  86%|████████▋ | 32/37 [00:00<00:02,  2.15it/s]  Extracting : pyopenssl-19.1.0-py27_0.conda:  89%|████████▉ | 33/37 [00:00<00:01,  2.15it/s]Extracting : urllib3-1.25.7-py27_0.conda:  92%|█████████▏| 34/37 [00:00<00:01,  2.15it/s]  Extracting : requests-2.22.0-py27_1.conda:  95%|█████████▍| 35/37 [00:00<00:00,  2.15it/s]Extracting : conda-4.8.3-py27_0.tar.bz2:  97%|█████████▋| 36/37 [00:00<00:00,  2.15it/s]  Extracting : conda-4.8.3-py27_0.tar.bz2: 100%|██████████| 37/37 [00:00<00:00,  3.05it/s]                                                                                        Collecting package metadata (current_repodata.json): ...working... done
Solving environment: ...working... done

## Package Plan ##

  environment location: /home/travis/miniconda2

  added / updated specs:
    - _libgcc_mutex==0.1=main
    - asn1crypto==1.3.0=py27_0
    - ca-certificates==2020.1.1=0
    - certifi==2019.11.28=py27_0
    - cffi==1.14.0=py27he30daa8_1
    - chardet==3.0.4=py27_1003
    - conda-package-handling==1.6.0=py27h7b6447c_0
    - conda==4.8.3=py27_0
    - cryptography==2.8=py27h1ba5d50_0
    - enum34==1.1.6=py27_1
    - futures==3.3.0=py27_0
    - idna==2.8=py27_0
    - ipaddress==1.0.23=py_0
    - libedit==3.1.20181209=hc058e9b_0
    - libffi==3.3=he6710b0_1
    - libgcc-ng==9.1.0=hdf63c60_0
    - libstdcxx-ng==9.1.0=hdf63c60_0
    - ncurses==6.2=he6710b0_1
    - openssl==1.1.1g=h7b6447c_0
    - pip==19.3.1=py27_0
    - pycosat==0.6.3=py27h7b6447c_0
    - pycparser==2.20=py_0
    - pyopenssl==19.1.0=py27_0
    - pysocks==1.7.1=py27_0
    - python==2.7.18=h15b4118_1
    - readline==8.0=h7b6447c_0
    - requests==2.22.0=py27_1
    - ruamel_yaml==0.15.87=py27h7b6447c_0
    - setuptools==44.0.0=py27_0
    - six==1.13.0=py27_0
    - sqlite==3.31.1=h62c20be_1
    - tk==8.6.8=hbc83047_0
    - tqdm==4.46.0=py_0
    - urllib3==1.25.7=py27_0
    - wheel==0.33.6=py27_0
    - yaml==0.1.7=had09818_2
    - zlib==1.2.11=h7b6447c_3


The following NEW packages will be INSTALLED:

  _libgcc_mutex      pkgs/main/linux-64::_libgcc_mutex-0.1-main
  asn1crypto         pkgs/main/linux-64::asn1crypto-1.3.0-py27_0
  ca-certificates    pkgs/main/linux-64::ca-certificates-2020.1.1-0
  certifi            pkgs/main/linux-64::certifi-2019.11.28-py27_0
  cffi               pkgs/main/linux-64::cffi-1.14.0-py27he30daa8_1
  chardet            pkgs/main/linux-64::chardet-3.0.4-py27_1003
  conda              pkgs/main/linux-64::conda-4.8.3-py27_0
  conda-package-han~ pkgs/main/linux-64::conda-package-handling-1.6.0-py27h7b6447c_0
  cryptography       pkgs/main/linux-64::cryptography-2.8-py27h1ba5d50_0
  enum34             pkgs/main/linux-64::enum34-1.1.6-py27_1
  futures            pkgs/main/linux-64::futures-3.3.0-py27_0
  idna               pkgs/main/linux-64::idna-2.8-py27_0
  ipaddress          pkgs/main/noarch::ipaddress-1.0.23-py_0
  libedit            pkgs/main/linux-64::libedit-3.1.20181209-hc058e9b_0
  libffi             pkgs/main/linux-64::libffi-3.3-he6710b0_1
  libgcc-ng          pkgs/main/linux-64::libgcc-ng-9.1.0-hdf63c60_0
  libstdcxx-ng       pkgs/main/linux-64::libstdcxx-ng-9.1.0-hdf63c60_0
  ncurses            pkgs/main/linux-64::ncurses-6.2-he6710b0_1
  openssl            pkgs/main/linux-64::openssl-1.1.1g-h7b6447c_0
  pip                pkgs/main/linux-64::pip-19.3.1-py27_0
  pycosat            pkgs/main/linux-64::pycosat-0.6.3-py27h7b6447c_0
  pycparser          pkgs/main/noarch::pycparser-2.20-py_0
  pyopenssl          pkgs/main/linux-64::pyopenssl-19.1.0-py27_0
  pysocks            pkgs/main/linux-64::pysocks-1.7.1-py27_0
  python             pkgs/main/linux-64::python-2.7.18-h15b4118_1
  readline           pkgs/main/linux-64::readline-8.0-h7b6447c_0
  requests           pkgs/main/linux-64::requests-2.22.0-py27_1
  ruamel_yaml        pkgs/main/linux-64::ruamel_yaml-0.15.87-py27h7b6447c_0
  setuptools         pkgs/main/linux-64::setuptools-44.0.0-py27_0
  six                pkgs/main/linux-64::six-1.13.0-py27_0
  sqlite             pkgs/main/linux-64::sqlite-3.31.1-h62c20be_1
  tk                 pkgs/main/linux-64::tk-8.6.8-hbc83047_0
  tqdm               pkgs/main/noarch::tqdm-4.46.0-py_0
  urllib3            pkgs/main/linux-64::urllib3-1.25.7-py27_0
  wheel              pkgs/main/linux-64::wheel-0.33.6-py27_0
  yaml               pkgs/main/linux-64::yaml-0.1.7-had09818_2
  zlib               pkgs/main/linux-64::zlib-1.2.11-h7b6447c_3


Preparing transaction: ...working... done
Executing transaction: ...working... done
installation finished.

travis_time:end:1c10214c:start=1604027989436786550,finish=1604028000190907405,duration=10754120855[0Ktravis_fold:end:before_install.3[0Ktravis_fold:start:before_install.4[0Ktravis_time:start:1174ec0b[0K$ export PATH=/home/travis/miniconda2/bin:$PATH

travis_time:end:1174ec0b:start=1604028000201148331,finish=1604028000210743373,duration=9595042[0Ktravis_fold:end:before_install.4[0Ktravis_fold:start:before_install.5[0Ktravis_time:start:0710b4f1[0K$ conda update --yes --quiet conda
Collecting package metadata (current_repodata.json): ...working... done
Solving environment: ...working... done

## Package Plan ##

  environment location: /home/travis/miniconda2

  added / updated specs:
    - conda


The following packages will be downloaded:

    package                    |            build
    ---------------------------|-----------------
    asn1crypto-1.4.0           |             py_0          80 KB
    ca-certificates-2020.10.14 |                0         121 KB
    certifi-2020.6.20          |             py_1         153 KB
    idna-2.10                  |             py_0          50 KB
    libedit-3.1.20191231       |       h14c3975_1         116 KB
    libffi-3.3                 |       he6710b0_2          50 KB
    openssl-1.1.1h             |       h7b6447c_0         2.5 MB
    pycparser-2.20             |             py_2          94 KB
    pyopenssl-19.1.0           |             py_1          48 KB
    requests-2.24.0            |             py_0          56 KB
    six-1.15.0                 |             py_0          13 KB
    sqlite-3.33.0              |       h62c20be_0         1.1 MB
    tk-8.6.10                  |       hbc83047_0         3.0 MB
    tqdm-4.50.2                |             py_0          56 KB
    wheel-0.35.1               |             py_0          37 KB
    ------------------------------------------------------------
                                           Total:         7.5 MB

The following packages will be UPDATED:

  asn1crypto         pkgs/main/linux-64::asn1crypto-1.3.0-~ --> pkgs/main/noarch::asn1crypto-1.4.0-py_0
  ca-certificates                                2020.1.1-0 --> 2020.10.14-0
  certifi            pkgs/main/linux-64::certifi-2019.11.2~ --> pkgs/main/noarch::certifi-2020.6.20-py_1
  idna                  pkgs/main/linux-64::idna-2.8-py27_0 --> pkgs/main/noarch::idna-2.10-py_0
  libedit                           3.1.20181209-hc058e9b_0 --> 3.1.20191231-h14c3975_1
  libffi                                     3.3-he6710b0_1 --> 3.3-he6710b0_2
  openssl                                 1.1.1g-h7b6447c_0 --> 1.1.1h-h7b6447c_0
  pycparser                                       2.20-py_0 --> 2.20-py_2
  pyopenssl          pkgs/main/linux-64::pyopenssl-19.1.0-~ --> pkgs/main/noarch::pyopenssl-19.1.0-py_1
  requests           pkgs/main/linux-64::requests-2.22.0-p~ --> pkgs/main/noarch::requests-2.24.0-py_0
  six                 pkgs/main/linux-64::six-1.13.0-py27_0 --> pkgs/main/noarch::six-1.15.0-py_0
  sqlite                                  3.31.1-h62c20be_1 --> 3.33.0-h62c20be_0
  tk                                       8.6.8-hbc83047_0 --> 8.6.10-hbc83047_0
  tqdm                                          4.46.0-py_0 --> 4.50.2-py_0
  wheel              pkgs/main/linux-64::wheel-0.33.6-py27~ --> pkgs/main/noarch::wheel-0.35.1-py_0


Preparing transaction: ...working... done
Verifying transaction: ...working... done
Executing transaction: ...working... done

travis_time:end:0710b4f1:start=1604028000221969276,finish=1604028013499870743,duration=13277901467[0Ktravis_fold:end:before_install.5[0Ktravis_fold:start:before_install.6[0Ktravis_time:start:094adff4[0K$ export DISPLAY=:99.0

travis_time:end:094adff4:start=1604028013511134060,finish=1604028013518685952,duration=7551892[0Ktravis_fold:end:before_install.6[0Ktravis_fold:start:before_install.7[0Ktravis_time:start:1755a3f1[0K$ sh -e /etc/init.d/xvfb start
Starting virtual X frame buffer: Xvfb.

travis_time:end:1755a3f1:start=1604028013528732585,finish=1604028013539938674,duration=11206089[0Ktravis_fold:end:before_install.7[0Ktravis_fold:start:before_install.8[0Ktravis_time:start:1da572d8[0K$ PKGS="python=${PYTHON}"

travis_time:end:1da572d8:start=1604028013550311597,finish=1604028013557822354,duration=7510757[0Ktravis_fold:end:before_install.8[0Ktravis_fold:start:before_install.9[0Ktravis_time:start:1a0a733b[0K$ PKGS="${PKGS} numpy"; if [ ${NUMPY} ]; then PKGS="${PKGS}=${NUMPY}"; fi

travis_time:end:1a0a733b:start=1604028013567289437,finish=1604028013575099324,duration=7809887[0Ktravis_fold:end:before_install.9[0Ktravis_fold:start:before_install.10[0Ktravis_time:start:0eaf7e2a[0K$ PKGS="${PKGS} scipy"; if [ ${SCIPY} ]; then PKGS="${PKGS}=${SCIPY}"; fi

travis_time:end:0eaf7e2a:start=1604028013584812295,finish=1604028013591896535,duration=7084240[0Ktravis_fold:end:before_install.10[0Ktravis_fold:start:before_install.11[0Ktravis_time:start:09a657e9[0K$ PKGS="${PKGS} patsy"; if [ ${PATSY} ]; then PKGS="${PKGS}=${PATSY}"; fi

travis_time:end:09a657e9:start=1604028013601278704,finish=1604028013608767097,duration=7488393[0Ktravis_fold:end:before_install.11[0Ktravis_fold:start:before_install.12[0Ktravis_time:start:12330c0e[0K$ PKGS="${PKGS} pandas"; if [ ${PANDAS} ]; then PKGS="${PKGS}=${PANDAS}"; fi

travis_time:end:12330c0e:start=1604028013618408127,finish=1604028013626263603,duration=7855476[0Ktravis_fold:end:before_install.12[0Ktravis_fold:start:before_install.13[0Ktravis_time:start:067fe06c[0K$ PKGS="${PKGS} Cython"; if [ ${CYTHON} ]; then PKGS="${PKGS}=${CYTHON}"; fi

travis_time:end:067fe06c:start=1604028013635978925,finish=1604028013643849325,duration=7870400[0Ktravis_fold:end:before_install.13[0Ktravis_fold:start:before_install.14[0Ktravis_time:start:00017da5[0K$ PKGS="${PKGS} pip";

travis_time:end:00017da5:start=1604028013654565509,finish=1604028013662687166,duration=8121657[0Ktravis_fold:end:before_install.14[0Ktravis_fold:start:install.1[0Ktravis_time:start:06008e41[0K$ conda create --yes --quiet -n pychron-test ${PKGS} ${OPTIONAL}
Collecting package metadata (current_repodata.json): ...working... done
Solving environment: ...working... failed with repodata from current_repodata.json, will retry with next repodata source.
Collecting package metadata (repodata.json): ...working... done
Solving environment: ...working... failed

PackagesNotFoundError: The following packages are not available from current channels:

  - patsy=0.2
  - pandas=0.12
  - cython=0.20

Current channels:

  - https://repo.anaconda.com/pkgs/main/linux-64
  - https://repo.anaconda.com/pkgs/main/noarch
  - https://repo.anaconda.com/pkgs/r/linux-64
  - https://repo.anaconda.com/pkgs/r/noarch

To search for alternate channels that may provide the conda package you're
looking for, navigate to

    https://anaconda.org

and use the search bar at the top of the page.



travis_time:end:06008e41:start=1604028013672194488,finish=1604028030369096207,duration=16696901719[0K
[31;1mThe command "conda create --yes --quiet -n pychron-test ${PKGS} ${OPTIONAL}" failed and exited with 1 during .[0m

Your build has been stopped.
