travis_fold:start:system_info[0K[33;1mBuild system information[0m
Build language: python
Build group: stable
Build dist: precise
Build id: ''
Job id: ''
[34m[1mBuild image provisioning date and time[0m
Thu Feb  5 15:09:33 UTC 2015
[34m[1mOperating System Details[0m
Distributor ID:	Ubuntu
Description:	Ubuntu 12.04.5 LTS
Release:	12.04
Codename:	precise
[34m[1mLinux Version[0m
3.13.0-29-generic
[34m[1mCookbooks Version[0m
a68419e https://github.com/travis-ci/travis-cookbooks/tree/a68419e
[34m[1mGCC version[0m
gcc (Ubuntu/Linaro 4.6.3-1ubuntu5) 4.6.3
Copyright (C) 2011 Free Software Foundation, Inc.
This is free software; see the source for copying conditions.  There is NO
warranty; not even for MERCHANTABILITY or FITNESS FOR A PARTICULAR PURPOSE.

[34m[1mLLVM version[0m
clang version 3.4 (tags/RELEASE_34/final)
Target: x86_64-unknown-linux-gnu
Thread model: posix
[34m[1mPre-installed Ruby versions[0m
ruby-1.9.3-p551
[34m[1mPre-installed Node.js versions[0m
v0.10.36
[34m[1mPre-installed Go versions[0m
1.4.1
[34m[1mRedis version[0m
redis-server 2.8.19
[34m[1mriak version[0m
2.0.2
[34m[1mMongoDB version[0m
MongoDB 2.4.12
[34m[1mCouchDB version[0m
couchdb 1.6.1
[34m[1mNeo4j version[0m
1.9.4
[34m[1mRabbitMQ Version[0m
3.4.3
[34m[1mElasticSearch version[0m
1.4.0
[34m[1mInstalled Sphinx versions[0m
2.0.10
2.1.9
2.2.6
[34m[1mDefault Sphinx version[0m
2.2.6
[34m[1mInstalled Firefox version[0m
firefox 31.0esr
[34m[1mPhantomJS version[0m
1.9.8
[34m[1mant -version[0m
Apache Ant(TM) version 1.8.2 compiled on December 3 2011
[34m[1mmvn -version[0m
Apache Maven 3.2.5 (12a6b3acb947671f09b81f49094c53f426d8cea1; 2014-12-14T17:29:23+00:00)
Maven home: /usr/local/maven
Java version: 1.7.0_76, vendor: Oracle Corporation
Java home: /usr/lib/jvm/java-7-oracle/jre
Default locale: en_US, platform encoding: ANSI_X3.4-1968
OS name: "linux", version: "3.13.0-29-generic", arch: "amd64", family: "unix"
travis_fold:end:system_info[0K
grep: /etc/apt/sources.list.d/*: No such file or directory
sed: cannot rename /etc/hosts: Device or resource busy
sed: cannot rename /etc/hosts: Device or resource busy
[33;1m3.6 is not installed; attempting download[0m
[33;1mDownloading archive: https://s3.amazonaws.com/travis-python-archives/binaries/ubuntu/12.04/x86_64/python-3.6.tar.bz2[0m
$ sudo tar xjf python-3.6.tar.bz2 --directory /
$ cd failed/sunpy/sunpy
travis_fold:start:git.submodule[0Ktravis_time:start:142ea2d2[0K$ git submodule update --init --recursive
Submodule 'astropy_helpers' (https://github.com/astropy/astropy-helpers.git) registered for path 'astropy_helpers'
Cloning into 'astropy_helpers'...
Submodule path 'astropy_helpers': checked out '70b09af7e4f6b8a4e409412a913ff2adb05c12b7'

travis_time:end:142ea2d2:start=1604150937454231449,finish=1604150939588324697,duration=2134093248[0Ktravis_fold:end:git.submodule[0Ktravis_fold:start:apt[0K[33;1mInstalling APT Packages (BETA)[0m
$ export DEBIAN_FRONTEND=noninteractive
travis_time:start:06731362[0K$ sudo -E apt-get -yq update &>> ~/apt-get-update.log

travis_time:end:06731362:start=1604150939601110742,finish=1604150944292574116,duration=4691463374[0Ktravis_time:start:00ce38d6[0K$ sudo -E apt-get -yq --no-install-suggests --no-install-recommends --force-yes install libatlas-dev liblapack-dev gfortran graphviz texlive-latex-extra dvipng
Reading package lists...
Building dependency tree...
Reading state information...
The following extra packages will be installed:
  ed gfortran-4.6 libblas-dev libkpathsea5 luatex preview-latex-style
  tex-common texlive-base texlive-binaries texlive-common texlive-doc-base
  texlive-latex-base texlive-pictures
Suggested packages:
  gfortran-multilib gfortran-doc gfortran-4.6-multilib gfortran-4.6-doc
  libgfortran3-dbg graphviz-doc liblapack-doc perl-tk xpdf-reader pdf-viewer
  texpower dot2tex
Recommended packages:
  ttf-liberation texlive-luatex doc-base lmodern texlive-latex-base-doc
  texlive-latex-extra-doc texlive-latex-recommended texlive-pictures-doc pgf
The following NEW packages will be installed:
  dvipng ed gfortran gfortran-4.6 graphviz libatlas-dev libblas-dev
  libkpathsea5 liblapack-dev luatex preview-latex-style tex-common
  texlive-base texlive-binaries texlive-common texlive-doc-base
  texlive-latex-base texlive-latex-extra texlive-pictures
0 upgraded, 19 newly installed, 0 to remove and 238 not upgraded.
Need to get 45.7 MB of archives.
After this operation, 127 MB of additional disk space will be used.
Get:1 http://us.archive.ubuntu.com/ubuntu/ precise/main ed amd64 1.5-3 [57.9 kB]
Get:2 http://us.archive.ubuntu.com/ubuntu/ precise/main libkpathsea5 amd64 2009-11ubuntu2 [56.7 kB]
Get:3 http://us.archive.ubuntu.com/ubuntu/ precise/main tex-common all 2.10 [709 kB]
Get:4 http://us.archive.ubuntu.com/ubuntu/ precise/main texlive-common all 2009-15 [94.4 kB]
Get:5 http://us.archive.ubuntu.com/ubuntu/ precise/main texlive-binaries amd64 2009-11ubuntu2 [8,054 kB]
Get:6 http://us.archive.ubuntu.com/ubuntu/ precise/main dvipng amd64 1.14-1 [80.6 kB]
Get:7 http://us.archive.ubuntu.com/ubuntu/ precise/main gfortran-4.6 amd64 4.6.3-1ubuntu5 [5,579 kB]
Get:8 http://us.archive.ubuntu.com/ubuntu/ precise/main gfortran amd64 4:4.6.3-1ubuntu5 [1,206 B]
Get:9 http://us.archive.ubuntu.com/ubuntu/ precise-updates/main graphviz amd64 2.26.3-10ubuntu1.2 [338 kB]
Get:10 http://us.archive.ubuntu.com/ubuntu/ precise/main libblas-dev amd64 1.2.20110419-2ubuntu1 [302 kB]
Get:11 http://us.archive.ubuntu.com/ubuntu/ precise/universe libatlas-dev all 3.8.4-3build1 [13.6 kB]
Get:12 http://us.archive.ubuntu.com/ubuntu/ precise/main liblapack-dev amd64 3.3.1-1 [4,873 kB]
Get:13 http://us.archive.ubuntu.com/ubuntu/ precise/main luatex amd64 0.70.1-1ubuntu1 [2,458 kB]
Get:14 http://us.archive.ubuntu.com/ubuntu/ precise/main preview-latex-style all 11.86-2ubuntu1 [108 kB]
Get:15 http://us.archive.ubuntu.com/ubuntu/ precise/main texlive-doc-base all 2009-2 [1,339 kB]
Get:16 http://us.archive.ubuntu.com/ubuntu/ precise/main texlive-base all 2009-15 [14.7 MB]
Get:17 http://us.archive.ubuntu.com/ubuntu/ precise/main texlive-latex-base all 2009-15 [1,406 kB]
Get:18 http://us.archive.ubuntu.com/ubuntu/ precise/main texlive-pictures all 2009-15 [856 kB]
Get:19 http://us.archive.ubuntu.com/ubuntu/ precise/main texlive-latex-extra all 2009-10ubuntu1 [4,717 kB]
Preconfiguring packages ...
Fetched 45.7 MB in 1s (24.5 MB/s)
Selecting previously unselected package ed.
(Reading database ... 72431 files and directories currently installed.)
Unpacking ed (from .../archives/ed_1.5-3_amd64.deb) ...
Selecting previously unselected package libkpathsea5.
Unpacking libkpathsea5 (from .../libkpathsea5_2009-11ubuntu2_amd64.deb) ...
Selecting previously unselected package tex-common.
Unpacking tex-common (from .../tex-common_2.10_all.deb) ...
Selecting previously unselected package texlive-common.
Unpacking texlive-common (from .../texlive-common_2009-15_all.deb) ...
Selecting previously unselected package texlive-binaries.
Unpacking texlive-binaries (from .../texlive-binaries_2009-11ubuntu2_amd64.deb) ...
Selecting previously unselected package dvipng.
Unpacking dvipng (from .../dvipng_1.14-1_amd64.deb) ...
Selecting previously unselected package gfortran-4.6.
Unpacking gfortran-4.6 (from .../gfortran-4.6_4.6.3-1ubuntu5_amd64.deb) ...
Selecting previously unselected package gfortran.
Unpacking gfortran (from .../gfortran_4%3a4.6.3-1ubuntu5_amd64.deb) ...
Selecting previously unselected package graphviz.
Unpacking graphviz (from .../graphviz_2.26.3-10ubuntu1.2_amd64.deb) ...
Selecting previously unselected package libblas-dev.
Unpacking libblas-dev (from .../libblas-dev_1.2.20110419-2ubuntu1_amd64.deb) ...
Selecting previously unselected package libatlas-dev.
Unpacking libatlas-dev (from .../libatlas-dev_3.8.4-3build1_all.deb) ...
Selecting previously unselected package liblapack-dev.
Unpacking liblapack-dev (from .../liblapack-dev_3.3.1-1_amd64.deb) ...
Selecting previously unselected package luatex.
Unpacking luatex (from .../luatex_0.70.1-1ubuntu1_amd64.deb) ...
Selecting previously unselected package preview-latex-style.
Unpacking preview-latex-style (from .../preview-latex-style_11.86-2ubuntu1_all.deb) ...
Selecting previously unselected package texlive-doc-base.
Unpacking texlive-doc-base (from .../texlive-doc-base_2009-2_all.deb) ...
Selecting previously unselected package texlive-base.
Unpacking texlive-base (from .../texlive-base_2009-15_all.deb) ...
Selecting previously unselected package texlive-latex-base.
Unpacking texlive-latex-base (from .../texlive-latex-base_2009-15_all.deb) ...
Selecting previously unselected package texlive-pictures.
Unpacking texlive-pictures (from .../texlive-pictures_2009-15_all.deb) ...
Selecting previously unselected package texlive-latex-extra.
Unpacking texlive-latex-extra (from .../texlive-latex-extra_2009-10ubuntu1_all.deb) ...
Processing triggers for man-db ...
Processing triggers for ccache ...
Updating symlinks in /usr/lib/ccache ...
Setting up ed (1.5-3) ...
Setting up libkpathsea5 (2009-11ubuntu2) ...
Setting up tex-common (2.10) ...

Creating config file /etc/texmf/texmf.d/05TeXMF.cnf with new version

Creating config file /etc/texmf/texmf.d/15Plain.cnf with new version

Creating config file /etc/texmf/texmf.d/45TeXinputs.cnf with new version

Creating config file /etc/texmf/texmf.d/55Fonts.cnf with new version

Creating config file /etc/texmf/texmf.d/65BibTeX.cnf with new version

Creating config file /etc/texmf/texmf.d/75DviPS.cnf with new version

Creating config file /etc/texmf/texmf.d/80DVIPDFMx.cnf with new version

Creating config file /etc/texmf/texmf.d/85Misc.cnf with new version

Creating config file /etc/texmf/texmf.d/90TeXDoc.cnf with new version

Creating config file /etc/texmf/texmf.d/95NonPath.cnf with new version

Creating config file /etc/texmf/updmap.d/00updmap.cfg with new version

Creating config file /etc/texmf/texmf.cnf with new version
Running mktexlsr. This may take some time... done.
texlive-base is not ready, delaying updmap-sys call
texlive-base is not ready, skipping fmtutil-sys --all call
Setting up texlive-common (2009-15) ...
Setting up texlive-binaries (2009-11ubuntu2) ...
update-alternatives: using /usr/bin/xdvi-xaw to provide /usr/bin/xdvi.bin (xdvi.bin) in auto mode.
update-alternatives: using /usr/bin/bibtex.original to provide /usr/bin/bibtex (bibtex) in auto mode.
Building format(s) --refresh.
	This may take some time... done.
Setting up dvipng (1.14-1) ...
Setting up gfortran-4.6 (4.6.3-1ubuntu5) ...
Setting up gfortran (4:4.6.3-1ubuntu5) ...
update-alternatives: using /usr/bin/gfortran to provide /usr/bin/f95 (f95) in auto mode.
Setting up graphviz (2.26.3-10ubuntu1.2) ...
Setting up libblas-dev (1.2.20110419-2ubuntu1) ...
update-alternatives: using /usr/lib/libblas/libblas.so to provide /usr/lib/libblas.so (libblas.so) in auto mode.
Setting up libatlas-dev (3.8.4-3build1) ...
Setting up liblapack-dev (3.3.1-1) ...
update-alternatives: using /usr/lib/lapack/liblapack.so to provide /usr/lib/liblapack.so (liblapack.so) in auto mode.
Setting up luatex (0.70.1-1ubuntu1) ...
texlive-base is not ready, cannot create formats
Setting up preview-latex-style (11.86-2ubuntu1) ...
Setting up texlive-doc-base (2009-2) ...
Processing triggers for tex-common ...
Running mktexlsr. This may take some time... done.
Setting up texlive-base (2009-15) ...

Creating config file /etc/texmf/dvips/config/config.ps with new version

Creating config file /etc/texmf/tex/generic/config/pdftexconfig.tex with new version

Creating config file /etc/texmf/dvipdfmx/dvipdfmx.cfg with new version

Creating config file /etc/texmf/xdvi/XDvi with new version
Replacing config file /etc/texmf/dvips/config/config.ps with new version
Replacing config file /etc/texmf/dvipdfmx/dvipdfmx.cfg with new version
Replacing config file /etc/texmf/xdvi/XDvi with new version
Replacing config file /etc/texmf/tex/generic/config/pdftexconfig.tex with new version
pdftex paper size has changed, refreshing formats
fmtutil: no format depends on engine `pdftex'.
Running mktexlsr. This may take some time... done.
Building format(s) --all --cnffile /etc/texmf/fmt.d/10texlive-base.cnf.
	This may take some time... done.
Processing triggers for tex-common ...
Running updmap-sys. This may take some time... done.
Running mktexlsr /var/lib/texmf ... done.
Building e-tex based formats --byhyphen /var/lib/texmf/tex/generic/config/language.def.
	This may take some time... done.
Setting up texlive-latex-base (2009-15) ...
Running mktexlsr. This may take some time... done.
Building format(s) --all --cnffile /etc/texmf/fmt.d/10texlive-latex-base.cnf.
	This may take some time... done.
Setting up texlive-pictures (2009-15) ...
Processing triggers for tex-common ...
Running mktexlsr. This may take some time... done.
Running updmap-sys. This may take some time... done.
Running mktexlsr /var/lib/texmf ... done.
Setting up texlive-latex-extra (2009-10ubuntu1) ...
Processing triggers for libc-bin ...
ldconfig deferred processing now taking place
Processing triggers for tex-common ...
Running mktexlsr. This may take some time... done.
Running updmap-sys. This may take some time... done.
Running mktexlsr /var/lib/texmf ... done.

travis_time:end:00ce38d6:start=1604150944304285345,finish=1604150974145391201,duration=29841105856[0Ktravis_fold:end:apt[0K
[33;1mSetting environment variables from .travis.yml[0m
$ export COLUMNS=240
$ export PREVIOUS_NUMPY=1.11.3
$ export NUMPY_VERSION='stable'
$ export ASTROPY_VERSION='stable'
$ export MAIN_CMD='python setup.py'
$ export SETUP_CMD='test'
$ export CONDA_CHANNELS='astropy astropy-ci-extras conda-forge'
$ export CONDA_DEPENDENCIES='openjpeg Cython jinja2 scipy matplotlib mock requests beautifulsoup4 sqlalchemy scikit-image pytest-mock pyyaml pandas nomkl pytest-cov coverage hypothesis glymur'
$ export PIP_DEPENDENCIES='suds-jurko sphinx-gallery pytest-sugar'
$ export EVENT_TYPE='pull_request push'
$ export SETUP_CMD='test --online --coverage -V'
$ export EVENT_TYPE='push pull_request cron'

travis_time:start:039555a1[0K$ source ~/virtualenv/python3.6/bin/activate

travis_time:end:039555a1:start=1604150974297353342,finish=1604150974308580502,duration=11227160[0K$ python --version
Python 3.6.7
$ pip --version
pip 18.1 from /home/travis/virtualenv/python3.6.7/lib/python3.6/site-packages/pip (python 3.6)
travis_fold:start:install.1[0Ktravis_time:start:044b7bd4[0K$ git clone git://github.com/astropy/ci-helpers.git
Cloning into 'ci-helpers'...

travis_time:end:044b7bd4:start=1604150974748321932,finish=1604150975384604622,duration=636282690[0Ktravis_fold:end:install.1[0Ktravis_fold:start:install.2[0Ktravis_time:start:26973c0a[0K$ source ci-helpers/travis/setup_conda.sh
