travis_fold:start:system_info[0K[33;1mBuild system information[0m
Build language: python
Build group: stable
Build dist: precise
Build id: ''
Job id: ''
[34m[1mBuild image provisioning date and time[0m
Thu Feb  5 15:09:33 UTC 2015
[34m[1mOperating System Details[0m
Distributor ID:	Ubuntu
Description:	Ubuntu 12.04.5 LTS
Release:	12.04
Codename:	precise
[34m[1mLinux Version[0m
3.13.0-29-generic
[34m[1mCookbooks Version[0m
a68419e https://github.com/travis-ci/travis-cookbooks/tree/a68419e
[34m[1mGCC version[0m
gcc (Ubuntu/Linaro 4.6.3-1ubuntu5) 4.6.3
Copyright (C) 2011 Free Software Foundation, Inc.
This is free software; see the source for copying conditions.  There is NO
warranty; not even for MERCHANTABILITY or FITNESS FOR A PARTICULAR PURPOSE.

[34m[1mLLVM version[0m
clang version 3.4 (tags/RELEASE_34/final)
Target: x86_64-unknown-linux-gnu
Thread model: posix
[34m[1mPre-installed Ruby versions[0m
ruby-1.9.3-p551
[34m[1mPre-installed Node.js versions[0m
v0.10.36
[34m[1mPre-installed Go versions[0m
1.4.1
[34m[1mRedis version[0m
redis-server 2.8.19
[34m[1mriak version[0m
2.0.2
[34m[1mMongoDB version[0m
MongoDB 2.4.12
[34m[1mCouchDB version[0m
couchdb 1.6.1
[34m[1mNeo4j version[0m
1.9.4
[34m[1mRabbitMQ Version[0m
3.4.3
[34m[1mElasticSearch version[0m
1.4.0
[34m[1mInstalled Sphinx versions[0m
2.0.10
2.1.9
2.2.6
[34m[1mDefault Sphinx version[0m
2.2.6
[34m[1mInstalled Firefox version[0m
firefox 31.0esr
[34m[1mPhantomJS version[0m
1.9.8
[34m[1mant -version[0m
Apache Ant(TM) version 1.8.2 compiled on December 3 2011
[34m[1mmvn -version[0m
Apache Maven 3.2.5 (12a6b3acb947671f09b81f49094c53f426d8cea1; 2014-12-14T17:29:23+00:00)
Maven home: /usr/local/maven
Java version: 1.7.0_76, vendor: Oracle Corporation
Java home: /usr/lib/jvm/java-7-oracle/jre
Default locale: en_US, platform encoding: ANSI_X3.4-1968
OS name: "linux", version: "3.13.0-29-generic", arch: "amd64", family: "unix"
travis_fold:end:system_info[0K
W: GPG error: http://apt.postgresql.org precise-pgdg Release: The following signatures were invalid: KEYEXPIRED 1562078959
W: Failed to fetch http://ppa.launchpad.net/travis-ci/zero-mq/ubuntu/dists/precise/main/binary-amd64/Packages  403  Forbidden

W: Failed to fetch http://ppa.launchpad.net/travis-ci/zero-mq/ubuntu/dists/precise/main/binary-i386/Packages  403  Forbidden

W: Failed to fetch http://downloads-distro.mongodb.org/repo/debian-sysvinit/dists/dist/10gen/binary-amd64/Packages  Undetermined Error [IP: 54.175.147.155 80]

W: Failed to fetch http://downloads-distro.mongodb.org/repo/debian-sysvinit/dists/dist/10gen/binary-i386/Packages  Undetermined Error [IP: 54.175.147.155 80]

E: Some index files failed to download. They have been ignored, or old ones used instead.
$ cd failed/ccnmtl/plexus
travis_time:start:068efb38[0K$ source ~/virtualenv/python2.7/bin/activate

travis_time:end:068efb38:start=1591456796968196152,finish=1591456796974782473,duration=6586321[0K$ python --version
$ pip --version
pip 6.0.7 from /home/travis/virtualenv/python2.7.9/lib/python2.7/site-packages (python 2.7)
travis_fold:start:install.1[0Ktravis_time:start:03eba439[0K$ pip install -U pip wheel
Collecting pip from https://files.pythonhosted.org/packages/43/84/23ed6a1796480a6f1a2d38f2802901d078266bda38388954d01d3f2e821d/pip-20.1.1-py2.py3-none-any.whl#sha256=b27c4dedae8c41aa59108f2fa38bf78e0890e590545bc8ece7cdceb4ba60f6e4
  Downloading https://files.pythonhosted.org/packages/43/84/23ed6a1796480a6f1a2d38f2802901d078266bda38388954d01d3f2e821d/pip-20.1.1-py2.py3-none-any.whl (1.5MB)
Collecting wheel from https://files.pythonhosted.org/packages/8c/23/848298cccf8e40f5bbb59009b32848a4c38f4e7f3364297ab3c3e2e2cd14/wheel-0.34.2-py2.py3-none-any.whl#sha256=df277cb51e61359aba502208d680f90c0493adec6f0e848af94948778aed386e
  Downloading https://files.pythonhosted.org/packages/8c/23/848298cccf8e40f5bbb59009b32848a4c38f4e7f3364297ab3c3e2e2cd14/wheel-0.34.2-py2.py3-none-any.whl
Installing collected packages: wheel, pip
  Found existing installation: wheel 0.24.0
    Uninstalling wheel-0.24.0:
      Successfully uninstalled wheel-0.24.0

  Found existing installation: pip 6.0.7
    Uninstalling pip-6.0.7:
      Successfully uninstalled pip-6.0.7

Successfully installed pip-20.1.1 wheel-0.34.2

travis_time:end:03eba439:start=1591456797756765393,finish=1591456804148459190,duration=6391693797[0Ktravis_fold:end:install.1[0Ktravis_fold:start:install.2[0Ktravis_time:start:00de1386[0K$ pip install -U setuptools
Collecting setuptools
  Downloading setuptools-44.1.1-py2.py3-none-any.whl (583 kB)
Installing collected packages: setuptools
  Attempting uninstall: setuptools
    Found existing installation: setuptools 12.0.5
    Uninstalling setuptools-12.0.5:
      Successfully uninstalled setuptools-12.0.5
Successfully installed setuptools-44.1.1

travis_time:end:00de1386:start=1591456804157505686,finish=1591456807105667794,duration=2948162108[0Ktravis_fold:end:install.2[0Ktravis_fold:start:install.3[0Ktravis_time:start:32ff9934[0K$ pip install -r requirements.txt
Collecting Django==1.11.2
  Downloading Django-1.11.2-py2.py3-none-any.whl (6.9 MB)
Collecting pytz==2017.2
  Downloading pytz-2017.2-py2.py3-none-any.whl (484 kB)
Collecting httplib2==0.10.3
  Downloading httplib2-0.10.3.tar.gz (204 kB)
Collecting feedparser==5.2.1
  Downloading feedparser-5.2.1.tar.bz2 (192 kB)
Collecting chardet==3.0.4
  Downloading chardet-3.0.4-py2.py3-none-any.whl (133 kB)
Collecting idna==2.5
  Downloading idna-2.5-py2.py3-none-any.whl (55 kB)
Collecting urllib3==1.21.1
  Downloading urllib3-1.21.1-py2.py3-none-any.whl (131 kB)
Collecting certifi==2017.4.17
  Downloading certifi-2017.4.17-py2.py3-none-any.whl (375 kB)
Collecting requests==2.17.3
  Downloading requests-2.17.3-py2.py3-none-any.whl (87 kB)
Collecting django-feedparser==0.2.1
  Downloading django-feedparser-0.2.1.tar.gz (9.8 kB)
Collecting Markdown==2.6.8
  Downloading Markdown-2.6.8.tar.gz (307 kB)
Collecting uuid==1.30
  Downloading uuid-1.30.tar.gz (5.8 kB)
Collecting psycopg2==2.7.1
  Downloading psycopg2-2.7.1-cp27-cp27mu-manylinux1_x86_64.whl (2.7 MB)
Collecting versiontools==1.9.1
  Downloading versiontools-1.9.1.tar.gz (19 kB)
Collecting statsd==3.2.1
  Downloading statsd-3.2.1-py2.py3-none-any.whl (11 kB)
Collecting BeautifulSoup==3.2.1
  Downloading BeautifulSoup-3.2.1.tar.gz (31 kB)
Collecting cssselect==1.0.1
  Downloading cssselect-1.0.1-py2.py3-none-any.whl (15 kB)
Collecting lxml==3.8.0
  Downloading lxml-3.8.0-cp27-cp27mu-manylinux1_x86_64.whl (6.8 MB)
Collecting funcsigs==1.0.2
  Downloading funcsigs-1.0.2-py2.py3-none-any.whl (17 kB)
Collecting sure==1.4.6
  Downloading sure-1.4.6-py2-none-any.whl (22 kB)
Collecting ipdb==0.10.3
  Downloading ipdb-0.10.3.tar.gz (9.4 kB)
Collecting traitlets==4.3.2
  Downloading traitlets-4.3.2-py2.py3-none-any.whl (74 kB)
Collecting ipython_genutils==0.2.0
  Downloading ipython_genutils-0.2.0-py2.py3-none-any.whl (26 kB)
Collecting decorator==4.0.11
  Downloading decorator-4.0.11-py2.py3-none-any.whl (8.9 kB)
Collecting ptyprocess==0.5.1
  Downloading ptyprocess-0.5.1-py2.py3-none-any.whl (12 kB)
Collecting pexpect==4.2.1
  Downloading pexpect-4.2.1-py2.py3-none-any.whl (55 kB)
Collecting pickleshare==0.7.4
  Downloading pickleshare-0.7.4-py2.py3-none-any.whl (6.9 kB)
Collecting simplegeneric==0.8.1
  Downloading simplegeneric-0.8.1.zip (12 kB)
Collecting path.py==10.3.1
  Downloading path.py-10.3.1-py2.py3-none-any.whl (29 kB)
Collecting backports.shutil_get_terminal_size==1.0.0
  Downloading backports.shutil_get_terminal_size-1.0.0-py2.py3-none-any.whl (6.5 kB)

travis_time:end:32ff9934:start=1591456807114668199,finish=1591456824805693905,duration=17691025706[0K
[31;1mThe command "pip install -r requirements.txt" failed and exited with 1 during .[0m

Your build has been stopped.
