travis_fold:start:system_info[0K[33;1mBuild system information[0m
Build language: python
Build group: stable
Build dist: trusty
Build id: ''
Job id: ''
[34m[1mBuild image provisioning date and time[0m
Tue Dec  5 20:11:19 UTC 2017
[34m[1mOperating System Details[0m
Distributor ID:	Ubuntu
Description:	Ubuntu 14.04.5 LTS
Release:	14.04
Codename:	trusty
[34m[1mCookbooks Version[0m
7c2c6a6 https://github.com/travis-ci/travis-cookbooks/tree/7c2c6a6
[34m[1mgit version[0m
git version 2.15.1
[34m[1mbash version[0m
GNU bash, version 4.3.11(1)-release (x86_64-pc-linux-gnu)
[34m[1mgcc version[0m
gcc (Ubuntu 4.8.4-2ubuntu1~14.04.3) 4.8.4
Copyright (C) 2013 Free Software Foundation, Inc.
This is free software; see the source for copying conditions.  There is NO
warranty; not even for MERCHANTABILITY or FITNESS FOR A PARTICULAR PURPOSE.

[34m[1mdocker version[0m
Client:
 Version:      17.09.0-ce
 API version:  1.32
 Go version:   go1.8.3
 Git commit:   afdb6d4
 Built:        Tue Sep 26 22:39:28 2017
 OS/Arch:      linux/amd64
[34m[1mclang version[0m
clang version 5.0.0 (tags/RELEASE_500/final)
Target: x86_64-unknown-linux-gnu
Thread model: posix
InstalledDir: /usr/local/clang-5.0.0/bin
[34m[1mjq version[0m
jq-1.5
[34m[1mbats version[0m
Bats 0.4.0
[34m[1mshellcheck version[0m
0.4.6
[34m[1mshfmt version[0m
v2.0.0
[34m[1mccache version[0m
ccache version 3.1.9

Copyright (C) 2002-2007 Andrew Tridgell
Copyright (C) 2009-2011 Joel Rosdahl

This program is free software; you can redistribute it and/or modify it under
the terms of the GNU General Public License as published by the Free Software
Foundation; either version 3 of the License, or (at your option) any later
version.
[34m[1mcmake version[0m
cmake version 3.9.2

CMake suite maintained and supported by Kitware (kitware.com/cmake).
[34m[1mheroku version[0m
heroku-cli/6.14.39-addc925 (linux-x64) node-v9.2.0
[34m[1mimagemagick version[0m
Version: ImageMagick 6.7.7-10 2017-07-31 Q16 http://www.imagemagick.org
[34m[1mmd5deep version[0m
4.2
[34m[1mmercurial version[0m
Mercurial Distributed SCM (version 4.2.2)
(see https://mercurial-scm.org for more information)

Copyright (C) 2005-2017 Matt Mackall and others
This is free software; see the source for copying conditions. There is NO
warranty; not even for MERCHANTABILITY or FITNESS FOR A PARTICULAR PURPOSE.
[34m[1mmysql version[0m
mysql  Ver 14.14 Distrib 5.6.33, for debian-linux-gnu (x86_64) using  EditLine wrapper
[34m[1mopenssl version[0m
OpenSSL 1.0.1f 6 Jan 2014
[34m[1mpacker version[0m
Packer v1.0.2

Your version of Packer is out of date! The latest version
is 1.1.2. You can update by downloading from www.packer.io
[34m[1mpostgresql client version[0m
psql (PostgreSQL) 9.6.6
[34m[1mragel version[0m
Ragel State Machine Compiler version 6.8 Feb 2013
Copyright (c) 2001-2009 by Adrian Thurston
[34m[1msubversion version[0m
svn, version 1.8.8 (r1568071)
   compiled Aug 10 2017, 17:20:39 on x86_64-pc-linux-gnu

Copyright (C) 2013 The Apache Software Foundation.
This software consists of contributions made by many people;
see the NOTICE file for more information.
Subversion is open source software, see http://subversion.apache.org/

The following repository access (RA) modules are available:

* ra_svn : Module for accessing a repository using the svn network protocol.
  - with Cyrus SASL authentication
  - handles 'svn' scheme
* ra_local : Module for accessing a repository on local disk.
  - handles 'file' scheme
* ra_serf : Module for accessing a repository via WebDAV protocol using serf.
  - using serf 1.3.3
  - handles 'http' scheme
  - handles 'https' scheme

[34m[1msudo version[0m
Sudo version 1.8.9p5
Configure options: --prefix=/usr -v --with-all-insults --with-pam --with-fqdn --with-logging=syslog --with-logfac=authpriv --with-env-editor --with-editor=/usr/bin/editor --with-timeout=15 --with-password-timeout=0 --with-passprompt=[sudo] password for %p:  --without-lecture --with-tty-tickets --disable-root-mailer --enable-admin-flag --with-sendmail=/usr/sbin/sendmail --with-timedir=/var/lib/sudo --mandir=/usr/share/man --libexecdir=/usr/lib/sudo --with-sssd --with-sssd-lib=/usr/lib/x86_64-linux-gnu --with-selinux
Sudoers policy plugin version 1.8.9p5
Sudoers file grammar version 43

Sudoers path: /etc/sudoers
Authentication methods: 'pam'
Syslog facility if syslog is being used for logging: authpriv
Syslog priority to use when user authenticates successfully: notice
Syslog priority to use when user authenticates unsuccessfully: alert
Send mail if the user is not in sudoers
Use a separate timestamp for each user/tty combo
Lecture user the first time they run sudo
Root may run sudo
Allow some information gathering to give useful error messages
Require fully-qualified hostnames in the sudoers file
Visudo will honor the EDITOR environment variable
Set the LOGNAME and USER environment variables
Length at which to wrap log file lines (0 for no wrap): 80
Authentication timestamp timeout: 15.0 minutes
Password prompt timeout: 0.0 minutes
Number of tries to enter a password: 3
Umask to use or 0777 to use user's: 022
Path to mail program: /usr/sbin/sendmail
Flags for mail program: -t
Address to send mail to: root
Subject line for mail messages: *** SECURITY information for %h ***
Incorrect password message: Sorry, try again.
Path to authentication timestamp dir: /var/lib/sudo
Default password prompt: [sudo] password for %p: 
Default user to run commands as: root
Value to override user's $PATH with: /usr/local/sbin:/usr/local/bin:/usr/sbin:/usr/bin:/sbin:/bin:/snap/bin
Path to the editor for use by visudo: /usr/bin/editor
When to require a password for 'list' pseudocommand: any
When to require a password for 'verify' pseudocommand: all
File descriptors >= 3 will be closed before executing a command
Environment variables to check for sanity:
	TZ
	TERM
	LINGUAS
	LC_*
	LANGUAGE
	LANG
	COLORTERM
Environment variables to remove:
	RUBYOPT
	RUBYLIB
	PYTHONUSERBASE
	PYTHONINSPECT
	PYTHONPATH
	PYTHONHOME
	TMPPREFIX
	ZDOTDIR
	READNULLCMD
	NULLCMD
	FPATH
	PERL5DB
	PERL5OPT
	PERL5LIB
	PERLLIB
	PERLIO_DEBUG 
	JAVA_TOOL_OPTIONS
	SHELLOPTS
	GLOBIGNORE
	PS4
	BASH_ENV
	ENV
	TERMCAP
	TERMPATH
	TERMINFO_DIRS
	TERMINFO
	_RLD*
	LD_*
	PATH_LOCALE
	NLSPATH
	HOSTALIASES
	RES_OPTIONS
	LOCALDOMAIN
	CDPATH
	IFS
Environment variables to preserve:
	JAVA_HOME
	TRAVIS
	CI
	DEBIAN_FRONTEND
	XAUTHORIZATION
	XAUTHORITY
	PS2
	PS1
	PATH
	LS_COLORS
	KRB5CCNAME
	HOSTNAME
	HOME
	DISPLAY
	COLORS
Locale to use while parsing sudoers: C
Directory in which to store input/output logs: /var/log/sudo-io
File in which to store the input/output log: %{seq}
Add an entry to the utmp/utmpx file when allocating a pty
PAM service name to use
PAM service name to use for login shells
Create a new PAM session for the command to run in
Maximum I/O log sequence number: 0

Local IP address and netmask pairs:
	172.17.0.2/255.255.0.0

Sudoers I/O plugin version 1.8.9p5
[34m[1mgzip version[0m
gzip 1.6
Copyright (C) 2007, 2010, 2011 Free Software Foundation, Inc.
Copyright (C) 1993 Jean-loup Gailly.
This is free software.  You may redistribute copies of it under the terms of
the GNU General Public License <http://www.gnu.org/licenses/gpl.html>.
There is NO WARRANTY, to the extent permitted by law.

Written by Jean-loup Gailly.
[34m[1mzip version[0m
Copyright (c) 1990-2008 Info-ZIP - Type 'zip "-L"' for software license.
This is Zip 3.0 (July 5th 2008), by Info-ZIP.
Currently maintained by E. Gordon.  Please send bug reports to
the authors using the web page at www.info-zip.org; see README for details.

Latest sources and executables are at ftp://ftp.info-zip.org/pub/infozip,
as of above date; see http://www.info-zip.org/ for other sites.

Compiled with gcc 4.8.2 for Unix (Linux ELF) on Oct 21 2013.

Zip special compilation options:
	USE_EF_UT_TIME       (store Universal Time)
	BZIP2_SUPPORT        (bzip2 library version 1.0.6, 6-Sept-2010)
	    bzip2 code and library copyright (c) Julian R Seward
	    (See the bzip2 license for terms of use)
	SYMLINK_SUPPORT      (symbolic links supported)
	LARGE_FILE_SUPPORT   (can read and write large files on file system)
	ZIP64_SUPPORT        (use Zip64 to store large files in archives)
	UNICODE_SUPPORT      (store and read UTF-8 Unicode paths)
	STORE_UNIX_UIDs_GIDs (store UID/GID sizes/values using new extra field)
	UIDGID_NOT_16BIT     (old Unix 16-bit UID/GID extra field not used)
	[encryption, version 2.91 of 05 Jan 2007] (modified for Zip 3)

Encryption notice:
	The encryption code of this program is not copyrighted and is
	put in the public domain.  It was originally written in Europe
	and, to the best of our knowledge, can be freely distributed
	in both source and object forms from any country, including
	the USA under License Exception TSU of the U.S. Export
	Administration Regulations (section 740.13(e)) of 6 June 2002.

Zip environment options:
             ZIP:  [none]
          ZIPOPT:  [none]
[34m[1mvim version[0m
VIM - Vi IMproved 7.4 (2013 Aug 10, compiled Nov 24 2016 16:43:18)
Included patches: 1-52
Extra patches: 8.0.0056
Modified by pkg-vim-maintainers@lists.alioth.debian.org
Compiled by buildd@
Huge version without GUI.  Features included (+) or not (-):
+acl             +farsi           +mouse_netterm   +syntax
+arabic          +file_in_path    +mouse_sgr       +tag_binary
+autocmd         +find_in_path    -mouse_sysmouse  +tag_old_static
-balloon_eval    +float           +mouse_urxvt     -tag_any_white
-browse          +folding         +mouse_xterm     -tcl
++builtin_terms  -footer          +multi_byte      +terminfo
+byte_offset     +fork()          +multi_lang      +termresponse
+cindent         +gettext         -mzscheme        +textobjects
-clientserver    -hangul_input    +netbeans_intg   +title
-clipboard       +iconv           +path_extra      -toolbar
+cmdline_compl   +insert_expand   -perl            +user_commands
+cmdline_hist    +jumplist        +persistent_undo +vertsplit
+cmdline_info    +keymap          +postscript      +virtualedit
+comments        +langmap         +printer         +visual
+conceal         +libcall         +profile         +visualextra
+cryptv          +linebreak       +python          +viminfo
+cscope          +lispindent      -python3         +vreplace
+cursorbind      +listcmds        +quickfix        +wildignore
+cursorshape     +localmap        +reltime         +wildmenu
+dialog_con      -lua             +rightleft       +windows
+diff            +menu            -ruby            +writebackup
+digraphs        +mksession       +scrollbind      -X11
-dnd             +modify_fname    +signs           -xfontset
-ebcdic          +mouse           +smartindent     -xim
+emacs_tags      -mouseshape      -sniff           -xsmp
+eval            +mouse_dec       +startuptime     -xterm_clipboard
+ex_extra        +mouse_gpm       +statusline      -xterm_save
+extra_search    -mouse_jsbterm   -sun_workshop    -xpm
   system vimrc file: "$VIM/vimrc"
     user vimrc file: "$HOME/.vimrc"
 2nd user vimrc file: "~/.vim/vimrc"
      user exrc file: "$HOME/.exrc"
  fall-back for $VIM: "/usr/share/vim"
Compilation: gcc -c -I. -Iproto -DHAVE_CONFIG_H     -g -O2 -fstack-protector --param=ssp-buffer-size=4 -Wformat -Werror=format-security -U_FORTIFY_SOURCE -D_FORTIFY_SOURCE=1      
Linking: gcc   -Wl,-Bsymbolic-functions -Wl,-z,relro -Wl,--as-needed -o vim        -lm -ltinfo -lnsl  -lselinux  -lacl -lattr -lgpm -ldl    -L/usr/lib/python2.7/config-x86_64-linux-gnu -lpython2.7 -lpthread -ldl -lutil -lm -Xlinker -export-dynamic -Wl,-O1 -Wl,-Bsymbolic-functions      
[34m[1miptables version[0m
iptables v1.4.21
[34m[1mcurl version[0m
curl 7.35.0 (x86_64-pc-linux-gnu) libcurl/7.35.0 OpenSSL/1.0.1f zlib/1.2.8 libidn/1.28 librtmp/2.3
[34m[1mwget version[0m
GNU Wget 1.15 built on linux-gnu.
[34m[1mrsync version[0m
rsync  version 3.1.0  protocol version 31
[34m[1mgimme version[0m
v1.2.0
[34m[1mnvm version[0m
0.33.6
[34m[1mperlbrew version[0m
/home/travis/perl5/perlbrew/bin/perlbrew  - App::perlbrew/0.80
[34m[1mphpenv version[0m
rbenv 1.1.1-25-g6aa70b6
[34m[1mrvm version[0m
rvm 1.29.3 (latest) by Michal Papis, Piotr Kuczynski, Wayne E. Seguin [https://rvm.io]
[34m[1mdefault ruby version[0m
ruby 2.4.1p111 (2017-03-22 revision 58053) [x86_64-linux]
[34m[1mCouchDB version[0m
couchdb 1.6.1
[34m[1mElasticSearch version[0m
5.5.0
[34m[1mInstalled Firefox version[0m
firefox 56.0.2
[34m[1mMongoDB version[0m
MongoDB 3.4.10
[34m[1mPhantomJS version[0m
2.1.1
[34m[1mPre-installed PostgreSQL versions[0m
9.2.24
9.3.20
9.4.15
9.5.10
9.6.6
[34m[1mRabbitMQ Version[0m
3.6.14
[34m[1mRedis version[0m
redis-server 4.0.6
[34m[1mriak version[0m
2.2.3
[34m[1mPre-installed Go versions[0m
1.7.4
[34m[1mant version[0m
Apache Ant(TM) version 1.9.3 compiled on April 8 2014
[34m[1mmvn version[0m
Apache Maven 3.5.2 (138edd61fd100ec658bfa2d307c43b76940a5d7d; 2017-10-18T07:58:13Z)
Maven home: /usr/local/maven-3.5.2
Java version: 1.8.0_151, vendor: Oracle Corporation
Java home: /usr/lib/jvm/java-8-oracle/jre
Default locale: en_US, platform encoding: UTF-8
OS name: "linux", version: "4.4.0-101-generic", arch: "amd64", family: "unix"
[34m[1mgradle version[0m

------------------------------------------------------------
Gradle 4.0.1
------------------------------------------------------------

Build time:   2017-07-07 14:02:41 UTC
Revision:     38e5dc0f772daecca1d2681885d3d85414eb6826

Groovy:       2.4.11
Ant:          Apache Ant(TM) version 1.9.6 compiled on June 29 2015
JVM:          1.8.0_151 (Oracle Corporation 25.151-b12)
OS:           Linux 4.4.0-101-generic amd64

[34m[1mlein version[0m
Leiningen 2.8.1 on Java 1.8.0_151 Java HotSpot(TM) 64-Bit Server VM
[34m[1mPre-installed Node.js versions[0m
v4.8.6
v6.12.0
v6.12.1
v8.9
v8.9.1
[34m[1mphpenv versions[0m
  system
  5.6
* 5.6.32 (set by /home/travis/.phpenv/version)
  7.0
  7.0.25
  7.1
  7.1.11
  hhvm
  hhvm-stable
[34m[1mcomposer --version[0m
Composer version 1.5.2 2017-09-11 16:59:25
[34m[1mPre-installed Ruby versions[0m
ruby-2.2.7
ruby-2.3.4
ruby-2.4.1
travis_fold:end:system_info[0K
[33;1m3.5 is not installed; attempting download[0m
[33;1mDownloading archive: https://s3.amazonaws.com/travis-python-archives/binaries/ubuntu/14.04/x86_64/python-3.5.tar.bz2[0m
$ sudo tar xjf python-3.5.tar.bz2 --directory /
$ cd failed/getslash/slash
travis_time:start:025502e2[0K$ source ~/virtualenv/python3.5/bin/activate

travis_time:end:025502e2:start=1591477052158770580,finish=1591477052174488476,duration=15717896[0K$ python --version
Python 3.5.6
$ pip --version
pip 18.0 from /home/travis/virtualenv/python3.5.6/lib/python3.5/site-packages/pip (python 3.5)
travis_fold:start:install.1[0Ktravis_time:start:177bf9a0[0K$ pip install virtualenv==15.1.0
Collecting virtualenv==15.1.0
  Downloading https://files.pythonhosted.org/packages/6f/86/3dc328ee7b1a6419ebfac7896d882fba83c48e3561d22ddddf38294d3e83/virtualenv-15.1.0-py2.py3-none-any.whl (1.8MB)
Installing collected packages: virtualenv
  Found existing installation: virtualenv 16.0.0
    Uninstalling virtualenv-16.0.0:
      Successfully uninstalled virtualenv-16.0.0
Successfully installed virtualenv-15.1.0

travis_time:end:177bf9a0:start=1591477052609733518,finish=1591477053849611133,duration=1239877615[0Ktravis_fold:end:install.1[0Ktravis_fold:start:install.2[0Ktravis_time:start:0306f1f4[0K$ pip install codecov==2.0.10
Collecting codecov==2.0.10
  Downloading https://files.pythonhosted.org/packages/e0/5d/3ebba3f5b994fe6af69638bef91980dfbd7b8e4d16c7c5ebee4e7c2ee138/codecov-2.0.10-py2.py3-none-any.whl
Collecting requests>=2.7.9 (from codecov==2.0.10)
  Downloading https://files.pythonhosted.org/packages/1a/70/1935c770cb3be6e3a8b78ced23d7e0f3b187f5cbfab4749523ed65d7c9b1/requests-2.23.0-py2.py3-none-any.whl (58kB)
Collecting coverage (from codecov==2.0.10)
  Downloading https://files.pythonhosted.org/packages/f6/33/10fd30e91f5daf9b0712dff47031e7ba29537e104585aef2a3f4b59665ea/coverage-5.1-cp35-cp35m-manylinux1_x86_64.whl (227kB)
Collecting idna<3,>=2.5 (from requests>=2.7.9->codecov==2.0.10)
  Downloading https://files.pythonhosted.org/packages/89/e3/afebe61c546d18fb1709a61bee788254b40e736cff7271c7de5de2dc4128/idna-2.9-py2.py3-none-any.whl (58kB)
Collecting urllib3!=1.25.0,!=1.25.1,<1.26,>=1.21.1 (from requests>=2.7.9->codecov==2.0.10)
  Downloading https://files.pythonhosted.org/packages/e1/e5/df302e8017440f111c11cc41a6b432838672f5a70aa29227bf58149dc72f/urllib3-1.25.9-py2.py3-none-any.whl (126kB)
Requirement already satisfied: certifi>=2017.4.17 in /home/travis/virtualenv/python3.5.6/lib/python3.5/site-packages (from requests>=2.7.9->codecov==2.0.10) (2018.4.16)
Collecting chardet<4,>=3.0.2 (from requests>=2.7.9->codecov==2.0.10)
  Downloading https://files.pythonhosted.org/packages/bc/a9/01ffebfb562e4274b6487b4bb1ddec7ca55ec7510b22e4c51f14098443b8/chardet-3.0.4-py2.py3-none-any.whl (133kB)
Installing collected packages: idna, urllib3, chardet, requests, coverage, codecov
Successfully installed chardet-3.0.4 codecov-2.0.10 coverage-5.1 idna-2.9 requests-2.23.0 urllib3-1.25.9

travis_time:end:0306f1f4:start=1591477053861442204,finish=1591477056721934483,duration=2860492279[0Ktravis_fold:end:install.2[0Ktravis_time:start:044e5054[0K$ make env
python -m virtualenv .env
Using real prefix '/opt/python/3.5.6'
New python executable in /home/travis/build/failed/getslash/slash/.env/bin/python
Installing setuptools, pip, wheel...done.
.env/bin/pip install -e .[testing] -r doc/pip_requirements.txt
Obtaining file:///home/travis/build/failed/getslash/slash
Obtaining file:///home/travis/build/failed/getslash/slash (from -r doc/pip_requirements.txt (line 2))
Collecting releases
  Downloading releases-1.6.3-py2.py3-none-any.whl (22 kB)
Collecting alabaster
  Downloading alabaster-0.7.12-py2.py3-none-any.whl (14 kB)
Collecting Sphinx>1.4
  Downloading Sphinx-3.0.4-py3-none-any.whl (2.8 MB)
Collecting arrow
  Downloading arrow-0.15.6-py2.py3-none-any.whl (47 kB)
Collecting colorama
  Downloading colorama-0.4.3-py2.py3-none-any.whl (15 kB)
Collecting confetti>=2.4.1
  Downloading confetti-2.5.3.tar.gz (6.5 kB)
Collecting dessert>=1.3.1
  Downloading dessert-1.4.1.tar.gz (33 kB)
Collecting emport>=1.1.3
  Downloading emport-1.3.1.tar.gz (5.3 kB)
Collecting gossip>=2.2.0
  Downloading gossip-2.4.0.tar.gz (64 kB)
Collecting Jinja2
  Downloading Jinja2-2.11.2-py2.py3-none-any.whl (125 kB)
Collecting Logbook>=1.1.0
  Downloading Logbook-1.5.3.tar.gz (85 kB)
Collecting orderedset>=2.0.0
  Downloading orderedset-2.0.3.tar.gz (101 kB)
Collecting requests>=1.1.0
  Using cached requests-2.23.0-py2.py3-none-any.whl (58 kB)
Collecting SQLAlchemy
  Downloading SQLAlchemy-1.3.17-cp35-cp35m-manylinux2010_x86_64.whl (1.2 MB)
Collecting tmuxp
  Downloading tmuxp-1.5.4.tar.gz (71 kB)
Collecting raven
  Downloading raven-6.10.0-py2.py3-none-any.whl (284 kB)
Collecting py>=1.5.0
  Downloading py-1.8.1-py2.py3-none-any.whl (83 kB)
Collecting pyparsing
  Downloading pyparsing-2.4.7-py2.py3-none-any.whl (67 kB)
Collecting vintage>=0.4.0
  Downloading vintage-0.4.1.tar.gz (3.9 kB)
Collecting IPython
  Downloading ipython-7.9.0-py3-none-any.whl (775 kB)
Collecting coverage
  Using cached coverage-5.1-cp35-cp35m-manylinux1_x86_64.whl (227 kB)
Collecting coveralls
  Downloading coveralls-2.0.0-py2.py3-none-any.whl (12 kB)
Collecting munch
  Downloading munch-2.5.0-py2.py3-none-any.whl (10 kB)
Collecting pytest
  Downloading pytest-5.4.3-py3-none-any.whl (248 kB)
Collecting pytest-catchlog
  Downloading pytest_catchlog-1.2.2-py2.py3-none-any.whl (10 kB)
Collecting pytest-cov
  Downloading pytest_cov-2.9.0-py2.py3-none-any.whl (19 kB)
Collecting pytest-timeout
  Downloading pytest_timeout-1.3.4-py2.py3-none-any.whl (10 kB)
Collecting pyforge
  Downloading pyforge-1.3.0.tar.gz (20 kB)
Collecting pylint>=1.7
  Downloading pylint-2.5.2-py3-none-any.whl (324 kB)
Collecting semantic-version<2.7
  Downloading semantic_version-2.6.0-py3-none-any.whl (14 kB)
Collecting Pygments>=2.0
  Downloading Pygments-2.6.1-py3-none-any.whl (914 kB)
Collecting sphinxcontrib-qthelp
  Downloading sphinxcontrib_qthelp-1.0.3-py2.py3-none-any.whl (90 kB)
Collecting docutils>=0.12
  Downloading docutils-0.16-py2.py3-none-any.whl (548 kB)
Requirement already satisfied: setuptools in ./.env/lib/python3.5/site-packages (from Sphinx>1.4->-r doc/pip_requirements.txt (line 5)) (47.1.1)
Collecting sphinxcontrib-htmlhelp
  Downloading sphinxcontrib_htmlhelp-1.0.3-py2.py3-none-any.whl (96 kB)
Collecting packaging
  Downloading packaging-20.4-py2.py3-none-any.whl (37 kB)
Collecting imagesize
  Downloading imagesize-1.2.0-py2.py3-none-any.whl (4.8 kB)
Collecting sphinxcontrib-serializinghtml
  Downloading sphinxcontrib_serializinghtml-1.1.4-py2.py3-none-any.whl (89 kB)
Collecting sphinxcontrib-applehelp
  Downloading sphinxcontrib_applehelp-1.0.2-py2.py3-none-any.whl (121 kB)
Collecting babel>=1.3
  Downloading Babel-2.8.0-py2.py3-none-any.whl (8.6 MB)
Collecting snowballstemmer>=1.1
  Downloading snowballstemmer-2.0.0-py2.py3-none-any.whl (97 kB)
Collecting sphinxcontrib-jsmath
  Downloading sphinxcontrib_jsmath-1.0.1-py2.py3-none-any.whl (5.1 kB)
Collecting sphinxcontrib-devhelp
  Downloading sphinxcontrib_devhelp-1.0.2-py2.py3-none-any.whl (84 kB)
Collecting python-dateutil
  Downloading python_dateutil-2.8.1-py2.py3-none-any.whl (227 kB)
Collecting sentinels>=0.0.5
  Downloading sentinels-1.0.0.tar.gz (4.1 kB)
Collecting six
  Downloading six-1.15.0-py2.py3-none-any.whl (10 kB)
Collecting atomicwrites>=1.0
  Downloading atomicwrites-1.4.0-py2.py3-none-any.whl (6.8 kB)
Collecting attrs
  Downloading attrs-19.3.0-py2.py3-none-any.whl (39 kB)
Collecting MarkupSafe>=0.23
  Downloading MarkupSafe-1.1.1-cp35-cp35m-manylinux1_x86_64.whl (27 kB)
Collecting certifi>=2017.4.17
  Downloading certifi-2020.4.5.1-py2.py3-none-any.whl (157 kB)
Collecting urllib3!=1.25.0,!=1.25.1,<1.26,>=1.21.1
  Using cached urllib3-1.25.9-py2.py3-none-any.whl (126 kB)
Collecting chardet<4,>=3.0.2
  Using cached chardet-3.0.4-py2.py3-none-any.whl (133 kB)
Collecting idna<3,>=2.5
  Using cached idna-2.9-py2.py3-none-any.whl (58 kB)
Collecting kaptan>=0.5.10
  Downloading kaptan-0.5.12.tar.gz (10 kB)
Collecting libtmux>=0.8<0.9
  Downloading libtmux-0.8.2.tar.gz (37 kB)
Collecting click>=7<8
  Downloading click-7.1.2-py2.py3-none-any.whl (82 kB)
Collecting pickleshare
  Downloading pickleshare-0.7.5-py2.py3-none-any.whl (6.9 kB)
Collecting decorator
  Downloading decorator-4.4.2-py2.py3-none-any.whl (9.2 kB)
Collecting prompt-toolkit<2.1.0,>=2.0.0
  Downloading prompt_toolkit-2.0.10-py3-none-any.whl (340 kB)
Collecting traitlets>=4.2
  Downloading traitlets-4.3.3-py2.py3-none-any.whl (75 kB)
Collecting jedi>=0.10
  Downloading jedi-0.17.0-py2.py3-none-any.whl (1.1 MB)
Collecting backcall
  Downloading backcall-0.1.0.tar.gz (9.7 kB)
Collecting pexpect; sys_platform != "win32"
  Downloading pexpect-4.8.0-py2.py3-none-any.whl (59 kB)
Collecting docopt>=0.6.1
  Downloading docopt-0.6.2.tar.gz (25 kB)
Collecting importlib-metadata>=0.12; python_version < "3.8"
  Downloading importlib_metadata-1.6.1-py2.py3-none-any.whl (31 kB)
Collecting more-itertools>=4.0.0
  Downloading more_itertools-8.3.0-py3-none-any.whl (44 kB)
Collecting pluggy<1.0,>=0.12
  Downloading pluggy-0.13.1-py2.py3-none-any.whl (18 kB)
Collecting pathlib2>=2.2.0; python_version < "3.6"
  Downloading pathlib2-2.3.5-py2.py3-none-any.whl (18 kB)
Collecting wcwidth
  Downloading wcwidth-0.2.3-py2.py3-none-any.whl (30 kB)
Collecting astroid<=2.5,>=2.4.0
  Downloading astroid-2.4.1-py3-none-any.whl (214 kB)
Collecting toml>=0.7.1
  Downloading toml-0.10.1-py2.py3-none-any.whl (19 kB)
Collecting isort<5,>=4.2.5
  Downloading isort-4.3.21-py2.py3-none-any.whl (42 kB)
Collecting mccabe<0.7,>=0.6
  Downloading mccabe-0.6.1-py2.py3-none-any.whl (8.6 kB)
Collecting pytz>=2015.7
  Downloading pytz-2020.1-py2.py3-none-any.whl (510 kB)
Collecting PyYAML<6,>=3.13
  Downloading PyYAML-5.3.1.tar.gz (269 kB)
Collecting ipython-genutils
  Downloading ipython_genutils-0.2.0-py2.py3-none-any.whl (26 kB)
Collecting parso>=0.7.0
  Downloading parso-0.7.0-py2.py3-none-any.whl (100 kB)
Collecting ptyprocess>=0.5
  Downloading ptyprocess-0.6.0-py2.py3-none-any.whl (39 kB)
Collecting zipp>=0.5
  Downloading zipp-1.2.0-py2.py3-none-any.whl (4.8 kB)
Collecting typed-ast<1.5,>=1.4.0; implementation_name == "cpython" and python_version < "3.8"
  Downloading typed_ast-1.4.1-cp35-cp35m-manylinux1_x86_64.whl (737 kB)
Collecting lazy-object-proxy==1.4.*
  Downloading lazy_object_proxy-1.4.3-cp35-cp35m-manylinux1_x86_64.whl (55 kB)
Collecting wrapt~=1.11
  Downloading wrapt-1.12.1.tar.gz (27 kB)
Building wheels for collected packages: confetti, dessert, emport, gossip, Logbook, orderedset, tmuxp, vintage, pyforge, sentinels, kaptan, libtmux, backcall, docopt, PyYAML, wrapt
  Building wheel for confetti (setup.py): started
  Building wheel for confetti (setup.py): finished with status 'done'
  Created wheel for confetti: filename=confetti-2.5.3-py3-none-any.whl size=7195 sha256=c7f1ece94a357b0ed01e100c691483edb8c12865fa25757e8ad0dc6ec8a30705
  Stored in directory: /home/travis/.cache/pip/wheels/c2/83/12/94c38beac392040cf33f8f9f85b4f4790d47cb57c38e8badf1
  Building wheel for dessert (setup.py): started
  Building wheel for dessert (setup.py): finished with status 'done'
  Created wheel for dessert: filename=dessert-1.4.1-py3-none-any.whl size=22794 sha256=4dfb598a9eb177e57b461f3b667415d83806a539ce0bfcaeae639d29af599c85
  Stored in directory: /home/travis/.cache/pip/wheels/bb/58/73/a34b41f1ca18597fe587f0eef13066dc41f076f031ec9f0c7d
  Building wheel for emport (setup.py): started
  Building wheel for emport (setup.py): finished with status 'done'
  Created wheel for emport: filename=emport-1.3.1-py3-none-any.whl size=2951 sha256=03d64cc977c66893056f9790d3c258c7754c13fe629bb88a55bf8754921e9ead
  Stored in directory: /home/travis/.cache/pip/wheels/6b/fe/a4/1143bef605d816eefeaac66a74314e58818f64ec3d0fb8536f
  Building wheel for gossip (setup.py): started
  Building wheel for gossip (setup.py): finished with status 'done'
  Created wheel for gossip: filename=gossip-2.4.0-py3-none-any.whl size=14828 sha256=eab49c3fc7229e6dbb3c64cf106ed5f25887fdd025999dad72e8829f1d8016bf
  Stored in directory: /home/travis/.cache/pip/wheels/cc/e4/d6/d5092aa964cdcabfb35062591303dc4a54896617ff46f845c3
  Building wheel for Logbook (setup.py): started
  Building wheel for Logbook (setup.py): finished with status 'done'
  Created wheel for Logbook: filename=Logbook-1.5.3-cp35-cp35m-linux_x86_64.whl size=66380 sha256=4dcf78ec9bc123606684436491cbd329b8c328903dcac6d025094233453e5286
  Stored in directory: /home/travis/.cache/pip/wheels/c1/e7/ba/2f058e795252d37a0833a55df093cc967a20fc30fd226529d4
  Building wheel for orderedset (setup.py): started
  Building wheel for orderedset (setup.py): finished with status 'done'
  Created wheel for orderedset: filename=orderedset-2.0.3-cp35-cp35m-linux_x86_64.whl size=270053 sha256=88a4d4cdd6e7e9508304f6629a5393b320b2fedffd636fe7b6e3cdb83acad6fd
  Stored in directory: /home/travis/.cache/pip/wheels/fe/9a/9d/7f149dd9b76e6cc911f97add03d9eaba1733f24795e606d453
  Building wheel for tmuxp (setup.py): started
  Building wheel for tmuxp (setup.py): finished with status 'done'
  Created wheel for tmuxp: filename=tmuxp-1.5.4-py3-none-any.whl size=25031 sha256=d316dc4393c79d5d818ba4751290132d71b2f56a5cc15a65ec2e8d7eca35337a
  Stored in directory: /home/travis/.cache/pip/wheels/3d/94/65/8ca83bd70ee942dd10aab77625036faffdb0406980ed3a85a3
  Building wheel for vintage (setup.py): started
  Building wheel for vintage (setup.py): finished with status 'done'
  Created wheel for vintage: filename=vintage-0.4.1-py3-none-any.whl size=2831 sha256=efd7fe1f397e4491613280084303510c2cf0cbc2c7ffaa51e896fef5df4f44b0
  Stored in directory: /home/travis/.cache/pip/wheels/f9/b5/c8/da15ac7b054e05cd8204dc9b8fbe8b7f0921337a2c5ff14bb1
  Building wheel for pyforge (setup.py): started
  Building wheel for pyforge (setup.py): finished with status 'done'
  Created wheel for pyforge: filename=pyforge-1.3.0-py3-none-any.whl size=23215 sha256=7b34c0628e86a9a348f7604a94061020f7f21408a15c0131b41a8d5e3011fffe
  Stored in directory: /home/travis/.cache/pip/wheels/6b/32/b6/2348695d72f40c18ce51c5d19e22827914c23d405a8020fcf1
  Building wheel for sentinels (setup.py): started
  Building wheel for sentinels (setup.py): finished with status 'done'
  Created wheel for sentinels: filename=sentinels-1.0.0-py3-none-any.whl size=3186 sha256=041fb3e6fb9157e2012158fbfd722eb5e4c22c05408205de5cc0b6af49c5cf38
  Stored in directory: /home/travis/.cache/pip/wheels/0b/d5/77/49fb1d1a6209f97f0bb762f0350403d5f69da8e453aa6bbd12
  Building wheel for kaptan (setup.py): started
  Building wheel for kaptan (setup.py): finished with status 'done'
  Created wheel for kaptan: filename=kaptan-0.5.12-py3-none-any.whl size=10974 sha256=413aa6ec1acb9fc5c8eb595f906fa75e6f93f3557f219505c11d7f703373cae7
  Stored in directory: /home/travis/.cache/pip/wheels/ac/5e/c9/9b154d2beec5fcce55aede5cc1d3b7256d153f9d8a8a41c32c
  Building wheel for libtmux (setup.py): started
  Building wheel for libtmux (setup.py): finished with status 'done'
  Created wheel for libtmux: filename=libtmux-0.8.2-py3-none-any.whl size=29352 sha256=1d74d56043cb5266eb5b1a221d1941e1347b0c3fdeab7930ec7c5fbe3ca6ec30
  Stored in directory: /home/travis/.cache/pip/wheels/e0/8f/15/547ce29ef529ffa43fc16f0f8371f98e1a483d066148caa412
  Building wheel for backcall (setup.py): started
  Building wheel for backcall (setup.py): finished with status 'done'
  Created wheel for backcall: filename=backcall-0.1.0-py3-none-any.whl size=10413 sha256=21a79119b0ddfdf8b25275e641290e76c442136fbdcc906a1e0f0e613fad6083
  Stored in directory: /home/travis/.cache/pip/wheels/cb/6f/5c/9b66a87adeb46fed2babb14407bae1271f5e41b6b34b642411
  Building wheel for docopt (setup.py): started
  Building wheel for docopt (setup.py): finished with status 'done'
  Created wheel for docopt: filename=docopt-0.6.2-py2.py3-none-any.whl size=13704 sha256=6854c3889413d28e17e51ad6f9be5cbfe5e07430c576ed61cbc2be7886d0a525
  Stored in directory: /home/travis/.cache/pip/wheels/63/74/c4/1e4f0884a7ba7c26baa4a841240a507953dcfe7de606522571
  Building wheel for PyYAML (setup.py): started
  Building wheel for PyYAML (setup.py): finished with status 'done'
  Created wheel for PyYAML: filename=PyYAML-5.3.1-cp35-cp35m-linux_x86_64.whl size=418070 sha256=13d9fdff5da4d598d99113542d8defec66d1641c92d6654b497f053f2ee78f0b
  Stored in directory: /home/travis/.cache/pip/wheels/57/d0/2c/e2003abb5bc1a94c2e8a6fe1c03b8055d074e34c13672e7eb7
  Building wheel for wrapt (setup.py): started
  Building wheel for wrapt (setup.py): finished with status 'done'
  Created wheel for wrapt: filename=wrapt-1.12.1-cp35-cp35m-linux_x86_64.whl size=66632 sha256=c1ad9b856c75f839d3a2435aaee3fcc4a3b7edbaec043804c57705218dd9f612
  Stored in directory: /home/travis/.cache/pip/wheels/b8/2d/88/2fb764a7404287819251978fbfe4cacf9b4d8a1d41fce5dd97
Successfully built confetti dessert emport gossip Logbook orderedset tmuxp vintage pyforge sentinels kaptan libtmux backcall docopt PyYAML wrapt
Installing collected packages: Pygments, sphinxcontrib-qthelp, docutils, sphinxcontrib-htmlhelp, certifi, urllib3, chardet, idna, requests, six, pyparsing, packaging, imagesize, sphinxcontrib-serializinghtml, alabaster, MarkupSafe, Jinja2, sphinxcontrib-applehelp, pytz, babel, snowballstemmer, sphinxcontrib-jsmath, sphinxcontrib-devhelp, Sphinx, semantic-version, releases, python-dateutil, arrow, colorama, sentinels, confetti, munch, py, atomicwrites, attrs, dessert, Logbook, emport, vintage, gossip, orderedset, SQLAlchemy, PyYAML, kaptan, libtmux, click, tmuxp, raven, pickleshare, decorator, wcwidth, prompt-toolkit, ipython-genutils, traitlets, parso, jedi, backcall, ptyprocess, pexpect, IPython, coverage, docopt, coveralls, zipp, importlib-metadata, more-itertools, pluggy, pathlib2, pytest, pytest-catchlog, pytest-cov, pytest-timeout, pyforge, typed-ast, lazy-object-proxy, wrapt, astroid, toml, isort, mccabe, pylint, slash
  Running setup.py develop for slash
Successfully installed IPython-7.9.0 Jinja2-2.11.2 Logbook-1.5.3 MarkupSafe-1.1.1 PyYAML-5.3.1 Pygments-2.6.1 SQLAlchemy-1.3.17 Sphinx-3.0.4 alabaster-0.7.12 arrow-0.15.6 astroid-2.4.1 atomicwrites-1.4.0 attrs-19.3.0 babel-2.8.0 backcall-0.1.0 certifi-2020.4.5.1 chardet-3.0.4 click-7.1.2 colorama-0.4.3 confetti-2.5.3 coverage-5.1 coveralls-2.0.0 decorator-4.4.2 dessert-1.4.1 docopt-0.6.2 docutils-0.16 emport-1.3.1 gossip-2.4.0 idna-2.9 imagesize-1.2.0 importlib-metadata-1.6.1 ipython-genutils-0.2.0 isort-4.3.21 jedi-0.17.0 kaptan-0.5.12 lazy-object-proxy-1.4.3 libtmux-0.8.2 mccabe-0.6.1 more-itertools-8.3.0 munch-2.5.0 orderedset-2.0.3 packaging-20.4 parso-0.7.0 pathlib2-2.3.5 pexpect-4.8.0 pickleshare-0.7.5 pluggy-0.13.1 prompt-toolkit-2.0.10 ptyprocess-0.6.0 py-1.8.1 pyforge-1.3.0 pylint-2.5.2 pyparsing-2.4.7 pytest-5.4.3 pytest-catchlog-1.2.2 pytest-cov-2.9.0 pytest-timeout-1.3.4 python-dateutil-2.8.1 pytz-2020.1 raven-6.10.0 releases-1.6.3 requests-2.23.0 semantic-version-2.6.0 sentinels-1.0.0 six-1.15.0 slash snowballstemmer-2.0.0 sphinxcontrib-applehelp-1.0.2 sphinxcontrib-devhelp-1.0.2 sphinxcontrib-htmlhelp-1.0.3 sphinxcontrib-jsmath-1.0.1 sphinxcontrib-qthelp-1.0.3 sphinxcontrib-serializinghtml-1.1.4 tmuxp-1.5.4 toml-0.10.1 traitlets-4.3.3 typed-ast-1.4.1 urllib3-1.25.9 vintage-0.4.1 wcwidth-0.2.3 wrapt-1.12.1 zipp-1.2.0
touch .env/.up-to-date

travis_time:end:044e5054:start=1591477056735141744,finish=1591477143416956831,duration=86681815087[0K
[32;1mThe command "make env" exited with 0.[0m
travis_time:start:0be96974[0K$ make test
.env/bin/py.test --cov=slash --cov-report=html tests
============================= test session starts ==============================
platform linux -- Python 3.5.6, pytest-5.4.3, py-1.8.1, pluggy-0.13.1
rootdir: /home/travis/build/failed/getslash/slash, inifile: pytest.ini
plugins: catchlog-1.2.2, cov-2.9.0, timeout-1.3.4
collected 1514 items

tests/test_add_error.py ........................                         [  1%]
tests/test_app_context.py ..                                             [  1%]
tests/test_assertions.py .....................                           [  3%]
tests/test_autouse_fixtures.py ....................                      [  4%]
tests/test_cleanup_manager.py .....                                      [  4%]
tests/test_cleanups.py ................................................. [  7%]
..................                                                       [  9%]
tests/test_cli_environment.py ..............                             [ 10%]
tests/test_cli_utils.py ......                                           [ 10%]
tests/test_color_strings.py ........                                     [ 11%]
tests/test_console_log_truncation.py ..                                  [ 11%]
tests/test_console_reporter.py ........................                  [ 12%]
tests/test_context.py ........................                           [ 14%]
tests/test_coverage_plugin.py .......                                    [ 14%]
tests/test_cyclic_fixture_detection.py ........                          [ 15%]
tests/test_debugging.py ....                                             [ 15%]
tests/test_doctests.py .........................                         [ 17%]
tests/test_error_object.py .............                                 [ 18%]
tests/test_error_object_stack_trace.py ........                          [ 18%]
tests/test_exception_attributes.py ..                                    [ 18%]
tests/test_exception_handling.py .........s......................        [ 20%]
tests/test_exception_marks.py ...                                        [ 21%]
tests/test_ext_hook.py ...                                               [ 21%]
tests/test_factory_information.py ............                           [ 22%]
tests/test_facts.py ....                                                 [ 22%]
tests/test_failures.py .................                                 [ 23%]
tests/test_fixture_annotations.py ................................       [ 25%]
tests/test_fixture_exceptions.py ................                        [ 26%]
tests/test_fixture_exclusion.py .....                                    [ 26%]
tests/test_fixture_features.py ............                              [ 27%]
tests/test_fixture_mechanism.py .....................................    [ 30%]
tests/test_fixture_namespaces.py ..                                      [ 30%]
tests/test_fixture_resolution.py ...                                     [ 30%]
tests/test_fixture_scoping.py ......                                     [ 30%]
tests/test_fixture_start_end_test.py ........                            [ 31%]
tests/test_fixture_string_representation.py ....                         [ 31%]
tests/test_fixture_test_addresses.py ....                                [ 31%]
tests/test_fixtures.py ................................................. [ 35%]
                                                                         [ 35%]
tests/test_formatter.py ..........                                       [ 35%]
tests/test_function_marker.py .........                                  [ 36%]
tests/test_generator_fixture.py ........                                 [ 36%]
tests/test_global_storage.py .                                           [ 37%]
tests/test_globals.py .....                                              [ 37%]
tests/test_hook_calling.py ............................................. [ 40%]
..                                                                       [ 40%]
tests/test_hook_errors.py .....                                          [ 40%]
tests/test_hooks.py .....                                                [ 41%]
tests/test_id_space.py .                                                 [ 41%]
tests/test_interactive.py ....                                           [ 41%]
tests/test_interruptions.py ........................                     [ 43%]
tests/test_invalid_test_detection.py ....                                [ 43%]
tests/test_iteration.py ........                                         [ 43%]
tests/test_list_config.py ..                                             [ 43%]
tests/test_list_plugins.py ..                                            [ 44%]
tests/test_loader.py .........................                           [ 45%]
tests/test_local_config.py ...                                           [ 45%]
tests/test_logging.py .................................................. [ 49%]
.....................                                                    [ 50%]
tests/test_nofixtures.py ..                                              [ 50%]
tests/test_object_marker.py ............................................ [ 53%]
......................                                                   [ 55%]
tests/test_parallel.py ..................................                [ 57%]
tests/test_parametrization_ordering.py ..                                [ 57%]
tests/test_pattern_matching.py .......                                   [ 57%]
tests/test_plugin_activation.py ...................                      [ 59%]
tests/test_plugin_commandline.py ..                                      [ 59%]
tests/test_plugin_config.py .                                            [ 59%]
tests/test_plugin_dependency.py ................                         [ 60%]
tests/test_plugin_discovery.py .                                         [ 60%]
tests/test_plugin_errors.py ...                                          [ 60%]
tests/test_plugins.py .................                                  [ 61%]
tests/test_preliminary_errors.py ...                                     [ 62%]
tests/test_project_customization.py ....................                 [ 63%]
tests/test_python_utils.py .                                             [ 63%]
tests/test_repeat.py .........F........                                  [ 64%]
tests/test_reporters.py ......                                           [ 65%]
tests/test_requirements.py ............................................. [ 68%]
................................................                         [ 71%]
tests/test_result.py ............................................        [ 74%]
tests/test_result_details.py ............                                [ 74%]
tests/test_retained_logs_handler.py ..                                   [ 75%]
tests/test_running.py .................................................. [ 78%]
.........                                                                [ 78%]
tests/test_running_ad_hoc_tests.py ..                                    [ 79%]
tests/test_scope_manager.py ..                                           [ 79%]
tests/test_scoped_cleanups.py ......                                     [ 79%]
tests/test_site_customization.py ......                                  [ 79%]
tests/test_skips.py .......                                              [ 80%]
tests/test_slash_list.py ......................                          [ 81%]
tests/test_slash_resume.py .........                                     [ 82%]
tests/test_slash_run.py .................                                [ 83%]
tests/test_suite_files.py ................................               [ 85%]
tests/test_suite_writer.py ...                                           [ 85%]
tests/test_suite_writer_factories.py .                                   [ 85%]
tests/test_suite_writer_fixtures.py ....                                 [ 86%]
tests/test_suite_writer_negative.py ..                                   [ 86%]
tests/test_suite_writer_running.py ....                                  [ 86%]
tests/test_tagging.py .............................................      [ 89%]
tests/test_terminal_writer_wrapper.py ...                                [ 89%]
tests/test_test.py ......                                                [ 90%]
tests/test_test_loading.py ....                                          [ 90%]
tests/test_test_metadata.py ................................             [ 92%]
tests/test_test_parameters.py ............                               [ 93%]
tests/test_traceback_utils.py .......                                    [ 93%]
tests/test_unified_session_log.py ............                           [ 94%]
tests/test_ut_utils.py ....                                              [ 94%]
tests/test_utils.py ..                                                   [ 95%]
tests/test_variation_info.py .........                                   [ 95%]
tests/test_warning_capture.py .....                                      [ 95%]
tests/test_warnings.py ..........                                        [ 96%]
tests/test_xunit_plugin.py ............................................. [ 99%]
                                                                         [ 99%]
tests/test_yield_fixture.py ......                                       [100%]

=================================== FAILURES ===================================
____________________________ test_repeat_all_global ____________________________

suite = <tests.utils.suite_writer.suite.Suite object at 0x14a5479a58d0>
config_override = <function config_override.<locals>._override at 0x14a547644a60>

    def test_repeat_all_global(suite, config_override):
        num_repetitions = 5
        config_override('run.repeat_all', num_repetitions)
        for index, test in enumerate(suite):
            test.append_line('slash.context.result.data["index"]={}'.format(index))
    
        for test in suite:
            test.expect_repetition(num_repetitions)
    
        summary = suite.run()
    
        indices = [res.data['index'] for res in summary.session.results.iter_test_results()]
>       assert indices == [x for x in range(len(suite)) for _ in range(num_repetitions)]
E       assert [0, 1, 2, 3, 4, 5, ...] == [0, 0, 0, 0, 0, 1, ...]
E         At index 1 diff: 1 != 0
E         Use -v to get the full diff

tests/test_repeat.py:41: AssertionError
----------------------------- Captured stderr call -----------------------------
[2020-06-06 21:06:18.903661] DEBUG: slash.loader: Checking /tmp/tmpzpg_zmej/test_08531.py
[2020-06-06 21:06:18.908179] TRACE: emport: Creating new package for /tmp/tmpzpg_zmej/test_08531.py
[2020-06-06 21:06:18.908406] TRACE: emport: After split: /tmp/tmpzpg_zmej, test_08531
[2020-06-06 21:06:18.925839] TRACE: slash.core.cleanup_manager: CleanupManager: pushing scope 'session-global'
[2020-06-06 21:06:18.930490] NOTICE: slash.runner: #1: /tmp/tmpzpg_zmej/test_08531.py:Test08532.test_08533
[2020-06-06 21:06:18.930961] DEBUG: slash.runner: Started test #1: <Runnable test </tmp/tmpzpg_zmej/test_08531.py:Test08532.test_08533>>
[2020-06-06 21:06:18.937196] TRACE: slash.core.scope_manager: Pushed scope session
[2020-06-06 21:06:18.937318] TRACE: slash.core.cleanup_manager: CleanupManager: pushing scope 'session'
[2020-06-06 21:06:18.937404] TRACE: slash.core.scope_manager: Pushed scope module
[2020-06-06 21:06:18.937475] TRACE: slash.core.cleanup_manager: CleanupManager: pushing scope 'module'
[2020-06-06 21:06:18.937547] TRACE: slash.core.scope_manager: Pushed scope test
[2020-06-06 21:06:18.937613] TRACE: slash.core.cleanup_manager: CleanupManager: pushing scope 'test'
[2020-06-06 21:06:18.947170] TRACE: slash.core.scope_manager: Popping scope test (expected test)
[2020-06-06 21:06:18.947315] TRACE: slash.core.cleanup_manager: CleanupManager: popping scope 'test' (failure: False, interrupt: False)
[2020-06-06 21:06:18.947400] TRACE: slash.core.cleanup_manager: Calling cleanups of scope 'test' (failure=False, interrupt=False)
[2020-06-06 21:06:18.950742] TRACE: slash.core.scope_manager: Popped scope test
[2020-06-06 21:06:18.956464] NOTICE: slash.runner: #2: /tmp/tmpzpg_zmej/test_08531.py:test_08534
[2020-06-06 21:06:18.956905] DEBUG: slash.runner: Started test #2: <Runnable test </tmp/tmpzpg_zmej/test_08531.py:test_08534>>
[2020-06-06 21:06:18.963153] TRACE: slash.core.scope_manager: Pushed scope test
[2020-06-06 21:06:18.963284] TRACE: slash.core.cleanup_manager: CleanupManager: pushing scope 'test'
[2020-06-06 21:06:18.966407] TRACE: slash.core.scope_manager: Popping scope test (expected test)
[2020-06-06 21:06:18.966536] TRACE: slash.core.cleanup_manager: CleanupManager: popping scope 'test' (failure: False, interrupt: False)
[2020-06-06 21:06:18.966622] TRACE: slash.core.cleanup_manager: Calling cleanups of scope 'test' (failure=False, interrupt=False)
[2020-06-06 21:06:18.970164] TRACE: slash.core.scope_manager: Popped scope test
[2020-06-06 21:06:18.973643] NOTICE: slash.runner: #3: /tmp/tmpzpg_zmej/test_08531.py:Test08532.test_08535
[2020-06-06 21:06:18.974027] DEBUG: slash.runner: Started test #3: <Runnable test </tmp/tmpzpg_zmej/test_08531.py:Test08532.test_08535>>
[2020-06-06 21:06:18.980415] TRACE: slash.core.scope_manager: Pushed scope test
[2020-06-06 21:06:18.980530] TRACE: slash.core.cleanup_manager: CleanupManager: pushing scope 'test'
[2020-06-06 21:06:18.989941] TRACE: slash.core.scope_manager: Popping scope test (expected test)
[2020-06-06 21:06:18.990069] TRACE: slash.core.cleanup_manager: CleanupManager: popping scope 'test' (failure: False, interrupt: False)
[2020-06-06 21:06:18.990152] TRACE: slash.core.cleanup_manager: Calling cleanups of scope 'test' (failure=False, interrupt=False)
[2020-06-06 21:06:18.993677] TRACE: slash.core.scope_manager: Popped scope test
[2020-06-06 21:06:18.997054] NOTICE: slash.runner: #4: /tmp/tmpzpg_zmej/test_08531.py:test_08536
[2020-06-06 21:06:18.997433] DEBUG: slash.runner: Started test #4: <Runnable test </tmp/tmpzpg_zmej/test_08531.py:test_08536>>
[2020-06-06 21:06:19.003510] TRACE: slash.core.scope_manager: Pushed scope test
[2020-06-06 21:06:19.003640] TRACE: slash.core.cleanup_manager: CleanupManager: pushing scope 'test'
[2020-06-06 21:06:19.006967] TRACE: slash.core.scope_manager: Popping scope test (expected test)
[2020-06-06 21:06:19.007102] TRACE: slash.core.cleanup_manager: CleanupManager: popping scope 'test' (failure: False, interrupt: False)
[2020-06-06 21:06:19.007189] TRACE: slash.core.cleanup_manager: Calling cleanups of scope 'test' (failure=False, interrupt=False)
[2020-06-06 21:06:19.010584] TRACE: slash.core.scope_manager: Popped scope test
[2020-06-06 21:06:19.014456] NOTICE: slash.runner: #5: /tmp/tmpzpg_zmej/test_08531.py:Test08532.test_08537
[2020-06-06 21:06:19.014847] DEBUG: slash.runner: Started test #5: <Runnable test </tmp/tmpzpg_zmej/test_08531.py:Test08532.test_08537>>
[2020-06-06 21:06:19.020839] TRACE: slash.core.scope_manager: Pushed scope test
[2020-06-06 21:06:19.020956] TRACE: slash.core.cleanup_manager: CleanupManager: pushing scope 'test'
[2020-06-06 21:06:19.031603] TRACE: slash.core.scope_manager: Popping scope test (expected test)
[2020-06-06 21:06:19.031799] TRACE: slash.core.cleanup_manager: CleanupManager: popping scope 'test' (failure: False, interrupt: False)
[2020-06-06 21:06:19.031884] TRACE: slash.core.cleanup_manager: Calling cleanups of scope 'test' (failure=False, interrupt=False)
[2020-06-06 21:06:19.035210] TRACE: slash.core.scope_manager: Popped scope test
[2020-06-06 21:06:19.038712] NOTICE: slash.runner: #6: /tmp/tmpzpg_zmej/test_08531.py:test_08538
[2020-06-06 21:06:19.039097] DEBUG: slash.runner: Started test #6: <Runnable test </tmp/tmpzpg_zmej/test_08531.py:test_08538>>
[2020-06-06 21:06:19.045475] TRACE: slash.core.scope_manager: Pushed scope test
[2020-06-06 21:06:19.045596] TRACE: slash.core.cleanup_manager: CleanupManager: pushing scope 'test'
[2020-06-06 21:06:19.048645] TRACE: slash.core.scope_manager: Popping scope test (expected test)
[2020-06-06 21:06:19.048763] TRACE: slash.core.cleanup_manager: CleanupManager: popping scope 'test' (failure: False, interrupt: False)
[2020-06-06 21:06:19.048841] TRACE: slash.core.cleanup_manager: Calling cleanups of scope 'test' (failure=False, interrupt=False)
[2020-06-06 21:06:19.052208] TRACE: slash.core.scope_manager: Popped scope test
[2020-06-06 21:06:19.055636] NOTICE: slash.runner: #7: /tmp/tmpzpg_zmej/test_08531.py:Test08539.test_08540
[2020-06-06 21:06:19.056007] DEBUG: slash.runner: Started test #7: <Runnable test </tmp/tmpzpg_zmej/test_08531.py:Test08539.test_08540>>
[2020-06-06 21:06:19.061863] TRACE: slash.core.scope_manager: Pushed scope test
[2020-06-06 21:06:19.061975] TRACE: slash.core.cleanup_manager: CleanupManager: pushing scope 'test'
[2020-06-06 21:06:19.071058] TRACE: slash.core.scope_manager: Popping scope test (expected test)
[2020-06-06 21:06:19.071187] TRACE: slash.core.cleanup_manager: CleanupManager: popping scope 'test' (failure: False, interrupt: False)
[2020-06-06 21:06:19.071269] TRACE: slash.core.cleanup_manager: Calling cleanups of scope 'test' (failure=False, interrupt=False)
[2020-06-06 21:06:19.074455] TRACE: slash.core.scope_manager: Popped scope test
[2020-06-06 21:06:19.078007] NOTICE: slash.runner: #8: /tmp/tmpzpg_zmej/test_08531.py:test_08541
[2020-06-06 21:06:19.078412] DEBUG: slash.runner: Started test #8: <Runnable test </tmp/tmpzpg_zmej/test_08531.py:test_08541>>
[2020-06-06 21:06:19.084246] TRACE: slash.core.scope_manager: Pushed scope test
[2020-06-06 21:06:19.084360] TRACE: slash.core.cleanup_manager: CleanupManager: pushing scope 'test'
[2020-06-06 21:06:19.087362] TRACE: slash.core.scope_manager: Popping scope test (expected test)
[2020-06-06 21:06:19.087481] TRACE: slash.core.cleanup_manager: CleanupManager: popping scope 'test' (failure: False, interrupt: False)
[2020-06-06 21:06:19.087560] TRACE: slash.core.cleanup_manager: Calling cleanups of scope 'test' (failure=False, interrupt=False)
[2020-06-06 21:06:19.090893] TRACE: slash.core.scope_manager: Popped scope test
[2020-06-06 21:06:19.094262] NOTICE: slash.runner: #9: /tmp/tmpzpg_zmej/test_08531.py:Test08539.test_08542
[2020-06-06 21:06:19.094653] DEBUG: slash.runner: Started test #9: <Runnable test </tmp/tmpzpg_zmej/test_08531.py:Test08539.test_08542>>
[2020-06-06 21:06:19.100792] TRACE: slash.core.scope_manager: Pushed scope test
[2020-06-06 21:06:19.100932] TRACE: slash.core.cleanup_manager: CleanupManager: pushing scope 'test'
[2020-06-06 21:06:19.114273] TRACE: slash.core.scope_manager: Popping scope test (expected test)
[2020-06-06 21:06:19.114433] TRACE: slash.core.cleanup_manager: CleanupManager: popping scope 'test' (failure: False, interrupt: False)
[2020-06-06 21:06:19.114527] TRACE: slash.core.cleanup_manager: Calling cleanups of scope 'test' (failure=False, interrupt=False)
[2020-06-06 21:06:19.117793] TRACE: slash.core.scope_manager: Popped scope test
[2020-06-06 21:06:19.121214] NOTICE: slash.runner: #10: /tmp/tmpzpg_zmej/test_08531.py:test_08543
[2020-06-06 21:06:19.121593] DEBUG: slash.runner: Started test #10: <Runnable test </tmp/tmpzpg_zmej/test_08531.py:test_08543>>
[2020-06-06 21:06:19.127781] TRACE: slash.core.scope_manager: Pushed scope test
[2020-06-06 21:06:19.127900] TRACE: slash.core.cleanup_manager: CleanupManager: pushing scope 'test'
[2020-06-06 21:06:19.130938] TRACE: slash.core.scope_manager: Popping scope test (expected test)
[2020-06-06 21:06:19.131058] TRACE: slash.core.cleanup_manager: CleanupManager: popping scope 'test' (failure: False, interrupt: False)
[2020-06-06 21:06:19.131137] TRACE: slash.core.cleanup_manager: Calling cleanups of scope 'test' (failure=False, interrupt=False)
[2020-06-06 21:06:19.134539] TRACE: slash.core.scope_manager: Popped scope test
[2020-06-06 21:06:19.137946] NOTICE: slash.runner: #11: /tmp/tmpzpg_zmej/test_08531.py:Test08532.test_08533
[2020-06-06 21:06:19.138319] DEBUG: slash.runner: Started test #11: <Runnable test </tmp/tmpzpg_zmej/test_08531.py:Test08532.test_08533>>
[2020-06-06 21:06:19.144582] TRACE: slash.core.scope_manager: Pushed scope test
[2020-06-06 21:06:19.144697] TRACE: slash.core.cleanup_manager: CleanupManager: pushing scope 'test'
[2020-06-06 21:06:19.154138] TRACE: slash.core.scope_manager: Popping scope test (expected test)
[2020-06-06 21:06:19.154266] TRACE: slash.core.cleanup_manager: CleanupManager: popping scope 'test' (failure: False, interrupt: False)
[2020-06-06 21:06:19.154348] TRACE: slash.core.cleanup_manager: Calling cleanups of scope 'test' (failure=False, interrupt=False)
[2020-06-06 21:06:19.157720] TRACE: slash.core.scope_manager: Popped scope test
[2020-06-06 21:06:19.161332] NOTICE: slash.runner: #12: /tmp/tmpzpg_zmej/test_08531.py:test_08534
[2020-06-06 21:06:19.161712] DEBUG: slash.runner: Started test #12: <Runnable test </tmp/tmpzpg_zmej/test_08531.py:test_08534>>
[2020-06-06 21:06:19.167900] TRACE: slash.core.scope_manager: Pushed scope test
[2020-06-06 21:06:19.168016] TRACE: slash.core.cleanup_manager: CleanupManager: pushing scope 'test'
[2020-06-06 21:06:19.171073] TRACE: slash.core.scope_manager: Popping scope test (expected test)
[2020-06-06 21:06:19.171192] TRACE: slash.core.cleanup_manager: CleanupManager: popping scope 'test' (failure: False, interrupt: False)
[2020-06-06 21:06:19.171272] TRACE: slash.core.cleanup_manager: Calling cleanups of scope 'test' (failure=False, interrupt=False)
[2020-06-06 21:06:19.174666] TRACE: slash.core.scope_manager: Popped scope test
[2020-06-06 21:06:19.178075] NOTICE: slash.runner: #13: /tmp/tmpzpg_zmej/test_08531.py:Test08532.test_08535
[2020-06-06 21:06:19.178463] DEBUG: slash.runner: Started test #13: <Runnable test </tmp/tmpzpg_zmej/test_08531.py:Test08532.test_08535>>
[2020-06-06 21:06:19.186126] TRACE: slash.core.scope_manager: Pushed scope test
[2020-06-06 21:06:19.186270] TRACE: slash.core.cleanup_manager: CleanupManager: pushing scope 'test'
[2020-06-06 21:06:19.195503] TRACE: slash.core.scope_manager: Popping scope test (expected test)
[2020-06-06 21:06:19.195650] TRACE: slash.core.cleanup_manager: CleanupManager: popping scope 'test' (failure: False, interrupt: False)
[2020-06-06 21:06:19.195731] TRACE: slash.core.cleanup_manager: Calling cleanups of scope 'test' (failure=False, interrupt=False)
[2020-06-06 21:06:19.198981] TRACE: slash.core.scope_manager: Popped scope test
[2020-06-06 21:06:19.202510] NOTICE: slash.runner: #14: /tmp/tmpzpg_zmej/test_08531.py:test_08536
[2020-06-06 21:06:19.202916] DEBUG: slash.runner: Started test #14: <Runnable test </tmp/tmpzpg_zmej/test_08531.py:test_08536>>
[2020-06-06 21:06:19.209031] TRACE: slash.core.scope_manager: Pushed scope test
[2020-06-06 21:06:19.209145] TRACE: slash.core.cleanup_manager: CleanupManager: pushing scope 'test'
[2020-06-06 21:06:19.212368] TRACE: slash.core.scope_manager: Popping scope test (expected test)
[2020-06-06 21:06:19.212493] TRACE: slash.core.cleanup_manager: CleanupManager: popping scope 'test' (failure: False, interrupt: False)
[2020-06-06 21:06:19.212579] TRACE: slash.core.cleanup_manager: Calling cleanups of scope 'test' (failure=False, interrupt=False)
[2020-06-06 21:06:19.216218] TRACE: slash.core.scope_manager: Popped scope test
[2020-06-06 21:06:19.219502] NOTICE: slash.runner: #15: /tmp/tmpzpg_zmej/test_08531.py:Test08532.test_08537
[2020-06-06 21:06:19.219871] DEBUG: slash.runner: Started test #15: <Runnable test </tmp/tmpzpg_zmej/test_08531.py:Test08532.test_08537>>
[2020-06-06 21:06:19.225943] TRACE: slash.core.scope_manager: Pushed scope test
[2020-06-06 21:06:19.226055] TRACE: slash.core.cleanup_manager: CleanupManager: pushing scope 'test'
[2020-06-06 21:06:19.235208] TRACE: slash.core.scope_manager: Popping scope test (expected test)
[2020-06-06 21:06:19.235338] TRACE: slash.core.cleanup_manager: CleanupManager: popping scope 'test' (failure: False, interrupt: False)
[2020-06-06 21:06:19.235419] TRACE: slash.core.cleanup_manager: Calling cleanups of scope 'test' (failure=False, interrupt=False)
[2020-06-06 21:06:19.238658] TRACE: slash.core.scope_manager: Popped scope test
[2020-06-06 21:06:19.242004] NOTICE: slash.runner: #16: /tmp/tmpzpg_zmej/test_08531.py:test_08538
[2020-06-06 21:06:19.242388] DEBUG: slash.runner: Started test #16: <Runnable test </tmp/tmpzpg_zmej/test_08531.py:test_08538>>
[2020-06-06 21:06:19.248561] TRACE: slash.core.scope_manager: Pushed scope test
[2020-06-06 21:06:19.248676] TRACE: slash.core.cleanup_manager: CleanupManager: pushing scope 'test'
[2020-06-06 21:06:19.251677] TRACE: slash.core.scope_manager: Popping scope test (expected test)
[2020-06-06 21:06:19.251796] TRACE: slash.core.cleanup_manager: CleanupManager: popping scope 'test' (failure: False, interrupt: False)
[2020-06-06 21:06:19.251874] TRACE: slash.core.cleanup_manager: Calling cleanups of scope 'test' (failure=False, interrupt=False)
[2020-06-06 21:06:19.255270] TRACE: slash.core.scope_manager: Popped scope test
[2020-06-06 21:06:19.258774] NOTICE: slash.runner: #17: /tmp/tmpzpg_zmej/test_08531.py:Test08539.test_08540
[2020-06-06 21:06:19.259157] DEBUG: slash.runner: Started test #17: <Runnable test </tmp/tmpzpg_zmej/test_08531.py:Test08539.test_08540>>
[2020-06-06 21:06:19.265941] TRACE: slash.core.scope_manager: Pushed scope test
[2020-06-06 21:06:19.266082] TRACE: slash.core.cleanup_manager: CleanupManager: pushing scope 'test'
[2020-06-06 21:06:19.275153] TRACE: slash.core.scope_manager: Popping scope test (expected test)
[2020-06-06 21:06:19.275282] TRACE: slash.core.cleanup_manager: CleanupManager: popping scope 'test' (failure: False, interrupt: False)
[2020-06-06 21:06:19.275364] TRACE: slash.core.cleanup_manager: Calling cleanups of scope 'test' (failure=False, interrupt=False)
[2020-06-06 21:06:19.278628] TRACE: slash.core.scope_manager: Popped scope test
[2020-06-06 21:06:19.281984] NOTICE: slash.runner: #18: /tmp/tmpzpg_zmej/test_08531.py:test_08541
[2020-06-06 21:06:19.282333] DEBUG: slash.runner: Started test #18: <Runnable test </tmp/tmpzpg_zmej/test_08531.py:test_08541>>
[2020-06-06 21:06:19.288230] TRACE: slash.core.scope_manager: Pushed scope test
[2020-06-06 21:06:19.288342] TRACE: slash.core.cleanup_manager: CleanupManager: pushing scope 'test'
[2020-06-06 21:06:19.291318] TRACE: slash.core.scope_manager: Popping scope test (expected test)
[2020-06-06 21:06:19.291435] TRACE: slash.core.cleanup_manager: CleanupManager: popping scope 'test' (failure: False, interrupt: False)
[2020-06-06 21:06:19.291515] TRACE: slash.core.cleanup_manager: Calling cleanups of scope 'test' (failure=False, interrupt=False)
[2020-06-06 21:06:19.294829] TRACE: slash.core.scope_manager: Popped scope test
[2020-06-06 21:06:19.298041] NOTICE: slash.runner: #19: /tmp/tmpzpg_zmej/test_08531.py:Test08539.test_08542
[2020-06-06 21:06:19.298413] DEBUG: slash.runner: Started test #19: <Runnable test </tmp/tmpzpg_zmej/test_08531.py:Test08539.test_08542>>
[2020-06-06 21:06:19.304443] TRACE: slash.core.scope_manager: Pushed scope test
[2020-06-06 21:06:19.304551] TRACE: slash.core.cleanup_manager: CleanupManager: pushing scope 'test'
[2020-06-06 21:06:19.313516] TRACE: slash.core.scope_manager: Popping scope test (expected test)
[2020-06-06 21:06:19.313638] TRACE: slash.core.cleanup_manager: CleanupManager: popping scope 'test' (failure: False, interrupt: False)
[2020-06-06 21:06:19.313716] TRACE: slash.core.cleanup_manager: Calling cleanups of scope 'test' (failure=False, interrupt=False)
[2020-06-06 21:06:19.317023] TRACE: slash.core.scope_manager: Popped scope test
[2020-06-06 21:06:19.320549] NOTICE: slash.runner: #20: /tmp/tmpzpg_zmej/test_08531.py:test_08543
[2020-06-06 21:06:19.320916] DEBUG: slash.runner: Started test #20: <Runnable test </tmp/tmpzpg_zmej/test_08531.py:test_08543>>
[2020-06-06 21:06:19.326812] TRACE: slash.core.scope_manager: Pushed scope test
[2020-06-06 21:06:19.326928] TRACE: slash.core.cleanup_manager: CleanupManager: pushing scope 'test'
[2020-06-06 21:06:19.329906] TRACE: slash.core.scope_manager: Popping scope test (expected test)
[2020-06-06 21:06:19.330020] TRACE: slash.core.cleanup_manager: CleanupManager: popping scope 'test' (failure: False, interrupt: False)
[2020-06-06 21:06:19.330097] TRACE: slash.core.cleanup_manager: Calling cleanups of scope 'test' (failure=False, interrupt=False)
[2020-06-06 21:06:19.333467] TRACE: slash.core.scope_manager: Popped scope test
[2020-06-06 21:06:19.336774] NOTICE: slash.runner: #21: /tmp/tmpzpg_zmej/test_08531.py:Test08532.test_08533
[2020-06-06 21:06:19.337126] DEBUG: slash.runner: Started test #21: <Runnable test </tmp/tmpzpg_zmej/test_08531.py:Test08532.test_08533>>
[2020-06-06 21:06:19.344102] TRACE: slash.core.scope_manager: Pushed scope test
[2020-06-06 21:06:19.344216] TRACE: slash.core.cleanup_manager: CleanupManager: pushing scope 'test'
[2020-06-06 21:06:19.354603] TRACE: slash.core.scope_manager: Popping scope test (expected test)
[2020-06-06 21:06:19.354788] TRACE: slash.core.cleanup_manager: CleanupManager: popping scope 'test' (failure: False, interrupt: False)
[2020-06-06 21:06:19.354908] TRACE: slash.core.cleanup_manager: Calling cleanups of scope 'test' (failure=False, interrupt=False)
[2020-06-06 21:06:19.359321] TRACE: slash.core.scope_manager: Popped scope test
[2020-06-06 21:06:19.363104] NOTICE: slash.runner: #22: /tmp/tmpzpg_zmej/test_08531.py:test_08534
[2020-06-06 21:06:19.363506] DEBUG: slash.runner: Started test #22: <Runnable test </tmp/tmpzpg_zmej/test_08531.py:test_08534>>
[2020-06-06 21:06:19.369487] TRACE: slash.core.scope_manager: Pushed scope test
[2020-06-06 21:06:19.369605] TRACE: slash.core.cleanup_manager: CleanupManager: pushing scope 'test'
[2020-06-06 21:06:19.372730] TRACE: slash.core.scope_manager: Popping scope test (expected test)
[2020-06-06 21:06:19.372854] TRACE: slash.core.cleanup_manager: CleanupManager: popping scope 'test' (failure: False, interrupt: False)
[2020-06-06 21:06:19.372936] TRACE: slash.core.cleanup_manager: Calling cleanups of scope 'test' (failure=False, interrupt=False)
[2020-06-06 21:06:19.376478] TRACE: slash.core.scope_manager: Popped scope test
[2020-06-06 21:06:19.379939] NOTICE: slash.runner: #23: /tmp/tmpzpg_zmej/test_08531.py:Test08532.test_08535
[2020-06-06 21:06:19.380311] DEBUG: slash.runner: Started test #23: <Runnable test </tmp/tmpzpg_zmej/test_08531.py:Test08532.test_08535>>
[2020-06-06 21:06:19.386308] TRACE: slash.core.scope_manager: Pushed scope test
[2020-06-06 21:06:19.386431] TRACE: slash.core.cleanup_manager: CleanupManager: pushing scope 'test'
[2020-06-06 21:06:19.395595] TRACE: slash.core.scope_manager: Popping scope test (expected test)
[2020-06-06 21:06:19.395721] TRACE: slash.core.cleanup_manager: CleanupManager: popping scope 'test' (failure: False, interrupt: False)
[2020-06-06 21:06:19.395803] TRACE: slash.core.cleanup_manager: Calling cleanups of scope 'test' (failure=False, interrupt=False)
[2020-06-06 21:06:19.399063] TRACE: slash.core.scope_manager: Popped scope test
[2020-06-06 21:06:19.402585] NOTICE: slash.runner: #24: /tmp/tmpzpg_zmej/test_08531.py:test_08536
[2020-06-06 21:06:19.402956] DEBUG: slash.runner: Started test #24: <Runnable test </tmp/tmpzpg_zmej/test_08531.py:test_08536>>
[2020-06-06 21:06:19.408985] TRACE: slash.core.scope_manager: Pushed scope test
[2020-06-06 21:06:19.409099] TRACE: slash.core.cleanup_manager: CleanupManager: pushing scope 'test'
[2020-06-06 21:06:19.412147] TRACE: slash.core.scope_manager: Popping scope test (expected test)
[2020-06-06 21:06:19.412265] TRACE: slash.core.cleanup_manager: CleanupManager: popping scope 'test' (failure: False, interrupt: False)
[2020-06-06 21:06:19.412345] TRACE: slash.core.cleanup_manager: Calling cleanups of scope 'test' (failure=False, interrupt=False)
[2020-06-06 21:06:19.417528] TRACE: slash.core.scope_manager: Popped scope test
[2020-06-06 21:06:19.421082] NOTICE: slash.runner: #25: /tmp/tmpzpg_zmej/test_08531.py:Test08532.test_08537
[2020-06-06 21:06:19.421456] DEBUG: slash.runner: Started test #25: <Runnable test </tmp/tmpzpg_zmej/test_08531.py:Test08532.test_08537>>
[2020-06-06 21:06:19.427739] TRACE: slash.core.scope_manager: Pushed scope test
[2020-06-06 21:06:19.427857] TRACE: slash.core.cleanup_manager: CleanupManager: pushing scope 'test'
[2020-06-06 21:06:19.437126] TRACE: slash.core.scope_manager: Popping scope test (expected test)
[2020-06-06 21:06:19.437256] TRACE: slash.core.cleanup_manager: CleanupManager: popping scope 'test' (failure: False, interrupt: False)
[2020-06-06 21:06:19.437338] TRACE: slash.core.cleanup_manager: Calling cleanups of scope 'test' (failure=False, interrupt=False)
[2020-06-06 21:06:19.440710] TRACE: slash.core.scope_manager: Popped scope test
[2020-06-06 21:06:19.444099] NOTICE: slash.runner: #26: /tmp/tmpzpg_zmej/test_08531.py:test_08538
[2020-06-06 21:06:19.444472] DEBUG: slash.runner: Started test #26: <Runnable test </tmp/tmpzpg_zmej/test_08531.py:test_08538>>
[2020-06-06 21:06:19.450633] TRACE: slash.core.scope_manager: Pushed scope test
[2020-06-06 21:06:19.450753] TRACE: slash.core.cleanup_manager: CleanupManager: pushing scope 'test'
[2020-06-06 21:06:19.453781] TRACE: slash.core.scope_manager: Popping scope test (expected test)
[2020-06-06 21:06:19.453898] TRACE: slash.core.cleanup_manager: CleanupManager: popping scope 'test' (failure: False, interrupt: False)
[2020-06-06 21:06:19.453977] TRACE: slash.core.cleanup_manager: Calling cleanups of scope 'test' (failure=False, interrupt=False)
[2020-06-06 21:06:19.457365] TRACE: slash.core.scope_manager: Popped scope test
[2020-06-06 21:06:19.460794] NOTICE: slash.runner: #27: /tmp/tmpzpg_zmej/test_08531.py:Test08539.test_08540
[2020-06-06 21:06:19.461166] DEBUG: slash.runner: Started test #27: <Runnable test </tmp/tmpzpg_zmej/test_08531.py:Test08539.test_08540>>
[2020-06-06 21:06:19.467160] TRACE: slash.core.scope_manager: Pushed scope test
[2020-06-06 21:06:19.467274] TRACE: slash.core.cleanup_manager: CleanupManager: pushing scope 'test'
[2020-06-06 21:06:19.476582] TRACE: slash.core.scope_manager: Popping scope test (expected test)
[2020-06-06 21:06:19.476708] TRACE: slash.core.cleanup_manager: CleanupManager: popping scope 'test' (failure: False, interrupt: False)
[2020-06-06 21:06:19.476787] TRACE: slash.core.cleanup_manager: Calling cleanups of scope 'test' (failure=False, interrupt=False)
[2020-06-06 21:06:19.480034] TRACE: slash.core.scope_manager: Popped scope test
[2020-06-06 21:06:19.483506] NOTICE: slash.runner: #28: /tmp/tmpzpg_zmej/test_08531.py:test_08541
[2020-06-06 21:06:19.483884] DEBUG: slash.runner: Started test #28: <Runnable test </tmp/tmpzpg_zmej/test_08531.py:test_08541>>
[2020-06-06 21:06:19.489810] TRACE: slash.core.scope_manager: Pushed scope test
[2020-06-06 21:06:19.489924] TRACE: slash.core.cleanup_manager: CleanupManager: pushing scope 'test'
[2020-06-06 21:06:19.492994] TRACE: slash.core.scope_manager: Popping scope test (expected test)
[2020-06-06 21:06:19.493110] TRACE: slash.core.cleanup_manager: CleanupManager: popping scope 'test' (failure: False, interrupt: False)
[2020-06-06 21:06:19.493196] TRACE: slash.core.cleanup_manager: Calling cleanups of scope 'test' (failure=False, interrupt=False)
[2020-06-06 21:06:19.498255] TRACE: slash.core.scope_manager: Popped scope test
[2020-06-06 21:06:19.501630] NOTICE: slash.runner: #29: /tmp/tmpzpg_zmej/test_08531.py:Test08539.test_08542
[2020-06-06 21:06:19.501993] DEBUG: slash.runner: Started test #29: <Runnable test </tmp/tmpzpg_zmej/test_08531.py:Test08539.test_08542>>
[2020-06-06 21:06:19.508079] TRACE: slash.core.scope_manager: Pushed scope test
[2020-06-06 21:06:19.508208] TRACE: slash.core.cleanup_manager: CleanupManager: pushing scope 'test'
[2020-06-06 21:06:19.517333] TRACE: slash.core.scope_manager: Popping scope test (expected test)
[2020-06-06 21:06:19.517481] TRACE: slash.core.cleanup_manager: CleanupManager: popping scope 'test' (failure: False, interrupt: False)
[2020-06-06 21:06:19.517562] TRACE: slash.core.cleanup_manager: Calling cleanups of scope 'test' (failure=False, interrupt=False)
[2020-06-06 21:06:19.520854] TRACE: slash.core.scope_manager: Popped scope test
[2020-06-06 21:06:19.524371] NOTICE: slash.runner: #30: /tmp/tmpzpg_zmej/test_08531.py:test_08543
[2020-06-06 21:06:19.524784] DEBUG: slash.runner: Started test #30: <Runnable test </tmp/tmpzpg_zmej/test_08531.py:test_08543>>
[2020-06-06 21:06:19.531055] TRACE: slash.core.scope_manager: Pushed scope test
[2020-06-06 21:06:19.531181] TRACE: slash.core.cleanup_manager: CleanupManager: pushing scope 'test'
[2020-06-06 21:06:19.534236] TRACE: slash.core.scope_manager: Popping scope test (expected test)
[2020-06-06 21:06:19.534365] TRACE: slash.core.cleanup_manager: CleanupManager: popping scope 'test' (failure: False, interrupt: False)
[2020-06-06 21:06:19.534449] TRACE: slash.core.cleanup_manager: Calling cleanups of scope 'test' (failure=False, interrupt=False)
[2020-06-06 21:06:19.537809] TRACE: slash.core.scope_manager: Popped scope test
[2020-06-06 21:06:19.541394] NOTICE: slash.runner: #31: /tmp/tmpzpg_zmej/test_08531.py:Test08532.test_08533
[2020-06-06 21:06:19.541793] DEBUG: slash.runner: Started test #31: <Runnable test </tmp/tmpzpg_zmej/test_08531.py:Test08532.test_08533>>
[2020-06-06 21:06:19.548038] TRACE: slash.core.scope_manager: Pushed scope test
[2020-06-06 21:06:19.548160] TRACE: slash.core.cleanup_manager: CleanupManager: pushing scope 'test'
[2020-06-06 21:06:19.557463] TRACE: slash.core.scope_manager: Popping scope test (expected test)
[2020-06-06 21:06:19.557592] TRACE: slash.core.cleanup_manager: CleanupManager: popping scope 'test' (failure: False, interrupt: False)
[2020-06-06 21:06:19.557673] TRACE: slash.core.cleanup_manager: Calling cleanups of scope 'test' (failure=False, interrupt=False)
[2020-06-06 21:06:19.561009] TRACE: slash.core.scope_manager: Popped scope test
[2020-06-06 21:06:19.564665] NOTICE: slash.runner: #32: /tmp/tmpzpg_zmej/test_08531.py:test_08534
[2020-06-06 21:06:19.565040] DEBUG: slash.runner: Started test #32: <Runnable test </tmp/tmpzpg_zmej/test_08531.py:test_08534>>
[2020-06-06 21:06:19.571043] TRACE: slash.core.scope_manager: Pushed scope test
[2020-06-06 21:06:19.571164] TRACE: slash.core.cleanup_manager: CleanupManager: pushing scope 'test'
[2020-06-06 21:06:19.574240] TRACE: slash.core.scope_manager: Popping scope test (expected test)
[2020-06-06 21:06:19.574373] TRACE: slash.core.cleanup_manager: CleanupManager: popping scope 'test' (failure: False, interrupt: False)
[2020-06-06 21:06:19.574478] TRACE: slash.core.cleanup_manager: Calling cleanups of scope 'test' (failure=False, interrupt=False)
[2020-06-06 21:06:19.579605] TRACE: slash.core.scope_manager: Popped scope test
[2020-06-06 21:06:19.583161] NOTICE: slash.runner: #33: /tmp/tmpzpg_zmej/test_08531.py:Test08532.test_08535
[2020-06-06 21:06:19.583572] DEBUG: slash.runner: Started test #33: <Runnable test </tmp/tmpzpg_zmej/test_08531.py:Test08532.test_08535>>
[2020-06-06 21:06:19.589650] TRACE: slash.core.scope_manager: Pushed scope test
[2020-06-06 21:06:19.589764] TRACE: slash.core.cleanup_manager: CleanupManager: pushing scope 'test'
[2020-06-06 21:06:19.598912] TRACE: slash.core.scope_manager: Popping scope test (expected test)
[2020-06-06 21:06:19.599040] TRACE: slash.core.cleanup_manager: CleanupManager: popping scope 'test' (failure: False, interrupt: False)
[2020-06-06 21:06:19.599121] TRACE: slash.core.cleanup_manager: Calling cleanups of scope 'test' (failure=False, interrupt=False)
[2020-06-06 21:06:19.603264] TRACE: slash.core.scope_manager: Popped scope test
[2020-06-06 21:06:19.608213] NOTICE: slash.runner: #34: /tmp/tmpzpg_zmej/test_08531.py:test_08536
[2020-06-06 21:06:19.608603] DEBUG: slash.runner: Started test #34: <Runnable test </tmp/tmpzpg_zmej/test_08531.py:test_08536>>
[2020-06-06 21:06:19.614988] TRACE: slash.core.scope_manager: Pushed scope test
[2020-06-06 21:06:19.615115] TRACE: slash.core.cleanup_manager: CleanupManager: pushing scope 'test'
[2020-06-06 21:06:19.618307] TRACE: slash.core.scope_manager: Popping scope test (expected test)
[2020-06-06 21:06:19.618454] TRACE: slash.core.cleanup_manager: CleanupManager: popping scope 'test' (failure: False, interrupt: False)
[2020-06-06 21:06:19.618541] TRACE: slash.core.cleanup_manager: Calling cleanups of scope 'test' (failure=False, interrupt=False)
[2020-06-06 21:06:19.622011] TRACE: slash.core.scope_manager: Popped scope test
[2020-06-06 21:06:19.625551] NOTICE: slash.runner: #35: /tmp/tmpzpg_zmej/test_08531.py:Test08532.test_08537
[2020-06-06 21:06:19.625923] DEBUG: slash.runner: Started test #35: <Runnable test </tmp/tmpzpg_zmej/test_08531.py:Test08532.test_08537>>
[2020-06-06 21:06:19.632103] TRACE: slash.core.scope_manager: Pushed scope test
[2020-06-06 21:06:19.632216] TRACE: slash.core.cleanup_manager: CleanupManager: pushing scope 'test'
[2020-06-06 21:06:19.641521] TRACE: slash.core.scope_manager: Popping scope test (expected test)
[2020-06-06 21:06:19.641647] TRACE: slash.core.cleanup_manager: CleanupManager: popping scope 'test' (failure: False, interrupt: False)
[2020-06-06 21:06:19.641727] TRACE: slash.core.cleanup_manager: Calling cleanups of scope 'test' (failure=False, interrupt=False)
[2020-06-06 21:06:19.645109] TRACE: slash.core.scope_manager: Popped scope test
[2020-06-06 21:06:19.648604] NOTICE: slash.runner: #36: /tmp/tmpzpg_zmej/test_08531.py:test_08538
[2020-06-06 21:06:19.648969] DEBUG: slash.runner: Started test #36: <Runnable test </tmp/tmpzpg_zmej/test_08531.py:test_08538>>
[2020-06-06 21:06:19.655055] TRACE: slash.core.scope_manager: Pushed scope test
[2020-06-06 21:06:19.655169] TRACE: slash.core.cleanup_manager: CleanupManager: pushing scope 'test'
[2020-06-06 21:06:19.658212] TRACE: slash.core.scope_manager: Popping scope test (expected test)
[2020-06-06 21:06:19.658329] TRACE: slash.core.cleanup_manager: CleanupManager: popping scope 'test' (failure: False, interrupt: False)
[2020-06-06 21:06:19.658426] TRACE: slash.core.cleanup_manager: Calling cleanups of scope 'test' (failure=False, interrupt=False)
[2020-06-06 21:06:19.663247] TRACE: slash.core.scope_manager: Popped scope test
[2020-06-06 21:06:19.666650] NOTICE: slash.runner: #37: /tmp/tmpzpg_zmej/test_08531.py:Test08539.test_08540
[2020-06-06 21:06:19.667012] DEBUG: slash.runner: Started test #37: <Runnable test </tmp/tmpzpg_zmej/test_08531.py:Test08539.test_08540>>
[2020-06-06 21:06:19.673102] TRACE: slash.core.scope_manager: Pushed scope test
[2020-06-06 21:06:19.673217] TRACE: slash.core.cleanup_manager: CleanupManager: pushing scope 'test'
[2020-06-06 21:06:19.682386] TRACE: slash.core.scope_manager: Popping scope test (expected test)
[2020-06-06 21:06:19.682515] TRACE: slash.core.cleanup_manager: CleanupManager: popping scope 'test' (failure: False, interrupt: False)
[2020-06-06 21:06:19.682595] TRACE: slash.core.cleanup_manager: Calling cleanups of scope 'test' (failure=False, interrupt=False)
[2020-06-06 21:06:19.685843] TRACE: slash.core.scope_manager: Popped scope test
[2020-06-06 21:06:19.689180] NOTICE: slash.runner: #38: /tmp/tmpzpg_zmej/test_08531.py:test_08541
[2020-06-06 21:06:19.689536] DEBUG: slash.runner: Started test #38: <Runnable test </tmp/tmpzpg_zmej/test_08531.py:test_08541>>
[2020-06-06 21:06:19.695695] TRACE: slash.core.scope_manager: Pushed scope test
[2020-06-06 21:06:19.695812] TRACE: slash.core.cleanup_manager: CleanupManager: pushing scope 'test'
[2020-06-06 21:06:19.698848] TRACE: slash.core.scope_manager: Popping scope test (expected test)
[2020-06-06 21:06:19.698967] TRACE: slash.core.cleanup_manager: CleanupManager: popping scope 'test' (failure: False, interrupt: False)
[2020-06-06 21:06:19.699046] TRACE: slash.core.cleanup_manager: Calling cleanups of scope 'test' (failure=False, interrupt=False)
[2020-06-06 21:06:19.702452] TRACE: slash.core.scope_manager: Popped scope test
[2020-06-06 21:06:19.705795] NOTICE: slash.runner: #39: /tmp/tmpzpg_zmej/test_08531.py:Test08539.test_08542
[2020-06-06 21:06:19.706139] DEBUG: slash.runner: Started test #39: <Runnable test </tmp/tmpzpg_zmej/test_08531.py:Test08539.test_08542>>
[2020-06-06 21:06:19.712084] TRACE: slash.core.scope_manager: Pushed scope test
[2020-06-06 21:06:19.712194] TRACE: slash.core.cleanup_manager: CleanupManager: pushing scope 'test'
[2020-06-06 21:06:19.721322] TRACE: slash.core.scope_manager: Popping scope test (expected test)
[2020-06-06 21:06:19.721452] TRACE: slash.core.cleanup_manager: CleanupManager: popping scope 'test' (failure: False, interrupt: False)
[2020-06-06 21:06:19.721534] TRACE: slash.core.cleanup_manager: Calling cleanups of scope 'test' (failure=False, interrupt=False)
[2020-06-06 21:06:19.724814] TRACE: slash.core.scope_manager: Popped scope test
[2020-06-06 21:06:19.728317] NOTICE: slash.runner: #40: /tmp/tmpzpg_zmej/test_08531.py:test_08543
[2020-06-06 21:06:19.728685] DEBUG: slash.runner: Started test #40: <Runnable test </tmp/tmpzpg_zmej/test_08531.py:test_08543>>
[2020-06-06 21:06:19.734666] TRACE: slash.core.scope_manager: Pushed scope test
[2020-06-06 21:06:19.734782] TRACE: slash.core.cleanup_manager: CleanupManager: pushing scope 'test'
[2020-06-06 21:06:19.737827] TRACE: slash.core.scope_manager: Popping scope test (expected test)
[2020-06-06 21:06:19.737944] TRACE: slash.core.cleanup_manager: CleanupManager: popping scope 'test' (failure: False, interrupt: False)
[2020-06-06 21:06:19.738024] TRACE: slash.core.cleanup_manager: Calling cleanups of scope 'test' (failure=False, interrupt=False)
[2020-06-06 21:06:19.742984] TRACE: slash.core.scope_manager: Popped scope test
[2020-06-06 21:06:19.746396] NOTICE: slash.runner: #41: /tmp/tmpzpg_zmej/test_08531.py:Test08532.test_08533
[2020-06-06 21:06:19.746768] DEBUG: slash.runner: Started test #41: <Runnable test </tmp/tmpzpg_zmej/test_08531.py:Test08532.test_08533>>
[2020-06-06 21:06:19.752902] TRACE: slash.core.scope_manager: Pushed scope test
[2020-06-06 21:06:19.753020] TRACE: slash.core.cleanup_manager: CleanupManager: pushing scope 'test'
[2020-06-06 21:06:19.762223] TRACE: slash.core.scope_manager: Popping scope test (expected test)
[2020-06-06 21:06:19.762364] TRACE: slash.core.cleanup_manager: CleanupManager: popping scope 'test' (failure: False, interrupt: False)
[2020-06-06 21:06:19.762463] TRACE: slash.core.cleanup_manager: Calling cleanups of scope 'test' (failure=False, interrupt=False)
[2020-06-06 21:06:19.765730] TRACE: slash.core.scope_manager: Popped scope test
[2020-06-06 21:06:19.769152] NOTICE: slash.runner: #42: /tmp/tmpzpg_zmej/test_08531.py:test_08534
[2020-06-06 21:06:19.769530] DEBUG: slash.runner: Started test #42: <Runnable test </tmp/tmpzpg_zmej/test_08531.py:test_08534>>
[2020-06-06 21:06:19.775691] TRACE: slash.core.scope_manager: Pushed scope test
[2020-06-06 21:06:19.775810] TRACE: slash.core.cleanup_manager: CleanupManager: pushing scope 'test'
[2020-06-06 21:06:19.778868] TRACE: slash.core.scope_manager: Popping scope test (expected test)
[2020-06-06 21:06:19.778987] TRACE: slash.core.cleanup_manager: CleanupManager: popping scope 'test' (failure: False, interrupt: False)
[2020-06-06 21:06:19.779068] TRACE: slash.core.cleanup_manager: Calling cleanups of scope 'test' (failure=False, interrupt=False)
[2020-06-06 21:06:19.782443] TRACE: slash.core.scope_manager: Popped scope test
[2020-06-06 21:06:19.785861] NOTICE: slash.runner: #43: /tmp/tmpzpg_zmej/test_08531.py:Test08532.test_08535
[2020-06-06 21:06:19.786251] DEBUG: slash.runner: Started test #43: <Runnable test </tmp/tmpzpg_zmej/test_08531.py:Test08532.test_08535>>
[2020-06-06 21:06:19.792236] TRACE: slash.core.scope_manager: Pushed scope test
[2020-06-06 21:06:19.792352] TRACE: slash.core.cleanup_manager: CleanupManager: pushing scope 'test'
[2020-06-06 21:06:19.801696] TRACE: slash.core.scope_manager: Popping scope test (expected test)
[2020-06-06 21:06:19.801831] TRACE: slash.core.cleanup_manager: CleanupManager: popping scope 'test' (failure: False, interrupt: False)
[2020-06-06 21:06:19.801914] TRACE: slash.core.cleanup_manager: Calling cleanups of scope 'test' (failure=False, interrupt=False)
[2020-06-06 21:06:19.805211] TRACE: slash.core.scope_manager: Popped scope test
[2020-06-06 21:06:19.808764] NOTICE: slash.runner: #44: /tmp/tmpzpg_zmej/test_08531.py:test_08536
[2020-06-06 21:06:19.809157] DEBUG: slash.runner: Started test #44: <Runnable test </tmp/tmpzpg_zmej/test_08531.py:test_08536>>
[2020-06-06 21:06:19.815112] TRACE: slash.core.scope_manager: Pushed scope test
[2020-06-06 21:06:19.815228] TRACE: slash.core.cleanup_manager: CleanupManager: pushing scope 'test'
[2020-06-06 21:06:19.818273] TRACE: slash.core.scope_manager: Popping scope test (expected test)
[2020-06-06 21:06:19.818412] TRACE: slash.core.cleanup_manager: CleanupManager: popping scope 'test' (failure: False, interrupt: False)
[2020-06-06 21:06:19.818500] TRACE: slash.core.cleanup_manager: Calling cleanups of scope 'test' (failure=False, interrupt=False)
[2020-06-06 21:06:19.823446] TRACE: slash.core.scope_manager: Popped scope test
[2020-06-06 21:06:19.826887] NOTICE: slash.runner: #45: /tmp/tmpzpg_zmej/test_08531.py:Test08532.test_08537
[2020-06-06 21:06:19.827268] DEBUG: slash.runner: Started test #45: <Runnable test </tmp/tmpzpg_zmej/test_08531.py:Test08532.test_08537>>
[2020-06-06 21:06:19.833403] TRACE: slash.core.scope_manager: Pushed scope test
[2020-06-06 21:06:19.833521] TRACE: slash.core.cleanup_manager: CleanupManager: pushing scope 'test'
[2020-06-06 21:06:19.842760] TRACE: slash.core.scope_manager: Popping scope test (expected test)
[2020-06-06 21:06:19.842891] TRACE: slash.core.cleanup_manager: CleanupManager: popping scope 'test' (failure: False, interrupt: False)
[2020-06-06 21:06:19.842975] TRACE: slash.core.cleanup_manager: Calling cleanups of scope 'test' (failure=False, interrupt=False)
[2020-06-06 21:06:19.846208] TRACE: slash.core.scope_manager: Popped scope test
[2020-06-06 21:06:19.849668] NOTICE: slash.runner: #46: /tmp/tmpzpg_zmej/test_08531.py:test_08538
[2020-06-06 21:06:19.850038] DEBUG: slash.runner: Started test #46: <Runnable test </tmp/tmpzpg_zmej/test_08531.py:test_08538>>
[2020-06-06 21:06:19.858729] TRACE: slash.core.scope_manager: Pushed scope test
[2020-06-06 21:06:19.858899] TRACE: slash.core.cleanup_manager: CleanupManager: pushing scope 'test'
[2020-06-06 21:06:19.862437] TRACE: slash.core.scope_manager: Popping scope test (expected test)
[2020-06-06 21:06:19.862573] TRACE: slash.core.cleanup_manager: CleanupManager: popping scope 'test' (failure: False, interrupt: False)
[2020-06-06 21:06:19.862660] TRACE: slash.core.cleanup_manager: Calling cleanups of scope 'test' (failure=False, interrupt=False)
[2020-06-06 21:06:19.866373] TRACE: slash.core.scope_manager: Popped scope test
[2020-06-06 21:06:19.870270] NOTICE: slash.runner: #47: /tmp/tmpzpg_zmej/test_08531.py:Test08539.test_08540
[2020-06-06 21:06:19.870701] DEBUG: slash.runner: Started test #47: <Runnable test </tmp/tmpzpg_zmej/test_08531.py:Test08539.test_08540>>
[2020-06-06 21:06:19.877143] TRACE: slash.core.scope_manager: Pushed scope test
[2020-06-06 21:06:19.877259] TRACE: slash.core.cleanup_manager: CleanupManager: pushing scope 'test'
[2020-06-06 21:06:19.886854] TRACE: slash.core.scope_manager: Popping scope test (expected test)
[2020-06-06 21:06:19.886996] TRACE: slash.core.cleanup_manager: CleanupManager: popping scope 'test' (failure: False, interrupt: False)
[2020-06-06 21:06:19.887095] TRACE: slash.core.cleanup_manager: Calling cleanups of scope 'test' (failure=False, interrupt=False)
[2020-06-06 21:06:19.890438] TRACE: slash.core.scope_manager: Popped scope test
[2020-06-06 21:06:19.894185] NOTICE: slash.runner: #48: /tmp/tmpzpg_zmej/test_08531.py:test_08541
[2020-06-06 21:06:19.894618] DEBUG: slash.runner: Started test #48: <Runnable test </tmp/tmpzpg_zmej/test_08531.py:test_08541>>
[2020-06-06 21:06:19.900755] TRACE: slash.core.scope_manager: Pushed scope test
[2020-06-06 21:06:19.900872] TRACE: slash.core.cleanup_manager: CleanupManager: pushing scope 'test'
[2020-06-06 21:06:19.904026] TRACE: slash.core.scope_manager: Popping scope test (expected test)
[2020-06-06 21:06:19.904145] TRACE: slash.core.cleanup_manager: CleanupManager: popping scope 'test' (failure: False, interrupt: False)
[2020-06-06 21:06:19.904226] TRACE: slash.core.cleanup_manager: Calling cleanups of scope 'test' (failure=False, interrupt=False)
[2020-06-06 21:06:19.909210] TRACE: slash.core.scope_manager: Popped scope test
[2020-06-06 21:06:19.912800] NOTICE: slash.runner: #49: /tmp/tmpzpg_zmej/test_08531.py:Test08539.test_08542
[2020-06-06 21:06:19.913185] DEBUG: slash.runner: Started test #49: <Runnable test </tmp/tmpzpg_zmej/test_08531.py:Test08539.test_08542>>
[2020-06-06 21:06:19.919555] TRACE: slash.core.scope_manager: Pushed scope test
[2020-06-06 21:06:19.919685] TRACE: slash.core.cleanup_manager: CleanupManager: pushing scope 'test'
[2020-06-06 21:06:19.929152] TRACE: slash.core.scope_manager: Popping scope test (expected test)
[2020-06-06 21:06:19.929281] TRACE: slash.core.cleanup_manager: CleanupManager: popping scope 'test' (failure: False, interrupt: False)
[2020-06-06 21:06:19.929364] TRACE: slash.core.cleanup_manager: Calling cleanups of scope 'test' (failure=False, interrupt=False)
[2020-06-06 21:06:19.932670] TRACE: slash.core.scope_manager: Popped scope test
[2020-06-06 21:06:19.936110] NOTICE: slash.runner: #50: /tmp/tmpzpg_zmej/test_08531.py:test_08543
[2020-06-06 21:06:19.936478] DEBUG: slash.runner: Started test #50: <Runnable test </tmp/tmpzpg_zmej/test_08531.py:test_08543>>
[2020-06-06 21:06:19.942591] TRACE: slash.core.scope_manager: Pushed scope test
[2020-06-06 21:06:19.942711] TRACE: slash.core.cleanup_manager: CleanupManager: pushing scope 'test'
[2020-06-06 21:06:19.945679] TRACE: slash.core.scope_manager: Popping scope test (expected test)
[2020-06-06 21:06:19.945793] TRACE: slash.core.cleanup_manager: CleanupManager: popping scope 'test' (failure: False, interrupt: False)
[2020-06-06 21:06:19.945869] TRACE: slash.core.cleanup_manager: Calling cleanups of scope 'test' (failure=False, interrupt=False)
[2020-06-06 21:06:19.949245] TRACE: slash.core.scope_manager: Popped scope test
[2020-06-06 21:06:19.955157] TRACE: slash.core.scope_manager: Popping scope module (expected module)
[2020-06-06 21:06:19.955276] TRACE: slash.core.cleanup_manager: CleanupManager: popping scope 'module' (failure: False, interrupt: False)
[2020-06-06 21:06:19.955356] TRACE: slash.core.cleanup_manager: Calling cleanups of scope 'module' (failure=False, interrupt=False)
[2020-06-06 21:06:19.955442] TRACE: slash.core.scope_manager: Popped scope module
[2020-06-06 21:06:19.955512] TRACE: slash.core.scope_manager: Popping scope session (expected session)
[2020-06-06 21:06:19.955588] TRACE: slash.core.cleanup_manager: CleanupManager: popping scope 'session' (failure: False, interrupt: False)
[2020-06-06 21:06:19.955656] TRACE: slash.core.cleanup_manager: Calling cleanups of scope 'session' (failure=False, interrupt=False)
[2020-06-06 21:06:19.955732] TRACE: slash.core.scope_manager: Popped scope session
[2020-06-06 21:06:19.956338] TRACE: slash.runner: Session finished. is_success=True has_skips=False
[2020-06-06 21:06:19.959252] TRACE: slash.core.cleanup_manager: CleanupManager: popping scope 'session-global' (failure: False, interrupt: False)
[2020-06-06 21:06:19.959358] TRACE: slash.core.cleanup_manager: Calling cleanups of scope 'session-global' (failure=False, interrupt=False)
[2020-06-06 21:06:19.967691] DEBUG: slash.resuming: Saved resume state to DB

----------- coverage: platform linux, python 3.5.6-final-0 -----------
Coverage HTML written to dir htmlcov

=========================== short test summary info ============================
FAILED tests/test_repeat.py::test_repeat_all_global - assert [0, 1, 2, 3, 4, ...
===== 1 failed, 1512 passed, 1 skipped, 164 warnings in 657.05s (0:10:57) ======

travis_time:end:0be96974:start=1591477143428289674,finish=1591477804227903453,duration=660799613779[0K
[31;1mThe command "make test" exited with 2.[0m
travis_time:start:0d242ad1[0K$ if [[ $TRAVIS_PYTHON_VERSION == '3.6' ]]; then make pylint; fi

travis_time:end:0d242ad1:start=1591477804241120112,finish=1591477804251082081,duration=9961969[0K
[32;1mThe command "if [[ $TRAVIS_PYTHON_VERSION == '3.6' ]]; then make pylint; fi" exited with 0.[0m
travis_fold:start:after_failure[0Ktravis_time:start:080648a6[0K$ .env/bin/pip freeze
alabaster==0.7.12
arrow==0.15.6
astroid==2.4.1
atomicwrites==1.4.0
attrs==19.3.0
Babel==2.8.0
backcall==0.1.0
certifi==2020.4.5.1
chardet==3.0.4
click==7.1.2
colorama==0.4.3
confetti==2.5.3
coverage==5.1
coveralls==2.0.0
decorator==4.4.2
dessert==1.4.1
docopt==0.6.2
docutils==0.16
emport==1.3.1
gossip==2.4.0
idna==2.9
imagesize==1.2.0
importlib-metadata==1.6.1
ipython==7.9.0
ipython-genutils==0.2.0
isort==4.3.21
jedi==0.17.0
Jinja2==2.11.2
kaptan==0.5.12
lazy-object-proxy==1.4.3
libtmux==0.8.2
Logbook==1.5.3
MarkupSafe==1.1.1
mccabe==0.6.1
more-itertools==8.3.0
munch==2.5.0
orderedset==2.0.3
packaging==20.4
parso==0.7.0
pathlib2==2.3.5
pexpect==4.8.0
pickleshare==0.7.5
pluggy==0.13.1
prompt-toolkit==2.0.10
ptyprocess==0.6.0
py==1.8.1
pyforge==1.3.0
Pygments==2.6.1
pylint==2.5.2
pyparsing==2.4.7
pytest==5.4.3
pytest-catchlog==1.2.2
pytest-cov==2.9.0
pytest-timeout==1.3.4
python-dateutil==2.8.1
pytz==2020.1
PyYAML==5.3.1
raven==6.10.0
releases==1.6.3
requests==2.23.0
semantic-version==2.6.0
sentinels==1.0.0
six==1.15.0
-e git+https://github.com/getslash/slash.git@62f0d7e80e37be06f33c1a9f12cceaaa204880c7#egg=slash
snowballstemmer==2.0.0
Sphinx==3.0.4
sphinxcontrib-applehelp==1.0.2
sphinxcontrib-devhelp==1.0.2
sphinxcontrib-htmlhelp==1.0.3
sphinxcontrib-jsmath==1.0.1
sphinxcontrib-qthelp==1.0.3
sphinxcontrib-serializinghtml==1.1.4
SQLAlchemy==1.3.17
tmuxp==1.5.4
toml==0.10.1
traitlets==4.3.3
typed-ast==1.4.1
urllib3==1.25.9
vintage==0.4.1
wcwidth==0.2.3
wrapt==1.12.1
zipp==1.2.0

travis_time:end:080648a6:start=1591477804263111798,finish=1591477804849963143,duration=586851345[0Ktravis_fold:end:after_failure[0K
Done. Your build exited with 1.
