travis_fold:start:system_info[0K[33;1mBuild system information[0m
Build language: python
Build id: ''
Job id: ''
[34m[1mBuild image provisioning date and time[0m
Thu Feb  5 15:09:33 UTC 2015
[34m[1mOperating System Details[0m
Distributor ID:	Ubuntu
Description:	Ubuntu 12.04.5 LTS
Release:	12.04
Codename:	precise
[34m[1mLinux Version[0m
3.13.0-29-generic
[34m[1mCookbooks Version[0m
a68419e https://github.com/travis-ci/travis-cookbooks/tree/a68419e
[34m[1mGCC version[0m
gcc (Ubuntu/Linaro 4.6.3-1ubuntu5) 4.6.3
Copyright (C) 2011 Free Software Foundation, Inc.
This is free software; see the source for copying conditions.  There is NO
warranty; not even for MERCHANTABILITY or FITNESS FOR A PARTICULAR PURPOSE.

[34m[1mLLVM version[0m
clang version 3.4 (tags/RELEASE_34/final)
Target: x86_64-unknown-linux-gnu
Thread model: posix
[34m[1mPre-installed Ruby versions[0m
ruby-1.9.3-p551
[34m[1mPre-installed Node.js versions[0m
v0.10.36
[34m[1mPre-installed Go versions[0m
1.4.1
[34m[1mRedis version[0m
redis-server 2.8.19
[34m[1mriak version[0m
2.0.2
[34m[1mMongoDB version[0m
MongoDB 2.4.12
[34m[1mCouchDB version[0m
couchdb 1.6.1
[34m[1mNeo4j version[0m
1.9.4
[34m[1mRabbitMQ Version[0m
3.4.3
[34m[1mElasticSearch version[0m
1.4.0
[34m[1mInstalled Sphinx versions[0m
2.0.10
2.1.9
2.2.6
[34m[1mDefault Sphinx version[0m
2.2.6
[34m[1mInstalled Firefox version[0m
firefox 31.0esr
[34m[1mPhantomJS version[0m
1.9.8
[34m[1mant -version[0m
Apache Ant(TM) version 1.8.2 compiled on December 3 2011
[34m[1mmvn -version[0m
Apache Maven 3.2.5 (12a6b3acb947671f09b81f49094c53f426d8cea1; 2014-12-14T17:29:23+00:00)
Maven home: /usr/local/maven
Java version: 1.7.0_76, vendor: Oracle Corporation
Java home: /usr/lib/jvm/java-7-oracle/jre
Default locale: en_US, platform encoding: ANSI_X3.4-1968
OS name: "linux", version: "3.13.0-29-generic", arch: "amd64", family: "unix"
travis_fold:end:system_info[0K
$ cd passed/hivesolutions/appier
travis_time:start:1404069a[0K$ source ~/virtualenv/python3.3/bin/activate

travis_time:end:1404069a:start=1591482157692663475,finish=1591482157702420153,duration=9756678[0K$ python --version
$ pip --version
pip 6.0.7 from /home/travis/virtualenv/python3.3.5/lib/python3.3/site-packages (python 3.3)
travis_fold:start:install.1[0Ktravis_time:start:0a1e872e[0K$ pip install -r requirements.txt
You must give at least one requirement to install (see "pip help install")

travis_time:end:0a1e872e:start=1591482158088032245,finish=1591482158439360240,duration=351327995[0Ktravis_fold:end:install.1[0Ktravis_fold:start:install.2[0Ktravis_time:start:0121a858[0K$ pip install coveralls==1.0a2
Collecting coveralls==1.0a2
  Downloading https://files.pythonhosted.org/packages/da/2f/cdbc8ed1ba59eeefe71c251a8bf2f64b3b392f47a899dcbaba9c1edcba69/coveralls-1.0a2-py2.py3-none-any.whl
Collecting coverage>=3.6 (from coveralls==1.0a2)
  Downloading https://files.pythonhosted.org/packages/fe/4d/3d892bdd21acba6c9e9bec6dc93fbe619883a0967c62f976122f2c6366f3/coverage-5.1.tar.gz (687kB)
    /opt/python/3.3.5/lib/python3.3/distutils/dist.py:258: UserWarning: Unknown distribution option: 'python_requires'
      warnings.warn(msg)
    /opt/python/3.3.5/lib/python3.3/distutils/dist.py:258: UserWarning: Unknown distribution option: 'project_urls'
      warnings.warn(msg)
    /opt/python/3.3.5/lib/python3.3/distutils/dist.py:258: UserWarning: Unknown distribution option: 'long_description_content_type'
      warnings.warn(msg)
Collecting requests>=1.0.0 (from coveralls==1.0a2)
  Downloading https://files.pythonhosted.org/packages/1a/70/1935c770cb3be6e3a8b78ced23d7e0f3b187f5cbfab4749523ed65d7c9b1/requests-2.23.0-py2.py3-none-any.whl (58kB)
Collecting docopt>=0.6.1 (from coveralls==1.0a2)
  Downloading https://files.pythonhosted.org/packages/a2/55/8f8cab2afd404cf578136ef2cc5dfb50baa1761b68c9da1fb1e4eed343c9/docopt-0.6.2.tar.gz
Collecting urllib3!=1.25.0,!=1.25.1,<1.26,>=1.21.1 (from requests>=1.0.0->coveralls==1.0a2)
  Downloading https://files.pythonhosted.org/packages/e1/e5/df302e8017440f111c11cc41a6b432838672f5a70aa29227bf58149dc72f/urllib3-1.25.9-py2.py3-none-any.whl (126kB)
Collecting certifi>=2017.4.17 (from requests>=1.0.0->coveralls==1.0a2)
  Downloading https://files.pythonhosted.org/packages/57/2b/26e37a4b034800c960a00c4e1b3d9ca5d7014e983e6e729e33ea2f36426c/certifi-2020.4.5.1-py2.py3-none-any.whl (157kB)
Collecting idna<3,>=2.5 (from requests>=1.0.0->coveralls==1.0a2)
  Downloading https://files.pythonhosted.org/packages/89/e3/afebe61c546d18fb1709a61bee788254b40e736cff7271c7de5de2dc4128/idna-2.9-py2.py3-none-any.whl (58kB)
Collecting chardet<4,>=3.0.2 (from requests>=1.0.0->coveralls==1.0a2)
  Downloading https://files.pythonhosted.org/packages/bc/a9/01ffebfb562e4274b6487b4bb1ddec7ca55ec7510b22e4c51f14098443b8/chardet-3.0.4-py2.py3-none-any.whl (133kB)
Installing collected packages: chardet, idna, certifi, urllib3, docopt, requests, coverage, coveralls




  Running setup.py install for docopt

  Running setup.py install for coverage
    building 'coverage.tracer' extension
    gcc -pthread -Wno-unused-result -DNDEBUG -g -fwrapv -O3 -Wall -Wstrict-prototypes -g -fstack-protector --param=ssp-buffer-size=4 -Wformat -Werror=format-security -fPIC -I/opt/python/3.3.5/include/python3.3m -c coverage/ctracer/datastack.c -o build/temp.linux-x86_64-3.3/coverage/ctracer/datastack.o
    gcc -pthread -Wno-unused-result -DNDEBUG -g -fwrapv -O3 -Wall -Wstrict-prototypes -g -fstack-protector --param=ssp-buffer-size=4 -Wformat -Werror=format-security -fPIC -I/opt/python/3.3.5/include/python3.3m -c coverage/ctracer/filedisp.c -o build/temp.linux-x86_64-3.3/coverage/ctracer/filedisp.o
    gcc -pthread -Wno-unused-result -DNDEBUG -g -fwrapv -O3 -Wall -Wstrict-prototypes -g -fstack-protector --param=ssp-buffer-size=4 -Wformat -Werror=format-security -fPIC -I/opt/python/3.3.5/include/python3.3m -c coverage/ctracer/module.c -o build/temp.linux-x86_64-3.3/coverage/ctracer/module.o
    gcc -pthread -Wno-unused-result -DNDEBUG -g -fwrapv -O3 -Wall -Wstrict-prototypes -g -fstack-protector --param=ssp-buffer-size=4 -Wformat -Werror=format-security -fPIC -I/opt/python/3.3.5/include/python3.3m -c coverage/ctracer/tracer.c -o build/temp.linux-x86_64-3.3/coverage/ctracer/tracer.o
    gcc -pthread -shared -L/opt/python/3.3.5/lib -Wl,-rpath=/opt/python/3.3.5/lib build/temp.linux-x86_64-3.3/coverage/ctracer/datastack.o build/temp.linux-x86_64-3.3/coverage/ctracer/filedisp.o build/temp.linux-x86_64-3.3/coverage/ctracer/module.o build/temp.linux-x86_64-3.3/coverage/ctracer/tracer.o -L/opt/python/3.3.5/lib -lpython3.3m -o build/lib.linux-x86_64-3.3/coverage/tracer.cpython-33m.so
    /opt/python/3.3.5/lib/python3.3/distutils/dist.py:258: UserWarning: Unknown distribution option: 'python_requires'
      warnings.warn(msg)
    /opt/python/3.3.5/lib/python3.3/distutils/dist.py:258: UserWarning: Unknown distribution option: 'project_urls'
      warnings.warn(msg)
    /opt/python/3.3.5/lib/python3.3/distutils/dist.py:258: UserWarning: Unknown distribution option: 'long_description_content_type'
      warnings.warn(msg)
    Installing coverage-3.3 script to /home/travis/virtualenv/python3.3.5/bin
    Installing coverage script to /home/travis/virtualenv/python3.3.5/bin
    Installing coverage3 script to /home/travis/virtualenv/python3.3.5/bin

Successfully installed certifi-2020.4.5.1 chardet-3.0.4 coverage-5.1 coveralls-1.0a2 docopt-0.6.2 idna-2.9 requests-2.23.0 urllib3-1.25.9

travis_time:end:0121a858:start=1591482158450915117,finish=1591482163856401815,duration=5405486698[0Ktravis_fold:end:install.2[0Ktravis_time:start:17f67192[0K$ coverage run --source=appier setup.py test
running test
running egg_info
creating src/appier.egg-info
writing dependency_links to src/appier.egg-info/dependency_links.txt
writing src/appier.egg-info/PKG-INFO
writing top-level names to src/appier.egg-info/top_level.txt
writing manifest file 'src/appier.egg-info/SOURCES.txt'
reading manifest file 'src/appier.egg-info/SOURCES.txt'
reading manifest template 'MANIFEST.in'
writing manifest file 'src/appier.egg-info/SOURCES.txt'
running build_ext

travis_time:end:17f67192:start=1591482163867168367,finish=1591482165463903744,duration=1596735377[0K
[32;1mThe command "coverage run --source=appier setup.py test" exited with 0.[0m
travis_fold:start:after_success[0Ktravis_time:start:0c57c785[0K$ coveralls

travis_time:end:0c57c785:start=1591482165474925091,finish=1591482165709454382,duration=234529291[0Ktravis_fold:end:after_success[0K
Done. Your build exited with 0.
