travis_fold:start:system_info[0K[33;1mBuild system information[0m
Build language: python
Build id: ''
Job id: ''
[34m[1mBuild image provisioning date and time[0m
Thu Feb  5 15:09:33 UTC 2015
[34m[1mOperating System Details[0m
Distributor ID:	Ubuntu
Description:	Ubuntu 12.04.5 LTS
Release:	12.04
Codename:	precise
[34m[1mLinux Version[0m
3.13.0-29-generic
[34m[1mCookbooks Version[0m
a68419e https://github.com/travis-ci/travis-cookbooks/tree/a68419e
[34m[1mGCC version[0m
gcc (Ubuntu/Linaro 4.6.3-1ubuntu5) 4.6.3
Copyright (C) 2011 Free Software Foundation, Inc.
This is free software; see the source for copying conditions.  There is NO
warranty; not even for MERCHANTABILITY or FITNESS FOR A PARTICULAR PURPOSE.

[34m[1mLLVM version[0m
clang version 3.4 (tags/RELEASE_34/final)
Target: x86_64-unknown-linux-gnu
Thread model: posix
[34m[1mPre-installed Ruby versions[0m
ruby-1.9.3-p551
[34m[1mPre-installed Node.js versions[0m
v0.10.36
[34m[1mPre-installed Go versions[0m
1.4.1
[34m[1mRedis version[0m
redis-server 2.8.19
[34m[1mriak version[0m
2.0.2
[34m[1mMongoDB version[0m
MongoDB 2.4.12
[34m[1mCouchDB version[0m
couchdb 1.6.1
[34m[1mNeo4j version[0m
1.9.4
[34m[1mRabbitMQ Version[0m
3.4.3
[34m[1mElasticSearch version[0m
1.4.0
[34m[1mInstalled Sphinx versions[0m
2.0.10
2.1.9
2.2.6
[34m[1mDefault Sphinx version[0m
2.2.6
[34m[1mInstalled Firefox version[0m
firefox 31.0esr
[34m[1mPhantomJS version[0m
1.9.8
[34m[1mant -version[0m
Apache Ant(TM) version 1.8.2 compiled on December 3 2011
[34m[1mmvn -version[0m
Apache Maven 3.2.5 (12a6b3acb947671f09b81f49094c53f426d8cea1; 2014-12-14T17:29:23+00:00)
Maven home: /usr/local/maven
Java version: 1.7.0_76, vendor: Oracle Corporation
Java home: /usr/lib/jvm/java-7-oracle/jre
Default locale: en_US, platform encoding: ANSI_X3.4-1968
OS name: "linux", version: "3.13.0-29-generic", arch: "amd64", family: "unix"
travis_fold:end:system_info[0K
$ cd failed/hivesolutions/appier
travis_time:start:01c21de4[0K$ source ~/virtualenv/pypy3/bin/activate

travis_time:end:01c21de4:start=1597529885893327073,finish=1597529885902381801,duration=9054728[0K$ python --version
$ pip --version
pip 6.0.7 from /home/travis/virtualenv/pypy3-2.4.0/site-packages (python 3.2)
travis_fold:start:install.1[0Ktravis_time:start:1515e9b0[0K$ pip install -r requirements.txt
You must give at least one requirement to install (see "pip help install")

travis_time:end:1515e9b0:start=1597529886488297197,finish=1597529888349091868,duration=1860794671[0Ktravis_fold:end:install.1[0Ktravis_fold:start:install.2[0Ktravis_time:start:028d5d10[0K$ pip install coveralls==1.0b1
Collecting coveralls==1.0b1
  Downloading https://files.pythonhosted.org/packages/e5/92/11409fb634e966c7262587b5ee7d8ba727c1b1136e087fef649624177cf6/coveralls-1.0b1-py2.py3-none-any.whl
Collecting docopt>=0.6.1 (from coveralls==1.0b1)
  Downloading https://files.pythonhosted.org/packages/a2/55/8f8cab2afd404cf578136ef2cc5dfb50baa1761b68c9da1fb1e4eed343c9/docopt-0.6.2.tar.gz
Collecting coverage>=3.6 (from coveralls==1.0b1)
  Downloading https://files.pythonhosted.org/packages/20/c0/0df91b7bde75063316f0aa5fa699f76b2bbb4514f190a2f68580b18d2f31/coverage-5.2.1.tar.gz (694kB)
    /opt/python/pypy3-2.4.0/lib-python/3/distutils/dist.py:257: UserWarning: Unknown distribution option: 'project_urls'
      warnings.warn(msg)
    /opt/python/pypy3-2.4.0/lib-python/3/distutils/dist.py:257: UserWarning: Unknown distribution option: 'python_requires'
      warnings.warn(msg)
    /opt/python/pypy3-2.4.0/lib-python/3/distutils/dist.py:257: UserWarning: Unknown distribution option: 'long_description_content_type'
      warnings.warn(msg)
Collecting requests>=1.0.0 (from coveralls==1.0b1)
  Downloading https://files.pythonhosted.org/packages/45/1e/0c169c6a5381e241ba7404532c16a21d86ab872c9bed8bdcd4c423954103/requests-2.24.0-py2.py3-none-any.whl (61kB)
Collecting idna<3,>=2.5 (from requests>=1.0.0->coveralls==1.0b1)
  Downloading https://files.pythonhosted.org/packages/a2/38/928ddce2273eaa564f6f50de919327bf3a00f091b5baba8dfa9460f3a8a8/idna-2.10-py2.py3-none-any.whl (58kB)
Collecting certifi>=2017.4.17 (from requests>=1.0.0->coveralls==1.0b1)
  Downloading https://files.pythonhosted.org/packages/5e/c4/6c4fe722df5343c33226f0b4e0bb042e4dc13483228b4718baf286f86d87/certifi-2020.6.20-py2.py3-none-any.whl (156kB)
Collecting urllib3!=1.25.0,!=1.25.1,<1.26,>=1.21.1 (from requests>=1.0.0->coveralls==1.0b1)
  Downloading https://files.pythonhosted.org/packages/9f/f0/a391d1463ebb1b233795cabfc0ef38d3db4442339de68f847026199e69d7/urllib3-1.25.10-py2.py3-none-any.whl (127kB)
Collecting chardet<4,>=3.0.2 (from requests>=1.0.0->coveralls==1.0b1)
  Downloading https://files.pythonhosted.org/packages/bc/a9/01ffebfb562e4274b6487b4bb1ddec7ca55ec7510b22e4c51f14098443b8/chardet-3.0.4-py2.py3-none-any.whl (133kB)
Installing collected packages: chardet, urllib3, certifi, idna, requests, coverage, docopt, coveralls





  Running setup.py install for coverage
    /opt/python/pypy3-2.4.0/lib-python/3/distutils/dist.py:257: UserWarning: Unknown distribution option: 'project_urls'
      warnings.warn(msg)
    /opt/python/pypy3-2.4.0/lib-python/3/distutils/dist.py:257: UserWarning: Unknown distribution option: 'python_requires'
      warnings.warn(msg)
    /opt/python/pypy3-2.4.0/lib-python/3/distutils/dist.py:257: UserWarning: Unknown distribution option: 'long_description_content_type'
      warnings.warn(msg)
    Installing coverage3 script to /home/travis/virtualenv/pypy3-2.4.0/bin
    Installing coverage-3.2 script to /home/travis/virtualenv/pypy3-2.4.0/bin
    Installing coverage script to /home/travis/virtualenv/pypy3-2.4.0/bin
  Running setup.py install for docopt

Successfully installed certifi-2020.6.20 chardet-3.0.4 coverage-5.2.1 coveralls-1.0b1 docopt-0.6.2 idna-2.10 requests-2.24.0 urllib3-1.25.10

travis_time:end:028d5d10:start=1597529888360963103,finish=1597529897175912391,duration=8814949288[0Ktravis_fold:end:install.2[0Ktravis_fold:start:install.3[0Ktravis_time:start:0ae1bd4a[0K$ pip install twine==1.5.0
Collecting twine==1.5.0
  Downloading https://files.pythonhosted.org/packages/b6/57/a4148d05bd0098c1d6d8cc4e14e766dbe93c3a5ab6723b969da27a87bac0/twine-1.5.0-py2.py3-none-any.whl
Collecting pkginfo (from twine==1.5.0)
  Downloading https://files.pythonhosted.org/packages/e6/d5/451b913307b478c49eb29084916639dc53a88489b993530fed0a66bab8b9/pkginfo-1.5.0.1-py2.py3-none-any.whl
Requirement already satisfied (use --upgrade to upgrade): requests in /home/travis/virtualenv/pypy3-2.4.0/site-packages (from twine==1.5.0)
Requirement already satisfied (use --upgrade to upgrade): idna<3,>=2.5 in /home/travis/virtualenv/pypy3-2.4.0/site-packages (from requests->twine==1.5.0)
Requirement already satisfied (use --upgrade to upgrade): certifi>=2017.4.17 in /home/travis/virtualenv/pypy3-2.4.0/site-packages (from requests->twine==1.5.0)
Requirement already satisfied (use --upgrade to upgrade): urllib3!=1.25.0,!=1.25.1,<1.26,>=1.21.1 in /home/travis/virtualenv/pypy3-2.4.0/site-packages (from requests->twine==1.5.0)
Requirement already satisfied (use --upgrade to upgrade): chardet<4,>=3.0.2 in /home/travis/virtualenv/pypy3-2.4.0/site-packages (from requests->twine==1.5.0)
Installing collected packages: pkginfo, twine


Successfully installed pkginfo-1.5.0.1 twine-1.5.0

travis_time:end:0ae1bd4a:start=1597529897186303464,finish=1597529899050658622,duration=1864355158[0Ktravis_fold:end:install.3[0Ktravis_time:start:1cf6b040[0K$ coverage run --source=appier setup.py test

travis_time:end:1cf6b040:start=1597529899059467378,finish=1597529899343630279,duration=284162901[0K
[31;1mThe command "coverage run --source=appier setup.py test" exited with 1.[0m

Done. Your build exited with 1.
