travis_fold:start:system_info[0K[33;1mBuild system information[0m
Build language: python
Build id: ''
Job id: ''
[34m[1mBuild image provisioning date and time[0m
Thu Feb  5 15:09:33 UTC 2015
[34m[1mOperating System Details[0m
Distributor ID:	Ubuntu
Description:	Ubuntu 12.04.5 LTS
Release:	12.04
Codename:	precise
[34m[1mLinux Version[0m
3.13.0-29-generic
[34m[1mCookbooks Version[0m
a68419e https://github.com/travis-ci/travis-cookbooks/tree/a68419e
[34m[1mGCC version[0m
gcc (Ubuntu/Linaro 4.6.3-1ubuntu5) 4.6.3
Copyright (C) 2011 Free Software Foundation, Inc.
This is free software; see the source for copying conditions.  There is NO
warranty; not even for MERCHANTABILITY or FITNESS FOR A PARTICULAR PURPOSE.

[34m[1mLLVM version[0m
clang version 3.4 (tags/RELEASE_34/final)
Target: x86_64-unknown-linux-gnu
Thread model: posix
[34m[1mPre-installed Ruby versions[0m
ruby-1.9.3-p551
[34m[1mPre-installed Node.js versions[0m
v0.10.36
[34m[1mPre-installed Go versions[0m
1.4.1
[34m[1mRedis version[0m
redis-server 2.8.19
[34m[1mriak version[0m
2.0.2
[34m[1mMongoDB version[0m
MongoDB 2.4.12
[34m[1mCouchDB version[0m
couchdb 1.6.1
[34m[1mNeo4j version[0m
1.9.4
[34m[1mRabbitMQ Version[0m
3.4.3
[34m[1mElasticSearch version[0m
1.4.0
[34m[1mInstalled Sphinx versions[0m
2.0.10
2.1.9
2.2.6
[34m[1mDefault Sphinx version[0m
2.2.6
[34m[1mInstalled Firefox version[0m
firefox 31.0esr
[34m[1mPhantomJS version[0m
1.9.8
[34m[1mant -version[0m
Apache Ant(TM) version 1.8.2 compiled on December 3 2011
[34m[1mmvn -version[0m
Apache Maven 3.2.5 (12a6b3acb947671f09b81f49094c53f426d8cea1; 2014-12-14T17:29:23+00:00)
Maven home: /usr/local/maven
Java version: 1.7.0_76, vendor: Oracle Corporation
Java home: /usr/lib/jvm/java-7-oracle/jre
Default locale: en_US, platform encoding: ANSI_X3.4-1968
OS name: "linux", version: "3.13.0-29-generic", arch: "amd64", family: "unix"
travis_fold:end:system_info[0K
grep: /etc/apt/sources.list.d/*: No such file or directory
sed: cannot rename /etc/hosts: Device or resource busy
sed: cannot rename /etc/hosts: Device or resource busy
$ cd passed/ccnmtl/dmt
travis_fold:start:install_firefox[0K$ export FIREFOX_SOURCE_URL='https://download.mozilla.org/?product=firefox-28.0&lang=en-US&os=linux64'
[33;1mInstalling Firefox 28.0[0m
travis_time:start:1ea07df6[0K$ wget -O /tmp/firefox-28.0.tar.bz2 $FIREFOX_SOURCE_URL
--2021-03-27 07:46:31--  https://download.mozilla.org/?product=firefox-28.0&lang=en-US&os=linux64
Resolving download.mozilla.org (download.mozilla.org)... 35.167.29.221, 52.34.146.87, 54.186.89.159
Connecting to download.mozilla.org (download.mozilla.org)|35.167.29.221|:443... connected.
HTTP request sent, awaiting response... 302 Found
Location: https://download-installer.cdn.mozilla.net/pub/firefox/releases/28.0/linux-x86_64/en-US/firefox-28.0.tar.bz2 [following]
--2021-03-27 07:46:31--  https://download-installer.cdn.mozilla.net/pub/firefox/releases/28.0/linux-x86_64/en-US/firefox-28.0.tar.bz2
Resolving download-installer.cdn.mozilla.net (download-installer.cdn.mozilla.net)... 13.224.26.58, 2600:9000:2164:2800:e:19d6:1546:5981, 2600:9000:2164:5800:e:19d6:1546:5981, ...
Connecting to download-installer.cdn.mozilla.net (download-installer.cdn.mozilla.net)|13.224.26.58|:443... connected.
HTTP request sent, awaiting response... 200 OK
Length: 30503247 (29M) [application/x-tar]
Saving to: `/tmp/firefox-28.0.tar.bz2'

     0K .......... .......... .......... .......... ..........  0% 2.09M 14s
    50K .......... .......... .......... .......... ..........  0% 2.12M 14s
   100K .......... .......... .......... .......... ..........  0% 5.13M 11s
   150K .......... .......... .......... .......... ..........  0% 5.86M 10s
   200K .......... .......... .......... .......... ..........  0% 8.97M 8s
   250K .......... .......... .......... .......... ..........  1% 9.44M 7s
   300K .......... .......... .......... .......... ..........  1% 8.91M 7s
   350K .......... .......... .......... .......... ..........  1% 7.14M 6s
   400K .......... .......... .......... .......... ..........  1% 15.6M 6s
   450K .......... .......... .......... .......... ..........  1% 18.9M 5s
   500K .......... .......... .......... .......... ..........  1% 20.3M 5s
   550K .......... .......... .......... .......... ..........  2% 20.6M 5s
   600K .......... .......... .......... .......... ..........  2% 23.4M 4s
   650K .......... .......... .......... .......... ..........  2% 17.7M 4s
   700K .......... .......... .......... .......... ..........  2% 34.6M 4s
   750K .......... .......... .......... .......... ..........  2% 19.3M 4s
   800K .......... .......... .......... .......... ..........  2% 20.5M 4s
   850K .......... .......... .......... .......... ..........  3% 36.3M 4s
   900K .......... .......... .......... .......... ..........  3% 23.0M 3s
   950K .......... .......... .......... .......... ..........  3% 23.5M 3s
  1000K .......... .......... .......... .......... ..........  3% 41.3M 3s
  1050K .......... .......... .......... .......... ..........  3% 26.5M 3s
  1100K .......... .......... .......... .......... ..........  3% 46.4M 3s
  1150K .......... .......... .......... .......... ..........  4% 29.5M 3s
  1200K .......... .......... .......... .......... ..........  4% 30.2M 3s
  1250K .......... .......... .......... .......... ..........  4% 46.1M 3s
  1300K .......... .......... .......... .......... ..........  4% 63.4M 3s
  1350K .......... .......... .......... .......... ..........  4% 37.8M 3s
  1400K .......... .......... .......... .......... ..........  4% 39.0M 2s
  1450K .......... .......... .......... .......... ..........  5% 48.6M 2s
  1500K .......... .......... .......... .......... ..........  5% 83.9M 2s
  1550K .......... .......... .......... .......... ..........  5% 38.1M 2s
  1600K .......... .......... .......... .......... ..........  5% 40.3M 2s
  1650K .......... .......... .......... .......... ..........  5% 83.0M 2s
  1700K .......... .......... .......... .......... ..........  5%  108M 2s
  1750K .......... .......... .......... .......... ..........  6% 56.6M 2s
  1800K .......... .......... .......... .......... ..........  6% 52.7M 2s
  1850K .......... .......... .......... .......... ..........  6% 60.4M 2s
  1900K .......... .......... .......... .......... ..........  6%  110M 2s
  1950K .......... .......... .......... .......... ..........  6% 40.4M 2s
  2000K .......... .......... .......... .......... ..........  6%  100M 2s
  2050K .......... .......... .......... .......... ..........  7% 60.2M 2s
  2100K .......... .......... .......... .......... ..........  7% 65.8M 2s
  2150K .......... .......... .......... .......... ..........  7%  110M 2s
  2200K .......... .......... .......... .......... ..........  7% 66.6M 2s
  2250K .......... .......... .......... .......... ..........  7% 59.1M 2s
  2300K .......... .......... .......... .......... ..........  7% 68.2M 2s
  2350K .......... .......... .......... .......... ..........  8% 64.6M 2s
  2400K .......... .......... .......... .......... ..........  8%  121M 2s
  2450K .......... .......... .......... .......... ..........  8% 53.2M 2s
  2500K .......... .......... .......... .......... ..........  8%  100M 2s
  2550K .......... .......... .......... .......... ..........  8% 61.2M 2s
  2600K .......... .......... .......... .......... ..........  8%  102M 1s
  2650K .......... .......... .......... .......... ..........  9%  115M 1s
  2700K .......... .......... .......... .......... ..........  9% 58.9M 1s
  2750K .......... .......... .......... .......... ..........  9%  111M 1s
  2800K .......... .......... .......... .......... ..........  9% 71.2M 1s
  2850K .......... .......... .......... .......... ..........  9%  113M 1s
  2900K .......... .......... .......... .......... ..........  9%  101M 1s
  2950K .......... .......... .......... .......... .......... 10% 81.7M 1s
  3000K .......... .......... .......... .......... .......... 10%  111M 1s
  3050K .......... .......... .......... .......... .......... 10% 82.1M 1s
  3100K .......... .......... .......... .......... .......... 10% 93.9M 1s
  3150K .......... .......... .......... .......... .......... 10%  118M 1s
  3200K .......... .......... .......... .......... .......... 10%  108M 1s
  3250K .......... .......... .......... .......... .......... 11% 90.0M 1s
  3300K .......... .......... .......... .......... .......... 11%  108M 1s
  3350K .......... .......... .......... .......... .......... 11%  123M 1s
  3400K .......... .......... .......... .......... .......... 11%  108M 1s
  3450K .......... .......... .......... .......... .......... 11% 94.8M 1s
  3500K .......... .......... .......... .......... .......... 11%  105M 1s
  3550K .......... .......... .......... .......... .......... 12%  124M 1s
  3600K .......... .......... .......... .......... .......... 12%  115M 1s
  3650K .......... .......... .......... .......... .......... 12%  106M 1s
  3700K .......... .......... .......... .......... .......... 12%  112M 1s
  3750K .......... .......... .......... .......... .......... 12%  127M 1s
  3800K .......... .......... .......... .......... .......... 12%  112M 1s
  3850K .......... .......... .......... .......... .......... 13% 90.9M 1s
  3900K .......... .......... .......... .......... .......... 13%  107M 1s
  3950K .......... .......... .......... .......... .......... 13%  114M 1s
  4000K .......... .......... .......... .......... .......... 13%  127M 1s
  4050K .......... .......... .......... .......... .......... 13%  113M 1s
  4100K .......... .......... .......... .......... .......... 13% 90.3M 1s
  4150K .......... .......... .......... .......... .......... 14%  113M 1s
  4200K .......... .......... .......... .......... .......... 14%  122M 1s
  4250K .......... .......... .......... .......... .......... 14%  104M 1s
  4300K .......... .......... .......... .......... .......... 14%  109M 1s
  4350K .......... .......... .......... .......... .......... 14%  130M 1s
  4400K .......... .......... .......... .......... .......... 14% 89.7M 1s
  4450K .......... .......... .......... .......... .......... 15%  114M 1s
  4500K .......... .......... .......... .......... .......... 15%  122M 1s
  4550K .......... .......... .......... .......... .......... 15% 99.6M 1s
  4600K .......... .......... .......... .......... .......... 15%  108M 1s
  4650K .......... .......... .......... .......... .......... 15% 80.5M 1s
  4700K .......... .......... .......... .......... .......... 15% 96.3M 1s
  4750K .......... .......... .......... .......... .......... 16%  116M 1s
  4800K .......... .......... .......... .......... .......... 16% 98.3M 1s
  4850K .......... .......... .......... .......... .......... 16%  104M 1s
  4900K .......... .......... .......... .......... .......... 16%  110M 1s
  4950K .......... .......... .......... .......... .......... 16%  146M 1s
  5000K .......... .......... .......... .......... .......... 16%  110M 1s
  5050K .......... .......... .......... .......... .......... 17%  119M 1s
  5100K .......... .......... .......... .......... .......... 17% 96.6M 1s
  5150K .......... .......... .......... .......... .......... 17%  102M 1s
  5200K .......... .......... .......... .......... .......... 17%  118M 1s
  5250K .......... .......... .......... .......... .......... 17%  114M 1s
  5300K .......... .......... .......... .......... .......... 17%  117M 1s
  5350K .......... .......... .......... .......... .......... 18% 99.9M 1s
  5400K .......... .......... .......... .......... .......... 18%  114M 1s
  5450K .......... .......... .......... .......... .......... 18%  111M 1s
  5500K .......... .......... .......... .......... .......... 18%  111M 1s
  5550K .......... .......... .......... .......... .......... 18% 88.2M 1s
  5600K .......... .......... .......... .......... .......... 18% 80.2M 1s
  5650K .......... .......... .......... .......... .......... 19%  103M 1s
  5700K .......... .......... .......... .......... .......... 19%  111M 1s
  5750K .......... .......... .......... .......... .......... 19%  114M 1s
  5800K .......... .......... .......... .......... .......... 19%  114M 1s
  5850K .......... .......... .......... .......... .......... 19%  125M 1s
  5900K .......... .......... .......... .......... .......... 19%  127M 1s
  5950K .......... .......... .......... .......... .......... 20%  119M 1s
  6000K .......... .......... .......... .......... .......... 20% 99.3M 1s
  6050K .......... .......... .......... .......... .......... 20%  186M 1s
  6100K .......... .......... .......... .......... .......... 20%  136M 1s
  6150K .......... .......... .......... .......... .......... 20%  126M 1s
  6200K .......... .......... .......... .......... .......... 20%  122M 1s
  6250K .......... .......... .......... .......... .......... 21%  107M 1s
  6300K .......... .......... .......... .......... .......... 21% 96.9M 1s
  6350K .......... .......... .......... .......... .......... 21%  122M 1s
  6400K .......... .......... .......... .......... .......... 21%  121M 1s
  6450K .......... .......... .......... .......... .......... 21% 99.8M 1s
  6500K .......... .......... .......... .......... .......... 21%  123M 1s
  6550K .......... .......... .......... .......... .......... 22%  115M 1s
  6600K .......... .......... .......... .......... .......... 22% 94.2M 1s
  6650K .......... .......... .......... .......... .......... 22%  122M 1s
  6700K .......... .......... .......... .......... .......... 22%  108M 1s
  6750K .......... .......... .......... .......... .......... 22%  107M 1s
  6800K .......... .......... .......... .......... .......... 22%  127M 1s
  6850K .......... .......... .......... .......... .......... 23%  107M 1s
  6900K .......... .......... .......... .......... .......... 23%  105M 1s
  6950K .......... .......... .......... .......... .......... 23%  108M 1s
  7000K .......... .......... .......... .......... .......... 23% 98.2M 1s
  7050K .......... .......... .......... .......... .......... 23%  132M 1s
  7100K .......... .......... .......... .......... .......... 24%  102M 1s
  7150K .......... .......... .......... .......... .......... 24%  110M 1s
  7200K .......... .......... .......... .......... .......... 24%  105M 1s
  7250K .......... .......... .......... .......... .......... 24%  131M 1s
  7300K .......... .......... .......... .......... .......... 24%  119M 1s
  7350K .......... .......... .......... .......... .......... 24% 93.6M 1s
  7400K .......... .......... .......... .......... .......... 25% 93.2M 1s
  7450K .......... .......... .......... .......... .......... 25%  150M 1s
  7500K .......... .......... .......... .......... .......... 25%  150M 1s
  7550K .......... .......... .......... .......... .......... 25% 92.0M 1s
  7600K .......... .......... .......... .......... .......... 25%  110M 1s
  7650K .......... .......... .......... .......... .......... 25%  139M 1s
  7700K .......... .......... .......... .......... .......... 26%  101M 1s
  7750K .......... .......... .......... .......... .......... 26% 86.6M 1s
  7800K .......... .......... .......... .......... .......... 26%  108M 1s
  7850K .......... .......... .......... .......... .......... 26%  145M 1s
  7900K .......... .......... .......... .......... .......... 26%  116M 1s
  7950K .......... .......... .......... .......... .......... 26%  110M 1s
  8000K .......... .......... .......... .......... .......... 27%  117M 1s
  8050K .......... .......... .......... .......... .......... 27%  133M 1s
  8100K .......... .......... .......... .......... .......... 27% 93.4M 1s
  8150K .......... .......... .......... .......... .......... 27%  112M 1s
  8200K .......... .......... .......... .......... .......... 27%  127M 1s
  8250K .......... .......... .......... .......... .......... 27%  111M 1s
  8300K .......... .......... .......... .......... .......... 28% 84.2M 1s
  8350K .......... .......... .......... .......... .......... 28%  142M 0s
  8400K .......... .......... .......... .......... .......... 28%  123M 0s
  8450K .......... .......... .......... .......... .......... 28%  102M 0s
  8500K .......... .......... .......... .......... .......... 28% 91.6M 0s
  8550K .......... .......... .......... .......... .......... 28%  109M 0s
  8600K .......... .......... .......... .......... .......... 29%  104M 0s
  8650K .......... .......... .......... .......... .......... 29%  159M 0s
  8700K .......... .......... .......... .......... .......... 29% 94.1M 0s
  8750K .......... .......... .......... .......... .......... 29%  103M 0s
  8800K .......... .......... .......... .......... .......... 29%  129M 0s
  8850K .......... .......... .......... .......... .......... 29%  145M 0s
  8900K .......... .......... .......... .......... .......... 30%  105M 0s
  8950K .......... .......... .......... .......... .......... 30%  127M 0s
  9000K .......... .......... .......... .......... .......... 30%  114M 0s
  9050K .......... .......... .......... .......... .......... 30%  121M 0s
  9100K .......... .......... .......... .......... .......... 30% 87.9M 0s
  9150K .......... .......... .......... .......... .......... 30%  117M 0s
  9200K .......... .......... .......... .......... .......... 31%  104M 0s
  9250K .......... .......... .......... .......... .......... 31%  123M 0s
  9300K .......... .......... .......... .......... .......... 31%  109M 0s
  9350K .......... .......... .......... .......... .......... 31% 97.5M 0s
  9400K .......... .......... .......... .......... .......... 31%  129M 0s
  9450K .......... .......... .......... .......... .......... 31%  147M 0s
  9500K .......... .......... .......... .......... .......... 32% 93.7M 0s
  9550K .......... .......... .......... .......... .......... 32%  107M 0s
  9600K .......... .......... .......... .......... .......... 32%  110M 0s
  9650K .......... .......... .......... .......... .......... 32%  120M 0s
  9700K .......... .......... .......... .......... .......... 32% 98.9M 0s
  9750K .......... .......... .......... .......... .......... 32%  111M 0s
  9800K .......... .......... .......... .......... .......... 33%  108M 0s
  9850K .......... .......... .......... .......... .......... 33%  116M 0s
  9900K .......... .......... .......... .......... .......... 33%  106M 0s
  9950K .......... .......... .......... .......... .......... 33%  106M 0s
 10000K .......... .......... .......... .......... .......... 33%  105M 0s
 10050K .......... .......... .......... .......... .......... 33%  124M 0s
 10100K .......... .......... .......... .......... .......... 34%  125M 0s
 10150K .......... .......... .......... .......... .......... 34%  111M 0s
 10200K .......... .......... .......... .......... .......... 34%  121M 0s
 10250K .......... .......... .......... .......... .......... 34%  117M 0s
 10300K .......... .......... .......... .......... .......... 34% 87.3M 0s
 10350K .......... .......... .......... .......... .......... 34%  104M 0s
 10400K .......... .......... .......... .......... .......... 35%  120M 0s
 10450K .......... .......... .......... .......... .......... 35%  135M 0s
 10500K .......... .......... .......... .......... .......... 35% 96.0M 0s
 10550K .......... .......... .......... .......... .......... 35%  102M 0s
 10600K .......... .......... .......... .......... .......... 35%  114M 0s
 10650K .......... .......... .......... .......... .......... 35%  159M 0s
 10700K .......... .......... .......... .......... .......... 36% 91.7M 0s
 10750K .......... .......... .......... .......... .......... 36%  107M 0s
 10800K .......... .......... .......... .......... .......... 36%  131M 0s
 10850K .......... .......... .......... .......... .......... 36%  113M 0s
 10900K .......... .......... .......... .......... .......... 36% 99.4M 0s
 10950K .......... .......... .......... .......... .......... 36%  121M 0s
 11000K .......... .......... .......... .......... .......... 37% 97.5M 0s
 11050K .......... .......... .......... .......... .......... 37%  119M 0s
 11100K .......... .......... .......... .......... .......... 37% 95.6M 0s
 11150K .......... .......... .......... .......... .......... 37%  100M 0s
 11200K .......... .......... .......... .......... .......... 37%  108M 0s
 11250K .......... .......... .......... .......... .......... 37%  149M 0s
 11300K .......... .......... .......... .......... .......... 38%  104M 0s
 11350K .......... .......... .......... .......... .......... 38%  110M 0s
 11400K .......... .......... .......... .......... .......... 38%  111M 0s
 11450K .......... .......... .......... .......... .......... 38%  140M 0s
 11500K .......... .......... .......... .......... .......... 38% 96.6M 0s
 11550K .......... .......... .......... .......... .......... 38%  118M 0s
 11600K .......... .......... .......... .......... .......... 39%  113M 0s
 11650K .......... .......... .......... .......... .......... 39%  116M 0s
 11700K .......... .......... .......... .......... .......... 39%  108M 0s
 11750K .......... .......... .......... .......... .......... 39%  122M 0s
 11800K .......... .......... .......... .......... .......... 39%  107M 0s
 11850K .......... .......... .......... .......... .......... 39% 99.8M 0s
 11900K .......... .......... .......... .......... .......... 40%  105M 0s
 11950K .......... .......... .......... .......... .......... 40%  104M 0s
 12000K .......... .......... .......... .......... .......... 40%  135M 0s
 12050K .......... .......... .......... .......... .......... 40%  124M 0s
 12100K .......... .......... .......... .......... .......... 40%  111M 0s
 12150K .......... .......... .......... .......... .......... 40%  108M 0s
 12200K .......... .......... .......... .......... .......... 41%  121M 0s
 12250K .......... .......... .......... .......... .......... 41%  112M 0s
 12300K .......... .......... .......... .......... .......... 41% 98.0M 0s
 12350K .......... .......... .......... .......... .......... 41% 93.0M 0s
 12400K .......... .......... .......... .......... .......... 41%  116M 0s
 12450K .......... .......... .......... .......... .......... 41%  120M 0s
 12500K .......... .......... .......... .......... .......... 42% 93.8M 0s
 12550K .......... .......... .......... .......... .......... 42%  108M 0s
 12600K .......... .......... .......... .......... .......... 42%  106M 0s
 12650K .......... .......... .......... .......... .......... 42%  154M 0s
 12700K .......... .......... .......... .......... .......... 42% 97.5M 0s
 12750K .......... .......... .......... .......... .......... 42%  112M 0s
 12800K .......... .......... .......... .......... .......... 43%  128M 0s
 12850K .......... .......... .......... .......... .......... 43%  113M 0s
 12900K .......... .......... .......... .......... .......... 43%  116M 0s
 12950K .......... .......... .......... .......... .......... 43%  106M 0s
 13000K .......... .......... .......... .......... .......... 43%  132M 0s
 13050K .......... .......... .......... .......... .......... 43%  104M 0s
 13100K .......... .......... .......... .......... .......... 44% 89.8M 0s
 13150K .......... .......... .......... .......... .......... 44%  137M 0s
 13200K .......... .......... .......... .......... .......... 44%  104M 0s
 13250K .......... .......... .......... .......... .......... 44% 89.3M 0s
 13300K .......... .......... .......... .......... .......... 44%  109M 0s
 13350K .......... .......... .......... .......... .......... 44%  149M 0s
 13400K .......... .......... .......... .......... .......... 45%  145M 0s
 13450K .......... .......... .......... .......... .......... 45%  107M 0s
 13500K .......... .......... .......... .......... .......... 45% 86.4M 0s
 13550K .......... .......... .......... .......... .......... 45%  115M 0s
 13600K .......... .......... .......... .......... .......... 45% 96.9M 0s
 13650K .......... .......... .......... .......... .......... 45%  106M 0s
 13700K .......... .......... .......... .......... .......... 46% 89.0M 0s
 13750K .......... .......... .......... .......... .......... 46% 97.9M 0s
 13800K .......... .......... .......... .......... .......... 46%  114M 0s
 13850K .......... .......... .......... .......... .......... 46%  145M 0s
 13900K .......... .......... .......... .......... .......... 46%  105M 0s
 13950K .......... .......... .......... .......... .......... 46%  102M 0s
 14000K .......... .......... .......... .......... .......... 47%  122M 0s
 14050K .......... .......... .......... .......... .......... 47% 77.2M 0s
 14100K .......... .......... .......... .......... .......... 47% 67.6M 0s
 14150K .......... .......... .......... .......... .......... 47%  127M 0s
 14200K .......... .......... .......... .......... .......... 47%  127M 0s
 14250K .......... .......... .......... .......... .......... 48% 74.6M 0s
 14300K .......... .......... .......... .......... .......... 48% 71.5M 0s
 14350K .......... .......... .......... .......... .......... 48%  123M 0s
 14400K .......... .......... .......... .......... .......... 48%  129M 0s
 14450K .......... .......... .......... .......... .......... 48%  103M 0s
 14500K .......... .......... .......... .......... .......... 48%  114M 0s
 14550K .......... .......... .......... .......... .......... 49% 96.1M 0s
 14600K .......... .......... .......... .......... .......... 49% 94.5M 0s
 14650K .......... .......... .......... .......... .......... 49%  122M 0s
 14700K .......... .......... .......... .......... .......... 49% 90.7M 0s
 14750K .......... .......... .......... .......... .......... 49%  104M 0s
 14800K .......... .......... .......... .......... .......... 49%  121M 0s
 14850K .......... .......... .......... .......... .......... 50%  104M 0s
 14900K .......... .......... .......... .......... .......... 50%  112M 0s
 14950K .......... .......... .......... .......... .......... 50%  125M 0s
 15000K .......... .......... .......... .......... .......... 50%  105M 0s
 15050K .......... .......... .......... .......... .......... 50%  111M 0s
 15100K .......... .......... .......... .......... .......... 50% 87.8M 0s
 15150K .......... .......... .......... .......... .......... 51%  116M 0s
 15200K .......... .......... .......... .......... .......... 51%  126M 0s
 15250K .......... .......... .......... .......... .......... 51% 96.7M 0s
 15300K .......... .......... .......... .......... .......... 51% 70.2M 0s
 15350K .......... .......... .......... .......... .......... 51% 98.8M 0s
 15400K .......... .......... .......... .......... .......... 51%  115M 0s
 15450K .......... .......... .......... .......... .......... 52%  117M 0s
 15500K .......... .......... .......... .......... .......... 52% 83.5M 0s
 15550K .......... .......... .......... .......... .......... 52% 95.7M 0s
 15600K .......... .......... .......... .......... .......... 52% 90.3M 0s
 15650K .......... .......... .......... .......... .......... 52% 68.0M 0s
 15700K .......... .......... .......... .......... .......... 52%  101M 0s
 15750K .......... .......... .......... .......... .......... 53%  103M 0s
 15800K .......... .......... .......... .......... .......... 53%  146M 0s
 15850K .......... .......... .......... .......... .......... 53%  108M 0s
 15900K .......... .......... .......... .......... .......... 53% 96.3M 0s
 15950K .......... .......... .......... .......... .......... 53%  117M 0s
 16000K .......... .......... .......... .......... .......... 53% 88.6M 0s
 16050K .......... .......... .......... .......... .......... 54%  104M 0s
 16100K .......... .......... .......... .......... .......... 54% 91.4M 0s
 16150K .......... .......... .......... .......... .......... 54%  102M 0s
 16200K .......... .......... .......... .......... .......... 54% 95.1M 0s
 16250K .......... .......... .......... .......... .......... 54%  104M 0s
 16300K .......... .......... .......... .......... .......... 54%  128M 0s
 16350K .......... .......... .......... .......... .......... 55% 95.0M 0s
 16400K .......... .......... .......... .......... .......... 55% 86.5M 0s
 16450K .......... .......... .......... .......... .......... 55%  143M 0s
 16500K .......... .......... .......... .......... .......... 55%  132M 0s
 16550K .......... .......... .......... .......... .......... 55%  139M 0s
 16600K .......... .......... .......... .......... .......... 55%  106M 0s
 16650K .......... .......... .......... .......... .......... 56%  118M 0s
 16700K .......... .......... .......... .......... .......... 56% 84.6M 0s
 16750K .......... .......... .......... .......... .......... 56%  126M 0s
 16800K .......... .......... .......... .......... .......... 56%  104M 0s
 16850K .......... .......... .......... .......... .......... 56%  118M 0s
 16900K .......... .......... .......... .......... .......... 56%  110M 0s
 16950K .......... .......... .......... .......... .......... 57%  135M 0s
 17000K .......... .......... .......... .......... .......... 57%  101M 0s
 17050K .......... .......... .......... .......... .......... 57%  102M 0s
 17100K .......... .......... .......... .......... .......... 57% 68.7M 0s
 17150K .......... .......... .......... .......... .......... 57%  121M 0s
 17200K .......... .......... .......... .......... .......... 57% 81.4M 0s
 17250K .......... .......... .......... .......... .......... 58%  122M 0s
 17300K .......... .......... .......... .......... .......... 58% 82.8M 0s
 17350K .......... .......... .......... .......... .......... 58%  107M 0s
 17400K .......... .......... .......... .......... .......... 58% 88.5M 0s
 17450K .......... .......... .......... .......... .......... 58%  108M 0s
 17500K .......... .......... .......... .......... .......... 58% 73.5M 0s
 17550K .......... .......... .......... .......... .......... 59% 95.8M 0s
 17600K .......... .......... .......... .......... .......... 59%  115M 0s
 17650K .......... .......... .......... .......... .......... 59% 50.1M 0s
 17700K .......... .......... .......... .......... .......... 59%  113M 0s
 17750K .......... .......... .......... .......... .......... 59%  101M 0s
 17800K .......... .......... .......... .......... .......... 59%  105M 0s
 17850K .......... .......... .......... .......... .......... 60%  121M 0s
 17900K .......... .......... .......... .......... .......... 60% 97.9M 0s
 17950K .......... .......... .......... .......... .......... 60%  120M 0s
 18000K .......... .......... .......... .......... .......... 60%  110M 0s
 18050K .......... .......... .......... .......... .......... 60%  110M 0s
 18100K .......... .......... .......... .......... .......... 60%  105M 0s
 18150K .......... .......... .......... .......... .......... 61%  134M 0s
 18200K .......... .......... .......... .......... .......... 61%  102M 0s
 18250K .......... .......... .......... .......... .......... 61% 84.3M 0s
 18300K .......... .......... .......... .......... .......... 61% 81.3M 0s
 18350K .......... .......... .......... .......... .......... 61%  128M 0s
 18400K .......... .......... .......... .......... .......... 61% 63.6M 0s
 18450K .......... .......... .......... .......... .......... 62%  112M 0s
 18500K .......... .......... .......... .......... .......... 62% 48.3M 0s
 18550K .......... .......... .......... .......... .......... 62% 53.0M 0s
 18600K .......... .......... .......... .......... .......... 62% 36.8M 0s
 18650K .......... .......... .......... .......... .......... 62% 91.1M 0s
 18700K .......... .......... .......... .......... .......... 62% 64.9M 0s
 18750K .......... .......... .......... .......... .......... 63%  109M 0s
 18800K .......... .......... .......... .......... .......... 63%  115M 0s
 18850K .......... .......... .......... .......... .......... 63% 92.8M 0s
 18900K .......... .......... .......... .......... .......... 63%  109M 0s
 18950K .......... .......... .......... .......... .......... 63%  138M 0s
 19000K .......... .......... .......... .......... .......... 63% 88.3M 0s
 19050K .......... .......... .......... .......... .......... 64%  111M 0s
 19100K .......... .......... .......... .......... .......... 64% 60.9M 0s
 19150K .......... .......... .......... .......... .......... 64%  118M 0s
 19200K .......... .......... .......... .......... .......... 64%  123M 0s
 19250K .......... .......... .......... .......... .......... 64%  101M 0s
 19300K .......... .......... .......... .......... .......... 64%  109M 0s
 19350K .......... .......... .......... .......... .......... 65% 82.5M 0s
 19400K .......... .......... .......... .......... .......... 65%  104M 0s
 19450K .......... .......... .......... .......... .......... 65% 90.6M 0s
 19500K .......... .......... .......... .......... .......... 65% 89.2M 0s
 19550K .......... .......... .......... .......... .......... 65%  116M 0s
 19600K .......... .......... .......... .......... .......... 65% 83.7M 0s
 19650K .......... .......... .......... .......... .......... 66%  122M 0s
 19700K .......... .......... .......... .......... .......... 66% 82.6M 0s
 19750K .......... .......... .......... .......... .......... 66%  115M 0s
 19800K .......... .......... .......... .......... .......... 66%  116M 0s
 19850K .......... .......... .......... .......... .......... 66%  112M 0s
 19900K .......... .......... .......... .......... .......... 66% 89.9M 0s
 19950K .......... .......... .......... .......... .......... 67%  107M 0s
 20000K .......... .......... .......... .......... .......... 67%  110M 0s
 20050K .......... .......... .......... .......... .......... 67%  113M 0s
 20100K .......... .......... .......... .......... .......... 67%  126M 0s
 20150K .......... .......... .......... .......... .......... 67%  114M 0s
 20200K .......... .......... .......... .......... .......... 67%  101M 0s
 20250K .......... .......... .......... .......... .......... 68%  107M 0s
 20300K .......... .......... .......... .......... .......... 68%  124M 0s
 20350K .......... .......... .......... .......... .......... 68%  124M 0s
 20400K .......... .......... .......... .......... .......... 68%  101M 0s
 20450K .......... .......... .......... .......... .......... 68% 92.5M 0s
 20500K .......... .......... .......... .......... .......... 68%  142M 0s
 20550K .......... .......... .......... .......... .......... 69%  105M 0s
 20600K .......... .......... .......... .......... .......... 69%  148M 0s
 20650K .......... .......... .......... .......... .......... 69% 98.8M 0s
 20700K .......... .......... .......... .......... .......... 69% 90.4M 0s
 20750K .......... .......... .......... .......... .......... 69%  122M 0s
 20800K .......... .......... .......... .......... .......... 69%  133M 0s
 20850K .......... .......... .......... .......... .......... 70%  105M 0s
 20900K .......... .......... .......... .......... .......... 70% 98.8M 0s
 20950K .......... .......... .......... .......... .......... 70%  151M 0s
 21000K .......... .......... .......... .......... .......... 70%  101M 0s
 21050K .......... .......... .......... .......... .......... 70%  100M 0s
 21100K .......... .......... .......... .......... .......... 71%  106M 0s
 21150K .......... .......... .......... .......... .......... 71%  145M 0s
 21200K .......... .......... .......... .......... .......... 71% 99.6M 0s
 21250K .......... .......... .......... .......... .......... 71%  114M 0s
 21300K .......... .......... .......... .......... .......... 71%  122M 0s
 21350K .......... .......... .......... .......... .......... 71%  106M 0s
 21400K .......... .......... .......... .......... .......... 72% 86.2M 0s
 21450K .......... .......... .......... .......... .......... 72% 78.2M 0s
 21500K .......... .......... .......... .......... .......... 72%  108M 0s
 21550K .......... .......... .......... .......... .......... 72%  146M 0s
 21600K .......... .......... .......... .......... .......... 72%  142M 0s
 21650K .......... .......... .......... .......... .......... 72%  138M 0s
 21700K .......... .......... .......... .......... .......... 73%  137M 0s
 21750K .......... .......... .......... .......... .......... 73% 80.9M 0s
 21800K .......... .......... .......... .......... .......... 73%  150M 0s
 21850K .......... .......... .......... .......... .......... 73%  148M 0s
 21900K .......... .......... .......... .......... .......... 73% 94.5M 0s
 21950K .......... .......... .......... .......... .......... 73% 91.9M 0s
 22000K .......... .......... .......... .......... .......... 74%  144M 0s
 22050K .......... .......... .......... .......... .......... 74%  120M 0s
 22100K .......... .......... .......... .......... .......... 74%  104M 0s
 22150K .......... .......... .......... .......... .......... 74%  122M 0s
 22200K .......... .......... .......... .......... .......... 74%  102M 0s
 22250K .......... .......... .......... .......... .......... 74%  108M 0s
 22300K .......... .......... .......... .......... .......... 75% 89.5M 0s
 22350K .......... .......... .......... .......... .......... 75%  123M 0s
 22400K .......... .......... .......... .......... .......... 75%  152M 0s
 22450K .......... .......... .......... .......... .......... 75%  111M 0s
 22500K .......... .......... .......... .......... .......... 75%  108M 0s
 22550K .......... .......... .......... .......... .......... 75%  128M 0s
 22600K .......... .......... .......... .......... .......... 76%  112M 0s
 22650K .......... .......... .......... .......... .......... 76%  119M 0s
 22700K .......... .......... .......... .......... .......... 76% 95.9M 0s
 22750K .......... .......... .......... .......... .......... 76%  111M 0s
 22800K .......... .......... .......... .......... .......... 76%  121M 0s
 22850K .......... .......... .......... .......... .......... 76%  119M 0s
 22900K .......... .......... .......... .......... .......... 77% 95.6M 0s
 22950K .......... .......... .......... .......... .......... 77%  111M 0s
 23000K .......... .......... .......... .......... .......... 77%  114M 0s
 23050K .......... .......... .......... .......... .......... 77%  104M 0s
 23100K .......... .......... .......... .......... .......... 77% 82.0M 0s
 23150K .......... .......... .......... .......... .......... 77%  130M 0s
 23200K .......... .......... .......... .......... .......... 78%  148M 0s
 23250K .......... .......... .......... .......... .......... 78%  126M 0s
 23300K .......... .......... .......... .......... .......... 78% 96.5M 0s
 23350K .......... .......... .......... .......... .......... 78%  122M 0s
 23400K .......... .......... .......... .......... .......... 78%  129M 0s
 23450K .......... .......... .......... .......... .......... 78%  126M 0s
 23500K .......... .......... .......... .......... .......... 79% 89.1M 0s
 23550K .......... .......... .......... .......... .......... 79% 96.6M 0s
 23600K .......... .......... .......... .......... .......... 79%  109M 0s
 23650K .......... .......... .......... .......... .......... 79%  115M 0s
 23700K .......... .......... .......... .......... .......... 79%  137M 0s
 23750K .......... .......... .......... .......... .......... 79%  110M 0s
 23800K .......... .......... .......... .......... .......... 80%  100M 0s
 23850K .......... .......... .......... .......... .......... 80%  151M 0s
 23900K .......... .......... .......... .......... .......... 80% 92.3M 0s
 23950K .......... .......... .......... .......... .......... 80%  126M 0s
 24000K .......... .......... .......... .......... .......... 80%  116M 0s
 24050K .......... .......... .......... .......... .......... 80%  112M 0s
 24100K .......... .......... .......... .......... .......... 81%  105M 0s
 24150K .......... .......... .......... .......... .......... 81%  102M 0s
 24200K .......... .......... .......... .......... .......... 81%  104M 0s
 24250K .......... .......... .......... .......... .......... 81%  110M 0s
 24300K .......... .......... .......... .......... .......... 81%  117M 0s
 24350K .......... .......... .......... .......... .......... 81%  100M 0s
 24400K .......... .......... .......... .......... .......... 82%  113M 0s
 24450K .......... .......... .......... .......... .......... 82%  148M 0s
 24500K .......... .......... .......... .......... .......... 82%  102M 0s
 24550K .......... .......... .......... .......... .......... 82%  118M 0s
 24600K .......... .......... .......... .......... .......... 82%  119M 0s
 24650K .......... .......... .......... .......... .......... 82%  103M 0s
 24700K .......... .......... .......... .......... .......... 83% 98.3M 0s
 24750K .......... .......... .......... .......... .......... 83%  118M 0s
 24800K .......... .......... .......... .......... .......... 83%  107M 0s
 24850K .......... .......... .......... .......... .......... 83%  113M 0s
 24900K .......... .......... .......... .......... .......... 83%  117M 0s
 24950K .......... .......... .......... .......... .......... 83%  112M 0s
 25000K .......... .......... .......... .......... .......... 84%  103M 0s
 25050K .......... .......... .......... .......... .......... 84%  107M 0s
 25100K .......... .......... .......... .......... .......... 84% 93.0M 0s
 25150K .......... .......... .......... .......... .......... 84%  145M 0s
 25200K .......... .......... .......... .......... .......... 84%  127M 0s
 25250K .......... .......... .......... .......... .......... 84%  124M 0s
 25300K .......... .......... .......... .......... .......... 85% 99.0M 0s
 25350K .......... .......... .......... .......... .......... 85%  125M 0s
 25400K .......... .......... .......... .......... .......... 85%  112M 0s
 25450K .......... .......... .......... .......... .......... 85%  117M 0s
 25500K .......... .......... .......... .......... .......... 85% 95.5M 0s
 25550K .......... .......... .......... .......... .......... 85%  113M 0s
 25600K .......... .......... .......... .......... .......... 86%  120M 0s
 25650K .......... .......... .......... .......... .......... 86%  105M 0s
 25700K .......... .......... .......... .......... .......... 86% 96.1M 0s
 25750K .......... .......... .......... .......... .......... 86%  147M 0s
 25800K .......... .......... .......... .......... .......... 86%  116M 0s
 25850K .......... .......... .......... .......... .......... 86%  114M 0s
 25900K .......... .......... .......... .......... .......... 87% 90.1M 0s
 25950K .......... .......... .......... .......... .......... 87%  119M 0s
 26000K .......... .......... .......... .......... .......... 87%  111M 0s
 26050K .......... .......... .......... .......... .......... 87%  119M 0s
 26100K .......... .......... .......... .......... .......... 87%  109M 0s
 26150K .......... .......... .......... .......... .......... 87%  119M 0s
 26200K .......... .......... .......... .......... .......... 88%  112M 0s
 26250K .......... .......... .......... .......... .......... 88%  108M 0s
 26300K .......... .......... .......... .......... .......... 88% 85.8M 0s
 26350K .......... .......... .......... .......... .......... 88%  126M 0s
 26400K .......... .......... .......... .......... .......... 88%  129M 0s
 26450K .......... .......... .......... .......... .......... 88% 86.0M 0s
 26500K .......... .......... .......... .......... .......... 89% 88.5M 0s
 26550K .......... .......... .......... .......... .......... 89%  108M 0s
 26600K .......... .......... .......... .......... .......... 89%  139M 0s
 26650K .......... .......... .......... .......... .......... 89%  141M 0s
 26700K .......... .......... .......... .......... .......... 89%  109M 0s
 26750K .......... .......... .......... .......... .......... 89%  138M 0s
 26800K .......... .......... .......... .......... .......... 90%  116M 0s
 26850K .......... .......... .......... .......... .......... 90%  118M 0s
 26900K .......... .......... .......... .......... .......... 90%  104M 0s
 26950K .......... .......... .......... .......... .......... 90%  116M 0s
 27000K .......... .......... .......... .......... .......... 90%  121M 0s
 27050K .......... .......... .......... .......... .......... 90%  120M 0s
 27100K .......... .......... .......... .......... .......... 91% 84.6M 0s
 27150K .......... .......... .......... .......... .......... 91%  103M 0s
 27200K .......... .......... .......... .......... .......... 91%  115M 0s
 27250K .......... .......... .......... .......... .......... 91%  142M 0s
 27300K .......... .......... .......... .......... .......... 91%  114M 0s
 27350K .......... .......... .......... .......... .......... 91%  119M 0s
 27400K .......... .......... .......... .......... .......... 92%  112M 0s
 27450K .......... .......... .......... .......... .......... 92%  109M 0s
 27500K .......... .......... .......... .......... .......... 92% 94.2M 0s
 27550K .......... .......... .......... .......... .......... 92%  126M 0s
 27600K .......... .......... .......... .......... .......... 92%  120M 0s
 27650K .......... .......... .......... .......... .......... 92%  104M 0s
 27700K .......... .......... .......... .......... .......... 93% 89.1M 0s
 27750K .......... .......... .......... .......... .......... 93%  114M 0s
 27800K .......... .......... .......... .......... .......... 93%  134M 0s
 27850K .......... .......... .......... .......... .......... 93%  133M 0s
 27900K .......... .......... .......... .......... .......... 93%  101M 0s
 27950K .......... .......... .......... .......... .......... 93%  123M 0s
 28000K .......... .......... .......... .......... .......... 94%  114M 0s
 28050K .......... .......... .......... .......... .......... 94%  109M 0s
 28100K .......... .......... .......... .......... .......... 94%  110M 0s
 28150K .......... .......... .......... .......... .......... 94%  112M 0s
 28200K .......... .......... .......... .......... .......... 94%  115M 0s
 28250K .......... .......... .......... .......... .......... 95%  116M 0s
 28300K .......... .......... .......... .......... .......... 95% 81.5M 0s
 28350K .......... .......... .......... .......... .......... 95%  135M 0s
 28400K .......... .......... .......... .......... .......... 95%  122M 0s
 28450K .......... .......... .......... .......... .......... 95%  113M 0s
 28500K .......... .......... .......... .......... .......... 95%  109M 0s
 28550K .......... .......... .......... .......... .......... 96%  111M 0s
 28600K .......... .......... .......... .......... .......... 96%  122M 0s
 28650K .......... .......... .......... .......... .......... 96%  106M 0s
 28700K .......... .......... .......... .......... .......... 96% 95.3M 0s
 28750K .......... .......... .......... .......... .......... 96%  123M 0s
 28800K .......... .......... .......... .......... .......... 96%  114M 0s
 28850K .......... .......... .......... .......... .......... 97%  111M 0s
 28900K .......... .......... .......... .......... .......... 97% 88.3M 0s
 28950K .......... .......... .......... .......... .......... 97%  105M 0s
 29000K .......... .......... .......... .......... .......... 97%  128M 0s
 29050K .......... .......... .......... .......... .......... 97%  141M 0s
 29100K .......... .......... .......... .......... .......... 97%  104M 0s
 29150K .......... .......... .......... .......... .......... 98%  106M 0s
 29200K .......... .......... .......... .......... .......... 98%  131M 0s
 29250K .......... .......... .......... .......... .......... 98%  109M 0s
 29300K .......... .......... .......... .......... .......... 98%  115M 0s
 29350K .......... .......... .......... .......... .......... 98%  116M 0s
 29400K .......... .......... .......... .......... .......... 98%  111M 0s
 29450K .......... .......... .......... .......... .......... 99%  127M 0s
 29500K .......... .......... .......... .......... .......... 99% 81.4M 0s
 29550K .......... .......... .......... .......... .......... 99%  115M 0s
 29600K .......... .......... .......... .......... .......... 99%  113M 0s
 29650K .......... .......... .......... .......... .......... 99%  128M 0s
 29700K .......... .......... .......... .......... .......... 99%  113M 0s
 29750K .......... .......... .......... ........             100%  116M=0.4s

2021-03-27 07:46:32 (74.2 MB/s) - `/tmp/firefox-28.0.tar.bz2' saved [30503247/30503247]


travis_time:end:1ea07df6:start=1616831191345526168,finish=1616831192234602175,duration=889076007[0K$ export PATH=$HOME/firefox-28.0/firefox:$PATH
travis_fold:end:install_firefox[0Ktravis_fold:start:postgresql[0K[33;1mStarting PostgreSQL v9.3[0m
travis_time:start:21ce64f4[0K$ sudo service postgresql stop
 * Stopping PostgreSQL 9.1 database server
   ...done.
 * Stopping PostgreSQL 9.2 database server
   ...done.
 * Stopping PostgreSQL 9.3 database server
   ...done.
 * Stopping PostgreSQL 9.4 database server
   ...done.

travis_time:end:21ce64f4:start=1616831196455781176,finish=1616831197148704492,duration=692923316[0Ktravis_time:start:1bff0f00[0K$ sudo service postgresql start 9.3
 * Starting PostgreSQL 9.3 database server
   ...done.

travis_time:end:1bff0f00:start=1616831197159216042,finish=1616831199420708965,duration=2261492923[0Ktravis_time:start:0e811ca2[0K$ sudo -u postgres createuser -s -p 5432 travis &>/dev/null

travis_time:end:0e811ca2:start=1616831199431559649,finish=1616831199492059038,duration=60499389[0Ktravis_time:start:05c53e3c[0K$ sudo -u postgres createdb -O travis -p 5432 travis &>/dev/null

travis_time:end:05c53e3c:start=1616831199501714689,finish=1616831199776756504,duration=275041815[0Ktravis_time:start:216f6744[0K$ sudo -u postgres createuser -s -p 5433 travis &>/dev/null

travis_time:end:216f6744:start=1616831199786860584,finish=1616831199842882694,duration=56022110[0Ktravis_time:start:27bac741[0K$ sudo -u postgres createdb -O travis -p 5433 travis &>/dev/null

travis_time:end:27bac741:start=1616831199852491287,finish=1616831199911416739,duration=58925452[0Ktravis_fold:end:postgresql[0Ktravis_time:start:0ec4fa7d[0K$ source ~/virtualenv/python2.7/bin/activate

travis_time:end:0ec4fa7d:start=1616831200154063072,finish=1616831200162980897,duration=8917825[0K$ python --version
Python 2.7.9
$ pip --version
pip 6.0.7 from /home/travis/virtualenv/python2.7.9/lib/python2.7/site-packages (python 2.7)
travis_fold:start:before_install.1[0Ktravis_time:start:25c92a3a[0K$ export DISPLAY=:99.0

travis_time:end:25c92a3a:start=1616831200447121518,finish=1616831200454348379,duration=7226861[0Ktravis_fold:end:before_install.1[0Ktravis_fold:start:before_install.2[0Ktravis_time:start:0652bee8[0K$ sh -e /etc/init.d/xvfb start
Starting virtual X frame buffer: Xvfb.

travis_time:end:0652bee8:start=1616831200465201483,finish=1616831200475911116,duration=10709633[0Ktravis_fold:end:before_install.2[0Ktravis_fold:start:install[0Ktravis_time:start:00b5b791[0K$ ./bootstrap.py
Using real prefix '/opt/python/2.7.9'
New python executable in /home/travis/build/passed/ccnmtl/dmt/ve/bin/python
Installing setuptools, pip...done.
Collecting wheel==0.24.0
  Retrying (Retry(total=4, connect=None, read=None, redirect=None)) after connection broken by 'ProtocolError('Connection aborted.', gaierror(-2, 'Name or service not known'))': /wheel/
  Retrying (Retry(total=3, connect=None, read=None, redirect=None)) after connection broken by 'ProtocolError('Connection aborted.', gaierror(-2, 'Name or service not known'))': /wheel/
  Retrying (Retry(total=2, connect=None, read=None, redirect=None)) after connection broken by 'ProtocolError('Connection aborted.', gaierror(-2, 'Name or service not known'))': /wheel/
  Retrying (Retry(total=1, connect=None, read=None, redirect=None)) after connection broken by 'ProtocolError('Connection aborted.', gaierror(-2, 'Name or service not known'))': /wheel/
  Retrying (Retry(total=0, connect=None, read=None, redirect=None)) after connection broken by 'ProtocolError('Connection aborted.', gaierror(-2, 'Name or service not known'))': /wheel/
  DEPRECATION: Failed to find 'wheel' at https://pypi.ccnmtl.columbia.edu/wheel/. It is suggested to upgrade your index to support normalized names as the name in /simple/{name}.
  Retrying (Retry(total=4, connect=None, read=None, redirect=None)) after connection broken by 'ProtocolError('Connection aborted.', gaierror(-2, 'Name or service not known'))': /
  Retrying (Retry(total=3, connect=None, read=None, redirect=None)) after connection broken by 'ProtocolError('Connection aborted.', gaierror(-2, 'Name or service not known'))': /
  Retrying (Retry(total=2, connect=None, read=None, redirect=None)) after connection broken by 'ProtocolError('Connection aborted.', gaierror(-2, 'Name or service not known'))': /
  Retrying (Retry(total=1, connect=None, read=None, redirect=None)) after connection broken by 'ProtocolError('Connection aborted.', gaierror(-2, 'Name or service not known'))': /
  Retrying (Retry(total=0, connect=None, read=None, redirect=None)) after connection broken by 'ProtocolError('Connection aborted.', gaierror(-2, 'Name or service not known'))': /
  Cannot fetch index base URL https://pypi.ccnmtl.columbia.edu/
  Retrying (Retry(total=4, connect=None, read=None, redirect=None)) after connection broken by 'ProtocolError('Connection aborted.', gaierror(-2, 'Name or service not known'))': /wheel/
  Retrying (Retry(total=3, connect=None, read=None, redirect=None)) after connection broken by 'ProtocolError('Connection aborted.', gaierror(-2, 'Name or service not known'))': /wheel/
  Retrying (Retry(total=2, connect=None, read=None, redirect=None)) after connection broken by 'ProtocolError('Connection aborted.', gaierror(-2, 'Name or service not known'))': /wheel/
  Retrying (Retry(total=1, connect=None, read=None, redirect=None)) after connection broken by 'ProtocolError('Connection aborted.', gaierror(-2, 'Name or service not known'))': /wheel/
  Retrying (Retry(total=0, connect=None, read=None, redirect=None)) after connection broken by 'ProtocolError('Connection aborted.', gaierror(-2, 'Name or service not known'))': /wheel/
  Could not find a version that satisfies the requirement wheel==0.24.0 (from versions: )
No matching distribution found for wheel==0.24.0

travis_time:end:00b5b791:start=1616831200486080576,finish=1616831227500759528,duration=27014678952[0K
[31;1mThe command "./bootstrap.py" failed and exited with 1 during .[0m

Your build has been stopped.
