travis_fold:start:system_info[0K[33;1mBuild system information[0m
Build language: python
Build id: ''
Job id: ''
[34m[1mBuild image provisioning date and time[0m
Thu Feb  5 15:09:33 UTC 2015
[34m[1mOperating System Details[0m
Distributor ID:	Ubuntu
Description:	Ubuntu 12.04.5 LTS
Release:	12.04
Codename:	precise
[34m[1mLinux Version[0m
3.13.0-29-generic
[34m[1mCookbooks Version[0m
a68419e https://github.com/travis-ci/travis-cookbooks/tree/a68419e
[34m[1mGCC version[0m
gcc (Ubuntu/Linaro 4.6.3-1ubuntu5) 4.6.3
Copyright (C) 2011 Free Software Foundation, Inc.
This is free software; see the source for copying conditions.  There is NO
warranty; not even for MERCHANTABILITY or FITNESS FOR A PARTICULAR PURPOSE.

[34m[1mLLVM version[0m
clang version 3.4 (tags/RELEASE_34/final)
Target: x86_64-unknown-linux-gnu
Thread model: posix
[34m[1mPre-installed Ruby versions[0m
ruby-1.9.3-p551
[34m[1mPre-installed Node.js versions[0m
v0.10.36
[34m[1mPre-installed Go versions[0m
1.4.1
[34m[1mRedis version[0m
redis-server 2.8.19
[34m[1mriak version[0m
2.0.2
[34m[1mMongoDB version[0m
MongoDB 2.4.12
[34m[1mCouchDB version[0m
couchdb 1.6.1
[34m[1mNeo4j version[0m
1.9.4
[34m[1mRabbitMQ Version[0m
3.4.3
[34m[1mElasticSearch version[0m
1.4.0
[34m[1mInstalled Sphinx versions[0m
2.0.10
2.1.9
2.2.6
[34m[1mDefault Sphinx version[0m
2.2.6
[34m[1mInstalled Firefox version[0m
firefox 31.0esr
[34m[1mPhantomJS version[0m
1.9.8
[34m[1mant -version[0m
Apache Ant(TM) version 1.8.2 compiled on December 3 2011
[34m[1mmvn -version[0m
Apache Maven 3.2.5 (12a6b3acb947671f09b81f49094c53f426d8cea1; 2014-12-14T17:29:23+00:00)
Maven home: /usr/local/maven
Java version: 1.7.0_76, vendor: Oracle Corporation
Java home: /usr/lib/jvm/java-7-oracle/jre
Default locale: en_US, platform encoding: ANSI_X3.4-1968
OS name: "linux", version: "3.13.0-29-generic", arch: "amd64", family: "unix"
travis_fold:end:system_info[0K
grep: /etc/apt/sources.list.d/*: No such file or directory
sed: cannot rename /etc/hosts: Device or resource busy
sed: cannot rename /etc/hosts: Device or resource busy
$ cd failed/ccnmtl/dmt
travis_fold:start:install_firefox[0K$ export FIREFOX_SOURCE_URL='https://download.mozilla.org/?product=firefox-28.0&lang=en-US&os=linux64'
[33;1mInstalling Firefox 28.0[0m
travis_time:start:08ac5400[0K$ wget -O /tmp/firefox-28.0.tar.bz2 $FIREFOX_SOURCE_URL
--2021-03-27 07:45:37--  https://download.mozilla.org/?product=firefox-28.0&lang=en-US&os=linux64
Resolving download.mozilla.org (download.mozilla.org)... 35.167.29.221, 52.34.146.87, 54.186.89.159
Connecting to download.mozilla.org (download.mozilla.org)|35.167.29.221|:443... connected.
HTTP request sent, awaiting response... 302 Found
Location: https://download-installer.cdn.mozilla.net/pub/firefox/releases/28.0/linux-x86_64/en-US/firefox-28.0.tar.bz2 [following]
--2021-03-27 07:45:38--  https://download-installer.cdn.mozilla.net/pub/firefox/releases/28.0/linux-x86_64/en-US/firefox-28.0.tar.bz2
Resolving download-installer.cdn.mozilla.net (download-installer.cdn.mozilla.net)... 13.224.26.58, 2600:9000:2164:2800:e:19d6:1546:5981, 2600:9000:2164:5800:e:19d6:1546:5981, ...
Connecting to download-installer.cdn.mozilla.net (download-installer.cdn.mozilla.net)|13.224.26.58|:443... connected.
HTTP request sent, awaiting response... 200 OK
Length: 30503247 (29M) [application/x-tar]
Saving to: `/tmp/firefox-28.0.tar.bz2'

     0K .......... .......... .......... .......... ..........  0%  400K 74s
    50K .......... .......... .......... .......... ..........  0%  977K 52s
   100K .......... .......... .......... .......... ..........  0% 3.06M 38s
   150K .......... .......... .......... .......... ..........  0% 5.27M 30s
   200K .......... .......... .......... .......... ..........  0% 1.04M 29s
   250K .......... .......... .......... .......... ..........  1% 11.7M 25s
   300K .......... .......... .......... .......... ..........  1% 8.83M 22s
   350K .......... .......... .......... .......... ..........  1% 5.00M 20s
   400K .......... .......... .......... .......... ..........  1% 1.50M 20s
   450K .......... .......... .......... .......... ..........  1% 5.52M 18s
   500K .......... .......... .......... .......... ..........  1% 43.1M 16s
   550K .......... .......... .......... .......... ..........  2% 25.4M 15s
   600K .......... .......... .......... .......... ..........  2% 19.9M 14s
   650K .......... .......... .......... .......... ..........  2% 26.0M 13s
   700K .......... .......... .......... .......... ..........  2% 20.1M 12s
   750K .......... .......... .......... .......... ..........  2% 5.90M 12s
   800K .......... .......... .......... .......... ..........  2% 41.2M 11s
   850K .......... .......... .......... .......... ..........  3% 1.41M 12s
   900K .......... .......... .......... .......... ..........  3% 6.88M 11s
   950K .......... .......... .......... .......... ..........  3% 44.3M 11s
  1000K .......... .......... .......... .......... ..........  3% 48.9M 10s
  1050K .......... .......... .......... .......... ..........  3% 53.8M 10s
  1100K .......... .......... .......... .......... ..........  3% 47.3M 9s
  1150K .......... .......... .......... .......... ..........  4% 51.2M 9s
  1200K .......... .......... .......... .......... ..........  4% 51.5M 9s
  1250K .......... .......... .......... .......... ..........  4% 47.6M 8s
  1300K .......... .......... .......... .......... ..........  4% 49.2M 8s
  1350K .......... .......... .......... .......... ..........  4% 42.8M 8s
  1400K .......... .......... .......... .......... ..........  4% 85.5M 7s
  1450K .......... .......... .......... .......... ..........  5% 45.4M 7s
  1500K .......... .......... .......... .......... ..........  5% 26.6M 7s
  1550K .......... .......... .......... .......... ..........  5% 97.1M 7s
  1600K .......... .......... .......... .......... ..........  5% 7.30M 7s
  1650K .......... .......... .......... .......... ..........  5% 66.0M 6s
  1700K .......... .......... .......... .......... ..........  5% 1.41M 7s
  1750K .......... .......... .......... .......... ..........  6% 98.5M 7s
  1800K .......... .......... .......... .......... ..........  6% 8.04M 7s
  1850K .......... .......... .......... .......... ..........  6% 64.1M 6s
  1900K .......... .......... .......... .......... ..........  6% 60.4M 6s
  1950K .......... .......... .......... .......... ..........  6% 80.2M 6s
  2000K .......... .......... .......... .......... ..........  6% 78.6M 6s
  2050K .......... .......... .......... .......... ..........  7% 62.6M 6s
  2100K .......... .......... .......... .......... ..........  7% 80.0M 6s
  2150K .......... .......... .......... .......... ..........  7% 87.3M 5s
  2200K .......... .......... .......... .......... ..........  7%  115M 5s
  2250K .......... .......... .......... .......... ..........  7%  126M 5s
  2300K .......... .......... .......... .......... ..........  7%  166M 5s
  2350K .......... .......... .......... .......... ..........  8%  138M 5s
  2400K .......... .......... .......... .......... ..........  8%  146M 5s
  2450K .......... .......... .......... .......... ..........  8%  149M 5s
  2500K .......... .......... .......... .......... ..........  8%  155M 5s
  2550K .......... .......... .......... .......... ..........  8%  161M 5s
  2600K .......... .......... .......... .......... ..........  8%  168M 5s
  2650K .......... .......... .......... .......... ..........  9%  134M 4s
  2700K .......... .......... .......... .......... ..........  9%  177M 4s
  2750K .......... .......... .......... .......... ..........  9% 9.72M 4s
  2800K .......... .......... .......... .......... ..........  9%  142M 4s
  2850K .......... .......... .......... .......... ..........  9%  114M 4s
  2900K .......... .......... .......... .......... ..........  9%  101M 4s
  2950K .......... .......... .......... .......... .......... 10%  114M 4s
  3000K .......... .......... .......... .......... .......... 10% 73.3M 4s
  3050K .......... .......... .......... .......... .......... 10%  119M 4s
  3100K .......... .......... .......... .......... .......... 10%  129M 4s
  3150K .......... .......... .......... .......... .......... 10% 72.7M 4s
  3200K .......... .......... .......... .......... .......... 10% 21.4M 4s
  3250K .......... .......... .......... .......... .......... 11% 88.3M 4s
  3300K .......... .......... .......... .......... .......... 11% 79.9M 4s
  3350K .......... .......... .......... .......... .......... 11% 81.7M 4s
  3400K .......... .......... .......... .......... .......... 11%  150M 3s
  3450K .......... .......... .......... .......... .......... 11% 1.43M 4s
  3500K .......... .......... .......... .......... .......... 11% 79.8M 4s
  3550K .......... .......... .......... .......... .......... 12% 85.5M 4s
  3600K .......... .......... .......... .......... .......... 12% 9.07M 4s
  3650K .......... .......... .......... .......... .......... 12% 81.4M 3s
  3700K .......... .......... .......... .......... .......... 12% 86.5M 3s
  3750K .......... .......... .......... .......... .......... 12% 40.1M 3s
  3800K .......... .......... .......... .......... .......... 12% 55.6M 3s
  3850K .......... .......... .......... .......... .......... 13% 69.5M 3s
  3900K .......... .......... .......... .......... .......... 13% 87.7M 3s
  3950K .......... .......... .......... .......... .......... 13%  105M 3s
  4000K .......... .......... .......... .......... .......... 13%  125M 3s
  4050K .......... .......... .......... .......... .......... 13%  122M 3s
  4100K .......... .......... .......... .......... .......... 13% 99.0M 3s
  4150K .......... .......... .......... .......... .......... 14%  118M 3s
  4200K .......... .......... .......... .......... .......... 14%  110M 3s
  4250K .......... .......... .......... .......... .......... 14% 94.6M 3s
  4300K .......... .......... .......... .......... .......... 14%  109M 3s
  4350K .......... .......... .......... .......... .......... 14%  128M 3s
  4400K .......... .......... .......... .......... .......... 14%  103M 3s
  4450K .......... .......... .......... .......... .......... 15%  110M 3s
  4500K .......... .......... .......... .......... .......... 15%  107M 3s
  4550K .......... .......... .......... .......... .......... 15%  117M 3s
  4600K .......... .......... .......... .......... .......... 15%  110M 3s
  4650K .......... .......... .......... .......... .......... 15% 97.8M 3s
  4700K .......... .......... .......... .......... .......... 15%  123M 3s
  4750K .......... .......... .......... .......... .......... 16%  107M 3s
  4800K .......... .......... .......... .......... .......... 16%  123M 3s
  4850K .......... .......... .......... .......... .......... 16% 97.4M 3s
  4900K .......... .......... .......... .......... .......... 16%  104M 3s
  4950K .......... .......... .......... .......... .......... 16%  121M 3s
  5000K .......... .......... .......... .......... .......... 16%  124M 2s
  5050K .......... .......... .......... .......... .......... 17%  111M 2s
  5100K .......... .......... .......... .......... .......... 17%  116M 2s
  5150K .......... .......... .......... .......... .......... 17%  113M 2s
  5200K .......... .......... .......... .......... .......... 17%  113M 2s
  5250K .......... .......... .......... .......... .......... 17%  104M 2s
  5300K .......... .......... .......... .......... .......... 17%  100M 2s
  5350K .......... .......... .......... .......... .......... 18%  113M 2s
  5400K .......... .......... .......... .......... .......... 18%  126M 2s
  5450K .......... .......... .......... .......... .......... 18%  114M 2s
  5500K .......... .......... .......... .......... .......... 18%  108M 2s
  5550K .......... .......... .......... .......... .......... 18%  113M 2s
  5600K .......... .......... .......... .......... .......... 18%  129M 2s
  5650K .......... .......... .......... .......... .......... 19% 84.4M 2s
  5700K .......... .......... .......... .......... .......... 19% 99.9M 2s
  5750K .......... .......... .......... .......... .......... 19%  111M 2s
  5800K .......... .......... .......... .......... .......... 19%  128M 2s
  5850K .......... .......... .......... .......... .......... 19%  113M 2s
  5900K .......... .......... .......... .......... .......... 19%  103M 2s
  5950K .......... .......... .......... .......... .......... 20%  136M 2s
  6000K .......... .......... .......... .......... .......... 20%  112M 2s
  6050K .......... .......... .......... .......... .......... 20% 1.47M 2s
  6100K .......... .......... .......... .......... .......... 20% 88.1M 2s
  6150K .......... .......... .......... .......... .......... 20%  115M 2s
  6200K .......... .......... .......... .......... .......... 20% 10.1M 2s
  6250K .......... .......... .......... .......... .......... 21%  101M 2s
  6300K .......... .......... .......... .......... .......... 21% 88.3M 2s
  6350K .......... .......... .......... .......... .......... 21%  121M 2s
  6400K .......... .......... .......... .......... .......... 21% 91.4M 2s
  6450K .......... .......... .......... .......... .......... 21%  115M 2s
  6500K .......... .......... .......... .......... .......... 21%  118M 2s
  6550K .......... .......... .......... .......... .......... 22%  115M 2s
  6600K .......... .......... .......... .......... .......... 22%  105M 2s
  6650K .......... .......... .......... .......... .......... 22%  108M 2s
  6700K .......... .......... .......... .......... .......... 22%  110M 2s
  6750K .......... .......... .......... .......... .......... 22%  127M 2s
  6800K .......... .......... .......... .......... .......... 22%  101M 2s
  6850K .......... .......... .......... .......... .......... 23%  114M 2s
  6900K .......... .......... .......... .......... .......... 23%  118M 2s
  6950K .......... .......... .......... .......... .......... 23%  106M 2s
  7000K .......... .......... .......... .......... .......... 23%  121M 2s
  7050K .......... .......... .......... .......... .......... 23%  110M 2s
  7100K .......... .......... .......... .......... .......... 24%  114M 2s
  7150K .......... .......... .......... .......... .......... 24% 96.6M 2s
  7200K .......... .......... .......... .......... .......... 24%  138M 2s
  7250K .......... .......... .......... .......... .......... 24%  112M 2s
  7300K .......... .......... .......... .......... .......... 24%  112M 2s
  7350K .......... .......... .......... .......... .......... 24%  108M 2s
  7400K .......... .......... .......... .......... .......... 25%  104M 2s
  7450K .......... .......... .......... .......... .......... 25%  109M 2s
  7500K .......... .......... .......... .......... .......... 25%  130M 2s
  7550K .......... .......... .......... .......... .......... 25%  112M 2s
  7600K .......... .......... .......... .......... .......... 25% 94.6M 2s
  7650K .......... .......... .......... .......... .......... 25%  114M 2s
  7700K .......... .......... .......... .......... .......... 26%  113M 2s
  7750K .......... .......... .......... .......... .......... 26%  115M 2s
  7800K .......... .......... .......... .......... .......... 26%  103M 2s
  7850K .......... .......... .......... .......... .......... 26%  127M 2s
  7900K .......... .......... .......... .......... .......... 26% 99.3M 2s
  7950K .......... .......... .......... .......... .......... 26%  142M 2s
  8000K .......... .......... .......... .......... .......... 27% 93.0M 2s
  8050K .......... .......... .......... .......... .......... 27%  114M 2s
  8100K .......... .......... .......... .......... .......... 27%  115M 2s
  8150K .......... .......... .......... .......... .......... 27%  110M 2s
  8200K .......... .......... .......... .......... .......... 27%  112M 1s
  8250K .......... .......... .......... .......... .......... 27%  126M 1s
  8300K .......... .......... .......... .......... .......... 28%  104M 1s
  8350K .......... .......... .......... .......... .......... 28%  122M 1s
  8400K .......... .......... .......... .......... .......... 28% 93.6M 1s
  8450K .......... .......... .......... .......... .......... 28%  107M 1s
  8500K .......... .......... .......... .......... .......... 28%  124M 1s
  8550K .......... .......... .......... .......... .......... 28%  101M 1s
  8600K .......... .......... .......... .......... .......... 29%  120M 1s
  8650K .......... .......... .......... .......... .......... 29% 1.39M 1s
  8700K .......... .......... .......... .......... .......... 29% 89.6M 1s
  8750K .......... .......... .......... .......... .......... 29% 8.56M 1s
  8800K .......... .......... .......... .......... .......... 29% 39.4M 1s
  8850K .......... .......... .......... .......... .......... 29% 86.3M 1s
  8900K .......... .......... .......... .......... .......... 30% 81.4M 1s
  8950K .......... .......... .......... .......... .......... 30% 97.7M 1s
  9000K .......... .......... .......... .......... .......... 30%  107M 1s
  9050K .......... .......... .......... .......... .......... 30% 80.0M 1s
  9100K .......... .......... .......... .......... .......... 30% 88.8M 1s
  9150K .......... .......... .......... .......... .......... 30% 74.7M 1s
  9200K .......... .......... .......... .......... .......... 31% 85.7M 1s
  9250K .......... .......... .......... .......... .......... 31% 92.6M 1s
  9300K .......... .......... .......... .......... .......... 31%  159M 1s
  9350K .......... .......... .......... .......... .......... 31%  146M 1s
  9400K .......... .......... .......... .......... .......... 31%  189M 1s
  9450K .......... .......... .......... .......... .......... 31%  148M 1s
  9500K .......... .......... .......... .......... .......... 32%  130M 1s
  9550K .......... .......... .......... .......... .......... 32% 97.9M 1s
  9600K .......... .......... .......... .......... .......... 32%  119M 1s
  9650K .......... .......... .......... .......... .......... 32%  110M 1s
  9700K .......... .......... .......... .......... .......... 32% 69.5M 1s
  9750K .......... .......... .......... .......... .......... 32%  112M 1s
  9800K .......... .......... .......... .......... .......... 33%  114M 1s
  9850K .......... .......... .......... .......... .......... 33% 95.1M 1s
  9900K .......... .......... .......... .......... .......... 33%  114M 1s
  9950K .......... .......... .......... .......... .......... 33%  128M 1s
 10000K .......... .......... .......... .......... .......... 33% 79.3M 1s
 10050K .......... .......... .......... .......... .......... 33%  111M 1s
 10100K .......... .......... .......... .......... .......... 34%  126M 1s
 10150K .......... .......... .......... .......... .......... 34%  110M 1s
 10200K .......... .......... .......... .......... .......... 34%  113M 1s
 10250K .......... .......... .......... .......... .......... 34% 95.5M 1s
 10300K .......... .......... .......... .......... .......... 34%  120M 1s
 10350K .......... .......... .......... .......... .......... 34%  108M 1s
 10400K .......... .......... .......... .......... .......... 35%  121M 1s
 10450K .......... .......... .......... .......... .......... 35%  124M 1s
 10500K .......... .......... .......... .......... .......... 35%  100M 1s
 10550K .......... .......... .......... .......... .......... 35%  124M 1s
 10600K .......... .......... .......... .......... .......... 35%  120M 1s
 10650K .......... .......... .......... .......... .......... 35%  108M 1s
 10700K .......... .......... .......... .......... .......... 36% 93.9M 1s
 10750K .......... .......... .......... .......... .......... 36%  123M 1s
 10800K .......... .......... .......... .......... .......... 36%  108M 1s
 10850K .......... .......... .......... .......... .......... 36%  116M 1s
 10900K .......... .......... .......... .......... .......... 36%  108M 1s
 10950K .......... .......... .......... .......... .......... 36%  111M 1s
 11000K .......... .......... .......... .......... .......... 37%  125M 1s
 11050K .......... .......... .......... .......... .......... 37%  116M 1s
 11100K .......... .......... .......... .......... .......... 37% 92.8M 1s
 11150K .......... .......... .......... .......... .......... 37%  113M 1s
 11200K .......... .......... .......... .......... .......... 37%  130M 1s
 11250K .......... .......... .......... .......... .......... 37% 1.48M 1s
 11300K .......... .......... .......... .......... .......... 38% 87.7M 1s
 11350K .......... .......... .......... .......... .......... 38% 9.13M 1s
 11400K .......... .......... .......... .......... .......... 38% 14.8M 1s
 11450K .......... .......... .......... .......... .......... 38% 78.9M 1s
 11500K .......... .......... .......... .......... .......... 38% 91.4M 1s
 11550K .......... .......... .......... .......... .......... 38%  110M 1s
 11600K .......... .......... .......... .......... .......... 39%  118M 1s
 11650K .......... .......... .......... .......... .......... 39%  128M 1s
 11700K .......... .......... .......... .......... .......... 39%  109M 1s
 11750K .......... .......... .......... .......... .......... 39%  116M 1s
 11800K .......... .......... .......... .......... .......... 39%  105M 1s
 11850K .......... .......... .......... .......... .......... 39% 97.2M 1s
 11900K .......... .......... .......... .......... .......... 40% 86.4M 1s
 11950K .......... .......... .......... .......... .......... 40%  116M 1s
 12000K .......... .......... .......... .......... .......... 40%  108M 1s
 12050K .......... .......... .......... .......... .......... 40%  112M 1s
 12100K .......... .......... .......... .......... .......... 40%  131M 1s
 12150K .......... .......... .......... .......... .......... 40%  103M 1s
 12200K .......... .......... .......... .......... .......... 41% 88.9M 1s
 12250K .......... .......... .......... .......... .......... 41%  103M 1s
 12300K .......... .......... .......... .......... .......... 41%  108M 1s
 12350K .......... .......... .......... .......... .......... 41%  121M 1s
 12400K .......... .......... .......... .......... .......... 41%  106M 1s
 12450K .......... .......... .......... .......... .......... 41%  113M 1s
 12500K .......... .......... .......... .......... .......... 42%  124M 1s
 12550K .......... .......... .......... .......... .......... 42%  111M 1s
 12600K .......... .......... .......... .......... .......... 42% 99.2M 1s
 12650K .......... .......... .......... .......... .......... 42% 82.6M 1s
 12700K .......... .......... .......... .......... .......... 42%  110M 1s
 12750K .......... .......... .......... .......... .......... 42%  114M 1s
 12800K .......... .......... .......... .......... .......... 43%  124M 1s
 12850K .......... .......... .......... .......... .......... 43%  111M 1s
 12900K .......... .......... .......... .......... .......... 43%  135M 1s
 12950K .......... .......... .......... .......... .......... 43%  109M 1s
 13000K .......... .......... .......... .......... .......... 43% 83.4M 1s
 13050K .......... .......... .......... .......... .......... 43%  115M 1s
 13100K .......... .......... .......... .......... .......... 44% 74.6M 1s
 13150K .......... .......... .......... .......... .......... 44%  108M 1s
 13200K .......... .......... .......... .......... .......... 44%  129M 1s
 13250K .......... .......... .......... .......... .......... 44%  113M 1s
 13300K .......... .......... .......... .......... .......... 44%  113M 1s
 13350K .......... .......... .......... .......... .......... 44% 92.6M 1s
 13400K .......... .......... .......... .......... .......... 45%  112M 1s
 13450K .......... .......... .......... .......... .......... 45%  129M 1s
 13500K .......... .......... .......... .......... .......... 45%  109M 1s
 13550K .......... .......... .......... .......... .......... 45%  111M 1s
 13600K .......... .......... .......... .......... .......... 45%  113M 1s
 13650K .......... .......... .......... .......... .......... 45%  100M 1s
 13700K .......... .......... .......... .......... .......... 46%  103M 1s
 13750K .......... .......... .......... .......... .......... 46% 82.9M 1s
 13800K .......... .......... .......... .......... .......... 46%  149M 1s
 13850K .......... .......... .......... .......... .......... 46% 1.52M 1s
 13900K .......... .......... .......... .......... .......... 46%  124M 1s
 13950K .......... .......... .......... .......... .......... 46% 9.27M 1s
 14000K .......... .......... .......... .......... .......... 47% 65.6M 1s
 14050K .......... .......... .......... .......... .......... 47% 80.8M 1s
 14100K .......... .......... .......... .......... .......... 47% 96.9M 1s
 14150K .......... .......... .......... .......... .......... 47% 74.1M 1s
 14200K .......... .......... .......... .......... .......... 47% 73.1M 1s
 14250K .......... .......... .......... .......... .......... 48%  102M 1s
 14300K .......... .......... .......... .......... .......... 48% 80.3M 1s
 14350K .......... .......... .......... .......... .......... 48% 63.9M 1s
 14400K .......... .......... .......... .......... .......... 48%  160M 1s
 14450K .......... .......... .......... .......... .......... 48%  134M 1s
 14500K .......... .......... .......... .......... .......... 48%  172M 1s
 14550K .......... .......... .......... .......... .......... 49%  149M 1s
 14600K .......... .......... .......... .......... .......... 49%  180M 1s
 14650K .......... .......... .......... .......... .......... 49%  152M 1s
 14700K .......... .......... .......... .......... .......... 49%  171M 1s
 14750K .......... .......... .......... .......... .......... 49%  156M 1s
 14800K .......... .......... .......... .......... .......... 49%  156M 1s
 14850K .......... .......... .......... .......... .......... 50%  151M 1s
 14900K .......... .......... .......... .......... .......... 50%  178M 1s
 14950K .......... .......... .......... .......... .......... 50% 97.0M 1s
 15000K .......... .......... .......... .......... .......... 50%  128M 1s
 15050K .......... .......... .......... .......... .......... 50%  113M 1s
 15100K .......... .......... .......... .......... .......... 50% 69.4M 1s
 15150K .......... .......... .......... .......... .......... 51% 68.4M 1s
 15200K .......... .......... .......... .......... .......... 51%  100M 1s
 15250K .......... .......... .......... .......... .......... 51%  130M 1s
 15300K .......... .......... .......... .......... .......... 51% 74.3M 1s
 15350K .......... .......... .......... .......... .......... 51% 85.5M 1s
 15400K .......... .......... .......... .......... .......... 51%  109M 1s
 15450K .......... .......... .......... .......... .......... 52%  112M 1s
 15500K .......... .......... .......... .......... .......... 52% 95.7M 1s
 15550K .......... .......... .......... .......... .......... 52%  112M 1s
 15600K .......... .......... .......... .......... .......... 52%  112M 1s
 15650K .......... .......... .......... .......... .......... 52%  115M 1s
 15700K .......... .......... .......... .......... .......... 52%  122M 1s
 15750K .......... .......... .......... .......... .......... 53%  112M 1s
 15800K .......... .......... .......... .......... .......... 53%  114M 1s
 15850K .......... .......... .......... .......... .......... 53%  124M 1s
 15900K .......... .......... .......... .......... .......... 53% 83.4M 1s
 15950K .......... .......... .......... .......... .......... 53%  121M 1s
 16000K .......... .......... .......... .......... .......... 53%  109M 1s
 16050K .......... .......... .......... .......... .......... 54%  121M 1s
 16100K .......... .......... .......... .......... .......... 54%  117M 1s
 16150K .......... .......... .......... .......... .......... 54%  113M 1s
 16200K .......... .......... .......... .......... .......... 54%  113M 1s
 16250K .......... .......... .......... .......... .......... 54%  102M 1s
 16300K .......... .......... .......... .......... .......... 54%  114M 1s
 16350K .......... .......... .......... .......... .......... 55%  109M 1s
 16400K .......... .......... .......... .......... .......... 55% 3.32M 1s
 16450K .......... .......... .......... .......... .......... 55% 2.57M 1s
 16500K .......... .......... .......... .......... .......... 55% 8.79M 1s
 16550K .......... .......... .......... .......... .......... 55%  102M 1s
 16600K .......... .......... .......... .......... .......... 55%  104M 1s
 16650K .......... .......... .......... .......... .......... 56%  111M 1s
 16700K .......... .......... .......... .......... .......... 56%  123M 1s
 16750K .......... .......... .......... .......... .......... 56% 92.4M 1s
 16800K .......... .......... .......... .......... .......... 56%  146M 1s
 16850K .......... .......... .......... .......... .......... 56%  105M 1s
 16900K .......... .......... .......... .......... .......... 56% 91.7M 1s
 16950K .......... .......... .......... .......... .......... 57%  107M 1s
 17000K .......... .......... .......... .......... .......... 57%  111M 1s
 17050K .......... .......... .......... .......... .......... 57%  107M 1s
 17100K .......... .......... .......... .......... .......... 57%  105M 1s
 17150K .......... .......... .......... .......... .......... 57%  111M 1s
 17200K .......... .......... .......... .......... .......... 57%  114M 1s
 17250K .......... .......... .......... .......... .......... 58%  113M 1s
 17300K .......... .......... .......... .......... .......... 58%  113M 1s
 17350K .......... .......... .......... .......... .......... 58%  103M 1s
 17400K .......... .......... .......... .......... .......... 58%  125M 1s
 17450K .......... .......... .......... .......... .......... 58%  101M 1s
 17500K .......... .......... .......... .......... .......... 58%  120M 1s
 17550K .......... .......... .......... .......... .......... 59% 98.5M 1s
 17600K .......... .......... .......... .......... .......... 59% 67.3M 1s
 17650K .......... .......... .......... .......... .......... 59% 79.6M 1s
 17700K .......... .......... .......... .......... .......... 59% 88.1M 1s
 17750K .......... .......... .......... .......... .......... 59% 59.8M 1s
 17800K .......... .......... .......... .......... .......... 59% 80.9M 1s
 17850K .......... .......... .......... .......... .......... 60% 88.0M 1s
 17900K .......... .......... .......... .......... .......... 60%  113M 1s
 17950K .......... .......... .......... .......... .......... 60%  112M 1s
 18000K .......... .......... .......... .......... .......... 60%  116M 1s
 18050K .......... .......... .......... .......... .......... 60%  111M 1s
 18100K .......... .......... .......... .......... .......... 60%  111M 1s
 18150K .......... .......... .......... .......... .......... 61%  108M 1s
 18200K .......... .......... .......... .......... .......... 61%  134M 1s
 18250K .......... .......... .......... .......... .......... 61% 84.7M 1s
 18300K .......... .......... .......... .......... .......... 61%  129M 1s
 18350K .......... .......... .......... .......... .......... 61%  111M 1s
 18400K .......... .......... .......... .......... .......... 61%  123M 1s
 18450K .......... .......... .......... .......... .......... 62%  112M 1s
 18500K .......... .......... .......... .......... .......... 62%  111M 0s
 18550K .......... .......... .......... .......... .......... 62%  122M 0s
 18600K .......... .......... .......... .......... .......... 62% 87.6M 0s
 18650K .......... .......... .......... .......... .......... 62%  113M 0s
 18700K .......... .......... .......... .......... .......... 62%  128M 0s
 18750K .......... .......... .......... .......... .......... 63%  113M 0s
 18800K .......... .......... .......... .......... .......... 63%  123M 0s
 18850K .......... .......... .......... .......... .......... 63%  101M 0s
 18900K .......... .......... .......... .......... .......... 63%  102M 0s
 18950K .......... .......... .......... .......... .......... 63%  131M 0s
 19000K .......... .......... .......... .......... .......... 63% 1.45M 0s
 19050K .......... .......... .......... .......... .......... 64% 59.7M 0s
 19100K .......... .......... .......... .......... .......... 64% 8.93M 0s
 19150K .......... .......... .......... .......... .......... 64%  104M 0s
 19200K .......... .......... .......... .......... .......... 64% 70.8M 0s
 19250K .......... .......... .......... .......... .......... 64% 93.1M 0s
 19300K .......... .......... .......... .......... .......... 64% 93.8M 0s
 19350K .......... .......... .......... .......... .......... 65% 92.6M 0s
 19400K .......... .......... .......... .......... .......... 65% 78.7M 0s
 19450K .......... .......... .......... .......... .......... 65% 88.2M 0s
 19500K .......... .......... .......... .......... .......... 65% 82.3M 0s
 19550K .......... .......... .......... .......... .......... 65% 95.3M 0s
 19600K .......... .......... .......... .......... .......... 65%  132M 0s
 19650K .......... .......... .......... .......... .......... 66%  147M 0s
 19700K .......... .......... .......... .......... .......... 66%  152M 0s
 19750K .......... .......... .......... .......... .......... 66%  164M 0s
 19800K .......... .......... .......... .......... .......... 66%  157M 0s
 19850K .......... .......... .......... .......... .......... 66%  151M 0s
 19900K .......... .......... .......... .......... .......... 66%  129M 0s
 19950K .......... .......... .......... .......... .......... 67%  105M 0s
 20000K .......... .......... .......... .......... .......... 67%  121M 0s
 20050K .......... .......... .......... .......... .......... 67%  108M 0s
 20100K .......... .......... .......... .......... .......... 67%  105M 0s
 20150K .......... .......... .......... .......... .......... 67%  143M 0s
 20200K .......... .......... .......... .......... .......... 67%  108M 0s
 20250K .......... .......... .......... .......... .......... 68%  110M 0s
 20300K .......... .......... .......... .......... .......... 68% 92.2M 0s
 20350K .......... .......... .......... .......... .......... 68%  124M 0s
 20400K .......... .......... .......... .......... .......... 68%  107M 0s
 20450K .......... .......... .......... .......... .......... 68%  123M 0s
 20500K .......... .......... .......... .......... .......... 68%  101M 0s
 20550K .......... .......... .......... .......... .......... 69%  120M 0s
 20600K .......... .......... .......... .......... .......... 69%  122M 0s
 20650K .......... .......... .......... .......... .......... 69%  110M 0s
 20700K .......... .......... .......... .......... .......... 69% 97.6M 0s
 20750K .......... .......... .......... .......... .......... 69%  110M 0s
 20800K .......... .......... .......... .......... .......... 69%  114M 0s
 20850K .......... .......... .......... .......... .......... 70%  101M 0s
 20900K .......... .......... .......... .......... .......... 70%  102M 0s
 20950K .......... .......... .......... .......... .......... 70% 82.1M 0s
 21000K .......... .......... .......... .......... .......... 70% 87.5M 0s
 21050K .......... .......... .......... .......... .......... 70% 72.7M 0s
 21100K .......... .......... .......... .......... .......... 71%  153M 0s
 21150K .......... .......... .......... .......... .......... 71%  116M 0s
 21200K .......... .......... .......... .......... .......... 71%  134M 0s
 21250K .......... .......... .......... .......... .......... 71%  142M 0s
 21300K .......... .......... .......... .......... .......... 71%  119M 0s
 21350K .......... .......... .......... .......... .......... 71%  114M 0s
 21400K .......... .......... .......... .......... .......... 72%  115M 0s
 21450K .......... .......... .......... .......... .......... 72%  112M 0s
 21500K .......... .......... .......... .......... .......... 72%  150M 0s
 21550K .......... .......... .......... .......... .......... 72% 85.4M 0s
 21600K .......... .......... .......... .......... .......... 72% 1.44M 0s
 21650K .......... .......... .......... .......... .......... 72% 7.83M 0s
 21700K .......... .......... .......... .......... .......... 73% 64.7M 0s
 21750K .......... .......... .......... .......... .......... 73% 70.4M 0s
 21800K .......... .......... .......... .......... .......... 73%  101M 0s
 21850K .......... .......... .......... .......... .......... 73%  128M 0s
 21900K .......... .......... .......... .......... .......... 73% 96.2M 0s
 21950K .......... .......... .......... .......... .......... 73%  131M 0s
 22000K .......... .......... .......... .......... .......... 74%  123M 0s
 22050K .......... .......... .......... .......... .......... 74%  129M 0s
 22100K .......... .......... .......... .......... .......... 74%  109M 0s
 22150K .......... .......... .......... .......... .......... 74%  129M 0s
 22200K .......... .......... .......... .......... .......... 74%  115M 0s
 22250K .......... .......... .......... .......... .......... 74% 85.7M 0s
 22300K .......... .......... .......... .......... .......... 75% 74.5M 0s
 22350K .......... .......... .......... .......... .......... 75% 98.5M 0s
 22400K .......... .......... .......... .......... .......... 75% 69.1M 0s
 22450K .......... .......... .......... .......... .......... 75% 75.8M 0s
 22500K .......... .......... .......... .......... .......... 75% 69.1M 0s
 22550K .......... .......... .......... .......... .......... 75% 75.2M 0s
 22600K .......... .......... .......... .......... .......... 76% 82.0M 0s
 22650K .......... .......... .......... .......... .......... 76% 68.7M 0s
 22700K .......... .......... .......... .......... .......... 76% 82.1M 0s
 22750K .......... .......... .......... .......... .......... 76% 87.4M 0s
 22800K .......... .......... .......... .......... .......... 76% 88.4M 0s
 22850K .......... .......... .......... .......... .......... 76% 80.9M 0s
 22900K .......... .......... .......... .......... .......... 77% 87.2M 0s
 22950K .......... .......... .......... .......... .......... 77% 86.3M 0s
 23000K .......... .......... .......... .......... .......... 77% 87.1M 0s
 23050K .......... .......... .......... .......... .......... 77% 83.8M 0s
 23100K .......... .......... .......... .......... .......... 77% 67.4M 0s
 23150K .......... .......... .......... .......... .......... 77% 82.1M 0s
 23200K .......... .......... .......... .......... .......... 78% 77.6M 0s
 23250K .......... .......... .......... .......... .......... 78% 95.3M 0s
 23300K .......... .......... .......... .......... .......... 78% 79.6M 0s
 23350K .......... .......... .......... .......... .......... 78%  181M 0s
 23400K .......... .......... .......... .......... .......... 78%  198M 0s
 23450K .......... .......... .......... .......... .......... 78%  181M 0s
 23500K .......... .......... .......... .......... .......... 79%  189M 0s
 23550K .......... .......... .......... .......... .......... 79%  189M 0s
 23600K .......... .......... .......... .......... .......... 79%  191M 0s
 23650K .......... .......... .......... .......... .......... 79%  150M 0s
 23700K .......... .......... .......... .......... .......... 79%  204M 0s
 23750K .......... .......... .......... .......... .......... 79%  186M 0s
 23800K .......... .......... .......... .......... .......... 80%  193M 0s
 23850K .......... .......... .......... .......... .......... 80%  192M 0s
 23900K .......... .......... .......... .......... .......... 80%  186M 0s
 23950K .......... .......... .......... .......... .......... 80%  159M 0s
 24000K .......... .......... .......... .......... .......... 80%  197M 0s
 24050K .......... .......... .......... .......... .......... 80%  181M 0s
 24100K .......... .......... .......... .......... .......... 81%  259M 0s
 24150K .......... .......... .......... .......... .......... 81%  264M 0s
 24200K .......... .......... .......... .......... .......... 81% 1.44M 0s
 24250K .......... .......... .......... .......... .......... 81% 8.08M 0s
 24300K .......... .......... .......... .......... .......... 81% 85.4M 0s
 24350K .......... .......... .......... .......... .......... 81% 98.2M 0s
 24400K .......... .......... .......... .......... .......... 82% 83.8M 0s
 24450K .......... .......... .......... .......... .......... 82% 79.7M 0s
 24500K .......... .......... .......... .......... .......... 82% 65.5M 0s
 24550K .......... .......... .......... .......... .......... 82% 67.0M 0s
 24600K .......... .......... .......... .......... .......... 82%  112M 0s
 24650K .......... .......... .......... .......... .......... 82% 83.0M 0s
 24700K .......... .......... .......... .......... .......... 83%  105M 0s
 24750K .......... .......... .......... .......... .......... 83%  109M 0s
 24800K .......... .......... .......... .......... .......... 83% 90.9M 0s
 24850K .......... .......... .......... .......... .......... 83%  112M 0s
 24900K .......... .......... .......... .......... .......... 83%  109M 0s
 24950K .......... .......... .......... .......... .......... 83%  111M 0s
 25000K .......... .......... .......... .......... .......... 84%  111M 0s
 25050K .......... .......... .......... .......... .......... 84%  118M 0s
 25100K .......... .......... .......... .......... .......... 84%  125M 0s
 25150K .......... .......... .......... .......... .......... 84%  110M 0s
 25200K .......... .......... .......... .......... .......... 84%  111M 0s
 25250K .......... .......... .......... .......... .......... 84%  119M 0s
 25300K .......... .......... .......... .......... .......... 85%  113M 0s
 25350K .......... .......... .......... .......... .......... 85%  122M 0s
 25400K .......... .......... .......... .......... .......... 85%  112M 0s
 25450K .......... .......... .......... .......... .......... 85%  104M 0s
 25500K .......... .......... .......... .......... .......... 85%  124M 0s
 25550K .......... .......... .......... .......... .......... 85%  118M 0s
 25600K .......... .......... .......... .......... .......... 86%  110M 0s
 25650K .......... .......... .......... .......... .......... 86%  106M 0s
 25700K .......... .......... .......... .......... .......... 86%  111M 0s
 25750K .......... .......... .......... .......... .......... 86%  113M 0s
 25800K .......... .......... .......... .......... .......... 86%  132M 0s
 25850K .......... .......... .......... .......... .......... 86%  111M 0s
 25900K .......... .......... .......... .......... .......... 87%  118M 0s
 25950K .......... .......... .......... .......... .......... 87%  150M 0s
 26000K .......... .......... .......... .......... .......... 87%  183M 0s
 26050K .......... .......... .......... .......... .......... 87%  227M 0s
 26100K .......... .......... .......... .......... .......... 87%  163M 0s
 26150K .......... .......... .......... .......... .......... 87%  175M 0s
 26200K .......... .......... .......... .......... .......... 88%  197M 0s
 26250K .......... .......... .......... .......... .......... 88%  161M 0s
 26300K .......... .......... .......... .......... .......... 88% 96.0M 0s
 26350K .......... .......... .......... .......... .......... 88%  123M 0s
 26400K .......... .......... .......... .......... .......... 88%  121M 0s
 26450K .......... .......... .......... .......... .......... 88%  104M 0s
 26500K .......... .......... .......... .......... .......... 89%  118M 0s
 26550K .......... .......... .......... .......... .......... 89%  103M 0s
 26600K .......... .......... .......... .......... .......... 89%  122M 0s
 26650K .......... .......... .......... .......... .......... 89%  108M 0s
 26700K .......... .......... .......... .......... .......... 89%  112M 0s
 26750K .......... .......... .......... .......... .......... 89%  114M 0s
 26800K .......... .......... .......... .......... .......... 90% 1.42M 0s
 26850K .......... .......... .......... .......... .......... 90% 7.54M 0s
 26900K .......... .......... .......... .......... .......... 90% 73.5M 0s
 26950K .......... .......... .......... .......... .......... 90% 82.8M 0s
 27000K .......... .......... .......... .......... .......... 90% 86.7M 0s
 27050K .......... .......... .......... .......... .......... 90% 96.6M 0s
 27100K .......... .......... .......... .......... .......... 91% 76.9M 0s
 27150K .......... .......... .......... .......... .......... 91%  103M 0s
 27200K .......... .......... .......... .......... .......... 91% 70.7M 0s
 27250K .......... .......... .......... .......... .......... 91% 73.0M 0s
 27300K .......... .......... .......... .......... .......... 91%  121M 0s
 27350K .......... .......... .......... .......... .......... 91%  107M 0s
 27400K .......... .......... .......... .......... .......... 92%  149M 0s
 27450K .......... .......... .......... .......... .......... 92%  131M 0s
 27500K .......... .......... .......... .......... .......... 92%  124M 0s
 27550K .......... .......... .......... .......... .......... 92%  125M 0s
 27600K .......... .......... .......... .......... .......... 92% 99.6M 0s
 27650K .......... .......... .......... .......... .......... 92%  135M 0s
 27700K .......... .......... .......... .......... .......... 93%  109M 0s
 27750K .......... .......... .......... .......... .......... 93%  124M 0s
 27800K .......... .......... .......... .......... .......... 93%  113M 0s
 27850K .......... .......... .......... .......... .......... 93%  120M 0s
 27900K .......... .......... .......... .......... .......... 93%  100M 0s
 27950K .......... .......... .......... .......... .......... 93%  121M 0s
 28000K .......... .......... .......... .......... .......... 94%  108M 0s
 28050K .......... .......... .......... .......... .......... 94%  112M 0s
 28100K .......... .......... .......... .......... .......... 94%  116M 0s
 28150K .......... .......... .......... .......... .......... 94%  103M 0s
 28200K .......... .......... .......... .......... .......... 94%  136M 0s
 28250K .......... .......... .......... .......... .......... 95%  107M 0s
 28300K .......... .......... .......... .......... .......... 95%  107M 0s
 28350K .......... .......... .......... .......... .......... 95%  116M 0s
 28400K .......... .......... .......... .......... .......... 95%  118M 0s
 28450K .......... .......... .......... .......... .......... 95%  124M 0s
 28500K .......... .......... .......... .......... .......... 95%  109M 0s
 28550K .......... .......... .......... .......... .......... 96%  121M 0s
 28600K .......... .......... .......... .......... .......... 96%  105M 0s
 28650K .......... .......... .......... .......... .......... 96%  123M 0s
 28700K .......... .......... .......... .......... .......... 96%  109M 0s
 28750K .......... .......... .......... .......... .......... 96%  121M 0s
 28800K .......... .......... .......... .......... .......... 96%  108M 0s
 28850K .......... .......... .......... .......... .......... 97%  116M 0s
 28900K .......... .......... .......... .......... .......... 97%  109M 0s
 28950K .......... .......... .......... .......... .......... 97%  116M 0s
 29000K .......... .......... .......... .......... .......... 97%  129M 0s
 29050K .......... .......... .......... .......... .......... 97% 84.0M 0s
 29100K .......... .......... .......... .......... .......... 97%  130M 0s
 29150K .......... .......... .......... .......... .......... 98%  112M 0s
 29200K .......... .......... .......... .......... .......... 98%  102M 0s
 29250K .......... .......... .......... .......... .......... 98%  107M 0s
 29300K .......... .......... .......... .......... .......... 98%  116M 0s
 29350K .......... .......... .......... .......... .......... 98%  109M 0s
 29400K .......... .......... .......... .......... .......... 98% 1.26M 0s
 29450K .......... .......... .......... .......... .......... 99% 70.2M 0s
 29500K .......... .......... .......... .......... .......... 99% 78.6M 0s
 29550K .......... .......... .......... .......... .......... 99% 92.0M 0s
 29600K .......... .......... .......... .......... .......... 99% 72.9M 0s
 29650K .......... .......... .......... .......... .......... 99% 82.1M 0s
 29700K .......... .......... .......... .......... .......... 99%  104M 0s
 29750K .......... .......... .......... ........             100%  142M=1.1s

2021-03-27 07:45:39 (25.9 MB/s) - `/tmp/firefox-28.0.tar.bz2' saved [30503247/30503247]


travis_time:end:08ac5400:start=1616831137936873663,finish=1616831139744170000,duration=1807296337[0K$ export PATH=$HOME/firefox-28.0/firefox:$PATH
travis_fold:end:install_firefox[0Ktravis_fold:start:postgresql[0K[33;1mStarting PostgreSQL v9.3[0m
travis_time:start:00918867[0K$ sudo service postgresql stop
 * Stopping PostgreSQL 9.1 database server
   ...done.
 * Stopping PostgreSQL 9.2 database server
   ...done.
 * Stopping PostgreSQL 9.3 database server
   ...done.
 * Stopping PostgreSQL 9.4 database server
   ...done.

travis_time:end:00918867:start=1616831144130133436,finish=1616831150659471817,duration=6529338381[0Ktravis_time:start:20a30e2e[0K$ sudo service postgresql start 9.3
 * Starting PostgreSQL 9.3 database server
   ...done.

travis_time:end:20a30e2e:start=1616831150669490175,finish=1616831153274448557,duration=2604958382[0Ktravis_time:start:12d10727[0K$ sudo -u postgres createuser -s -p 5432 travis &>/dev/null

travis_time:end:12d10727:start=1616831153280812302,finish=1616831153445448664,duration=164636362[0Ktravis_time:start:1604c5f6[0K$ sudo -u postgres createdb -O travis -p 5432 travis &>/dev/null

travis_time:end:1604c5f6:start=1616831153454407848,finish=1616831153764443482,duration=310035634[0Ktravis_time:start:1a7a74da[0K$ sudo -u postgres createuser -s -p 5433 travis &>/dev/null

travis_time:end:1a7a74da:start=1616831153773898106,finish=1616831153830556682,duration=56658576[0Ktravis_time:start:11344084[0K$ sudo -u postgres createdb -O travis -p 5433 travis &>/dev/null

travis_time:end:11344084:start=1616831153839865006,finish=1616831153895368130,duration=55503124[0Ktravis_fold:end:postgresql[0Ktravis_time:start:18e0679f[0K$ source ~/virtualenv/python2.7/bin/activate

travis_time:end:18e0679f:start=1616831154074090926,finish=1616831154084125019,duration=10034093[0K$ python --version
Python 2.7.9
$ pip --version
pip 6.0.7 from /home/travis/virtualenv/python2.7.9/lib/python2.7/site-packages (python 2.7)
travis_fold:start:before_install.1[0Ktravis_time:start:03e2a372[0K$ export DISPLAY=:99.0

travis_time:end:03e2a372:start=1616831154349730349,finish=1616831154356491248,duration=6760899[0Ktravis_fold:end:before_install.1[0Ktravis_fold:start:before_install.2[0Ktravis_time:start:02520540[0K$ sh -e /etc/init.d/xvfb start
Starting virtual X frame buffer: Xvfb.

travis_time:end:02520540:start=1616831154366018036,finish=1616831154413255778,duration=47237742[0Ktravis_fold:end:before_install.2[0Ktravis_fold:start:install[0Ktravis_time:start:18e5b720[0K$ ./bootstrap.py
Using real prefix '/opt/python/2.7.9'
New python executable in /home/travis/build/failed/ccnmtl/dmt/ve/bin/python
Installing setuptools, pip...done.
Collecting wheel==0.24.0
  Retrying (Retry(total=4, connect=None, read=None, redirect=None)) after connection broken by 'ProtocolError('Connection aborted.', gaierror(-2, 'Name or service not known'))': /wheel/
  Retrying (Retry(total=3, connect=None, read=None, redirect=None)) after connection broken by 'ProtocolError('Connection aborted.', gaierror(-2, 'Name or service not known'))': /wheel/
  Retrying (Retry(total=2, connect=None, read=None, redirect=None)) after connection broken by 'ProtocolError('Connection aborted.', gaierror(-2, 'Name or service not known'))': /wheel/
  Retrying (Retry(total=1, connect=None, read=None, redirect=None)) after connection broken by 'ProtocolError('Connection aborted.', gaierror(-2, 'Name or service not known'))': /wheel/
  Retrying (Retry(total=0, connect=None, read=None, redirect=None)) after connection broken by 'ProtocolError('Connection aborted.', gaierror(-2, 'Name or service not known'))': /wheel/
  DEPRECATION: Failed to find 'wheel' at https://pypi.ccnmtl.columbia.edu/wheel/. It is suggested to upgrade your index to support normalized names as the name in /simple/{name}.
  Retrying (Retry(total=4, connect=None, read=None, redirect=None)) after connection broken by 'ProtocolError('Connection aborted.', gaierror(-2, 'Name or service not known'))': /
  Retrying (Retry(total=3, connect=None, read=None, redirect=None)) after connection broken by 'ProtocolError('Connection aborted.', gaierror(-2, 'Name or service not known'))': /
  Retrying (Retry(total=2, connect=None, read=None, redirect=None)) after connection broken by 'ProtocolError('Connection aborted.', gaierror(-2, 'Name or service not known'))': /
  Retrying (Retry(total=1, connect=None, read=None, redirect=None)) after connection broken by 'ProtocolError('Connection aborted.', gaierror(-2, 'Name or service not known'))': /
  Retrying (Retry(total=0, connect=None, read=None, redirect=None)) after connection broken by 'ProtocolError('Connection aborted.', gaierror(-2, 'Name or service not known'))': /
  Cannot fetch index base URL https://pypi.ccnmtl.columbia.edu/
  Retrying (Retry(total=4, connect=None, read=None, redirect=None)) after connection broken by 'ProtocolError('Connection aborted.', gaierror(-2, 'Name or service not known'))': /wheel/
  Retrying (Retry(total=3, connect=None, read=None, redirect=None)) after connection broken by 'ProtocolError('Connection aborted.', gaierror(-2, 'Name or service not known'))': /wheel/
  Retrying (Retry(total=2, connect=None, read=None, redirect=None)) after connection broken by 'ProtocolError('Connection aborted.', gaierror(-2, 'Name or service not known'))': /wheel/
  Retrying (Retry(total=1, connect=None, read=None, redirect=None)) after connection broken by 'ProtocolError('Connection aborted.', gaierror(-2, 'Name or service not known'))': /wheel/
  Retrying (Retry(total=0, connect=None, read=None, redirect=None)) after connection broken by 'ProtocolError('Connection aborted.', gaierror(-2, 'Name or service not known'))': /wheel/
  Could not find a version that satisfies the requirement wheel==0.24.0 (from versions: )
No matching distribution found for wheel==0.24.0

travis_time:end:18e5b720:start=1616831154424328044,finish=1616831183149016941,duration=28724688897[0K
[31;1mThe command "./bootstrap.py" failed and exited with 1 during .[0m

Your build has been stopped.
