travis_fold:start:system_info[0K[33;1mBuild system information[0m
Build language: java
Build group: stable
Build dist: precise
Build id: ''
Job id: ''
[34m[1mBuild image provisioning date and time[0m
Thu Feb  5 15:09:33 UTC 2015
[34m[1mOperating System Details[0m
Distributor ID:	Ubuntu
Description:	Ubuntu 12.04.5 LTS
Release:	12.04
Codename:	precise
[34m[1mLinux Version[0m
3.13.0-29-generic
[34m[1mCookbooks Version[0m
a68419e https://github.com/travis-ci/travis-cookbooks/tree/a68419e
[34m[1mGCC version[0m
gcc (Ubuntu/Linaro 4.6.3-1ubuntu5) 4.6.3
Copyright (C) 2011 Free Software Foundation, Inc.
This is free software; see the source for copying conditions.  There is NO
warranty; not even for MERCHANTABILITY or FITNESS FOR A PARTICULAR PURPOSE.

[34m[1mLLVM version[0m
clang version 3.4 (tags/RELEASE_34/final)
Target: x86_64-unknown-linux-gnu
Thread model: posix
[34m[1mPre-installed Ruby versions[0m
ruby-1.9.3-p551
[34m[1mPre-installed Node.js versions[0m
v0.10.36
[34m[1mPre-installed Go versions[0m
1.4.1
[34m[1mRedis version[0m
redis-server 2.8.19
[34m[1mriak version[0m
2.0.2
[34m[1mMongoDB version[0m
MongoDB 2.4.12
[34m[1mCouchDB version[0m
couchdb 1.6.1
[34m[1mNeo4j version[0m
1.9.4
[34m[1mRabbitMQ Version[0m
3.4.3
[34m[1mElasticSearch version[0m
1.4.0
[34m[1mInstalled Sphinx versions[0m
2.0.10
2.1.9
2.2.6
[34m[1mDefault Sphinx version[0m
2.2.6
[34m[1mInstalled Firefox version[0m
firefox 31.0esr
[34m[1mPhantomJS version[0m
1.9.8
[34m[1mant -version[0m
Apache Ant(TM) version 1.8.2 compiled on December 3 2011
[34m[1mmvn -version[0m
Apache Maven 3.2.5 (12a6b3acb947671f09b81f49094c53f426d8cea1; 2014-12-14T17:29:23+00:00)
Maven home: /usr/local/maven
Java version: 1.7.0_76, vendor: Oracle Corporation
Java home: /usr/lib/jvm/java-7-oracle/jre
Default locale: en_US, platform encoding: ANSI_X3.4-1968
OS name: "linux", version: "3.13.0-29-generic", arch: "amd64", family: "unix"
travis_fold:end:system_info[0K
W: GPG error: http://apt.postgresql.org precise-pgdg Release: The following signatures were invalid: KEYEXPIRED 1562078959
W: Failed to fetch http://ppa.launchpad.net/travis-ci/zero-mq/ubuntu/dists/precise/main/binary-amd64/Packages  403  Forbidden

W: Failed to fetch http://ppa.launchpad.net/travis-ci/zero-mq/ubuntu/dists/precise/main/binary-i386/Packages  403  Forbidden

W: Failed to fetch http://downloads-distro.mongodb.org/repo/debian-sysvinit/dists/dist/10gen/binary-amd64/Packages  Undetermined Error [IP: 54.175.147.155 80]

W: Failed to fetch http://downloads-distro.mongodb.org/repo/debian-sysvinit/dists/dist/10gen/binary-i386/Packages  Undetermined Error [IP: 54.175.147.155 80]

E: Some index files failed to download. They have been ignored, or old ones used instead.
sed: cannot rename /etc/hosts: Device or resource busy
sed: cannot rename /etc/hosts: Device or resource busy
$ jdk_switcher use oraclejdk8
Switching to Oracle JDK8 (java-8-oracle), JAVA_HOME will be set to /usr/lib/jvm/java-8-oracle
$ cd failed/galenframework/galen
travis_fold:start:install_firefox[0K$ export FIREFOX_SOURCE_URL='https://download.mozilla.org/?product=firefox-45.4.0esr&lang=en-US&os=linux64'
[33;1mInstalling Firefox 45.4.0esr[0m
travis_time:start:151df9b8[0K$ wget -O /tmp/firefox-45.4.0esr.tar.bz2 $FIREFOX_SOURCE_URL
--2021-03-27 18:10:02--  https://download.mozilla.org/?product=firefox-45.4.0esr&lang=en-US&os=linux64
Resolving download.mozilla.org (download.mozilla.org)... 52.34.146.87, 54.186.89.159, 35.167.29.221
Connecting to download.mozilla.org (download.mozilla.org)|52.34.146.87|:443... connected.
HTTP request sent, awaiting response... 302 Found
Location: https://download-installer.cdn.mozilla.net/pub/firefox/releases/45.4.0esr/linux-x86_64/en-US/firefox-45.4.0esr.tar.bz2 [following]
--2021-03-27 18:10:02--  https://download-installer.cdn.mozilla.net/pub/firefox/releases/45.4.0esr/linux-x86_64/en-US/firefox-45.4.0esr.tar.bz2
Resolving download-installer.cdn.mozilla.net (download-installer.cdn.mozilla.net)... 13.224.26.58, 2600:9000:2164:bc00:e:19d6:1546:5981, 2600:9000:2164:3600:e:19d6:1546:5981, ...
Connecting to download-installer.cdn.mozilla.net (download-installer.cdn.mozilla.net)|13.224.26.58|:443... connected.
HTTP request sent, awaiting response... 200 OK
Length: 51666458 (49M) [application/x-tar]
Saving to: `/tmp/firefox-45.4.0esr.tar.bz2'

     0K .......... .......... .......... .......... ..........  0%  312K 2m42s
    50K .......... .......... .......... .......... ..........  0%  617K 2m2s
   100K .......... .......... .......... .......... ..........  0% 6.80M 83s
   150K .......... .......... .......... .......... ..........  0% 4.27M 65s
   200K .......... .......... .......... .......... ..........  0%  800K 65s
   250K .......... .......... .......... .......... ..........  0% 14.3M 54s
   300K .......... .......... .......... .......... ..........  0% 16.3M 47s
   350K .......... .......... .......... .......... ..........  0% 16.1M 42s
   400K .......... .......... .......... .......... ..........  0%  724K 45s
   450K .......... .......... .......... .......... ..........  0% 25.8M 40s
   500K .......... .......... .......... .......... ..........  1% 24.8M 37s
   550K .......... .......... .......... .......... ..........  1% 20.4M 34s
   600K .......... .......... .......... .......... ..........  1% 44.6M 31s
   650K .......... .......... .......... .......... ..........  1% 24.1M 29s
   700K .......... .......... .......... .......... ..........  1% 43.1M 27s
   750K .......... .......... .......... .......... ..........  1% 23.4M 26s
   800K .......... .......... .......... .......... ..........  1% 6.85M 25s
   850K .......... .......... .......... .......... ..........  1%  811K 27s
   900K .......... .......... .......... .......... ..........  1% 62.7M 25s
   950K .......... .......... .......... .......... ..........  1% 57.7M 24s
  1000K .......... .......... .......... .......... ..........  2% 81.8M 23s
  1050K .......... .......... .......... .......... ..........  2% 57.4M 22s
  1100K .......... .......... .......... .......... ..........  2% 80.6M 21s
  1150K .......... .......... .......... .......... ..........  2% 44.9M 20s
  1200K .......... .......... .......... .......... ..........  2% 68.5M 19s
  1250K .......... .......... .......... .......... ..........  2% 51.8M 18s
  1300K .......... .......... .......... .......... ..........  2% 89.7M 18s
  1350K .......... .......... .......... .......... ..........  2% 56.7M 17s
  1400K .......... .......... .......... .......... ..........  2% 53.9M 17s
  1450K .......... .......... .......... .......... ..........  2% 62.4M 16s
  1500K .......... .......... .......... .......... ..........  3% 53.3M 16s
  1550K .......... .......... .......... .......... ..........  3% 60.5M 15s
  1600K .......... .......... .......... .......... ..........  3% 87.8M 15s
  1650K .......... .......... .......... .......... ..........  3% 5.93M 14s
  1700K .......... .......... .......... .......... ..........  3% 72.0M 14s
  1750K .......... .......... .......... .......... ..........  3%  845K 15s
  1800K .......... .......... .......... .......... ..........  3% 96.0M 15s
  1850K .......... .......... .......... .......... ..........  3%  163M 14s
  1900K .......... .......... .......... .......... ..........  3%  142M 14s
  1950K .......... .......... .......... .......... ..........  3%  104M 14s
  2000K .......... .......... .......... .......... ..........  4%  115M 13s
  2050K .......... .......... .......... .......... ..........  4%  125M 13s
  2100K .......... .......... .......... .......... ..........  4%  127M 13s
  2150K .......... .......... .......... .......... ..........  4%  154M 12s
  2200K .......... .......... .......... .......... ..........  4% 86.2M 12s
  2250K .......... .......... .......... .......... ..........  4% 28.4M 12s
  2300K .......... .......... .......... .......... ..........  4% 80.6M 12s
  2350K .......... .......... .......... .......... ..........  4% 83.2M 11s
  2400K .......... .......... .......... .......... ..........  4% 80.9M 11s
  2450K .......... .......... .......... .......... ..........  4%  104M 11s
  2500K .......... .......... .......... .......... ..........  5%  114M 11s
  2550K .......... .......... .......... .......... ..........  5%  101M 11s
  2600K .......... .......... .......... .......... ..........  5% 99.5M 10s
  2650K .......... .......... .......... .......... ..........  5%  126M 10s
  2700K .......... .......... .......... .......... ..........  5% 94.7M 10s
  2750K .......... .......... .......... .......... ..........  5% 5.11M 10s
  2800K .......... .......... .......... .......... ..........  5%  115M 10s
  2850K .......... .......... .......... .......... ..........  5% 91.8M 10s
  2900K .......... .......... .......... .......... ..........  5% 74.8M 9s
  2950K .......... .......... .......... .......... ..........  5%  108M 9s
  3000K .......... .......... .......... .......... ..........  6%  105M 9s
  3050K .......... .......... .......... .......... ..........  6%  122M 9s
  3100K .......... .......... .......... .......... ..........  6%  114M 9s
  3150K .......... .......... .......... .......... ..........  6%  121M 9s
  3200K .......... .......... .......... .......... ..........  6%  123M 9s
  3250K .......... .......... .......... .......... ..........  6%  122M 8s
  3300K .......... .......... .......... .......... ..........  6% 97.9M 8s
  3350K .......... .......... .......... .......... ..........  6%  132M 8s
  3400K .......... .......... .......... .......... ..........  6%  102M 8s
  3450K .......... .......... .......... .......... ..........  6%  113M 8s
  3500K .......... .......... .......... .......... ..........  7%  171M 8s
  3550K .......... .......... .......... .......... ..........  7%  909K 8s
  3600K .......... .......... .......... .......... ..........  7% 78.8M 8s
  3650K .......... .......... .......... .......... ..........  7% 76.0M 8s
  3700K .......... .......... .......... .......... ..........  7% 86.2M 8s
  3750K .......... .......... .......... .......... ..........  7% 90.7M 8s
  3800K .......... .......... .......... .......... ..........  7% 72.9M 8s
  3850K .......... .......... .......... .......... ..........  7% 97.9M 8s
  3900K .......... .......... .......... .......... ..........  7% 81.3M 8s
  3950K .......... .......... .......... .......... ..........  7% 80.9M 8s
  4000K .......... .......... .......... .......... ..........  8% 84.7M 7s
  4050K .......... .......... .......... .......... ..........  8% 84.1M 7s
  4100K .......... .......... .......... .......... ..........  8% 89.1M 7s
  4150K .......... .......... .......... .......... ..........  8%  107M 7s
  4200K .......... .......... .......... .......... ..........  8% 99.7M 7s
  4250K .......... .......... .......... .......... ..........  8%  155M 7s
  4300K .......... .......... .......... .......... ..........  8% 89.7M 7s
  4350K .......... .......... .......... .......... ..........  8% 98.7M 7s
  4400K .......... .......... .......... .......... ..........  8% 98.5M 7s
  4450K .......... .......... .......... .......... ..........  8%  132M 7s
  4500K .......... .......... .......... .......... ..........  9% 94.2M 7s
  4550K .......... .......... .......... .......... ..........  9%  114M 7s
  4600K .......... .......... .......... .......... ..........  9%  104M 6s
  4650K .......... .......... .......... .......... ..........  9%  104M 6s
  4700K .......... .......... .......... .......... ..........  9% 87.5M 6s
  4750K .......... .......... .......... .......... ..........  9% 93.1M 6s
  4800K .......... .......... .......... .......... ..........  9%  148M 6s
  4850K .......... .......... .......... .......... ..........  9%  215M 6s
  4900K .......... .......... .......... .......... ..........  9%  197M 6s
  4950K .......... .......... .......... .......... ..........  9%  172M 6s
  5000K .......... .......... .......... .......... .......... 10%  109M 6s
  5050K .......... .......... .......... .......... .......... 10%  120M 6s
  5100K .......... .......... .......... .......... .......... 10%  109M 6s
  5150K .......... .......... .......... .......... .......... 10%  136M 6s
  5200K .......... .......... .......... .......... .......... 10% 92.6M 6s
  5250K .......... .......... .......... .......... .......... 10%  127M 6s
  5300K .......... .......... .......... .......... .......... 10%  113M 6s
  5350K .......... .......... .......... .......... .......... 10%  101M 6s
  5400K .......... .......... .......... .......... .......... 10%  126M 5s
  5450K .......... .......... .......... .......... .......... 10%  100M 5s
  5500K .......... .......... .......... .......... .......... 10%  132M 5s
  5550K .......... .......... .......... .......... .......... 11%  118M 5s
  5600K .......... .......... .......... .......... .......... 11%  109M 5s
  5650K .......... .......... .......... .......... .......... 11%  102M 5s
  5700K .......... .......... .......... .......... .......... 11%  110M 5s
  5750K .......... .......... .......... .......... .......... 11%  105M 5s
  5800K .......... .......... .......... .......... .......... 11%  113M 5s
  5850K .......... .......... .......... .......... .......... 11% 99.9M 5s
  5900K .......... .......... .......... .......... .......... 11%  127M 5s
  5950K .......... .......... .......... .......... .......... 11%  123M 5s
  6000K .......... .......... .......... .......... .......... 11% 93.6M 5s
  6050K .......... .......... .......... .......... .......... 12%  110M 5s
  6100K .......... .......... .......... .......... .......... 12%  111M 5s
  6150K .......... .......... .......... .......... .......... 12%  894K 5s
  6200K .......... .......... .......... .......... .......... 12% 24.6M 5s
  6250K .......... .......... .......... .......... .......... 12% 88.9M 5s
  6300K .......... .......... .......... .......... .......... 12% 81.2M 5s
  6350K .......... .......... .......... .......... .......... 12% 84.3M 5s
  6400K .......... .......... .......... .......... .......... 12% 99.4M 5s
  6450K .......... .......... .......... .......... .......... 12% 81.7M 5s
  6500K .......... .......... .......... .......... .......... 12% 90.9M 5s
  6550K .......... .......... .......... .......... .......... 13%  111M 5s
  6600K .......... .......... .......... .......... .......... 13% 83.9M 5s
  6650K .......... .......... .......... .......... .......... 13% 89.1M 5s
  6700K .......... .......... .......... .......... .......... 13% 88.1M 5s
  6750K .......... .......... .......... .......... .......... 13%  100M 5s
  6800K .......... .......... .......... .......... .......... 13% 83.7M 5s
  6850K .......... .......... .......... .......... .......... 13%  100M 5s
  6900K .......... .......... .......... .......... .......... 13% 89.8M 5s
  6950K .......... .......... .......... .......... .......... 13% 99.9M 5s
  7000K .......... .......... .......... .......... .......... 13% 80.7M 5s
  7050K .......... .......... .......... .......... .......... 14%  100M 4s
  7100K .......... .......... .......... .......... .......... 14% 88.4M 4s
  7150K .......... .......... .......... .......... .......... 14% 95.4M 4s
  7200K .......... .......... .......... .......... .......... 14% 71.9M 4s
  7250K .......... .......... .......... .......... .......... 14%  205M 4s
  7300K .......... .......... .......... .......... .......... 14%  189M 4s
  7350K .......... .......... .......... .......... .......... 14%  189M 4s
  7400K .......... .......... .......... .......... .......... 14%  200M 4s
  7450K .......... .......... .......... .......... .......... 14%  188M 4s
  7500K .......... .......... .......... .......... .......... 14%  199M 4s
  7550K .......... .......... .......... .......... .......... 15%  197M 4s
  7600K .......... .......... .......... .......... .......... 15%  196M 4s
  7650K .......... .......... .......... .......... .......... 15%  195M 4s
  7700K .......... .......... .......... .......... .......... 15%  281M 4s
  7750K .......... .......... .......... .......... .......... 15% 62.9M 4s
  7800K .......... .......... .......... .......... .......... 15%  114M 4s
  7850K .......... .......... .......... .......... .......... 15%  108M 4s
  7900K .......... .......... .......... .......... .......... 15%  129M 4s
  7950K .......... .......... .......... .......... .......... 15%  108M 4s
  8000K .......... .......... .......... .......... .......... 15%  101M 4s
  8050K .......... .......... .......... .......... .......... 16%  132M 4s
  8100K .......... .......... .......... .......... .......... 16%  105M 4s
  8150K .......... .......... .......... .......... .......... 16%  112M 4s
  8200K .......... .......... .......... .......... .......... 16%  115M 4s
  8250K .......... .......... .......... .......... .......... 16%  110M 4s
  8300K .......... .......... .......... .......... .......... 16%  111M 4s
  8350K .......... .......... .......... .......... .......... 16%  101M 4s
  8400K .......... .......... .......... .......... .......... 16%  132M 4s
  8450K .......... .......... .......... .......... .......... 16% 87.5M 4s
  8500K .......... .......... .......... .......... .......... 16%  126M 4s
  8550K .......... .......... .......... .......... .......... 17%  102M 4s
  8600K .......... .......... .......... .......... .......... 17%  113M 4s
  8650K .......... .......... .......... .......... .......... 17%  113M 4s
  8700K .......... .......... .......... .......... .......... 17%  134M 4s
  8750K .......... .......... .......... .......... .......... 17% 97.1M 4s
  8800K .......... .......... .......... .......... .......... 17%  858K 4s
  8850K .......... .......... .......... .......... .......... 17% 50.0M 4s
  8900K .......... .......... .......... .......... .......... 17% 73.3M 4s
  8950K .......... .......... .......... .......... .......... 17% 57.1M 4s
  9000K .......... .......... .......... .......... .......... 17% 70.8M 4s
  9050K .......... .......... .......... .......... .......... 18% 78.1M 4s
  9100K .......... .......... .......... .......... .......... 18% 82.3M 4s
  9150K .......... .......... .......... .......... .......... 18% 75.2M 4s
  9200K .......... .......... .......... .......... .......... 18% 79.8M 4s
  9250K .......... .......... .......... .......... .......... 18% 66.2M 4s
  9300K .......... .......... .......... .......... .......... 18% 78.9M 4s
  9350K .......... .......... .......... .......... .......... 18% 85.2M 4s
  9400K .......... .......... .......... .......... .......... 18% 66.1M 4s
  9450K .......... .......... .......... .......... .......... 18% 79.6M 4s
  9500K .......... .......... .......... .......... .......... 18% 73.5M 3s
  9550K .......... .......... .......... .......... .......... 19%  104M 3s
  9600K .......... .......... .......... .......... .......... 19%  209M 3s
  9650K .......... .......... .......... .......... .......... 19%  193M 3s
  9700K .......... .......... .......... .......... .......... 19%  181M 3s
  9750K .......... .......... .......... .......... .......... 19%  206M 3s
  9800K .......... .......... .......... .......... .......... 19%  195M 3s
  9850K .......... .......... .......... .......... .......... 19%  172M 3s
  9900K .......... .......... .......... .......... .......... 19%  191M 3s
  9950K .......... .......... .......... .......... .......... 19%  184M 3s
 10000K .......... .......... .......... .......... .......... 19%  203M 3s
 10050K .......... .......... .......... .......... .......... 20%  226M 3s
 10100K .......... .......... .......... .......... .......... 20%  204M 3s
 10150K .......... .......... .......... .......... .......... 20%  116M 3s
 10200K .......... .......... .......... .......... .......... 20%  114M 3s
 10250K .......... .......... .......... .......... .......... 20%  142M 3s
 10300K .......... .......... .......... .......... .......... 20%  101M 3s
 10350K .......... .......... .......... .......... .......... 20%  108M 3s
 10400K .......... .......... .......... .......... .......... 20%  117M 3s
 10450K .......... .......... .......... .......... .......... 20%  118M 3s
 10500K .......... .......... .......... .......... .......... 20% 98.2M 3s
 10550K .......... .......... .......... .......... .......... 21%  123M 3s
 10600K .......... .......... .......... .......... .......... 21%  113M 3s
 10650K .......... .......... .......... .......... .......... 21%  112M 3s
 10700K .......... .......... .......... .......... .......... 21%  110M 3s
 10750K .......... .......... .......... .......... .......... 21% 91.4M 3s
 10800K .......... .......... .......... .......... .......... 21%  137M 3s
 10850K .......... .......... .......... .......... .......... 21%  113M 3s
 10900K .......... .......... .......... .......... .......... 21%  108M 3s
 10950K .......... .......... .......... .......... .......... 21%  107M 3s
 11000K .......... .......... .......... .......... .......... 21%  104M 3s
 11050K .......... .......... .......... .......... .......... 21%  109M 3s
 11100K .......... .......... .......... .......... .......... 22%  155M 3s
 11150K .......... .......... .......... .......... .......... 22%  109M 3s
 11200K .......... .......... .......... .......... .......... 22% 90.1M 3s
 11250K .......... .......... .......... .......... .......... 22%  121M 3s
 11300K .......... .......... .......... .......... .......... 22%  115M 3s
 11350K .......... .......... .......... .......... .......... 22%  101M 3s
 11400K .......... .......... .......... .......... .......... 22%  898K 3s
 11450K .......... .......... .......... .......... .......... 22% 28.4M 3s
 11500K .......... .......... .......... .......... .......... 22% 51.6M 3s
 11550K .......... .......... .......... .......... .......... 22% 55.3M 3s
 11600K .......... .......... .......... .......... .......... 23% 67.5M 3s
 11650K .......... .......... .......... .......... .......... 23% 75.2M 3s
 11700K .......... .......... .......... .......... .......... 23% 52.5M 3s
 11750K .......... .......... .......... .......... .......... 23% 56.7M 3s
 11800K .......... .......... .......... .......... .......... 23% 59.7M 3s
 11850K .......... .......... .......... .......... .......... 23% 77.0M 3s
 11900K .......... .......... .......... .......... .......... 23%  121M 3s
 11950K .......... .......... .......... .......... .......... 23% 63.2M 3s
 12000K .......... .......... .......... .......... .......... 23% 97.0M 3s
 12050K .......... .......... .......... .......... .......... 23% 88.8M 3s
 12100K .......... .......... .......... .......... .......... 24%  179M 3s
 12150K .......... .......... .......... .......... .......... 24%  182M 3s
 12200K .......... .......... .......... .......... .......... 24%  161M 3s
 12250K .......... .......... .......... .......... .......... 24%  185M 3s
 12300K .......... .......... .......... .......... .......... 24%  202M 3s
 12350K .......... .......... .......... .......... .......... 24%  189M 3s
 12400K .......... .......... .......... .......... .......... 24%  146M 3s
 12450K .......... .......... .......... .......... .......... 24%  189M 3s
 12500K .......... .......... .......... .......... .......... 24%  190M 3s
 12550K .......... .......... .......... .......... .......... 24%  146M 3s
 12600K .......... .......... .......... .......... .......... 25%  181M 3s
 12650K .......... .......... .......... .......... .......... 25%  144M 3s
 12700K .......... .......... .......... .......... .......... 25%  122M 3s
 12750K .......... .......... .......... .......... .......... 25%  104M 3s
 12800K .......... .......... .......... .......... .......... 25%  116M 3s
 12850K .......... .......... .......... .......... .......... 25%  122M 3s
 12900K .......... .......... .......... .......... .......... 25%  112M 3s
 12950K .......... .......... .......... .......... .......... 25% 90.5M 3s
 13000K .......... .......... .......... .......... .......... 25%  119M 3s
 13050K .......... .......... .......... .......... .......... 25%  112M 3s
 13100K .......... .......... .......... .......... .......... 26%  123M 3s
 13150K .......... .......... .......... .......... .......... 26%  108M 3s
 13200K .......... .......... .......... .......... .......... 26%  112M 3s
 13250K .......... .......... .......... .......... .......... 26%  119M 3s
 13300K .......... .......... .......... .......... .......... 26%  124M 3s
 13350K .......... .......... .......... .......... .......... 26% 85.4M 3s
 13400K .......... .......... .......... .......... .......... 26%  114M 2s
 13450K .......... .......... .......... .......... .......... 26%  131M 2s
 13500K .......... .......... .......... .......... .......... 26%  113M 2s
 13550K .......... .......... .......... .......... .......... 26%  104M 2s
 13600K .......... .......... .......... .......... .......... 27%  121M 2s
 13650K .......... .......... .......... .......... .......... 27%  120M 2s
 13700K .......... .......... .......... .......... .......... 27%  112M 2s
 13750K .......... .......... .......... .......... .......... 27% 96.6M 2s
 13800K .......... .......... .......... .......... .......... 27%  119M 2s
 13850K .......... .......... .......... .......... .......... 27%  101M 2s
 13900K .......... .......... .......... .......... .......... 27%  116M 2s
 13950K .......... .......... .......... .......... .......... 27%  123M 2s
 14000K .......... .......... .......... .......... .......... 27%  115M 2s
 14050K .......... .......... .......... .......... .......... 27%  902K 2s
 14100K .......... .......... .......... .......... .......... 28% 28.8M 2s
 14150K .......... .......... .......... .......... .......... 28% 74.2M 2s
 14200K .......... .......... .......... .......... .......... 28% 76.5M 2s
 14250K .......... .......... .......... .......... .......... 28% 88.3M 2s
 14300K .......... .......... .......... .......... .......... 28% 72.8M 2s
 14350K .......... .......... .......... .......... .......... 28% 85.1M 2s
 14400K .......... .......... .......... .......... .......... 28% 77.9M 2s
 14450K .......... .......... .......... .......... .......... 28% 82.6M 2s
 14500K .......... .......... .......... .......... .......... 28% 67.0M 2s
 14550K .......... .......... .......... .......... .......... 28% 78.6M 2s
 14600K .......... .......... .......... .......... .......... 29% 78.5M 2s
 14650K .......... .......... .......... .......... .......... 29% 90.3M 2s
 14700K .......... .......... .......... .......... .......... 29% 71.9M 2s
 14750K .......... .......... .......... .......... .......... 29%  139M 2s
 14800K .......... .......... .......... .......... .......... 29%  152M 2s
 14850K .......... .......... .......... .......... .......... 29%  177M 2s
 14900K .......... .......... .......... .......... .......... 29%  187M 2s
 14950K .......... .......... .......... .......... .......... 29%  172M 2s
 15000K .......... .......... .......... .......... .......... 29%  204M 2s
 15050K .......... .......... .......... .......... .......... 29%  196M 2s
 15100K .......... .......... .......... .......... .......... 30%  149M 2s
 15150K .......... .......... .......... .......... .......... 30%  185M 2s
 15200K .......... .......... .......... .......... .......... 30%  176M 2s
 15250K .......... .......... .......... .......... .......... 30%  187M 2s
 15300K .......... .......... .......... .......... .......... 30%  166M 2s
 15350K .......... .......... .......... .......... .......... 30%  163M 2s
 15400K .......... .......... .......... .......... .......... 30%  170M 2s
 15450K .......... .......... .......... .......... .......... 30%  174M 2s
 15500K .......... .......... .......... .......... .......... 30%  130M 2s
 15550K .......... .......... .......... .......... .......... 30% 98.2M 2s
 15600K .......... .......... .......... .......... .......... 31%  102M 2s
 15650K .......... .......... .......... .......... .......... 31%  117M 2s
 15700K .......... .......... .......... .......... .......... 31%  135M 2s
 15750K .......... .......... .......... .......... .......... 31% 92.3M 2s
 15800K .......... .......... .......... .......... .......... 31%  131M 2s
 15850K .......... .......... .......... .......... .......... 31%  104M 2s
 15900K .......... .......... .......... .......... .......... 31%  112M 2s
 15950K .......... .......... .......... .......... .......... 31%  118M 2s
 16000K .......... .......... .......... .......... .......... 31% 93.8M 2s
 16050K .......... .......... .......... .......... .......... 31%  122M 2s
 16100K .......... .......... .......... .......... .......... 32%  109M 2s
 16150K .......... .......... .......... .......... .......... 32%  109M 2s
 16200K .......... .......... .......... .......... .......... 32%  120M 2s
 16250K .......... .......... .......... .......... .......... 32%  124M 2s
 16300K .......... .......... .......... .......... .......... 32% 87.7M 2s
 16350K .......... .......... .......... .......... .......... 32%  123M 2s
 16400K .......... .......... .......... .......... .......... 32%  121M 2s
 16450K .......... .......... .......... .......... .......... 32%  132M 2s
 16500K .......... .......... .......... .......... .......... 32% 94.7M 2s
 16550K .......... .......... .......... .......... .......... 32%  114M 2s
 16600K .......... .......... .......... .......... .......... 32%  113M 2s
 16650K .......... .......... .......... .......... .......... 33%  864K 2s
 16700K .......... .......... .......... .......... .......... 33% 99.9M 2s
 16750K .......... .......... .......... .......... .......... 33% 41.0M 2s
 16800K .......... .......... .......... .......... .......... 33% 94.0M 2s
 16850K .......... .......... .......... .......... .......... 33%  109M 2s
 16900K .......... .......... .......... .......... .......... 33% 84.4M 2s
 16950K .......... .......... .......... .......... .......... 33% 82.5M 2s
 17000K .......... .......... .......... .......... .......... 33% 95.5M 2s
 17050K .......... .......... .......... .......... .......... 33% 75.3M 2s
 17100K .......... .......... .......... .......... .......... 33% 83.5M 2s
 17150K .......... .......... .......... .......... .......... 34%  103M 2s
 17200K .......... .......... .......... .......... .......... 34% 75.7M 2s
 17250K .......... .......... .......... .......... .......... 34%  123M 2s
 17300K .......... .......... .......... .......... .......... 34% 76.2M 2s
 17350K .......... .......... .......... .......... .......... 34%  117M 2s
 17400K .......... .......... .......... .......... .......... 34% 65.8M 2s
 17450K .......... .......... .......... .......... .......... 34% 73.8M 2s
 17500K .......... .......... .......... .......... .......... 34% 78.5M 2s
 17550K .......... .......... .......... .......... .......... 34% 72.3M 2s
 17600K .......... .......... .......... .......... .......... 34% 71.5M 2s
 17650K .......... .......... .......... .......... .......... 35%  100M 2s
 17700K .......... .......... .......... .......... .......... 35%  184M 2s
 17750K .......... .......... .......... .......... .......... 35%  200M 2s
 17800K .......... .......... .......... .......... .......... 35%  211M 2s
 17850K .......... .......... .......... .......... .......... 35%  108M 2s
 17900K .......... .......... .......... .......... .......... 35% 93.9M 2s
 17950K .......... .......... .......... .......... .......... 35%  112M 2s
 18000K .......... .......... .......... .......... .......... 35%  114M 2s
 18050K .......... .......... .......... .......... .......... 35%  121M 2s
 18100K .......... .......... .......... .......... .......... 35%  128M 2s
 18150K .......... .......... .......... .......... .......... 36%  101M 2s
 18200K .......... .......... .......... .......... .......... 36%  108M 2s
 18250K .......... .......... .......... .......... .......... 36%  115M 2s
 18300K .......... .......... .......... .......... .......... 36%  128M 2s
 18350K .......... .......... .......... .......... .......... 36%  112M 2s
 18400K .......... .......... .......... .......... .......... 36%  101M 2s
 18450K .......... .......... .......... .......... .......... 36%  103M 2s
 18500K .......... .......... .......... .......... .......... 36%  125M 2s
 18550K .......... .......... .......... .......... .......... 36% 49.3M 2s
 18600K .......... .......... .......... .......... .......... 36% 61.1M 2s
 18650K .......... .......... .......... .......... .......... 37%  113M 2s
 18700K .......... .......... .......... .......... .......... 37%  115M 2s
 18750K .......... .......... .......... .......... .......... 37%  115M 2s
 18800K .......... .......... .......... .......... .......... 37% 90.2M 2s
 18850K .......... .......... .......... .......... .......... 37% 56.7M 2s
 18900K .......... .......... .......... .......... .......... 37%  113M 2s
 18950K .......... .......... .......... .......... .......... 37%  101M 2s
 19000K .......... .......... .......... .......... .......... 37%  120M 2s
 19050K .......... .......... .......... .......... .......... 37%  123M 2s
 19100K .......... .......... .......... .......... .......... 37% 51.4M 2s
 19150K .......... .......... .......... .......... .......... 38% 85.3M 2s
 19200K .......... .......... .......... .......... .......... 38%  111M 2s
 19250K .......... .......... .......... .......... .......... 38%  144M 2s
 19300K .......... .......... .......... .......... .......... 38%  943K 2s
 19350K .......... .......... .......... .......... .......... 38% 31.1M 2s
 19400K .......... .......... .......... .......... .......... 38% 44.9M 2s
 19450K .......... .......... .......... .......... .......... 38%  127M 2s
 19500K .......... .......... .......... .......... .......... 38%  112M 2s
 19550K .......... .......... .......... .......... .......... 38%  113M 2s
 19600K .......... .......... .......... .......... .......... 38% 93.2M 2s
 19650K .......... .......... .......... .......... .......... 39% 85.4M 2s
 19700K .......... .......... .......... .......... .......... 39% 70.1M 2s
 19750K .......... .......... .......... .......... .......... 39% 99.5M 2s
 19800K .......... .......... .......... .......... .......... 39%  105M 2s
 19850K .......... .......... .......... .......... .......... 39% 78.3M 2s
 19900K .......... .......... .......... .......... .......... 39% 73.5M 2s
 19950K .......... .......... .......... .......... .......... 39% 95.2M 2s
 20000K .......... .......... .......... .......... .......... 39% 99.1M 2s
 20050K .......... .......... .......... .......... .......... 39% 80.8M 2s
 20100K .......... .......... .......... .......... .......... 39% 98.3M 2s
 20150K .......... .......... .......... .......... .......... 40% 96.2M 2s
 20200K .......... .......... .......... .......... .......... 40% 99.5M 2s
 20250K .......... .......... .......... .......... .......... 40% 80.1M 2s
 20300K .......... .......... .......... .......... .......... 40% 99.8M 2s
 20350K .......... .......... .......... .......... .......... 40% 84.9M 2s
 20400K .......... .......... .......... .......... .......... 40%  101M 2s
 20450K .......... .......... .......... .......... .......... 40% 95.8M 2s
 20500K .......... .......... .......... .......... .......... 40%  105M 2s
 20550K .......... .......... .......... .......... .......... 40% 82.2M 2s
 20600K .......... .......... .......... .......... .......... 40% 80.6M 2s
 20650K .......... .......... .......... .......... .......... 41% 70.7M 2s
 20700K .......... .......... .......... .......... .......... 41% 88.5M 2s
 20750K .......... .......... .......... .......... .......... 41%  102M 2s
 20800K .......... .......... .......... .......... .......... 41% 85.9M 2s
 20850K .......... .......... .......... .......... .......... 41%  131M 2s
 20900K .......... .......... .......... .......... .......... 41% 88.0M 2s
 20950K .......... .......... .......... .......... .......... 41%  125M 2s
 21000K .......... .......... .......... .......... .......... 41%  102M 2s
 21050K .......... .......... .......... .......... .......... 41%  181M 2s
 21100K .......... .......... .......... .......... .......... 41%  202M 2s
 21150K .......... .......... .......... .......... .......... 42%  224M 2s
 21200K .......... .......... .......... .......... .......... 42%  222M 2s
 21250K .......... .......... .......... .......... .......... 42%  202M 2s
 21300K .......... .......... .......... .......... .......... 42%  222M 2s
 21350K .......... .......... .......... .......... .......... 42%  179M 2s
 21400K .......... .......... .......... .......... .......... 42%  201M 2s
 21450K .......... .......... .......... .......... .......... 42%  180M 2s
 21500K .......... .......... .......... .......... .......... 42%  185M 2s
 21550K .......... .......... .......... .......... .......... 42%  202M 2s
 21600K .......... .......... .......... .......... .......... 42%  217M 2s
 21650K .......... .......... .......... .......... .......... 43%  197M 2s
 21700K .......... .......... .......... .......... .......... 43%  186M 2s
 21750K .......... .......... .......... .......... .......... 43%  173M 2s
 21800K .......... .......... .......... .......... .......... 43%  113M 2s
 21850K .......... .......... .......... .......... .......... 43%  127M 2s
 21900K .......... .......... .......... .......... .......... 43%  886K 2s
 21950K .......... .......... .......... .......... .......... 43% 34.1M 2s
 22000K .......... .......... .......... .......... .......... 43% 53.0M 2s
 22050K .......... .......... .......... .......... .......... 43% 68.7M 2s
 22100K .......... .......... .......... .......... .......... 43% 88.9M 2s
 22150K .......... .......... .......... .......... .......... 43% 82.2M 2s
 22200K .......... .......... .......... .......... .......... 44% 89.0M 2s
 22250K .......... .......... .......... .......... .......... 44% 76.0M 2s
 22300K .......... .......... .......... .......... .......... 44% 93.0M 2s
 22350K .......... .......... .......... .......... .......... 44% 84.5M 2s
 22400K .......... .......... .......... .......... .......... 44% 75.6M 2s
 22450K .......... .......... .......... .......... .......... 44% 69.2M 2s
 22500K .......... .......... .......... .......... .......... 44% 87.0M 2s
 22550K .......... .......... .......... .......... .......... 44% 86.3M 2s
 22600K .......... .......... .......... .......... .......... 44% 89.7M 1s
 22650K .......... .......... .......... .......... .......... 44% 68.5M 1s
 22700K .......... .......... .......... .......... .......... 45% 74.1M 1s
 22750K .......... .......... .......... .......... .......... 45%  180M 1s
 22800K .......... .......... .......... .......... .......... 45%  214M 1s
 22850K .......... .......... .......... .......... .......... 45%  226M 1s
 22900K .......... .......... .......... .......... .......... 45%  178M 1s
 22950K .......... .......... .......... .......... .......... 45%  256M 1s
 23000K .......... .......... .......... .......... .......... 45%  280M 1s
 23050K .......... .......... .......... .......... .......... 45%  261M 1s
 23100K .......... .......... .......... .......... .......... 45% 46.9M 1s
 23150K .......... .......... .......... .......... .......... 45%  142M 1s
 23200K .......... .......... .......... .......... .......... 46% 75.9M 1s
 23250K .......... .......... .......... .......... .......... 46% 84.8M 1s
 23300K .......... .......... .......... .......... .......... 46% 89.2M 1s
 23350K .......... .......... .......... .......... .......... 46%  113M 1s
 23400K .......... .......... .......... .......... .......... 46%  113M 1s
 23450K .......... .......... .......... .......... .......... 46%  143M 1s
 23500K .......... .......... .......... .......... .......... 46%  105M 1s
 23550K .......... .......... .......... .......... .......... 46%  107M 1s
 23600K .......... .......... .......... .......... .......... 46%  122M 1s
 23650K .......... .......... .......... .......... .......... 46% 85.3M 1s
 23700K .......... .......... .......... .......... .......... 47%  155M 1s
 23750K .......... .......... .......... .......... .......... 47%  118M 1s
 23800K .......... .......... .......... .......... .......... 47% 91.0M 1s
 23850K .......... .......... .......... .......... .......... 47%  112M 1s
 23900K .......... .......... .......... .......... .......... 47%  104M 1s
 23950K .......... .......... .......... .......... .......... 47%  123M 1s
 24000K .......... .......... .......... .......... .......... 47% 96.5M 1s
 24050K .......... .......... .......... .......... .......... 47%  150M 1s
 24100K .......... .......... .......... .......... .......... 47%  108M 1s
 24150K .......... .......... .......... .......... .......... 47%  104M 1s
 24200K .......... .......... .......... .......... .......... 48%  112M 1s
 24250K .......... .......... .......... .......... .......... 48%  112M 1s
 24300K .......... .......... .......... .......... .......... 48%  101M 1s
 24350K .......... .......... .......... .......... .......... 48%  128M 1s
 24400K .......... .......... .......... .......... .......... 48%  123M 1s
 24450K .......... .......... .......... .......... .......... 48% 93.0M 1s
 24500K .......... .......... .......... .......... .......... 48%  142M 1s
 24550K .......... .......... .......... .......... .......... 48%  911K 1s
 24600K .......... .......... .......... .......... .......... 48% 26.1M 1s
 24650K .......... .......... .......... .......... .......... 48% 36.9M 1s
 24700K .......... .......... .......... .......... .......... 49% 26.2M 1s
 24750K .......... .......... .......... .......... .......... 49% 60.5M 1s
 24800K .......... .......... .......... .......... .......... 49% 87.3M 1s
 24850K .......... .......... .......... .......... .......... 49% 56.4M 1s
 24900K .......... .......... .......... .......... .......... 49% 90.7M 1s
 24950K .......... .......... .......... .......... .......... 49% 95.5M 1s
 25000K .......... .......... .......... .......... .......... 49% 72.6M 1s
 25050K .......... .......... .......... .......... .......... 49% 64.8M 1s
 25100K .......... .......... .......... .......... .......... 49% 75.0M 1s
 25150K .......... .......... .......... .......... .......... 49%  142M 1s
 25200K .......... .......... .......... .......... .......... 50%  180M 1s
 25250K .......... .......... .......... .......... .......... 50%  152M 1s
 25300K .......... .......... .......... .......... .......... 50%  191M 1s
 25350K .......... .......... .......... .......... .......... 50%  129M 1s
 25400K .......... .......... .......... .......... .......... 50%  164M 1s
 25450K .......... .......... .......... .......... .......... 50%  148M 1s
 25500K .......... .......... .......... .......... .......... 50%  132M 1s
 25550K .......... .......... .......... .......... .......... 50%  145M 1s
 25600K .......... .......... .......... .......... .......... 50%  109M 1s
 25650K .......... .......... .......... .......... .......... 50%  104M 1s
 25700K .......... .......... .......... .......... .......... 51%  123M 1s
 25750K .......... .......... .......... .......... .......... 51%  100M 1s
 25800K .......... .......... .......... .......... .......... 51%  122M 1s
 25850K .......... .......... .......... .......... .......... 51%  108M 1s
 25900K .......... .......... .......... .......... .......... 51%  120M 1s
 25950K .......... .......... .......... .......... .......... 51%  109M 1s
 26000K .......... .......... .......... .......... .......... 51% 93.4M 1s
 26050K .......... .......... .......... .......... .......... 51%  123M 1s
 26100K .......... .......... .......... .......... .......... 51%  120M 1s
 26150K .......... .......... .......... .......... .......... 51%  114M 1s
 26200K .......... .......... .......... .......... .......... 52%  107M 1s
 26250K .......... .......... .......... .......... .......... 52%  105M 1s
 26300K .......... .......... .......... .......... .......... 52%  113M 1s
 26350K .......... .......... .......... .......... .......... 52%  119M 1s
 26400K .......... .......... .......... .......... .......... 52% 98.6M 1s
 26450K .......... .......... .......... .......... .......... 52%  137M 1s
 26500K .......... .......... .......... .......... .......... 52%  114M 1s
 26550K .......... .......... .......... .......... .......... 52% 92.3M 1s
 26600K .......... .......... .......... .......... .......... 52%  123M 1s
 26650K .......... .......... .......... .......... .......... 52%  105M 1s
 26700K .......... .......... .......... .......... .......... 53%  111M 1s
 26750K .......... .......... .......... .......... .......... 53%  114M 1s
 26800K .......... .......... .......... .......... .......... 53%  100M 1s
 26850K .......... .......... .......... .......... .......... 53%  109M 1s
 26900K .......... .......... .......... .......... .......... 53%  112M 1s
 26950K .......... .......... .......... .......... .......... 53%  144M 1s
 27000K .......... .......... .......... .......... .......... 53% 92.6M 1s
 27050K .......... .......... .......... .......... .......... 53%  129M 1s
 27100K .......... .......... .......... .......... .......... 53%  108M 1s
 27150K .......... .......... .......... .......... .......... 53%  921K 1s
 27200K .......... .......... .......... .......... .......... 54% 50.2M 1s
 27250K .......... .......... .......... .......... .......... 54% 30.6M 1s
 27300K .......... .......... .......... .......... .......... 54% 45.4M 1s
 27350K .......... .......... .......... .......... .......... 54%  118M 1s
 27400K .......... .......... .......... .......... .......... 54%  108M 1s
 27450K .......... .......... .......... .......... .......... 54%  115M 1s
 27500K .......... .......... .......... .......... .......... 54%  112M 1s
 27550K .......... .......... .......... .......... .......... 54%  131M 1s
 27600K .......... .......... .......... .......... .......... 54% 82.2M 1s
 27650K .......... .......... .......... .......... .......... 54%  126M 1s
 27700K .......... .......... .......... .......... .......... 54%  102M 1s
 27750K .......... .......... .......... .......... .......... 55%  105M 1s
 27800K .......... .......... .......... .......... .......... 55%  113M 1s
 27850K .......... .......... .......... .......... .......... 55%  118M 1s
 27900K .......... .......... .......... .......... .......... 55%  127M 1s
 27950K .......... .......... .......... .......... .......... 55%  107M 1s
 28000K .......... .......... .......... .......... .......... 55%  122M 1s
 28050K .......... .......... .......... .......... .......... 55%  132M 1s
 28100K .......... .......... .......... .......... .......... 55% 84.0M 1s
 28150K .......... .......... .......... .......... .......... 55%  117M 1s
 28200K .......... .......... .......... .......... .......... 55% 89.3M 1s
 28250K .......... .......... .......... .......... .......... 56% 63.2M 1s
 28300K .......... .......... .......... .......... .......... 56% 60.6M 1s
 28350K .......... .......... .......... .......... .......... 56% 91.5M 1s
 28400K .......... .......... .......... .......... .......... 56%  136M 1s
 28450K .......... .......... .......... .......... .......... 56%  137M 1s
 28500K .......... .......... .......... .......... .......... 56%  143M 1s
 28550K .......... .......... .......... .......... .......... 56%  136M 1s
 28600K .......... .......... .......... .......... .......... 56%  118M 1s
 28650K .......... .......... .......... .......... .......... 56%  131M 1s
 28700K .......... .......... .......... .......... .......... 56%  120M 1s
 28750K .......... .......... .......... .......... .......... 57%  121M 1s
 28800K .......... .......... .......... .......... .......... 57%  115M 1s
 28850K .......... .......... .......... .......... .......... 57%  181M 1s
 28900K .......... .......... .......... .......... .......... 57%  150M 1s
 28950K .......... .......... .......... .......... .......... 57%  110M 1s
 29000K .......... .......... .......... .......... .......... 57%  106M 1s
 29050K .......... .......... .......... .......... .......... 57%  135M 1s
 29100K .......... .......... .......... .......... .......... 57%  140M 1s
 29150K .......... .......... .......... .......... .......... 57%  102M 1s
 29200K .......... .......... .......... .......... .......... 57% 90.1M 1s
 29250K .......... .......... .......... .......... .......... 58%  105M 1s
 29300K .......... .......... .......... .......... .......... 58% 73.3M 1s
 29350K .......... .......... .......... .......... .......... 58%  121M 1s
 29400K .......... .......... .......... .......... .......... 58%  142M 1s
 29450K .......... .......... .......... .......... .......... 58%  108M 1s
 29500K .......... .......... .......... .......... .......... 58% 97.8M 1s
 29550K .......... .......... .......... .......... .......... 58%  105M 1s
 29600K .......... .......... .......... .......... .......... 58%  120M 1s
 29650K .......... .......... .......... .......... .......... 58%  103M 1s
 29700K .......... .......... .......... .......... .......... 58%  118M 1s
 29750K .......... .......... .......... .......... .......... 59%  119M 1s
 29800K .......... .......... .......... .......... .......... 59%  899K 1s
 29850K .......... .......... .......... .......... .......... 59% 35.1M 1s
 29900K .......... .......... .......... .......... .......... 59% 80.0M 1s
 29950K .......... .......... .......... .......... .......... 59% 59.3M 1s
 30000K .......... .......... .......... .......... .......... 59% 57.6M 1s
 30050K .......... .......... .......... .......... .......... 59% 64.0M 1s
 30100K .......... .......... .......... .......... .......... 59% 58.2M 1s
 30150K .......... .......... .......... .......... .......... 59%  109M 1s
 30200K .......... .......... .......... .......... .......... 59% 81.8M 1s
 30250K .......... .......... .......... .......... .......... 60%  127M 1s
 30300K .......... .......... .......... .......... .......... 60%  121M 1s
 30350K .......... .......... .......... .......... .......... 60%  128M 1s
 30400K .......... .......... .......... .......... .......... 60%  102M 1s
 30450K .......... .......... .......... .......... .......... 60%  118M 1s
 30500K .......... .......... .......... .......... .......... 60%  120M 1s
 30550K .......... .......... .......... .......... .......... 60%  127M 1s
 30600K .......... .......... .......... .......... .......... 60%  105M 1s
 30650K .......... .......... .......... .......... .......... 60%  109M 1s
 30700K .......... .......... .......... .......... .......... 60%  129M 1s
 30750K .......... .......... .......... .......... .......... 61%  118M 1s
 30800K .......... .......... .......... .......... .......... 61% 93.4M 1s
 30850K .......... .......... .......... .......... .......... 61%  106M 1s
 30900K .......... .......... .......... .......... .......... 61%  116M 1s
 30950K .......... .......... .......... .......... .......... 61%  132M 1s
 31000K .......... .......... .......... .......... .......... 61%  108M 1s
 31050K .......... .......... .......... .......... .......... 61%  126M 1s
 31100K .......... .......... .......... .......... .......... 61%  117M 1s
 31150K .......... .......... .......... .......... .......... 61%  122M 1s
 31200K .......... .......... .......... .......... .......... 61% 82.7M 1s
 31250K .......... .......... .......... .......... .......... 62% 79.5M 1s
 31300K .......... .......... .......... .......... .......... 62%  106M 1s
 31350K .......... .......... .......... .......... .......... 62%  130M 1s
 31400K .......... .......... .......... .......... .......... 62%  133M 1s
 31450K .......... .......... .......... .......... .......... 62%  125M 1s
 31500K .......... .......... .......... .......... .......... 62%  142M 1s
 31550K .......... .......... .......... .......... .......... 62%  118M 1s
 31600K .......... .......... .......... .......... .......... 62% 80.6M 1s
 31650K .......... .......... .......... .......... .......... 62%  110M 1s
 31700K .......... .......... .......... .......... .......... 62%  147M 1s
 31750K .......... .......... .......... .......... .......... 63%  124M 1s
 31800K .......... .......... .......... .......... .......... 63% 72.4M 1s
 31850K .......... .......... .......... .......... .......... 63%  119M 1s
 31900K .......... .......... .......... .......... .......... 63%  124M 1s
 31950K .......... .......... .......... .......... .......... 63%  102M 1s
 32000K .......... .......... .......... .......... .......... 63% 81.5M 1s
 32050K .......... .......... .......... .......... .......... 63% 82.6M 1s
 32100K .......... .......... .......... .......... .......... 63% 88.5M 1s
 32150K .......... .......... .......... .......... .......... 63% 76.8M 1s
 32200K .......... .......... .......... .......... .......... 63%  112M 1s
 32250K .......... .......... .......... .......... .......... 64%  114M 1s
 32300K .......... .......... .......... .......... .......... 64%  118M 1s
 32350K .......... .......... .......... .......... .......... 64%  125M 1s
 32400K .......... .......... .......... .......... .......... 64%  922K 1s
 32450K .......... .......... .......... .......... .......... 64% 5.23M 1s
 32500K .......... .......... .......... .......... .......... 64% 74.5M 1s
 32550K .......... .......... .......... .......... .......... 64% 15.1M 1s
 32600K .......... .......... .......... .......... .......... 64% 77.9M 1s
 32650K .......... .......... .......... .......... .......... 64% 67.6M 1s
 32700K .......... .......... .......... .......... .......... 64%  105M 1s
 32750K .......... .......... .......... .......... .......... 65%  125M 1s
 32800K .......... .......... .......... .......... .......... 65%  110M 1s
 32850K .......... .......... .......... .......... .......... 65%  110M 1s
 32900K .......... .......... .......... .......... .......... 65%  120M 1s
 32950K .......... .......... .......... .......... .......... 65%  119M 1s
 33000K .......... .......... .......... .......... .......... 65%  127M 1s
 33050K .......... .......... .......... .......... .......... 65%  102M 1s
 33100K .......... .......... .......... .......... .......... 65% 65.8M 1s
 33150K .......... .......... .......... .......... .......... 65% 80.0M 1s
 33200K .......... .......... .......... .......... .......... 65% 69.1M 1s
 33250K .......... .......... .......... .......... .......... 65% 89.3M 1s
 33300K .......... .......... .......... .......... .......... 66%  108M 1s
 33350K .......... .......... .......... .......... .......... 66%  120M 1s
 33400K .......... .......... .......... .......... .......... 66% 1.71M 1s
 33450K .......... .......... .......... .......... .......... 66%  149M 1s
 33500K .......... .......... .......... .......... .......... 66%  131M 1s
 33550K .......... .......... .......... .......... .......... 66%  126M 1s
 33600K .......... .......... .......... .......... .......... 66%  142M 1s
 33650K .......... .......... .......... .......... .......... 66%  116M 1s
 33700K .......... .......... .......... .......... .......... 66%  134M 1s
 33750K .......... .......... .......... .......... .......... 66%  136M 1s
 33800K .......... .......... .......... .......... .......... 67%  135M 1s
 33850K .......... .......... .......... .......... .......... 67%  137M 1s
 33900K .......... .......... .......... .......... .......... 67%  144M 1s
 33950K .......... .......... .......... .......... .......... 67%  118M 1s
 34000K .......... .......... .......... .......... .......... 67%  124M 1s
 34050K .......... .......... .......... .......... .......... 67%  128M 1s
 34100K .......... .......... .......... .......... .......... 67%  125M 1s
 34150K .......... .......... .......... .......... .......... 67%  127M 1s
 34200K .......... .......... .......... .......... .......... 67%  143M 1s
 34250K .......... .......... .......... .......... .......... 67%  131M 1s
 34300K .......... .......... .......... .......... .......... 68%  147M 1s
 34350K .......... .......... .......... .......... .......... 68%  142M 1s
 34400K .......... .......... .......... .......... .......... 68%  135M 1s
 34450K .......... .......... .......... .......... .......... 68%  142M 1s
 34500K .......... .......... .......... .......... .......... 68%  116M 1s
 34550K .......... .......... .......... .......... .......... 68%  133M 1s
 34600K .......... .......... .......... .......... .......... 68%  146M 1s
 34650K .......... .......... .......... .......... .......... 68%  145M 1s
 34700K .......... .......... .......... .......... .......... 68%  146M 1s
 34750K .......... .......... .......... .......... .......... 68%  133M 1s
 34800K .......... .......... .......... .......... .......... 69%  286M 1s
 34850K .......... .......... .......... .......... .......... 69%  277M 1s
 34900K .......... .......... .......... .......... .......... 69%  245M 1s
 34950K .......... .......... .......... .......... .......... 69%  267M 1s
 35000K .......... .......... .......... .......... .......... 69%  266M 1s
 35050K .......... .......... .......... .......... .......... 69% 2.31M 1s
 35100K .......... .......... .......... .......... .......... 69% 71.0M 1s
 35150K .......... .......... .......... .......... .......... 69% 48.1M 1s
 35200K .......... .......... .......... .......... .......... 69% 72.9M 1s
 35250K .......... .......... .......... .......... .......... 69% 48.0M 1s
 35300K .......... .......... .......... .......... .......... 70% 63.1M 1s
 35350K .......... .......... .......... .......... .......... 70% 86.5M 1s
 35400K .......... .......... .......... .......... .......... 70% 67.0M 1s
 35450K .......... .......... .......... .......... .......... 70% 86.0M 1s
 35500K .......... .......... .......... .......... .......... 70%  117M 1s
 35550K .......... .......... .......... .......... .......... 70%  108M 1s
 35600K .......... .......... .......... .......... .......... 70%  116M 1s
 35650K .......... .......... .......... .......... .......... 70%  121M 1s
 35700K .......... .......... .......... .......... .......... 70% 73.9M 1s
 35750K .......... .......... .......... .......... .......... 70%  120M 1s
 35800K .......... .......... .......... .......... .......... 71%  114M 1s
 35850K .......... .......... .......... .......... .......... 71%  116M 1s
 35900K .......... .......... .......... .......... .......... 71%  108M 1s
 35950K .......... .......... .......... .......... .......... 71% 93.4M 1s
 36000K .......... .......... .......... .......... .......... 71%  121M 1s
 36050K .......... .......... .......... .......... .......... 71%  123M 1s
 36100K .......... .......... .......... .......... .......... 71% 89.3M 1s
 36150K .......... .......... .......... .......... .......... 71% 83.7M 1s
 36200K .......... .......... .......... .......... .......... 71%  106M 1s
 36250K .......... .......... .......... .......... .......... 71%  118M 1s
 36300K .......... .......... .......... .......... .......... 72% 90.6M 1s
 36350K .......... .......... .......... .......... .......... 72% 96.2M 1s
 36400K .......... .......... .......... .......... .......... 72%  113M 1s
 36450K .......... .......... .......... .......... .......... 72%  114M 1s
 36500K .......... .......... .......... .......... .......... 72%  129M 1s
 36550K .......... .......... .......... .......... .......... 72% 89.1M 1s
 36600K .......... .......... .......... .......... .......... 72%  137M 1s
 36650K .......... .......... .......... .......... .......... 72% 96.8M 1s
 36700K .......... .......... .......... .......... .......... 72%  133M 1s
 36750K .......... .......... .......... .......... .......... 72% 98.9M 1s
 36800K .......... .......... .......... .......... .......... 73%  107M 1s
 36850K .......... .......... .......... .......... .......... 73%  112M 1s
 36900K .......... .......... .......... .......... .......... 73%  123M 1s
 36950K .......... .......... .......... .......... .......... 73% 88.4M 1s
 37000K .......... .......... .......... .......... .......... 73%  112M 1s
 37050K .......... .......... .......... .......... .......... 73%  112M 1s
 37100K .......... .......... .......... .......... .......... 73%  130M 1s
 37150K .......... .......... .......... .......... .......... 73% 87.5M 1s
 37200K .......... .......... .......... .......... .......... 73%  113M 1s
 37250K .......... .......... .......... .......... .......... 73%  128M 1s
 37300K .......... .......... .......... .......... .......... 74%  113M 1s
 37350K .......... .......... .......... .......... .......... 74%  130M 1s
 37400K .......... .......... .......... .......... .......... 74% 86.4M 1s
 37450K .......... .......... .......... .......... .......... 74%  138M 1s
 37500K .......... .......... .......... .......... .......... 74%  894K 1s
 37550K .......... .......... .......... .......... .......... 74% 44.9M 1s
 37600K .......... .......... .......... .......... .......... 74% 54.2M 1s
 37650K .......... .......... .......... .......... .......... 74% 35.8M 1s
 37700K .......... .......... .......... .......... .......... 74%  123M 1s
 37750K .......... .......... .......... .......... .......... 74%  106M 1s
 37800K .......... .......... .......... .......... .......... 75%  129M 1s
 37850K .......... .......... .......... .......... .......... 75%  121M 1s
 37900K .......... .......... .......... .......... .......... 75% 83.8M 1s
 37950K .......... .......... .......... .......... .......... 75%  122M 1s
 38000K .......... .......... .......... .......... .......... 75%  121M 1s
 38050K .......... .......... .......... .......... .......... 75%  104M 1s
 38100K .......... .......... .......... .......... .......... 75%  127M 1s
 38150K .......... .......... .......... .......... .......... 75% 96.5M 1s
 38200K .......... .......... .......... .......... .......... 75%  133M 1s
 38250K .......... .......... .......... .......... .......... 75%  121M 1s
 38300K .......... .......... .......... .......... .......... 76%  101M 1s
 38350K .......... .......... .......... .......... .......... 76%  100M 1s
 38400K .......... .......... .......... .......... .......... 76%  136M 1s
 38450K .......... .......... .......... .......... .......... 76%  110M 1s
 38500K .......... .......... .......... .......... .......... 76%  105M 1s
 38550K .......... .......... .......... .......... .......... 76%  109M 1s
 38600K .......... .......... .......... .......... .......... 76%  103M 1s
 38650K .......... .......... .......... .......... .......... 76%  136M 1s
 38700K .......... .......... .......... .......... .......... 76%  108M 1s
 38750K .......... .......... .......... .......... .......... 76% 96.5M 1s
 38800K .......... .......... .......... .......... .......... 76%  138M 1s
 38850K .......... .......... .......... .......... .......... 77%  100M 1s
 38900K .......... .......... .......... .......... .......... 77%  110M 1s
 38950K .......... .......... .......... .......... .......... 77%  114M 1s
 39000K .......... .......... .......... .......... .......... 77%  115M 0s
 39050K .......... .......... .......... .......... .......... 77%  112M 0s
 39100K .......... .......... .......... .......... .......... 77%  117M 0s
 39150K .......... .......... .......... .......... .......... 77% 94.4M 0s
 39200K .......... .......... .......... .......... .......... 77%  106M 0s
 39250K .......... .......... .......... .......... .......... 77%  122M 0s
 39300K .......... .......... .......... .......... .......... 77%  109M 0s
 39350K .......... .......... .......... .......... .......... 78%  113M 0s
 39400K .......... .......... .......... .......... .......... 78%  121M 0s
 39450K .......... .......... .......... .......... .......... 78%  122M 0s
 39500K .......... .......... .......... .......... .......... 78% 94.4M 0s
 39550K .......... .......... .......... .......... .......... 78%  116M 0s
 39600K .......... .......... .......... .......... .......... 78% 97.8M 0s
 39650K .......... .......... .......... .......... .......... 78%  134M 0s
 39700K .......... .......... .......... .......... .......... 78%  112M 0s
 39750K .......... .......... .......... .......... .......... 78%  109M 0s
 39800K .......... .......... .......... .......... .......... 78%  129M 0s
 39850K .......... .......... .......... .......... .......... 79%  101M 0s
 39900K .......... .......... .......... .......... .......... 79%  104M 0s
 39950K .......... .......... .......... .......... .......... 79%  111M 0s
 40000K .......... .......... .......... .......... .......... 79%  148M 0s
 40050K .......... .......... .......... .......... .......... 79% 83.6M 0s
 40100K .......... .......... .......... .......... .......... 79%  130M 0s
 40150K .......... .......... .......... .......... .......... 79%  891K 0s
 40200K .......... .......... .......... .......... .......... 79%  120M 0s
 40250K .......... .......... .......... .......... .......... 79% 80.1M 0s
 40300K .......... .......... .......... .......... .......... 79%  129M 0s
 40350K .......... .......... .......... .......... .......... 80% 68.5M 0s
 40400K .......... .......... .......... .......... .......... 80% 85.3M 0s
 40450K .......... .......... .......... .......... .......... 80% 23.8M 0s
 40500K .......... .......... .......... .......... .......... 80% 88.1M 0s
 40550K .......... .......... .......... .......... .......... 80%  127M 0s
 40600K .......... .......... .......... .......... .......... 80%  106M 0s
 40650K .......... .......... .......... .......... .......... 80%  120M 0s
 40700K .......... .......... .......... .......... .......... 80%  115M 0s
 40750K .......... .......... .......... .......... .......... 80% 95.8M 0s
 40800K .......... .......... .......... .......... .......... 80%  102M 0s
 40850K .......... .......... .......... .......... .......... 81%  108M 0s
 40900K .......... .......... .......... .......... .......... 81%  100M 0s
 40950K .......... .......... .......... .......... .......... 81% 91.8M 0s
 41000K .......... .......... .......... .......... .......... 81%  113M 0s
 41050K .......... .......... .......... .......... .......... 81%  108M 0s
 41100K .......... .......... .......... .......... .......... 81%  122M 0s
 41150K .......... .......... .......... .......... .......... 81% 78.8M 0s
 41200K .......... .......... .......... .......... .......... 81%  102M 0s
 41250K .......... .......... .......... .......... .......... 81%  127M 0s
 41300K .......... .......... .......... .......... .......... 81%  112M 0s
 41350K .......... .......... .......... .......... .......... 82%  115M 0s
 41400K .......... .......... .......... .......... .......... 82% 88.9M 0s
 41450K .......... .......... .......... .......... .......... 82%  101M 0s
 41500K .......... .......... .......... .......... .......... 82%  111M 0s
 41550K .......... .......... .......... .......... .......... 82%  126M 0s
 41600K .......... .......... .......... .......... .......... 82% 87.8M 0s
 41650K .......... .......... .......... .......... .......... 82%  132M 0s
 41700K .......... .......... .......... .......... .......... 82% 87.7M 0s
 41750K .......... .......... .......... .......... .......... 82%  115M 0s
 41800K .......... .......... .......... .......... .......... 82% 94.0M 0s
 41850K .......... .......... .......... .......... .......... 83%  107M 0s
 41900K .......... .......... .......... .......... .......... 83%  121M 0s
 41950K .......... .......... .......... .......... .......... 83%  113M 0s
 42000K .......... .......... .......... .......... .......... 83% 76.3M 0s
 42050K .......... .......... .......... .......... .......... 83%  140M 0s
 42100K .......... .......... .......... .......... .......... 83% 99.9M 0s
 42150K .......... .......... .......... .......... .......... 83%  126M 0s
 42200K .......... .......... .......... .......... .......... 83% 96.5M 0s
 42250K .......... .......... .......... .......... .......... 83% 45.4M 0s
 42300K .......... .......... .......... .......... .......... 83%  139M 0s
 42350K .......... .......... .......... .......... .......... 84% 79.9M 0s
 42400K .......... .......... .......... .......... .......... 84%  114M 0s
 42450K .......... .......... .......... .......... .......... 84%  107M 0s
 42500K .......... .......... .......... .......... .......... 84% 90.3M 0s
 42550K .......... .......... .......... .......... .......... 84%  113M 0s
 42600K .......... .......... .......... .......... .......... 84%  113M 0s
 42650K .......... .......... .......... .......... .......... 84% 93.6M 0s
 42700K .......... .......... .......... .......... .......... 84%  112M 0s
 42750K .......... .......... .......... .......... .......... 84%  921K 0s
 42800K .......... .......... .......... .......... .......... 84% 86.0M 0s
 42850K .......... .......... .......... .......... .......... 85%  100M 0s
 42900K .......... .......... .......... .......... .......... 85%  112M 0s
 42950K .......... .......... .......... .......... .......... 85%  103M 0s
 43000K .......... .......... .......... .......... .......... 85% 43.1M 0s
 43050K .......... .......... .......... .......... .......... 85%  108M 0s
 43100K .......... .......... .......... .......... .......... 85% 37.2M 0s
 43150K .......... .......... .......... .......... .......... 85%  120M 0s
 43200K .......... .......... .......... .......... .......... 85%  111M 0s
 43250K .......... .......... .......... .......... .......... 85% 77.6M 0s
 43300K .......... .......... .......... .......... .......... 85%  123M 0s
 43350K .......... .......... .......... .......... .......... 86%  116M 0s
 43400K .......... .......... .......... .......... .......... 86%  121M 0s
 43450K .......... .......... .......... .......... .......... 86% 90.6M 0s
 43500K .......... .......... .......... .......... .......... 86% 93.7M 0s
 43550K .......... .......... .......... .......... .......... 86% 81.3M 0s
 43600K .......... .......... .......... .......... .......... 86% 91.5M 0s
 43650K .......... .......... .......... .......... .......... 86%  126M 0s
 43700K .......... .......... .......... .......... .......... 86%  116M 0s
 43750K .......... .......... .......... .......... .......... 86% 91.2M 0s
 43800K .......... .......... .......... .......... .......... 86%  113M 0s
 43850K .......... .......... .......... .......... .......... 87%  114M 0s
 43900K .......... .......... .......... .......... .......... 87% 86.5M 0s
 43950K .......... .......... .......... .......... .......... 87%  105M 0s
 44000K .......... .......... .......... .......... .......... 87% 90.6M 0s
 44050K .......... .......... .......... .......... .......... 87%  121M 0s
 44100K .......... .......... .......... .......... .......... 87%  106M 0s
 44150K .......... .......... .......... .......... .......... 87%  125M 0s
 44200K .......... .......... .......... .......... .......... 87% 93.6M 0s
 44250K .......... .......... .......... .......... .......... 87% 96.2M 0s
 44300K .......... .......... .......... .......... .......... 87%  106M 0s
 44350K .......... .......... .......... .......... .......... 87%  130M 0s
 44400K .......... .......... .......... .......... .......... 88% 96.5M 0s
 44450K .......... .......... .......... .......... .......... 88%  103M 0s
 44500K .......... .......... .......... .......... .......... 88%  126M 0s
 44550K .......... .......... .......... .......... .......... 88%  101M 0s
 44600K .......... .......... .......... .......... .......... 88%  100M 0s
 44650K .......... .......... .......... .......... .......... 88%  129M 0s
 44700K .......... .......... .......... .......... .......... 88%  118M 0s
 44750K .......... .......... .......... .......... .......... 88% 85.6M 0s
 44800K .......... .......... .......... .......... .......... 88%  148M 0s
 44850K .......... .......... .......... .......... .......... 88%  103M 0s
 44900K .......... .......... .......... .......... .......... 89%  100M 0s
 44950K .......... .......... .......... .......... .......... 89%  129M 0s
 45000K .......... .......... .......... .......... .......... 89%  113M 0s
 45050K .......... .......... .......... .......... .......... 89%  123M 0s
 45100K .......... .......... .......... .......... .......... 89%  125M 0s
 45150K .......... .......... .......... .......... .......... 89% 92.5M 0s
 45200K .......... .......... .......... .......... .......... 89%  101M 0s
 45250K .......... .......... .......... .......... .......... 89%  113M 0s
 45300K .......... .......... .......... .......... .......... 89%  128M 0s
 45350K .......... .......... .......... .......... .......... 89%  101M 0s
 45400K .......... .......... .......... .......... .......... 90%  890K 0s
 45450K .......... .......... .......... .......... .......... 90% 68.0M 0s
 45500K .......... .......... .......... .......... .......... 90% 85.3M 0s
 45550K .......... .......... .......... .......... .......... 90% 74.3M 0s
 45600K .......... .......... .......... .......... .......... 90%  129M 0s
 45650K .......... .......... .......... .......... .......... 90% 63.7M 0s
 45700K .......... .......... .......... .......... .......... 90% 78.2M 0s
 45750K .......... .......... .......... .......... .......... 90% 78.6M 0s
 45800K .......... .......... .......... .......... .......... 90% 78.0M 0s
 45850K .......... .......... .......... .......... .......... 90% 77.3M 0s
 45900K .......... .......... .......... .......... .......... 91% 79.2M 0s
 45950K .......... .......... .......... .......... .......... 91% 75.1M 0s
 46000K .......... .......... .......... .......... .......... 91%  120M 0s
 46050K .......... .......... .......... .......... .......... 91% 86.3M 0s
 46100K .......... .......... .......... .......... .......... 91% 69.6M 0s
 46150K .......... .......... .......... .......... .......... 91% 80.8M 0s
 46200K .......... .......... .......... .......... .......... 91% 75.6M 0s
 46250K .......... .......... .......... .......... .......... 91%  137M 0s
 46300K .......... .......... .......... .......... .......... 91%  132M 0s
 46350K .......... .......... .......... .......... .......... 91%  105M 0s
 46400K .......... .......... .......... .......... .......... 92%  163M 0s
 46450K .......... .......... .......... .......... .......... 92%  228M 0s
 46500K .......... .......... .......... .......... .......... 92%  104M 0s
 46550K .......... .......... .......... .......... .......... 92%  113M 0s
 46600K .......... .......... .......... .......... .......... 92%  113M 0s
 46650K .......... .......... .......... .......... .......... 92%  111M 0s
 46700K .......... .......... .......... .......... .......... 92%  115M 0s
 46750K .......... .......... .......... .......... .......... 92%  122M 0s
 46800K .......... .......... .......... .......... .......... 92%  110M 0s
 46850K .......... .......... .......... .......... .......... 92% 93.9M 0s
 46900K .......... .......... .......... .......... .......... 93%  127M 0s
 46950K .......... .......... .......... .......... .......... 93%  112M 0s
 47000K .......... .......... .......... .......... .......... 93%  129M 0s
 47050K .......... .......... .......... .......... .......... 93%  109M 0s
 47100K .......... .......... .......... .......... .......... 93% 76.9M 0s
 47150K .......... .......... .......... .......... .......... 93%  114M 0s
 47200K .......... .......... .......... .......... .......... 93%  107M 0s
 47250K .......... .......... .......... .......... .......... 93%  118M 0s
 47300K .......... .......... .......... .......... .......... 93% 87.3M 0s
 47350K .......... .......... .......... .......... .......... 93%  127M 0s
 47400K .......... .......... .......... .......... .......... 94% 94.2M 0s
 47450K .......... .......... .......... .......... .......... 94%  105M 0s
 47500K .......... .......... .......... .......... .......... 94%  108M 0s
 47550K .......... .......... .......... .......... .......... 94% 83.5M 0s
 47600K .......... .......... .......... .......... .......... 94%  111M 0s
 47650K .......... .......... .......... .......... .......... 94%  105M 0s
 47700K .......... .......... .......... .......... .......... 94%  127M 0s
 47750K .......... .......... .......... .......... .......... 94%  119M 0s
 47800K .......... .......... .......... .......... .......... 94% 89.2M 0s
 47850K .......... .......... .......... .......... .......... 94% 93.9M 0s
 47900K .......... .......... .......... .......... .......... 95%  146M 0s
 47950K .......... .......... .......... .......... .......... 95% 88.2M 0s
 48000K .......... .......... .......... .......... .......... 95%  915K 0s
 48050K .......... .......... .......... .......... .......... 95% 84.0M 0s
 48100K .......... .......... .......... .......... .......... 95% 18.9M 0s
 48150K .......... .......... .......... .......... .......... 95% 84.9M 0s
 48200K .......... .......... .......... .......... .......... 95% 72.3M 0s
 48250K .......... .......... .......... .......... .......... 95% 79.5M 0s
 48300K .......... .......... .......... .......... .......... 95% 73.8M 0s
 48350K .......... .......... .......... .......... .......... 95% 83.1M 0s
 48400K .......... .......... .......... .......... .......... 96% 79.2M 0s
 48450K .......... .......... .......... .......... .......... 96% 66.6M 0s
 48500K .......... .......... .......... .......... .......... 96% 81.9M 0s
 48550K .......... .......... .......... .......... .......... 96% 45.3M 0s
 48600K .......... .......... .......... .......... .......... 96% 51.1M 0s
 48650K .......... .......... .......... .......... .......... 96% 54.2M 0s
 48700K .......... .......... .......... .......... .......... 96%  134M 0s
 48750K .......... .......... .......... .......... .......... 96%  152M 0s
 48800K .......... .......... .......... .......... .......... 96%  175M 0s
 48850K .......... .......... .......... .......... .......... 96%  161M 0s
 48900K .......... .......... .......... .......... .......... 97%  165M 0s
 48950K .......... .......... .......... .......... .......... 97%  229M 0s
 49000K .......... .......... .......... .......... .......... 97%  183M 0s
 49050K .......... .......... .......... .......... .......... 97%  173M 0s
 49100K .......... .......... .......... .......... .......... 97%  189M 0s
 49150K .......... .......... .......... .......... .......... 97%  163M 0s
 49200K .......... .......... .......... .......... .......... 97%  159M 0s
 49250K .......... .......... .......... .......... .......... 97% 68.4M 0s
 49300K .......... .......... .......... .......... .......... 97% 91.2M 0s
 49350K .......... .......... .......... .......... .......... 97% 71.8M 0s
 49400K .......... .......... .......... .......... .......... 98% 92.3M 0s
 49450K .......... .......... .......... .......... .......... 98%  110M 0s
 49500K .......... .......... .......... .......... .......... 98% 74.4M 0s
 49550K .......... .......... .......... .......... .......... 98% 99.0M 0s
 49600K .......... .......... .......... .......... .......... 98%  113M 0s
 49650K .......... .......... .......... .......... .......... 98%  100M 0s
 49700K .......... .......... .......... .......... .......... 98%  126M 0s
 49750K .......... .......... .......... .......... .......... 98% 81.0M 0s
 49800K .......... .......... .......... .......... .......... 98%  117M 0s
 49850K .......... .......... .......... .......... .......... 98% 71.1M 0s
 49900K .......... .......... .......... .......... .......... 98%  111M 0s
 49950K .......... .......... .......... .......... .......... 99%  115M 0s
 50000K .......... .......... .......... .......... .......... 99%  119M 0s
 50050K .......... .......... .......... .......... .......... 99%  112M 0s
 50100K .......... .......... .......... .......... .......... 99%  113M 0s
 50150K .......... .......... .......... .......... .......... 99% 99.8M 0s
 50200K .......... .......... .......... .......... .......... 99% 77.4M 0s
 50250K .......... .......... .......... .......... .......... 99%  112M 0s
 50300K .......... .......... .......... .......... .......... 99%  113M 0s
 50350K .......... .......... .......... .......... .......... 99%  108M 0s
 50400K .......... .......... .......... .......... .......... 99% 86.2M 0s
 50450K .....                                                 100% 10539G=2.0s

2021-03-27 18:10:05 (24.1 MB/s) - `/tmp/firefox-45.4.0esr.tar.bz2' saved [51666458/51666458]


travis_time:end:151df9b8:start=1616868602262469018,finish=1616868605221161428,duration=2958692410[0K$ export PATH=$HOME/firefox-45.4.0esr/firefox:$PATH
travis_fold:end:install_firefox[0K
[33;1mSetting environment variables from .travis.yml[0m
$ export DISPLAY=:99

$ java -Xmx32m -version
java version "1.8.0_31"
Java(TM) SE Runtime Environment (build 1.8.0_31-b13)
Java HotSpot(TM) 64-Bit Server VM (build 25.31-b07, mixed mode)
$ javac -J-Xmx32m -version
javac 1.8.0_31
travis_fold:start:before_install.1[0Ktravis_time:start:0482fa1a[0K$ wget https://github.com/mozilla/geckodriver/releases/download/v0.11.1/geckodriver-v0.11.1-linux64.tar.gz
--2021-03-27 18:10:12--  https://github.com/mozilla/geckodriver/releases/download/v0.11.1/geckodriver-v0.11.1-linux64.tar.gz
Resolving github.com (github.com)... 192.30.255.113
Connecting to github.com (github.com)|192.30.255.113|:443... connected.
HTTP request sent, awaiting response... 302 Found
Location: https://github-releases.githubusercontent.com/25354393/41cecaf2-8ee8-11e6-82f4-6b74b02d025d?X-Amz-Algorithm=AWS4-HMAC-SHA256&X-Amz-Credential=AKIAIWNJYAX4CSVEH53A%2F20210327%2Fus-east-1%2Fs3%2Faws4_request&X-Amz-Date=20210327T181013Z&X-Amz-Expires=300&X-Amz-Signature=f63fce917f7888bd8b5171f35f947a89cb9a8a7120800636b1a4041fd1d2d3c3&X-Amz-SignedHeaders=host&actor_id=0&key_id=0&repo_id=25354393&response-content-disposition=attachment%3B%20filename%3Dgeckodriver-v0.11.1-linux64.tar.gz&response-content-type=application%2Foctet-stream [following]
--2021-03-27 18:10:13--  https://github-releases.githubusercontent.com/25354393/41cecaf2-8ee8-11e6-82f4-6b74b02d025d?X-Amz-Algorithm=AWS4-HMAC-SHA256&X-Amz-Credential=AKIAIWNJYAX4CSVEH53A%2F20210327%2Fus-east-1%2Fs3%2Faws4_request&X-Amz-Date=20210327T181013Z&X-Amz-Expires=300&X-Amz-Signature=f63fce917f7888bd8b5171f35f947a89cb9a8a7120800636b1a4041fd1d2d3c3&X-Amz-SignedHeaders=host&actor_id=0&key_id=0&repo_id=25354393&response-content-disposition=attachment%3B%20filename%3Dgeckodriver-v0.11.1-linux64.tar.gz&response-content-type=application%2Foctet-stream
Resolving github-releases.githubusercontent.com (github-releases.githubusercontent.com)... 185.199.108.154, 185.199.109.154, 185.199.110.154, ...
Connecting to github-releases.githubusercontent.com (github-releases.githubusercontent.com)|185.199.108.154|:443... connected.
ERROR: no certificate subject alternative name matches
	requested host name `github-releases.githubusercontent.com'.
To connect to github-releases.githubusercontent.com insecurely, use `--no-check-certificate'.

travis_time:end:0482fa1a:start=1616868612824622064,finish=1616868613148957353,duration=324335289[0K
[31;1mThe command "wget https://github.com/mozilla/geckodriver/releases/download/v0.11.1/geckodriver-v0.11.1-linux64.tar.gz" failed and exited with 5 during .[0m

Your build has been stopped.
