travis_fold:start:system_info[0K[33;1mBuild system information[0m
Build language: python
Build group: stable
Build dist: precise
Build id: ''
Job id: ''
[34m[1mBuild image provisioning date and time[0m
Thu Feb  5 15:09:33 UTC 2015
[34m[1mOperating System Details[0m
Distributor ID:	Ubuntu
Description:	Ubuntu 12.04.5 LTS
Release:	12.04
Codename:	precise
[34m[1mLinux Version[0m
3.13.0-29-generic
[34m[1mCookbooks Version[0m
a68419e https://github.com/travis-ci/travis-cookbooks/tree/a68419e
[34m[1mGCC version[0m
gcc (Ubuntu/Linaro 4.6.3-1ubuntu5) 4.6.3
Copyright (C) 2011 Free Software Foundation, Inc.
This is free software; see the source for copying conditions.  There is NO
warranty; not even for MERCHANTABILITY or FITNESS FOR A PARTICULAR PURPOSE.

[34m[1mLLVM version[0m
clang version 3.4 (tags/RELEASE_34/final)
Target: x86_64-unknown-linux-gnu
Thread model: posix
[34m[1mPre-installed Ruby versions[0m
ruby-1.9.3-p551
[34m[1mPre-installed Node.js versions[0m
v0.10.36
[34m[1mPre-installed Go versions[0m
1.4.1
[34m[1mRedis version[0m
redis-server 2.8.19
[34m[1mriak version[0m
2.0.2
[34m[1mMongoDB version[0m
MongoDB 2.4.12
[34m[1mCouchDB version[0m
couchdb 1.6.1
[34m[1mNeo4j version[0m
1.9.4
[34m[1mRabbitMQ Version[0m
3.4.3
[34m[1mElasticSearch version[0m
1.4.0
[34m[1mInstalled Sphinx versions[0m
2.0.10
2.1.9
2.2.6
[34m[1mDefault Sphinx version[0m
2.2.6
[34m[1mInstalled Firefox version[0m
firefox 31.0esr
[34m[1mPhantomJS version[0m
1.9.8
[34m[1mant -version[0m
Apache Ant(TM) version 1.8.2 compiled on December 3 2011
[34m[1mmvn -version[0m
Apache Maven 3.2.5 (12a6b3acb947671f09b81f49094c53f426d8cea1; 2014-12-14T17:29:23+00:00)
Maven home: /usr/local/maven
Java version: 1.7.0_76, vendor: Oracle Corporation
Java home: /usr/lib/jvm/java-7-oracle/jre
Default locale: en_US, platform encoding: ANSI_X3.4-1968
OS name: "linux", version: "3.13.0-29-generic", arch: "amd64", family: "unix"
travis_fold:end:system_info[0K
grep: /etc/apt/sources.list.d/*: No such file or directory
sed: cannot rename /etc/hosts: Device or resource busy
sed: cannot rename /etc/hosts: Device or resource busy
$ cd failed/jacebrowning/doorstop

[33;1mSetting environment variables from .travis.yml[0m
$ export GH_TOKEN=[secure]

travis_time:start:06fa4bbc[0K$ source ~/virtualenv/python3.4/bin/activate

travis_time:end:06fa4bbc:start=1616887366181999761,finish=1616887366276490815,duration=94491054[0K$ python --version
Python 3.4.2
$ pip --version
pip 6.0.7 from /home/travis/virtualenv/python3.4.2/lib/python3.4/site-packages (python 3.4)
travis_fold:start:install[0Ktravis_time:start:148f7046[0K$ pip install coveralls==1.1 scrutinizer-ocular==1.0.3
Collecting coveralls==1.1
  Downloading https://files.pythonhosted.org/packages/81/f9/da2ad9334f60e418cb229c58724330be2635b369676d3eec8f61e1f85faa/coveralls-1.1-py2.py3-none-any.whl
Collecting scrutinizer-ocular==1.0.3
  Downloading https://files.pythonhosted.org/packages/99/0b/12ff6cb2c09192a0cc2db9edf7d70b732b7711de91a1b02bd163c9329f34/scrutinizer-ocular-1.0.3.tar.gz
Collecting requests>=1.0.0 (from coveralls==1.1)
  Downloading https://files.pythonhosted.org/packages/29/c1/24814557f1d22c56d50280771a17307e6bf87b70727d975fd6b2ce6b014a/requests-2.25.1-py2.py3-none-any.whl (61kB)
Collecting docopt>=0.6.1 (from coveralls==1.1)
  Downloading https://files.pythonhosted.org/packages/a2/55/8f8cab2afd404cf578136ef2cc5dfb50baa1761b68c9da1fb1e4eed343c9/docopt-0.6.2.tar.gz
Collecting coverage>=3.6 (from coveralls==1.1)
  Downloading https://files.pythonhosted.org/packages/38/df/d5e67851e83948def768d7fb1a0fd373665b20f56ff63ed220c6cd16cb11/coverage-5.5.tar.gz (691kB)
    /opt/python/3.4.2/lib/python3.4/distutils/dist.py:260: UserWarning: Unknown distribution option: 'project_urls'
      warnings.warn(msg)
    /opt/python/3.4.2/lib/python3.4/distutils/dist.py:260: UserWarning: Unknown distribution option: 'long_description_content_type'
      warnings.warn(msg)
    /opt/python/3.4.2/lib/python3.4/distutils/dist.py:260: UserWarning: Unknown distribution option: 'python_requires'
      warnings.warn(msg)
Collecting argparse>=1.0.0 (from scrutinizer-ocular==1.0.3)
  Downloading https://files.pythonhosted.org/packages/f2/94/3af39d34be01a24a6e65433d19e107099374224905f1e0cc6bbe1fd22a2f/argparse-1.4.0-py2.py3-none-any.whl
Collecting chardet<5,>=3.0.2 (from requests>=1.0.0->coveralls==1.1)
  Downloading https://files.pythonhosted.org/packages/19/c7/fa589626997dd07bd87d9269342ccb74b1720384a4d739a1872bd84fbe68/chardet-4.0.0-py2.py3-none-any.whl (178kB)
Collecting certifi>=2017.4.17 (from requests>=1.0.0->coveralls==1.1)
  Downloading https://files.pythonhosted.org/packages/5e/a0/5f06e1e1d463903cf0c0eebeb751791119ed7a4b3737fdc9a77f1cdfb51f/certifi-2020.12.5-py2.py3-none-any.whl (147kB)
Collecting idna<3,>=2.5 (from requests>=1.0.0->coveralls==1.1)
  Downloading https://files.pythonhosted.org/packages/a2/38/928ddce2273eaa564f6f50de919327bf3a00f091b5baba8dfa9460f3a8a8/idna-2.10-py2.py3-none-any.whl (58kB)
Collecting urllib3<1.27,>=1.21.1 (from requests>=1.0.0->coveralls==1.1)
  Downloading https://files.pythonhosted.org/packages/09/c6/d3e3abe5b4f4f16cf0dfc9240ab7ce10c2baa0e268989a4e3ec19e90c84e/urllib3-1.26.4-py2.py3-none-any.whl (153kB)
Installing collected packages: urllib3, idna, certifi, chardet, argparse, coverage, docopt, requests, scrutinizer-ocular, coveralls





  Running setup.py install for coverage
    building 'coverage.tracer' extension
    gcc -pthread -Wno-unused-result -DNDEBUG -g -fwrapv -O3 -Wall -Wstrict-prototypes -g -fstack-protector --param=ssp-buffer-size=4 -Wformat -Werror=format-security -fPIC -I/opt/python/3.4.2/include/python3.4m -c coverage/ctracer/datastack.c -o build/temp.linux-x86_64-3.4/coverage/ctracer/datastack.o
    gcc -pthread -Wno-unused-result -DNDEBUG -g -fwrapv -O3 -Wall -Wstrict-prototypes -g -fstack-protector --param=ssp-buffer-size=4 -Wformat -Werror=format-security -fPIC -I/opt/python/3.4.2/include/python3.4m -c coverage/ctracer/filedisp.c -o build/temp.linux-x86_64-3.4/coverage/ctracer/filedisp.o
    gcc -pthread -Wno-unused-result -DNDEBUG -g -fwrapv -O3 -Wall -Wstrict-prototypes -g -fstack-protector --param=ssp-buffer-size=4 -Wformat -Werror=format-security -fPIC -I/opt/python/3.4.2/include/python3.4m -c coverage/ctracer/module.c -o build/temp.linux-x86_64-3.4/coverage/ctracer/module.o
    gcc -pthread -Wno-unused-result -DNDEBUG -g -fwrapv -O3 -Wall -Wstrict-prototypes -g -fstack-protector --param=ssp-buffer-size=4 -Wformat -Werror=format-security -fPIC -I/opt/python/3.4.2/include/python3.4m -c coverage/ctracer/tracer.c -o build/temp.linux-x86_64-3.4/coverage/ctracer/tracer.o
    gcc -pthread -shared -L/opt/python/3.4.2/lib -Wl,-rpath=/opt/python/3.4.2/lib build/temp.linux-x86_64-3.4/coverage/ctracer/datastack.o build/temp.linux-x86_64-3.4/coverage/ctracer/filedisp.o build/temp.linux-x86_64-3.4/coverage/ctracer/module.o build/temp.linux-x86_64-3.4/coverage/ctracer/tracer.o -L/opt/python/3.4.2/lib -lpython3.4m -o build/lib.linux-x86_64-3.4/coverage/tracer.cpython-34m.so
    /opt/python/3.4.2/lib/python3.4/distutils/dist.py:260: UserWarning: Unknown distribution option: 'project_urls'
      warnings.warn(msg)
    /opt/python/3.4.2/lib/python3.4/distutils/dist.py:260: UserWarning: Unknown distribution option: 'python_requires'
      warnings.warn(msg)
    /opt/python/3.4.2/lib/python3.4/distutils/dist.py:260: UserWarning: Unknown distribution option: 'long_description_content_type'
      warnings.warn(msg)
    Installing coverage script to /home/travis/virtualenv/python3.4.2/bin
    Installing coverage3 script to /home/travis/virtualenv/python3.4.2/bin
    Installing coverage-3.4 script to /home/travis/virtualenv/python3.4.2/bin
  Running setup.py install for docopt

  Running setup.py install for scrutinizer-ocular
    Installing ocular script to /home/travis/virtualenv/python3.4.2/bin

Successfully installed argparse-1.4.0 certifi-2020.12.5 chardet-4.0.0 coverage-5.5 coveralls-1.1 docopt-0.6.2 idna-2.10 requests-2.25.1 scrutinizer-ocular-1.0.3 urllib3-1.26.4

travis_time:end:148f7046:start=1616887370121023921,finish=1616887379915963728,duration=9794939807[0Ktravis_fold:end:install[0Ktravis_fold:start:before_script.1[0Ktravis_time:start:0bc1af9c[0K$ make env
virtualenv --python python env
Using real prefix '/opt/python/3.4.2'
New python executable in env/bin/python
Installing setuptools, pip...done.
Running virtualenv with interpreter /home/travis/virtualenv/python3.4.2/bin/python
env/bin/pip install --upgrade pip
Collecting pip from https://files.pythonhosted.org/packages/fe/ef/60d7ba03b5c442309ef42e7d69959f73aacccd0d86008362a681c4698e83/pip-21.0.1-py3-none-any.whl#sha256=37fd50e056e2aed635dec96594606f0286640489b0db0ce7607f7e51890372d5
  Downloading https://files.pythonhosted.org/packages/fe/ef/60d7ba03b5c442309ef42e7d69959f73aacccd0d86008362a681c4698e83/pip-21.0.1-py3-none-any.whl (1.5MB)
Installing collected packages: pip
  Found existing installation: pip 6.0.7
    Uninstalling pip-6.0.7:
      Successfully uninstalled pip-6.0.7
  
  
  
  
  
  
  
  
  
  
  
  
  
  
  
  
  
  
  
  
  
  
  
  
  
  
  
  
  
  
  
  
  
  
  
  
  
  
  
  
  
  
  
  
  
  
  
  
  
  
  
  
  
  
  
  
  
  
  
  
  
  
  
  
  
  
  
  
  
  
  
  
  
  
  
  
  
  
  
  
  
  
  
  
  
  
  
  
  
  
  
  
  
  
  
  

Successfully installed pip-21.0.1
VIRTUAL_ENV=env env/bin/python setup.py develop
running develop
running egg_info
creating Doorstop.egg-info
writing top-level names to Doorstop.egg-info/top_level.txt
writing dependency_links to Doorstop.egg-info/dependency_links.txt
writing entry points to Doorstop.egg-info/entry_points.txt
writing Doorstop.egg-info/PKG-INFO
writing requirements to Doorstop.egg-info/requires.txt
writing manifest file 'Doorstop.egg-info/SOURCES.txt'
reading manifest file 'Doorstop.egg-info/SOURCES.txt'
reading manifest template 'MANIFEST.in'
warning: no files found matching '*.rst'
warning: no files found matching '*.txt'
warning: no files found matching '*.rst' under directory 'docs'
warning: no files found matching '*.txt' under directory 'docs'
warning: no directories found matching '*/files'
writing manifest file 'Doorstop.egg-info/SOURCES.txt'
running build_ext
Creating /home/travis/build/failed/jacebrowning/doorstop/env/lib/python3.4/site-packages/Doorstop.egg-link (link to .)
Adding Doorstop 1.2b1 to easy-install.pth file
Installing doorstop-gui script to /home/travis/build/failed/jacebrowning/doorstop/env/bin
Installing doorstop-server script to /home/travis/build/failed/jacebrowning/doorstop/env/bin
Installing doorstop script to /home/travis/build/failed/jacebrowning/doorstop/env/bin

Installed /home/travis/build/failed/jacebrowning/doorstop
Processing dependencies for Doorstop==1.2b1
Searching for pyficache==0.3.1
Reading https://pypi.python.org/simple/pyficache/
Best match: pyficache 0.3.1
Downloading https://files.pythonhosted.org/packages/c1/54/1b4718489d0f361c75b1800447efa43df5462a58d4747c7ce385ed7c6656/pyficache-0.3.1-py3.4.egg#sha256=3bafda326b51729b3e7ea3929b0c72b858d449f14bbbdbf69f3d19fac47c2a5f
Processing pyficache-0.3.1-py3.4.egg
creating /home/travis/build/failed/jacebrowning/doorstop/env/lib/python3.4/site-packages/pyficache-0.3.1-py3.4.egg
Extracting pyficache-0.3.1-py3.4.egg to /home/travis/build/failed/jacebrowning/doorstop/env/lib/python3.4/site-packages
Adding pyficache 0.3.1 to easy-install.pth file

Installed /home/travis/build/failed/jacebrowning/doorstop/env/lib/python3.4/site-packages/pyficache-0.3.1-py3.4.egg
Searching for requests<3,>=2
Reading https://pypi.python.org/simple/requests/
Best match: requests 2.25.1
Downloading https://files.pythonhosted.org/packages/6b/47/c14abc08432ab22dc18b9892252efaf005ab44066de871e72a38d6af464b/requests-2.25.1.tar.gz#sha256=27973dd4a904a4f13b263a19c866c13b92a39ed1c964655f025f3f8d3d75b804
Processing requests-2.25.1.tar.gz
Writing /tmp/easy_install-oktfyzu7/requests-2.25.1/setup.cfg
Running requests-2.25.1/setup.py -q bdist_egg --dist-dir /tmp/easy_install-oktfyzu7/requests-2.25.1/egg-dist-tmp-w3js8u6i
creating /home/travis/build/failed/jacebrowning/doorstop/env/lib/python3.4/site-packages/requests-2.25.1-py3.4.egg
Extracting requests-2.25.1-py3.4.egg to /home/travis/build/failed/jacebrowning/doorstop/env/lib/python3.4/site-packages
Adding requests 2.25.1 to easy-install.pth file

Installed /home/travis/build/failed/jacebrowning/doorstop/env/lib/python3.4/site-packages/requests-2.25.1-py3.4.egg
Searching for bottle==0.12.13
Reading https://pypi.python.org/simple/bottle/
Best match: bottle 0.12.13
Downloading https://files.pythonhosted.org/packages/bd/99/04dc59ced52a8261ee0f965a8968717a255ea84a36013e527944dbf3468c/bottle-0.12.13.tar.gz#sha256=39b751aee0b167be8dffb63ca81b735bbf1dd0905b3bc42761efedee8f123355
Processing bottle-0.12.13.tar.gz
Writing /tmp/easy_install-naye3l0s/bottle-0.12.13/setup.cfg
Running bottle-0.12.13/setup.py -q bdist_egg --dist-dir /tmp/easy_install-naye3l0s/bottle-0.12.13/egg-dist-tmp-41ci_tqh
/opt/python/3.4.2/lib/python3.4/distutils/dist.py:260: UserWarning: Unknown distribution option: 'project_urls'
  warnings.warn(msg)
/opt/python/3.4.2/lib/python3.4/distutils/dist.py:260: UserWarning: Unknown distribution option: 'long_description_content_type'
  warnings.warn(msg)
/opt/python/3.4.2/lib/python3.4/distutils/dist.py:260: UserWarning: Unknown distribution option: 'python_requires'
  warnings.warn(msg)
warning: no files found matching 'LICENSE.txt'
zip_safe flag not set; analyzing archive contents...
__pycache__.bottle.cpython-34: module references __file__
__pycache__.bottle.cpython-34: module references __path__
creating /home/travis/build/failed/jacebrowning/doorstop/env/lib/python3.4/site-packages/bottle-0.12.13-py3.4.egg
Extracting bottle-0.12.13-py3.4.egg to /home/travis/build/failed/jacebrowning/doorstop/env/lib/python3.4/site-packages
Adding bottle 0.12.13 to easy-install.pth file
Installing bottle.py script to /home/travis/build/failed/jacebrowning/doorstop/env/bin

Installed /home/travis/build/failed/jacebrowning/doorstop/env/lib/python3.4/site-packages/bottle-0.12.13-py3.4.egg
Searching for openpyxl!=2.1.0,<3,>=2.1
Reading https://pypi.python.org/simple/openpyxl/
Best match: openpyxl 2.6.4
Downloading https://files.pythonhosted.org/packages/d6/26/eb28e975b7a37aad38d7ec4f7a0f652bdee6ecf36e6bd06f473c5af9b87b/openpyxl-2.6.4.tar.gz#sha256=1d53801678e18d7fe38c116f1ad0c2383a654670c4c8806105b611c92d92f2e3
Processing openpyxl-2.6.4.tar.gz
Writing /tmp/easy_install-j76u8qm3/openpyxl-2.6.4/setup.cfg
Running openpyxl-2.6.4/setup.py -q bdist_egg --dist-dir /tmp/easy_install-j76u8qm3/openpyxl-2.6.4/egg-dist-tmp-6_x7slae
/opt/python/3.4.2/lib/python3.4/distutils/dist.py:260: UserWarning: Unknown distribution option: 'project_urls'
  warnings.warn(msg)
/opt/python/3.4.2/lib/python3.4/distutils/dist.py:260: UserWarning: Unknown distribution option: 'python_requires'
  warnings.warn(msg)
no previously-included directories found matching 'openpyxl/sample'
no previously-included directories found matching 'openpyxl/benchmarks'
no previously-included directories found matching 'openpyxl/develop'
no previously-included directories found matching 'scratchpad'
no previously-included directories found matching 'doc'
zip_safe flag not set; analyzing archive contents...
Moving openpyxl-2.6.4-py3.4.egg to /home/travis/build/failed/jacebrowning/doorstop/env/lib/python3.4/site-packages
Adding openpyxl 2.6.4 to easy-install.pth file

Installed /home/travis/build/failed/jacebrowning/doorstop/env/lib/python3.4/site-packages/openpyxl-2.6.4-py3.4.egg
Searching for Markdown<3,>=2
Reading https://pypi.python.org/simple/Markdown/
Best match: Markdown 2.6.11
Downloading https://files.pythonhosted.org/packages/b3/73/fc5c850f44af5889192dff783b7b0d8f3fe8d30b65c8e3f78f8f0265fecf/Markdown-2.6.11.tar.gz#sha256=a856869c7ff079ad84a3e19cd87a64998350c2b94e9e08e44270faef33400f81
Processing Markdown-2.6.11.tar.gz
Writing /tmp/easy_install-6z5g47_n/Markdown-2.6.11/setup.cfg
Running Markdown-2.6.11/setup.py -q bdist_egg --dist-dir /tmp/easy_install-6z5g47_n/Markdown-2.6.11/egg-dist-tmp-klndsh_s
zip_safe flag not set; analyzing archive contents...
Moving Markdown-2.6.11-py3.4.egg to /home/travis/build/failed/jacebrowning/doorstop/env/lib/python3.4/site-packages
Adding Markdown 2.6.11 to easy-install.pth file
Installing markdown_py script to /home/travis/build/failed/jacebrowning/doorstop/env/bin

Installed /home/travis/build/failed/jacebrowning/doorstop/env/lib/python3.4/site-packages/Markdown-2.6.11-py3.4.egg
Searching for PyYAML<4,>=3.10
Reading https://pypi.python.org/simple/PyYAML/
Best match: PyYAML 3.13
Downloading https://files.pythonhosted.org/packages/9e/a3/1d13970c3f36777c583f136c136f804d70f500168edc1edea6daa7200769/PyYAML-3.13.tar.gz#sha256=3ef3092145e9b70e3ddd2c7ad59bdd0252a94dfe3949721633e41344de00a6bf
Processing PyYAML-3.13.tar.gz
Writing /tmp/easy_install-v1ogxmxa/PyYAML-3.13/setup.cfg
Running PyYAML-3.13/setup.py -q bdist_egg --dist-dir /tmp/easy_install-v1ogxmxa/PyYAML-3.13/egg-dist-tmp-hdsv024d
In file included from ext/_yaml.c:565:0:
ext/_yaml.h:10:0: warning: "PyString_CheckExact" redefined [enabled by default]
ext/_yaml.c:455:0: note: this is the location of the previous definition
ext/_yaml.c: In function ‘__pyx_pf_5_yaml_get_version_string’:
ext/_yaml.c:1818:17: warning: assignment discards ‘const’ qualifier from pointer target type [enabled by default]
ext/_yaml.c: In function ‘__pyx_pf_5_yaml_7CParser___init__’:
ext/_yaml.c:3318:5: warning: passing argument 2 of ‘yaml_parser_set_input’ from incompatible pointer type [enabled by default]
/usr/include/yaml.h:1367:1: note: expected ‘int (*)(void *, unsigned char *, size_t,  size_t *)’ but argument is of type ‘int (*)(void *, char *, size_t,  size_t *)’
ext/_yaml.c:3559:5: warning: pointer targets in passing argument 2 of ‘yaml_parser_set_input_string’ differ in signedness [-Wpointer-sign]
/usr/include/yaml.h:1341:1: note: expected ‘const unsigned char *’ but argument is of type ‘char *’
ext/_yaml.c: In function ‘__pyx_f_5_yaml_7CParser__token_to_object’:
ext/_yaml.c:5457:5: warning: pointer targets in passing argument 1 of ‘PyUnicode_FromString’ differ in signedness [-Wpointer-sign]
/opt/python/3.4.2/include/python3.4m/unicodeobject.h:718:23: note: expected ‘const char *’ but argument is of type ‘yaml_char_t *’
ext/_yaml.c:5469:5: warning: pointer targets in passing argument 1 of ‘PyUnicode_FromString’ differ in signedness [-Wpointer-sign]
/opt/python/3.4.2/include/python3.4m/unicodeobject.h:718:23: note: expected ‘const char *’ but argument is of type ‘yaml_char_t *’
ext/_yaml.c:6583:5: warning: pointer targets in passing argument 1 of ‘PyUnicode_FromString’ differ in signedness [-Wpointer-sign]
/opt/python/3.4.2/include/python3.4m/unicodeobject.h:718:23: note: expected ‘const char *’ but argument is of type ‘yaml_char_t *’
ext/_yaml.c:6675:5: warning: pointer targets in passing argument 1 of ‘PyUnicode_FromString’ differ in signedness [-Wpointer-sign]
/opt/python/3.4.2/include/python3.4m/unicodeobject.h:718:23: note: expected ‘const char *’ but argument is of type ‘yaml_char_t *’
ext/_yaml.c:6767:5: warning: pointer targets in passing argument 1 of ‘PyUnicode_FromString’ differ in signedness [-Wpointer-sign]
/opt/python/3.4.2/include/python3.4m/unicodeobject.h:718:23: note: expected ‘const char *’ but argument is of type ‘yaml_char_t *’
ext/_yaml.c:6779:5: warning: pointer targets in passing argument 1 of ‘PyUnicode_FromString’ differ in signedness [-Wpointer-sign]
/opt/python/3.4.2/include/python3.4m/unicodeobject.h:718:23: note: expected ‘const char *’ but argument is of type ‘yaml_char_t *’
ext/_yaml.c:6911:5: warning: pointer targets in passing argument 1 of ‘PyUnicode_DecodeUTF8’ differ in signedness [-Wpointer-sign]
/opt/python/3.4.2/include/python3.4m/unicodeobject.h:1276:23: note: expected ‘const char *’ but argument is of type ‘yaml_char_t *’
ext/_yaml.c: In function ‘__pyx_f_5_yaml_7CParser__event_to_object’:
ext/_yaml.c:8664:9: warning: pointer targets in passing argument 1 of ‘PyUnicode_FromString’ differ in signedness [-Wpointer-sign]
/opt/python/3.4.2/include/python3.4m/unicodeobject.h:718:23: note: expected ‘const char *’ but argument is of type ‘yaml_char_t *’
ext/_yaml.c:8676:9: warning: pointer targets in passing argument 1 of ‘PyUnicode_FromString’ differ in signedness [-Wpointer-sign]
/opt/python/3.4.2/include/python3.4m/unicodeobject.h:718:23: note: expected ‘const char *’ but argument is of type ‘yaml_char_t *’
ext/_yaml.c:8935:5: warning: pointer targets in passing argument 1 of ‘PyUnicode_FromString’ differ in signedness [-Wpointer-sign]
/opt/python/3.4.2/include/python3.4m/unicodeobject.h:718:23: note: expected ‘const char *’ but argument is of type ‘yaml_char_t *’
ext/_yaml.c:9047:7: warning: pointer targets in passing argument 1 of ‘PyUnicode_FromString’ differ in signedness [-Wpointer-sign]
/opt/python/3.4.2/include/python3.4m/unicodeobject.h:718:23: note: expected ‘const char *’ but argument is of type ‘yaml_char_t *’
ext/_yaml.c:9088:7: warning: pointer targets in passing argument 1 of ‘PyUnicode_FromString’ differ in signedness [-Wpointer-sign]
/opt/python/3.4.2/include/python3.4m/unicodeobject.h:718:23: note: expected ‘const char *’ but argument is of type ‘yaml_char_t *’
ext/_yaml.c:9109:5: warning: pointer targets in passing argument 1 of ‘PyUnicode_DecodeUTF8’ differ in signedness [-Wpointer-sign]
/opt/python/3.4.2/include/python3.4m/unicodeobject.h:1276:23: note: expected ‘const char *’ but argument is of type ‘yaml_char_t *’
ext/_yaml.c:9490:7: warning: pointer targets in passing argument 1 of ‘PyUnicode_FromString’ differ in signedness [-Wpointer-sign]
/opt/python/3.4.2/include/python3.4m/unicodeobject.h:718:23: note: expected ‘const char *’ but argument is of type ‘yaml_char_t *’
ext/_yaml.c:9531:7: warning: pointer targets in passing argument 1 of ‘PyUnicode_FromString’ differ in signedness [-Wpointer-sign]
/opt/python/3.4.2/include/python3.4m/unicodeobject.h:718:23: note: expected ‘const char *’ but argument is of type ‘yaml_char_t *’
ext/_yaml.c:9779:7: warning: pointer targets in passing argument 1 of ‘PyUnicode_FromString’ differ in signedness [-Wpointer-sign]
/opt/python/3.4.2/include/python3.4m/unicodeobject.h:718:23: note: expected ‘const char *’ but argument is of type ‘yaml_char_t *’
ext/_yaml.c:9820:7: warning: pointer targets in passing argument 1 of ‘PyUnicode_FromString’ differ in signedness [-Wpointer-sign]
/opt/python/3.4.2/include/python3.4m/unicodeobject.h:718:23: note: expected ‘const char *’ but argument is of type ‘yaml_char_t *’
ext/_yaml.c: In function ‘__pyx_f_5_yaml_7CParser__compose_node’:
ext/_yaml.c:11517:5: warning: pointer targets in passing argument 1 of ‘PyUnicode_FromString’ differ in signedness [-Wpointer-sign]
/opt/python/3.4.2/include/python3.4m/unicodeobject.h:718:23: note: expected ‘const char *’ but argument is of type ‘yaml_char_t *’
ext/_yaml.c:11837:5: warning: pointer targets in passing argument 1 of ‘PyUnicode_FromString’ differ in signedness [-Wpointer-sign]
/opt/python/3.4.2/include/python3.4m/unicodeobject.h:718:23: note: expected ‘const char *’ but argument is of type ‘yaml_char_t *’
ext/_yaml.c:11893:5: warning: pointer targets in passing argument 1 of ‘PyUnicode_FromString’ differ in signedness [-Wpointer-sign]
/opt/python/3.4.2/include/python3.4m/unicodeobject.h:718:23: note: expected ‘const char *’ but argument is of type ‘yaml_char_t *’
ext/_yaml.c:11949:5: warning: pointer targets in passing argument 1 of ‘PyUnicode_FromString’ differ in signedness [-Wpointer-sign]
/opt/python/3.4.2/include/python3.4m/unicodeobject.h:718:23: note: expected ‘const char *’ but argument is of type ‘yaml_char_t *’
ext/_yaml.c: In function ‘__pyx_f_5_yaml_7CParser__compose_scalar_node’:
ext/_yaml.c:12626:3: warning: pointer targets in passing argument 1 of ‘PyUnicode_DecodeUTF8’ differ in signedness [-Wpointer-sign]
/opt/python/3.4.2/include/python3.4m/unicodeobject.h:1276:23: note: expected ‘const char *’ but argument is of type ‘yaml_char_t *’
ext/_yaml.c:12849:5: warning: pointer targets in passing argument 1 of ‘PyUnicode_FromString’ differ in signedness [-Wpointer-sign]
/opt/python/3.4.2/include/python3.4m/unicodeobject.h:718:23: note: expected ‘const char *’ but argument is of type ‘yaml_char_t *’
ext/_yaml.c: In function ‘__pyx_f_5_yaml_7CParser__compose_sequence_node’:
ext/_yaml.c:13419:5: warning: pointer targets in passing argument 1 of ‘PyUnicode_FromString’ differ in signedness [-Wpointer-sign]
/opt/python/3.4.2/include/python3.4m/unicodeobject.h:718:23: note: expected ‘const char *’ but argument is of type ‘yaml_char_t *’
ext/_yaml.c: In function ‘__pyx_f_5_yaml_7CParser__compose_mapping_node’:
ext/_yaml.c:14052:5: warning: pointer targets in passing argument 1 of ‘PyUnicode_FromString’ differ in signedness [-Wpointer-sign]
/opt/python/3.4.2/include/python3.4m/unicodeobject.h:718:23: note: expected ‘const char *’ but argument is of type ‘yaml_char_t *’
ext/_yaml.c: In function ‘__pyx_pf_5_yaml_8CEmitter___init__’:
ext/_yaml.c:15423:3: warning: passing argument 2 of ‘yaml_emitter_set_output’ from incompatible pointer type [enabled by default]
/usr/include/yaml.h:1829:1: note: expected ‘int (*)(void *, unsigned char *, size_t)’ but argument is of type ‘int (*)(void *, char *, size_t)’
ext/_yaml.c: In function ‘__pyx_f_5_yaml_8CEmitter__object_to_event’:
ext/_yaml.c:16813:44: warning: pointer targets in assignment differ in signedness [-Wpointer-sign]
ext/_yaml.c:16928:44: warning: pointer targets in assignment differ in signedness [-Wpointer-sign]
ext/_yaml.c:17265:5: warning: pointer targets in passing argument 2 of ‘yaml_alias_event_initialize’ differ in signedness [-Wpointer-sign]
/usr/include/yaml.h:553:1: note: expected ‘yaml_char_t *’ but argument is of type ‘char *’
ext/_yaml.c:17980:5: warning: pointer targets in passing argument 2 of ‘yaml_scalar_event_initialize’ differ in signedness [-Wpointer-sign]
/usr/include/yaml.h:578:1: note: expected ‘yaml_char_t *’ but argument is of type ‘char *’
ext/_yaml.c:17980:5: warning: pointer targets in passing argument 3 of ‘yaml_scalar_event_initialize’ differ in signedness [-Wpointer-sign]
/usr/include/yaml.h:578:1: note: expected ‘yaml_char_t *’ but argument is of type ‘char *’
ext/_yaml.c:17980:5: warning: pointer targets in passing argument 4 of ‘yaml_scalar_event_initialize’ differ in signedness [-Wpointer-sign]
/usr/include/yaml.h:578:1: note: expected ‘yaml_char_t *’ but argument is of type ‘char *’
ext/_yaml.c:18414:5: warning: pointer targets in passing argument 2 of ‘yaml_sequence_start_event_initialize’ differ in signedness [-Wpointer-sign]
/usr/include/yaml.h:601:1: note: expected ‘yaml_char_t *’ but argument is of type ‘char *’
ext/_yaml.c:18414:5: warning: pointer targets in passing argument 3 of ‘yaml_sequence_start_event_initialize’ differ in signedness [-Wpointer-sign]
/usr/include/yaml.h:601:1: note: expected ‘yaml_char_t *’ but argument is of type ‘char *’
ext/_yaml.c:18848:5: warning: pointer targets in passing argument 2 of ‘yaml_mapping_start_event_initialize’ differ in signedness [-Wpointer-sign]
/usr/include/yaml.h:633:1: note: expected ‘yaml_char_t *’ but argument is of type ‘char *’
ext/_yaml.c:18848:5: warning: pointer targets in passing argument 3 of ‘yaml_mapping_start_event_initialize’ differ in signedness [-Wpointer-sign]
/usr/include/yaml.h:633:1: note: expected ‘yaml_char_t *’ but argument is of type ‘char *’
ext/_yaml.c: In function ‘__pyx_pf_5_yaml_8CEmitter_12serialize’:
ext/_yaml.c:20317:42: warning: pointer targets in assignment differ in signedness [-Wpointer-sign]
ext/_yaml.c:20432:42: warning: pointer targets in assignment differ in signedness [-Wpointer-sign]
ext/_yaml.c: In function ‘__pyx_f_5_yaml_8CEmitter__serialize_node’:
ext/_yaml.c:21288:5: warning: pointer targets in passing argument 2 of ‘yaml_alias_event_initialize’ differ in signedness [-Wpointer-sign]
/usr/include/yaml.h:553:1: note: expected ‘yaml_char_t *’ but argument is of type ‘char *’
ext/_yaml.c:22099:7: warning: pointer targets in passing argument 2 of ‘yaml_scalar_event_initialize’ differ in signedness [-Wpointer-sign]
/usr/include/yaml.h:578:1: note: expected ‘yaml_char_t *’ but argument is of type ‘char *’
ext/_yaml.c:22099:7: warning: pointer targets in passing argument 3 of ‘yaml_scalar_event_initialize’ differ in signedness [-Wpointer-sign]
/usr/include/yaml.h:578:1: note: expected ‘yaml_char_t *’ but argument is of type ‘char *’
ext/_yaml.c:22099:7: warning: pointer targets in passing argument 4 of ‘yaml_scalar_event_initialize’ differ in signedness [-Wpointer-sign]
/usr/include/yaml.h:578:1: note: expected ‘yaml_char_t *’ but argument is of type ‘char *’
ext/_yaml.c:22486:7: warning: pointer targets in passing argument 2 of ‘yaml_sequence_start_event_initialize’ differ in signedness [-Wpointer-sign]
/usr/include/yaml.h:601:1: note: expected ‘yaml_char_t *’ but argument is of type ‘char *’
ext/_yaml.c:22486:7: warning: pointer targets in passing argument 3 of ‘yaml_sequence_start_event_initialize’ differ in signedness [-Wpointer-sign]
/usr/include/yaml.h:601:1: note: expected ‘yaml_char_t *’ but argument is of type ‘char *’
ext/_yaml.c:23016:7: warning: pointer targets in passing argument 2 of ‘yaml_mapping_start_event_initialize’ differ in signedness [-Wpointer-sign]
/usr/include/yaml.h:633:1: note: expected ‘yaml_char_t *’ but argument is of type ‘char *’
ext/_yaml.c:23016:7: warning: pointer targets in passing argument 3 of ‘yaml_mapping_start_event_initialize’ differ in signedness [-Wpointer-sign]
/usr/include/yaml.h:633:1: note: expected ‘yaml_char_t *’ but argument is of type ‘char *’
zip_safe flag not set; analyzing archive contents...
__pycache__._yaml.cpython-34: module references __file__
creating /home/travis/build/failed/jacebrowning/doorstop/env/lib/python3.4/site-packages/PyYAML-3.13-py3.4-linux-x86_64.egg
Extracting PyYAML-3.13-py3.4-linux-x86_64.egg to /home/travis/build/failed/jacebrowning/doorstop/env/lib/python3.4/site-packages
Adding PyYAML 3.13 to easy-install.pth file

Installed /home/travis/build/failed/jacebrowning/doorstop/env/lib/python3.4/site-packages/PyYAML-3.13-py3.4-linux-x86_64.egg
Searching for pygments>=2.0
Reading https://pypi.python.org/simple/pygments/
Best match: Pygments 2.8.1
Downloading https://files.pythonhosted.org/packages/15/9d/bc9047ca1eee944cc245f3649feea6eecde3f38011ee9b8a6a64fb7088cd/Pygments-2.8.1.tar.gz#sha256=2656e1a6edcdabf4275f9a3640db59fd5de107d88e8663c5d4e9a0fa62f77f94
Processing Pygments-2.8.1.tar.gz
Writing /tmp/easy_install-9qr1ckhc/Pygments-2.8.1/setup.cfg
Running Pygments-2.8.1/setup.py -q bdist_egg --dist-dir /tmp/easy_install-9qr1ckhc/Pygments-2.8.1/egg-dist-tmp-tv0fwbwu
warning: install_lib: 'build/lib' does not exist -- no Python modules to install

zip_safe flag not set; analyzing archive contents...
Moving UNKNOWN-0.0.0-py3.4.egg to /home/travis/build/failed/jacebrowning/doorstop/env/lib/python3.4/site-packages
Adding UNKNOWN 0.0.0 to easy-install.pth file

Installed /home/travis/build/failed/jacebrowning/doorstop/env/lib/python3.4/site-packages/UNKNOWN-0.0.0-py3.4.egg
error: Could not find required distribution pygments>=2.0
make: *** [Doorstop.egg-info] Error 1

travis_time:end:0bc1af9c:start=1616887379925856764,finish=1616887406055027937,duration=26129171173[0K
[31;1mThe command "make env" failed and exited with 2 during .[0m

Your build has been stopped.
