travis_fold:start:system_info[0K[33;1mBuild system information[0m
Build language: python
Build group: stable
Build dist: trusty
Build id: ''
Job id: ''
[34m[1mBuild image provisioning date and time[0m
Tue Dec  5 20:11:19 UTC 2017
[34m[1mOperating System Details[0m
Distributor ID:	Ubuntu
Description:	Ubuntu 14.04.5 LTS
Release:	14.04
Codename:	trusty
[34m[1mCookbooks Version[0m
7c2c6a6 https://github.com/travis-ci/travis-cookbooks/tree/7c2c6a6
[34m[1mgit version[0m
git version 2.15.1
[34m[1mbash version[0m
GNU bash, version 4.3.11(1)-release (x86_64-pc-linux-gnu)
[34m[1mgcc version[0m
gcc (Ubuntu 4.8.4-2ubuntu1~14.04.3) 4.8.4
Copyright (C) 2013 Free Software Foundation, Inc.
This is free software; see the source for copying conditions.  There is NO
warranty; not even for MERCHANTABILITY or FITNESS FOR A PARTICULAR PURPOSE.

[34m[1mdocker version[0m
Client:
 Version:      17.09.0-ce
 API version:  1.32
 Go version:   go1.8.3
 Git commit:   afdb6d4
 Built:        Tue Sep 26 22:39:28 2017
 OS/Arch:      linux/amd64
[34m[1mclang version[0m
clang version 5.0.0 (tags/RELEASE_500/final)
Target: x86_64-unknown-linux-gnu
Thread model: posix
InstalledDir: /usr/local/clang-5.0.0/bin
[34m[1mjq version[0m
jq-1.5
[34m[1mbats version[0m
Bats 0.4.0
[34m[1mshellcheck version[0m
0.4.6
[34m[1mshfmt version[0m
v2.0.0
[34m[1mccache version[0m
ccache version 3.1.9

Copyright (C) 2002-2007 Andrew Tridgell
Copyright (C) 2009-2011 Joel Rosdahl

This program is free software; you can redistribute it and/or modify it under
the terms of the GNU General Public License as published by the Free Software
Foundation; either version 3 of the License, or (at your option) any later
version.
[34m[1mcmake version[0m
cmake version 3.9.2

CMake suite maintained and supported by Kitware (kitware.com/cmake).
[34m[1mheroku version[0m
heroku-cli/6.14.39-addc925 (linux-x64) node-v9.2.0
[34m[1mimagemagick version[0m
Version: ImageMagick 6.7.7-10 2017-07-31 Q16 http://www.imagemagick.org
[34m[1mmd5deep version[0m
4.2
[34m[1mmercurial version[0m
Mercurial Distributed SCM (version 4.2.2)
(see https://mercurial-scm.org for more information)

Copyright (C) 2005-2017 Matt Mackall and others
This is free software; see the source for copying conditions. There is NO
warranty; not even for MERCHANTABILITY or FITNESS FOR A PARTICULAR PURPOSE.
[34m[1mmysql version[0m
mysql  Ver 14.14 Distrib 5.6.33, for debian-linux-gnu (x86_64) using  EditLine wrapper
[34m[1mopenssl version[0m
OpenSSL 1.0.1f 6 Jan 2014
[34m[1mpacker version[0m
Packer v1.0.2

Your version of Packer is out of date! The latest version
is 1.1.2. You can update by downloading from www.packer.io
[34m[1mpostgresql client version[0m
psql (PostgreSQL) 9.6.6
[34m[1mragel version[0m
Ragel State Machine Compiler version 6.8 Feb 2013
Copyright (c) 2001-2009 by Adrian Thurston
[34m[1msubversion version[0m
svn, version 1.8.8 (r1568071)
   compiled Aug 10 2017, 17:20:39 on x86_64-pc-linux-gnu

Copyright (C) 2013 The Apache Software Foundation.
This software consists of contributions made by many people;
see the NOTICE file for more information.
Subversion is open source software, see http://subversion.apache.org/

The following repository access (RA) modules are available:

* ra_svn : Module for accessing a repository using the svn network protocol.
  - with Cyrus SASL authentication
  - handles 'svn' scheme
* ra_local : Module for accessing a repository on local disk.
  - handles 'file' scheme
* ra_serf : Module for accessing a repository via WebDAV protocol using serf.
  - using serf 1.3.3
  - handles 'http' scheme
  - handles 'https' scheme

[34m[1msudo version[0m
Sudo version 1.8.9p5
Configure options: --prefix=/usr -v --with-all-insults --with-pam --with-fqdn --with-logging=syslog --with-logfac=authpriv --with-env-editor --with-editor=/usr/bin/editor --with-timeout=15 --with-password-timeout=0 --with-passprompt=[sudo] password for %p:  --without-lecture --with-tty-tickets --disable-root-mailer --enable-admin-flag --with-sendmail=/usr/sbin/sendmail --with-timedir=/var/lib/sudo --mandir=/usr/share/man --libexecdir=/usr/lib/sudo --with-sssd --with-sssd-lib=/usr/lib/x86_64-linux-gnu --with-selinux
Sudoers policy plugin version 1.8.9p5
Sudoers file grammar version 43

Sudoers path: /etc/sudoers
Authentication methods: 'pam'
Syslog facility if syslog is being used for logging: authpriv
Syslog priority to use when user authenticates successfully: notice
Syslog priority to use when user authenticates unsuccessfully: alert
Send mail if the user is not in sudoers
Use a separate timestamp for each user/tty combo
Lecture user the first time they run sudo
Root may run sudo
Allow some information gathering to give useful error messages
Require fully-qualified hostnames in the sudoers file
Visudo will honor the EDITOR environment variable
Set the LOGNAME and USER environment variables
Length at which to wrap log file lines (0 for no wrap): 80
Authentication timestamp timeout: 15.0 minutes
Password prompt timeout: 0.0 minutes
Number of tries to enter a password: 3
Umask to use or 0777 to use user's: 022
Path to mail program: /usr/sbin/sendmail
Flags for mail program: -t
Address to send mail to: root
Subject line for mail messages: *** SECURITY information for %h ***
Incorrect password message: Sorry, try again.
Path to authentication timestamp dir: /var/lib/sudo
Default password prompt: [sudo] password for %p: 
Default user to run commands as: root
Value to override user's $PATH with: /usr/local/sbin:/usr/local/bin:/usr/sbin:/usr/bin:/sbin:/bin:/snap/bin
Path to the editor for use by visudo: /usr/bin/editor
When to require a password for 'list' pseudocommand: any
When to require a password for 'verify' pseudocommand: all
File descriptors >= 3 will be closed before executing a command
Environment variables to check for sanity:
	TZ
	TERM
	LINGUAS
	LC_*
	LANGUAGE
	LANG
	COLORTERM
Environment variables to remove:
	RUBYOPT
	RUBYLIB
	PYTHONUSERBASE
	PYTHONINSPECT
	PYTHONPATH
	PYTHONHOME
	TMPPREFIX
	ZDOTDIR
	READNULLCMD
	NULLCMD
	FPATH
	PERL5DB
	PERL5OPT
	PERL5LIB
	PERLLIB
	PERLIO_DEBUG 
	JAVA_TOOL_OPTIONS
	SHELLOPTS
	GLOBIGNORE
	PS4
	BASH_ENV
	ENV
	TERMCAP
	TERMPATH
	TERMINFO_DIRS
	TERMINFO
	_RLD*
	LD_*
	PATH_LOCALE
	NLSPATH
	HOSTALIASES
	RES_OPTIONS
	LOCALDOMAIN
	CDPATH
	IFS
Environment variables to preserve:
	JAVA_HOME
	TRAVIS
	CI
	DEBIAN_FRONTEND
	XAUTHORIZATION
	XAUTHORITY
	PS2
	PS1
	PATH
	LS_COLORS
	KRB5CCNAME
	HOSTNAME
	HOME
	DISPLAY
	COLORS
Locale to use while parsing sudoers: C
Directory in which to store input/output logs: /var/log/sudo-io
File in which to store the input/output log: %{seq}
Add an entry to the utmp/utmpx file when allocating a pty
PAM service name to use
PAM service name to use for login shells
Create a new PAM session for the command to run in
Maximum I/O log sequence number: 0

Local IP address and netmask pairs:
	172.17.0.2/255.255.0.0

Sudoers I/O plugin version 1.8.9p5
[34m[1mgzip version[0m
gzip 1.6
Copyright (C) 2007, 2010, 2011 Free Software Foundation, Inc.
Copyright (C) 1993 Jean-loup Gailly.
This is free software.  You may redistribute copies of it under the terms of
the GNU General Public License <http://www.gnu.org/licenses/gpl.html>.
There is NO WARRANTY, to the extent permitted by law.

Written by Jean-loup Gailly.
[34m[1mzip version[0m
Copyright (c) 1990-2008 Info-ZIP - Type 'zip "-L"' for software license.
This is Zip 3.0 (July 5th 2008), by Info-ZIP.
Currently maintained by E. Gordon.  Please send bug reports to
the authors using the web page at www.info-zip.org; see README for details.

Latest sources and executables are at ftp://ftp.info-zip.org/pub/infozip,
as of above date; see http://www.info-zip.org/ for other sites.

Compiled with gcc 4.8.2 for Unix (Linux ELF) on Oct 21 2013.

Zip special compilation options:
	USE_EF_UT_TIME       (store Universal Time)
	BZIP2_SUPPORT        (bzip2 library version 1.0.6, 6-Sept-2010)
	    bzip2 code and library copyright (c) Julian R Seward
	    (See the bzip2 license for terms of use)
	SYMLINK_SUPPORT      (symbolic links supported)
	LARGE_FILE_SUPPORT   (can read and write large files on file system)
	ZIP64_SUPPORT        (use Zip64 to store large files in archives)
	UNICODE_SUPPORT      (store and read UTF-8 Unicode paths)
	STORE_UNIX_UIDs_GIDs (store UID/GID sizes/values using new extra field)
	UIDGID_NOT_16BIT     (old Unix 16-bit UID/GID extra field not used)
	[encryption, version 2.91 of 05 Jan 2007] (modified for Zip 3)

Encryption notice:
	The encryption code of this program is not copyrighted and is
	put in the public domain.  It was originally written in Europe
	and, to the best of our knowledge, can be freely distributed
	in both source and object forms from any country, including
	the USA under License Exception TSU of the U.S. Export
	Administration Regulations (section 740.13(e)) of 6 June 2002.

Zip environment options:
             ZIP:  [none]
          ZIPOPT:  [none]
[34m[1mvim version[0m
VIM - Vi IMproved 7.4 (2013 Aug 10, compiled Nov 24 2016 16:43:18)
Included patches: 1-52
Extra patches: 8.0.0056
Modified by pkg-vim-maintainers@lists.alioth.debian.org
Compiled by buildd@
Huge version without GUI.  Features included (+) or not (-):
+acl             +farsi           +mouse_netterm   +syntax
+arabic          +file_in_path    +mouse_sgr       +tag_binary
+autocmd         +find_in_path    -mouse_sysmouse  +tag_old_static
-balloon_eval    +float           +mouse_urxvt     -tag_any_white
-browse          +folding         +mouse_xterm     -tcl
++builtin_terms  -footer          +multi_byte      +terminfo
+byte_offset     +fork()          +multi_lang      +termresponse
+cindent         +gettext         -mzscheme        +textobjects
-clientserver    -hangul_input    +netbeans_intg   +title
-clipboard       +iconv           +path_extra      -toolbar
+cmdline_compl   +insert_expand   -perl            +user_commands
+cmdline_hist    +jumplist        +persistent_undo +vertsplit
+cmdline_info    +keymap          +postscript      +virtualedit
+comments        +langmap         +printer         +visual
+conceal         +libcall         +profile         +visualextra
+cryptv          +linebreak       +python          +viminfo
+cscope          +lispindent      -python3         +vreplace
+cursorbind      +listcmds        +quickfix        +wildignore
+cursorshape     +localmap        +reltime         +wildmenu
+dialog_con      -lua             +rightleft       +windows
+diff            +menu            -ruby            +writebackup
+digraphs        +mksession       +scrollbind      -X11
-dnd             +modify_fname    +signs           -xfontset
-ebcdic          +mouse           +smartindent     -xim
+emacs_tags      -mouseshape      -sniff           -xsmp
+eval            +mouse_dec       +startuptime     -xterm_clipboard
+ex_extra        +mouse_gpm       +statusline      -xterm_save
+extra_search    -mouse_jsbterm   -sun_workshop    -xpm
   system vimrc file: "$VIM/vimrc"
     user vimrc file: "$HOME/.vimrc"
 2nd user vimrc file: "~/.vim/vimrc"
      user exrc file: "$HOME/.exrc"
  fall-back for $VIM: "/usr/share/vim"
Compilation: gcc -c -I. -Iproto -DHAVE_CONFIG_H     -g -O2 -fstack-protector --param=ssp-buffer-size=4 -Wformat -Werror=format-security -U_FORTIFY_SOURCE -D_FORTIFY_SOURCE=1      
Linking: gcc   -Wl,-Bsymbolic-functions -Wl,-z,relro -Wl,--as-needed -o vim        -lm -ltinfo -lnsl  -lselinux  -lacl -lattr -lgpm -ldl    -L/usr/lib/python2.7/config-x86_64-linux-gnu -lpython2.7 -lpthread -ldl -lutil -lm -Xlinker -export-dynamic -Wl,-O1 -Wl,-Bsymbolic-functions      
[34m[1miptables version[0m
iptables v1.4.21
[34m[1mcurl version[0m
curl 7.35.0 (x86_64-pc-linux-gnu) libcurl/7.35.0 OpenSSL/1.0.1f zlib/1.2.8 libidn/1.28 librtmp/2.3
[34m[1mwget version[0m
GNU Wget 1.15 built on linux-gnu.
[34m[1mrsync version[0m
rsync  version 3.1.0  protocol version 31
[34m[1mgimme version[0m
v1.2.0
[34m[1mnvm version[0m
0.33.6
[34m[1mperlbrew version[0m
/home/travis/perl5/perlbrew/bin/perlbrew  - App::perlbrew/0.80
[34m[1mphpenv version[0m
rbenv 1.1.1-25-g6aa70b6
[34m[1mrvm version[0m
rvm 1.29.3 (latest) by Michal Papis, Piotr Kuczynski, Wayne E. Seguin [https://rvm.io]
[34m[1mdefault ruby version[0m
ruby 2.4.1p111 (2017-03-22 revision 58053) [x86_64-linux]
[34m[1mCouchDB version[0m
couchdb 1.6.1
[34m[1mElasticSearch version[0m
5.5.0
[34m[1mInstalled Firefox version[0m
firefox 56.0.2
[34m[1mMongoDB version[0m
MongoDB 3.4.10
[34m[1mPhantomJS version[0m
2.1.1
[34m[1mPre-installed PostgreSQL versions[0m
9.2.24
9.3.20
9.4.15
9.5.10
9.6.6
[34m[1mRabbitMQ Version[0m
3.6.14
[34m[1mRedis version[0m
redis-server 4.0.6
[34m[1mriak version[0m
2.2.3
[34m[1mPre-installed Go versions[0m
1.7.4
[34m[1mant version[0m
Apache Ant(TM) version 1.9.3 compiled on April 8 2014
[34m[1mmvn version[0m
Apache Maven 3.5.2 (138edd61fd100ec658bfa2d307c43b76940a5d7d; 2017-10-18T07:58:13Z)
Maven home: /usr/local/maven-3.5.2
Java version: 1.8.0_151, vendor: Oracle Corporation
Java home: /usr/lib/jvm/java-8-oracle/jre
Default locale: en_US, platform encoding: UTF-8
OS name: "linux", version: "4.4.0-101-generic", arch: "amd64", family: "unix"
[34m[1mgradle version[0m

------------------------------------------------------------
Gradle 4.0.1
------------------------------------------------------------

Build time:   2017-07-07 14:02:41 UTC
Revision:     38e5dc0f772daecca1d2681885d3d85414eb6826

Groovy:       2.4.11
Ant:          Apache Ant(TM) version 1.9.6 compiled on June 29 2015
JVM:          1.8.0_151 (Oracle Corporation 25.151-b12)
OS:           Linux 4.4.0-101-generic amd64

[34m[1mlein version[0m
Leiningen 2.8.1 on Java 1.8.0_151 Java HotSpot(TM) 64-Bit Server VM
[34m[1mPre-installed Node.js versions[0m
v4.8.6
v6.12.0
v6.12.1
v8.9
v8.9.1
[34m[1mphpenv versions[0m
  system
  5.6
* 5.6.32 (set by /home/travis/.phpenv/version)
  7.0
  7.0.25
  7.1
  7.1.11
  hhvm
  hhvm-stable
[34m[1mcomposer --version[0m
Composer version 1.5.2 2017-09-11 16:59:25
[34m[1mPre-installed Ruby versions[0m
ruby-2.2.7
ruby-2.3.4
ruby-2.4.1
travis_fold:end:system_info[0K
W: GPG error: http://dl.google.com/linux/chrome/deb stable InRelease: The following signatures couldn't be verified because the public key is not available: NO_PUBKEY 78BD65473CB3BD13
W: The repository 'http://dl.google.com/linux/chrome/deb stable InRelease' is not signed.
W: There is no public key available for the following key IDs:
78BD65473CB3BD13  
W: GPG error: http://repo.mongodb.org/apt/ubuntu trusty/mongodb-org/3.4 Release: The following signatures were invalid: KEYEXPIRED 1515625755
W: The repository 'http://repo.mongodb.org/apt/ubuntu trusty/mongodb-org/3.4 Release' is not signed.
W: GPG error: https://packagecloud.io/github/git-lfs/ubuntu trusty InRelease: The following signatures couldn't be verified because the public key is not available: NO_PUBKEY 6B05F25D762E3157
W: The repository 'https://packagecloud.io/github/git-lfs/ubuntu trusty InRelease' is not signed.
W: There is no public key available for the following key IDs:
6B05F25D762E3157  
W: The repository 'https://packagecloud.io/basho/riak/ubuntu trusty Release' does not have a Release file.
W: GPG error: https://packagecloud.io/rabbitmq/rabbitmq-server/ubuntu trusty InRelease: The following signatures couldn't be verified because the public key is not available: NO_PUBKEY F6609E60DC62814E
W: The repository 'https://packagecloud.io/rabbitmq/rabbitmq-server/ubuntu trusty InRelease' is not signed.
W: There is no public key available for the following key IDs:
F6609E60DC62814E  
W: http://ppa.launchpad.net/couchdb/stable/ubuntu/dists/trusty/Release.gpg: Signature by key 15866BAFD9BCC4F3C1E0DFC7D69548E1C17EAB57 uses weak digest algorithm (SHA1)
E: Failed to fetch https://packagecloud.io/basho/riak/ubuntu/dists/trusty/main/source/Sources  HttpError402
E: Failed to fetch https://packagecloud.io/basho/riak/ubuntu/dists/trusty/main/binary-amd64/Packages  HttpError402
E: Failed to fetch https://packagecloud.io/basho/riak/ubuntu/dists/trusty/main/binary-i386/Packages  HttpError402
E: Some index files failed to download. They have been ignored, or old ones used instead.
sed: cannot rename /etc/hosts: Device or resource busy
sed: cannot rename /etc/hosts: Device or resource busy
$ cd failed/jkenlooper/chill
travis_time:start:0ae54bc4[0K$ source ~/virtualenv/python2.7/bin/activate

travis_time:end:0ae54bc4:start=1616888437157859072,finish=1616888437173998470,duration=16139398[0K$ python --version
Python 2.7.14
$ pip --version
pip 9.0.1 from /home/travis/virtualenv/python2.7.14/lib/python2.7/site-packages (python 2.7)
travis_fold:start:install[0Ktravis_time:start:0f03f195[0K$ pip install .
Processing /home/travis/build/failed/jkenlooper/chill
Requirement already satisfied: setuptools in /home/travis/virtualenv/python2.7.14/lib/python2.7/site-packages (from chill==0.3.3)
Collecting docutils (from chill==0.3.3)
  Downloading https://files.pythonhosted.org/packages/81/44/8a15e45ffa96e6cf82956dd8d7af9e666357e16b0d93b253903475ee947f/docutils-0.16-py2.py3-none-any.whl (548kB)
Collecting Flask==0.10.1 (from chill==0.3.3)
  Downloading https://files.pythonhosted.org/packages/db/9c/149ba60c47d107f85fe52564133348458f093dd5e6b57a5b60ab9ac517bb/Flask-0.10.1.tar.gz (544kB)
Collecting Jinja2 (from chill==0.3.3)
  Downloading https://files.pythonhosted.org/packages/7e/c2/1eece8c95ddbc9b1aeb64f5783a9e07a286de42191b7204d67b7496ddf35/Jinja2-2.11.3-py2.py3-none-any.whl (125kB)
Collecting Flask-Cache (from chill==0.3.3)
  Downloading https://files.pythonhosted.org/packages/91/c4/f71095437bd4b691c63f240e72a20c57e2c216085cbc271f79665885d3da/Flask-Cache-0.13.1.tar.gz (45kB)
Collecting Frozen-Flask (from chill==0.3.3)
  Downloading https://files.pythonhosted.org/packages/94/f7/d04d4ee76a9ceb4c1dc1846e86d8784b72e38179fd5f468b61e77bb52296/Frozen_Flask-0.15-py2.py3-none-any.whl
Collecting Flask-Markdown (from chill==0.3.3)
  Downloading https://files.pythonhosted.org/packages/08/b0/8149a3c43418220386c0968713282fc0a3a4ef9fef991f7af2173b52505a/Flask-Markdown-0.3.tar.gz (165kB)
Collecting psycopg2 (from chill==0.3.3)
  Downloading https://files.pythonhosted.org/packages/fd/ae/98cb7a0cbb1d748ee547b058b14604bd0e9bf285a8e0cc5d148f8a8a952e/psycopg2-2.8.6.tar.gz (383kB)
Collecting records (from chill==0.3.3)
  Downloading https://files.pythonhosted.org/packages/ef/93/2467c761ea3729713ab97842a46cc125ad09d14a0a174cb637bee4983911/records-0.5.3-py2.py3-none-any.whl
Collecting PyYAML (from chill==0.3.3)
  Downloading https://files.pythonhosted.org/packages/ba/d4/3cf562876e0cda0405e65d351b835077ab13990e5b92912ef2bf1a2280e0/PyYAML-5.4.1-cp27-cp27mu-manylinux1_x86_64.whl (574kB)
Collecting gevent (from chill==0.3.3)
  Downloading https://files.pythonhosted.org/packages/0b/50/1b1175ea3a269b5fa3f0f7fed11149888180695bef5fbf568adbb196efaf/gevent-21.1.2.tar.gz (5.9MB)
Collecting docopt (from chill==0.3.3)
  Downloading https://files.pythonhosted.org/packages/a2/55/8f8cab2afd404cf578136ef2cc5dfb50baa1761b68c9da1fb1e4eed343c9/docopt-0.6.2.tar.gz
Collecting pyselect (from chill==0.3.3)
  Downloading https://files.pythonhosted.org/packages/aa/f1/8bc22d6f07dd30f44e1312ccd168a15174af8617005ef67bdb3db58d58e6/pyselect-0.2.0-py2.py3-none-any.whl
Collecting MarkupSafe (from chill==0.3.3)
  Downloading https://files.pythonhosted.org/packages/fb/40/f3adb7cf24a8012813c5edb20329eb22d5d8e2a0ecf73d21d6b85865da11/MarkupSafe-1.1.1-cp27-cp27mu-manylinux1_x86_64.whl
Collecting Werkzeug>=0.7 (from Flask==0.10.1->chill==0.3.3)
  Downloading https://files.pythonhosted.org/packages/cc/94/5f7079a0e00bd6863ef8f1da638721e9da21e5bacee597595b318f71d62e/Werkzeug-1.0.1-py2.py3-none-any.whl (298kB)
Collecting itsdangerous>=0.21 (from Flask==0.10.1->chill==0.3.3)
  Downloading https://files.pythonhosted.org/packages/76/ae/44b03b253d6fade317f32c24d100b3b35c2239807046a4c953c7b89fa49e/itsdangerous-1.1.0-py2.py3-none-any.whl
Collecting markdown (from Flask-Markdown->chill==0.3.3)
  Downloading https://files.pythonhosted.org/packages/c0/4e/fd492e91abdc2d2fcb70ef453064d980688762079397f779758e055f6575/Markdown-3.1.1-py2.py3-none-any.whl (87kB)
Collecting openpyxl<2.5.0 (from records->chill==0.3.3)
  Downloading https://files.pythonhosted.org/packages/77/26/0bd1a39776f53b4f28e5bb1d26b3fcd99068584a7e1ddca4e09c0d5fd592/openpyxl-2.4.11.tar.gz (158kB)
Collecting tablib>=0.11.4 (from records->chill==0.3.3)
  Downloading https://files.pythonhosted.org/packages/79/ec/69c399f5978012e1fd1fe0778d9855bbf43780a18345b64f4ec477b67ba5/tablib-0.14.0.tar.gz (76kB)
    Complete output from command python setup.py egg_info:
    /tmp/easy_install-K9h4Vy/setuptools_scm-6.0.1/src
    <pkg_resources.WorkingSet object at 0x7ffaf0d09b90>
    Traceback (most recent call last):
      File "<string>", line 1, in <module>
      File "/tmp/pip-build-IQRtc0/tablib/setup.py", line 55, in <module>
        'pandas': ['pandas'],
      File "/home/travis/virtualenv/python2.7.14/lib/python2.7/site-packages/setuptools/__init__.py", line 128, in setup
        _install_setup_requires(attrs)
      File "/home/travis/virtualenv/python2.7.14/lib/python2.7/site-packages/setuptools/__init__.py", line 123, in _install_setup_requires
        dist.fetch_build_eggs(dist.setup_requires)
      File "/home/travis/virtualenv/python2.7.14/lib/python2.7/site-packages/setuptools/dist.py", line 455, in fetch_build_eggs
        replace_conflicting=True,
      File "/home/travis/virtualenv/python2.7.14/lib/python2.7/site-packages/pkg_resources/__init__.py", line 866, in resolve
        replace_conflicting=replace_conflicting
      File "/home/travis/virtualenv/python2.7.14/lib/python2.7/site-packages/pkg_resources/__init__.py", line 1146, in best_match
        return self.obtain(req, installer)
      File "/home/travis/virtualenv/python2.7.14/lib/python2.7/site-packages/pkg_resources/__init__.py", line 1158, in obtain
        return installer(requirement)
      File "/home/travis/virtualenv/python2.7.14/lib/python2.7/site-packages/setuptools/dist.py", line 522, in fetch_build_egg
        return cmd.easy_install(req)
      File "/home/travis/virtualenv/python2.7.14/lib/python2.7/site-packages/setuptools/command/easy_install.py", line 673, in easy_install
        return self.install_item(spec, dist.location, tmpdir, deps)
      File "/home/travis/virtualenv/python2.7.14/lib/python2.7/site-packages/setuptools/command/easy_install.py", line 699, in install_item
        dists = self.install_eggs(spec, download, tmpdir)
      File "/home/travis/virtualenv/python2.7.14/lib/python2.7/site-packages/setuptools/command/easy_install.py", line 882, in install_eggs
        return self.build_and_install(setup_script, setup_base)
      File "/home/travis/virtualenv/python2.7.14/lib/python2.7/site-packages/setuptools/command/easy_install.py", line 1150, in build_and_install
        self.run_setup(setup_script, setup_base, args)
      File "/home/travis/virtualenv/python2.7.14/lib/python2.7/site-packages/setuptools/command/easy_install.py", line 1136, in run_setup
        run_setup(setup_script, args)
      File "/home/travis/virtualenv/python2.7.14/lib/python2.7/site-packages/setuptools/sandbox.py", line 253, in run_setup
        raise
      File "/opt/python/2.7.14/lib/python2.7/contextlib.py", line 35, in __exit__
        self.gen.throw(type, value, traceback)
      File "/home/travis/virtualenv/python2.7.14/lib/python2.7/site-packages/setuptools/sandbox.py", line 195, in setup_context
        yield
      File "/opt/python/2.7.14/lib/python2.7/contextlib.py", line 35, in __exit__
        self.gen.throw(type, value, traceback)
      File "/home/travis/virtualenv/python2.7.14/lib/python2.7/site-packages/setuptools/sandbox.py", line 166, in save_modules
        saved_exc.resume()
      File "/home/travis/virtualenv/python2.7.14/lib/python2.7/site-packages/setuptools/sandbox.py", line 141, in resume
        six.reraise(type, exc, self._tb)
      File "/home/travis/virtualenv/python2.7.14/lib/python2.7/site-packages/setuptools/sandbox.py", line 154, in save_modules
        yield saved
      File "/home/travis/virtualenv/python2.7.14/lib/python2.7/site-packages/setuptools/sandbox.py", line 195, in setup_context
        yield
      File "/home/travis/virtualenv/python2.7.14/lib/python2.7/site-packages/setuptools/sandbox.py", line 250, in run_setup
        _execfile(setup_script, ns)
      File "/home/travis/virtualenv/python2.7.14/lib/python2.7/site-packages/setuptools/sandbox.py", line 45, in _execfile
        exec(code, globals, locals)
      File "/tmp/easy_install-K9h4Vy/setuptools_scm-6.0.1/setup.py", line 52, in <module>
        python_requires='>=2.7, !=3.0.*, !=3.1.*, !=3.2.*, !=3.3.*, !=3.4.*',
      File "/tmp/easy_install-K9h4Vy/setuptools_scm-6.0.1/setup.py", line 29, in scm_config
        long_description_content_type="text/markdown",
      File "/tmp/easy_install-K9h4Vy/setuptools_scm-6.0.1/src/setuptools_scm/__init__.py", line 8, in <module>
      File "/tmp/easy_install-K9h4Vy/setuptools_scm-6.0.1/src/setuptools_scm/config.py", line 6, in <module>
      File "/tmp/easy_install-K9h4Vy/setuptools_scm-6.0.1/src/setuptools_scm/utils.py", line 41
        print(*k)
              ^
    SyntaxError: invalid syntax
    
    ----------------------------------------
Command "python setup.py egg_info" failed with error code 1 in /tmp/pip-build-IQRtc0/tablib/

travis_time:end:0f03f195:start=1616888437801592749,finish=1616888450422405305,duration=12620812556[0K
[31;1mThe command "pip install ." failed and exited with 1 during .[0m

Your build has been stopped.
