travis_fold:start:system_info[0K[33;1mBuild system information[0m
Build language: python
Build group: stable
Build dist: precise
Build id: ''
Job id: ''
[34m[1mBuild image provisioning date and time[0m
Thu Feb  5 15:09:33 UTC 2015
[34m[1mOperating System Details[0m
Distributor ID:	Ubuntu
Description:	Ubuntu 12.04.5 LTS
Release:	12.04
Codename:	precise
[34m[1mLinux Version[0m
3.13.0-29-generic
[34m[1mCookbooks Version[0m
a68419e https://github.com/travis-ci/travis-cookbooks/tree/a68419e
[34m[1mGCC version[0m
gcc (Ubuntu/Linaro 4.6.3-1ubuntu5) 4.6.3
Copyright (C) 2011 Free Software Foundation, Inc.
This is free software; see the source for copying conditions.  There is NO
warranty; not even for MERCHANTABILITY or FITNESS FOR A PARTICULAR PURPOSE.

[34m[1mLLVM version[0m
clang version 3.4 (tags/RELEASE_34/final)
Target: x86_64-unknown-linux-gnu
Thread model: posix
[34m[1mPre-installed Ruby versions[0m
ruby-1.9.3-p551
[34m[1mPre-installed Node.js versions[0m
v0.10.36
[34m[1mPre-installed Go versions[0m
1.4.1
[34m[1mRedis version[0m
redis-server 2.8.19
[34m[1mriak version[0m
2.0.2
[34m[1mMongoDB version[0m
MongoDB 2.4.12
[34m[1mCouchDB version[0m
couchdb 1.6.1
[34m[1mNeo4j version[0m
1.9.4
[34m[1mRabbitMQ Version[0m
3.4.3
[34m[1mElasticSearch version[0m
1.4.0
[34m[1mInstalled Sphinx versions[0m
2.0.10
2.1.9
2.2.6
[34m[1mDefault Sphinx version[0m
2.2.6
[34m[1mInstalled Firefox version[0m
firefox 31.0esr
[34m[1mPhantomJS version[0m
1.9.8
[34m[1mant -version[0m
Apache Ant(TM) version 1.8.2 compiled on December 3 2011
[34m[1mmvn -version[0m
Apache Maven 3.2.5 (12a6b3acb947671f09b81f49094c53f426d8cea1; 2014-12-14T17:29:23+00:00)
Maven home: /usr/local/maven
Java version: 1.7.0_76, vendor: Oracle Corporation
Java home: /usr/lib/jvm/java-7-oracle/jre
Default locale: en_US, platform encoding: ANSI_X3.4-1968
OS name: "linux", version: "3.13.0-29-generic", arch: "amd64", family: "unix"
travis_fold:end:system_info[0K
grep: /etc/apt/sources.list.d/*: No such file or directory
sed: cannot rename /etc/hosts: Device or resource busy
sed: cannot rename /etc/hosts: Device or resource busy
$ cd failed/NMGRL/pychron
travis_time:start:0d78b3bc[0K$ source ~/virtualenv/python2.7/bin/activate

travis_time:end:0d78b3bc:start=1616777984303039035,finish=1616777984314208114,duration=11169079[0K$ python --version
Python 2.7.9
$ pip --version
pip 6.0.7 from /home/travis/virtualenv/python2.7.9/lib/python2.7/site-packages (python 2.7)
travis_fold:start:before_install.1[0Ktravis_time:start:0149df41[0K$ wget http://repo.continuum.io/miniconda/Miniconda2-latest-Linux-x86_64.sh -O miniconda.sh
--2021-03-26 16:59:44--  http://repo.continuum.io/miniconda/Miniconda2-latest-Linux-x86_64.sh
Resolving repo.continuum.io (repo.continuum.io)... 104.18.200.79, 104.18.201.79, 2606:4700::6812:c84f, ...
Connecting to repo.continuum.io (repo.continuum.io)|104.18.200.79|:80... connected.
HTTP request sent, awaiting response... 301 Moved Permanently
Location: https://repo.anaconda.com/miniconda/Miniconda2-latest-Linux-x86_64.sh [following]
--2021-03-26 16:59:44--  https://repo.anaconda.com/miniconda/Miniconda2-latest-Linux-x86_64.sh
Resolving repo.anaconda.com (repo.anaconda.com)... 104.16.130.3, 104.16.131.3, 2606:4700::6810:8203, ...
Connecting to repo.anaconda.com (repo.anaconda.com)|104.16.130.3|:443... connected.
HTTP request sent, awaiting response... 200 OK
Length: 51093759 (49M) [application/x-sh]
Saving to: `miniconda.sh'

     0K .......... .......... .......... .......... ..........  0% 1.04M 47s
    50K .......... .......... .......... .......... ..........  0% 2.52M 33s
   100K .......... .......... .......... .......... ..........  0% 1.19M 36s
   150K .......... .......... .......... .......... ..........  0% 3.10M 31s
   200K .......... .......... .......... .......... ..........  0% 3.01M 28s
   250K .......... .......... .......... .......... ..........  0% 4.00M 25s
   300K .......... .......... .......... .......... ..........  0% 3.31M 24s
   350K .......... .......... .......... .......... ..........  0% 5.11M 22s
   400K .......... .......... .......... .......... ..........  0% 5.40M 20s
   450K .......... .......... .......... .......... ..........  1% 8.46M 19s
   500K .......... .......... .......... .......... ..........  1% 9.65M 18s
   550K .......... .......... .......... .......... ..........  1% 9.02M 17s
   600K .......... .......... .......... .......... ..........  1% 10.2M 16s
   650K .......... .......... .......... .......... ..........  1% 11.0M 15s
   700K .......... .......... .......... .......... ..........  1% 7.52M 14s
   750K .......... .......... .......... .......... ..........  1% 12.3M 14s
   800K .......... .......... .......... .......... ..........  1% 11.2M 13s
   850K .......... .......... .......... .......... ..........  1% 12.8M 12s
   900K .......... .......... .......... .......... ..........  1% 11.9M 12s
   950K .......... .......... .......... .......... ..........  2% 13.2M 12s
  1000K .......... .......... .......... .......... ..........  2% 17.9M 11s
  1050K .......... .......... .......... .......... ..........  2% 15.0M 11s
  1100K .......... .......... .......... .......... ..........  2% 12.9M 10s
  1150K .......... .......... .......... .......... ..........  2% 18.0M 10s
  1200K .......... .......... .......... .......... ..........  2% 17.5M 10s
  1250K .......... .......... .......... .......... ..........  2% 19.2M 10s
  1300K .......... .......... .......... .......... ..........  2% 25.1M 9s
  1350K .......... .......... .......... .......... ..........  2% 16.2M 9s
  1400K .......... .......... .......... .......... ..........  2% 25.1M 9s
  1450K .......... .......... .......... .......... ..........  3% 24.2M 9s
  1500K .......... .......... .......... .......... ..........  3% 17.6M 8s
  1550K .......... .......... .......... .......... ..........  3% 23.3M 8s
  1600K .......... .......... .......... .......... ..........  3% 25.2M 8s
  1650K .......... .......... .......... .......... ..........  3% 24.4M 8s
  1700K .......... .......... .......... .......... ..........  3% 25.4M 8s
  1750K .......... .......... .......... .......... ..........  3% 33.4M 7s
  1800K .......... .......... .......... .......... ..........  3% 28.8M 7s
  1850K .......... .......... .......... .......... ..........  3% 24.9M 7s
  1900K .......... .......... .......... .......... ..........  3% 31.6M 7s
  1950K .......... .......... .......... .......... ..........  4% 24.6M 7s
  2000K .......... .......... .......... .......... ..........  4% 26.3M 7s
  2050K .......... .......... .......... .......... ..........  4% 33.9M 7s
  2100K .......... .......... .......... .......... ..........  4% 27.7M 6s
  2150K .......... .......... .......... .......... ..........  4% 42.4M 6s
  2200K .......... .......... .......... .......... ..........  4% 27.6M 6s
  2250K .......... .......... .......... .......... ..........  4% 49.9M 6s
  2300K .......... .......... .......... .......... ..........  4% 26.4M 6s
  2350K .......... .......... .......... .......... ..........  4% 31.6M 6s
  2400K .......... .......... .......... .......... ..........  4% 45.1M 6s
  2450K .......... .......... .......... .......... ..........  5% 30.0M 6s
  2500K .......... .......... .......... .......... ..........  5% 50.1M 6s
  2550K .......... .......... .......... .......... ..........  5% 31.4M 5s
  2600K .......... .......... .......... .......... ..........  5% 32.8M 5s
  2650K .......... .......... .......... .......... ..........  5% 47.9M 5s
  2700K .......... .......... .......... .......... ..........  5% 30.6M 5s
  2750K .......... .......... .......... .......... ..........  5% 35.0M 5s
  2800K .......... .......... .......... .......... ..........  5% 59.0M 5s
  2850K .......... .......... .......... .......... ..........  5% 35.5M 5s
  2900K .......... .......... .......... .......... ..........  5% 47.0M 5s
  2950K .......... .......... .......... .......... ..........  6% 37.1M 5s
  3000K .......... .......... .......... .......... ..........  6% 67.4M 5s
  3050K .......... .......... .......... .......... ..........  6% 38.8M 5s
  3100K .......... .......... .......... .......... ..........  6% 36.9M 5s
  3150K .......... .......... .......... .......... ..........  6% 41.3M 5s
  3200K .......... .......... .......... .......... ..........  6% 47.9M 5s
  3250K .......... .......... .......... .......... ..........  6% 77.3M 4s
  3300K .......... .......... .......... .......... ..........  6% 41.3M 4s
  3350K .......... .......... .......... .......... ..........  6% 50.5M 4s
  3400K .......... .......... .......... .......... ..........  6% 66.1M 4s
  3450K .......... .......... .......... .......... ..........  7% 47.2M 4s
  3500K .......... .......... .......... .......... ..........  7% 41.3M 4s
  3550K .......... .......... .......... .......... ..........  7% 48.6M 4s
  3600K .......... .......... .......... .......... ..........  7% 53.6M 4s
  3650K .......... .......... .......... .......... ..........  7% 87.2M 4s
  3700K .......... .......... .......... .......... ..........  7% 46.0M 4s
  3750K .......... .......... .......... .......... ..........  7% 54.4M 4s
  3800K .......... .......... .......... .......... ..........  7% 51.8M 4s
  3850K .......... .......... .......... .......... ..........  7%  115M 4s
  3900K .......... .......... .......... .......... ..........  7% 46.0M 4s
  3950K .......... .......... .......... .......... ..........  8% 55.0M 4s
  4000K .......... .......... .......... .......... ..........  8% 44.8M 4s
  4050K .......... .......... .......... .......... ..........  8% 70.3M 4s
  4100K .......... .......... .......... .......... ..........  8%  109M 4s
  4150K .......... .......... .......... .......... ..........  8% 58.8M 4s
  4200K .......... .......... .......... .......... ..........  8% 68.6M 4s
  4250K .......... .......... .......... .......... ..........  8% 60.4M 4s
  4300K .......... .......... .......... .......... ..........  8% 53.8M 4s
  4350K .......... .......... .......... .......... ..........  8% 59.0M 3s
  4400K .......... .......... .......... .......... ..........  8% 64.6M 3s
  4450K .......... .......... .......... .......... ..........  9%  112M 3s
  4500K .......... .......... .......... .......... ..........  9% 59.7M 3s
  4550K .......... .......... .......... .......... ..........  9% 66.0M 3s
  4600K .......... .......... .......... .......... ..........  9% 64.2M 3s
  4650K .......... .......... .......... .......... ..........  9%  123M 3s
  4700K .......... .......... .......... .......... ..........  9% 58.7M 3s
  4750K .......... .......... .......... .......... ..........  9% 61.1M 3s
  4800K .......... .......... .......... .......... ..........  9% 62.1M 3s
  4850K .......... .......... .......... .......... ..........  9% 69.2M 3s
  4900K .......... .......... .......... .......... ..........  9% 97.7M 3s
  4950K .......... .......... .......... .......... .......... 10% 66.7M 3s
  5000K .......... .......... .......... .......... .......... 10% 61.8M 3s
  5050K .......... .......... .......... .......... .......... 10% 74.6M 3s
  5100K .......... .......... .......... .......... .......... 10% 69.2M 3s
  5150K .......... .......... .......... .......... .......... 10%  108M 3s
  5200K .......... .......... .......... .......... .......... 10% 69.1M 3s
  5250K .......... .......... .......... .......... .......... 10% 66.4M 3s
  5300K .......... .......... .......... .......... .......... 10% 69.2M 3s
  5350K .......... .......... .......... .......... .......... 10%  119M 3s
  5400K .......... .......... .......... .......... .......... 10% 76.2M 3s
  5450K .......... .......... .......... .......... .......... 11% 48.2M 3s
  5500K .......... .......... .......... .......... .......... 11% 51.8M 3s
  5550K .......... .......... .......... .......... .......... 11% 50.5M 3s
  5600K .......... .......... .......... .......... .......... 11%  120M 3s
  5650K .......... .......... .......... .......... .......... 11% 50.8M 3s
  5700K .......... .......... .......... .......... .......... 11% 49.7M 3s
  5750K .......... .......... .......... .......... .......... 11%  118M 3s
  5800K .......... .......... .......... .......... .......... 11%  116M 3s
  5850K .......... .......... .......... .......... .......... 11% 50.8M 3s
  5900K .......... .......... .......... .......... .......... 11% 45.6M 3s
  5950K .......... .......... .......... .......... .......... 12%  122M 3s
  6000K .......... .......... .......... .......... .......... 12% 50.2M 3s
  6050K .......... .......... .......... .......... .......... 12% 39.4M 3s
  6100K .......... .......... .......... .......... .......... 12%  109M 3s
  6150K .......... .......... .......... .......... .......... 12%  125M 3s
  6200K .......... .......... .......... .......... .......... 12%  109M 3s
  6250K .......... .......... .......... .......... .......... 12% 83.4M 3s
  6300K .......... .......... .......... .......... .......... 12% 34.6M 2s
  6350K .......... .......... .......... .......... .......... 12%  108M 2s
  6400K .......... .......... .......... .......... .......... 12% 44.6M 2s
  6450K .......... .......... .......... .......... .......... 13% 46.7M 2s
  6500K .......... .......... .......... .......... .......... 13%  100M 2s
  6550K .......... .......... .......... .......... .......... 13% 27.9M 2s
  6600K .......... .......... .......... .......... .......... 13%  125M 2s
  6650K .......... .......... .......... .......... .......... 13%  113M 2s
  6700K .......... .......... .......... .......... .......... 13% 27.7M 2s
  6750K .......... .......... .......... .......... .......... 13% 51.6M 2s
  6800K .......... .......... .......... .......... .......... 13%  121M 2s
  6850K .......... .......... .......... .......... .......... 13% 54.5M 2s
  6900K .......... .......... .......... .......... .......... 13% 49.5M 2s
  6950K .......... .......... .......... .......... .......... 14%  109M 2s
  7000K .......... .......... .......... .......... .......... 14% 52.6M 2s
  7050K .......... .......... .......... .......... .......... 14% 45.5M 2s
  7100K .......... .......... .......... .......... .......... 14% 60.3M 2s
  7150K .......... .......... .......... .......... .......... 14% 76.3M 2s
  7200K .......... .......... .......... .......... .......... 14%  108M 2s
  7250K .......... .......... .......... .......... .......... 14% 42.0M 2s
  7300K .......... .......... .......... .......... .......... 14% 57.0M 2s
  7350K .......... .......... .......... .......... .......... 14% 61.6M 2s
  7400K .......... .......... .......... .......... .......... 14%  112M 2s
  7450K .......... .......... .......... .......... .......... 15% 65.5M 2s
  7500K .......... .......... .......... .......... .......... 15% 51.6M 2s
  7550K .......... .......... .......... .......... .......... 15% 68.9M 2s
  7600K .......... .......... .......... .......... .......... 15% 66.9M 2s
  7650K .......... .......... .......... .......... .......... 15% 67.4M 2s
  7700K .......... .......... .......... .......... .......... 15%  110M 2s
  7750K .......... .......... .......... .......... .......... 15% 19.8M 2s
  7800K .......... .......... .......... .......... .......... 15%  126M 2s
  7850K .......... .......... .......... .......... .......... 15%  160M 2s
  7900K .......... .......... .......... .......... .......... 15%  106M 2s
  7950K .......... .......... .......... .......... .......... 16%  120M 2s
  8000K .......... .......... .......... .......... .......... 16%  108M 2s
  8050K .......... .......... .......... .......... .......... 16%  106M 2s
  8100K .......... .......... .......... .......... .......... 16% 89.5M 2s
  8150K .......... .......... .......... .......... .......... 16% 17.2M 2s
  8200K .......... .......... .......... .......... .......... 16%  122M 2s
  8250K .......... .......... .......... .......... .......... 16% 59.6M 2s
  8300K .......... .......... .......... .......... .......... 16%  104M 2s
  8350K .......... .......... .......... .......... .......... 16% 40.9M 2s
  8400K .......... .......... .......... .......... .......... 16% 9.06M 2s
  8450K .......... .......... .......... .......... .......... 17% 96.8M 2s
  8500K .......... .......... .......... .......... .......... 17% 60.7M 2s
  8550K .......... .......... .......... .......... .......... 17% 20.6M 2s
  8600K .......... .......... .......... .......... .......... 17% 7.22M 2s
  8650K .......... .......... .......... .......... .......... 17%  109M 2s
  8700K .......... .......... .......... .......... .......... 17% 39.6M 2s
  8750K .......... .......... .......... .......... .......... 17% 57.8M 2s
  8800K .......... .......... .......... .......... .......... 17% 31.4M 2s
  8850K .......... .......... .......... .......... .......... 17% 8.53M 2s
  8900K .......... .......... .......... .......... .......... 17%  108M 2s
  8950K .......... .......... .......... .......... .......... 18% 13.3M 2s
  9000K .......... .......... .......... .......... .......... 18% 9.74M 2s
  9050K .......... .......... .......... .......... .......... 18% 25.2M 2s
  9100K .......... .......... .......... .......... .......... 18% 16.9M 2s
  9150K .......... .......... .......... .......... .......... 18% 11.0M 2s
  9200K .......... .......... .......... .......... .......... 18%  105M 2s
  9250K .......... .......... .......... .......... .......... 18%  110M 2s
  9300K .......... .......... .......... .......... .......... 18%  114M 2s
  9350K .......... .......... .......... .......... .......... 18%  121M 2s
  9400K .......... .......... .......... .......... .......... 18% 11.7M 2s
  9450K .......... .......... .......... .......... .......... 19% 36.3M 2s
  9500K .......... .......... .......... .......... .......... 19% 14.8M 2s
  9550K .......... .......... .......... .......... .......... 19% 29.7M 2s
  9600K .......... .......... .......... .......... .......... 19% 37.2M 2s
  9650K .......... .......... .......... .......... .......... 19% 17.2M 2s
  9700K .......... .......... .......... .......... .......... 19% 22.5M 2s
  9750K .......... .......... .......... .......... .......... 19% 16.8M 2s
  9800K .......... .......... .......... .......... .......... 19% 10.2M 2s
  9850K .......... .......... .......... .......... .......... 19% 76.6M 2s
  9900K .......... .......... .......... .......... .......... 19% 22.7M 2s
  9950K .......... .......... .......... .......... .......... 20% 16.4M 2s
 10000K .......... .......... .......... .......... .......... 20% 27.2M 2s
 10050K .......... .......... .......... .......... .......... 20% 15.6M 2s
 10100K .......... .......... .......... .......... .......... 20% 50.3M 2s
 10150K .......... .......... .......... .......... .......... 20% 22.0M 2s
 10200K .......... .......... .......... .......... .......... 20% 23.2M 2s
 10250K .......... .......... .......... .......... .......... 20% 9.23M 2s
 10300K .......... .......... .......... .......... .......... 20% 79.4M 2s
 10350K .......... .......... .......... .......... .......... 20% 37.2M 2s
 10400K .......... .......... .......... .......... .......... 20% 36.8M 2s
 10450K .......... .......... .......... .......... .......... 21% 15.7M 2s
 10500K .......... .......... .......... .......... .......... 21% 46.7M 2s
 10550K .......... .......... .......... .......... .......... 21% 8.77M 2s
 10600K .......... .......... .......... .......... .......... 21% 21.4M 2s
 10650K .......... .......... .......... .......... .......... 21% 17.3M 2s
 10700K .......... .......... .......... .......... .......... 21% 71.8M 2s
 10750K .......... .......... .......... .......... .......... 21% 6.37M 2s
 10800K .......... .......... .......... .......... .......... 21% 28.1M 2s
 10850K .......... .......... .......... .......... .......... 21% 31.2M 2s
 10900K .......... .......... .......... .......... .......... 21% 23.7M 2s
 10950K .......... .......... .......... .......... .......... 22% 91.1M 2s
 11000K .......... .......... .......... .......... .......... 22%  138M 2s
 11050K .......... .......... .......... .......... .......... 22% 24.0M 2s
 11100K .......... .......... .......... .......... .......... 22% 20.7M 2s
 11150K .......... .......... .......... .......... .......... 22% 16.3M 2s
 11200K .......... .......... .......... .......... .......... 22% 21.7M 2s
 11250K .......... .......... .......... .......... .......... 22% 37.7M 2s
 11300K .......... .......... .......... .......... .......... 22% 16.8M 2s
 11350K .......... .......... .......... .......... .......... 22% 23.5M 2s
 11400K .......... .......... .......... .......... .......... 22% 29.3M 2s
 11450K .......... .......... .......... .......... .......... 23% 14.9M 2s
 11500K .......... .......... .......... .......... .......... 23% 14.2M 2s
 11550K .......... .......... .......... .......... .......... 23% 19.8M 2s
 11600K .......... .......... .......... .......... .......... 23% 28.6M 2s
 11650K .......... .......... .......... .......... .......... 23% 26.8M 2s
 11700K .......... .......... .......... .......... .......... 23% 19.8M 2s
 11750K .......... .......... .......... .......... .......... 23% 22.6M 2s
 11800K .......... .......... .......... .......... .......... 23% 12.2M 2s
 11850K .......... .......... .......... .......... .......... 23%  119M 2s
 11900K .......... .......... .......... .......... .......... 23% 12.7M 2s
 11950K .......... .......... .......... .......... .......... 24% 34.8M 2s
 12000K .......... .......... .......... .......... .......... 24% 33.8M 2s
 12050K .......... .......... .......... .......... .......... 24% 12.7M 2s
 12100K .......... .......... .......... .......... .......... 24% 24.7M 2s
 12150K .......... .......... .......... .......... .......... 24% 15.1M 2s
 12200K .......... .......... .......... .......... .......... 24% 25.3M 2s
 12250K .......... .......... .......... .......... .......... 24% 16.8M 2s
 12300K .......... .......... .......... .......... .......... 24% 45.2M 2s
 12350K .......... .......... .......... .......... .......... 24% 20.6M 2s
 12400K .......... .......... .......... .......... .......... 24% 8.85M 2s
 12450K .......... .......... .......... .......... .......... 25%  118M 2s
 12500K .......... .......... .......... .......... .......... 25% 69.2M 2s
 12550K .......... .......... .......... .......... .......... 25% 25.5M 2s
 12600K .......... .......... .......... .......... .......... 25% 17.3M 2s
 12650K .......... .......... .......... .......... .......... 25% 37.3M 2s
 12700K .......... .......... .......... .......... .......... 25% 16.9M 2s
 12750K .......... .......... .......... .......... .......... 25% 12.5M 2s
 12800K .......... .......... .......... .......... .......... 25% 60.9M 2s
 12850K .......... .......... .......... .......... .......... 25% 16.2M 2s
 12900K .......... .......... .......... .......... .......... 25% 18.1M 2s
 12950K .......... .......... .......... .......... .......... 26% 21.4M 2s
 13000K .......... .......... .......... .......... .......... 26% 30.6M 2s
 13050K .......... .......... .......... .......... .......... 26% 13.4M 2s
 13100K .......... .......... .......... .......... .......... 26% 23.0M 2s
 13150K .......... .......... .......... .......... .......... 26% 26.8M 2s
 13200K .......... .......... .......... .......... .......... 26% 19.4M 2s
 13250K .......... .......... .......... .......... .......... 26% 36.6M 2s
 13300K .......... .......... .......... .......... .......... 26% 6.62M 2s
 13350K .......... .......... .......... .......... .......... 26% 20.1M 2s
 13400K .......... .......... .......... .......... .......... 26% 10.9M 2s
 13450K .......... .......... .......... .......... .......... 27% 19.2M 2s
 13500K .......... .......... .......... .......... .......... 27% 68.7M 2s
 13550K .......... .......... .......... .......... .......... 27% 98.9M 2s
 13600K .......... .......... .......... .......... .......... 27% 97.0M 2s
 13650K .......... .......... .......... .......... .......... 27% 27.1M 2s
 13700K .......... .......... .......... .......... .......... 27% 13.2M 2s
 13750K .......... .......... .......... .......... .......... 27% 25.0M 2s
 13800K .......... .......... .......... .......... .......... 27% 33.4M 2s
 13850K .......... .......... .......... .......... .......... 27% 14.7M 2s
 13900K .......... .......... .......... .......... .......... 27% 45.5M 2s
 13950K .......... .......... .......... .......... .......... 28% 29.0M 2s
 14000K .......... .......... .......... .......... .......... 28% 13.3M 2s
 14050K .......... .......... .......... .......... .......... 28%  106M 2s
 14100K .......... .......... .......... .......... .......... 28% 8.64M 2s
 14150K .......... .......... .......... .......... .......... 28% 23.5M 2s
 14200K .......... .......... .......... .......... .......... 28% 47.5M 2s
 14250K .......... .......... .......... .......... .......... 28% 26.1M 2s
 14300K .......... .......... .......... .......... .......... 28% 39.9M 2s
 14350K .......... .......... .......... .......... .......... 28% 13.5M 2s
 14400K .......... .......... .......... .......... .......... 28% 14.4M 2s
 14450K .......... .......... .......... .......... .......... 29% 98.8M 2s
 14500K .......... .......... .......... .......... .......... 29% 26.8M 2s
 14550K .......... .......... .......... .......... .......... 29% 9.32M 2s
 14600K .......... .......... .......... .......... .......... 29%  109M 2s
 14650K .......... .......... .......... .......... .......... 29% 25.8M 2s
 14700K .......... .......... .......... .......... .......... 29% 11.9M 2s
 14750K .......... .......... .......... .......... .......... 29% 54.2M 2s
 14800K .......... .......... .......... .......... .......... 29% 19.0M 2s
 14850K .......... .......... .......... .......... .......... 29% 45.7M 2s
 14900K .......... .......... .......... .......... .......... 29% 14.3M 2s
 14950K .......... .......... .......... .......... .......... 30% 19.3M 2s
 15000K .......... .......... .......... .......... .......... 30% 30.4M 2s
 15050K .......... .......... .......... .......... .......... 30% 38.0M 2s
 15100K .......... .......... .......... .......... .......... 30% 5.24M 2s
 15150K .......... .......... .......... .......... .......... 30%  116M 2s
 15200K .......... .......... .......... .......... .......... 30%  125M 2s
 15250K .......... .......... .......... .......... .......... 30% 46.4M 2s
 15300K .......... .......... .......... .......... .......... 30%  110M 2s
 15350K .......... .......... .......... .......... .......... 30% 10.8M 2s
 15400K .......... .......... .......... .......... .......... 30% 71.3M 2s
 15450K .......... .......... .......... .......... .......... 31% 17.2M 2s
 15500K .......... .......... .......... .......... .......... 31% 19.0M 2s
 15550K .......... .......... .......... .......... .......... 31% 31.0M 2s
 15600K .......... .......... .......... .......... .......... 31% 16.1M 2s
 15650K .......... .......... .......... .......... .......... 31% 21.6M 2s
 15700K .......... .......... .......... .......... .......... 31% 16.1M 2s
 15750K .......... .......... .......... .......... .......... 31% 21.2M 2s
 15800K .......... .......... .......... .......... .......... 31% 14.8M 2s
 15850K .......... .......... .......... .......... .......... 31%  118M 2s
 15900K .......... .......... .......... .......... .......... 31% 15.8M 2s
 15950K .......... .......... .......... .......... .......... 32% 23.6M 2s
 16000K .......... .......... .......... .......... .......... 32% 19.3M 2s
 16050K .......... .......... .......... .......... .......... 32% 23.2M 2s
 16100K .......... .......... .......... .......... .......... 32% 15.7M 2s
 16150K .......... .......... .......... .......... .......... 32% 14.6M 2s
 16200K .......... .......... .......... .......... .......... 32% 24.4M 2s
 16250K .......... .......... .......... .......... .......... 32% 32.2M 2s
 16300K .......... .......... .......... .......... .......... 32% 7.99M 2s
 16350K .......... .......... .......... .......... .......... 32%  105M 2s
 16400K .......... .......... .......... .......... .......... 32% 18.7M 2s
 16450K .......... .......... .......... .......... .......... 33% 75.4M 2s
 16500K .......... .......... .......... .......... .......... 33% 19.2M 2s
 16550K .......... .......... .......... .......... .......... 33% 15.3M 2s
 16600K .......... .......... .......... .......... .......... 33% 19.2M 2s
 16650K .......... .......... .......... .......... .......... 33% 86.4M 2s
 16700K .......... .......... .......... .......... .......... 33% 14.1M 2s
 16750K .......... .......... .......... .......... .......... 33% 28.3M 2s
 16800K .......... .......... .......... .......... .......... 33% 34.9M 2s
 16850K .......... .......... .......... .......... .......... 33% 15.6M 2s
 16900K .......... .......... .......... .......... .......... 33% 36.0M 2s
 16950K .......... .......... .......... .......... .......... 34% 14.5M 2s
 17000K .......... .......... .......... .......... .......... 34% 40.1M 2s
 17050K .......... .......... .......... .......... .......... 34% 11.5M 2s
 17100K .......... .......... .......... .......... .......... 34% 9.37M 2s
 17150K .......... .......... .......... .......... .......... 34%  111M 2s
 17200K .......... .......... .......... .......... .......... 34% 57.1M 2s
 17250K .......... .......... .......... .......... .......... 34% 42.5M 2s
 17300K .......... .......... .......... .......... .......... 34% 14.1M 2s
 17350K .......... .......... .......... .......... .......... 34% 22.8M 2s
 17400K .......... .......... .......... .......... .......... 34% 19.6M 2s
 17450K .......... .......... .......... .......... .......... 35% 79.1M 2s
 17500K .......... .......... .......... .......... .......... 35% 14.5M 2s
 17550K .......... .......... .......... .......... .......... 35% 6.34M 2s
 17600K .......... .......... .......... .......... .......... 35% 57.5M 2s
 17650K .......... .......... .......... .......... .......... 35%  112M 2s
 17700K .......... .......... .......... .......... .......... 35% 23.3M 2s
 17750K .......... .......... .......... .......... .......... 35% 13.4M 2s
 17800K .......... .......... .......... .......... .......... 35%  125M 2s
 17850K .......... .......... .......... .......... .......... 35% 20.6M 2s
 17900K .......... .......... .......... .......... .......... 35% 14.8M 2s
 17950K .......... .......... .......... .......... .......... 36% 27.7M 2s
 18000K .......... .......... .......... .......... .......... 36% 50.7M 2s
 18050K .......... .......... .......... .......... .......... 36% 17.6M 1s
 18100K .......... .......... .......... .......... .......... 36% 13.6M 1s
 18150K .......... .......... .......... .......... .......... 36% 23.3M 1s
 18200K .......... .......... .......... .......... .......... 36% 16.2M 1s
 18250K .......... .......... .......... .......... .......... 36%  119M 1s
 18300K .......... .......... .......... .......... .......... 36% 22.2M 1s
 18350K .......... .......... .......... .......... .......... 36% 14.5M 1s
 18400K .......... .......... .......... .......... .......... 36% 30.0M 1s
 18450K .......... .......... .......... .......... .......... 37% 20.0M 1s
 18500K .......... .......... .......... .......... .......... 37% 10.7M 1s
 18550K .......... .......... .......... .......... .......... 37% 36.3M 1s
 18600K .......... .......... .......... .......... .......... 37% 12.6M 1s
 18650K .......... .......... .......... .......... .......... 37% 59.8M 1s
 18700K .......... .......... .......... .......... .......... 37% 16.0M 1s
 18750K .......... .......... .......... .......... .......... 37% 22.6M 1s
 18800K .......... .......... .......... .......... .......... 37%  114M 1s
 18850K .......... .......... .......... .......... .......... 37% 18.0M 1s
 18900K .......... .......... .......... .......... .......... 37% 17.5M 1s
 18950K .......... .......... .......... .......... .......... 38% 16.1M 1s
 19000K .......... .......... .......... .......... .......... 38% 28.5M 1s
 19050K .......... .......... .......... .......... .......... 38% 37.4M 1s
 19100K .......... .......... .......... .......... .......... 38% 13.6M 1s
 19150K .......... .......... .......... .......... .......... 38% 15.7M 1s
 19200K .......... .......... .......... .......... .......... 38% 7.84M 1s
 19250K .......... .......... .......... .......... .......... 38% 69.8M 1s
 19300K .......... .......... .......... .......... .......... 38% 82.7M 1s
 19350K .......... .......... .......... .......... .......... 38% 45.1M 1s
 19400K .......... .......... .......... .......... .......... 38% 11.5M 1s
 19450K .......... .......... .......... .......... .......... 39%  103M 1s
 19500K .......... .......... .......... .......... .......... 39% 51.3M 1s
 19550K .......... .......... .......... .......... .......... 39% 12.5M 1s
 19600K .......... .......... .......... .......... .......... 39% 22.4M 1s
 19650K .......... .......... .......... .......... .......... 39% 25.6M 1s
 19700K .......... .......... .......... .......... .......... 39% 21.4M 1s
 19750K .......... .......... .......... .......... .......... 39% 27.6M 1s
 19800K .......... .......... .......... .......... .......... 39% 18.5M 1s
 19850K .......... .......... .......... .......... .......... 39% 33.5M 1s
 19900K .......... .......... .......... .......... .......... 39% 17.9M 1s
 19950K .......... .......... .......... .......... .......... 40% 15.6M 1s
 20000K .......... .......... .......... .......... .......... 40% 26.3M 1s
 20050K .......... .......... .......... .......... .......... 40% 25.0M 1s
 20100K .......... .......... .......... .......... .......... 40% 22.8M 1s
 20150K .......... .......... .......... .......... .......... 40% 12.2M 1s
 20200K .......... .......... .......... .......... .......... 40% 73.9M 1s
 20250K .......... .......... .......... .......... .......... 40% 13.5M 1s
 20300K .......... .......... .......... .......... .......... 40% 19.7M 1s
 20350K .......... .......... .......... .......... .......... 40%  102M 1s
 20400K .......... .......... .......... .......... .......... 40% 9.90M 1s
 20450K .......... .......... .......... .......... .......... 41% 39.7M 1s
 20500K .......... .......... .......... .......... .......... 41% 17.8M 1s
 20550K .......... .......... .......... .......... .......... 41% 27.9M 1s
 20600K .......... .......... .......... .......... .......... 41% 22.1M 1s
 20650K .......... .......... .......... .......... .......... 41% 19.2M 1s
 20700K .......... .......... .......... .......... .......... 41% 23.4M 1s
 20750K .......... .......... .......... .......... .......... 41% 16.1M 1s
 20800K .......... .......... .......... .......... .......... 41% 38.4M 1s
 20850K .......... .......... .......... .......... .......... 41% 19.5M 1s
 20900K .......... .......... .......... .......... .......... 41% 14.9M 1s
 20950K .......... .......... .......... .......... .......... 42% 17.7M 1s
 21000K .......... .......... .......... .......... .......... 42% 8.62M 1s
 21050K .......... .......... .......... .......... .......... 42%  105M 1s
 21100K .......... .......... .......... .......... .......... 42% 88.4M 1s
 21150K .......... .......... .......... .......... .......... 42% 11.6M 1s
 21200K .......... .......... .......... .......... .......... 42%  118M 1s
 21250K .......... .......... .......... .......... .......... 42% 20.5M 1s
 21300K .......... .......... .......... .......... .......... 42% 16.6M 1s
 21350K .......... .......... .......... .......... .......... 42% 20.9M 1s
 21400K .......... .......... .......... .......... .......... 42% 35.2M 1s
 21450K .......... .......... .......... .......... .......... 43% 27.5M 1s
 21500K .......... .......... .......... .......... .......... 43% 21.1M 1s
 21550K .......... .......... .......... .......... .......... 43% 13.1M 1s
 21600K .......... .......... .......... .......... .......... 43% 22.0M 1s
 21650K .......... .......... .......... .......... .......... 43% 16.9M 1s
 21700K .......... .......... .......... .......... .......... 43% 30.9M 1s
 21750K .......... .......... .......... .......... .......... 43% 18.1M 1s
 21800K .......... .......... .......... .......... .......... 43% 17.8M 1s
 21850K .......... .......... .......... .......... .......... 43% 15.4M 1s
 21900K .......... .......... .......... .......... .......... 43% 93.9M 1s
 21950K .......... .......... .......... .......... .......... 44% 17.9M 1s
 22000K .......... .......... .......... .......... .......... 44% 16.7M 1s
 22050K .......... .......... .......... .......... .......... 44%  116M 1s
 22100K .......... .......... .......... .......... .......... 44% 7.31M 1s
 22150K .......... .......... .......... .......... .......... 44%  114M 1s
 22200K .......... .......... .......... .......... .......... 44% 30.8M 1s
 22250K .......... .......... .......... .......... .......... 44% 49.5M 1s
 22300K .......... .......... .......... .......... .......... 44% 17.5M 1s
 22350K .......... .......... .......... .......... .......... 44% 20.3M 1s
 22400K .......... .......... .......... .......... .......... 44% 52.6M 1s
 22450K .......... .......... .......... .......... .......... 45% 11.9M 1s
 22500K .......... .......... .......... .......... .......... 45% 34.2M 1s
 22550K .......... .......... .......... .......... .......... 45% 24.7M 1s
 22600K .......... .......... .......... .......... .......... 45% 17.8M 1s
 22650K .......... .......... .......... .......... .......... 45% 15.4M 1s
 22700K .......... .......... .......... .......... .......... 45% 18.9M 1s
 22750K .......... .......... .......... .......... .......... 45% 15.2M 1s
 22800K .......... .......... .......... .......... .......... 45% 29.1M 1s
 22850K .......... .......... .......... .......... .......... 45% 14.4M 1s
 22900K .......... .......... .......... .......... .......... 45% 58.2M 1s
 22950K .......... .......... .......... .......... .......... 46% 19.5M 1s
 23000K .......... .......... .......... .......... .......... 46% 27.4M 1s
 23050K .......... .......... .......... .......... .......... 46% 16.9M 1s
 23100K .......... .......... .......... .......... .......... 46% 16.7M 1s
 23150K .......... .......... .......... .......... .......... 46%  115M 1s
 23200K .......... .......... .......... .......... .......... 46% 9.93M 1s
 23250K .......... .......... .......... .......... .......... 46% 75.1M 1s
 23300K .......... .......... .......... .......... .......... 46% 13.8M 1s
 23350K .......... .......... .......... .......... .......... 46% 5.59M 1s
 23400K .......... .......... .......... .......... .......... 46%  106M 1s
 23450K .......... .......... .......... .......... .......... 47% 12.9M 1s
 23500K .......... .......... .......... .......... .......... 47% 20.4M 1s
 23550K .......... .......... .......... .......... .......... 47% 94.6M 1s
 23600K .......... .......... .......... .......... .......... 47% 90.9M 1s
 23650K .......... .......... .......... .......... .......... 47% 99.8M 1s
 23700K .......... .......... .......... .......... .......... 47% 56.3M 1s
 23750K .......... .......... .......... .......... .......... 47% 26.1M 1s
 23800K .......... .......... .......... .......... .......... 47% 17.1M 1s
 23850K .......... .......... .......... .......... .......... 47% 37.5M 1s
 23900K .......... .......... .......... .......... .......... 47% 17.8M 1s
 23950K .......... .......... .......... .......... .......... 48% 18.0M 1s
 24000K .......... .......... .......... .......... .......... 48% 20.6M 1s
 24050K .......... .......... .......... .......... .......... 48% 11.1M 1s
 24100K .......... .......... .......... .......... .......... 48%  102M 1s
 24150K .......... .......... .......... .......... .......... 48% 35.4M 1s
 24200K .......... .......... .......... .......... .......... 48% 15.5M 1s
 24250K .......... .......... .......... .......... .......... 48% 17.7M 1s
 24300K .......... .......... .......... .......... .......... 48% 13.4M 1s
 24350K .......... .......... .......... .......... .......... 48% 61.9M 1s
 24400K .......... .......... .......... .......... .......... 49% 7.21M 1s
 24450K .......... .......... .......... .......... .......... 49%  107M 1s
 24500K .......... .......... .......... .......... .......... 49% 30.0M 1s
 24550K .......... .......... .......... .......... .......... 49% 25.0M 1s
 24600K .......... .......... .......... .......... .......... 49% 31.6M 1s
 24650K .......... .......... .......... .......... .......... 49% 45.0M 1s
 24700K .......... .......... .......... .......... .......... 49% 17.0M 1s
 24750K .......... .......... .......... .......... .......... 49% 6.36M 1s
 24800K .......... .......... .......... .......... .......... 49%  116M 1s
 24850K .......... .......... .......... .......... .......... 49% 9.50M 1s
 24900K .......... .......... .......... .......... .......... 50% 95.7M 1s
 24950K .......... .......... .......... .......... .......... 50%  109M 1s
 25000K .......... .......... .......... .......... .......... 50%  113M 1s
 25050K .......... .......... .......... .......... .......... 50% 19.6M 1s
 25100K .......... .......... .......... .......... .......... 50% 22.5M 1s
 25150K .......... .......... .......... .......... .......... 50%  115M 1s
 25200K .......... .......... .......... .......... .......... 50% 9.35M 1s
 25250K .......... .......... .......... .......... .......... 50% 46.0M 1s
 25300K .......... .......... .......... .......... .......... 50% 10.5M 1s
 25350K .......... .......... .......... .......... .......... 50%  129M 1s
 25400K .......... .......... .......... .......... .......... 51% 15.9M 1s
 25450K .......... .......... .......... .......... .......... 51% 14.2M 1s
 25500K .......... .......... .......... .......... .......... 51% 11.2M 1s
 25550K .......... .......... .......... .......... .......... 51%  113M 1s
 25600K .......... .......... .......... .......... .......... 51% 30.0M 1s
 25650K .......... .......... .......... .......... .......... 51% 21.9M 1s
 25700K .......... .......... .......... .......... .......... 51% 94.6M 1s
 25750K .......... .......... .......... .......... .......... 51% 18.0M 1s
 25800K .......... .......... .......... .......... .......... 51% 25.0M 1s
 25850K .......... .......... .......... .......... .......... 51% 5.43M 1s
 25900K .......... .......... .......... .......... .......... 52% 74.6M 1s
 25950K .......... .......... .......... .......... .......... 52%  126M 1s
 26000K .......... .......... .......... .......... .......... 52% 25.8M 1s
 26050K .......... .......... .......... .......... .......... 52%  107M 1s
 26100K .......... .......... .......... .......... .......... 52% 16.1M 1s
 26150K .......... .......... .......... .......... .......... 52% 20.7M 1s
 26200K .......... .......... .......... .......... .......... 52% 11.8M 1s
 26250K .......... .......... .......... .......... .......... 52%  121M 1s
 26300K .......... .......... .......... .......... .......... 52% 33.5M 1s
 26350K .......... .......... .......... .......... .......... 52% 13.0M 1s
 26400K .......... .......... .......... .......... .......... 53% 10.9M 1s
 26450K .......... .......... .......... .......... .......... 53% 72.4M 1s
 26500K .......... .......... .......... .......... .......... 53% 25.6M 1s
 26550K .......... .......... .......... .......... .......... 53% 19.8M 1s
 26600K .......... .......... .......... .......... .......... 53% 43.2M 1s
 26650K .......... .......... .......... .......... .......... 53% 17.3M 1s
 26700K .......... .......... .......... .......... .......... 53% 18.4M 1s
 26750K .......... .......... .......... .......... .......... 53% 20.8M 1s
 26800K .......... .......... .......... .......... .......... 53% 37.0M 1s
 26850K .......... .......... .......... .......... .......... 53% 21.1M 1s
 26900K .......... .......... .......... .......... .......... 54% 15.2M 1s
 26950K .......... .......... .......... .......... .......... 54% 20.3M 1s
 27000K .......... .......... .......... .......... .......... 54% 74.8M 1s
 27050K .......... .......... .......... .......... .......... 54% 23.3M 1s
 27100K .......... .......... .......... .......... .......... 54% 9.55M 1s
 27150K .......... .......... .......... .......... .......... 54%  100M 1s
 27200K .......... .......... .......... .......... .......... 54% 26.5M 1s
 27250K .......... .......... .......... .......... .......... 54% 11.0M 1s
 27300K .......... .......... .......... .......... .......... 54% 54.7M 1s
 27350K .......... .......... .......... .......... .......... 54% 11.0M 1s
 27400K .......... .......... .......... .......... .......... 55% 16.8M 1s
 27450K .......... .......... .......... .......... .......... 55% 5.68M 1s
 27500K .......... .......... .......... .......... .......... 55% 73.0M 1s
 27550K .......... .......... .......... .......... .......... 55% 97.0M 1s
 27600K .......... .......... .......... .......... .......... 55% 92.1M 1s
 27650K .......... .......... .......... .......... .......... 55%  110M 1s
 27700K .......... .......... .......... .......... .......... 55% 39.8M 1s
 27750K .......... .......... .......... .......... .......... 55% 33.1M 1s
 27800K .......... .......... .......... .......... .......... 55% 15.6M 1s
 27850K .......... .......... .......... .......... .......... 55% 21.5M 1s
 27900K .......... .......... .......... .......... .......... 56% 20.4M 1s
 27950K .......... .......... .......... .......... .......... 56% 19.3M 1s
 28000K .......... .......... .......... .......... .......... 56% 50.6M 1s
 28050K .......... .......... .......... .......... .......... 56% 21.5M 1s
 28100K .......... .......... .......... .......... .......... 56% 14.3M 1s
 28150K .......... .......... .......... .......... .......... 56% 26.4M 1s
 28200K .......... .......... .......... .......... .......... 56% 19.4M 1s
 28250K .......... .......... .......... .......... .......... 56% 8.70M 1s
 28300K .......... .......... .......... .......... .......... 56% 69.6M 1s
 28350K .......... .......... .......... .......... .......... 56% 24.0M 1s
 28400K .......... .......... .......... .......... .......... 57% 17.6M 1s
 28450K .......... .......... .......... .......... .......... 57% 25.0M 1s
 28500K .......... .......... .......... .......... .......... 57% 14.2M 1s
 28550K .......... .......... .......... .......... .......... 57% 59.2M 1s
 28600K .......... .......... .......... .......... .......... 57% 19.9M 1s
 28650K .......... .......... .......... .......... .......... 57% 20.9M 1s
 28700K .......... .......... .......... .......... .......... 57% 24.2M 1s
 28750K .......... .......... .......... .......... .......... 57% 17.7M 1s
 28800K .......... .......... .......... .......... .......... 57% 30.6M 1s
 28850K .......... .......... .......... .......... .......... 57% 14.5M 1s
 28900K .......... .......... .......... .......... .......... 58% 26.4M 1s
 28950K .......... .......... .......... .......... .......... 58% 28.4M 1s
 29000K .......... .......... .......... .......... .......... 58% 27.4M 1s
 29050K .......... .......... .......... .......... .......... 58% 27.0M 1s
 29100K .......... .......... .......... .......... .......... 58% 10.3M 1s
 29150K .......... .......... .......... .......... .......... 58% 71.8M 1s
 29200K .......... .......... .......... .......... .......... 58% 10.8M 1s
 29250K .......... .......... .......... .......... .......... 58% 39.9M 1s
 29300K .......... .......... .......... .......... .......... 58% 18.9M 1s
 29350K .......... .......... .......... .......... .......... 58% 21.7M 1s
 29400K .......... .......... .......... .......... .......... 59% 15.6M 1s
 29450K .......... .......... .......... .......... .......... 59% 52.5M 1s
 29500K .......... .......... .......... .......... .......... 59% 11.2M 1s
 29550K .......... .......... .......... .......... .......... 59% 18.7M 1s
 29600K .......... .......... .......... .......... .......... 59% 15.9M 1s
 29650K .......... .......... .......... .......... .......... 59% 49.8M 1s
 29700K .......... .......... .......... .......... .......... 59% 43.0M 1s
 29750K .......... .......... .......... .......... .......... 59% 14.8M 1s
 29800K .......... .......... .......... .......... .......... 59% 99.4M 1s
 29850K .......... .......... .......... .......... .......... 59% 23.2M 1s
 29900K .......... .......... .......... .......... .......... 60% 16.1M 1s
 29950K .......... .......... .......... .......... .......... 60% 9.82M 1s
 30000K .......... .......... .......... .......... .......... 60%  112M 1s
 30050K .......... .......... .......... .......... .......... 60%  101M 1s
 30100K .......... .......... .......... .......... .......... 60% 10.4M 1s
 30150K .......... .......... .......... .......... .......... 60% 79.5M 1s
 30200K .......... .......... .......... .......... .......... 60% 7.32M 1s
 30250K .......... .......... .......... .......... .......... 60% 5.99M 1s
 30300K .......... .......... .......... .......... .......... 60% 6.05M 1s
 30350K .......... .......... .......... .......... .......... 60% 76.1M 1s
 30400K .......... .......... .......... .......... .......... 61% 87.9M 1s
 30450K .......... .......... .......... .......... .......... 61% 88.7M 1s
 30500K .......... .......... .......... .......... .......... 61%  108M 1s
 30550K .......... .......... .......... .......... .......... 61%  123M 1s
 30600K .......... .......... .......... .......... .......... 61%  125M 1s
 30650K .......... .......... .......... .......... .......... 61%  120M 1s
 30700K .......... .......... .......... .......... .......... 61% 16.7M 1s
 30750K .......... .......... .......... .......... .......... 61%  123M 1s
 30800K .......... .......... .......... .......... .......... 61% 8.79M 1s
 30850K .......... .......... .......... .......... .......... 61%  113M 1s
 30900K .......... .......... .......... .......... .......... 62% 25.9M 1s
 30950K .......... .......... .......... .......... .......... 62%  124M 1s
 31000K .......... .......... .......... .......... .......... 62% 18.0M 1s
 31050K .......... .......... .......... .......... .......... 62% 56.8M 1s
 31100K .......... .......... .......... .......... .......... 62% 12.4M 1s
 31150K .......... .......... .......... .......... .......... 62% 13.8M 1s
 31200K .......... .......... .......... .......... .......... 62%  123M 1s
 31250K .......... .......... .......... .......... .......... 62% 12.2M 1s
 31300K .......... .......... .......... .......... .......... 62% 17.4M 1s
 31350K .......... .......... .......... .......... .......... 62% 26.3M 1s
 31400K .......... .......... .......... .......... .......... 63% 29.5M 1s
 31450K .......... .......... .......... .......... .......... 63% 10.9M 1s
 31500K .......... .......... .......... .......... .......... 63% 17.3M 1s
 31550K .......... .......... .......... .......... .......... 63% 42.7M 1s
 31600K .......... .......... .......... .......... .......... 63% 22.2M 1s
 31650K .......... .......... .......... .......... .......... 63% 34.3M 1s
 31700K .......... .......... .......... .......... .......... 63% 22.4M 1s
 31750K .......... .......... .......... .......... .......... 63% 10.4M 1s
 31800K .......... .......... .......... .......... .......... 63% 84.6M 1s
 31850K .......... .......... .......... .......... .......... 63% 35.4M 1s
 31900K .......... .......... .......... .......... .......... 64% 28.0M 1s
 31950K .......... .......... .......... .......... .......... 64% 14.5M 1s
 32000K .......... .......... .......... .......... .......... 64% 38.2M 1s
 32050K .......... .......... .......... .......... .......... 64% 17.3M 1s
 32100K .......... .......... .......... .......... .......... 64% 24.9M 1s
 32150K .......... .......... .......... .......... .......... 64% 13.9M 1s
 32200K .......... .......... .......... .......... .......... 64%  102M 1s
 32250K .......... .......... .......... .......... .......... 64% 14.4M 1s
 32300K .......... .......... .......... .......... .......... 64% 9.55M 1s
 32350K .......... .......... .......... .......... .......... 64% 58.0M 1s
 32400K .......... .......... .......... .......... .......... 65% 22.7M 1s
 32450K .......... .......... .......... .......... .......... 65% 27.0M 1s
 32500K .......... .......... .......... .......... .......... 65% 9.30M 1s
 32550K .......... .......... .......... .......... .......... 65% 24.6M 1s
 32600K .......... .......... .......... .......... .......... 65% 38.8M 1s
 32650K .......... .......... .......... .......... .......... 65% 69.8M 1s
 32700K .......... .......... .......... .......... .......... 65% 6.62M 1s
 32750K .......... .......... .......... .......... .......... 65% 27.5M 1s
 32800K .......... .......... .......... .......... .......... 65% 33.5M 1s
 32850K .......... .......... .......... .......... .......... 65% 24.5M 1s
 32900K .......... .......... .......... .......... .......... 66% 93.0M 1s
 32950K .......... .......... .......... .......... .......... 66%  135M 1s
 33000K .......... .......... .......... .......... .......... 66% 28.0M 1s
 33050K .......... .......... .......... .......... .......... 66% 16.7M 1s
 33100K .......... .......... .......... .......... .......... 66% 13.5M 1s
 33150K .......... .......... .......... .......... .......... 66% 27.9M 1s
 33200K .......... .......... .......... .......... .......... 66% 8.45M 1s
 33250K .......... .......... .......... .......... .......... 66%  100M 1s
 33300K .......... .......... .......... .......... .......... 66% 13.0M 1s
 33350K .......... .......... .......... .......... .......... 66%  108M 1s
 33400K .......... .......... .......... .......... .......... 67% 14.5M 1s
 33450K .......... .......... .......... .......... .......... 67% 12.9M 1s
 33500K .......... .......... .......... .......... .......... 67% 17.1M 1s
 33550K .......... .......... .......... .......... .......... 67% 61.1M 1s
 33600K .......... .......... .......... .......... .......... 67% 33.7M 1s
 33650K .......... .......... .......... .......... .......... 67% 22.6M 1s
 33700K .......... .......... .......... .......... .......... 67% 42.0M 1s
 33750K .......... .......... .......... .......... .......... 67% 18.7M 1s
 33800K .......... .......... .......... .......... .......... 67% 15.7M 1s
 33850K .......... .......... .......... .......... .......... 67% 30.2M 1s
 33900K .......... .......... .......... .......... .......... 68% 16.6M 1s
 33950K .......... .......... .......... .......... .......... 68%  113M 1s
 34000K .......... .......... .......... .......... .......... 68% 20.6M 1s
 34050K .......... .......... .......... .......... .......... 68% 18.6M 1s
 34100K .......... .......... .......... .......... .......... 68% 6.52M 1s
 34150K .......... .......... .......... .......... .......... 68% 23.7M 1s
 34200K .......... .......... .......... .......... .......... 68% 75.9M 1s
 34250K .......... .......... .......... .......... .......... 68% 16.6M 1s
 34300K .......... .......... .......... .......... .......... 68% 95.3M 1s
 34350K .......... .......... .......... .......... .......... 68% 15.6M 1s
 34400K .......... .......... .......... .......... .......... 69% 27.1M 1s
 34450K .......... .......... .......... .......... .......... 69% 27.9M 1s
 34500K .......... .......... .......... .......... .......... 69% 16.6M 1s
 34550K .......... .......... .......... .......... .......... 69% 17.6M 1s
 34600K .......... .......... .......... .......... .......... 69% 28.8M 1s
 34650K .......... .......... .......... .......... .......... 69% 22.1M 1s
 34700K .......... .......... .......... .......... .......... 69% 16.8M 1s
 34750K .......... .......... .......... .......... .......... 69% 50.9M 1s
 34800K .......... .......... .......... .......... .......... 69% 33.0M 1s
 34850K .......... .......... .......... .......... .......... 69% 11.4M 1s
 34900K .......... .......... .......... .......... .......... 70% 33.0M 1s
 34950K .......... .......... .......... .......... .......... 70% 16.9M 1s
 35000K .......... .......... .......... .......... .......... 70% 45.2M 1s
 35050K .......... .......... .......... .......... .......... 70% 47.5M 1s
 35100K .......... .......... .......... .......... .......... 70% 11.5M 1s
 35150K .......... .......... .......... .......... .......... 70% 30.6M 1s
 35200K .......... .......... .......... .......... .......... 70% 7.69M 1s
 35250K .......... .......... .......... .......... .......... 70% 89.8M 1s
 35300K .......... .......... .......... .......... .......... 70% 62.4M 1s
 35350K .......... .......... .......... .......... .......... 70% 7.66M 1s
 35400K .......... .......... .......... .......... .......... 71%  123M 1s
 35450K .......... .......... .......... .......... .......... 71% 51.8M 1s
 35500K .......... .......... .......... .......... .......... 71% 9.96M 1s
 35550K .......... .......... .......... .......... .......... 71% 81.5M 1s
 35600K .......... .......... .......... .......... .......... 71% 13.1M 1s
 35650K .......... .......... .......... .......... .......... 71%  104M 1s
 35700K .......... .......... .......... .......... .......... 71% 17.7M 1s
 35750K .......... .......... .......... .......... .......... 71%  112M 1s
 35800K .......... .......... .......... .......... .......... 71% 22.4M 1s
 35850K .......... .......... .......... .......... .......... 71% 21.5M 1s
 35900K .......... .......... .......... .......... .......... 72% 21.1M 1s
 35950K .......... .......... .......... .......... .......... 72% 18.0M 1s
 36000K .......... .......... .......... .......... .......... 72% 15.7M 1s
 36050K .......... .......... .......... .......... .......... 72% 24.3M 1s
 36100K .......... .......... .......... .......... .......... 72% 58.6M 1s
 36150K .......... .......... .......... .......... .......... 72% 18.7M 1s
 36200K .......... .......... .......... .......... .......... 72% 8.05M 1s
 36250K .......... .......... .......... .......... .......... 72% 25.2M 1s
 36300K .......... .......... .......... .......... .......... 72% 5.82M 1s
 36350K .......... .......... .......... .......... .......... 72% 86.8M 1s
 36400K .......... .......... .......... .......... .......... 73%  106M 1s
 36450K .......... .......... .......... .......... .......... 73% 5.73M 1s
 36500K .......... .......... .......... .......... .......... 73% 28.5M 1s
 36550K .......... .......... .......... .......... .......... 73% 15.8M 1s
 36600K .......... .......... .......... .......... .......... 73% 78.2M 1s
 36650K .......... .......... .......... .......... .......... 73% 88.8M 1s
 36700K .......... .......... .......... .......... .......... 73% 79.8M 1s
 36750K .......... .......... .......... .......... .......... 73% 96.3M 1s
 36800K .......... .......... .......... .......... .......... 73%  142M 1s
 36850K .......... .......... .......... .......... .......... 73%  149M 1s
 36900K .......... .......... .......... .......... .......... 74% 27.1M 1s
 36950K .......... .......... .......... .......... .......... 74% 14.4M 1s
 37000K .......... .......... .......... .......... .......... 74% 27.6M 1s
 37050K .......... .......... .......... .......... .......... 74% 18.3M 1s
 37100K .......... .......... .......... .......... .......... 74% 18.1M 1s
 37150K .......... .......... .......... .......... .......... 74% 63.9M 1s
 37200K .......... .......... .......... .......... .......... 74% 10.1M 1s
 37250K .......... .......... .......... .......... .......... 74% 40.8M 1s
 37300K .......... .......... .......... .......... .......... 74% 22.7M 1s
 37350K .......... .......... .......... .......... .......... 74% 4.67M 1s
 37400K .......... .......... .......... .......... .......... 75% 20.7M 1s
 37450K .......... .......... .......... .......... .......... 75% 19.1M 1s
 37500K .......... .......... .......... .......... .......... 75% 6.96M 1s
 37550K .......... .......... .......... .......... .......... 75% 81.7M 1s
 37600K .......... .......... .......... .......... .......... 75% 95.2M 1s
 37650K .......... .......... .......... .......... .......... 75%  151M 1s
 37700K .......... .......... .......... .......... .......... 75% 17.6M 1s
 37750K .......... .......... .......... .......... .......... 75% 52.2M 1s
 37800K .......... .......... .......... .......... .......... 75%  117M 1s
 37850K .......... .......... .......... .......... .......... 75% 21.7M 1s
 37900K .......... .......... .......... .......... .......... 76% 24.5M 1s
 37950K .......... .......... .......... .......... .......... 76%  121M 1s
 38000K .......... .......... .......... .......... .......... 76% 71.3M 1s
 38050K .......... .......... .......... .......... .......... 76% 35.3M 1s
 38100K .......... .......... .......... .......... .......... 76% 3.52M 1s
 38150K .......... .......... .......... .......... .......... 76%  100M 1s
 38200K .......... .......... .......... .......... .......... 76% 9.70M 1s
 38250K .......... .......... .......... .......... .......... 76%  114M 1s
 38300K .......... .......... .......... .......... .......... 76% 38.0M 1s
 38350K .......... .......... .......... .......... .......... 76% 80.9M 1s
 38400K .......... .......... .......... .......... .......... 77% 85.8M 1s
 38450K .......... .......... .......... .......... .......... 77%  130M 1s
 38500K .......... .......... .......... .......... .......... 77%  124M 1s
 38550K .......... .......... .......... .......... .......... 77% 8.29M 1s
 38600K .......... .......... .......... .......... .......... 77% 21.6M 1s
 38650K .......... .......... .......... .......... .......... 77% 59.7M 1s
 38700K .......... .......... .......... .......... .......... 77% 21.9M 1s
 38750K .......... .......... .......... .......... .......... 77% 42.5M 1s
 38800K .......... .......... .......... .......... .......... 77% 31.3M 1s
 38850K .......... .......... .......... .......... .......... 77% 12.6M 1s
 38900K .......... .......... .......... .......... .......... 78% 41.2M 1s
 38950K .......... .......... .......... .......... .......... 78% 13.4M 1s
 39000K .......... .......... .......... .......... .......... 78% 14.6M 1s
 39050K .......... .......... .......... .......... .......... 78% 5.06M 1s
 39100K .......... .......... .......... .......... .......... 78%  112M 1s
 39150K .......... .......... .......... .......... .......... 78%  135M 1s
 39200K .......... .......... .......... .......... .......... 78%  158M 1s
 39250K .......... .......... .......... .......... .......... 78%  183M 0s
 39300K .......... .......... .......... .......... .......... 78% 38.0M 0s
 39350K .......... .......... .......... .......... .......... 78% 18.0M 0s
 39400K .......... .......... .......... .......... .......... 79% 30.3M 0s
 39450K .......... .......... .......... .......... .......... 79% 22.9M 0s
 39500K .......... .......... .......... .......... .......... 79% 22.1M 0s
 39550K .......... .......... .......... .......... .......... 79% 7.60M 0s
 39600K .......... .......... .......... .......... .......... 79% 30.0M 0s
 39650K .......... .......... .......... .......... .......... 79% 51.4M 0s
 39700K .......... .......... .......... .......... .......... 79% 13.6M 0s
 39750K .......... .......... .......... .......... .......... 79% 37.3M 0s
 39800K .......... .......... .......... .......... .......... 79% 28.1M 0s
 39850K .......... .......... .......... .......... .......... 79%  121M 0s
 39900K .......... .......... .......... .......... .......... 80% 20.7M 0s
 39950K .......... .......... .......... .......... .......... 80% 13.4M 0s
 40000K .......... .......... .......... .......... .......... 80% 23.8M 0s
 40050K .......... .......... .......... .......... .......... 80% 25.2M 0s
 40100K .......... .......... .......... .......... .......... 80% 14.4M 0s
 40150K .......... .......... .......... .......... .......... 80% 24.0M 0s
 40200K .......... .......... .......... .......... .......... 80%  103M 0s
 40250K .......... .......... .......... .......... .......... 80% 8.66M 0s
 40300K .......... .......... .......... .......... .......... 80% 12.4M 0s
 40350K .......... .......... .......... .......... .......... 80% 30.6M 0s
 40400K .......... .......... .......... .......... .......... 81% 33.1M 0s
 40450K .......... .......... .......... .......... .......... 81% 48.2M 0s
 40500K .......... .......... .......... .......... .......... 81% 23.0M 0s
 40550K .......... .......... .......... .......... .......... 81% 30.0M 0s
 40600K .......... .......... .......... .......... .......... 81% 8.87M 0s
 40650K .......... .......... .......... .......... .......... 81% 39.2M 0s
 40700K .......... .......... .......... .......... .......... 81% 26.5M 0s
 40750K .......... .......... .......... .......... .......... 81% 17.7M 0s
 40800K .......... .......... .......... .......... .......... 81% 27.8M 0s
 40850K .......... .......... .......... .......... .......... 81% 16.6M 0s
 40900K .......... .......... .......... .......... .......... 82% 29.0M 0s
 40950K .......... .......... .......... .......... .......... 82% 24.9M 0s
 41000K .......... .......... .......... .......... .......... 82% 23.1M 0s
 41050K .......... .......... .......... .......... .......... 82% 95.0M 0s
 41100K .......... .......... .......... .......... .......... 82% 15.6M 0s
 41150K .......... .......... .......... .......... .......... 82% 47.7M 0s
 41200K .......... .......... .......... .......... .......... 82% 10.4M 0s
 41250K .......... .......... .......... .......... .......... 82% 29.8M 0s
 41300K .......... .......... .......... .......... .......... 82% 7.50M 0s
 41350K .......... .......... .......... .......... .......... 82% 24.5M 0s
 41400K .......... .......... .......... .......... .......... 83% 38.0M 0s
 41450K .......... .......... .......... .......... .......... 83% 61.9M 0s
 41500K .......... .......... .......... .......... .......... 83% 20.0M 0s
 41550K .......... .......... .......... .......... .......... 83% 13.3M 0s
 41600K .......... .......... .......... .......... .......... 83% 12.4M 0s
 41650K .......... .......... .......... .......... .......... 83% 12.8M 0s
 41700K .......... .......... .......... .......... .......... 83% 94.5M 0s
 41750K .......... .......... .......... .......... .......... 83% 50.8M 0s
 41800K .......... .......... .......... .......... .......... 83% 11.9M 0s
 41850K .......... .......... .......... .......... .......... 83%  100M 0s
 41900K .......... .......... .......... .......... .......... 84% 43.7M 0s
 41950K .......... .......... .......... .......... .......... 84% 25.8M 0s
 42000K .......... .......... .......... .......... .......... 84% 23.7M 0s
 42050K .......... .......... .......... .......... .......... 84% 61.5M 0s
 42100K .......... .......... .......... .......... .......... 84% 16.6M 0s
 42150K .......... .......... .......... .......... .......... 84% 41.4M 0s
 42200K .......... .......... .......... .......... .......... 84% 2.05M 0s
 42250K .......... .......... .......... .......... .......... 84% 70.2M 0s
 42300K .......... .......... .......... .......... .......... 84% 66.2M 0s
 42350K .......... .......... .......... .......... .......... 84%  125M 0s
 42400K .......... .......... .......... .......... .......... 85%  120M 0s
 42450K .......... .......... .......... .......... .......... 85%  119M 0s
 42500K .......... .......... .......... .......... .......... 85%  117M 0s
 42550K .......... .......... .......... .......... .......... 85%  136M 0s
 42600K .......... .......... .......... .......... .......... 85% 24.0M 0s
 42650K .......... .......... .......... .......... .......... 85%  124M 0s
 42700K .......... .......... .......... .......... .......... 85% 25.7M 0s
 42750K .......... .......... .......... .......... .......... 85%  125M 0s
 42800K .......... .......... .......... .......... .......... 85% 6.36M 0s
 42850K .......... .......... .......... .......... .......... 85%  121M 0s
 42900K .......... .......... .......... .......... .......... 86%  116M 0s
 42950K .......... .......... .......... .......... .......... 86% 18.9M 0s
 43000K .......... .......... .......... .......... .......... 86%  111M 0s
 43050K .......... .......... .......... .......... .......... 86%  139M 0s
 43100K .......... .......... .......... .......... .......... 86% 12.3M 0s
 43150K .......... .......... .......... .......... .......... 86% 53.6M 0s
 43200K .......... .......... .......... .......... .......... 86% 15.7M 0s
 43250K .......... .......... .......... .......... .......... 86% 16.1M 0s
 43300K .......... .......... .......... .......... .......... 86% 13.3M 0s
 43350K .......... .......... .......... .......... .......... 86% 4.92M 0s
 43400K .......... .......... .......... .......... .......... 87%  122M 0s
 43450K .......... .......... .......... .......... .......... 87%  123M 0s
 43500K .......... .......... .......... .......... .......... 87% 9.57M 0s
 43550K .......... .......... .......... .......... .......... 87% 63.7M 0s
 43600K .......... .......... .......... .......... .......... 87% 13.1M 0s
 43650K .......... .......... .......... .......... .......... 87%  121M 0s
 43700K .......... .......... .......... .......... .......... 87% 39.0M 0s
 43750K .......... .......... .......... .......... .......... 87%  119M 0s
 43800K .......... .......... .......... .......... .......... 87%  122M 0s
 43850K .......... .......... .......... .......... .......... 87% 50.2M 0s
 43900K .......... .......... .......... .......... .......... 88% 3.81M 0s
 43950K .......... .......... .......... .......... .......... 88% 58.2M 0s
 44000K .......... .......... .......... .......... .......... 88%  123M 0s
 44050K .......... .......... .......... .......... .......... 88%  118M 0s
 44100K .......... .......... .......... .......... .......... 88%  116M 0s
 44150K .......... .......... .......... .......... .......... 88%  110M 0s
 44200K .......... .......... .......... .......... .......... 88%  123M 0s
 44250K .......... .......... .......... .......... .......... 88% 10.4M 0s
 44300K .......... .......... .......... .......... .......... 88% 13.1M 0s
 44350K .......... .......... .......... .......... .......... 88% 19.7M 0s
 44400K .......... .......... .......... .......... .......... 89% 15.6M 0s
 44450K .......... .......... .......... .......... .......... 89% 22.2M 0s
 44500K .......... .......... .......... .......... .......... 89% 15.0M 0s
 44550K .......... .......... .......... .......... .......... 89%  122M 0s
 44600K .......... .......... .......... .......... .......... 89% 26.7M 0s
 44650K .......... .......... .......... .......... .......... 89% 16.1M 0s
 44700K .......... .......... .......... .......... .......... 89% 20.3M 0s
 44750K .......... .......... .......... .......... .......... 89% 33.9M 0s
 44800K .......... .......... .......... .......... .......... 89% 45.4M 0s
 44850K .......... .......... .......... .......... .......... 89% 16.6M 0s
 44900K .......... .......... .......... .......... .......... 90% 18.3M 0s
 44950K .......... .......... .......... .......... .......... 90% 85.8M 0s
 45000K .......... .......... .......... .......... .......... 90% 27.5M 0s
 45050K .......... .......... .......... .......... .......... 90% 19.8M 0s
 45100K .......... .......... .......... .......... .......... 90% 15.5M 0s
 45150K .......... .......... .......... .......... .......... 90% 31.0M 0s
 45200K .......... .......... .......... .......... .......... 90% 6.58M 0s
 45250K .......... .......... .......... .......... .......... 90% 16.9M 0s
 45300K .......... .......... .......... .......... .......... 90% 9.13M 0s
 45350K .......... .......... .......... .......... .......... 90% 24.0M 0s
 45400K .......... .......... .......... .......... .......... 91%  117M 0s
 45450K .......... .......... .......... .......... .......... 91%  133M 0s
 45500K .......... .......... .......... .......... .......... 91% 22.3M 0s
 45550K .......... .......... .......... .......... .......... 91% 40.4M 0s
 45600K .......... .......... .......... .......... .......... 91% 14.6M 0s
 45650K .......... .......... .......... .......... .......... 91% 16.9M 0s
 45700K .......... .......... .......... .......... .......... 91% 35.5M 0s
 45750K .......... .......... .......... .......... .......... 91% 11.2M 0s
 45800K .......... .......... .......... .......... .......... 91%  134M 0s
 45850K .......... .......... .......... .......... .......... 91% 24.0M 0s
 45900K .......... .......... .......... .......... .......... 92% 53.1M 0s
 45950K .......... .......... .......... .......... .......... 92% 42.5M 0s
 46000K .......... .......... .......... .......... .......... 92% 9.11M 0s
 46050K .......... .......... .......... .......... .......... 92%  123M 0s
 46100K .......... .......... .......... .......... .......... 92% 35.3M 0s
 46150K .......... .......... .......... .......... .......... 92%  126M 0s
 46200K .......... .......... .......... .......... .......... 92% 21.9M 0s
 46250K .......... .......... .......... .......... .......... 92% 11.3M 0s
 46300K .......... .......... .......... .......... .......... 92% 18.3M 0s
 46350K .......... .......... .......... .......... .......... 92% 8.44M 0s
 46400K .......... .......... .......... .......... .......... 93% 21.0M 0s
 46450K .......... .......... .......... .......... .......... 93% 13.6M 0s
 46500K .......... .......... .......... .......... .......... 93% 55.8M 0s
 46550K .......... .......... .......... .......... .......... 93% 24.8M 0s
 46600K .......... .......... .......... .......... .......... 93% 26.2M 0s
 46650K .......... .......... .......... .......... .......... 93% 12.4M 0s
 46700K .......... .......... .......... .......... .......... 93% 49.3M 0s
 46750K .......... .......... .......... .......... .......... 93% 22.1M 0s
 46800K .......... .......... .......... .......... .......... 93% 36.3M 0s
 46850K .......... .......... .......... .......... .......... 93% 21.8M 0s
 46900K .......... .......... .......... .......... .......... 94% 23.9M 0s
 46950K .......... .......... .......... .......... .......... 94% 80.6M 0s
 47000K .......... .......... .......... .......... .......... 94% 15.4M 0s
 47050K .......... .......... .......... .......... .......... 94% 48.4M 0s
 47100K .......... .......... .......... .......... .......... 94% 20.2M 0s
 47150K .......... .......... .......... .......... .......... 94% 22.6M 0s
 47200K .......... .......... .......... .......... .......... 94% 31.4M 0s
 47250K .......... .......... .......... .......... .......... 94% 11.1M 0s
 47300K .......... .......... .......... .......... .......... 94% 11.9M 0s
 47350K .......... .......... .......... .......... .......... 94% 11.8M 0s
 47400K .......... .......... .......... .......... .......... 95% 10.1M 0s
 47450K .......... .......... .......... .......... .......... 95% 37.4M 0s
 47500K .......... .......... .......... .......... .......... 95% 87.6M 0s
 47550K .......... .......... .......... .......... .......... 95% 32.2M 0s
 47600K .......... .......... .......... .......... .......... 95% 5.72M 0s
 47650K .......... .......... .......... .......... .......... 95% 75.8M 0s
 47700K .......... .......... .......... .......... .......... 95%  110M 0s
 47750K .......... .......... .......... .......... .......... 95% 20.9M 0s
 47800K .......... .......... .......... .......... .......... 95% 97.7M 0s
 47850K .......... .......... .......... .......... .......... 95% 83.9M 0s
 47900K .......... .......... .......... .......... .......... 96% 20.6M 0s
 47950K .......... .......... .......... .......... .......... 96% 18.8M 0s
 48000K .......... .......... .......... .......... .......... 96% 13.3M 0s
 48050K .......... .......... .......... .......... .......... 96% 51.8M 0s
 48100K .......... .......... .......... .......... .......... 96% 97.1M 0s
 48150K .......... .......... .......... .......... .......... 96% 20.3M 0s
 48200K .......... .......... .......... .......... .......... 96% 86.6M 0s
 48250K .......... .......... .......... .......... .......... 96% 11.2M 0s
 48300K .......... .......... .......... .......... .......... 96% 19.3M 0s
 48350K .......... .......... .......... .......... .......... 97% 3.86M 0s
 48400K .......... .......... .......... .......... .......... 97% 94.0M 0s
 48450K .......... .......... .......... .......... .......... 97% 96.0M 0s
 48500K .......... .......... .......... .......... .......... 97% 22.0M 0s
 48550K .......... .......... .......... .......... .......... 97% 69.0M 0s
 48600K .......... .......... .......... .......... .......... 97% 96.8M 0s
 48650K .......... .......... .......... .......... .......... 97%  139M 0s
 48700K .......... .......... .......... .......... .......... 97% 9.88M 0s
 48750K .......... .......... .......... .......... .......... 97% 13.7M 0s
 48800K .......... .......... .......... .......... .......... 97%  129M 0s
 48850K .......... .......... .......... .......... .......... 98% 48.2M 0s
 48900K .......... .......... .......... .......... .......... 98% 29.9M 0s
 48950K .......... .......... .......... .......... .......... 98% 3.49M 0s
 49000K .......... .......... .......... .......... .......... 98% 16.0M 0s
 49050K .......... .......... .......... .......... .......... 98% 22.4M 0s
 49100K .......... .......... .......... .......... .......... 98% 7.12M 0s
 49150K .......... .......... .......... .......... .......... 98% 71.6M 0s
 49200K .......... .......... .......... .......... .......... 98% 74.4M 0s
 49250K .......... .......... .......... .......... .......... 98% 74.9M 0s
 49300K .......... .......... .......... .......... .......... 98%  113M 0s
 49350K .......... .......... .......... .......... .......... 99%  136M 0s
 49400K .......... .......... .......... .......... .......... 99% 29.9M 0s
 49450K .......... .......... .......... .......... .......... 99% 92.7M 0s
 49500K .......... .......... .......... .......... .......... 99% 91.1M 0s
 49550K .......... .......... .......... .......... .......... 99% 25.2M 0s
 49600K .......... .......... .......... .......... .......... 99% 13.5M 0s
 49650K .......... .......... .......... .......... .......... 99% 82.3M 0s
 49700K .......... .......... .......... .......... .......... 99%  120M 0s
 49750K .......... .......... .......... .......... .......... 99%  150M 0s
 49800K .......... .......... .......... .......... .......... 99%  145M 0s
 49850K .......... .......... .......... .......... ......    100%  120M=2.3s

2021-03-26 16:59:47 (20.8 MB/s) - `miniconda.sh' saved [51093759/51093759]


travis_time:end:0149df41:start=1616777984605454641,finish=1616777987540426970,duration=2934972329[0Ktravis_fold:end:before_install.1[0Ktravis_fold:start:before_install.2[0Ktravis_time:start:0cd39a1d[0K$ chmod +x miniconda.sh

travis_time:end:0cd39a1d:start=1616777987550440701,finish=1616777987560282786,duration=9842085[0Ktravis_fold:end:before_install.2[0Ktravis_fold:start:before_install.3[0Ktravis_time:start:1365a9e3[0K$ ./miniconda.sh -b
PREFIX=/home/travis/miniconda2
Unpacking payload ...
  0%|          | 0/37 [00:00<?, ?it/s]Extracting : python-2.7.18-h15b4118_1.conda:   0%|          | 0/37 [00:00<?, ?it/s]Extracting : python-2.7.18-h15b4118_1.conda:   3%|▎         | 1/37 [00:00<00:19,  1.89it/s]Extracting : _libgcc_mutex-0.1-main.conda:   3%|▎         | 1/37 [00:00<00:19,  1.89it/s]  Extracting : ca-certificates-2020.1.1-0.conda:   5%|▌         | 2/37 [00:00<00:18,  1.89it/s]Extracting : libstdcxx-ng-9.1.0-hdf63c60_0.conda:   8%|▊         | 3/37 [00:00<00:17,  1.89it/s]Extracting : libgcc-ng-9.1.0-hdf63c60_0.conda:  11%|█         | 4/37 [00:00<00:17,  1.89it/s]   Extracting : libffi-3.3-he6710b0_1.conda:  14%|█▎        | 5/37 [00:00<00:16,  1.89it/s]     Extracting : ncurses-6.2-he6710b0_1.conda:  16%|█▌        | 6/37 [00:00<00:16,  1.89it/s]Extracting : openssl-1.1.1g-h7b6447c_0.conda:  19%|█▉        | 7/37 [00:00<00:15,  1.89it/s]Extracting : yaml-0.1.7-had09818_2.conda:  22%|██▏       | 8/37 [00:00<00:15,  1.89it/s]    Extracting : zlib-1.2.11-h7b6447c_3.conda:  24%|██▍       | 9/37 [00:00<00:14,  1.89it/s]Extracting : libedit-3.1.20181209-hc058e9b_0.conda:  27%|██▋       | 10/37 [00:00<00:14,  1.89it/s]Extracting : readline-8.0-h7b6447c_0.conda:  30%|██▉       | 11/37 [00:00<00:13,  1.89it/s]        Extracting : tk-8.6.8-hbc83047_0.conda:  32%|███▏      | 12/37 [00:00<00:13,  1.89it/s]    Extracting : sqlite-3.31.1-h62c20be_1.conda:  35%|███▌      | 13/37 [00:00<00:12,  1.89it/s]Extracting : asn1crypto-1.3.0-py27_0.conda:  38%|███▊      | 14/37 [00:00<00:12,  1.89it/s] Extracting : certifi-2019.11.28-py27_0.conda:  41%|████      | 15/37 [00:00<00:11,  1.89it/s]Extracting : chardet-3.0.4-py27_1003.conda:  43%|████▎     | 16/37 [00:00<00:11,  1.89it/s]  Extracting : enum34-1.1.6-py27_1.conda:  46%|████▌     | 17/37 [00:00<00:10,  1.89it/s]    Extracting : futures-3.3.0-py27_0.conda:  49%|████▊     | 18/37 [00:00<00:10,  1.89it/s]Extracting : idna-2.8-py27_0.conda:  51%|█████▏    | 19/37 [00:00<00:09,  1.89it/s]     Extracting : ipaddress-1.0.23-py_0.conda:  54%|█████▍    | 20/37 [00:00<00:08,  1.89it/s]Extracting : pycosat-0.6.3-py27h7b6447c_0.conda:  57%|█████▋    | 21/37 [00:00<00:08,  1.89it/s]Extracting : pycparser-2.20-py_0.conda:  59%|█████▉    | 22/37 [00:00<00:07,  1.89it/s]         Extracting : pysocks-1.7.1-py27_0.conda:  62%|██████▏   | 23/37 [00:00<00:07,  1.89it/s]Extracting : ruamel_yaml-0.15.87-py27h7b6447c_0.conda:  65%|██████▍   | 24/37 [00:00<00:06,  1.89it/s]Extracting : six-1.13.0-py27_0.conda:  68%|██████▊   | 25/37 [00:00<00:06,  1.89it/s]                 Extracting : tqdm-4.46.0-py_0.conda:  70%|███████   | 26/37 [00:00<00:05,  1.89it/s] Extracting : cffi-1.14.0-py27he30daa8_1.conda:  73%|███████▎  | 27/37 [00:00<00:05,  1.89it/s]Extracting : conda-package-handling-1.6.0-py27h7b6447c_0.conda:  76%|███████▌  | 28/37 [00:00<00:04,  1.89it/s]Extracting : setuptools-44.0.0-py27_0.conda:  78%|███████▊  | 29/37 [00:00<00:04,  1.89it/s]                   Extracting : cryptography-2.8-py27h1ba5d50_0.conda:  81%|████████  | 30/37 [00:00<00:03,  1.89it/s]Extracting : wheel-0.33.6-py27_0.conda:  84%|████████▍ | 31/37 [00:00<00:03,  1.89it/s]            Extracting : pip-19.3.1-py27_0.conda:  86%|████████▋ | 32/37 [00:00<00:02,  1.89it/s]  Extracting : pyopenssl-19.1.0-py27_0.conda:  89%|████████▉ | 33/37 [00:00<00:02,  1.89it/s]Extracting : urllib3-1.25.7-py27_0.conda:  92%|█████████▏| 34/37 [00:00<00:01,  1.89it/s]  Extracting : requests-2.22.0-py27_1.conda:  95%|█████████▍| 35/37 [00:00<00:01,  1.89it/s]Extracting : conda-4.8.3-py27_0.tar.bz2:  97%|█████████▋| 36/37 [00:01<00:00,  1.89it/s]  Extracting : conda-4.8.3-py27_0.tar.bz2: 100%|██████████| 37/37 [00:01<00:00,  2.67it/s]                                                                                        Collecting package metadata (current_repodata.json): ...working... done
Solving environment: ...working... done

## Package Plan ##

  environment location: /home/travis/miniconda2

  added / updated specs:
    - _libgcc_mutex==0.1=main
    - asn1crypto==1.3.0=py27_0
    - ca-certificates==2020.1.1=0
    - certifi==2019.11.28=py27_0
    - cffi==1.14.0=py27he30daa8_1
    - chardet==3.0.4=py27_1003
    - conda-package-handling==1.6.0=py27h7b6447c_0
    - conda==4.8.3=py27_0
    - cryptography==2.8=py27h1ba5d50_0
    - enum34==1.1.6=py27_1
    - futures==3.3.0=py27_0
    - idna==2.8=py27_0
    - ipaddress==1.0.23=py_0
    - libedit==3.1.20181209=hc058e9b_0
    - libffi==3.3=he6710b0_1
    - libgcc-ng==9.1.0=hdf63c60_0
    - libstdcxx-ng==9.1.0=hdf63c60_0
    - ncurses==6.2=he6710b0_1
    - openssl==1.1.1g=h7b6447c_0
    - pip==19.3.1=py27_0
    - pycosat==0.6.3=py27h7b6447c_0
    - pycparser==2.20=py_0
    - pyopenssl==19.1.0=py27_0
    - pysocks==1.7.1=py27_0
    - python==2.7.18=h15b4118_1
    - readline==8.0=h7b6447c_0
    - requests==2.22.0=py27_1
    - ruamel_yaml==0.15.87=py27h7b6447c_0
    - setuptools==44.0.0=py27_0
    - six==1.13.0=py27_0
    - sqlite==3.31.1=h62c20be_1
    - tk==8.6.8=hbc83047_0
    - tqdm==4.46.0=py_0
    - urllib3==1.25.7=py27_0
    - wheel==0.33.6=py27_0
    - yaml==0.1.7=had09818_2
    - zlib==1.2.11=h7b6447c_3


The following NEW packages will be INSTALLED:

  _libgcc_mutex      pkgs/main/linux-64::_libgcc_mutex-0.1-main
  asn1crypto         pkgs/main/linux-64::asn1crypto-1.3.0-py27_0
  ca-certificates    pkgs/main/linux-64::ca-certificates-2020.1.1-0
  certifi            pkgs/main/linux-64::certifi-2019.11.28-py27_0
  cffi               pkgs/main/linux-64::cffi-1.14.0-py27he30daa8_1
  chardet            pkgs/main/linux-64::chardet-3.0.4-py27_1003
  conda              pkgs/main/linux-64::conda-4.8.3-py27_0
  conda-package-han~ pkgs/main/linux-64::conda-package-handling-1.6.0-py27h7b6447c_0
  cryptography       pkgs/main/linux-64::cryptography-2.8-py27h1ba5d50_0
  enum34             pkgs/main/linux-64::enum34-1.1.6-py27_1
  futures            pkgs/main/linux-64::futures-3.3.0-py27_0
  idna               pkgs/main/linux-64::idna-2.8-py27_0
  ipaddress          pkgs/main/noarch::ipaddress-1.0.23-py_0
  libedit            pkgs/main/linux-64::libedit-3.1.20181209-hc058e9b_0
  libffi             pkgs/main/linux-64::libffi-3.3-he6710b0_1
  libgcc-ng          pkgs/main/linux-64::libgcc-ng-9.1.0-hdf63c60_0
  libstdcxx-ng       pkgs/main/linux-64::libstdcxx-ng-9.1.0-hdf63c60_0
  ncurses            pkgs/main/linux-64::ncurses-6.2-he6710b0_1
  openssl            pkgs/main/linux-64::openssl-1.1.1g-h7b6447c_0
  pip                pkgs/main/linux-64::pip-19.3.1-py27_0
  pycosat            pkgs/main/linux-64::pycosat-0.6.3-py27h7b6447c_0
  pycparser          pkgs/main/noarch::pycparser-2.20-py_0
  pyopenssl          pkgs/main/linux-64::pyopenssl-19.1.0-py27_0
  pysocks            pkgs/main/linux-64::pysocks-1.7.1-py27_0
  python             pkgs/main/linux-64::python-2.7.18-h15b4118_1
  readline           pkgs/main/linux-64::readline-8.0-h7b6447c_0
  requests           pkgs/main/linux-64::requests-2.22.0-py27_1
  ruamel_yaml        pkgs/main/linux-64::ruamel_yaml-0.15.87-py27h7b6447c_0
  setuptools         pkgs/main/linux-64::setuptools-44.0.0-py27_0
  six                pkgs/main/linux-64::six-1.13.0-py27_0
  sqlite             pkgs/main/linux-64::sqlite-3.31.1-h62c20be_1
  tk                 pkgs/main/linux-64::tk-8.6.8-hbc83047_0
  tqdm               pkgs/main/noarch::tqdm-4.46.0-py_0
  urllib3            pkgs/main/linux-64::urllib3-1.25.7-py27_0
  wheel              pkgs/main/linux-64::wheel-0.33.6-py27_0
  yaml               pkgs/main/linux-64::yaml-0.1.7-had09818_2
  zlib               pkgs/main/linux-64::zlib-1.2.11-h7b6447c_3


Preparing transaction: ...working... done
Executing transaction: ...working... done
installation finished.

travis_time:end:1365a9e3:start=1616777987570352137,finish=1616778002017920296,duration=14447568159[0Ktravis_fold:end:before_install.3[0Ktravis_fold:start:before_install.4[0Ktravis_time:start:0d94f487[0K$ export PATH=/home/travis/miniconda2/bin:$PATH

travis_time:end:0d94f487:start=1616778002026391724,finish=1616778002031905376,duration=5513652[0Ktravis_fold:end:before_install.4[0Ktravis_fold:start:before_install.5[0Ktravis_time:start:00fa6ad6[0K$ conda update --yes --quiet conda
Collecting package metadata (current_repodata.json): ...working... done
Solving environment: ...working... done

## Package Plan ##

  environment location: /home/travis/miniconda2

  added / updated specs:
    - conda


The following packages will be downloaded:

    package                    |            build
    ---------------------------|-----------------
    asn1crypto-1.4.0           |             py_0          80 KB
    ca-certificates-2021.1.19  |       h06a4308_1         118 KB
    certifi-2020.6.20          |     pyhd3eb1b0_3         155 KB
    idna-2.10                  |     pyhd3eb1b0_0          52 KB
    libffi-3.3                 |       he6710b0_2          50 KB
    openssl-1.1.1k             |       h27cfd23_0         2.5 MB
    pycparser-2.20             |             py_2          94 KB
    pyopenssl-20.0.1           |     pyhd3eb1b0_1          49 KB
    readline-8.1               |       h27cfd23_0         362 KB
    requests-2.25.1            |     pyhd3eb1b0_0          52 KB
    six-1.15.0                 |     pyhd3eb1b0_0          13 KB
    sqlite-3.35.2              |       hdfb4753_0         983 KB
    tk-8.6.10                  |       hbc83047_0         3.0 MB
    tqdm-4.59.0                |     pyhd3eb1b0_1          93 KB
    wheel-0.36.2               |     pyhd3eb1b0_0          33 KB
    ------------------------------------------------------------
                                           Total:         7.6 MB

The following packages will be REMOVED:

  libedit-3.1.20181209-hc058e9b_0

The following packages will be UPDATED:

  asn1crypto         pkgs/main/linux-64::asn1crypto-1.3.0-~ --> pkgs/main/noarch::asn1crypto-1.4.0-py_0
  ca-certificates                                2020.1.1-0 --> 2021.1.19-h06a4308_1
  certifi            pkgs/main/linux-64::certifi-2019.11.2~ --> pkgs/main/noarch::certifi-2020.6.20-pyhd3eb1b0_3
  idna                  pkgs/main/linux-64::idna-2.8-py27_0 --> pkgs/main/noarch::idna-2.10-pyhd3eb1b0_0
  libffi                                     3.3-he6710b0_1 --> 3.3-he6710b0_2
  openssl                                 1.1.1g-h7b6447c_0 --> 1.1.1k-h27cfd23_0
  pycparser                                       2.20-py_0 --> 2.20-py_2
  pyopenssl          pkgs/main/linux-64::pyopenssl-19.1.0-~ --> pkgs/main/noarch::pyopenssl-20.0.1-pyhd3eb1b0_1
  readline                                   8.0-h7b6447c_0 --> 8.1-h27cfd23_0
  requests           pkgs/main/linux-64::requests-2.22.0-p~ --> pkgs/main/noarch::requests-2.25.1-pyhd3eb1b0_0
  six                 pkgs/main/linux-64::six-1.13.0-py27_0 --> pkgs/main/noarch::six-1.15.0-pyhd3eb1b0_0
  sqlite                                  3.31.1-h62c20be_1 --> 3.35.2-hdfb4753_0
  tk                                       8.6.8-hbc83047_0 --> 8.6.10-hbc83047_0
  tqdm                                          4.46.0-py_0 --> 4.59.0-pyhd3eb1b0_1
  wheel              pkgs/main/linux-64::wheel-0.33.6-py27~ --> pkgs/main/noarch::wheel-0.36.2-pyhd3eb1b0_0


Preparing transaction: ...working... done
Verifying transaction: ...working... done
Executing transaction: ...working... done

travis_time:end:00fa6ad6:start=1616778002039830515,finish=1616778016937700998,duration=14897870483[0Ktravis_fold:end:before_install.5[0Ktravis_fold:start:before_install.6[0Ktravis_time:start:1544f00a[0K$ export DISPLAY=:99.0

travis_time:end:1544f00a:start=1616778016949254502,finish=1616778016957151343,duration=7896841[0Ktravis_fold:end:before_install.6[0Ktravis_fold:start:before_install.7[0Ktravis_time:start:0a0c63b0[0K$ sh -e /etc/init.d/xvfb start
Starting virtual X frame buffer: Xvfb.

travis_time:end:0a0c63b0:start=1616778016967624418,finish=1616778016979032710,duration=11408292[0Ktravis_fold:end:before_install.7[0Ktravis_fold:start:install.1[0Ktravis_time:start:00716280[0K$ conda create --yes --quiet -n pychron-test python=2.7
Collecting package metadata (current_repodata.json): ...working... done
Solving environment: ...working... failed with repodata from current_repodata.json, will retry with next repodata source.
Collecting package metadata (repodata.json): ...working... done
Solving environment: ...working... done

## Package Plan ##

  environment location: /home/travis/miniconda2/envs/pychron-test

  added / updated specs:
    - python=2.7


The following NEW packages will be INSTALLED:

  _libgcc_mutex      pkgs/main/linux-64::_libgcc_mutex-0.1-main
  ca-certificates    pkgs/main/linux-64::ca-certificates-2021.1.19-h06a4308_1
  certifi            pkgs/main/noarch::certifi-2020.6.20-pyhd3eb1b0_3
  libffi             pkgs/main/linux-64::libffi-3.3-he6710b0_2
  libgcc-ng          pkgs/main/linux-64::libgcc-ng-9.1.0-hdf63c60_0
  libstdcxx-ng       pkgs/main/linux-64::libstdcxx-ng-9.1.0-hdf63c60_0
  ncurses            pkgs/main/linux-64::ncurses-6.2-he6710b0_1
  pip                pkgs/main/linux-64::pip-19.3.1-py27_0
  python             pkgs/main/linux-64::python-2.7.18-h15b4118_1
  readline           pkgs/main/linux-64::readline-8.1-h27cfd23_0
  setuptools         pkgs/main/linux-64::setuptools-44.0.0-py27_0
  sqlite             pkgs/main/linux-64::sqlite-3.35.2-hdfb4753_0
  tk                 pkgs/main/linux-64::tk-8.6.10-hbc83047_0
  wheel              pkgs/main/noarch::wheel-0.36.2-pyhd3eb1b0_0
  zlib               pkgs/main/linux-64::zlib-1.2.11-h7b6447c_3


Preparing transaction: ...working... done
Verifying transaction: ...working... done
Executing transaction: ...working... done

travis_time:end:00716280:start=1616778016989651621,finish=1616778039906197929,duration=22916546308[0Ktravis_fold:end:install.1[0Ktravis_fold:start:install.2[0Ktravis_time:start:171a81db[0K$ source activate pychron-test

travis_time:end:171a81db:start=1616778039917419758,finish=1616778040056788995,duration=139369237[0Ktravis_fold:end:install.2[0Ktravis_fold:start:install.3[0Ktravis_time:start:37e335c4[0K$ conda install --yes qt=4.8.5 pyside statsmodels PyYAML traits pyface traitsui enable chaco xlrd xlwt lxml sqlalchemy apptools
Collecting package metadata (current_repodata.json): ...working... done
Solving environment: ...working... failed with initial frozen solve. Retrying with flexible solve.
Collecting package metadata (repodata.json): ...working... done
Solving environment: ...working... failed with initial frozen solve. Retrying with flexible solve.

PackagesNotFoundError: The following packages are not available from current channels:

  - chaco
  - enable
  - qt=4.8.5
  - pyside

Current channels:

  - https://repo.anaconda.com/pkgs/main/linux-64
  - https://repo.anaconda.com/pkgs/main/noarch
  - https://repo.anaconda.com/pkgs/r/linux-64
  - https://repo.anaconda.com/pkgs/r/noarch

To search for alternate channels that may provide the conda package you're
looking for, navigate to

    https://anaconda.org

and use the search bar at the top of the page.



travis_time:end:37e335c4:start=1616778040066681579,finish=1616778047325581980,duration=7258900401[0K
[31;1mThe command "conda install --yes qt=4.8.5 pyside statsmodels PyYAML traits pyface traitsui enable chaco xlrd xlwt lxml sqlalchemy apptools" failed and exited with 1 during .[0m

Your build has been stopped.
