travis_fold:start:system_info[0K[33;1mBuild system information[0m
Build language: python
Build group: stable
Build dist: precise
Build id: ''
Job id: ''
[34m[1mBuild image provisioning date and time[0m
Thu Feb  5 15:09:33 UTC 2015
[34m[1mOperating System Details[0m
Distributor ID:	Ubuntu
Description:	Ubuntu 12.04.5 LTS
Release:	12.04
Codename:	precise
[34m[1mLinux Version[0m
3.13.0-29-generic
[34m[1mCookbooks Version[0m
a68419e https://github.com/travis-ci/travis-cookbooks/tree/a68419e
[34m[1mGCC version[0m
gcc (Ubuntu/Linaro 4.6.3-1ubuntu5) 4.6.3
Copyright (C) 2011 Free Software Foundation, Inc.
This is free software; see the source for copying conditions.  There is NO
warranty; not even for MERCHANTABILITY or FITNESS FOR A PARTICULAR PURPOSE.

[34m[1mLLVM version[0m
clang version 3.4 (tags/RELEASE_34/final)
Target: x86_64-unknown-linux-gnu
Thread model: posix
[34m[1mPre-installed Ruby versions[0m
ruby-1.9.3-p551
[34m[1mPre-installed Node.js versions[0m
v0.10.36
[34m[1mPre-installed Go versions[0m
1.4.1
[34m[1mRedis version[0m
redis-server 2.8.19
[34m[1mriak version[0m
2.0.2
[34m[1mMongoDB version[0m
MongoDB 2.4.12
[34m[1mCouchDB version[0m
couchdb 1.6.1
[34m[1mNeo4j version[0m
1.9.4
[34m[1mRabbitMQ Version[0m
3.4.3
[34m[1mElasticSearch version[0m
1.4.0
[34m[1mInstalled Sphinx versions[0m
2.0.10
2.1.9
2.2.6
[34m[1mDefault Sphinx version[0m
2.2.6
[34m[1mInstalled Firefox version[0m
firefox 31.0esr
[34m[1mPhantomJS version[0m
1.9.8
[34m[1mant -version[0m
Apache Ant(TM) version 1.8.2 compiled on December 3 2011
[34m[1mmvn -version[0m
Apache Maven 3.2.5 (12a6b3acb947671f09b81f49094c53f426d8cea1; 2014-12-14T17:29:23+00:00)
Maven home: /usr/local/maven
Java version: 1.7.0_76, vendor: Oracle Corporation
Java home: /usr/lib/jvm/java-7-oracle/jre
Default locale: en_US, platform encoding: ANSI_X3.4-1968
OS name: "linux", version: "3.13.0-29-generic", arch: "amd64", family: "unix"
travis_fold:end:system_info[0K
grep: /etc/apt/sources.list.d/*: No such file or directory
sed: cannot rename /etc/hosts: Device or resource busy
sed: cannot rename /etc/hosts: Device or resource busy
$ cd passed/NMGRL/pychron
travis_time:start:1a559a9a[0K$ source ~/virtualenv/python2.7/bin/activate

travis_time:end:1a559a9a:start=1616778032088168276,finish=1616778032098069278,duration=9901002[0K$ python --version
Python 2.7.9
$ pip --version
pip 6.0.7 from /home/travis/virtualenv/python2.7.9/lib/python2.7/site-packages (python 2.7)
travis_fold:start:before_install.1[0Ktravis_time:start:1919096b[0K$ wget http://repo.continuum.io/miniconda/Miniconda2-latest-Linux-x86_64.sh -O miniconda.sh
--2021-03-26 17:00:32--  http://repo.continuum.io/miniconda/Miniconda2-latest-Linux-x86_64.sh
Resolving repo.continuum.io (repo.continuum.io)... 104.18.200.79, 104.18.201.79, 2606:4700::6812:c94f, ...
Connecting to repo.continuum.io (repo.continuum.io)|104.18.200.79|:80... connected.
HTTP request sent, awaiting response... 301 Moved Permanently
Location: https://repo.anaconda.com/miniconda/Miniconda2-latest-Linux-x86_64.sh [following]
--2021-03-26 17:00:32--  https://repo.anaconda.com/miniconda/Miniconda2-latest-Linux-x86_64.sh
Resolving repo.anaconda.com (repo.anaconda.com)... 104.16.130.3, 104.16.131.3, 2606:4700::6810:8203, ...
Connecting to repo.anaconda.com (repo.anaconda.com)|104.16.130.3|:443... connected.
HTTP request sent, awaiting response... 200 OK
Length: 51093759 (49M) [application/x-sh]
Saving to: `miniconda.sh'

     0K .......... .......... .......... .......... ..........  0%  851K 59s
    50K .......... .......... .......... .......... ..........  0%  891K 57s
   100K .......... .......... .......... .......... ..........  0% 2.20M 45s
   150K .......... .......... .......... .......... ..........  0% 2.32M 39s
   200K .......... .......... .......... .......... ..........  0% 2.47M 35s
   250K .......... .......... .......... .......... ..........  0% 3.06M 32s
   300K .......... .......... .......... .......... ..........  0% 2.21M 31s
   350K .......... .......... .......... .......... ..........  0% 5.14M 28s
   400K .......... .......... .......... .......... ..........  0% 5.46M 26s
   450K .......... .......... .......... .......... ..........  1% 6.57M 24s
   500K .......... .......... .......... .......... ..........  1% 7.58M 22s
   550K .......... .......... .......... .......... ..........  1% 7.09M 21s
   600K .......... .......... .......... .......... ..........  1% 8.74M 20s
   650K .......... .......... .......... .......... ..........  1% 7.97M 19s
   700K .......... .......... .......... .......... ..........  1% 3.98M 18s
   750K .......... .......... .......... .......... ..........  1% 6.48M 18s
   800K .......... .......... .......... .......... ..........  1% 10.0M 17s
   850K .......... .......... .......... .......... ..........  1% 11.5M 16s
   900K .......... .......... .......... .......... ..........  1% 11.2M 15s
   950K .......... .......... .......... .......... ..........  2% 10.9M 15s
  1000K .......... .......... .......... .......... ..........  2% 13.9M 14s
  1050K .......... .......... .......... .......... ..........  2% 12.8M 14s
  1100K .......... .......... .......... .......... ..........  2% 13.7M 13s
  1150K .......... .......... .......... .......... ..........  2% 11.6M 13s
  1200K .......... .......... .......... .......... ..........  2% 17.7M 13s
  1250K .......... .......... .......... .......... ..........  2% 16.2M 12s
  1300K .......... .......... .......... .......... ..........  2% 17.5M 12s
  1350K .......... .......... .......... .......... ..........  2% 17.0M 11s
  1400K .......... .......... .......... .......... ..........  2% 18.1M 11s
  1450K .......... .......... .......... .......... ..........  3% 17.5M 11s
  1500K .......... .......... .......... .......... ..........  3% 17.4M 11s
  1550K .......... .......... .......... .......... ..........  3% 14.1M 10s
  1600K .......... .......... .......... .......... ..........  3% 19.9M 10s
  1650K .......... .......... .......... .......... ..........  3% 20.9M 10s
  1700K .......... .......... .......... .......... ..........  3% 17.6M 10s
  1750K .......... .......... .......... .......... ..........  3% 21.5M 9s
  1800K .......... .......... .......... .......... ..........  3% 22.3M 9s
  1850K .......... .......... .......... .......... ..........  3% 24.1M 9s
  1900K .......... .......... .......... .......... ..........  3% 18.3M 9s
  1950K .......... .......... .......... .......... ..........  4% 16.7M 9s
  2000K .......... .......... .......... .......... ..........  4% 26.1M 9s
  2050K .......... .......... .......... .......... ..........  4% 27.1M 8s
  2100K .......... .......... .......... .......... ..........  4% 19.0M 8s
  2150K .......... .......... .......... .......... ..........  4% 25.4M 8s
  2200K .......... .......... .......... .......... ..........  4% 26.9M 8s
  2250K .......... .......... .......... .......... ..........  4% 25.8M 8s
  2300K .......... .......... .......... .......... ..........  4% 30.1M 8s
  2350K .......... .......... .......... .......... ..........  4% 19.0M 7s
  2400K .......... .......... .......... .......... ..........  4% 33.1M 7s
  2450K .......... .......... .......... .......... ..........  5% 26.8M 7s
  2500K .......... .......... .......... .......... ..........  5% 23.8M 7s
  2550K .......... .......... .......... .......... ..........  5% 41.1M 7s
  2600K .......... .......... .......... .......... ..........  5% 26.3M 7s
  2650K .......... .......... .......... .......... ..........  5% 41.1M 7s
  2700K .......... .......... .......... .......... ..........  5% 26.7M 7s
  2750K .......... .......... .......... .......... ..........  5% 24.8M 7s
  2800K .......... .......... .......... .......... ..........  5% 45.5M 6s
  2850K .......... .......... .......... .......... ..........  5% 28.5M 6s
  2900K .......... .......... .......... .......... ..........  5% 45.5M 6s
  2950K .......... .......... .......... .......... ..........  6% 30.6M 6s
  3000K .......... .......... .......... .......... ..........  6% 46.1M 6s
  3050K .......... .......... .......... .......... ..........  6% 32.8M 6s
  3100K .......... .......... .......... .......... ..........  6% 43.8M 6s
  3150K .......... .......... .......... .......... ..........  6% 30.1M 6s
  3200K .......... .......... .......... .......... ..........  6% 62.1M 6s
  3250K .......... .......... .......... .......... ..........  6% 33.5M 6s
  3300K .......... .......... .......... .......... ..........  6% 49.8M 6s
  3350K .......... .......... .......... .......... ..........  6% 45.7M 6s
  3400K .......... .......... .......... .......... ..........  6% 36.1M 5s
  3450K .......... .......... .......... .......... ..........  7% 35.5M 5s
  3500K .......... .......... .......... .......... ..........  7% 47.8M 5s
  3550K .......... .......... .......... .......... ..........  7% 36.0M 5s
  3600K .......... .......... .......... .......... ..........  7% 67.0M 5s
  3650K .......... .......... .......... .......... ..........  7% 39.7M 5s
  3700K .......... .......... .......... .......... ..........  7% 48.6M 5s
  3750K .......... .......... .......... .......... ..........  7% 40.1M 5s
  3800K .......... .......... .......... .......... ..........  7% 41.3M 5s
  3850K .......... .......... .......... .......... ..........  7% 50.0M 5s
  3900K .......... .......... .......... .......... ..........  7% 77.6M 5s
  3950K .......... .......... .......... .......... ..........  8% 23.0M 5s
  4000K .......... .......... .......... .......... ..........  8% 60.5M 5s
  4050K .......... .......... .......... .......... ..........  8% 53.2M 5s
  4100K .......... .......... .......... .......... ..........  8% 52.3M 5s
  4150K .......... .......... .......... .......... ..........  8% 77.7M 5s
  4200K .......... .......... .......... .......... ..........  8% 43.5M 5s
  4250K .......... .......... .......... .......... ..........  8% 47.0M 5s
  4300K .......... .......... .......... .......... ..........  8% 50.0M 4s
  4350K .......... .......... .......... .......... ..........  8% 43.1M 4s
  4400K .......... .......... .......... .......... ..........  8% 88.7M 4s
  4450K .......... .......... .......... .......... ..........  9% 47.8M 4s
  4500K .......... .......... .......... .......... ..........  9% 48.9M 4s
  4550K .......... .......... .......... .......... ..........  9% 41.6M 4s
  4600K .......... .......... .......... .......... ..........  9%  110M 4s
  4650K .......... .......... .......... .......... ..........  9% 54.9M 4s
  4700K .......... .......... .......... .......... ..........  9% 35.2M 4s
  4750K .......... .......... .......... .......... ..........  9% 52.3M 4s
  4800K .......... .......... .......... .......... ..........  9% 38.8M 4s
  4850K .......... .......... .......... .......... ..........  9%  112M 4s
  4900K .......... .......... .......... .......... ..........  9% 10.2M 4s
  4950K .......... .......... .......... .......... .......... 10% 65.6M 4s
  5000K .......... .......... .......... .......... .......... 10% 61.6M 4s
  5050K .......... .......... .......... .......... .......... 10% 63.7M 4s
  5100K .......... .......... .......... .......... .......... 10% 54.7M 4s
  5150K .......... .......... .......... .......... .......... 10% 51.2M 4s
  5200K .......... .......... .......... .......... .......... 10%  102M 4s
  5250K .......... .......... .......... .......... .......... 10% 53.3M 4s
  5300K .......... .......... .......... .......... .......... 10% 45.7M 4s
  5350K .......... .......... .......... .......... .......... 10% 74.8M 4s
  5400K .......... .......... .......... .......... .......... 10% 69.9M 4s
  5450K .......... .......... .......... .......... .......... 11% 61.5M 4s
  5500K .......... .......... .......... .......... .......... 11% 58.9M 4s
  5550K .......... .......... .......... .......... .......... 11% 52.8M 4s
  5600K .......... .......... .......... .......... .......... 11% 66.0M 4s
  5650K .......... .......... .......... .......... .......... 11% 99.7M 4s
  5700K .......... .......... .......... .......... .......... 11% 65.5M 3s
  5750K .......... .......... .......... .......... .......... 11% 59.6M 3s
  5800K .......... .......... .......... .......... .......... 11% 66.1M 3s
  5850K .......... .......... .......... .......... .......... 11%  107M 3s
  5900K .......... .......... .......... .......... .......... 11% 66.1M 3s
  5950K .......... .......... .......... .......... .......... 12% 57.8M 3s
  6000K .......... .......... .......... .......... .......... 12% 67.6M 3s
  6050K .......... .......... .......... .......... .......... 12% 66.0M 3s
  6100K .......... .......... .......... .......... .......... 12% 70.4M 3s
  6150K .......... .......... .......... .......... .......... 12% 91.6M 3s
  6200K .......... .......... .......... .......... .......... 12% 78.2M 3s
  6250K .......... .......... .......... .......... .......... 12% 66.7M 3s
  6300K .......... .......... .......... .......... .......... 12% 74.5M 3s
  6350K .......... .......... .......... .......... .......... 12% 28.7M 3s
  6400K .......... .......... .......... .......... .......... 12%  117M 3s
  6450K .......... .......... .......... .......... .......... 13% 35.7M 3s
  6500K .......... .......... .......... .......... .......... 13% 64.4M 3s
  6550K .......... .......... .......... .......... .......... 13% 36.7M 3s
  6600K .......... .......... .......... .......... .......... 13%  126M 3s
  6650K .......... .......... .......... .......... .......... 13% 37.1M 3s
  6700K .......... .......... .......... .......... .......... 13% 25.4M 3s
  6750K .......... .......... .......... .......... .......... 13% 50.4M 3s
  6800K .......... .......... .......... .......... .......... 13% 41.1M 3s
  6850K .......... .......... .......... .......... .......... 13% 34.5M 3s
  6900K .......... .......... .......... .......... .......... 13%  105M 3s
  6950K .......... .......... .......... .......... .......... 14% 49.1M 3s
  7000K .......... .......... .......... .......... .......... 14% 40.9M 3s
  7050K .......... .......... .......... .......... .......... 14% 33.6M 3s
  7100K .......... .......... .......... .......... .......... 14%  106M 3s
  7150K .......... .......... .......... .......... .......... 14% 39.1M 3s
  7200K .......... .......... .......... .......... .......... 14% 53.8M 3s
  7250K .......... .......... .......... .......... .......... 14% 45.1M 3s
  7300K .......... .......... .......... .......... .......... 14% 44.6M 3s
  7350K .......... .......... .......... .......... .......... 14%  107M 3s
  7400K .......... .......... .......... .......... .......... 14% 45.6M 3s
  7450K .......... .......... .......... .......... .......... 15% 49.7M 3s
  7500K .......... .......... .......... .......... .......... 15% 46.0M 3s
  7550K .......... .......... .......... .......... .......... 15% 10.1M 3s
  7600K .......... .......... .......... .......... .......... 15%  109M 3s
  7650K .......... .......... .......... .......... .......... 15%  125M 3s
  7700K .......... .......... .......... .......... .......... 15%  113M 3s
  7750K .......... .......... .......... .......... .......... 15% 91.6M 3s
  7800K .......... .......... .......... .......... .......... 15% 97.4M 3s
  7850K .......... .......... .......... .......... .......... 15%  110M 3s
  7900K .......... .......... .......... .......... .......... 15%  152M 3s
  7950K .......... .......... .......... .......... .......... 16% 12.9M 3s
  8000K .......... .......... .......... .......... .......... 16% 32.1M 3s
  8050K .......... .......... .......... .......... .......... 16% 65.6M 3s
  8100K .......... .......... .......... .......... .......... 16%  111M 3s
  8150K .......... .......... .......... .......... .......... 16% 40.1M 3s
  8200K .......... .......... .......... .......... .......... 16%  111M 3s
  8250K .......... .......... .......... .......... .......... 16% 48.5M 3s
  8300K .......... .......... .......... .......... .......... 16% 47.8M 3s
  8350K .......... .......... .......... .......... .......... 16% 76.2M 3s
  8400K .......... .......... .......... .......... .......... 16% 61.6M 2s
  8450K .......... .......... .......... .......... .......... 17%  105M 2s
  8500K .......... .......... .......... .......... .......... 17% 64.7M 2s
  8550K .......... .......... .......... .......... .......... 17% 56.1M 2s
  8600K .......... .......... .......... .......... .......... 17% 41.3M 2s
  8650K .......... .......... .......... .......... .......... 17%  103M 2s
  8700K .......... .......... .......... .......... .......... 17% 55.5M 2s
  8750K .......... .......... .......... .......... .......... 17% 81.5M 2s
  8800K .......... .......... .......... .......... .......... 17% 89.2M 2s
  8850K .......... .......... .......... .......... .......... 17% 63.9M 2s
  8900K .......... .......... .......... .......... .......... 17%  127M 2s
  8950K .......... .......... .......... .......... .......... 18% 58.6M 2s
  9000K .......... .......... .......... .......... .......... 18% 66.7M 2s
  9050K .......... .......... .......... .......... .......... 18% 66.5M 2s
  9100K .......... .......... .......... .......... .......... 18% 49.0M 2s
  9150K .......... .......... .......... .......... .......... 18% 93.2M 2s
  9200K .......... .......... .......... .......... .......... 18%  108M 2s
  9250K .......... .......... .......... .......... .......... 18% 60.0M 2s
  9300K .......... .......... .......... .......... .......... 18% 93.9M 2s
  9350K .......... .......... .......... .......... .......... 18% 25.4M 2s
  9400K .......... .......... .......... .......... .......... 18%  116M 2s
  9450K .......... .......... .......... .......... .......... 19%  118M 2s
  9500K .......... .......... .......... .......... .......... 19% 30.4M 2s
  9550K .......... .......... .......... .......... .......... 19% 30.1M 2s
  9600K .......... .......... .......... .......... .......... 19%  122M 2s
  9650K .......... .......... .......... .......... .......... 19%  109M 2s
  9700K .......... .......... .......... .......... .......... 19% 18.7M 2s
  9750K .......... .......... .......... .......... .......... 19% 58.0M 2s
  9800K .......... .......... .......... .......... .......... 19% 39.4M 2s
  9850K .......... .......... .......... .......... .......... 19%  110M 2s
  9900K .......... .......... .......... .......... .......... 19% 33.5M 2s
  9950K .......... .......... .......... .......... .......... 20% 48.2M 2s
 10000K .......... .......... .......... .......... .......... 20% 37.7M 2s
 10050K .......... .......... .......... .......... .......... 20% 35.9M 2s
 10100K .......... .......... .......... .......... .......... 20% 42.1M 2s
 10150K .......... .......... .......... .......... .......... 20%  116M 2s
 10200K .......... .......... .......... .......... .......... 20%  106M 2s
 10250K .......... .......... .......... .......... .......... 20% 54.5M 2s
 10300K .......... .......... .......... .......... .......... 20% 42.4M 2s
 10350K .......... .......... .......... .......... .......... 20% 26.9M 2s
 10400K .......... .......... .......... .......... .......... 20%  122M 2s
 10450K .......... .......... .......... .......... .......... 21% 41.4M 2s
 10500K .......... .......... .......... .......... .......... 21% 51.9M 2s
 10550K .......... .......... .......... .......... .......... 21% 11.3M 2s
 10600K .......... .......... .......... .......... .......... 21% 83.0M 2s
 10650K .......... .......... .......... .......... .......... 21% 68.7M 2s
 10700K .......... .......... .......... .......... .......... 21%  118M 2s
 10750K .......... .......... .......... .......... .......... 21% 85.1M 2s
 10800K .......... .......... .......... .......... .......... 21%  109M 2s
 10850K .......... .......... .......... .......... .......... 21%  117M 2s
 10900K .......... .......... .......... .......... .......... 21% 13.0M 2s
 10950K .......... .......... .......... .......... .......... 22%  101M 2s
 11000K .......... .......... .......... .......... .......... 22%  126M 2s
 11050K .......... .......... .......... .......... .......... 22% 39.9M 2s
 11100K .......... .......... .......... .......... .......... 22% 47.5M 2s
 11150K .......... .......... .......... .......... .......... 22% 84.0M 2s
 11200K .......... .......... .......... .......... .......... 22% 39.5M 2s
 11250K .......... .......... .......... .......... .......... 22%  108M 2s
 11300K .......... .......... .......... .......... .......... 22% 55.7M 2s
 11350K .......... .......... .......... .......... .......... 22% 50.8M 2s
 11400K .......... .......... .......... .......... .......... 22% 81.1M 2s
 11450K .......... .......... .......... .......... .......... 23%  121M 2s
 11500K .......... .......... .......... .......... .......... 23% 41.0M 2s
 11550K .......... .......... .......... .......... .......... 23% 91.7M 2s
 11600K .......... .......... .......... .......... .......... 23% 68.4M 2s
 11650K .......... .......... .......... .......... .......... 23% 39.3M 2s
 11700K .......... .......... .......... .......... .......... 23%  120M 2s
 11750K .......... .......... .......... .......... .......... 23% 48.8M 2s
 11800K .......... .......... .......... .......... .......... 23% 85.9M 2s
 11850K .......... .......... .......... .......... .......... 23% 64.1M 2s
 11900K .......... .......... .......... .......... .......... 23%  116M 2s
 11950K .......... .......... .......... .......... .......... 24% 86.1M 2s
 12000K .......... .......... .......... .......... .......... 24% 54.1M 2s
 12050K .......... .......... .......... .......... .......... 24% 79.3M 2s
 12100K .......... .......... .......... .......... .......... 24% 70.2M 2s
 12150K .......... .......... .......... .......... .......... 24% 49.4M 2s
 12200K .......... .......... .......... .......... .......... 24%  105M 2s
 12250K .......... .......... .......... .......... .......... 24%  122M 2s
 12300K .......... .......... .......... .......... .......... 24% 56.8M 2s
 12350K .......... .......... .......... .......... .......... 24% 72.6M 2s
 12400K .......... .......... .......... .......... .......... 24% 35.2M 2s
 12450K .......... .......... .......... .......... .......... 25% 59.0M 2s
 12500K .......... .......... .......... .......... .......... 25%  108M 2s
 12550K .......... .......... .......... .......... .......... 25% 32.8M 2s
 12600K .......... .......... .......... .......... .......... 25% 39.4M 2s
 12650K .......... .......... .......... .......... .......... 25% 77.8M 2s
 12700K .......... .......... .......... .......... .......... 25% 75.2M 2s
 12750K .......... .......... .......... .......... .......... 25% 19.1M 2s
 12800K .......... .......... .......... .......... .......... 25% 48.0M 2s
 12850K .......... .......... .......... .......... .......... 25% 43.4M 2s
 12900K .......... .......... .......... .......... .......... 25%  109M 2s
 12950K .......... .......... .......... .......... .......... 26% 26.7M 2s
 13000K .......... .......... .......... .......... .......... 26% 78.8M 2s
 13050K .......... .......... .......... .......... .......... 26% 42.6M 2s
 13100K .......... .......... .......... .......... .......... 26%  125M 2s
 13150K .......... .......... .......... .......... .......... 26% 32.5M 2s
 13200K .......... .......... .......... .......... .......... 26% 40.1M 2s
 13250K .......... .......... .......... .......... .......... 26% 81.6M 2s
 13300K .......... .......... .......... .......... .......... 26% 29.4M 2s
 13350K .......... .......... .......... .......... .......... 26%  115M 2s
 13400K .......... .......... .......... .......... .......... 26% 63.7M 2s
 13450K .......... .......... .......... .......... .......... 27% 43.4M 2s
 13500K .......... .......... .......... .......... .......... 27% 26.2M 2s
 13550K .......... .......... .......... .......... .......... 27% 91.8M 2s
 13600K .......... .......... .......... .......... .......... 27% 13.0M 2s
 13650K .......... .......... .......... .......... .......... 27% 48.6M 2s
 13700K .......... .......... .......... .......... .......... 27% 59.7M 2s
 13750K .......... .......... .......... .......... .......... 27%  110M 2s
 13800K .......... .......... .......... .......... .......... 27% 95.0M 2s
 13850K .......... .......... .......... .......... .......... 27%  111M 2s
 13900K .......... .......... .......... .......... .......... 27%  122M 2s
 13950K .......... .......... .......... .......... .......... 28% 13.6M 2s
 14000K .......... .......... .......... .......... .......... 28% 74.6M 2s
 14050K .......... .......... .......... .......... .......... 28% 43.2M 2s
 14100K .......... .......... .......... .......... .......... 28%  121M 2s
 14150K .......... .......... .......... .......... .......... 28% 40.6M 2s
 14200K .......... .......... .......... .......... .......... 28% 98.1M 2s
 14250K .......... .......... .......... .......... .......... 28% 42.8M 2s
 14300K .......... .......... .......... .......... .......... 28% 52.3M 2s
 14350K .......... .......... .......... .......... .......... 28% 91.5M 2s
 14400K .......... .......... .......... .......... .......... 28% 43.5M 2s
 14450K .......... .......... .......... .......... .......... 29%  108M 2s
 14500K .......... .......... .......... .......... .......... 29%  122M 2s
 14550K .......... .......... .......... .......... .......... 29% 42.9M 2s
 14600K .......... .......... .......... .......... .......... 29% 94.4M 2s
 14650K .......... .......... .......... .......... .......... 29% 68.2M 1s
 14700K .......... .......... .......... .......... .......... 29%  126M 1s
 14750K .......... .......... .......... .......... .......... 29% 25.4M 1s
 14800K .......... .......... .......... .......... .......... 29%  107M 1s
 14850K .......... .......... .......... .......... .......... 29% 20.0M 1s
 14900K .......... .......... .......... .......... .......... 29%  109M 1s
 14950K .......... .......... .......... .......... .......... 30%  113M 1s
 15000K .......... .......... .......... .......... .......... 30%  126M 1s
 15050K .......... .......... .......... .......... .......... 30%  107M 1s
 15100K .......... .......... .......... .......... .......... 30% 29.3M 1s
 15150K .......... .......... .......... .......... .......... 30% 97.0M 1s
 15200K .......... .......... .......... .......... .......... 30%  108M 1s
 15250K .......... .......... .......... .......... .......... 30%  117M 1s
 15300K .......... .......... .......... .......... .......... 30%  121M 1s
 15350K .......... .......... .......... .......... .......... 30%  117M 1s
 15400K .......... .......... .......... .......... .......... 30%  118M 1s
 15450K .......... .......... .......... .......... .......... 31%  110M 1s
 15500K .......... .......... .......... .......... .......... 31% 53.9M 1s
 15550K .......... .......... .......... .......... .......... 31% 64.3M 1s
 15600K .......... .......... .......... .......... .......... 31% 43.0M 1s
 15650K .......... .......... .......... .......... .......... 31% 31.1M 1s
 15700K .......... .......... .......... .......... .......... 31%  109M 1s
 15750K .......... .......... .......... .......... .......... 31% 59.9M 1s
 15800K .......... .......... .......... .......... .......... 31% 20.9M 1s
 15850K .......... .......... .......... .......... .......... 31% 42.8M 1s
 15900K .......... .......... .......... .......... .......... 31% 30.0M 1s
 15950K .......... .......... .......... .......... .......... 32% 93.8M 1s
 16000K .......... .......... .......... .......... .......... 32% 37.7M 1s
 16050K .......... .......... .......... .......... .......... 32% 67.2M 1s
 16100K .......... .......... .......... .......... .......... 32% 48.1M 1s
 16150K .......... .......... .......... .......... .......... 32%  105M 1s
 16200K .......... .......... .......... .......... .......... 32% 42.0M 1s
 16250K .......... .......... .......... .......... .......... 32% 35.9M 1s
 16300K .......... .......... .......... .......... .......... 32% 70.7M 1s
 16350K .......... .......... .......... .......... .......... 32% 35.7M 1s
 16400K .......... .......... .......... .......... .......... 32% 43.1M 1s
 16450K .......... .......... .......... .......... .......... 33% 46.2M 1s
 16500K .......... .......... .......... .......... .......... 33%  108M 1s
 16550K .......... .......... .......... .......... .......... 33% 28.5M 1s
 16600K .......... .......... .......... .......... .......... 33% 75.6M 1s
 16650K .......... .......... .......... .......... .......... 33% 13.8M 1s
 16700K .......... .......... .......... .......... .......... 33% 52.7M 1s
 16750K .......... .......... .......... .......... .......... 33% 39.3M 1s
 16800K .......... .......... .......... .......... .......... 33%  108M 1s
 16850K .......... .......... .......... .......... .......... 33%  109M 1s
 16900K .......... .......... .......... .......... .......... 33% 94.8M 1s
 16950K .......... .......... .......... .......... .......... 34% 32.7M 1s
 17000K .......... .......... .......... .......... .......... 34% 26.3M 1s
 17050K .......... .......... .......... .......... .......... 34% 41.3M 1s
 17100K .......... .......... .......... .......... .......... 34% 45.0M 1s
 17150K .......... .......... .......... .......... .......... 34% 40.9M 1s
 17200K .......... .......... .......... .......... .......... 34% 92.0M 1s
 17250K .......... .......... .......... .......... .......... 34%  109M 1s
 17300K .......... .......... .......... .......... .......... 34% 41.5M 1s
 17350K .......... .......... .......... .......... .......... 34% 30.2M 1s
 17400K .......... .......... .......... .......... .......... 34%  123M 1s
 17450K .......... .......... .......... .......... .......... 35% 97.2M 1s
 17500K .......... .......... .......... .......... .......... 35%  121M 1s
 17550K .......... .......... .......... .......... .......... 35% 94.1M 1s
 17600K .......... .......... .......... .......... .......... 35% 44.6M 1s
 17650K .......... .......... .......... .......... .......... 35% 74.2M 1s
 17700K .......... .......... .......... .......... .......... 35% 73.4M 1s
 17750K .......... .......... .......... .......... .......... 35%  114M 1s
 17800K .......... .......... .......... .......... .......... 35% 44.6M 1s
 17850K .......... .......... .......... .......... .......... 35% 42.6M 1s
 17900K .......... .......... .......... .......... .......... 35% 20.4M 1s
 17950K .......... .......... .......... .......... .......... 36% 83.4M 1s
 18000K .......... .......... .......... .......... .......... 36%  108M 1s
 18050K .......... .......... .......... .......... .......... 36%  122M 1s
 18100K .......... .......... .......... .......... .......... 36%  109M 1s
 18150K .......... .......... .......... .......... .......... 36% 31.9M 1s
 18200K .......... .......... .......... .......... .......... 36% 96.3M 1s
 18250K .......... .......... .......... .......... .......... 36%  122M 1s
 18300K .......... .......... .......... .......... .......... 36%  109M 1s
 18350K .......... .......... .......... .......... .......... 36% 93.2M 1s
 18400K .......... .......... .......... .......... .......... 36%  108M 1s
 18450K .......... .......... .......... .......... .......... 37%  122M 1s
 18500K .......... .......... .......... .......... .......... 37%  108M 1s
 18550K .......... .......... .......... .......... .......... 37% 55.7M 1s
 18600K .......... .......... .......... .......... .......... 37% 67.3M 1s
 18650K .......... .......... .......... .......... .......... 37% 43.1M 1s
 18700K .......... .......... .......... .......... .......... 37% 41.5M 1s
 18750K .......... .......... .......... .......... .......... 37% 38.9M 1s
 18800K .......... .......... .......... .......... .......... 37%  111M 1s
 18850K .......... .......... .......... .......... .......... 37% 21.7M 1s
 18900K .......... .......... .......... .......... .......... 37% 42.9M 1s
 18950K .......... .......... .......... .......... .......... 38%  105M 1s
 19000K .......... .......... .......... .......... .......... 38% 28.7M 1s
 19050K .......... .......... .......... .......... .......... 38% 43.2M 1s
 19100K .......... .......... .......... .......... .......... 38% 57.0M 1s
 19150K .......... .......... .......... .......... .......... 38% 40.6M 1s
 19200K .......... .......... .......... .......... .......... 38% 43.0M 1s
 19250K .......... .......... .......... .......... .......... 38%  120M 1s
 19300K .......... .......... .......... .......... .......... 38% 42.8M 1s
 19350K .......... .......... .......... .......... .......... 38% 51.7M 1s
 19400K .......... .......... .......... .......... .......... 38% 83.1M 1s
 19450K .......... .......... .......... .......... .......... 39% 30.6M 1s
 19500K .......... .......... .......... .......... .......... 39% 40.9M 1s
 19550K .......... .......... .......... .......... .......... 39% 17.7M 1s
 19600K .......... .......... .......... .......... .......... 39%  124M 1s
 19650K .......... .......... .......... .......... .......... 39%  111M 1s
 19700K .......... .......... .......... .......... .......... 39% 20.2M 1s
 19750K .......... .......... .......... .......... .......... 39% 36.6M 1s
 19800K .......... .......... .......... .......... .......... 39% 43.6M 1s
 19850K .......... .......... .......... .......... .......... 39% 78.5M 1s
 19900K .......... .......... .......... .......... .......... 39% 64.1M 1s
 19950K .......... .......... .......... .......... .......... 40% 94.3M 1s
 20000K .......... .......... .......... .......... .......... 40% 19.5M 1s
 20050K .......... .......... .......... .......... .......... 40%  122M 1s
 20100K .......... .......... .......... .......... .......... 40% 40.2M 1s
 20150K .......... .......... .......... .......... .......... 40% 38.4M 1s
 20200K .......... .......... .......... .......... .......... 40% 43.7M 1s
 20250K .......... .......... .......... .......... .......... 40%  119M 1s
 20300K .......... .......... .......... .......... .......... 40% 88.4M 1s
 20350K .......... .......... .......... .......... .......... 40% 41.6M 1s
 20400K .......... .......... .......... .......... .......... 40% 30.4M 1s
 20450K .......... .......... .......... .......... .......... 41% 84.9M 1s
 20500K .......... .......... .......... .......... .......... 41%  111M 1s
 20550K .......... .......... .......... .......... .......... 41% 94.2M 1s
 20600K .......... .......... .......... .......... .......... 41%  112M 1s
 20650K .......... .......... .......... .......... .......... 41% 42.3M 1s
 20700K .......... .......... .......... .......... .......... 41% 68.1M 1s
 20750K .......... .......... .......... .......... .......... 41% 42.6M 1s
 20800K .......... .......... .......... .......... .......... 41%  121M 1s
 20850K .......... .......... .......... .......... .......... 41%  108M 1s
 20900K .......... .......... .......... .......... .......... 41% 46.0M 1s
 20950K .......... .......... .......... .......... .......... 42% 31.0M 1s
 21000K .......... .......... .......... .......... .......... 42% 39.3M 1s
 21050K .......... .......... .......... .......... .......... 42% 86.3M 1s
 21100K .......... .......... .......... .......... .......... 42%  106M 1s
 21150K .......... .......... .......... .......... .......... 42% 32.0M 1s
 21200K .......... .......... .......... .......... .......... 42% 86.0M 1s
 21250K .......... .......... .......... .......... .......... 42%  121M 1s
 21300K .......... .......... .......... .......... .......... 42% 95.0M 1s
 21350K .......... .......... .......... .......... .......... 42% 84.6M 1s
 21400K .......... .......... .......... .......... .......... 42%  117M 1s
 21450K .......... .......... .......... .......... .......... 43%  123M 1s
 21500K .......... .......... .......... .......... .......... 43%  109M 1s
 21550K .......... .......... .......... .......... .......... 43% 90.3M 1s
 21600K .......... .......... .......... .......... .......... 43% 67.2M 1s
 21650K .......... .......... .......... .......... .......... 43% 60.8M 1s
 21700K .......... .......... .......... .......... .......... 43% 44.8M 1s
 21750K .......... .......... .......... .......... .......... 43%  105M 1s
 21800K .......... .......... .......... .......... .......... 43% 30.9M 1s
 21850K .......... .......... .......... .......... .......... 43% 59.9M 1s
 21900K .......... .......... .......... .......... .......... 43% 28.5M 1s
 21950K .......... .......... .......... .......... .......... 44% 28.6M 1s
 22000K .......... .......... .......... .......... .......... 44%  129M 1s
 22050K .......... .......... .......... .......... .......... 44% 29.9M 1s
 22100K .......... .......... .......... .......... .......... 44% 39.2M 1s
 22150K .......... .......... .......... .......... .......... 44% 49.6M 1s
 22200K .......... .......... .......... .......... .......... 44% 47.8M 1s
 22250K .......... .......... .......... .......... .......... 44%  122M 1s
 22300K .......... .......... .......... .......... .......... 44% 44.0M 1s
 22350K .......... .......... .......... .......... .......... 44% 40.2M 1s
 22400K .......... .......... .......... .......... .......... 44% 51.5M 1s
 22450K .......... .......... .......... .......... .......... 45% 33.2M 1s
 22500K .......... .......... .......... .......... .......... 45%  112M 1s
 22550K .......... .......... .......... .......... .......... 45% 38.1M 1s
 22600K .......... .......... .......... .......... .......... 45% 19.8M 1s
 22650K .......... .......... .......... .......... .......... 45% 61.9M 1s
 22700K .......... .......... .......... .......... .......... 45%  123M 1s
 22750K .......... .......... .......... .......... .......... 45% 24.3M 1s
 22800K .......... .......... .......... .......... .......... 45% 19.5M 1s
 22850K .......... .......... .......... .......... .......... 45% 68.5M 1s
 22900K .......... .......... .......... .......... .......... 45% 65.9M 1s
 22950K .......... .......... .......... .......... .......... 46% 98.5M 1s
 23000K .......... .......... .......... .......... .......... 46%  121M 1s
 23050K .......... .......... .......... .......... .......... 46% 20.0M 1s
 23100K .......... .......... .......... .......... .......... 46% 42.4M 1s
 23150K .......... .......... .......... .......... .......... 46% 32.4M 1s
 23200K .......... .......... .......... .......... .......... 46% 51.7M 1s
 23250K .......... .......... .......... .......... .......... 46%  108M 1s
 23300K .......... .......... .......... .......... .......... 46% 97.5M 1s
 23350K .......... .......... .......... .......... .......... 46% 42.1M 1s
 23400K .......... .......... .......... .......... .......... 46% 39.6M 1s
 23450K .......... .......... .......... .......... .......... 47% 87.8M 1s
 23500K .......... .......... .......... .......... .......... 47% 54.3M 1s
 23550K .......... .......... .......... .......... .......... 47% 90.0M 1s
 23600K .......... .......... .......... .......... .......... 47% 97.6M 1s
 23650K .......... .......... .......... .......... .......... 47%  109M 1s
 23700K .......... .......... .......... .......... .......... 47% 46.0M 1s
 23750K .......... .......... .......... .......... .......... 47% 46.9M 1s
 23800K .......... .......... .......... .......... .......... 47% 64.9M 1s
 23850K .......... .......... .......... .......... .......... 47%  118M 1s
 23900K .......... .......... .......... .......... .......... 47% 90.7M 1s
 23950K .......... .......... .......... .......... .......... 48% 45.0M 1s
 24000K .......... .......... .......... .......... .......... 48% 42.6M 1s
 24050K .......... .......... .......... .......... .......... 48% 23.0M 1s
 24100K .......... .......... .......... .......... .......... 48%  118M 1s
 24150K .......... .......... .......... .......... .......... 48%  108M 1s
 24200K .......... .......... .......... .......... .......... 48% 51.8M 1s
 24250K .......... .......... .......... .......... .......... 48% 58.1M 1s
 24300K .......... .......... .......... .......... .......... 48%  123M 1s
 24350K .......... .......... .......... .......... .......... 48% 71.1M 1s
 24400K .......... .......... .......... .......... .......... 49%  106M 1s
 24450K .......... .......... .......... .......... .......... 49% 88.5M 1s
 24500K .......... .......... .......... .......... .......... 49%  108M 1s
 24550K .......... .......... .......... .......... .......... 49%  122M 1s
 24600K .......... .......... .......... .......... .......... 49%  120M 1s
 24650K .......... .......... .......... .......... .......... 49% 77.8M 1s
 24700K .......... .......... .......... .......... .......... 49% 34.0M 1s
 24750K .......... .......... .......... .......... .......... 49% 93.8M 1s
 24800K .......... .......... .......... .......... .......... 49% 42.5M 1s
 24850K .......... .......... .......... .......... .......... 49% 42.1M 1s
 24900K .......... .......... .......... .......... .......... 50% 29.1M 1s
 24950K .......... .......... .......... .......... .......... 50%  115M 1s
 25000K .......... .......... .......... .......... .......... 50% 28.5M 1s
 25050K .......... .......... .......... .......... .......... 50% 37.8M 1s
 25100K .......... .......... .......... .......... .......... 50% 30.8M 1s
 25150K .......... .......... .......... .......... .......... 50% 48.1M 1s
 25200K .......... .......... .......... .......... .......... 50% 48.4M 1s
 25250K .......... .......... .......... .......... .......... 50%  106M 1s
 25300K .......... .......... .......... .......... .......... 50% 46.0M 1s
 25350K .......... .......... .......... .......... .......... 50% 18.5M 1s
 25400K .......... .......... .......... .......... .......... 51%  109M 1s
 25450K .......... .......... .......... .......... .......... 51%  125M 1s
 25500K .......... .......... .......... .......... .......... 51% 79.5M 1s
 25550K .......... .......... .......... .......... .......... 51% 34.8M 1s
 25600K .......... .......... .......... .......... .......... 51% 37.5M 1s
 25650K .......... .......... .......... .......... .......... 51% 27.3M 1s
 25700K .......... .......... .......... .......... .......... 51%  103M 1s
 25750K .......... .......... .......... .......... .......... 51% 88.8M 1s
 25800K .......... .......... .......... .......... .......... 51% 28.2M 1s
 25850K .......... .......... .......... .......... .......... 51% 23.3M 1s
 25900K .......... .......... .......... .......... .......... 52% 41.6M 1s
 25950K .......... .......... .......... .......... .......... 52% 56.1M 1s
 26000K .......... .......... .......... .......... .......... 52%  109M 1s
 26050K .......... .......... .......... .......... .......... 52% 17.7M 1s
 26100K .......... .......... .......... .......... .......... 52%  115M 1s
 26150K .......... .......... .......... .......... .......... 52% 56.2M 1s
 26200K .......... .......... .......... .......... .......... 52% 43.4M 1s
 26250K .......... .......... .......... .......... .......... 52% 99.6M 1s
 26300K .......... .......... .......... .......... .......... 52% 40.6M 1s
 26350K .......... .......... .......... .......... .......... 52% 86.7M 1s
 26400K .......... .......... .......... .......... .......... 53% 44.6M 1s
 26450K .......... .......... .......... .......... .......... 53% 45.4M 1s
 26500K .......... .......... .......... .......... .......... 53% 35.5M 1s
 26550K .......... .......... .......... .......... .......... 53% 97.0M 1s
 26600K .......... .......... .......... .......... .......... 53%  113M 1s
 26650K .......... .......... .......... .......... .......... 53% 98.3M 1s
 26700K .......... .......... .......... .......... .......... 53% 54.8M 1s
 26750K .......... .......... .......... .......... .......... 53% 45.7M 1s
 26800K .......... .......... .......... .......... .......... 53% 57.6M 1s
 26850K .......... .......... .......... .......... .......... 53% 66.2M 1s
 26900K .......... .......... .......... .......... .......... 54%  109M 1s
 26950K .......... .......... .......... .......... .......... 54% 34.6M 1s
 27000K .......... .......... .......... .......... .......... 54%  123M 1s
 27050K .......... .......... .......... .......... .......... 54% 44.0M 1s
 27100K .......... .......... .......... .......... .......... 54%  107M 1s
 27150K .......... .......... .......... .......... .......... 54% 35.1M 1s
 27200K .......... .......... .......... .......... .......... 54% 22.5M 1s
 27250K .......... .......... .......... .......... .......... 54%  123M 1s
 27300K .......... .......... .......... .......... .......... 54%  108M 1s
 27350K .......... .......... .......... .......... .......... 54%  103M 1s
 27400K .......... .......... .......... .......... .......... 55%  130M 1s
 27450K .......... .......... .......... .......... .......... 55% 26.4M 1s
 27500K .......... .......... .......... .......... .......... 55%  123M 1s
 27550K .......... .......... .......... .......... .......... 55% 94.3M 1s
 27600K .......... .......... .......... .......... .......... 55%  121M 1s
 27650K .......... .......... .......... .......... .......... 55% 52.3M 1s
 27700K .......... .......... .......... .......... .......... 55%  117M 1s
 27750K .......... .......... .......... .......... .......... 55%  115M 1s
 27800K .......... .......... .......... .......... .......... 55%  112M 1s
 27850K .......... .......... .......... .......... .......... 55%  122M 1s
 27900K .......... .......... .......... .......... .......... 56% 53.6M 1s
 27950K .......... .......... .......... .......... .......... 56% 34.5M 1s
 28000K .......... .......... .......... .......... .......... 56% 30.8M 1s
 28050K .......... .......... .......... .......... .......... 56% 73.6M 1s
 28100K .......... .......... .......... .......... .......... 56% 37.9M 1s
 28150K .......... .......... .......... .......... .......... 56% 29.4M 1s
 28200K .......... .......... .......... .......... .......... 56% 36.0M 1s
 28250K .......... .......... .......... .......... .......... 56%  118M 1s
 28300K .......... .......... .......... .......... .......... 56% 63.2M 1s
 28350K .......... .......... .......... .......... .......... 56% 40.1M 1s
 28400K .......... .......... .......... .......... .......... 57% 19.1M 1s
 28450K .......... .......... .......... .......... .......... 57%  115M 1s
 28500K .......... .......... .......... .......... .......... 57%  121M 1s
 28550K .......... .......... .......... .......... .......... 57% 31.8M 1s
 28600K .......... .......... .......... .......... .......... 57% 34.1M 1s
 28650K .......... .......... .......... .......... .......... 57%  120M 1s
 28700K .......... .......... .......... .......... .......... 57% 33.3M 1s
 28750K .......... .......... .......... .......... .......... 57% 48.8M 1s
 28800K .......... .......... .......... .......... .......... 57% 36.5M 1s
 28850K .......... .......... .......... .......... .......... 57%  119M 1s
 28900K .......... .......... .......... .......... .......... 58% 22.7M 1s
 28950K .......... .......... .......... .......... .......... 58% 28.0M 1s
 29000K .......... .......... .......... .......... .......... 58% 98.2M 1s
 29050K .......... .......... .......... .......... .......... 58%  119M 1s
 29100K .......... .......... .......... .......... .......... 58% 19.3M 1s
 29150K .......... .......... .......... .......... .......... 58% 63.6M 1s
 29200K .......... .......... .......... .......... .......... 58% 40.7M 1s
 29250K .......... .......... .......... .......... .......... 58% 56.5M 1s
 29300K .......... .......... .......... .......... .......... 58%  117M 1s
 29350K .......... .......... .......... .......... .......... 58% 42.8M 1s
 29400K .......... .......... .......... .......... .......... 59% 49.2M 1s
 29450K .......... .......... .......... .......... .......... 59% 78.1M 1s
 29500K .......... .......... .......... .......... .......... 59% 43.5M 1s
 29550K .......... .......... .......... .......... .......... 59% 39.1M 1s
 29600K .......... .......... .......... .......... .......... 59%  108M 1s
 29650K .......... .......... .......... .......... .......... 59% 59.5M 1s
 29700K .......... .......... .......... .......... .......... 59%  121M 1s
 29750K .......... .......... .......... .......... .......... 59% 44.4M 1s
 29800K .......... .......... .......... .......... .......... 59% 44.1M 1s
 29850K .......... .......... .......... .......... .......... 59%  106M 1s
 29900K .......... .......... .......... .......... .......... 60% 69.0M 1s
 29950K .......... .......... .......... .......... .......... 60% 34.5M 1s
 30000K .......... .......... .......... .......... .......... 60% 92.4M 1s
 30050K .......... .......... .......... .......... .......... 60%  128M 1s
 30100K .......... .......... .......... .......... .......... 60% 45.9M 1s
 30150K .......... .......... .......... .......... .......... 60% 40.2M 1s
 30200K .......... .......... .......... .......... .......... 60%  120M 1s
 30250K .......... .......... .......... .......... .......... 60% 20.5M 1s
 30300K .......... .......... .......... .......... .......... 60% 28.3M 1s
 30350K .......... .......... .......... .......... .......... 60% 94.9M 1s
 30400K .......... .......... .......... .......... .......... 61%  106M 1s
 30450K .......... .......... .......... .......... .......... 61%  125M 1s
 30500K .......... .......... .......... .......... .......... 61% 76.2M 1s
 30550K .......... .......... .......... .......... .......... 61% 39.8M 1s
 30600K .......... .......... .......... .......... .......... 61%  109M 1s
 30650K .......... .......... .......... .......... .......... 61%  119M 1s
 30700K .......... .......... .......... .......... .......... 61%  121M 1s
 30750K .......... .......... .......... .......... .......... 61% 89.3M 1s
 30800K .......... .......... .......... .......... .......... 61%  124M 1s
 30850K .......... .......... .......... .......... .......... 61%  115M 1s
 30900K .......... .......... .......... .......... .......... 62%  121M 1s
 30950K .......... .......... .......... .......... .......... 62%  111M 1s
 31000K .......... .......... .......... .......... .......... 62% 42.9M 1s
 31050K .......... .......... .......... .......... .......... 62% 52.2M 1s
 31100K .......... .......... .......... .......... .......... 62% 30.2M 1s
 31150K .......... .......... .......... .......... .......... 62% 39.0M 1s
 31200K .......... .......... .......... .......... .......... 62% 30.6M 1s
 31250K .......... .......... .......... .......... .......... 62% 39.2M 1s
 31300K .......... .......... .......... .......... .......... 62%  110M 1s
 31350K .......... .......... .......... .......... .......... 62% 46.3M 1s
 31400K .......... .......... .......... .......... .......... 63% 38.8M 1s
 31450K .......... .......... .......... .......... .......... 63% 33.2M 1s
 31500K .......... .......... .......... .......... .......... 63% 35.8M 1s
 31550K .......... .......... .......... .......... .......... 63% 39.0M 1s
 31600K .......... .......... .......... .......... .......... 63%  116M 1s
 31650K .......... .......... .......... .......... .......... 63% 33.4M 1s
 31700K .......... .......... .......... .......... .......... 63% 75.9M 1s
 31750K .......... .......... .......... .......... .......... 63% 41.0M 1s
 31800K .......... .......... .......... .......... .......... 63% 42.6M 1s
 31850K .......... .......... .......... .......... .......... 63% 34.9M 1s
 31900K .......... .......... .......... .......... .......... 64% 22.8M 1s
 31950K .......... .......... .......... .......... .......... 64% 27.7M 1s
 32000K .......... .......... .......... .......... .......... 64% 98.2M 1s
 32050K .......... .......... .......... .......... .......... 64%  109M 1s
 32100K .......... .......... .......... .......... .......... 64% 19.5M 1s
 32150K .......... .......... .......... .......... .......... 64% 64.1M 1s
 32200K .......... .......... .......... .......... .......... 64% 39.8M 1s
 32250K .......... .......... .......... .......... .......... 64% 62.6M 1s
 32300K .......... .......... .......... .......... .......... 64%  121M 1s
 32350K .......... .......... .......... .......... .......... 64% 38.2M 1s
 32400K .......... .......... .......... .......... .......... 65% 23.2M 1s
 32450K .......... .......... .......... .......... .......... 65%  126M 1s
 32500K .......... .......... .......... .......... .......... 65%  110M 1s
 32550K .......... .......... .......... .......... .......... 65% 47.8M 1s
 32600K .......... .......... .......... .......... .......... 65%  121M 1s
 32650K .......... .......... .......... .......... .......... 65%  108M 1s
 32700K .......... .......... .......... .......... .......... 65% 65.4M 1s
 32750K .......... .......... .......... .......... .......... 65% 96.4M 1s
 32800K .......... .......... .......... .......... .......... 65% 41.7M 1s
 32850K .......... .......... .......... .......... .......... 65% 48.8M 1s
 32900K .......... .......... .......... .......... .......... 66%  108M 1s
 32950K .......... .......... .......... .......... .......... 66% 65.7M 0s
 33000K .......... .......... .......... .......... .......... 66% 42.2M 0s
 33050K .......... .......... .......... .......... .......... 66% 72.5M 0s
 33100K .......... .......... .......... .......... .......... 66% 42.4M 0s
 33150K .......... .......... .......... .......... .......... 66% 40.5M 0s
 33200K .......... .......... .......... .......... .......... 66%  113M 0s
 33250K .......... .......... .......... .......... .......... 66% 25.0M 0s
 33300K .......... .......... .......... .......... .......... 66% 26.7M 0s
 33350K .......... .......... .......... .......... .......... 66% 63.5M 0s
 33400K .......... .......... .......... .......... .......... 67%  129M 0s
 33450K .......... .......... .......... .......... .......... 67% 26.0M 0s
 33500K .......... .......... .......... .......... .......... 67%  114M 0s
 33550K .......... .......... .......... .......... .......... 67% 93.9M 0s
 33600K .......... .......... .......... .......... .......... 67%  124M 0s
 33650K .......... .......... .......... .......... .......... 67%  121M 0s
 33700K .......... .......... .......... .......... .......... 67%  108M 0s
 33750K .......... .......... .......... .......... .......... 67%  111M 0s
 33800K .......... .......... .......... .......... .......... 67%  121M 0s
 33850K .......... .......... .......... .......... .......... 67%  109M 0s
 33900K .......... .......... .......... .......... .......... 68%  121M 0s
 33950K .......... .......... .......... .......... .......... 68% 95.4M 0s
 34000K .......... .......... .......... .......... .......... 68% 72.1M 0s
 34050K .......... .......... .......... .......... .......... 68% 49.9M 0s
 34100K .......... .......... .......... .......... .......... 68%  121M 0s
 34150K .......... .......... .......... .......... .......... 68% 32.5M 0s
 34200K .......... .......... .......... .......... .......... 68% 39.5M 0s
 34250K .......... .......... .......... .......... .......... 68% 34.3M 0s
 34300K .......... .......... .......... .......... .......... 68%  125M 0s
 34350K .......... .......... .......... .......... .......... 68% 25.1M 0s
 34400K .......... .......... .......... .......... .......... 69% 31.1M 0s
 34450K .......... .......... .......... .......... .......... 69% 31.9M 0s
 34500K .......... .......... .......... .......... .......... 69% 37.6M 0s
 34550K .......... .......... .......... .......... .......... 69%  105M 0s
 34600K .......... .......... .......... .......... .......... 69%  112M 0s
 34650K .......... .......... .......... .......... .......... 69% 41.6M 0s
 34700K .......... .......... .......... .......... .......... 69% 36.3M 0s
 34750K .......... .......... .......... .......... .......... 69% 66.9M 0s
 34800K .......... .......... .......... .......... .......... 69% 31.4M 0s
 34850K .......... .......... .......... .......... .......... 69% 29.6M 0s
 34900K .......... .......... .......... .......... .......... 70% 19.7M 0s
 34950K .......... .......... .......... .......... .......... 70%  112M 0s
 35000K .......... .......... .......... .......... .......... 70% 48.0M 0s
 35050K .......... .......... .......... .......... .......... 70% 69.5M 0s
 35100K .......... .......... .......... .......... .......... 70% 73.6M 0s
 35150K .......... .......... .......... .......... .......... 70% 16.5M 0s
 35200K .......... .......... .......... .......... .......... 70% 40.9M 0s
 35250K .......... .......... .......... .......... .......... 70% 62.6M 0s
 35300K .......... .......... .......... .......... .......... 70%  107M 0s
 35350K .......... .......... .......... .......... .......... 70% 47.3M 0s
 35400K .......... .......... .......... .......... .......... 71%  120M 0s
 35450K .......... .......... .......... .......... .......... 71% 23.2M 0s
 35500K .......... .......... .......... .......... .......... 71% 95.5M 0s
 35550K .......... .......... .......... .......... .......... 71% 87.7M 0s
 35600K .......... .......... .......... .......... .......... 71% 44.9M 0s
 35650K .......... .......... .......... .......... .......... 71%  104M 0s
 35700K .......... .......... .......... .......... .......... 71% 81.0M 0s
 35750K .......... .......... .......... .......... .......... 71%  100M 0s
 35800K .......... .......... .......... .......... .......... 71% 41.8M 0s
 35850K .......... .......... .......... .......... .......... 71%  124M 0s
 35900K .......... .......... .......... .......... .......... 72% 46.3M 0s
 35950K .......... .......... .......... .......... .......... 72% 60.8M 0s
 36000K .......... .......... .......... .......... .......... 72%  121M 0s
 36050K .......... .......... .......... .......... .......... 72% 44.0M 0s
 36100K .......... .......... .......... .......... .......... 72% 64.5M 0s
 36150K .......... .......... .......... .......... .......... 72% 55.6M 0s
 36200K .......... .......... .......... .......... .......... 72% 40.8M 0s
 36250K .......... .......... .......... .......... .......... 72%  109M 0s
 36300K .......... .......... .......... .......... .......... 72% 24.7M 0s
 36350K .......... .......... .......... .......... .......... 72% 25.3M 0s
 36400K .......... .......... .......... .......... .......... 73% 58.4M 0s
 36450K .......... .......... .......... .......... .......... 73% 30.0M 0s
 36500K .......... .......... .......... .......... .......... 73%  107M 0s
 36550K .......... .......... .......... .......... .......... 73% 62.3M 0s
 36600K .......... .......... .......... .......... .......... 73%  123M 0s
 36650K .......... .......... .......... .......... .......... 73%  110M 0s
 36700K .......... .......... .......... .......... .......... 73% 26.3M 0s
 36750K .......... .......... .......... .......... .......... 73% 92.8M 0s
 36800K .......... .......... .......... .......... .......... 73%  122M 0s
 36850K .......... .......... .......... .......... .......... 73%  122M 0s
 36900K .......... .......... .......... .......... .......... 74%  109M 0s
 36950K .......... .......... .......... .......... .......... 74%  112M 0s
 37000K .......... .......... .......... .......... .......... 74%  122M 0s
 37050K .......... .......... .......... .......... .......... 74%  120M 0s
 37100K .......... .......... .......... .......... .......... 74%  109M 0s
 37150K .......... .......... .......... .......... .......... 74% 94.7M 0s
 37200K .......... .......... .......... .......... .......... 74% 61.1M 0s
 37250K .......... .......... .......... .......... .......... 74% 39.1M 0s
 37300K .......... .......... .......... .......... .......... 74% 38.8M 0s
 37350K .......... .......... .......... .......... .......... 74%  111M 0s
 37400K .......... .......... .......... .......... .......... 75% 26.3M 0s
 37450K .......... .......... .......... .......... .......... 75% 32.2M 0s
 37500K .......... .......... .......... .......... .......... 75% 31.2M 0s
 37550K .......... .......... .......... .......... .......... 75% 39.3M 0s
 37600K .......... .......... .......... .......... .......... 75% 74.1M 0s
 37650K .......... .......... .......... .......... .......... 75% 28.5M 0s
 37700K .......... .......... .......... .......... .......... 75% 53.7M 0s
 37750K .......... .......... .......... .......... .......... 75% 14.4M 0s
 37800K .......... .......... .......... .......... .......... 75%  117M 0s
 37850K .......... .......... .......... .......... .......... 75%  109M 0s
 37900K .......... .......... .......... .......... .......... 76% 25.1M 0s
 37950K .......... .......... .......... .......... .......... 76% 79.1M 0s
 38000K .......... .......... .......... .......... .......... 76% 38.2M 0s
 38050K .......... .......... .......... .......... .......... 76%  108M 0s
 38100K .......... .......... .......... .......... .......... 76% 82.2M 0s
 38150K .......... .......... .......... .......... .......... 76% 25.4M 0s
 38200K .......... .......... .......... .......... .......... 76% 24.0M 0s
 38250K .......... .......... .......... .......... .......... 76%  121M 0s
 38300K .......... .......... .......... .......... .......... 76% 52.6M 0s
 38350K .......... .......... .......... .......... .......... 76% 85.4M 0s
 38400K .......... .......... .......... .......... .......... 77% 49.5M 0s
 38450K .......... .......... .......... .......... .......... 77% 30.9M 0s
 38500K .......... .......... .......... .......... .......... 77% 79.5M 0s
 38550K .......... .......... .......... .......... .......... 77% 61.8M 0s
 38600K .......... .......... .......... .......... .......... 77% 95.5M 0s
 38650K .......... .......... .......... .......... .......... 77% 46.1M 0s
 38700K .......... .......... .......... .......... .......... 77%  111M 0s
 38750K .......... .......... .......... .......... .......... 77% 62.6M 0s
 38800K .......... .......... .......... .......... .......... 77% 20.4M 0s
 38850K .......... .......... .......... .......... .......... 77%  113M 0s
 38900K .......... .......... .......... .......... .......... 78%  122M 0s
 38950K .......... .......... .......... .......... .......... 78%  101M 0s
 39000K .......... .......... .......... .......... .......... 78%  123M 0s
 39050K .......... .......... .......... .......... .......... 78% 57.5M 0s
 39100K .......... .......... .......... .......... .......... 78% 64.6M 0s
 39150K .......... .......... .......... .......... .......... 78% 55.8M 0s
 39200K .......... .......... .......... .......... .......... 78%  108M 0s
 39250K .......... .......... .......... .......... .......... 78% 44.7M 0s
 39300K .......... .......... .......... .......... .......... 78% 27.8M 0s
 39350K .......... .......... .......... .......... .......... 78% 24.6M 0s
 39400K .......... .......... .......... .......... .......... 79%  110M 0s
 39450K .......... .......... .......... .......... .......... 79% 49.2M 0s
 39500K .......... .......... .......... .......... .......... 79% 32.9M 0s
 39550K .......... .......... .......... .......... .......... 79% 40.4M 0s
 39600K .......... .......... .......... .......... .......... 79%  121M 0s
 39650K .......... .......... .......... .......... .......... 79% 19.0M 0s
 39700K .......... .......... .......... .......... .......... 79% 85.6M 0s
 39750K .......... .......... .......... .......... .......... 79%  113M 0s
 39800K .......... .......... .......... .......... .......... 79%  118M 0s
 39850K .......... .......... .......... .......... .......... 79%  111M 0s
 39900K .......... .......... .......... .......... .......... 80%  122M 0s
 39950K .......... .......... .......... .......... .......... 80% 92.3M 0s
 40000K .......... .......... .......... .......... .......... 80%  122M 0s
 40050K .......... .......... .......... .......... .......... 80%  121M 0s
 40100K .......... .......... .......... .......... .......... 80%  109M 0s
 40150K .......... .......... .......... .......... .......... 80%  111M 0s
 40200K .......... .......... .......... .......... .......... 80%  124M 0s
 40250K .......... .......... .......... .......... .......... 80%  120M 0s
 40300K .......... .......... .......... .......... .......... 80% 78.1M 0s
 40350K .......... .......... .......... .......... .......... 80% 38.7M 0s
 40400K .......... .......... .......... .......... .......... 81%  107M 0s
 40450K .......... .......... .......... .......... .......... 81% 19.0M 0s
 40500K .......... .......... .......... .......... .......... 81% 50.8M 0s
 40550K .......... .......... .......... .......... .......... 81% 41.4M 0s
 40600K .......... .......... .......... .......... .......... 81% 37.5M 0s
 40650K .......... .......... .......... .......... .......... 81% 59.1M 0s
 40700K .......... .......... .......... .......... .......... 81% 28.1M 0s
 40750K .......... .......... .......... .......... .......... 81% 50.3M 0s
 40800K .......... .......... .......... .......... .......... 81% 17.0M 0s
 40850K .......... .......... .......... .......... .......... 81% 49.4M 0s
 40900K .......... .......... .......... .......... .......... 82% 24.1M 0s
 40950K .......... .......... .......... .......... .......... 82%  111M 0s
 41000K .......... .......... .......... .......... .......... 82%  122M 0s
 41050K .......... .......... .......... .......... .......... 82%  111M 0s
 41100K .......... .......... .......... .......... .......... 82% 44.4M 0s
 41150K .......... .......... .......... .......... .......... 82% 48.3M 0s
 41200K .......... .......... .......... .......... .......... 82% 30.3M 0s
 41250K .......... .......... .......... .......... .......... 82% 26.6M 0s
 41300K .......... .......... .......... .......... .......... 82% 36.6M 0s
 41350K .......... .......... .......... .......... .......... 82%  110M 0s
 41400K .......... .......... .......... .......... .......... 83% 94.8M 0s
 41450K .......... .......... .......... .......... .......... 83% 51.6M 0s
 41500K .......... .......... .......... .......... .......... 83% 58.8M 0s
 41550K .......... .......... .......... .......... .......... 83% 33.2M 0s
 41600K .......... .......... .......... .......... .......... 83% 60.4M 0s
 41650K .......... .......... .......... .......... .......... 83% 44.3M 0s
 41700K .......... .......... .......... .......... .......... 83%  109M 0s
 41750K .......... .......... .......... .......... .......... 83%  111M 0s
 41800K .......... .......... .......... .......... .......... 83% 75.4M 0s
 41850K .......... .......... .......... .......... .......... 83% 21.6M 0s
 41900K .......... .......... .......... .......... .......... 84% 98.9M 0s
 41950K .......... .......... .......... .......... .......... 84% 78.3M 0s
 42000K .......... .......... .......... .......... .......... 84%  121M 0s
 42050K .......... .......... .......... .......... .......... 84%  107M 0s
 42100K .......... .......... .......... .......... .......... 84% 58.2M 0s
 42150K .......... .......... .......... .......... .......... 84% 69.2M 0s
 42200K .......... .......... .......... .......... .......... 84% 58.4M 0s
 42250K .......... .......... .......... .......... .......... 84%  123M 0s
 42300K .......... .......... .......... .......... .......... 84% 40.9M 0s
 42350K .......... .......... .......... .......... .......... 84% 30.3M 0s
 42400K .......... .......... .......... .......... .......... 85% 28.2M 0s
 42450K .......... .......... .......... .......... .......... 85% 35.3M 0s
 42500K .......... .......... .......... .......... .......... 85%  122M 0s
 42550K .......... .......... .......... .......... .......... 85% 37.8M 0s
 42600K .......... .......... .......... .......... .......... 85% 39.6M 0s
 42650K .......... .......... .......... .......... .......... 85% 95.9M 0s
 42700K .......... .......... .......... .......... .......... 85%  121M 0s
 42750K .......... .......... .......... .......... .......... 85% 18.9M 0s
 42800K .......... .......... .......... .......... .......... 85% 61.3M 0s
 42850K .......... .......... .......... .......... .......... 85%  134M 0s
 42900K .......... .......... .......... .......... .......... 86%  109M 0s
 42950K .......... .......... .......... .......... .......... 86%  112M 0s
 43000K .......... .......... .......... .......... .......... 86%  121M 0s
 43050K .......... .......... .......... .......... .......... 86%  120M 0s
 43100K .......... .......... .......... .......... .......... 86%  109M 0s
 43150K .......... .......... .......... .......... .......... 86% 95.6M 0s
 43200K .......... .......... .......... .......... .......... 86%  122M 0s
 43250K .......... .......... .......... .......... .......... 86%  116M 0s
 43300K .......... .......... .......... .......... .......... 86%  113M 0s
 43350K .......... .......... .......... .......... .......... 86%  100M 0s
 43400K .......... .......... .......... .......... .......... 87% 45.3M 0s
 43450K .......... .......... .......... .......... .......... 87% 50.7M 0s
 43500K .......... .......... .......... .......... .......... 87% 26.8M 0s
 43550K .......... .......... .......... .......... .......... 87% 22.1M 0s
 43600K .......... .......... .......... .......... .......... 87%  113M 0s
 43650K .......... .......... .......... .......... .......... 87%  128M 0s
 43700K .......... .......... .......... .......... .......... 87% 32.5M 0s
 43750K .......... .......... .......... .......... .......... 87% 30.4M 0s
 43800K .......... .......... .......... .......... .......... 87% 40.8M 0s
 43850K .......... .......... .......... .......... .......... 87%  114M 0s
 43900K .......... .......... .......... .......... .......... 88% 14.5M 0s
 43950K .......... .......... .......... .......... .......... 88% 22.8M 0s
 44000K .......... .......... .......... .......... .......... 88% 78.9M 0s
 44050K .......... .......... .......... .......... .......... 88%  108M 0s
 44100K .......... .......... .......... .......... .......... 88% 48.0M 0s
 44150K .......... .......... .......... .......... .......... 88%  108M 0s
 44200K .......... .......... .......... .......... .......... 88% 62.3M 0s
 44250K .......... .......... .......... .......... .......... 88% 15.9M 0s
 44300K .......... .......... .......... .......... .......... 88% 63.5M 0s
 44350K .......... .......... .......... .......... .......... 88% 16.1M 0s
 44400K .......... .......... .......... .......... .......... 89%  129M 0s
 44450K .......... .......... .......... .......... .......... 89%  108M 0s
 44500K .......... .......... .......... .......... .......... 89%  122M 0s
 44550K .......... .......... .......... .......... .......... 89%  113M 0s
 44600K .......... .......... .......... .......... .......... 89% 50.6M 0s
 44650K .......... .......... .......... .......... .......... 89%  122M 0s
 44700K .......... .......... .......... .......... .......... 89% 46.9M 0s
 44750K .......... .......... .......... .......... .......... 89% 94.0M 0s
 44800K .......... .......... .......... .......... .......... 89%  123M 0s
 44850K .......... .......... .......... .......... .......... 89% 64.7M 0s
 44900K .......... .......... .......... .......... .......... 90% 21.2M 0s
 44950K .......... .......... .......... .......... .......... 90% 87.1M 0s
 45000K .......... .......... .......... .......... .......... 90%  109M 0s
 45050K .......... .......... .......... .......... .......... 90%  122M 0s
 45100K .......... .......... .......... .......... .......... 90% 55.1M 0s
 45150K .......... .......... .......... .......... .......... 90% 95.8M 0s
 45200K .......... .......... .......... .......... .......... 90% 67.9M 0s
 45250K .......... .......... .......... .......... .......... 90% 31.2M 0s
 45300K .......... .......... .......... .......... .......... 90%  120M 0s
 45350K .......... .......... .......... .......... .......... 90%  111M 0s
 45400K .......... .......... .......... .......... .......... 91% 39.8M 0s
 45450K .......... .......... .......... .......... .......... 91% 32.4M 0s
 45500K .......... .......... .......... .......... .......... 91% 58.7M 0s
 45550K .......... .......... .......... .......... .......... 91% 37.8M 0s
 45600K .......... .......... .......... .......... .......... 91% 40.3M 0s
 45650K .......... .......... .......... .......... .......... 91% 34.8M 0s
 45700K .......... .......... .......... .......... .......... 91% 35.4M 0s
 45750K .......... .......... .......... .......... .......... 91%  111M 0s
 45800K .......... .......... .......... .......... .......... 91% 34.6M 0s
 45850K .......... .......... .......... .......... .......... 91% 43.4M 0s
 45900K .......... .......... .......... .......... .......... 92%  103M 0s
 45950K .......... .......... .......... .......... .......... 92% 99.5M 0s
 46000K .......... .......... .......... .......... .......... 92%  122M 0s
 46050K .......... .......... .......... .......... .......... 92%  114M 0s
 46100K .......... .......... .......... .......... .......... 92%  115M 0s
 46150K .......... .......... .......... .......... .......... 92%  110M 0s
 46200K .......... .......... .......... .......... .......... 92%  109M 0s
 46250K .......... .......... .......... .......... .......... 92%  121M 0s
 46300K .......... .......... .......... .......... .......... 92%  122M 0s
 46350K .......... .......... .......... .......... .......... 92% 95.8M 0s
 46400K .......... .......... .......... .......... .......... 93% 44.8M 0s
 46450K .......... .......... .......... .......... .......... 93% 40.9M 0s
 46500K .......... .......... .......... .......... .......... 93%  121M 0s
 46550K .......... .......... .......... .......... .......... 93% 33.7M 0s
 46600K .......... .......... .......... .......... .......... 93% 23.6M 0s
 46650K .......... .......... .......... .......... .......... 93% 86.8M 0s
 46700K .......... .......... .......... .......... .......... 93% 33.0M 0s
 46750K .......... .......... .......... .......... .......... 93% 33.9M 0s
 46800K .......... .......... .......... .......... .......... 93% 46.2M 0s
 46850K .......... .......... .......... .......... .......... 93% 61.6M 0s
 46900K .......... .......... .......... .......... .......... 94% 22.2M 0s
 46950K .......... .......... .......... .......... .......... 94% 18.1M 0s
 47000K .......... .......... .......... .......... .......... 94% 76.2M 0s
 47050K .......... .......... .......... .......... .......... 94% 42.2M 0s
 47100K .......... .......... .......... .......... .......... 94%  108M 0s
 47150K .......... .......... .......... .......... .......... 94% 46.0M 0s
 47200K .......... .......... .......... .......... .......... 94% 70.1M 0s
 47250K .......... .......... .......... .......... .......... 94%  118M 0s
 47300K .......... .......... .......... .......... .......... 94% 16.3M 0s
 47350K .......... .......... .......... .......... .......... 94% 36.3M 0s
 47400K .......... .......... .......... .......... .......... 95% 20.2M 0s
 47450K .......... .......... .......... .......... .......... 95% 97.2M 0s
 47500K .......... .......... .......... .......... .......... 95%  121M 0s
 47550K .......... .......... .......... .......... .......... 95% 93.2M 0s
 47600K .......... .......... .......... .......... .......... 95% 58.4M 0s
 47650K .......... .......... .......... .......... .......... 95%  108M 0s
 47700K .......... .......... .......... .......... .......... 95% 51.5M 0s
 47750K .......... .......... .......... .......... .......... 95%  109M 0s
 47800K .......... .......... .......... .......... .......... 95%  117M 0s
 47850K .......... .......... .......... .......... .......... 95% 89.4M 0s
 47900K .......... .......... .......... .......... .......... 96% 30.4M 0s
 47950K .......... .......... .......... .......... .......... 96% 34.5M 0s
 48000K .......... .......... .......... .......... .......... 96% 81.1M 0s
 48050K .......... .......... .......... .......... .......... 96%  116M 0s
 48100K .......... .......... .......... .......... .......... 96% 54.0M 0s
 48150K .......... .......... .......... .......... .......... 96%  110M 0s
 48200K .......... .......... .......... .......... .......... 96%  109M 0s
 48250K .......... .......... .......... .......... .......... 96%  128M 0s
 48300K .......... .......... .......... .......... .......... 96% 68.8M 0s
 48350K .......... .......... .......... .......... .......... 97% 29.5M 0s
 48400K .......... .......... .......... .......... .......... 97% 96.6M 0s
 48450K .......... .......... .......... .......... .......... 97% 46.1M 0s
 48500K .......... .......... .......... .......... .......... 97% 43.9M 0s
 48550K .......... .......... .......... .......... .......... 97% 40.4M 0s
 48600K .......... .......... .......... .......... .......... 97% 42.6M 0s
 48650K .......... .......... .......... .......... .......... 97% 41.1M 0s
 48700K .......... .......... .......... .......... .......... 97% 39.8M 0s
 48750K .......... .......... .......... .......... .......... 97% 29.7M 0s
 48800K .......... .......... .......... .......... .......... 97%  120M 0s
 48850K .......... .......... .......... .......... .......... 98% 34.2M 0s
 48900K .......... .......... .......... .......... .......... 98% 37.8M 0s
 48950K .......... .......... .......... .......... .......... 98% 83.3M 0s
 49000K .......... .......... .......... .......... .......... 98% 37.2M 0s
 49050K .......... .......... .......... .......... .......... 98% 62.0M 0s
 49100K .......... .......... .......... .......... .......... 98%  111M 0s
 49150K .......... .......... .......... .......... .......... 98% 28.9M 0s
 49200K .......... .......... .......... .......... .......... 98%  118M 0s
 49250K .......... .......... .......... .......... .......... 98%  118M 0s
 49300K .......... .......... .......... .......... .......... 98%  116M 0s
 49350K .......... .......... .......... .......... .......... 99%  113M 0s
 49400K .......... .......... .......... .......... .......... 99%  112M 0s
 49450K .......... .......... .......... .......... .......... 99%  118M 0s
 49500K .......... .......... .......... .......... .......... 99%  122M 0s
 49550K .......... .......... .......... .......... .......... 99% 97.3M 0s
 49600K .......... .......... .......... .......... .......... 99%  114M 0s
 49650K .......... .......... .......... .......... .......... 99% 22.6M 0s
 49700K .......... .......... .......... .......... .......... 99% 33.9M 0s
 49750K .......... .......... .......... .......... .......... 99%  111M 0s
 49800K .......... .......... .......... .......... .......... 99%  109M 0s
 49850K .......... .......... .......... .......... ......    100% 45.0M=1.3s

2021-03-26 17:00:34 (37.6 MB/s) - `miniconda.sh' saved [51093759/51093759]


travis_time:end:1919096b:start=1616778032381726691,finish=1616778034114773771,duration=1733047080[0Ktravis_fold:end:before_install.1[0Ktravis_fold:start:before_install.2[0Ktravis_time:start:05601132[0K$ chmod +x miniconda.sh

travis_time:end:05601132:start=1616778034124038578,finish=1616778034134747216,duration=10708638[0Ktravis_fold:end:before_install.2[0Ktravis_fold:start:before_install.3[0Ktravis_time:start:315a9ede[0K$ ./miniconda.sh -b
PREFIX=/home/travis/miniconda2
Unpacking payload ...
  0%|          | 0/37 [00:00<?, ?it/s]Extracting : python-2.7.18-h15b4118_1.conda:   0%|          | 0/37 [00:00<?, ?it/s]Extracting : python-2.7.18-h15b4118_1.conda:   3%|▎         | 1/37 [00:00<00:20,  1.77it/s]Extracting : _libgcc_mutex-0.1-main.conda:   3%|▎         | 1/37 [00:00<00:20,  1.77it/s]  Extracting : ca-certificates-2020.1.1-0.conda:   5%|▌         | 2/37 [00:00<00:19,  1.77it/s]Extracting : libstdcxx-ng-9.1.0-hdf63c60_0.conda:   8%|▊         | 3/37 [00:00<00:19,  1.77it/s]Extracting : libgcc-ng-9.1.0-hdf63c60_0.conda:  11%|█         | 4/37 [00:00<00:18,  1.77it/s]   Extracting : libffi-3.3-he6710b0_1.conda:  14%|█▎        | 5/37 [00:00<00:18,  1.77it/s]     Extracting : ncurses-6.2-he6710b0_1.conda:  16%|█▌        | 6/37 [00:00<00:17,  1.77it/s]Extracting : openssl-1.1.1g-h7b6447c_0.conda:  19%|█▉        | 7/37 [00:00<00:16,  1.77it/s]Extracting : yaml-0.1.7-had09818_2.conda:  22%|██▏       | 8/37 [00:00<00:16,  1.77it/s]    Extracting : zlib-1.2.11-h7b6447c_3.conda:  24%|██▍       | 9/37 [00:00<00:15,  1.77it/s]Extracting : libedit-3.1.20181209-hc058e9b_0.conda:  27%|██▋       | 10/37 [00:00<00:15,  1.77it/s]Extracting : readline-8.0-h7b6447c_0.conda:  30%|██▉       | 11/37 [00:00<00:14,  1.77it/s]        Extracting : tk-8.6.8-hbc83047_0.conda:  32%|███▏      | 12/37 [00:00<00:14,  1.77it/s]    Extracting : sqlite-3.31.1-h62c20be_1.conda:  35%|███▌      | 13/37 [00:00<00:13,  1.77it/s]Extracting : asn1crypto-1.3.0-py27_0.conda:  38%|███▊      | 14/37 [00:00<00:12,  1.77it/s] Extracting : certifi-2019.11.28-py27_0.conda:  41%|████      | 15/37 [00:00<00:12,  1.77it/s]Extracting : chardet-3.0.4-py27_1003.conda:  43%|████▎     | 16/37 [00:00<00:11,  1.77it/s]  Extracting : enum34-1.1.6-py27_1.conda:  46%|████▌     | 17/37 [00:00<00:11,  1.77it/s]    Extracting : futures-3.3.0-py27_0.conda:  49%|████▊     | 18/37 [00:00<00:10,  1.77it/s]Extracting : idna-2.8-py27_0.conda:  51%|█████▏    | 19/37 [00:00<00:10,  1.77it/s]     Extracting : ipaddress-1.0.23-py_0.conda:  54%|█████▍    | 20/37 [00:00<00:09,  1.77it/s]Extracting : pycosat-0.6.3-py27h7b6447c_0.conda:  57%|█████▋    | 21/37 [00:00<00:09,  1.77it/s]Extracting : pycparser-2.20-py_0.conda:  59%|█████▉    | 22/37 [00:00<00:08,  1.77it/s]         Extracting : pysocks-1.7.1-py27_0.conda:  62%|██████▏   | 23/37 [00:00<00:07,  1.77it/s]Extracting : ruamel_yaml-0.15.87-py27h7b6447c_0.conda:  65%|██████▍   | 24/37 [00:00<00:07,  1.77it/s]Extracting : six-1.13.0-py27_0.conda:  68%|██████▊   | 25/37 [00:00<00:06,  1.77it/s]                 Extracting : tqdm-4.46.0-py_0.conda:  70%|███████   | 26/37 [00:00<00:06,  1.77it/s] Extracting : cffi-1.14.0-py27he30daa8_1.conda:  73%|███████▎  | 27/37 [00:00<00:05,  1.77it/s]Extracting : conda-package-handling-1.6.0-py27h7b6447c_0.conda:  76%|███████▌  | 28/37 [00:00<00:05,  1.77it/s]Extracting : setuptools-44.0.0-py27_0.conda:  78%|███████▊  | 29/37 [00:00<00:04,  1.77it/s]                   Extracting : cryptography-2.8-py27h1ba5d50_0.conda:  81%|████████  | 30/37 [00:00<00:03,  1.77it/s]Extracting : wheel-0.33.6-py27_0.conda:  84%|████████▍ | 31/37 [00:00<00:03,  1.77it/s]            Extracting : pip-19.3.1-py27_0.conda:  86%|████████▋ | 32/37 [00:00<00:02,  1.77it/s]  Extracting : pyopenssl-19.1.0-py27_0.conda:  89%|████████▉ | 33/37 [00:00<00:02,  1.77it/s]Extracting : urllib3-1.25.7-py27_0.conda:  92%|█████████▏| 34/37 [00:00<00:01,  1.77it/s]  Extracting : requests-2.22.0-py27_1.conda:  95%|█████████▍| 35/37 [00:00<00:01,  1.77it/s]Extracting : conda-4.8.3-py27_0.tar.bz2:  97%|█████████▋| 36/37 [00:00<00:00,  1.77it/s]  Extracting : conda-4.8.3-py27_0.tar.bz2: 100%|██████████| 37/37 [00:00<00:00,  2.51it/s]                                                                                        Collecting package metadata (current_repodata.json): ...working... done
Solving environment: ...working... done

## Package Plan ##

  environment location: /home/travis/miniconda2

  added / updated specs:
    - _libgcc_mutex==0.1=main
    - asn1crypto==1.3.0=py27_0
    - ca-certificates==2020.1.1=0
    - certifi==2019.11.28=py27_0
    - cffi==1.14.0=py27he30daa8_1
    - chardet==3.0.4=py27_1003
    - conda-package-handling==1.6.0=py27h7b6447c_0
    - conda==4.8.3=py27_0
    - cryptography==2.8=py27h1ba5d50_0
    - enum34==1.1.6=py27_1
    - futures==3.3.0=py27_0
    - idna==2.8=py27_0
    - ipaddress==1.0.23=py_0
    - libedit==3.1.20181209=hc058e9b_0
    - libffi==3.3=he6710b0_1
    - libgcc-ng==9.1.0=hdf63c60_0
    - libstdcxx-ng==9.1.0=hdf63c60_0
    - ncurses==6.2=he6710b0_1
    - openssl==1.1.1g=h7b6447c_0
    - pip==19.3.1=py27_0
    - pycosat==0.6.3=py27h7b6447c_0
    - pycparser==2.20=py_0
    - pyopenssl==19.1.0=py27_0
    - pysocks==1.7.1=py27_0
    - python==2.7.18=h15b4118_1
    - readline==8.0=h7b6447c_0
    - requests==2.22.0=py27_1
    - ruamel_yaml==0.15.87=py27h7b6447c_0
    - setuptools==44.0.0=py27_0
    - six==1.13.0=py27_0
    - sqlite==3.31.1=h62c20be_1
    - tk==8.6.8=hbc83047_0
    - tqdm==4.46.0=py_0
    - urllib3==1.25.7=py27_0
    - wheel==0.33.6=py27_0
    - yaml==0.1.7=had09818_2
    - zlib==1.2.11=h7b6447c_3


The following NEW packages will be INSTALLED:

  _libgcc_mutex      pkgs/main/linux-64::_libgcc_mutex-0.1-main
  asn1crypto         pkgs/main/linux-64::asn1crypto-1.3.0-py27_0
  ca-certificates    pkgs/main/linux-64::ca-certificates-2020.1.1-0
  certifi            pkgs/main/linux-64::certifi-2019.11.28-py27_0
  cffi               pkgs/main/linux-64::cffi-1.14.0-py27he30daa8_1
  chardet            pkgs/main/linux-64::chardet-3.0.4-py27_1003
  conda              pkgs/main/linux-64::conda-4.8.3-py27_0
  conda-package-han~ pkgs/main/linux-64::conda-package-handling-1.6.0-py27h7b6447c_0
  cryptography       pkgs/main/linux-64::cryptography-2.8-py27h1ba5d50_0
  enum34             pkgs/main/linux-64::enum34-1.1.6-py27_1
  futures            pkgs/main/linux-64::futures-3.3.0-py27_0
  idna               pkgs/main/linux-64::idna-2.8-py27_0
  ipaddress          pkgs/main/noarch::ipaddress-1.0.23-py_0
  libedit            pkgs/main/linux-64::libedit-3.1.20181209-hc058e9b_0
  libffi             pkgs/main/linux-64::libffi-3.3-he6710b0_1
  libgcc-ng          pkgs/main/linux-64::libgcc-ng-9.1.0-hdf63c60_0
  libstdcxx-ng       pkgs/main/linux-64::libstdcxx-ng-9.1.0-hdf63c60_0
  ncurses            pkgs/main/linux-64::ncurses-6.2-he6710b0_1
  openssl            pkgs/main/linux-64::openssl-1.1.1g-h7b6447c_0
  pip                pkgs/main/linux-64::pip-19.3.1-py27_0
  pycosat            pkgs/main/linux-64::pycosat-0.6.3-py27h7b6447c_0
  pycparser          pkgs/main/noarch::pycparser-2.20-py_0
  pyopenssl          pkgs/main/linux-64::pyopenssl-19.1.0-py27_0
  pysocks            pkgs/main/linux-64::pysocks-1.7.1-py27_0
  python             pkgs/main/linux-64::python-2.7.18-h15b4118_1
  readline           pkgs/main/linux-64::readline-8.0-h7b6447c_0
  requests           pkgs/main/linux-64::requests-2.22.0-py27_1
  ruamel_yaml        pkgs/main/linux-64::ruamel_yaml-0.15.87-py27h7b6447c_0
  setuptools         pkgs/main/linux-64::setuptools-44.0.0-py27_0
  six                pkgs/main/linux-64::six-1.13.0-py27_0
  sqlite             pkgs/main/linux-64::sqlite-3.31.1-h62c20be_1
  tk                 pkgs/main/linux-64::tk-8.6.8-hbc83047_0
  tqdm               pkgs/main/noarch::tqdm-4.46.0-py_0
  urllib3            pkgs/main/linux-64::urllib3-1.25.7-py27_0
  wheel              pkgs/main/linux-64::wheel-0.33.6-py27_0
  yaml               pkgs/main/linux-64::yaml-0.1.7-had09818_2
  zlib               pkgs/main/linux-64::zlib-1.2.11-h7b6447c_3


Preparing transaction: ...working... done
Executing transaction: ...working... done
installation finished.

travis_time:end:315a9ede:start=1616778034145576814,finish=1616778045233940201,duration=11088363387[0Ktravis_fold:end:before_install.3[0Ktravis_fold:start:before_install.4[0Ktravis_time:start:02fe3a43[0K$ export PATH=/home/travis/miniconda2/bin:$PATH

travis_time:end:02fe3a43:start=1616778045243933362,finish=1616778045252385276,duration=8451914[0Ktravis_fold:end:before_install.4[0Ktravis_fold:start:before_install.5[0Ktravis_time:start:13d172c3[0K$ conda update --yes --quiet conda
Collecting package metadata (current_repodata.json): ...working... done
Solving environment: ...working... done

## Package Plan ##

  environment location: /home/travis/miniconda2

  added / updated specs:
    - conda


The following packages will be downloaded:

    package                    |            build
    ---------------------------|-----------------
    asn1crypto-1.4.0           |             py_0          80 KB
    ca-certificates-2021.1.19  |       h06a4308_1         118 KB
    certifi-2020.6.20          |     pyhd3eb1b0_3         155 KB
    idna-2.10                  |     pyhd3eb1b0_0          52 KB
    libffi-3.3                 |       he6710b0_2          50 KB
    openssl-1.1.1k             |       h27cfd23_0         2.5 MB
    pycparser-2.20             |             py_2          94 KB
    pyopenssl-20.0.1           |     pyhd3eb1b0_1          49 KB
    readline-8.1               |       h27cfd23_0         362 KB
    requests-2.25.1            |     pyhd3eb1b0_0          52 KB
    six-1.15.0                 |     pyhd3eb1b0_0          13 KB
    sqlite-3.35.2              |       hdfb4753_0         983 KB
    tk-8.6.10                  |       hbc83047_0         3.0 MB
    tqdm-4.59.0                |     pyhd3eb1b0_1          93 KB
    wheel-0.36.2               |     pyhd3eb1b0_0          33 KB
    ------------------------------------------------------------
                                           Total:         7.6 MB

The following packages will be REMOVED:

  libedit-3.1.20181209-hc058e9b_0

The following packages will be UPDATED:

  asn1crypto         pkgs/main/linux-64::asn1crypto-1.3.0-~ --> pkgs/main/noarch::asn1crypto-1.4.0-py_0
  ca-certificates                                2020.1.1-0 --> 2021.1.19-h06a4308_1
  certifi            pkgs/main/linux-64::certifi-2019.11.2~ --> pkgs/main/noarch::certifi-2020.6.20-pyhd3eb1b0_3
  idna                  pkgs/main/linux-64::idna-2.8-py27_0 --> pkgs/main/noarch::idna-2.10-pyhd3eb1b0_0
  libffi                                     3.3-he6710b0_1 --> 3.3-he6710b0_2
  openssl                                 1.1.1g-h7b6447c_0 --> 1.1.1k-h27cfd23_0
  pycparser                                       2.20-py_0 --> 2.20-py_2
  pyopenssl          pkgs/main/linux-64::pyopenssl-19.1.0-~ --> pkgs/main/noarch::pyopenssl-20.0.1-pyhd3eb1b0_1
  readline                                   8.0-h7b6447c_0 --> 8.1-h27cfd23_0
  requests           pkgs/main/linux-64::requests-2.22.0-p~ --> pkgs/main/noarch::requests-2.25.1-pyhd3eb1b0_0
  six                 pkgs/main/linux-64::six-1.13.0-py27_0 --> pkgs/main/noarch::six-1.15.0-pyhd3eb1b0_0
  sqlite                                  3.31.1-h62c20be_1 --> 3.35.2-hdfb4753_0
  tk                                       8.6.8-hbc83047_0 --> 8.6.10-hbc83047_0
  tqdm                                          4.46.0-py_0 --> 4.59.0-pyhd3eb1b0_1
  wheel              pkgs/main/linux-64::wheel-0.33.6-py27~ --> pkgs/main/noarch::wheel-0.36.2-pyhd3eb1b0_0


Preparing transaction: ...working... done
Verifying transaction: ...working... done
Executing transaction: ...working... done

travis_time:end:13d172c3:start=1616778045262331985,finish=1616778059973680862,duration=14711348877[0Ktravis_fold:end:before_install.5[0Ktravis_fold:start:before_install.6[0Ktravis_time:start:05c3459a[0K$ export DISPLAY=:99.0

travis_time:end:05c3459a:start=1616778059984892199,finish=1616778059993219558,duration=8327359[0Ktravis_fold:end:before_install.6[0Ktravis_fold:start:before_install.7[0Ktravis_time:start:1ba65700[0K$ sh -e /etc/init.d/xvfb start
Starting virtual X frame buffer: Xvfb.

travis_time:end:1ba65700:start=1616778060003584005,finish=1616778060015090320,duration=11506315[0Ktravis_fold:end:before_install.7[0Ktravis_fold:start:install.1[0Ktravis_time:start:1aa87342[0K$ conda create --yes --quiet -n pychron-test python=2.7
Collecting package metadata (current_repodata.json): ...working... done
Solving environment: ...working... failed with repodata from current_repodata.json, will retry with next repodata source.
Collecting package metadata (repodata.json): ...working... done
Solving environment: ...working... done

## Package Plan ##

  environment location: /home/travis/miniconda2/envs/pychron-test

  added / updated specs:
    - python=2.7


The following NEW packages will be INSTALLED:

  _libgcc_mutex      pkgs/main/linux-64::_libgcc_mutex-0.1-main
  ca-certificates    pkgs/main/linux-64::ca-certificates-2021.1.19-h06a4308_1
  certifi            pkgs/main/noarch::certifi-2020.6.20-pyhd3eb1b0_3
  libffi             pkgs/main/linux-64::libffi-3.3-he6710b0_2
  libgcc-ng          pkgs/main/linux-64::libgcc-ng-9.1.0-hdf63c60_0
  libstdcxx-ng       pkgs/main/linux-64::libstdcxx-ng-9.1.0-hdf63c60_0
  ncurses            pkgs/main/linux-64::ncurses-6.2-he6710b0_1
  pip                pkgs/main/linux-64::pip-19.3.1-py27_0
  python             pkgs/main/linux-64::python-2.7.18-h15b4118_1
  readline           pkgs/main/linux-64::readline-8.1-h27cfd23_0
  setuptools         pkgs/main/linux-64::setuptools-44.0.0-py27_0
  sqlite             pkgs/main/linux-64::sqlite-3.35.2-hdfb4753_0
  tk                 pkgs/main/linux-64::tk-8.6.10-hbc83047_0
  wheel              pkgs/main/noarch::wheel-0.36.2-pyhd3eb1b0_0
  zlib               pkgs/main/linux-64::zlib-1.2.11-h7b6447c_3


Preparing transaction: ...working... done
Verifying transaction: ...working... done
Executing transaction: ...working... done

travis_time:end:1aa87342:start=1616778060025182379,finish=1616778082916786352,duration=22891603973[0Ktravis_fold:end:install.1[0Ktravis_fold:start:install.2[0Ktravis_time:start:0211d913[0K$ source activate pychron-test

travis_time:end:0211d913:start=1616778082928415751,finish=1616778083060416590,duration=132000839[0Ktravis_fold:end:install.2[0Ktravis_fold:start:install.3[0Ktravis_time:start:1f3cb984[0K$ conda install --yes qt=4.8.5 pyside statsmodels PyYAML traits pyface traitsui enable chaco xlrd xlwt lxml sqlalchemy apptools
Collecting package metadata (current_repodata.json): ...working... done
Solving environment: ...working... failed with initial frozen solve. Retrying with flexible solve.
Collecting package metadata (repodata.json): ...working... done
Solving environment: ...working... failed with initial frozen solve. Retrying with flexible solve.

PackagesNotFoundError: The following packages are not available from current channels:

  - chaco
  - enable
  - qt=4.8.5
  - pyside

Current channels:

  - https://repo.anaconda.com/pkgs/main/linux-64
  - https://repo.anaconda.com/pkgs/main/noarch
  - https://repo.anaconda.com/pkgs/r/linux-64
  - https://repo.anaconda.com/pkgs/r/noarch

To search for alternate channels that may provide the conda package you're
looking for, navigate to

    https://anaconda.org

and use the search bar at the top of the page.



travis_time:end:1f3cb984:start=1616778083072173838,finish=1616778090287873545,duration=7215699707[0K
[31;1mThe command "conda install --yes qt=4.8.5 pyside statsmodels PyYAML traits pyface traitsui enable chaco xlrd xlwt lxml sqlalchemy apptools" failed and exited with 1 during .[0m

Your build has been stopped.
