travis_fold:start:system_info[0K[33;1mBuild system information[0m
Build language: python
Build group: stable
Build dist: precise
Build id: ''
Job id: ''
[34m[1mBuild image provisioning date and time[0m
Thu Feb  5 15:09:33 UTC 2015
[34m[1mOperating System Details[0m
Distributor ID:	Ubuntu
Description:	Ubuntu 12.04.5 LTS
Release:	12.04
Codename:	precise
[34m[1mLinux Version[0m
3.13.0-29-generic
[34m[1mCookbooks Version[0m
a68419e https://github.com/travis-ci/travis-cookbooks/tree/a68419e
[34m[1mGCC version[0m
gcc (Ubuntu/Linaro 4.6.3-1ubuntu5) 4.6.3
Copyright (C) 2011 Free Software Foundation, Inc.
This is free software; see the source for copying conditions.  There is NO
warranty; not even for MERCHANTABILITY or FITNESS FOR A PARTICULAR PURPOSE.

[34m[1mLLVM version[0m
clang version 3.4 (tags/RELEASE_34/final)
Target: x86_64-unknown-linux-gnu
Thread model: posix
[34m[1mPre-installed Ruby versions[0m
ruby-1.9.3-p551
[34m[1mPre-installed Node.js versions[0m
v0.10.36
[34m[1mPre-installed Go versions[0m
1.4.1
[34m[1mRedis version[0m
redis-server 2.8.19
[34m[1mriak version[0m
2.0.2
[34m[1mMongoDB version[0m
MongoDB 2.4.12
[34m[1mCouchDB version[0m
couchdb 1.6.1
[34m[1mNeo4j version[0m
1.9.4
[34m[1mRabbitMQ Version[0m
3.4.3
[34m[1mElasticSearch version[0m
1.4.0
[34m[1mInstalled Sphinx versions[0m
2.0.10
2.1.9
2.2.6
[34m[1mDefault Sphinx version[0m
2.2.6
[34m[1mInstalled Firefox version[0m
firefox 31.0esr
[34m[1mPhantomJS version[0m
1.9.8
[34m[1mant -version[0m
Apache Ant(TM) version 1.8.2 compiled on December 3 2011
[34m[1mmvn -version[0m
Apache Maven 3.2.5 (12a6b3acb947671f09b81f49094c53f426d8cea1; 2014-12-14T17:29:23+00:00)
Maven home: /usr/local/maven
Java version: 1.7.0_76, vendor: Oracle Corporation
Java home: /usr/lib/jvm/java-7-oracle/jre
Default locale: en_US, platform encoding: ANSI_X3.4-1968
OS name: "linux", version: "3.13.0-29-generic", arch: "amd64", family: "unix"
travis_fold:end:system_info[0K
grep: /etc/apt/sources.list.d/*: No such file or directory
sed: cannot rename /etc/hosts: Device or resource busy
sed: cannot rename /etc/hosts: Device or resource busy
$ cd failed/NMGRL/pychron
travis_time:start:0399ca26[0K$ source ~/virtualenv/python2.7/bin/activate

travis_time:end:0399ca26:start=1616777951641616291,finish=1616777951649997500,duration=8381209[0K$ python --version
Python 2.7.9
$ pip --version
pip 6.0.7 from /home/travis/virtualenv/python2.7.9/lib/python2.7/site-packages (python 2.7)
travis_fold:start:before_install.1[0Ktravis_time:start:1e3dc9b0[0K$ wget http://repo.continuum.io/miniconda/Miniconda2-latest-Linux-x86_64.sh -O miniconda.sh
--2021-03-26 16:59:12--  http://repo.continuum.io/miniconda/Miniconda2-latest-Linux-x86_64.sh
Resolving repo.continuum.io (repo.continuum.io)... 104.18.200.79, 104.18.201.79, 2606:4700::6812:c94f, ...
Connecting to repo.continuum.io (repo.continuum.io)|104.18.200.79|:80... connected.
HTTP request sent, awaiting response... 301 Moved Permanently
Location: https://repo.anaconda.com/miniconda/Miniconda2-latest-Linux-x86_64.sh [following]
--2021-03-26 16:59:12--  https://repo.anaconda.com/miniconda/Miniconda2-latest-Linux-x86_64.sh
Resolving repo.anaconda.com (repo.anaconda.com)... 104.16.130.3, 104.16.131.3, 2606:4700::6810:8203, ...
Connecting to repo.anaconda.com (repo.anaconda.com)|104.16.130.3|:443... connected.
HTTP request sent, awaiting response... 200 OK
Length: 51093759 (49M) [application/x-sh]
Saving to: `miniconda.sh'

     0K .......... .......... .......... .......... ..........  0%  839K 59s
    50K .......... .......... .......... .......... ..........  0% 1.93M 42s
   100K .......... .......... .......... .......... ..........  0% 1011K 45s
   150K .......... .......... .......... .......... ..........  0% 2.32M 39s
   200K .......... .......... .......... .......... ..........  0% 2.26M 35s
   250K .......... .......... .......... .......... ..........  0% 3.22M 32s
   300K .......... .......... .......... .......... ..........  0% 3.50M 29s
   350K .......... .......... .......... .......... ..........  0% 3.08M 27s
   400K .......... .......... .......... .......... ..........  0% 4.50M 26s
   450K .......... .......... .......... .......... ..........  1% 6.56M 24s
   500K .......... .......... .......... .......... ..........  1% 7.63M 22s
   550K .......... .......... .......... .......... ..........  1% 6.82M 21s
   600K .......... .......... .......... .......... ..........  1% 7.97M 20s
   650K .......... .......... .......... .......... ..........  1% 8.07M 19s
   700K .......... .......... .......... .......... ..........  1% 8.45M 18s
   750K .......... .......... .......... .......... ..........  1% 6.94M 17s
   800K .......... .......... .......... .......... ..........  1% 9.05M 16s
   850K .......... .......... .......... .......... ..........  1% 10.5M 16s
   900K .......... .......... .......... .......... ..........  1% 11.2M 15s
   950K .......... .......... .......... .......... ..........  2% 9.75M 15s
  1000K .......... .......... .......... .......... ..........  2% 12.9M 14s
  1050K .......... .......... .......... .......... ..........  2% 13.4M 14s
  1100K .......... .......... .......... .......... ..........  2% 12.0M 13s
  1150K .......... .......... .......... .......... ..........  2% 11.1M 13s
  1200K .......... .......... .......... .......... ..........  2% 18.0M 12s
  1250K .......... .......... .......... .......... ..........  2% 15.1M 12s
  1300K .......... .......... .......... .......... ..........  2% 13.8M 12s
  1350K .......... .......... .......... .......... ..........  2% 16.5M 11s
  1400K .......... .......... .......... .......... ..........  2% 18.0M 11s
  1450K .......... .......... .......... .......... ..........  3% 18.3M 11s
  1500K .......... .......... .......... .......... ..........  3% 25.5M 10s
  1550K .......... .......... .......... .......... ..........  3% 14.9M 10s
  1600K .......... .......... .......... .......... ..........  3% 17.7M 10s
  1650K .......... .......... .......... .......... ..........  3% 22.1M 10s
  1700K .......... .......... .......... .......... ..........  3% 17.7M 9s
  1750K .......... .......... .......... .......... ..........  3% 25.0M 9s
  1800K .......... .......... .......... .......... ..........  3% 23.2M 9s
  1850K .......... .......... .......... .......... ..........  3% 25.2M 9s
  1900K .......... .......... .......... .......... ..........  3% 18.9M 9s
  1950K .......... .......... .......... .......... ..........  4% 24.0M 9s
  2000K .......... .......... .......... .......... ..........  4% 19.9M 8s
  2050K .......... .......... .......... .......... ..........  4% 25.7M 8s
  2100K .......... .......... .......... .......... ..........  4% 29.4M 8s
  2150K .......... .......... .......... .......... ..........  4% 20.8M 8s
  2200K .......... .......... .......... .......... ..........  4% 31.1M 8s
  2250K .......... .......... .......... .......... ..........  4% 26.6M 8s
  2300K .......... .......... .......... .......... ..........  4% 33.4M 7s
  2350K .......... .......... .......... .......... ..........  4% 18.5M 7s
  2400K .......... .......... .......... .......... ..........  4% 36.7M 7s
  2450K .......... .......... .......... .......... ..........  5% 23.8M 7s
  2500K .......... .......... .......... .......... ..........  5% 38.9M 7s
  2550K .......... .......... .......... .......... ..........  5% 24.2M 7s
  2600K .......... .......... .......... .......... ..........  5% 45.0M 7s
  2650K .......... .......... .......... .......... ..........  5% 25.7M 7s
  2700K .......... .......... .......... .......... ..........  5% 41.1M 7s
  2750K .......... .......... .......... .......... ..........  5% 25.8M 6s
  2800K .......... .......... .......... .......... ..........  5% 27.6M 6s
  2850K .......... .......... .......... .......... ..........  5% 44.5M 6s
  2900K .......... .......... .......... .......... ..........  5% 35.1M 6s
  2950K .......... .......... .......... .......... ..........  6% 29.1M 6s
  3000K .......... .......... .......... .......... ..........  6% 44.2M 6s
  3050K .......... .......... .......... .......... ..........  6% 29.4M 6s
  3100K .......... .......... .......... .......... ..........  6% 46.0M 6s
  3150K .......... .......... .......... .......... ..........  6% 29.0M 6s
  3200K .......... .......... .......... .......... ..........  6% 34.0M 6s
  3250K .......... .......... .......... .......... ..........  6% 46.5M 6s
  3300K .......... .......... .......... .......... ..........  6% 51.3M 6s
  3350K .......... .......... .......... .......... ..........  6% 33.6M 5s
  3400K .......... .......... .......... .......... ..........  6% 36.0M 5s
  3450K .......... .......... .......... .......... ..........  7% 47.4M 5s
  3500K .......... .......... .......... .......... ..........  7% 61.8M 5s
  3550K .......... .......... .......... .......... ..........  7% 33.9M 5s
  3600K .......... .......... .......... .......... ..........  7% 33.5M 5s
  3650K .......... .......... .......... .......... ..........  7% 45.6M 5s
  3700K .......... .......... .......... .......... ..........  7% 47.8M 5s
  3750K .......... .......... .......... .......... ..........  7% 70.9M 5s
  3800K .......... .......... .......... .......... ..........  7% 39.3M 5s
  3850K .......... .......... .......... .......... ..........  7% 43.1M 5s
  3900K .......... .......... .......... .......... ..........  7% 41.9M 5s
  3950K .......... .......... .......... .......... ..........  8% 44.4M 5s
  4000K .......... .......... .......... .......... ..........  8% 18.4M 5s
  4050K .......... .......... .......... .......... ..........  8% 54.4M 5s
  4100K .......... .......... .......... .......... ..........  8% 50.9M 5s
  4150K .......... .......... .......... .......... ..........  8% 50.8M 5s
  4200K .......... .......... .......... .......... ..........  8% 52.5M 5s
  4250K .......... .......... .......... .......... ..........  8% 26.7M 4s
  4300K .......... .......... .......... .......... ..........  8% 67.2M 4s
  4350K .......... .......... .......... .......... ..........  8% 37.6M 4s
  4400K .......... .......... .......... .......... ..........  8% 53.6M 4s
  4450K .......... .......... .......... .......... ..........  9% 55.4M 4s
  4500K .......... .......... .......... .......... ..........  9%  110M 4s
  4550K .......... .......... .......... .......... ..........  9% 48.6M 4s
  4600K .......... .......... .......... .......... ..........  9% 52.4M 4s
  4650K .......... .......... .......... .......... ..........  9% 59.5M 4s
  4700K .......... .......... .......... .......... ..........  9% 50.7M 4s
  4750K .......... .......... .......... .......... ..........  9% 48.0M 4s
  4800K .......... .......... .......... .......... ..........  9%  122M 4s
  4850K .......... .......... .......... .......... ..........  9% 53.8M 4s
  4900K .......... .......... .......... .......... ..........  9% 59.1M 4s
  4950K .......... .......... .......... .......... .......... 10% 54.2M 4s
  5000K .......... .......... .......... .......... .......... 10% 54.9M 4s
  5050K .......... .......... .......... .......... .......... 10% 60.0M 4s
  5100K .......... .......... .......... .......... .......... 10%  107M 4s
  5150K .......... .......... .......... .......... .......... 10% 52.4M 4s
  5200K .......... .......... .......... .......... .......... 10% 52.9M 4s
  5250K .......... .......... .......... .......... .......... 10% 64.7M 4s
  5300K .......... .......... .......... .......... .......... 10% 56.2M 4s
  5350K .......... .......... .......... .......... .......... 10% 84.8M 4s
  5400K .......... .......... .......... .......... .......... 10% 63.1M 4s
  5450K .......... .......... .......... .......... .......... 11% 71.6M 4s
  5500K .......... .......... .......... .......... .......... 11% 64.9M 4s
  5550K .......... .......... .......... .......... .......... 11% 52.4M 4s
  5600K .......... .......... .......... .......... .......... 11%  122M 3s
  5650K .......... .......... .......... .......... .......... 11% 61.2M 3s
  5700K .......... .......... .......... .......... .......... 11% 65.2M 3s
  5750K .......... .......... .......... .......... .......... 11% 65.1M 3s
  5800K .......... .......... .......... .......... .......... 11% 62.5M 3s
  5850K .......... .......... .......... .......... .......... 11%  121M 3s
  5900K .......... .......... .......... .......... .......... 11% 61.4M 3s
  5950K .......... .......... .......... .......... .......... 12% 60.0M 3s
  6000K .......... .......... .......... .......... .......... 12% 58.4M 3s
  6050K .......... .......... .......... .......... .......... 12% 79.0M 3s
  6100K .......... .......... .......... .......... .......... 12%  101M 3s
  6150K .......... .......... .......... .......... .......... 12% 12.9M 3s
  6200K .......... .......... .......... .......... .......... 12% 82.0M 3s
  6250K .......... .......... .......... .......... .......... 12% 80.9M 3s
  6300K .......... .......... .......... .......... .......... 12%  107M 3s
  6350K .......... .......... .......... .......... .......... 12% 57.5M 3s
  6400K .......... .......... .......... .......... .......... 12% 34.1M 3s
  6450K .......... .......... .......... .......... .......... 13% 34.7M 3s
  6500K .......... .......... .......... .......... .......... 13% 35.2M 3s
  6550K .......... .......... .......... .......... .......... 13%  102M 3s
  6600K .......... .......... .......... .......... .......... 13% 29.9M 3s
  6650K .......... .......... .......... .......... .......... 13% 46.7M 3s
  6700K .......... .......... .......... .......... .......... 13% 80.4M 3s
  6750K .......... .......... .......... .......... .......... 13% 35.3M 3s
  6800K .......... .......... .......... .......... .......... 13% 27.5M 3s
  6850K .......... .......... .......... .......... .......... 13% 86.8M 3s
  6900K .......... .......... .......... .......... .......... 13% 86.9M 3s
  6950K .......... .......... .......... .......... .......... 14% 41.4M 3s
  7000K .......... .......... .......... .......... .......... 14% 16.6M 3s
  7050K .......... .......... .......... .......... .......... 14%  111M 3s
  7100K .......... .......... .......... .......... .......... 14% 47.8M 3s
  7150K .......... .......... .......... .......... .......... 14% 47.6M 3s
  7200K .......... .......... .......... .......... .......... 14% 46.0M 3s
  7250K .......... .......... .......... .......... .......... 14% 30.0M 3s
  7300K .......... .......... .......... .......... .......... 14% 56.6M 3s
  7350K .......... .......... .......... .......... .......... 14% 34.9M 3s
  7400K .......... .......... .......... .......... .......... 14% 71.6M 3s
  7450K .......... .......... .......... .......... .......... 15% 48.4M 3s
  7500K .......... .......... .......... .......... .......... 15%  125M 3s
  7550K .......... .......... .......... .......... .......... 15% 31.9M 3s
  7600K .......... .......... .......... .......... .......... 15% 54.8M 3s
  7650K .......... .......... .......... .......... .......... 15%  107M 3s
  7700K .......... .......... .......... .......... .......... 15% 40.8M 3s
  7750K .......... .......... .......... .......... .......... 15% 47.7M 3s
  7800K .......... .......... .......... .......... .......... 15%  107M 3s
  7850K .......... .......... .......... .......... .......... 15% 44.2M 3s
  7900K .......... .......... .......... .......... .......... 15% 67.5M 3s
  7950K .......... .......... .......... .......... .......... 16% 48.5M 3s
  8000K .......... .......... .......... .......... .......... 16% 62.2M 3s
  8050K .......... .......... .......... .......... .......... 16%  101M 3s
  8100K .......... .......... .......... .......... .......... 16% 53.6M 3s
  8150K .......... .......... .......... .......... .......... 16% 64.0M 3s
  8200K .......... .......... .......... .......... .......... 16% 52.6M 3s
  8250K .......... .......... .......... .......... .......... 16%  118M 2s
  8300K .......... .......... .......... .......... .......... 16% 60.6M 2s
  8350K .......... .......... .......... .......... .......... 16% 43.8M 2s
  8400K .......... .......... .......... .......... .......... 16%  120M 2s
  8450K .......... .......... .......... .......... .......... 17% 55.3M 2s
  8500K .......... .......... .......... .......... .......... 17%  114M 2s
  8550K .......... .......... .......... .......... .......... 17% 53.1M 2s
  8600K .......... .......... .......... .......... .......... 17% 58.5M 2s
  8650K .......... .......... .......... .......... .......... 17% 69.1M 2s
  8700K .......... .......... .......... .......... .......... 17%  123M 2s
  8750K .......... .......... .......... .......... .......... 17% 42.3M 2s
  8800K .......... .......... .......... .......... .......... 17%  113M 2s
  8850K .......... .......... .......... .......... .......... 17% 55.7M 2s
  8900K .......... .......... .......... .......... .......... 17% 63.7M 2s
  8950K .......... .......... .......... .......... .......... 18% 73.7M 2s
  9000K .......... .......... .......... .......... .......... 18%  113M 2s
  9050K .......... .......... .......... .......... .......... 18% 52.8M 2s
  9100K .......... .......... .......... .......... .......... 18% 52.7M 2s
  9150K .......... .......... .......... .......... .......... 18% 14.5M 2s
  9200K .......... .......... .......... .......... .......... 18% 73.7M 2s
  9250K .......... .......... .......... .......... .......... 18%  125M 2s
  9300K .......... .......... .......... .......... .......... 18% 64.4M 2s
  9350K .......... .......... .......... .......... .......... 18% 66.1M 2s
  9400K .......... .......... .......... .......... .......... 18% 37.5M 2s
  9450K .......... .......... .......... .......... .......... 19%  126M 2s
  9500K .......... .......... .......... .......... .......... 19% 33.6M 2s
  9550K .......... .......... .......... .......... .......... 19% 34.5M 2s
  9600K .......... .......... .......... .......... .......... 19% 28.9M 2s
  9650K .......... .......... .......... .......... .......... 19% 37.9M 2s
  9700K .......... .......... .......... .......... .......... 19% 94.0M 2s
  9750K .......... .......... .......... .......... .......... 19%  105M 2s
  9800K .......... .......... .......... .......... .......... 19% 41.1M 2s
  9850K .......... .......... .......... .......... .......... 19% 28.5M 2s
  9900K .......... .......... .......... .......... .......... 19% 56.7M 2s
  9950K .......... .......... .......... .......... .......... 20% 72.7M 2s
 10000K .......... .......... .......... .......... .......... 20% 47.4M 2s
 10050K .......... .......... .......... .......... .......... 20% 19.1M 2s
 10100K .......... .......... .......... .......... .......... 20% 10.9M 2s
 10150K .......... .......... .......... .......... .......... 20%  123M 2s
 10200K .......... .......... .......... .......... .......... 20%  154M 2s
 10250K .......... .......... .......... .......... .......... 20%  151M 2s
 10300K .......... .......... .......... .......... .......... 20%  169M 2s
 10350K .......... .......... .......... .......... .......... 20% 21.7M 2s
 10400K .......... .......... .......... .......... .......... 20%  200M 2s
 10450K .......... .......... .......... .......... .......... 21%  176M 2s
 10500K .......... .......... .......... .......... .......... 21% 30.0M 2s
 10550K .......... .......... .......... .......... .......... 21%  109M 2s
 10600K .......... .......... .......... .......... .......... 21% 40.6M 2s
 10650K .......... .......... .......... .......... .......... 21%  108M 2s
 10700K .......... .......... .......... .......... .......... 21% 96.4M 2s
 10750K .......... .......... .......... .......... .......... 21% 42.0M 2s
 10800K .......... .......... .......... .......... .......... 21% 44.7M 2s
 10850K .......... .......... .......... .......... .......... 21% 44.9M 2s
 10900K .......... .......... .......... .......... .......... 21%  108M 2s
 10950K .......... .......... .......... .......... .......... 22% 71.4M 2s
 11000K .......... .......... .......... .......... .......... 22% 45.3M 2s
 11050K .......... .......... .......... .......... .......... 22% 74.3M 2s
 11100K .......... .......... .......... .......... .......... 22%  121M 2s
 11150K .......... .......... .......... .......... .......... 22% 44.3M 2s
 11200K .......... .......... .......... .......... .......... 22% 66.9M 2s
 11250K .......... .......... .......... .......... .......... 22% 54.9M 2s
 11300K .......... .......... .......... .......... .......... 22% 60.8M 2s
 11350K .......... .......... .......... .......... .......... 22% 43.1M 2s
 11400K .......... .......... .......... .......... .......... 22%  104M 2s
 11450K .......... .......... .......... .......... .......... 23%  121M 2s
 11500K .......... .......... .......... .......... .......... 23% 60.7M 2s
 11550K .......... .......... .......... .......... .......... 23% 48.6M 2s
 11600K .......... .......... .......... .......... .......... 23% 59.6M 2s
 11650K .......... .......... .......... .......... .......... 23%  122M 2s
 11700K .......... .......... .......... .......... .......... 23% 66.5M 2s
 11750K .......... .......... .......... .......... .......... 23% 65.5M 2s
 11800K .......... .......... .......... .......... .......... 23%  121M 2s
 11850K .......... .......... .......... .......... .......... 23% 71.2M 2s
 11900K .......... .......... .......... .......... .......... 23% 55.5M 2s
 11950K .......... .......... .......... .......... .......... 24% 42.1M 2s
 12000K .......... .......... .......... .......... .......... 24%  121M 2s
 12050K .......... .......... .......... .......... .......... 24% 49.2M 2s
 12100K .......... .......... .......... .......... .......... 24% 55.5M 2s
 12150K .......... .......... .......... .......... .......... 24% 14.9M 2s
 12200K .......... .......... .......... .......... .......... 24%  107M 2s
 12250K .......... .......... .......... .......... .......... 24%  122M 2s
 12300K .......... .......... .......... .......... .......... 24% 49.7M 2s
 12350K .......... .......... .......... .......... .......... 24% 94.1M 2s
 12400K .......... .......... .......... .......... .......... 24% 84.5M 2s
 12450K .......... .......... .......... .......... .......... 25% 42.0M 2s
 12500K .......... .......... .......... .......... .......... 25%  121M 2s
 12550K .......... .......... .......... .......... .......... 25% 25.4M 2s
 12600K .......... .......... .......... .......... .......... 25% 45.9M 2s
 12650K .......... .......... .......... .......... .......... 25% 30.3M 2s
 12700K .......... .......... .......... .......... .......... 25% 41.7M 2s
 12750K .......... .......... .......... .......... .......... 25% 63.2M 2s
 12800K .......... .......... .......... .......... .......... 25%  107M 2s
 12850K .......... .......... .......... .......... .......... 25% 30.1M 2s
 12900K .......... .......... .......... .......... .......... 25% 40.4M 2s
 12950K .......... .......... .......... .......... .......... 26% 45.4M 2s
 13000K .......... .......... .......... .......... .......... 26%  107M 2s
 13050K .......... .......... .......... .......... .......... 26% 48.6M 2s
 13100K .......... .......... .......... .......... .......... 26% 20.6M 2s
 13150K .......... .......... .......... .......... .......... 26% 32.3M 2s
 13200K .......... .......... .......... .......... .......... 26% 14.2M 2s
 13250K .......... .......... .......... .......... .......... 26%  107M 2s
 13300K .......... .......... .......... .......... .......... 26% 58.6M 2s
 13350K .......... .......... .......... .......... .......... 26%  111M 2s
 13400K .......... .......... .......... .......... .......... 26% 36.2M 2s
 13450K .......... .......... .......... .......... .......... 27% 97.6M 2s
 13500K .......... .......... .......... .......... .......... 27%  121M 2s
 13550K .......... .......... .......... .......... .......... 27% 32.9M 2s
 13600K .......... .......... .......... .......... .......... 27%  101M 2s
 13650K .......... .......... .......... .......... .......... 27% 42.8M 2s
 13700K .......... .......... .......... .......... .......... 27% 69.4M 2s
 13750K .......... .......... .......... .......... .......... 27%  113M 2s
 13800K .......... .......... .......... .......... .......... 27% 48.3M 2s
 13850K .......... .......... .......... .......... .......... 27% 33.8M 2s
 13900K .......... .......... .......... .......... .......... 27%  121M 2s
 13950K .......... .......... .......... .......... .......... 28% 43.6M 2s
 14000K .......... .......... .......... .......... .......... 28% 47.5M 2s
 14050K .......... .......... .......... .......... .......... 28% 68.6M 2s
 14100K .......... .......... .......... .......... .......... 28%  121M 2s
 14150K .......... .......... .......... .......... .......... 28% 49.3M 2s
 14200K .......... .......... .......... .......... .......... 28% 67.0M 2s
 14250K .......... .......... .......... .......... .......... 28% 54.2M 2s
 14300K .......... .......... .......... .......... .......... 28% 58.3M 2s
 14350K .......... .......... .......... .......... .......... 28% 39.0M 2s
 14400K .......... .......... .......... .......... .......... 28%  121M 2s
 14450K .......... .......... .......... .......... .......... 29%  109M 1s
 14500K .......... .......... .......... .......... .......... 29% 67.5M 1s
 14550K .......... .......... .......... .......... .......... 29%  102M 1s
 14600K .......... .......... .......... .......... .......... 29%  121M 1s
 14650K .......... .......... .......... .......... .......... 29% 51.4M 1s
 14700K .......... .......... .......... .......... .......... 29% 38.7M 1s
 14750K .......... .......... .......... .......... .......... 29% 94.7M 1s
 14800K .......... .......... .......... .......... .......... 29% 75.5M 1s
 14850K .......... .......... .......... .......... .......... 29% 80.1M 1s
 14900K .......... .......... .......... .......... .......... 29% 60.8M 1s
 14950K .......... .......... .......... .......... .......... 30%  112M 1s
 15000K .......... .......... .......... .......... .......... 30% 44.0M 1s
 15050K .......... .......... .......... .......... .......... 30% 52.7M 1s
 15100K .......... .......... .......... .......... .......... 30% 54.3M 1s
 15150K .......... .......... .......... .......... .......... 30% 14.6M 1s
 15200K .......... .......... .......... .......... .......... 30%  112M 1s
 15250K .......... .......... .......... .......... .......... 30% 92.7M 1s
 15300K .......... .......... .......... .......... .......... 30% 50.6M 1s
 15350K .......... .......... .......... .......... .......... 30%  101M 1s
 15400K .......... .......... .......... .......... .......... 30%  132M 1s
 15450K .......... .......... .......... .......... .......... 31% 67.2M 1s
 15500K .......... .......... .......... .......... .......... 31% 45.6M 1s
 15550K .......... .......... .......... .......... .......... 31% 39.1M 1s
 15600K .......... .......... .......... .......... .......... 31% 29.5M 1s
 15650K .......... .......... .......... .......... .......... 31% 42.2M 1s
 15700K .......... .......... .......... .......... .......... 31% 82.5M 1s
 15750K .......... .......... .......... .......... .......... 31% 33.7M 1s
 15800K .......... .......... .......... .......... .......... 31% 65.5M 1s
 15850K .......... .......... .......... .......... .......... 31% 40.4M 1s
 15900K .......... .......... .......... .......... .......... 31% 98.1M 1s
 15950K .......... .......... .......... .......... .......... 32% 30.8M 1s
 16000K .......... .......... .......... .......... .......... 32% 15.4M 1s
 16050K .......... .......... .......... .......... .......... 32%  122M 1s
 16100K .......... .......... .......... .......... .......... 32%  107M 1s
 16150K .......... .......... .......... .......... .......... 32% 45.7M 1s
 16200K .......... .......... .......... .......... .......... 32% 12.8M 1s
 16250K .......... .......... .......... .......... .......... 32%  109M 1s
 16300K .......... .......... .......... .......... .......... 32% 51.1M 1s
 16350K .......... .......... .......... .......... .......... 32% 52.8M 1s
 16400K .......... .......... .......... .......... .......... 32%  108M 1s
 16450K .......... .......... .......... .......... .......... 33% 46.8M 1s
 16500K .......... .......... .......... .......... .......... 33%  108M 1s
 16550K .......... .......... .......... .......... .......... 33% 27.9M 1s
 16600K .......... .......... .......... .......... .......... 33%  106M 1s
 16650K .......... .......... .......... .......... .......... 33% 44.6M 1s
 16700K .......... .......... .......... .......... .......... 33%  108M 1s
 16750K .......... .......... .......... .......... .......... 33% 61.8M 1s
 16800K .......... .......... .......... .......... .......... 33% 46.6M 1s
 16850K .......... .......... .......... .......... .......... 33% 39.2M 1s
 16900K .......... .......... .......... .......... .......... 33% 87.3M 1s
 16950K .......... .......... .......... .......... .......... 34%  109M 1s
 17000K .......... .......... .......... .......... .......... 34% 28.5M 1s
 17050K .......... .......... .......... .......... .......... 34% 75.5M 1s
 17100K .......... .......... .......... .......... .......... 34%  125M 1s
 17150K .......... .......... .......... .......... .......... 34% 46.0M 1s
 17200K .......... .......... .......... .......... .......... 34% 69.5M 1s
 17250K .......... .......... .......... .......... .......... 34% 97.2M 1s
 17300K .......... .......... .......... .......... .......... 34% 31.7M 1s
 17350K .......... .......... .......... .......... .......... 34%  107M 1s
 17400K .......... .......... .......... .......... .......... 34%  120M 1s
 17450K .......... .......... .......... .......... .......... 35% 47.1M 1s
 17500K .......... .......... .......... .......... .......... 35%  121M 1s
 17550K .......... .......... .......... .......... .......... 35% 68.4M 1s
 17600K .......... .......... .......... .......... .......... 35%  112M 1s
 17650K .......... .......... .......... .......... .......... 35%  121M 1s
 17700K .......... .......... .......... .......... .......... 35% 25.6M 1s
 17750K .......... .......... .......... .......... .......... 35%  110M 1s
 17800K .......... .......... .......... .......... .......... 35% 90.3M 1s
 17850K .......... .......... .......... .......... .......... 35%  108M 1s
 17900K .......... .......... .......... .......... .......... 35%  121M 1s
 17950K .......... .......... .......... .......... .......... 36% 44.6M 1s
 18000K .......... .......... .......... .......... .......... 36% 47.6M 1s
 18050K .......... .......... .......... .......... .......... 36% 53.6M 1s
 18100K .......... .......... .......... .......... .......... 36% 53.0M 1s
 18150K .......... .......... .......... .......... .......... 36%  112M 1s
 18200K .......... .......... .......... .......... .......... 36% 37.2M 1s
 18250K .......... .......... .......... .......... .......... 36% 19.6M 1s
 18300K .......... .......... .......... .......... .......... 36% 48.4M 1s
 18350K .......... .......... .......... .......... .......... 36% 94.2M 1s
 18400K .......... .......... .......... .......... .......... 36% 74.8M 1s
 18450K .......... .......... .......... .......... .......... 37%  107M 1s
 18500K .......... .......... .......... .......... .......... 37% 42.0M 1s
 18550K .......... .......... .......... .......... .......... 37% 45.6M 1s
 18600K .......... .......... .......... .......... .......... 37%  113M 1s
 18650K .......... .......... .......... .......... .......... 37% 37.1M 1s
 18700K .......... .......... .......... .......... .......... 37% 32.6M 1s
 18750K .......... .......... .......... .......... .......... 37% 35.8M 1s
 18800K .......... .......... .......... .......... .......... 37% 67.2M 1s
 18850K .......... .......... .......... .......... .......... 37% 56.0M 1s
 18900K .......... .......... .......... .......... .......... 37% 44.4M 1s
 18950K .......... .......... .......... .......... .......... 38%  113M 1s
 19000K .......... .......... .......... .......... .......... 38% 21.0M 1s
 19050K .......... .......... .......... .......... .......... 38% 23.2M 1s
 19100K .......... .......... .......... .......... .......... 38% 65.5M 1s
 19150K .......... .......... .......... .......... .......... 38% 40.8M 1s
 19200K .......... .......... .......... .......... .......... 38% 93.3M 1s
 19250K .......... .......... .......... .......... .......... 38% 13.1M 1s
 19300K .......... .......... .......... .......... .......... 38% 45.6M 1s
 19350K .......... .......... .......... .......... .......... 38% 56.5M 1s
 19400K .......... .......... .......... .......... .......... 38% 19.2M 1s
 19450K .......... .......... .......... .......... .......... 39% 91.7M 1s
 19500K .......... .......... .......... .......... .......... 39%  115M 1s
 19550K .......... .......... .......... .......... .......... 39% 74.7M 1s
 19600K .......... .......... .......... .......... .......... 39% 73.6M 1s
 19650K .......... .......... .......... .......... .......... 39%  100M 1s
 19700K .......... .......... .......... .......... .......... 39% 85.3M 1s
 19750K .......... .......... .......... .......... .......... 39% 99.2M 1s
 19800K .......... .......... .......... .......... .......... 39% 91.0M 1s
 19850K .......... .......... .......... .......... .......... 39% 49.1M 1s
 19900K .......... .......... .......... .......... .......... 39% 43.7M 1s
 19950K .......... .......... .......... .......... .......... 40% 53.2M 1s
 20000K .......... .......... .......... .......... .......... 40% 97.0M 1s
 20050K .......... .......... .......... .......... .......... 40% 33.7M 1s
 20100K .......... .......... .......... .......... .......... 40% 65.1M 1s
 20150K .......... .......... .......... .......... .......... 40% 23.6M 1s
 20200K .......... .......... .......... .......... .......... 40% 81.3M 1s
 20250K .......... .......... .......... .......... .......... 40% 87.7M 1s
 20300K .......... .......... .......... .......... .......... 40%  142M 1s
 20350K .......... .......... .......... .......... .......... 40% 87.6M 1s
 20400K .......... .......... .......... .......... .......... 40% 33.4M 1s
 20450K .......... .......... .......... .......... .......... 41%  120M 1s
 20500K .......... .......... .......... .......... .......... 41% 68.7M 1s
 20550K .......... .......... .......... .......... .......... 41% 71.5M 1s
 20600K .......... .......... .......... .......... .......... 41% 80.8M 1s
 20650K .......... .......... .......... .......... .......... 41%  110M 1s
 20700K .......... .......... .......... .......... .......... 41%  155M 1s
 20750K .......... .......... .......... .......... .......... 41% 47.9M 1s
 20800K .......... .......... .......... .......... .......... 41% 82.5M 1s
 20850K .......... .......... .......... .......... .......... 41%  104M 1s
 20900K .......... .......... .......... .......... .......... 41%  104M 1s
 20950K .......... .......... .......... .......... .......... 42% 44.8M 1s
 21000K .......... .......... .......... .......... .......... 42% 15.4M 1s
 21050K .......... .......... .......... .......... .......... 42% 96.9M 1s
 21100K .......... .......... .......... .......... .......... 42% 96.3M 1s
 21150K .......... .......... .......... .......... .......... 42% 68.8M 1s
 21200K .......... .......... .......... .......... .......... 42%  148M 1s
 21250K .......... .......... .......... .......... .......... 42% 39.2M 1s
 21300K .......... .......... .......... .......... .......... 42% 46.3M 1s
 21350K .......... .......... .......... .......... .......... 42% 49.6M 1s
 21400K .......... .......... .......... .......... .......... 42%  106M 1s
 21450K .......... .......... .......... .......... .......... 43%  123M 1s
 21500K .......... .......... .......... .......... .......... 43% 30.9M 1s
 21550K .......... .......... .......... .......... .......... 43% 45.1M 1s
 21600K .......... .......... .......... .......... .......... 43%  122M 1s
 21650K .......... .......... .......... .......... .......... 43% 52.6M 1s
 21700K .......... .......... .......... .......... .......... 43% 42.9M 1s
 21750K .......... .......... .......... .......... .......... 43% 41.2M 1s
 21800K .......... .......... .......... .......... .......... 43% 43.3M 1s
 21850K .......... .......... .......... .......... .......... 43%  109M 1s
 21900K .......... .......... .......... .......... .......... 43% 37.4M 1s
 21950K .......... .......... .......... .......... .......... 44% 37.8M 1s
 22000K .......... .......... .......... .......... .......... 44% 22.1M 1s
 22050K .......... .......... .......... .......... .......... 44% 25.0M 1s
 22100K .......... .......... .......... .......... .......... 44%  116M 1s
 22150K .......... .......... .......... .......... .......... 44% 48.3M 1s
 22200K .......... .......... .......... .......... .......... 44% 51.0M 1s
 22250K .......... .......... .......... .......... .......... 44% 18.7M 1s
 22300K .......... .......... .......... .......... .......... 44% 34.3M 1s
 22350K .......... .......... .......... .......... .......... 44% 38.4M 1s
 22400K .......... .......... .......... .......... .......... 44% 45.8M 1s
 22450K .......... .......... .......... .......... .......... 45% 24.3M 1s
 22500K .......... .......... .......... .......... .......... 45% 46.8M 1s
 22550K .......... .......... .......... .......... .......... 45%  115M 1s
 22600K .......... .......... .......... .......... .......... 45% 72.9M 1s
 22650K .......... .......... .......... .......... .......... 45% 97.0M 1s
 22700K .......... .......... .......... .......... .......... 45% 63.9M 1s
 22750K .......... .......... .......... .......... .......... 45% 91.8M 1s
 22800K .......... .......... .......... .......... .......... 45%  114M 1s
 22850K .......... .......... .......... .......... .......... 45% 47.5M 1s
 22900K .......... .......... .......... .......... .......... 45% 97.8M 1s
 22950K .......... .......... .......... .......... .......... 46% 41.3M 1s
 23000K .......... .......... .......... .......... .......... 46% 56.0M 1s
 23050K .......... .......... .......... .......... .......... 46% 45.5M 1s
 23100K .......... .......... .......... .......... .......... 46% 43.8M 1s
 23150K .......... .......... .......... .......... .......... 46% 66.0M 1s
 23200K .......... .......... .......... .......... .......... 46% 30.3M 1s
 23250K .......... .......... .......... .......... .......... 46% 70.6M 1s
 23300K .......... .......... .......... .......... .......... 46%  119M 1s
 23350K .......... .......... .......... .......... .......... 46% 79.0M 1s
 23400K .......... .......... .......... .......... .......... 46%  121M 1s
 23450K .......... .......... .......... .......... .......... 47% 43.4M 1s
 23500K .......... .......... .......... .......... .......... 47% 97.3M 1s
 23550K .......... .......... .......... .......... .......... 47% 50.0M 1s
 23600K .......... .......... .......... .......... .......... 47% 70.0M 1s
 23650K .......... .......... .......... .......... .......... 47% 94.9M 1s
 23700K .......... .......... .......... .......... .......... 47% 62.6M 1s
 23750K .......... .......... .......... .......... .......... 47%  113M 1s
 23800K .......... .......... .......... .......... .......... 47% 59.5M 1s
 23850K .......... .......... .......... .......... .......... 47%  111M 1s
 23900K .......... .......... .......... .......... .......... 47%  119M 1s
 23950K .......... .......... .......... .......... .......... 48% 42.2M 1s
 24000K .......... .......... .......... .......... .......... 48% 17.3M 1s
 24050K .......... .......... .......... .......... .......... 48% 88.4M 1s
 24100K .......... .......... .......... .......... .......... 48% 58.0M 1s
 24150K .......... .......... .......... .......... .......... 48%  111M 1s
 24200K .......... .......... .......... .......... .......... 48% 30.0M 1s
 24250K .......... .......... .......... .......... .......... 48%  120M 1s
 24300K .......... .......... .......... .......... .......... 48%  122M 1s
 24350K .......... .......... .......... .......... .......... 48% 51.8M 1s
 24400K .......... .......... .......... .......... .......... 49% 49.0M 1s
 24450K .......... .......... .......... .......... .......... 49%  108M 1s
 24500K .......... .......... .......... .......... .......... 49%  123M 1s
 24550K .......... .......... .......... .......... .......... 49% 36.7M 1s
 24600K .......... .......... .......... .......... .......... 49% 38.9M 1s
 24650K .......... .......... .......... .......... .......... 49%  121M 1s
 24700K .......... .......... .......... .......... .......... 49% 34.4M 1s
 24750K .......... .......... .......... .......... .......... 49% 38.6M 1s
 24800K .......... .......... .......... .......... .......... 49%  111M 1s
 24850K .......... .......... .......... .......... .......... 49% 40.8M 1s
 24900K .......... .......... .......... .......... .......... 50% 41.0M 1s
 24950K .......... .......... .......... .......... .......... 50% 37.0M 1s
 25000K .......... .......... .......... .......... .......... 50%  119M 1s
 25050K .......... .......... .......... .......... .......... 50% 22.1M 1s
 25100K .......... .......... .......... .......... .......... 50% 25.9M 1s
 25150K .......... .......... .......... .......... .......... 50% 39.4M 1s
 25200K .......... .......... .......... .......... .......... 50% 51.8M 1s
 25250K .......... .......... .......... .......... .......... 50%  120M 1s
 25300K .......... .......... .......... .......... .......... 50% 18.8M 1s
 25350K .......... .......... .......... .......... .......... 50% 21.0M 1s
 25400K .......... .......... .......... .......... .......... 51% 48.9M 1s
 25450K .......... .......... .......... .......... .......... 51% 23.5M 1s
 25500K .......... .......... .......... .......... .......... 51%  110M 1s
 25550K .......... .......... .......... .......... .......... 51% 45.1M 1s
 25600K .......... .......... .......... .......... .......... 51% 80.7M 1s
 25650K .......... .......... .......... .......... .......... 51%  104M 1s
 25700K .......... .......... .......... .......... .......... 51% 60.8M 1s
 25750K .......... .......... .......... .......... .......... 51% 12.8M 1s
 25800K .......... .......... .......... .......... .......... 51%  106M 1s
 25850K .......... .......... .......... .......... .......... 51%  110M 1s
 25900K .......... .......... .......... .......... .......... 52%  108M 1s
 25950K .......... .......... .......... .......... .......... 52% 91.2M 1s
 26000K .......... .......... .......... .......... .......... 52%  139M 1s
 26050K .......... .......... .......... .......... .......... 52%  126M 1s
 26100K .......... .......... .......... .......... .......... 52% 28.6M 1s
 26150K .......... .......... .......... .......... .......... 52%  108M 1s
 26200K .......... .......... .......... .......... .......... 52%  112M 1s
 26250K .......... .......... .......... .......... .......... 52%  120M 1s
 26300K .......... .......... .......... .......... .......... 52%  110M 1s
 26350K .......... .......... .......... .......... .......... 52% 56.6M 1s
 26400K .......... .......... .......... .......... .......... 53% 86.3M 1s
 26450K .......... .......... .......... .......... .......... 53%  121M 1s
 26500K .......... .......... .......... .......... .......... 53% 44.9M 1s
 26550K .......... .......... .......... .......... .......... 53% 85.6M 1s
 26600K .......... .......... .......... .......... .......... 53% 59.6M 1s
 26650K .......... .......... .......... .......... .......... 53% 66.5M 1s
 26700K .......... .......... .......... .......... .......... 53% 61.2M 1s
 26750K .......... .......... .......... .......... .......... 53% 60.1M 1s
 26800K .......... .......... .......... .......... .......... 53%  108M 1s
 26850K .......... .......... .......... .......... .......... 53%  108M 1s
 26900K .......... .......... .......... .......... .......... 54%  108M 1s
 26950K .......... .......... .......... .......... .......... 54%  101M 1s
 27000K .......... .......... .......... .......... .......... 54%  120M 1s
 27050K .......... .......... .......... .......... .......... 54% 48.8M 1s
 27100K .......... .......... .......... .......... .......... 54% 14.2M 1s
 27150K .......... .......... .......... .......... .......... 54% 87.4M 1s
 27200K .......... .......... .......... .......... .......... 54%  111M 1s
 27250K .......... .......... .......... .......... .......... 54% 36.3M 1s
 27300K .......... .......... .......... .......... .......... 54% 67.1M 1s
 27350K .......... .......... .......... .......... .......... 54% 70.6M 1s
 27400K .......... .......... .......... .......... .......... 55%  113M 1s
 27450K .......... .......... .......... .......... .......... 55% 47.9M 1s
 27500K .......... .......... .......... .......... .......... 55% 82.7M 1s
 27550K .......... .......... .......... .......... .......... 55% 38.9M 1s
 27600K .......... .......... .......... .......... .......... 55% 44.5M 1s
 27650K .......... .......... .......... .......... .......... 55% 84.0M 1s
 27700K .......... .......... .......... .......... .......... 55%  106M 1s
 27750K .......... .......... .......... .......... .......... 55% 41.0M 1s
 27800K .......... .......... .......... .......... .......... 55% 79.9M 1s
 27850K .......... .......... .......... .......... .......... 55% 41.0M 1s
 27900K .......... .......... .......... .......... .......... 56% 40.9M 1s
 27950K .......... .......... .......... .......... .......... 56% 40.5M 1s
 28000K .......... .......... .......... .......... .......... 56% 40.7M 1s
 28050K .......... .......... .......... .......... .......... 56% 22.7M 1s
 28100K .......... .......... .......... .......... .......... 56% 22.6M 1s
 28150K .......... .......... .......... .......... .......... 56%  100M 1s
 28200K .......... .......... .......... .......... .......... 56% 47.0M 1s
 28250K .......... .......... .......... .......... .......... 56%  110M 1s
 28300K .......... .......... .......... .......... .......... 56% 51.1M 1s
 28350K .......... .......... .......... .......... .......... 56% 15.2M 1s
 28400K .......... .......... .......... .......... .......... 57% 21.5M 1s
 28450K .......... .......... .......... .......... .......... 57%  111M 1s
 28500K .......... .......... .......... .......... .......... 57% 26.4M 1s
 28550K .......... .......... .......... .......... .......... 57% 36.4M 1s
 28600K .......... .......... .......... .......... .......... 57%  115M 1s
 28650K .......... .......... .......... .......... .......... 57% 76.9M 1s
 28700K .......... .......... .......... .......... .......... 57%  107M 1s
 28750K .......... .......... .......... .......... .......... 57% 13.2M 1s
 28800K .......... .......... .......... .......... .......... 57% 66.5M 1s
 28850K .......... .......... .......... .......... .......... 57% 57.8M 1s
 28900K .......... .......... .......... .......... .......... 58%  113M 1s
 28950K .......... .......... .......... .......... .......... 58% 99.9M 1s
 29000K .......... .......... .......... .......... .......... 58%  114M 1s
 29050K .......... .......... .......... .......... .......... 58%  114M 1s
 29100K .......... .......... .......... .......... .......... 58% 35.3M 1s
 29150K .......... .......... .......... .......... .......... 58% 87.3M 1s
 29200K .......... .......... .......... .......... .......... 58% 77.0M 1s
 29250K .......... .......... .......... .......... .......... 58%  118M 1s
 29300K .......... .......... .......... .......... .......... 58%  118M 1s
 29350K .......... .......... .......... .......... .......... 58% 75.1M 1s
 29400K .......... .......... .......... .......... .......... 59% 90.5M 1s
 29450K .......... .......... .......... .......... .......... 59%  113M 1s
 29500K .......... .......... .......... .......... .......... 59%  112M 1s
 29550K .......... .......... .......... .......... .......... 59% 40.3M 1s
 29600K .......... .......... .......... .......... .......... 59% 87.5M 1s
 29650K .......... .......... .......... .......... .......... 59% 47.6M 1s
 29700K .......... .......... .......... .......... .......... 59%  120M 1s
 29750K .......... .......... .......... .......... .......... 59% 42.5M 1s
 29800K .......... .......... .......... .......... .......... 59% 98.6M 1s
 29850K .......... .......... .......... .......... .......... 59%  122M 1s
 29900K .......... .......... .......... .......... .......... 60% 94.0M 1s
 29950K .......... .......... .......... .......... .......... 60% 93.7M 1s
 30000K .......... .......... .......... .......... .......... 60%  120M 1s
 30050K .......... .......... .......... .......... .......... 60% 51.3M 1s
 30100K .......... .......... .......... .......... .......... 60%  121M 1s
 30150K .......... .......... .......... .......... .......... 60% 15.3M 1s
 30200K .......... .......... .......... .......... .......... 60% 62.1M 1s
 30250K .......... .......... .......... .......... .......... 60% 40.1M 1s
 30300K .......... .......... .......... .......... .......... 60%  121M 1s
 30350K .......... .......... .......... .......... .......... 60% 43.6M 1s
 30400K .......... .......... .......... .......... .......... 61% 73.9M 1s
 30450K .......... .......... .......... .......... .......... 61% 47.8M 1s
 30500K .......... .......... .......... .......... .......... 61%  111M 1s
 30550K .......... .......... .......... .......... .......... 61% 41.8M 1s
 30600K .......... .......... .......... .......... .......... 61%  121M 1s
 30650K .......... .......... .......... .......... .......... 61% 42.7M 1s
 30700K .......... .......... .......... .......... .......... 61% 88.8M 1s
 30750K .......... .......... .......... .......... .......... 61% 38.1M 1s
 30800K .......... .......... .......... .......... .......... 61% 66.9M 1s
 30850K .......... .......... .......... .......... .......... 61%  120M 1s
 30900K .......... .......... .......... .......... .......... 62% 30.0M 1s
 30950K .......... .......... .......... .......... .......... 62% 66.8M 1s
 31000K .......... .......... .......... .......... .......... 62% 43.8M 1s
 31050K .......... .......... .......... .......... .......... 62%  119M 1s
 31100K .......... .......... .......... .......... .......... 62% 18.1M 1s
 31150K .......... .......... .......... .......... .......... 62% 20.8M 1s
 31200K .......... .......... .......... .......... .......... 62% 80.4M 1s
 31250K .......... .......... .......... .......... .......... 62% 50.0M 1s
 31300K .......... .......... .......... .......... .......... 62% 51.1M 1s
 31350K .......... .......... .......... .......... .......... 62%  110M 1s
 31400K .......... .......... .......... .......... .......... 63% 12.2M 1s
 31450K .......... .......... .......... .......... .......... 63% 38.6M 1s
 31500K .......... .......... .......... .......... .......... 63% 23.9M 1s
 31550K .......... .......... .......... .......... .......... 63% 35.0M 1s
 31600K .......... .......... .......... .......... .......... 63%  113M 1s
 31650K .......... .......... .......... .......... .......... 63% 76.7M 1s
 31700K .......... .......... .......... .......... .......... 63%  105M 1s
 31750K .......... .......... .......... .......... .......... 63% 31.6M 1s
 31800K .......... .......... .......... .......... .......... 63% 23.3M 1s
 31850K .......... .......... .......... .......... .......... 63% 41.6M 1s
 31900K .......... .......... .......... .......... .......... 64% 49.4M 1s
 31950K .......... .......... .......... .......... .......... 64% 92.5M 1s
 32000K .......... .......... .......... .......... .......... 64% 26.8M 1s
 32050K .......... .......... .......... .......... .......... 64%  118M 1s
 32100K .......... .......... .......... .......... .......... 64%  118M 1s
 32150K .......... .......... .......... .......... .......... 64% 83.2M 1s
 32200K .......... .......... .......... .......... .......... 64%  137M 1s
 32250K .......... .......... .......... .......... .......... 64%  136M 1s
 32300K .......... .......... .......... .......... .......... 64% 33.1M 1s
 32350K .......... .......... .......... .......... .......... 64% 95.5M 1s
 32400K .......... .......... .......... .......... .......... 65%  121M 1s
 32450K .......... .......... .......... .......... .......... 65%  123M 1s
 32500K .......... .......... .......... .......... .......... 65%  108M 1s
 32550K .......... .......... .......... .......... .......... 65%  107M 1s
 32600K .......... .......... .......... .......... .......... 65%  118M 1s
 32650K .......... .......... .......... .......... .......... 65%  125M 1s
 32700K .......... .......... .......... .......... .......... 65% 51.0M 1s
 32750K .......... .......... .......... .......... .......... 65% 94.7M 1s
 32800K .......... .......... .......... .......... .......... 65% 44.7M 0s
 32850K .......... .......... .......... .......... .......... 65%  121M 0s
 32900K .......... .......... .......... .......... .......... 66% 88.1M 0s
 32950K .......... .......... .......... .......... .......... 66%  100M 0s
 33000K .......... .......... .......... .......... .......... 66%  119M 0s
 33050K .......... .......... .......... .......... .......... 66%  111M 0s
 33100K .......... .......... .......... .......... .......... 66% 53.4M 0s
 33150K .......... .......... .......... .......... .......... 66% 95.1M 0s
 33200K .......... .......... .......... .......... .......... 66% 17.5M 0s
 33250K .......... .......... .......... .......... .......... 66% 42.7M 0s
 33300K .......... .......... .......... .......... .......... 66% 45.5M 0s
 33350K .......... .......... .......... .......... .......... 66%  103M 0s
 33400K .......... .......... .......... .......... .......... 67% 43.0M 0s
 33450K .......... .......... .......... .......... .......... 67% 38.8M 0s
 33500K .......... .......... .......... .......... .......... 67% 96.8M 0s
 33550K .......... .......... .......... .......... .......... 67% 39.0M 0s
 33600K .......... .......... .......... .......... .......... 67%  106M 0s
 33650K .......... .......... .......... .......... .......... 67% 47.2M 0s
 33700K .......... .......... .......... .......... .......... 67% 71.9M 0s
 33750K .......... .......... .......... .......... .......... 67% 50.1M 0s
 33800K .......... .......... .......... .......... .......... 67%  108M 0s
 33850K .......... .......... .......... .......... .......... 67% 62.9M 0s
 33900K .......... .......... .......... .......... .......... 68% 32.7M 0s
 33950K .......... .......... .......... .......... .......... 68% 52.5M 0s
 34000K .......... .......... .......... .......... .......... 68% 42.3M 0s
 34050K .......... .......... .......... .......... .......... 68%  107M 0s
 34100K .......... .......... .......... .......... .......... 68% 46.0M 0s
 34150K .......... .......... .......... .......... .......... 68% 27.1M 0s
 34200K .......... .......... .......... .......... .......... 68% 17.4M 0s
 34250K .......... .......... .......... .......... .......... 68% 60.4M 0s
 34300K .......... .......... .......... .......... .......... 68%  106M 0s
 34350K .......... .......... .......... .......... .......... 68% 46.6M 0s
 34400K .......... .......... .......... .......... .......... 69% 29.9M 0s
 34450K .......... .......... .......... .......... .......... 69% 43.5M 0s
 34500K .......... .......... .......... .......... .......... 69% 11.0M 0s
 34550K .......... .......... .......... .......... .......... 69% 98.7M 0s
 34600K .......... .......... .......... .......... .......... 69% 35.5M 0s
 34650K .......... .......... .......... .......... .......... 69% 79.5M 0s
 34700K .......... .......... .......... .......... .......... 69% 97.9M 0s
 34750K .......... .......... .......... .......... .......... 69% 33.3M 0s
 34800K .......... .......... .......... .......... .......... 69%  109M 0s
 34850K .......... .......... .......... .......... .......... 69% 17.7M 0s
 34900K .......... .......... .......... .......... .......... 70% 43.5M 0s
 34950K .......... .......... .......... .......... .......... 70% 75.8M 0s
 35000K .......... .......... .......... .......... .......... 70% 31.2M 0s
 35050K .......... .......... .......... .......... .......... 70%  107M 0s
 35100K .......... .......... .......... .......... .......... 70% 94.9M 0s
 35150K .......... .......... .......... .......... .......... 70% 87.0M 0s
 35200K .......... .......... .......... .......... .......... 70%  108M 0s
 35250K .......... .......... .......... .......... .......... 70% 33.5M 0s
 35300K .......... .......... .......... .......... .......... 70%  115M 0s
 35350K .......... .......... .......... .......... .......... 70%  105M 0s
 35400K .......... .......... .......... .......... .......... 71%  121M 0s
 35450K .......... .......... .......... .......... .......... 71%  122M 0s
 35500K .......... .......... .......... .......... .......... 71%  116M 0s
 35550K .......... .......... .......... .......... .......... 71% 88.2M 0s
 35600K .......... .......... .......... .......... .......... 71%  127M 0s
 35650K .......... .......... .......... .......... .......... 71%  113M 0s
 35700K .......... .......... .......... .......... .......... 71%  113M 0s
 35750K .......... .......... .......... .......... .......... 71% 57.3M 0s
 35800K .......... .......... .......... .......... .......... 71%  118M 0s
 35850K .......... .......... .......... .......... .......... 71% 46.3M 0s
 35900K .......... .......... .......... .......... .......... 72%  114M 0s
 35950K .......... .......... .......... .......... .......... 72% 72.4M 0s
 36000K .......... .......... .......... .......... .......... 72% 89.7M 0s
 36050K .......... .......... .......... .......... .......... 72% 70.6M 0s
 36100K .......... .......... .......... .......... .......... 72%  124M 0s
 36150K .......... .......... .......... .......... .......... 72% 91.7M 0s
 36200K .......... .......... .......... .......... .......... 72%  108M 0s
 36250K .......... .......... .......... .......... .......... 72% 21.0M 0s
 36300K .......... .......... .......... .......... .......... 72% 37.6M 0s
 36350K .......... .......... .......... .......... .......... 72% 32.6M 0s
 36400K .......... .......... .......... .......... .......... 73% 45.0M 0s
 36450K .......... .......... .......... .......... .......... 73%  108M 0s
 36500K .......... .......... .......... .......... .......... 73% 41.4M 0s
 36550K .......... .......... .......... .......... .......... 73% 64.9M 0s
 36600K .......... .......... .......... .......... .......... 73%  108M 0s
 36650K .......... .......... .......... .......... .......... 73% 26.7M 0s
 36700K .......... .......... .......... .......... .......... 73%  121M 0s
 36750K .......... .......... .......... .......... .......... 73% 35.5M 0s
 36800K .......... .......... .......... .......... .......... 73%  122M 0s
 36850K .......... .......... .......... .......... .......... 73%  121M 0s
 36900K .......... .......... .......... .......... .......... 74% 74.6M 0s
 36950K .......... .......... .......... .......... .......... 74% 38.2M 0s
 37000K .......... .......... .......... .......... .......... 74% 25.0M 0s
 37050K .......... .......... .......... .......... .......... 74%  122M 0s
 37100K .......... .......... .......... .......... .......... 74%  122M 0s
 37150K .......... .......... .......... .......... .......... 74% 42.1M 0s
 37200K .......... .......... .......... .......... .......... 74% 17.7M 0s
 37250K .......... .......... .......... .......... .......... 74% 36.6M 0s
 37300K .......... .......... .......... .......... .......... 74% 76.8M 0s
 37350K .......... .......... .......... .......... .......... 74% 30.2M 0s
 37400K .......... .......... .......... .......... .......... 75% 29.4M 0s
 37450K .......... .......... .......... .......... .......... 75%  109M 0s
 37500K .......... .......... .......... .......... .......... 75%  122M 0s
 37550K .......... .......... .......... .......... .......... 75% 10.0M 0s
 37600K .......... .......... .......... .......... .......... 75% 37.0M 0s
 37650K .......... .......... .......... .......... .......... 75% 48.2M 0s
 37700K .......... .......... .......... .......... .......... 75%  101M 0s
 37750K .......... .......... .......... .......... .......... 75%  114M 0s
 37800K .......... .......... .......... .......... .......... 75% 33.3M 0s
 37850K .......... .......... .......... .......... .......... 75% 29.5M 0s
 37900K .......... .......... .......... .......... .......... 76% 43.3M 0s
 37950K .......... .......... .......... .......... .......... 76% 26.6M 0s
 38000K .......... .......... .......... .......... .......... 76% 33.1M 0s
 38050K .......... .......... .......... .......... .......... 76%  107M 0s
 38100K .......... .......... .......... .......... .......... 76% 92.4M 0s
 38150K .......... .......... .......... .......... .......... 76% 97.8M 0s
 38200K .......... .......... .......... .......... .......... 76%  108M 0s
 38250K .......... .......... .......... .......... .......... 76%  109M 0s
 38300K .......... .......... .......... .......... .......... 76% 35.6M 0s
 38350K .......... .......... .......... .......... .......... 76% 71.9M 0s
 38400K .......... .......... .......... .......... .......... 77%  121M 0s
 38450K .......... .......... .......... .......... .......... 77%  109M 0s
 38500K .......... .......... .......... .......... .......... 77%  120M 0s
 38550K .......... .......... .......... .......... .......... 77% 8.07M 0s
 38600K .......... .......... .......... .......... .......... 77%  122M 0s
 38650K .......... .......... .......... .......... .......... 77%  120M 0s
 38700K .......... .......... .......... .......... .......... 77%  109M 0s
 38750K .......... .......... .......... .......... .......... 77% 95.5M 0s
 38800K .......... .......... .......... .......... .......... 77%  121M 0s
 38850K .......... .......... .......... .......... .......... 77%  120M 0s
 38900K .......... .......... .......... .......... .......... 78%  116M 0s
 38950K .......... .......... .......... .......... .......... 78%  105M 0s
 39000K .......... .......... .......... .......... .......... 78%  122M 0s
 39050K .......... .......... .......... .......... .......... 78%  116M 0s
 39100K .......... .......... .......... .......... .......... 78%  112M 0s
 39150K .......... .......... .......... .......... .......... 78% 95.2M 0s
 39200K .......... .......... .......... .......... .......... 78%  115M 0s
 39250K .......... .......... .......... .......... .......... 78%  129M 0s
 39300K .......... .......... .......... .......... .......... 78%  116M 0s
 39350K .......... .......... .......... .......... .......... 78% 19.2M 0s
 39400K .......... .......... .......... .......... .......... 79%  123M 0s
 39450K .......... .......... .......... .......... .......... 79%  124M 0s
 39500K .......... .......... .......... .......... .......... 79%  106M 0s
 39550K .......... .......... .......... .......... .......... 79% 95.3M 0s
 39600K .......... .......... .......... .......... .......... 79%  121M 0s
 39650K .......... .......... .......... .......... .......... 79% 41.2M 0s
 39700K .......... .......... .......... .......... .......... 79% 86.8M 0s
 39750K .......... .......... .......... .......... .......... 79% 74.0M 0s
 39800K .......... .......... .......... .......... .......... 79% 42.3M 0s
 39850K .......... .......... .......... .......... .......... 79% 99.5M 0s
 39900K .......... .......... .......... .......... .......... 80%  122M 0s
 39950K .......... .......... .......... .......... .......... 80% 34.3M 0s
 40000K .......... .......... .......... .......... .......... 80% 66.4M 0s
 40050K .......... .......... .......... .......... .......... 80% 42.3M 0s
 40100K .......... .......... .......... .......... .......... 80% 57.8M 0s
 40150K .......... .......... .......... .......... .......... 80%  110M 0s
 40200K .......... .......... .......... .......... .......... 80% 45.7M 0s
 40250K .......... .......... .......... .......... .......... 80% 18.2M 0s
 40300K .......... .......... .......... .......... .......... 80%  133M 0s
 40350K .......... .......... .......... .......... .......... 80% 27.2M 0s
 40400K .......... .......... .......... .......... .......... 81% 32.6M 0s
 40450K .......... .......... .......... .......... .......... 81% 29.9M 0s
 40500K .......... .......... .......... .......... .......... 81% 77.9M 0s
 40550K .......... .......... .......... .......... .......... 81% 33.9M 0s
 40600K .......... .......... .......... .......... .......... 81% 37.0M 0s
 40650K .......... .......... .......... .......... .......... 81% 13.5M 0s
 40700K .......... .......... .......... .......... .......... 81% 32.1M 0s
 40750K .......... .......... .......... .......... .......... 81% 75.9M 0s
 40800K .......... .......... .......... .......... .......... 81% 59.6M 0s
 40850K .......... .......... .......... .......... .......... 81% 96.9M 0s
 40900K .......... .......... .......... .......... .......... 82% 27.5M 0s
 40950K .......... .......... .......... .......... .......... 82% 25.3M 0s
 41000K .......... .......... .......... .......... .......... 82% 52.3M 0s
 41050K .......... .......... .......... .......... .......... 82%  105M 0s
 41100K .......... .......... .......... .......... .......... 82% 33.2M 0s
 41150K .......... .......... .......... .......... .......... 82% 63.7M 0s
 41200K .......... .......... .......... .......... .......... 82% 99.4M 0s
 41250K .......... .......... .......... .......... .......... 82%  102M 0s
 41300K .......... .......... .......... .......... .......... 82% 47.2M 0s
 41350K .......... .......... .......... .......... .......... 82% 3.08M 0s
 41400K .......... .......... .......... .......... .......... 83%  161M 0s
 41450K .......... .......... .......... .......... .......... 83%  165M 0s
 41500K .......... .......... .......... .......... .......... 83%  128M 0s
 41550K .......... .......... .......... .......... .......... 83% 79.1M 0s
 41600K .......... .......... .......... .......... .......... 83% 97.2M 0s
 41650K .......... .......... .......... .......... .......... 83%  148M 0s
 41700K .......... .......... .......... .......... .......... 83%  143M 0s
 41750K .......... .......... .......... .......... .......... 83%  135M 0s
 41800K .......... .......... .......... .......... .......... 83%  148M 0s
 41850K .......... .......... .......... .......... .......... 83%  151M 0s
 41900K .......... .......... .......... .......... .......... 84%  140M 0s
 41950K .......... .......... .......... .......... .......... 84%  117M 0s
 42000K .......... .......... .......... .......... .......... 84%  146M 0s
 42050K .......... .......... .......... .......... .......... 84%  146M 0s
 42100K .......... .......... .......... .......... .......... 84%  143M 0s
 42150K .......... .......... .......... .......... .......... 84%  130M 0s
 42200K .......... .......... .......... .......... .......... 84%  141M 0s
 42250K .......... .......... .......... .......... .......... 84%  140M 0s
 42300K .......... .......... .......... .......... .......... 84%  142M 0s
 42350K .......... .......... .......... .......... .......... 84%  114M 0s
 42400K .......... .......... .......... .......... .......... 85%  156M 0s
 42450K .......... .......... .......... .......... .......... 85%  140M 0s
 42500K .......... .......... .......... .......... .......... 85%  142M 0s
 42550K .......... .......... .......... .......... .......... 85%  131M 0s
 42600K .......... .......... .......... .......... .......... 85%  141M 0s
 42650K .......... .......... .......... .......... .......... 85%  142M 0s
 42700K .......... .......... .......... .......... .......... 85%  143M 0s
 42750K .......... .......... .......... .......... .......... 85%  117M 0s
 42800K .......... .......... .......... .......... .......... 85%  148M 0s
 42850K .......... .......... .......... .......... .......... 85%  153M 0s
 42900K .......... .......... .......... .......... .......... 86%  164M 0s
 42950K .......... .......... .......... .......... .......... 86%  136M 0s
 43000K .......... .......... .......... .......... .......... 86%  153M 0s
 43050K .......... .......... .......... .......... .......... 86%  195M 0s
 43100K .......... .......... .......... .......... .......... 86%  271M 0s
 43150K .......... .......... .......... .......... .......... 86%  187M 0s
 43200K .......... .......... .......... .......... .......... 86% 93.9M 0s
 43250K .......... .......... .......... .......... .......... 86% 50.0M 0s
 43300K .......... .......... .......... .......... .......... 86% 14.2M 0s
 43350K .......... .......... .......... .......... .......... 86% 84.9M 0s
 43400K .......... .......... .......... .......... .......... 87% 29.3M 0s
 43450K .......... .......... .......... .......... .......... 87% 30.1M 0s
 43500K .......... .......... .......... .......... .......... 87% 83.0M 0s
 43550K .......... .......... .......... .......... .......... 87% 28.9M 0s
 43600K .......... .......... .......... .......... .......... 87%  101M 0s
 43650K .......... .......... .......... .......... .......... 87% 17.4M 0s
 43700K .......... .......... .......... .......... .......... 87% 16.8M 0s
 43750K .......... .......... .......... .......... .......... 87% 57.2M 0s
 43800K .......... .......... .......... .......... .......... 87% 62.8M 0s
 43850K .......... .......... .......... .......... .......... 87%  101M 0s
 43900K .......... .......... .......... .......... .......... 88% 30.8M 0s
 43950K .......... .......... .......... .......... .......... 88% 22.5M 0s
 44000K .......... .......... .......... .......... .......... 88% 47.9M 0s
 44050K .......... .......... .......... .......... .......... 88% 42.5M 0s
 44100K .......... .......... .......... .......... .......... 88%  103M 0s
 44150K .......... .......... .......... .......... .......... 88% 50.9M 0s
 44200K .......... .......... .......... .......... .......... 88% 92.2M 0s
 44250K .......... .......... .......... .......... .......... 88% 98.5M 0s
 44300K .......... .......... .......... .......... .......... 88%  110M 0s
 44350K .......... .......... .......... .......... .......... 88% 46.6M 0s
 44400K .......... .......... .......... .......... .......... 89% 3.09M 0s
 44450K .......... .......... .......... .......... .......... 89% 88.8M 0s
 44500K .......... .......... .......... .......... .......... 89% 88.5M 0s
 44550K .......... .......... .......... .......... .......... 89% 81.8M 0s
 44600K .......... .......... .......... .......... .......... 89% 88.5M 0s
 44650K .......... .......... .......... .......... .......... 89% 84.7M 0s
 44700K .......... .......... .......... .......... .......... 89% 91.4M 0s
 44750K .......... .......... .......... .......... .......... 89% 74.5M 0s
 44800K .......... .......... .......... .......... .......... 89% 99.2M 0s
 44850K .......... .......... .......... .......... .......... 89%  157M 0s
 44900K .......... .......... .......... .......... .......... 90%  153M 0s
 44950K .......... .......... .......... .......... .......... 90% 31.2M 0s
 45000K .......... .......... .......... .......... .......... 90% 88.9M 0s
 45050K .......... .......... .......... .......... .......... 90% 90.2M 0s
 45100K .......... .......... .......... .......... .......... 90% 88.6M 0s
 45150K .......... .......... .......... .......... .......... 90% 70.2M 0s
 45200K .......... .......... .......... .......... .......... 90% 94.7M 0s
 45250K .......... .......... .......... .......... .......... 90% 90.8M 0s
 45300K .......... .......... .......... .......... .......... 90% 80.4M 0s
 45350K .......... .......... .......... .......... .......... 90%  192M 0s
 45400K .......... .......... .......... .......... .......... 91%  208M 0s
 45450K .......... .......... .......... .......... .......... 91%  222M 0s
 45500K .......... .......... .......... .......... .......... 91%  224M 0s
 45550K .......... .......... .......... .......... .......... 91%  171M 0s
 45600K .......... .......... .......... .......... .......... 91%  127M 0s
 45650K .......... .......... .......... .......... .......... 91%  129M 0s
 45700K .......... .......... .......... .......... .......... 91%  112M 0s
 45750K .......... .......... .......... .......... .......... 91%  109M 0s
 45800K .......... .......... .......... .......... .......... 91%  113M 0s
 45850K .......... .......... .......... .......... .......... 91%  122M 0s
 45900K .......... .......... .......... .......... .......... 92%  118M 0s
 45950K .......... .......... .......... .......... .......... 92% 93.3M 0s
 46000K .......... .......... .......... .......... .......... 92%  112M 0s
 46050K .......... .......... .......... .......... .......... 92%  129M 0s
 46100K .......... .......... .......... .......... .......... 92%  112M 0s
 46150K .......... .......... .......... .......... .......... 92%  108M 0s
 46200K .......... .......... .......... .......... .......... 92% 94.0M 0s
 46250K .......... .......... .......... .......... .......... 92% 61.1M 0s
 46300K .......... .......... .......... .......... .......... 92%  129M 0s
 46350K .......... .......... .......... .......... .......... 92% 93.7M 0s
 46400K .......... .......... .......... .......... .......... 93%  110M 0s
 46450K .......... .......... .......... .......... .......... 93%  115M 0s
 46500K .......... .......... .......... .......... .......... 93% 34.0M 0s
 46550K .......... .......... .......... .......... .......... 93% 96.1M 0s
 46600K .......... .......... .......... .......... .......... 93% 37.6M 0s
 46650K .......... .......... .......... .......... .......... 93% 75.2M 0s
 46700K .......... .......... .......... .......... .......... 93% 17.4M 0s
 46750K .......... .......... .......... .......... .......... 93% 14.4M 0s
 46800K .......... .......... .......... .......... .......... 93% 85.6M 0s
 46850K .......... .......... .......... .......... .......... 93% 59.3M 0s
 46900K .......... .......... .......... .......... .......... 94%  117M 0s
 46950K .......... .......... .......... .......... .......... 94% 15.3M 0s
 47000K .......... .......... .......... .......... .......... 94% 89.6M 0s
 47050K .......... .......... .......... .......... .......... 94% 47.5M 0s
 47100K .......... .......... .......... .......... .......... 94%  126M 0s
 47150K .......... .......... .......... .......... .......... 94% 24.9M 0s
 47200K .......... .......... .......... .......... .......... 94%  106M 0s
 47250K .......... .......... .......... .......... .......... 94%  115M 0s
 47300K .......... .......... .......... .......... .......... 94% 42.6M 0s
 47350K .......... .......... .......... .......... .......... 94%  111M 0s
 47400K .......... .......... .......... .......... .......... 95%  122M 0s
 47450K .......... .......... .......... .......... .......... 95% 3.14M 0s
 47500K .......... .......... .......... .......... .......... 95% 71.8M 0s
 47550K .......... .......... .......... .......... .......... 95% 72.2M 0s
 47600K .......... .......... .......... .......... .......... 95% 95.0M 0s
 47650K .......... .......... .......... .......... .......... 95%  107M 0s
 47700K .......... .......... .......... .......... .......... 95% 87.8M 0s
 47750K .......... .......... .......... .......... .......... 95% 84.4M 0s
 47800K .......... .......... .......... .......... .......... 95% 93.0M 0s
 47850K .......... .......... .......... .......... .......... 95% 89.4M 0s
 47900K .......... .......... .......... .......... .......... 96% 27.4M 0s
 47950K .......... .......... .......... .......... .......... 96% 72.5M 0s
 48000K .......... .......... .......... .......... .......... 96% 89.3M 0s
 48050K .......... .......... .......... .......... .......... 96% 91.0M 0s
 48100K .......... .......... .......... .......... .......... 96% 85.8M 0s
 48150K .......... .......... .......... .......... .......... 96%  109M 0s
 48200K .......... .......... .......... .......... .......... 96% 76.6M 0s
 48250K .......... .......... .......... .......... .......... 96%  128M 0s
 48300K .......... .......... .......... .......... .......... 96%  128M 0s
 48350K .......... .......... .......... .......... .......... 97% 9.80M 0s
 48400K .......... .......... .......... .......... .......... 97%  111M 0s
 48450K .......... .......... .......... .......... .......... 97%  119M 0s
 48500K .......... .......... .......... .......... .......... 97%  121M 0s
 48550K .......... .......... .......... .......... .......... 97% 78.6M 0s
 48600K .......... .......... .......... .......... .......... 97% 75.6M 0s
 48650K .......... .......... .......... .......... .......... 97% 96.7M 0s
 48700K .......... .......... .......... .......... .......... 97%  123M 0s
 48750K .......... .......... .......... .......... .......... 97% 90.5M 0s
 48800K .......... .......... .......... .......... .......... 97%  120M 0s
 48850K .......... .......... .......... .......... .......... 98%  105M 0s
 48900K .......... .......... .......... .......... .......... 98%  124M 0s
 48950K .......... .......... .......... .......... .......... 98%  108M 0s
 49000K .......... .......... .......... .......... .......... 98%  113M 0s
 49050K .......... .......... .......... .......... .......... 98% 59.0M 0s
 49100K .......... .......... .......... .......... .......... 98%  121M 0s
 49150K .......... .......... .......... .......... .......... 98% 94.9M 0s
 49200K .......... .......... .......... .......... .......... 98%  108M 0s
 49250K .......... .......... .......... .......... .......... 98%  122M 0s
 49300K .......... .......... .......... .......... .......... 98%  121M 0s
 49350K .......... .......... .......... .......... .......... 99%  103M 0s
 49400K .......... .......... .......... .......... .......... 99%  112M 0s
 49450K .......... .......... .......... .......... .......... 99%  129M 0s
 49500K .......... .......... .......... .......... .......... 99%  112M 0s
 49550K .......... .......... .......... .......... .......... 99% 97.4M 0s
 49600K .......... .......... .......... .......... .......... 99%  113M 0s
 49650K .......... .......... .......... .......... .......... 99%  128M 0s
 49700K .......... .......... .......... .......... .......... 99%  110M 0s
 49750K .......... .......... .......... .......... .......... 99%  104M 0s
 49800K .......... .......... .......... .......... .......... 99% 30.5M 0s
 49850K .......... .......... .......... .......... ......    100% 69.5M=1.3s

2021-03-26 16:59:13 (37.8 MB/s) - `miniconda.sh' saved [51093759/51093759]


travis_time:end:1e3dc9b0:start=1616777952079293505,finish=1616777953853884340,duration=1774590835[0Ktravis_fold:end:before_install.1[0Ktravis_fold:start:before_install.2[0Ktravis_time:start:08292dc8[0K$ chmod +x miniconda.sh

travis_time:end:08292dc8:start=1616777953863327670,finish=1616777953873012083,duration=9684413[0Ktravis_fold:end:before_install.2[0Ktravis_fold:start:before_install.3[0Ktravis_time:start:012caa18[0K$ ./miniconda.sh -b
PREFIX=/home/travis/miniconda2
Unpacking payload ...
  0%|          | 0/37 [00:00<?, ?it/s]Extracting : python-2.7.18-h15b4118_1.conda:   0%|          | 0/37 [00:00<?, ?it/s]Extracting : python-2.7.18-h15b4118_1.conda:   3%|▎         | 1/37 [00:00<00:20,  1.79it/s]Extracting : _libgcc_mutex-0.1-main.conda:   3%|▎         | 1/37 [00:00<00:20,  1.79it/s]  Extracting : ca-certificates-2020.1.1-0.conda:   5%|▌         | 2/37 [00:00<00:19,  1.79it/s]Extracting : libstdcxx-ng-9.1.0-hdf63c60_0.conda:   8%|▊         | 3/37 [00:00<00:18,  1.79it/s]Extracting : libgcc-ng-9.1.0-hdf63c60_0.conda:  11%|█         | 4/37 [00:00<00:18,  1.79it/s]   Extracting : libffi-3.3-he6710b0_1.conda:  14%|█▎        | 5/37 [00:00<00:17,  1.79it/s]     Extracting : ncurses-6.2-he6710b0_1.conda:  16%|█▌        | 6/37 [00:00<00:17,  1.79it/s]Extracting : openssl-1.1.1g-h7b6447c_0.conda:  19%|█▉        | 7/37 [00:00<00:16,  1.79it/s]Extracting : yaml-0.1.7-had09818_2.conda:  22%|██▏       | 8/37 [00:00<00:16,  1.79it/s]    Extracting : zlib-1.2.11-h7b6447c_3.conda:  24%|██▍       | 9/37 [00:00<00:15,  1.79it/s]Extracting : libedit-3.1.20181209-hc058e9b_0.conda:  27%|██▋       | 10/37 [00:00<00:15,  1.79it/s]Extracting : readline-8.0-h7b6447c_0.conda:  30%|██▉       | 11/37 [00:00<00:14,  1.79it/s]        Extracting : tk-8.6.8-hbc83047_0.conda:  32%|███▏      | 12/37 [00:00<00:13,  1.79it/s]    Extracting : sqlite-3.31.1-h62c20be_1.conda:  35%|███▌      | 13/37 [00:00<00:13,  1.79it/s]Extracting : asn1crypto-1.3.0-py27_0.conda:  38%|███▊      | 14/37 [00:00<00:12,  1.79it/s] Extracting : certifi-2019.11.28-py27_0.conda:  41%|████      | 15/37 [00:00<00:12,  1.79it/s]Extracting : chardet-3.0.4-py27_1003.conda:  43%|████▎     | 16/37 [00:00<00:11,  1.79it/s]  Extracting : enum34-1.1.6-py27_1.conda:  46%|████▌     | 17/37 [00:00<00:11,  1.79it/s]    Extracting : futures-3.3.0-py27_0.conda:  49%|████▊     | 18/37 [00:00<00:10,  1.79it/s]Extracting : idna-2.8-py27_0.conda:  51%|█████▏    | 19/37 [00:00<00:10,  1.79it/s]     Extracting : ipaddress-1.0.23-py_0.conda:  54%|█████▍    | 20/37 [00:00<00:09,  1.79it/s]Extracting : pycosat-0.6.3-py27h7b6447c_0.conda:  57%|█████▋    | 21/37 [00:00<00:08,  1.79it/s]Extracting : pycparser-2.20-py_0.conda:  59%|█████▉    | 22/37 [00:00<00:08,  1.79it/s]         Extracting : pysocks-1.7.1-py27_0.conda:  62%|██████▏   | 23/37 [00:00<00:07,  1.79it/s]Extracting : ruamel_yaml-0.15.87-py27h7b6447c_0.conda:  65%|██████▍   | 24/37 [00:00<00:07,  1.79it/s]Extracting : six-1.13.0-py27_0.conda:  68%|██████▊   | 25/37 [00:00<00:06,  1.79it/s]                 Extracting : tqdm-4.46.0-py_0.conda:  70%|███████   | 26/37 [00:00<00:06,  1.79it/s] Extracting : cffi-1.14.0-py27he30daa8_1.conda:  73%|███████▎  | 27/37 [00:00<00:05,  1.79it/s]Extracting : conda-package-handling-1.6.0-py27h7b6447c_0.conda:  76%|███████▌  | 28/37 [00:00<00:05,  1.79it/s]Extracting : setuptools-44.0.0-py27_0.conda:  78%|███████▊  | 29/37 [00:00<00:04,  1.79it/s]                   Extracting : cryptography-2.8-py27h1ba5d50_0.conda:  81%|████████  | 30/37 [00:00<00:03,  1.79it/s]Extracting : wheel-0.33.6-py27_0.conda:  84%|████████▍ | 31/37 [00:00<00:03,  1.79it/s]            Extracting : pip-19.3.1-py27_0.conda:  86%|████████▋ | 32/37 [00:00<00:02,  1.79it/s]  Extracting : pyopenssl-19.1.0-py27_0.conda:  89%|████████▉ | 33/37 [00:00<00:02,  1.79it/s]Extracting : urllib3-1.25.7-py27_0.conda:  92%|█████████▏| 34/37 [00:00<00:01,  1.79it/s]  Extracting : requests-2.22.0-py27_1.conda:  95%|█████████▍| 35/37 [00:00<00:01,  1.79it/s]Extracting : conda-4.8.3-py27_0.tar.bz2:  97%|█████████▋| 36/37 [00:00<00:00,  1.79it/s]  Extracting : conda-4.8.3-py27_0.tar.bz2: 100%|██████████| 37/37 [00:00<00:00,  2.54it/s]                                                                                        Collecting package metadata (current_repodata.json): ...working... done
Solving environment: ...working... done

## Package Plan ##

  environment location: /home/travis/miniconda2

  added / updated specs:
    - _libgcc_mutex==0.1=main
    - asn1crypto==1.3.0=py27_0
    - ca-certificates==2020.1.1=0
    - certifi==2019.11.28=py27_0
    - cffi==1.14.0=py27he30daa8_1
    - chardet==3.0.4=py27_1003
    - conda-package-handling==1.6.0=py27h7b6447c_0
    - conda==4.8.3=py27_0
    - cryptography==2.8=py27h1ba5d50_0
    - enum34==1.1.6=py27_1
    - futures==3.3.0=py27_0
    - idna==2.8=py27_0
    - ipaddress==1.0.23=py_0
    - libedit==3.1.20181209=hc058e9b_0
    - libffi==3.3=he6710b0_1
    - libgcc-ng==9.1.0=hdf63c60_0
    - libstdcxx-ng==9.1.0=hdf63c60_0
    - ncurses==6.2=he6710b0_1
    - openssl==1.1.1g=h7b6447c_0
    - pip==19.3.1=py27_0
    - pycosat==0.6.3=py27h7b6447c_0
    - pycparser==2.20=py_0
    - pyopenssl==19.1.0=py27_0
    - pysocks==1.7.1=py27_0
    - python==2.7.18=h15b4118_1
    - readline==8.0=h7b6447c_0
    - requests==2.22.0=py27_1
    - ruamel_yaml==0.15.87=py27h7b6447c_0
    - setuptools==44.0.0=py27_0
    - six==1.13.0=py27_0
    - sqlite==3.31.1=h62c20be_1
    - tk==8.6.8=hbc83047_0
    - tqdm==4.46.0=py_0
    - urllib3==1.25.7=py27_0
    - wheel==0.33.6=py27_0
    - yaml==0.1.7=had09818_2
    - zlib==1.2.11=h7b6447c_3


The following NEW packages will be INSTALLED:

  _libgcc_mutex      pkgs/main/linux-64::_libgcc_mutex-0.1-main
  asn1crypto         pkgs/main/linux-64::asn1crypto-1.3.0-py27_0
  ca-certificates    pkgs/main/linux-64::ca-certificates-2020.1.1-0
  certifi            pkgs/main/linux-64::certifi-2019.11.28-py27_0
  cffi               pkgs/main/linux-64::cffi-1.14.0-py27he30daa8_1
  chardet            pkgs/main/linux-64::chardet-3.0.4-py27_1003
  conda              pkgs/main/linux-64::conda-4.8.3-py27_0
  conda-package-han~ pkgs/main/linux-64::conda-package-handling-1.6.0-py27h7b6447c_0
  cryptography       pkgs/main/linux-64::cryptography-2.8-py27h1ba5d50_0
  enum34             pkgs/main/linux-64::enum34-1.1.6-py27_1
  futures            pkgs/main/linux-64::futures-3.3.0-py27_0
  idna               pkgs/main/linux-64::idna-2.8-py27_0
  ipaddress          pkgs/main/noarch::ipaddress-1.0.23-py_0
  libedit            pkgs/main/linux-64::libedit-3.1.20181209-hc058e9b_0
  libffi             pkgs/main/linux-64::libffi-3.3-he6710b0_1
  libgcc-ng          pkgs/main/linux-64::libgcc-ng-9.1.0-hdf63c60_0
  libstdcxx-ng       pkgs/main/linux-64::libstdcxx-ng-9.1.0-hdf63c60_0
  ncurses            pkgs/main/linux-64::ncurses-6.2-he6710b0_1
  openssl            pkgs/main/linux-64::openssl-1.1.1g-h7b6447c_0
  pip                pkgs/main/linux-64::pip-19.3.1-py27_0
  pycosat            pkgs/main/linux-64::pycosat-0.6.3-py27h7b6447c_0
  pycparser          pkgs/main/noarch::pycparser-2.20-py_0
  pyopenssl          pkgs/main/linux-64::pyopenssl-19.1.0-py27_0
  pysocks            pkgs/main/linux-64::pysocks-1.7.1-py27_0
  python             pkgs/main/linux-64::python-2.7.18-h15b4118_1
  readline           pkgs/main/linux-64::readline-8.0-h7b6447c_0
  requests           pkgs/main/linux-64::requests-2.22.0-py27_1
  ruamel_yaml        pkgs/main/linux-64::ruamel_yaml-0.15.87-py27h7b6447c_0
  setuptools         pkgs/main/linux-64::setuptools-44.0.0-py27_0
  six                pkgs/main/linux-64::six-1.13.0-py27_0
  sqlite             pkgs/main/linux-64::sqlite-3.31.1-h62c20be_1
  tk                 pkgs/main/linux-64::tk-8.6.8-hbc83047_0
  tqdm               pkgs/main/noarch::tqdm-4.46.0-py_0
  urllib3            pkgs/main/linux-64::urllib3-1.25.7-py27_0
  wheel              pkgs/main/linux-64::wheel-0.33.6-py27_0
  yaml               pkgs/main/linux-64::yaml-0.1.7-had09818_2
  zlib               pkgs/main/linux-64::zlib-1.2.11-h7b6447c_3


Preparing transaction: ...working... done
Executing transaction: ...working... done
installation finished.

travis_time:end:012caa18:start=1616777953883295434,finish=1616777973799593263,duration=19916297829[0Ktravis_fold:end:before_install.3[0Ktravis_fold:start:before_install.4[0Ktravis_time:start:09aa25d8[0K$ export PATH=/home/travis/miniconda2/bin:$PATH

travis_time:end:09aa25d8:start=1616777973810204623,finish=1616777973819092706,duration=8888083[0Ktravis_fold:end:before_install.4[0Ktravis_fold:start:before_install.5[0Ktravis_time:start:245c441c[0K$ conda update --yes --quiet conda
Collecting package metadata (current_repodata.json): ...working... done
Solving environment: ...working... done

## Package Plan ##

  environment location: /home/travis/miniconda2

  added / updated specs:
    - conda


The following packages will be downloaded:

    package                    |            build
    ---------------------------|-----------------
    asn1crypto-1.4.0           |             py_0          80 KB
    ca-certificates-2021.1.19  |       h06a4308_1         118 KB
    certifi-2020.6.20          |     pyhd3eb1b0_3         155 KB
    idna-2.10                  |     pyhd3eb1b0_0          52 KB
    libffi-3.3                 |       he6710b0_2          50 KB
    openssl-1.1.1k             |       h27cfd23_0         2.5 MB
    pycparser-2.20             |             py_2          94 KB
    pyopenssl-20.0.1           |     pyhd3eb1b0_1          49 KB
    readline-8.1               |       h27cfd23_0         362 KB
    requests-2.25.1            |     pyhd3eb1b0_0          52 KB
    six-1.15.0                 |     pyhd3eb1b0_0          13 KB
    sqlite-3.35.2              |       hdfb4753_0         983 KB
    tk-8.6.10                  |       hbc83047_0         3.0 MB
    tqdm-4.59.0                |     pyhd3eb1b0_1          93 KB
    wheel-0.36.2               |     pyhd3eb1b0_0          33 KB
    ------------------------------------------------------------
                                           Total:         7.6 MB

The following packages will be REMOVED:

  libedit-3.1.20181209-hc058e9b_0

The following packages will be UPDATED:

  asn1crypto         pkgs/main/linux-64::asn1crypto-1.3.0-~ --> pkgs/main/noarch::asn1crypto-1.4.0-py_0
  ca-certificates                                2020.1.1-0 --> 2021.1.19-h06a4308_1
  certifi            pkgs/main/linux-64::certifi-2019.11.2~ --> pkgs/main/noarch::certifi-2020.6.20-pyhd3eb1b0_3
  idna                  pkgs/main/linux-64::idna-2.8-py27_0 --> pkgs/main/noarch::idna-2.10-pyhd3eb1b0_0
  libffi                                     3.3-he6710b0_1 --> 3.3-he6710b0_2
  openssl                                 1.1.1g-h7b6447c_0 --> 1.1.1k-h27cfd23_0
  pycparser                                       2.20-py_0 --> 2.20-py_2
  pyopenssl          pkgs/main/linux-64::pyopenssl-19.1.0-~ --> pkgs/main/noarch::pyopenssl-20.0.1-pyhd3eb1b0_1
  readline                                   8.0-h7b6447c_0 --> 8.1-h27cfd23_0
  requests           pkgs/main/linux-64::requests-2.22.0-p~ --> pkgs/main/noarch::requests-2.25.1-pyhd3eb1b0_0
  six                 pkgs/main/linux-64::six-1.13.0-py27_0 --> pkgs/main/noarch::six-1.15.0-pyhd3eb1b0_0
  sqlite                                  3.31.1-h62c20be_1 --> 3.35.2-hdfb4753_0
  tk                                       8.6.8-hbc83047_0 --> 8.6.10-hbc83047_0
  tqdm                                          4.46.0-py_0 --> 4.59.0-pyhd3eb1b0_1
  wheel              pkgs/main/linux-64::wheel-0.33.6-py27~ --> pkgs/main/noarch::wheel-0.36.2-pyhd3eb1b0_0


Preparing transaction: ...working... done
Verifying transaction: ...working... done
Executing transaction: ...working... done

travis_time:end:245c441c:start=1616777973829491241,finish=1616777990142175644,duration=16312684403[0Ktravis_fold:end:before_install.5[0Ktravis_fold:start:before_install.6[0Ktravis_time:start:072bb786[0K$ export DISPLAY=:99.0

travis_time:end:072bb786:start=1616777990153086130,finish=1616777990161270048,duration=8183918[0Ktravis_fold:end:before_install.6[0Ktravis_fold:start:before_install.7[0Ktravis_time:start:0b1b83e0[0K$ sh -e /etc/init.d/xvfb start
Starting virtual X frame buffer: Xvfb.

travis_time:end:0b1b83e0:start=1616777990172486950,finish=1616777990184821847,duration=12334897[0Ktravis_fold:end:before_install.7[0Ktravis_fold:start:install.1[0Ktravis_time:start:3668845c[0K$ conda create --yes --quiet -n pychron-test python=2.7
Collecting package metadata (current_repodata.json): ...working... done
Solving environment: ...working... failed with repodata from current_repodata.json, will retry with next repodata source.
Collecting package metadata (repodata.json): ...working... done
Solving environment: ...working... done

## Package Plan ##

  environment location: /home/travis/miniconda2/envs/pychron-test

  added / updated specs:
    - python=2.7


The following NEW packages will be INSTALLED:

  _libgcc_mutex      pkgs/main/linux-64::_libgcc_mutex-0.1-main
  ca-certificates    pkgs/main/linux-64::ca-certificates-2021.1.19-h06a4308_1
  certifi            pkgs/main/noarch::certifi-2020.6.20-pyhd3eb1b0_3
  libffi             pkgs/main/linux-64::libffi-3.3-he6710b0_2
  libgcc-ng          pkgs/main/linux-64::libgcc-ng-9.1.0-hdf63c60_0
  libstdcxx-ng       pkgs/main/linux-64::libstdcxx-ng-9.1.0-hdf63c60_0
  ncurses            pkgs/main/linux-64::ncurses-6.2-he6710b0_1
  pip                pkgs/main/linux-64::pip-19.3.1-py27_0
  python             pkgs/main/linux-64::python-2.7.18-h15b4118_1
  readline           pkgs/main/linux-64::readline-8.1-h27cfd23_0
  setuptools         pkgs/main/linux-64::setuptools-44.0.0-py27_0
  sqlite             pkgs/main/linux-64::sqlite-3.35.2-hdfb4753_0
  tk                 pkgs/main/linux-64::tk-8.6.10-hbc83047_0
  wheel              pkgs/main/noarch::wheel-0.36.2-pyhd3eb1b0_0
  zlib               pkgs/main/linux-64::zlib-1.2.11-h7b6447c_3


Preparing transaction: ...working... done
Verifying transaction: ...working... done
Executing transaction: ...working... done

travis_time:end:3668845c:start=1616777990195789011,finish=1616778011445644166,duration=21249855155[0Ktravis_fold:end:install.1[0Ktravis_fold:start:install.2[0Ktravis_time:start:1172309a[0K$ source activate pychron-test

travis_time:end:1172309a:start=1616778011456812177,finish=1616778011571886520,duration=115074343[0Ktravis_fold:end:install.2[0Ktravis_fold:start:install.3[0Ktravis_time:start:01958192[0K$ conda install --yes qt=4.8.5 pyside statsmodels PyYAML traits pyface traitsui enable chaco xlrd xlwt lxml sqlalchemy apptools
Collecting package metadata (current_repodata.json): ...working... done
Solving environment: ...working... failed with initial frozen solve. Retrying with flexible solve.
Collecting package metadata (repodata.json): ...working... done
Solving environment: ...working... failed with initial frozen solve. Retrying with flexible solve.

PackagesNotFoundError: The following packages are not available from current channels:

  - chaco
  - enable
  - qt=4.8.5
  - pyside

Current channels:

  - https://repo.anaconda.com/pkgs/main/linux-64
  - https://repo.anaconda.com/pkgs/main/noarch
  - https://repo.anaconda.com/pkgs/r/linux-64
  - https://repo.anaconda.com/pkgs/r/noarch

To search for alternate channels that may provide the conda package you're
looking for, navigate to

    https://anaconda.org

and use the search bar at the top of the page.



travis_time:end:01958192:start=1616778011580205431,finish=1616778018646552370,duration=7066346939[0K
[31;1mThe command "conda install --yes qt=4.8.5 pyside statsmodels PyYAML traits pyface traitsui enable chaco xlrd xlwt lxml sqlalchemy apptools" failed and exited with 1 during .[0m

Your build has been stopped.
