travis_fold:start:system_info[0K[33;1mBuild system information[0m
Build language: python
Build id: ''
Job id: ''
[34m[1mBuild image provisioning date and time[0m
Thu Feb  5 15:09:33 UTC 2015
[34m[1mOperating System Details[0m
Distributor ID:	Ubuntu
Description:	Ubuntu 12.04.5 LTS
Release:	12.04
Codename:	precise
[34m[1mLinux Version[0m
3.13.0-29-generic
[34m[1mCookbooks Version[0m
a68419e https://github.com/travis-ci/travis-cookbooks/tree/a68419e
[34m[1mGCC version[0m
gcc (Ubuntu/Linaro 4.6.3-1ubuntu5) 4.6.3
Copyright (C) 2011 Free Software Foundation, Inc.
This is free software; see the source for copying conditions.  There is NO
warranty; not even for MERCHANTABILITY or FITNESS FOR A PARTICULAR PURPOSE.

[34m[1mLLVM version[0m
clang version 3.4 (tags/RELEASE_34/final)
Target: x86_64-unknown-linux-gnu
Thread model: posix
[34m[1mPre-installed Ruby versions[0m
ruby-1.9.3-p551
[34m[1mPre-installed Node.js versions[0m
v0.10.36
[34m[1mPre-installed Go versions[0m
1.4.1
[34m[1mRedis version[0m
redis-server 2.8.19
[34m[1mriak version[0m
2.0.2
[34m[1mMongoDB version[0m
MongoDB 2.4.12
[34m[1mCouchDB version[0m
couchdb 1.6.1
[34m[1mNeo4j version[0m
1.9.4
[34m[1mRabbitMQ Version[0m
3.4.3
[34m[1mElasticSearch version[0m
1.4.0
[34m[1mInstalled Sphinx versions[0m
2.0.10
2.1.9
2.2.6
[34m[1mDefault Sphinx version[0m
2.2.6
[34m[1mInstalled Firefox version[0m
firefox 31.0esr
[34m[1mPhantomJS version[0m
1.9.8
[34m[1mant -version[0m
Apache Ant(TM) version 1.8.2 compiled on December 3 2011
[34m[1mmvn -version[0m
Apache Maven 3.2.5 (12a6b3acb947671f09b81f49094c53f426d8cea1; 2014-12-14T17:29:23+00:00)
Maven home: /usr/local/maven
Java version: 1.7.0_76, vendor: Oracle Corporation
Java home: /usr/lib/jvm/java-7-oracle/jre
Default locale: en_US, platform encoding: ANSI_X3.4-1968
OS name: "linux", version: "3.13.0-29-generic", arch: "amd64", family: "unix"
travis_fold:end:system_info[0K
grep: /etc/apt/sources.list.d/*: No such file or directory
sed: cannot rename /etc/hosts: Device or resource busy
sed: cannot rename /etc/hosts: Device or resource busy
$ cd passed/pydanny/cookiecutter-django
travis_time:start:16648152[0K$ source ~/virtualenv/python2.7/bin/activate

travis_time:end:16648152:start=1616935211128461848,finish=1616935211139139396,duration=10677548[0K$ python --version
Python 2.7.9
$ pip --version
pip 6.0.7 from /home/travis/virtualenv/python2.7.9/lib/python2.7/site-packages (python 2.7)
travis_fold:start:install[0Ktravis_time:start:0012e9e5[0K$ pip install -r requirements.txt
Collecting git+git://github.com/mverteuil/pytest-ipdb.git (from -r requirements.txt (line 11))
  Cloning git://github.com/mverteuil/pytest-ipdb.git to /tmp/pip-wCV8Dh-build
Collecting cookiecutter==1.0.0 (from -r requirements.txt (line 1))
  Downloading https://files.pythonhosted.org/packages/91/fc/1521133f5785f19eb8738d59e33013980f9b32e09be793d6e54859f90082/cookiecutter-1.0.0-py2.py3-none-any.whl
Collecting flake8==2.4.1 (from -r requirements.txt (line 2))
  Downloading https://files.pythonhosted.org/packages/b4/2a/1fec6e802ced26214a27913f5b82d904b29e1a15acba06f48443b7a6faae/flake8-2.4.1-py2.py3-none-any.whl
Collecting sh==1.11 (from -r requirements.txt (line 3))
  Downloading https://files.pythonhosted.org/packages/39/ca/1db6ebefdde0a7b5fb639ebc0527d8aab1cdc6119a8e4ac7c1c0cc222ec5/sh-1.11.tar.gz
Collecting ipdb==0.8.1 (from -r requirements.txt (line 6))
  Downloading https://files.pythonhosted.org/packages/cb/ed/cf9b80923dfee3b861d18c43e68793e52a81e51a7534f81c665e71b1642d/ipdb-0.8.1.zip
Collecting ipython==4.0.0 (from -r requirements.txt (line 7))
  Downloading https://files.pythonhosted.org/packages/a6/b1/b09cb059b715ec48c8c2ee971b5c244c4e097cf241a0492d83215647266e/ipython-4.0.0-py2-none-any.whl (730kB)
Collecting pytest==2.7.2 (from -r requirements.txt (line 10))
  Downloading https://files.pythonhosted.org/packages/35/3e/76e99f39c1cc04e9701d447a5667d9ec45f724ca11b6f5c797492339aef1/pytest-2.7.2-py2.py3-none-any.whl (127kB)
Collecting PyYAML>=3.10 (from cookiecutter==1.0.0->-r requirements.txt (line 1))
  Downloading https://files.pythonhosted.org/packages/a0/a4/d63f2d7597e1a4b55aa3b4d6c5b029991d3b824b5bd331af8d4ab1ed687d/PyYAML-5.4.1.tar.gz (175kB)
    /opt/python/2.7.9/lib/python2.7/distutils/dist.py:267: UserWarning: Unknown distribution option: 'project_urls'
      warnings.warn(msg)
    /opt/python/2.7.9/lib/python2.7/distutils/dist.py:267: UserWarning: Unknown distribution option: 'python_requires'
      warnings.warn(msg)
Requirement already satisfied (use --upgrade to upgrade): mock in /home/travis/virtualenv/python2.7.9/lib/python2.7/site-packages (from cookiecutter==1.0.0->-r requirements.txt (line 1))
Collecting click<4.0 (from cookiecutter==1.0.0->-r requirements.txt (line 1))
  Downloading https://files.pythonhosted.org/packages/b7/21/ce45306a697fc80ebe0b73ce04ecc08c54488b2dbe74babc068959683fd5/click-3.3-py2.py3-none-any.whl (58kB)
Collecting binaryornot>=0.2.0 (from cookiecutter==1.0.0->-r requirements.txt (line 1))
  Downloading https://files.pythonhosted.org/packages/24/7e/f7b6f453e6481d1e233540262ccbfcf89adcd43606f44a028d7f5fae5eb2/binaryornot-0.4.4-py2.py3-none-any.whl
Collecting jinja2>=2.7 (from cookiecutter==1.0.0->-r requirements.txt (line 1))
  Downloading https://files.pythonhosted.org/packages/7e/c2/1eece8c95ddbc9b1aeb64f5783a9e07a286de42191b7204d67b7496ddf35/Jinja2-2.11.3-py2.py3-none-any.whl (125kB)
Collecting pyflakes<0.9,>=0.8.1 (from flake8==2.4.1->-r requirements.txt (line 2))
  Downloading https://files.pythonhosted.org/packages/49/94/592dfa051cb674d022c8ae6306d114dc752b3b5d3e08b896acaa4b3277f8/pyflakes-0.8.1-py2.py3-none-any.whl
Collecting pep8!=1.6.0,!=1.6.1,!=1.6.2,>=1.5.7 (from flake8==2.4.1->-r requirements.txt (line 2))
  Downloading https://files.pythonhosted.org/packages/42/3f/669429ce58de2c22d8d2c542752e137ec4b9885fff398d3eceb1a7f5acb4/pep8-1.7.1-py2.py3-none-any.whl (41kB)
Collecting mccabe<0.4,>=0.2.1 (from flake8==2.4.1->-r requirements.txt (line 2))
  Downloading https://files.pythonhosted.org/packages/84/75/d7966b7280635e96a243d27ca39e5954e9af632a36a4e8eee44660e53540/mccabe-0.3.1-py2.py3-none-any.whl
Collecting decorator (from ipython==4.0.0->-r requirements.txt (line 7))
  Downloading https://files.pythonhosted.org/packages/ed/1b/72a1821152d07cf1d8b6fce298aeb06a7eb90f4d6d41acec9861e7cc6df0/decorator-4.4.2-py2.py3-none-any.whl
Collecting simplegeneric>0.8 (from ipython==4.0.0->-r requirements.txt (line 7))
  Downloading https://files.pythonhosted.org/packages/3d/57/4d9c9e3ae9a255cd4e1106bb57e24056d3d0709fc01b2e3e345898e49d5b/simplegeneric-0.8.1.zip
Collecting pexpect (from ipython==4.0.0->-r requirements.txt (line 7))
  Downloading https://files.pythonhosted.org/packages/39/7b/88dbb785881c28a102619d46423cb853b46dbccc70d3ac362d99773a78ce/pexpect-4.8.0-py2.py3-none-any.whl (59kB)
Collecting traitlets (from ipython==4.0.0->-r requirements.txt (line 7))
  Downloading https://files.pythonhosted.org/packages/b8/24/e6dfe45ecfc4c2b0d6774565e631dc1b9e50de2c3536625d377963d56cae/traitlets-5.0.5.tar.gz (128kB)
    Traceback (most recent call last):
      File "<string>", line 20, in <module
    Complete output from command python setup.py egg_info:
    Traceback (most recent call last):
    
      File "<string>", line 20, in <module
    
    ----------------------------------------
    Command "python setup.py egg_info" failed with error code 1 in /tmp/pip-build-gCPydJ/traitlets

travis_time:end:0012e9e5:start=1616935211435848054,finish=1616935217216452297,duration=5780604243[0K
[31;1mThe command "pip install -r requirements.txt" failed and exited with 1 during .[0m

Your build has been stopped.
