travis_fold:start:system_info[0K[33;1mBuild system information[0m
Build language: java
Build group: stable
Build dist: precise
Build id: ''
Job id: ''
[34m[1mBuild image provisioning date and time[0m
Thu Feb  5 15:09:33 UTC 2015
[34m[1mOperating System Details[0m
Distributor ID:	Ubuntu
Description:	Ubuntu 12.04.5 LTS
Release:	12.04
Codename:	precise
[34m[1mLinux Version[0m
3.13.0-29-generic
[34m[1mCookbooks Version[0m
a68419e https://github.com/travis-ci/travis-cookbooks/tree/a68419e
[34m[1mGCC version[0m
gcc (Ubuntu/Linaro 4.6.3-1ubuntu5) 4.6.3
Copyright (C) 2011 Free Software Foundation, Inc.
This is free software; see the source for copying conditions.  There is NO
warranty; not even for MERCHANTABILITY or FITNESS FOR A PARTICULAR PURPOSE.

[34m[1mLLVM version[0m
clang version 3.4 (tags/RELEASE_34/final)
Target: x86_64-unknown-linux-gnu
Thread model: posix
[34m[1mPre-installed Ruby versions[0m
ruby-1.9.3-p551
[34m[1mPre-installed Node.js versions[0m
v0.10.36
[34m[1mPre-installed Go versions[0m
1.4.1
[34m[1mRedis version[0m
redis-server 2.8.19
[34m[1mriak version[0m
2.0.2
[34m[1mMongoDB version[0m
MongoDB 2.4.12
[34m[1mCouchDB version[0m
couchdb 1.6.1
[34m[1mNeo4j version[0m
1.9.4
[34m[1mRabbitMQ Version[0m
3.4.3
[34m[1mElasticSearch version[0m
1.4.0
[34m[1mInstalled Sphinx versions[0m
2.0.10
2.1.9
2.2.6
[34m[1mDefault Sphinx version[0m
2.2.6
[34m[1mInstalled Firefox version[0m
firefox 31.0esr
[34m[1mPhantomJS version[0m
1.9.8
[34m[1mant -version[0m
Apache Ant(TM) version 1.8.2 compiled on December 3 2011
[34m[1mmvn -version[0m
Apache Maven 3.2.5 (12a6b3acb947671f09b81f49094c53f426d8cea1; 2014-12-14T17:29:23+00:00)
Maven home: /usr/local/maven
Java version: 1.7.0_76, vendor: Oracle Corporation
Java home: /usr/lib/jvm/java-7-oracle/jre
Default locale: en_US, platform encoding: ANSI_X3.4-1968
OS name: "linux", version: "3.13.0-29-generic", arch: "amd64", family: "unix"
travis_fold:end:system_info[0K
grep: /etc/apt/sources.list.d/*: No such file or directory
sed: cannot rename /etc/hosts: Device or resource busy
sed: cannot rename /etc/hosts: Device or resource busy
$ jdk_switcher use openjdk7
Switching to OpenJDK7 (java-1.7.0-openjdk-amd64), JAVA_HOME will be set to /usr/lib/jvm/java-7-openjdk-amd64
$ cd failed/tananaev/traccar
$ java -Xmx32m -version
java version "1.7.0_75"
OpenJDK Runtime Environment (IcedTea 2.5.4) (7u75-2.5.4-1~precise1)
OpenJDK 64-Bit Server VM (build 24.75-b04, mixed mode)
$ javac -J-Xmx32m -version
javac 1.7.0_75
travis_fold:start:install[0Ktravis_time:start:05ebfa17[0K$ mvn install -Dhttps.protocols=TLSv1.2 -Dhttps.protocols=TLSv1.2 -DskipTests=true -Dmaven.javadoc.skip=true -B -V
Apache Maven 3.2.5 (12a6b3acb947671f09b81f49094c53f426d8cea1; 2014-12-14T17:29:23+00:00)
Maven home: /usr/local/maven
Java version: 1.7.0_75, vendor: Oracle Corporation
Java home: /usr/lib/jvm/java-7-openjdk-amd64/jre
Default locale: en_US, platform encoding: UTF-8
OS name: "linux", version: "4.15.0-109-generic", arch: "amd64", family: "unix"
[INFO] Scanning for projects...
[INFO]                                                                         
[INFO] ------------------------------------------------------------------------
[INFO] Building traccar 3.2-SNAPSHOT
[INFO] ------------------------------------------------------------------------
[INFO] Downloading: https://repo.maven.apache.org/maven2/org/apache/maven/plugins/maven-resources-plugin/2.6/maven-resources-plugin-2.6.pom
[INFO] Downloaded: https://repo.maven.apache.org/maven2/org/apache/maven/plugins/maven-resources-plugin/2.6/maven-resources-plugin-2.6.pom (8 KB at 17.3 KB/sec)
[INFO] Downloading: https://repo.maven.apache.org/maven2/org/apache/maven/plugins/maven-plugins/23/maven-plugins-23.pom
[INFO] Downloaded: https://repo.maven.apache.org/maven2/org/apache/maven/plugins/maven-plugins/23/maven-plugins-23.pom (9 KB at 374.3 KB/sec)
[INFO] Downloading: https://repo.maven.apache.org/maven2/org/apache/maven/maven-parent/22/maven-parent-22.pom
[INFO] Downloaded: https://repo.maven.apache.org/maven2/org/apache/maven/maven-parent/22/maven-parent-22.pom (30 KB at 1037.4 KB/sec)
[INFO] Downloading: https://repo.maven.apache.org/maven2/org/apache/apache/11/apache-11.pom
[INFO] Downloaded: https://repo.maven.apache.org/maven2/org/apache/apache/11/apache-11.pom (15 KB at 657.4 KB/sec)
[INFO] Downloading: https://repo.maven.apache.org/maven2/org/apache/maven/plugins/maven-resources-plugin/2.6/maven-resources-plugin-2.6.jar
[INFO] Downloaded: https://repo.maven.apache.org/maven2/org/apache/maven/plugins/maven-resources-plugin/2.6/maven-resources-plugin-2.6.jar (29 KB at 739.2 KB/sec)
[INFO] Downloading: https://repo.maven.apache.org/maven2/org/apache/maven/plugins/maven-compiler-plugin/3.3/maven-compiler-plugin-3.3.pom
[INFO] Downloaded: https://repo.maven.apache.org/maven2/org/apache/maven/plugins/maven-compiler-plugin/3.3/maven-compiler-plugin-3.3.pom (12 KB at 442.3 KB/sec)
[INFO] Downloading: https://repo.maven.apache.org/maven2/org/apache/maven/plugins/maven-plugins/27/maven-plugins-27.pom
[INFO] Downloaded: https://repo.maven.apache.org/maven2/org/apache/maven/plugins/maven-plugins/27/maven-plugins-27.pom (12 KB at 528.5 KB/sec)
[INFO] Downloading: https://repo.maven.apache.org/maven2/org/apache/maven/maven-parent/26/maven-parent-26.pom
[INFO] Downloaded: https://repo.maven.apache.org/maven2/org/apache/maven/maven-parent/26/maven-parent-26.pom (39 KB at 1339.7 KB/sec)
[INFO] Downloading: https://repo.maven.apache.org/maven2/org/apache/apache/16/apache-16.pom
[INFO] Downloaded: https://repo.maven.apache.org/maven2/org/apache/apache/16/apache-16.pom (16 KB at 683.5 KB/sec)
[INFO] Downloading: https://repo.maven.apache.org/maven2/org/apache/maven/plugins/maven-compiler-plugin/3.3/maven-compiler-plugin-3.3.jar
[INFO] Downloaded: https://repo.maven.apache.org/maven2/org/apache/maven/plugins/maven-compiler-plugin/3.3/maven-compiler-plugin-3.3.jar (46 KB at 1104.3 KB/sec)
[INFO] Downloading: https://repo.maven.apache.org/maven2/org/apache/maven/plugins/maven-surefire-plugin/2.12.4/maven-surefire-plugin-2.12.4.pom
[INFO] Downloaded: https://repo.maven.apache.org/maven2/org/apache/maven/plugins/maven-surefire-plugin/2.12.4/maven-surefire-plugin-2.12.4.pom (11 KB at 465.0 KB/sec)
[INFO] Downloading: https://repo.maven.apache.org/maven2/org/apache/maven/surefire/surefire/2.12.4/surefire-2.12.4.pom
[INFO] Downloaded: https://repo.maven.apache.org/maven2/org/apache/maven/surefire/surefire/2.12.4/surefire-2.12.4.pom (14 KB at 641.3 KB/sec)
[INFO] Downloading: https://repo.maven.apache.org/maven2/org/apache/maven/plugins/maven-surefire-plugin/2.12.4/maven-surefire-plugin-2.12.4.jar
[INFO] Downloaded: https://repo.maven.apache.org/maven2/org/apache/maven/plugins/maven-surefire-plugin/2.12.4/maven-surefire-plugin-2.12.4.jar (30 KB at 959.6 KB/sec)
[INFO] Downloading: https://repo.maven.apache.org/maven2/org/apache/maven/plugins/maven-jar-plugin/2.6/maven-jar-plugin-2.6.pom
[INFO] Downloaded: https://repo.maven.apache.org/maven2/org/apache/maven/plugins/maven-jar-plugin/2.6/maven-jar-plugin-2.6.pom (6 KB at 319.8 KB/sec)
[INFO] Downloading: https://repo.maven.apache.org/maven2/org/apache/maven/plugins/maven-jar-plugin/2.6/maven-jar-plugin-2.6.jar
[INFO] Downloaded: https://repo.maven.apache.org/maven2/org/apache/maven/plugins/maven-jar-plugin/2.6/maven-jar-plugin-2.6.jar (26 KB at 1001.3 KB/sec)
[INFO] Downloading: https://repo.maven.apache.org/maven2/org/apache/maven/plugins/maven-dependency-plugin/2.10/maven-dependency-plugin-2.10.pom
[INFO] Downloaded: https://repo.maven.apache.org/maven2/org/apache/maven/plugins/maven-dependency-plugin/2.10/maven-dependency-plugin-2.10.pom (12 KB at 509.1 KB/sec)
[INFO] Downloading: https://repo.maven.apache.org/maven2/org/apache/maven/plugins/maven-dependency-plugin/2.10/maven-dependency-plugin-2.10.jar
[INFO] Downloaded: https://repo.maven.apache.org/maven2/org/apache/maven/plugins/maven-dependency-plugin/2.10/maven-dependency-plugin-2.10.jar (157 KB at 3470.9 KB/sec)
[INFO] Downloading: https://repo.maven.apache.org/maven2/org/apache/maven/plugins/maven-assembly-plugin/2.6/maven-assembly-plugin-2.6.pom
[INFO] Downloaded: https://repo.maven.apache.org/maven2/org/apache/maven/plugins/maven-assembly-plugin/2.6/maven-assembly-plugin-2.6.pom (17 KB at 731.9 KB/sec)
[INFO] Downloading: https://repo.maven.apache.org/maven2/org/apache/maven/plugins/maven-assembly-plugin/2.6/maven-assembly-plugin-2.6.jar
[INFO] Downloaded: https://repo.maven.apache.org/maven2/org/apache/maven/plugins/maven-assembly-plugin/2.6/maven-assembly-plugin-2.6.jar (240 KB at 349.2 KB/sec)
[INFO] Downloading: https://repo.maven.apache.org/maven2/org/apache/maven/plugins/maven-install-plugin/2.4/maven-install-plugin-2.4.pom
[INFO] Downloaded: https://repo.maven.apache.org/maven2/org/apache/maven/plugins/maven-install-plugin/2.4/maven-install-plugin-2.4.pom (7 KB at 366.6 KB/sec)
[INFO] Downloading: https://repo.maven.apache.org/maven2/org/apache/maven/plugins/maven-install-plugin/2.4/maven-install-plugin-2.4.jar
[INFO] Downloaded: https://repo.maven.apache.org/maven2/org/apache/maven/plugins/maven-install-plugin/2.4/maven-install-plugin-2.4.jar (27 KB at 1385.3 KB/sec)
[INFO] Downloading: http://insecure.repo1.maven.org/maven2/junit/junit/4.12/junit-4.12.pom
[INFO] Downloaded: http://insecure.repo1.maven.org/maven2/junit/junit/4.12/junit-4.12.pom (24 KB at 345.1 KB/sec)
[INFO] Downloading: http://insecure.repo1.maven.org/maven2/org/hamcrest/hamcrest-core/1.3/hamcrest-core-1.3.pom
[INFO] Downloaded: http://insecure.repo1.maven.org/maven2/org/hamcrest/hamcrest-core/1.3/hamcrest-core-1.3.pom (766 B at 35.6 KB/sec)
[INFO] Downloading: http://insecure.repo1.maven.org/maven2/org/hamcrest/hamcrest-parent/1.3/hamcrest-parent-1.3.pom
[INFO] Downloaded: http://insecure.repo1.maven.org/maven2/org/hamcrest/hamcrest-parent/1.3/hamcrest-parent-1.3.pom (2 KB at 35.7 KB/sec)
[INFO] Downloading: http://insecure.repo1.maven.org/maven2/log4j/log4j/1.2.17/log4j-1.2.17.pom
[INFO] Downloaded: http://insecure.repo1.maven.org/maven2/log4j/log4j/1.2.17/log4j-1.2.17.pom (22 KB at 758.4 KB/sec)
[INFO] Downloading: http://insecure.repo1.maven.org/maven2/joda-time/joda-time/2.9.1/joda-time-2.9.1.pom
[INFO] Downloaded: http://insecure.repo1.maven.org/maven2/joda-time/joda-time/2.9.1/joda-time-2.9.1.pom (29 KB at 1149.1 KB/sec)
[INFO] Downloading: http://insecure.repo1.maven.org/maven2/com/h2database/h2/1.4.190/h2-1.4.190.pom
[INFO] Downloaded: http://insecure.repo1.maven.org/maven2/com/h2database/h2/1.4.190/h2-1.4.190.pom (962 B at 47.0 KB/sec)
[INFO] Downloading: http://insecure.repo1.maven.org/maven2/mysql/mysql-connector-java/5.1.37/mysql-connector-java-5.1.37.pom
[INFO] Downloaded: http://insecure.repo1.maven.org/maven2/mysql/mysql-connector-java/5.1.37/mysql-connector-java-5.1.37.pom (2 KB at 46.9 KB/sec)
[INFO] Downloading: http://insecure.repo1.maven.org/maven2/org/postgresql/postgresql/9.4-1205-jdbc41/postgresql-9.4-1205-jdbc41.pom
[INFO] Downloaded: http://insecure.repo1.maven.org/maven2/org/postgresql/postgresql/9.4-1205-jdbc41/postgresql-9.4-1205-jdbc41.pom (3 KB at 129.7 KB/sec)
[INFO] Downloading: http://insecure.repo1.maven.org/maven2/com/mchange/c3p0/0.9.5.1/c3p0-0.9.5.1.pom
[INFO] Downloaded: http://insecure.repo1.maven.org/maven2/com/mchange/c3p0/0.9.5.1/c3p0-0.9.5.1.pom (2 KB at 74.6 KB/sec)
[INFO] Downloading: http://insecure.repo1.maven.org/maven2/com/mchange/mchange-commons-java/0.2.10/mchange-commons-java-0.2.10.pom
[INFO] Downloaded: http://insecure.repo1.maven.org/maven2/com/mchange/mchange-commons-java/0.2.10/mchange-commons-java-0.2.10.pom (3 KB at 142.5 KB/sec)
[INFO] Downloading: http://insecure.repo1.maven.org/maven2/io/netty/netty/3.10.5.Final/netty-3.10.5.Final.pom
[INFO] Downloaded: http://insecure.repo1.maven.org/maven2/io/netty/netty/3.10.5.Final/netty-3.10.5.Final.pom (29 KB at 1082.8 KB/sec)
[INFO] Downloading: http://insecure.repo1.maven.org/maven2/org/sonatype/oss/oss-parent/9/oss-parent-9.pom
[INFO] Downloaded: http://insecure.repo1.maven.org/maven2/org/sonatype/oss/oss-parent/9/oss-parent-9.pom (7 KB at 291.6 KB/sec)
[INFO] Downloading: http://insecure.repo1.maven.org/maven2/com/ning/async-http-client/1.9.31/async-http-client-1.9.31.pom
[INFO] Downloaded: http://insecure.repo1.maven.org/maven2/com/ning/async-http-client/1.9.31/async-http-client-1.9.31.pom (21 KB at 793.5 KB/sec)
[INFO] Downloading: http://insecure.repo1.maven.org/maven2/io/netty/netty/3.10.4.Final/netty-3.10.4.Final.pom
[INFO] Downloaded: http://insecure.repo1.maven.org/maven2/io/netty/netty/3.10.4.Final/netty-3.10.4.Final.pom (29 KB at 970.8 KB/sec)
[INFO] Downloading: http://insecure.repo1.maven.org/maven2/org/slf4j/slf4j-api/1.7.12/slf4j-api-1.7.12.pom
[INFO] Downloaded: http://insecure.repo1.maven.org/maven2/org/slf4j/slf4j-api/1.7.12/slf4j-api-1.7.12.pom (3 KB at 118.1 KB/sec)
[INFO] Downloading: http://insecure.repo1.maven.org/maven2/org/slf4j/slf4j-parent/1.7.12/slf4j-parent-1.7.12.pom
[INFO] Downloaded: http://insecure.repo1.maven.org/maven2/org/slf4j/slf4j-parent/1.7.12/slf4j-parent-1.7.12.pom (12 KB at 503.1 KB/sec)
[INFO] Downloading: http://insecure.repo1.maven.org/maven2/org/slf4j/slf4j-simple/1.7.13/slf4j-simple-1.7.13.pom
[INFO] Downloaded: http://insecure.repo1.maven.org/maven2/org/slf4j/slf4j-simple/1.7.13/slf4j-simple-1.7.13.pom (793 B at 38.7 KB/sec)
[INFO] Downloading: http://insecure.repo1.maven.org/maven2/org/slf4j/slf4j-parent/1.7.13/slf4j-parent-1.7.13.pom
[INFO] Downloaded: http://insecure.repo1.maven.org/maven2/org/slf4j/slf4j-parent/1.7.13/slf4j-parent-1.7.13.pom (14 KB at 571.6 KB/sec)
[INFO] Downloading: http://insecure.repo1.maven.org/maven2/org/slf4j/slf4j-api/1.7.13/slf4j-api-1.7.13.pom
[INFO] Downloaded: http://insecure.repo1.maven.org/maven2/org/slf4j/slf4j-api/1.7.13/slf4j-api-1.7.13.pom (3 KB at 135.5 KB/sec)
[INFO] Downloading: http://insecure.repo1.maven.org/maven2/org/glassfish/javax.json/1.0.4/javax.json-1.0.4.pom
[INFO] Downloaded: http://insecure.repo1.maven.org/maven2/org/glassfish/javax.json/1.0.4/javax.json-1.0.4.pom (10 KB at 392.0 KB/sec)
[INFO] Downloading: http://insecure.repo1.maven.org/maven2/org/glassfish/json/1.0.4/json-1.0.4.pom
[INFO] Downloaded: http://insecure.repo1.maven.org/maven2/org/glassfish/json/1.0.4/json-1.0.4.pom (11 KB at 470.1 KB/sec)
[INFO] Downloading: http://insecure.repo1.maven.org/maven2/net/java/jvnet-parent/3/jvnet-parent-3.pom
[INFO] Downloaded: http://insecure.repo1.maven.org/maven2/net/java/jvnet-parent/3/jvnet-parent-3.pom (5 KB at 233.8 KB/sec)
[INFO] Downloading: http://insecure.repo1.maven.org/maven2/org/eclipse/jetty/jetty-server/9.2.14.v20151106/jetty-server-9.2.14.v20151106.pom
[INFO] Downloaded: http://insecure.repo1.maven.org/maven2/org/eclipse/jetty/jetty-server/9.2.14.v20151106/jetty-server-9.2.14.v20151106.pom (5 KB at 166.9 KB/sec)
[INFO] Downloading: http://insecure.repo1.maven.org/maven2/org/eclipse/jetty/jetty-project/9.2.14.v20151106/jetty-project-9.2.14.v20151106.pom
[INFO] Downloaded: http://insecure.repo1.maven.org/maven2/org/eclipse/jetty/jetty-project/9.2.14.v20151106/jetty-project-9.2.14.v20151106.pom (37 KB at 1271.0 KB/sec)
[INFO] Downloading: http://insecure.repo1.maven.org/maven2/org/eclipse/jetty/jetty-parent/23/jetty-parent-23.pom
[INFO] Downloaded: http://insecure.repo1.maven.org/maven2/org/eclipse/jetty/jetty-parent/23/jetty-parent-23.pom (22 KB at 856.0 KB/sec)
[INFO] Downloading: http://insecure.repo1.maven.org/maven2/javax/servlet/javax.servlet-api/3.1.0/javax.servlet-api-3.1.0.pom
[INFO] Downloaded: http://insecure.repo1.maven.org/maven2/javax/servlet/javax.servlet-api/3.1.0/javax.servlet-api-3.1.0.pom (14 KB at 528.4 KB/sec)
[INFO] Downloading: http://insecure.repo1.maven.org/maven2/org/eclipse/jetty/jetty-http/9.2.14.v20151106/jetty-http-9.2.14.v20151106.pom
[INFO] Downloaded: http://insecure.repo1.maven.org/maven2/org/eclipse/jetty/jetty-http/9.2.14.v20151106/jetty-http-9.2.14.v20151106.pom (3 KB at 117.4 KB/sec)
[INFO] Downloading: http://insecure.repo1.maven.org/maven2/org/eclipse/jetty/jetty-util/9.2.14.v20151106/jetty-util-9.2.14.v20151106.pom
[INFO] Downloaded: http://insecure.repo1.maven.org/maven2/org/eclipse/jetty/jetty-util/9.2.14.v20151106/jetty-util-9.2.14.v20151106.pom (4 KB at 167.3 KB/sec)
[INFO] Downloading: http://insecure.repo1.maven.org/maven2/org/eclipse/jetty/jetty-io/9.2.14.v20151106/jetty-io-9.2.14.v20151106.pom
[INFO] Downloaded: http://insecure.repo1.maven.org/maven2/org/eclipse/jetty/jetty-io/9.2.14.v20151106/jetty-io-9.2.14.v20151106.pom (3 KB at 106.4 KB/sec)
[INFO] Downloading: http://insecure.repo1.maven.org/maven2/org/eclipse/jetty/jetty-servlet/9.2.14.v20151106/jetty-servlet-9.2.14.v20151106.pom
[INFO] Downloaded: http://insecure.repo1.maven.org/maven2/org/eclipse/jetty/jetty-servlet/9.2.14.v20151106/jetty-servlet-9.2.14.v20151106.pom (4 KB at 152.7 KB/sec)
[INFO] Downloading: http://insecure.repo1.maven.org/maven2/org/eclipse/jetty/jetty-security/9.2.14.v20151106/jetty-security-9.2.14.v20151106.pom
[INFO] Downloaded: http://insecure.repo1.maven.org/maven2/org/eclipse/jetty/jetty-security/9.2.14.v20151106/jetty-security-9.2.14.v20151106.pom (3 KB at 123.3 KB/sec)
[INFO] Downloading: http://insecure.repo1.maven.org/maven2/org/eclipse/jetty/jetty-webapp/9.2.14.v20151106/jetty-webapp-9.2.14.v20151106.pom
[INFO] Downloaded: http://insecure.repo1.maven.org/maven2/org/eclipse/jetty/jetty-webapp/9.2.14.v20151106/jetty-webapp-9.2.14.v20151106.pom (4 KB at 150.2 KB/sec)
[INFO] Downloading: http://insecure.repo1.maven.org/maven2/org/eclipse/jetty/jetty-xml/9.2.14.v20151106/jetty-xml-9.2.14.v20151106.pom
[INFO] Downloaded: http://insecure.repo1.maven.org/maven2/org/eclipse/jetty/jetty-xml/9.2.14.v20151106/jetty-xml-9.2.14.v20151106.pom (2 KB at 89.8 KB/sec)
[INFO] Downloading: http://insecure.repo1.maven.org/maven2/org/eclipse/jetty/jetty-jndi/9.2.14.v20151106/jetty-jndi-9.2.14.v20151106.pom
[INFO] Downloaded: http://insecure.repo1.maven.org/maven2/org/eclipse/jetty/jetty-jndi/9.2.14.v20151106/jetty-jndi-9.2.14.v20151106.pom (4 KB at 147.3 KB/sec)
[INFO] Downloading: http://insecure.repo1.maven.org/maven2/org/glassfish/jersey/containers/jersey-container-servlet/2.22.1/jersey-container-servlet-2.22.1.pom
[INFO] Downloaded: http://insecure.repo1.maven.org/maven2/org/glassfish/jersey/containers/jersey-container-servlet/2.22.1/jersey-container-servlet-2.22.1.pom (5 KB at 206.4 KB/sec)
[INFO] Downloading: http://insecure.repo1.maven.org/maven2/org/glassfish/jersey/containers/project/2.22.1/project-2.22.1.pom
[INFO] Downloaded: http://insecure.repo1.maven.org/maven2/org/glassfish/jersey/containers/project/2.22.1/project-2.22.1.pom (4 KB at 176.8 KB/sec)
[INFO] Downloading: http://insecure.repo1.maven.org/maven2/org/glassfish/jersey/project/2.22.1/project-2.22.1.pom
[INFO] Downloaded: http://insecure.repo1.maven.org/maven2/org/glassfish/jersey/project/2.22.1/project-2.22.1.pom (82 KB at 2097.4 KB/sec)
[INFO] Downloading: http://insecure.repo1.maven.org/maven2/net/java/jvnet-parent/4/jvnet-parent-4.pom
[INFO] Downloaded: http://insecure.repo1.maven.org/maven2/net/java/jvnet-parent/4/jvnet-parent-4.pom (8 KB at 360.7 KB/sec)
[INFO] Downloading: http://insecure.repo1.maven.org/maven2/org/glassfish/hk2/hk2-bom/2.4.0-b31/hk2-bom-2.4.0-b31.pom
[INFO] Downloaded: http://insecure.repo1.maven.org/maven2/org/glassfish/hk2/hk2-bom/2.4.0-b31/hk2-bom-2.4.0-b31.pom (21 KB at 784.9 KB/sec)
[INFO] Downloading: http://insecure.repo1.maven.org/maven2/net/java/jvnet-parent/5/jvnet-parent-5.pom
[INFO] Downloaded: http://insecure.repo1.maven.org/maven2/net/java/jvnet-parent/5/jvnet-parent-5.pom (9 KB at 393.4 KB/sec)
[INFO] Downloading: http://insecure.repo1.maven.org/maven2/org/glassfish/jersey/containers/jersey-container-servlet-core/2.22.1/jersey-container-servlet-core-2.22.1.pom
[INFO] Downloaded: http://insecure.repo1.maven.org/maven2/org/glassfish/jersey/containers/jersey-container-servlet-core/2.22.1/jersey-container-servlet-core-2.22.1.pom (5 KB at 216.9 KB/sec)
[INFO] Downloading: http://insecure.repo1.maven.org/maven2/org/glassfish/hk2/external/javax.inject/2.4.0-b31/javax.inject-2.4.0-b31.pom
[INFO] Downloaded: http://insecure.repo1.maven.org/maven2/org/glassfish/hk2/external/javax.inject/2.4.0-b31/javax.inject-2.4.0-b31.pom (7 KB at 275.7 KB/sec)
[INFO] Downloading: http://insecure.repo1.maven.org/maven2/org/glassfish/hk2/external/2.4.0-b31/external-2.4.0-b31.pom
[INFO] Downloaded: http://insecure.repo1.maven.org/maven2/org/glassfish/hk2/external/2.4.0-b31/external-2.4.0-b31.pom (3 KB at 135.9 KB/sec)
[INFO] Downloading: http://insecure.repo1.maven.org/maven2/org/glassfish/hk2/hk2-parent/2.4.0-b31/hk2-parent-2.4.0-b31.pom
[INFO] Downloaded: http://insecure.repo1.maven.org/maven2/org/glassfish/hk2/hk2-parent/2.4.0-b31/hk2-parent-2.4.0-b31.pom (47 KB at 1504.5 KB/sec)
[INFO] Downloading: http://insecure.repo1.maven.org/maven2/org/glassfish/jersey/core/jersey-common/2.22.1/jersey-common-2.22.1.pom
[INFO] Downloaded: http://insecure.repo1.maven.org/maven2/org/glassfish/jersey/core/jersey-common/2.22.1/jersey-common-2.22.1.pom (11 KB at 376.2 KB/sec)
[INFO] Downloading: http://insecure.repo1.maven.org/maven2/javax/ws/rs/javax.ws.rs-api/2.0.1/javax.ws.rs-api-2.0.1.pom
[INFO] Downloaded: http://insecure.repo1.maven.org/maven2/javax/ws/rs/javax.ws.rs-api/2.0.1/javax.ws.rs-api-2.0.1.pom (21 KB at 804.3 KB/sec)
[INFO] Downloading: http://insecure.repo1.maven.org/maven2/javax/annotation/javax.annotation-api/1.2/javax.annotation-api-1.2.pom
[INFO] Downloaded: http://insecure.repo1.maven.org/maven2/javax/annotation/javax.annotation-api/1.2/javax.annotation-api-1.2.pom (14 KB at 524.7 KB/sec)
[INFO] Downloading: http://insecure.repo1.maven.org/maven2/org/glassfish/jersey/bundles/repackaged/jersey-guava/2.22.1/jersey-guava-2.22.1.pom
[INFO] Downloaded: http://insecure.repo1.maven.org/maven2/org/glassfish/jersey/bundles/repackaged/jersey-guava/2.22.1/jersey-guava-2.22.1.pom (13 KB at 513.4 KB/sec)
[INFO] Downloading: http://insecure.repo1.maven.org/maven2/org/glassfish/jersey/bundles/repackaged/project/2.22.1/project-2.22.1.pom
[INFO] Downloaded: http://insecure.repo1.maven.org/maven2/org/glassfish/jersey/bundles/repackaged/project/2.22.1/project-2.22.1.pom (3 KB at 129.8 KB/sec)
[INFO] Downloading: http://insecure.repo1.maven.org/maven2/org/glassfish/jersey/bundles/project/2.22.1/project-2.22.1.pom
[INFO] Downloaded: http://insecure.repo1.maven.org/maven2/org/glassfish/jersey/bundles/project/2.22.1/project-2.22.1.pom (4 KB at 117.0 KB/sec)
[INFO] Downloading: http://insecure.repo1.maven.org/maven2/org/glassfish/hk2/hk2-api/2.4.0-b31/hk2-api-2.4.0-b31.pom
[INFO] Downloaded: http://insecure.repo1.maven.org/maven2/org/glassfish/hk2/hk2-api/2.4.0-b31/hk2-api-2.4.0-b31.pom (5 KB at 202.4 KB/sec)
[INFO] Downloading: http://insecure.repo1.maven.org/maven2/org/glassfish/hk2/hk2-utils/2.4.0-b31/hk2-utils-2.4.0-b31.pom
[INFO] Downloaded: http://insecure.repo1.maven.org/maven2/org/glassfish/hk2/hk2-utils/2.4.0-b31/hk2-utils-2.4.0-b31.pom (6 KB at 228.6 KB/sec)
[INFO] Downloading: http://insecure.repo1.maven.org/maven2/org/glassfish/hk2/external/aopalliance-repackaged/2.4.0-b31/aopalliance-repackaged-2.4.0-b31.pom
[INFO] Downloaded: http://insecure.repo1.maven.org/maven2/org/glassfish/hk2/external/aopalliance-repackaged/2.4.0-b31/aopalliance-repackaged-2.4.0-b31.pom (7 KB at 300.5 KB/sec)
[INFO] Downloading: http://insecure.repo1.maven.org/maven2/org/glassfish/hk2/hk2-locator/2.4.0-b31/hk2-locator-2.4.0-b31.pom
[INFO] Downloaded: http://insecure.repo1.maven.org/maven2/org/glassfish/hk2/hk2-locator/2.4.0-b31/hk2-locator-2.4.0-b31.pom (6 KB at 247.1 KB/sec)
[INFO] Downloading: http://insecure.repo1.maven.org/maven2/javax/inject/javax.inject/1/javax.inject-1.pom
[INFO] Downloaded: http://insecure.repo1.maven.org/maven2/javax/inject/javax.inject/1/javax.inject-1.pom (612 B at 29.9 KB/sec)
[INFO] Downloading: http://insecure.repo1.maven.org/maven2/org/javassist/javassist/3.18.1-GA/javassist-3.18.1-GA.pom
[INFO] Downloaded: http://insecure.repo1.maven.org/maven2/org/javassist/javassist/3.18.1-GA/javassist-3.18.1-GA.pom (10 KB at 404.3 KB/sec)
[INFO] Downloading: http://insecure.repo1.maven.org/maven2/org/glassfish/hk2/osgi-resource-locator/1.0.1/osgi-resource-locator-1.0.1.pom
[INFO] Downloaded: http://insecure.repo1.maven.org/maven2/org/glassfish/hk2/osgi-resource-locator/1.0.1/osgi-resource-locator-1.0.1.pom (7 KB at 274.7 KB/sec)
[INFO] Downloading: http://insecure.repo1.maven.org/maven2/org/glassfish/pom/8/pom-8.pom
[INFO] Downloaded: http://insecure.repo1.maven.org/maven2/org/glassfish/pom/8/pom-8.pom (11 KB at 447.9 KB/sec)
[INFO] Downloading: http://insecure.repo1.maven.org/maven2/org/glassfish/jersey/core/jersey-server/2.22.1/jersey-server-2.22.1.pom
[INFO] Downloaded: http://insecure.repo1.maven.org/maven2/org/glassfish/jersey/core/jersey-server/2.22.1/jersey-server-2.22.1.pom (13 KB at 501.8 KB/sec)
[INFO] Downloading: http://insecure.repo1.maven.org/maven2/org/glassfish/jersey/core/jersey-client/2.22.1/jersey-client-2.22.1.pom
[INFO] Downloaded: http://insecure.repo1.maven.org/maven2/org/glassfish/jersey/core/jersey-client/2.22.1/jersey-client-2.22.1.pom (8 KB at 328.2 KB/sec)
[INFO] Downloading: http://insecure.repo1.maven.org/maven2/org/glassfish/jersey/media/jersey-media-jaxb/2.22.1/jersey-media-jaxb-2.22.1.pom
[INFO] Downloaded: http://insecure.repo1.maven.org/maven2/org/glassfish/jersey/media/jersey-media-jaxb/2.22.1/jersey-media-jaxb-2.22.1.pom (7 KB at 303.2 KB/sec)
[INFO] Downloading: http://insecure.repo1.maven.org/maven2/org/glassfish/jersey/media/project/2.22.1/project-2.22.1.pom
[INFO] Downloaded: http://insecure.repo1.maven.org/maven2/org/glassfish/jersey/media/project/2.22.1/project-2.22.1.pom (3 KB at 146.4 KB/sec)
[INFO] Downloading: http://insecure.repo1.maven.org/maven2/javax/validation/validation-api/1.1.0.Final/validation-api-1.1.0.Final.pom
[INFO] Downloaded: http://insecure.repo1.maven.org/maven2/javax/validation/validation-api/1.1.0.Final/validation-api-1.1.0.Final.pom (8 KB at 348.9 KB/sec)
[INFO] Downloading: http://insecure.repo1.maven.org/maven2/org/glassfish/jersey/media/jersey-media-json-jackson/2.22.1/jersey-media-json-jackson-2.22.1.pom
[INFO] Downloaded: http://insecure.repo1.maven.org/maven2/org/glassfish/jersey/media/jersey-media-json-jackson/2.22.1/jersey-media-json-jackson-2.22.1.pom (5 KB at 24.3 KB/sec)
[INFO] Downloading: http://insecure.repo1.maven.org/maven2/org/glassfish/jersey/ext/jersey-entity-filtering/2.22.1/jersey-entity-filtering-2.22.1.pom
[INFO] Downloaded: http://insecure.repo1.maven.org/maven2/org/glassfish/jersey/ext/jersey-entity-filtering/2.22.1/jersey-entity-filtering-2.22.1.pom (5 KB at 212.3 KB/sec)
[INFO] Downloading: http://insecure.repo1.maven.org/maven2/org/glassfish/jersey/ext/project/2.22.1/project-2.22.1.pom
[INFO] Downloaded: http://insecure.repo1.maven.org/maven2/org/glassfish/jersey/ext/project/2.22.1/project-2.22.1.pom (4 KB at 186.5 KB/sec)
[INFO] Downloading: http://insecure.repo1.maven.org/maven2/com/fasterxml/jackson/jaxrs/jackson-jaxrs-base/2.5.4/jackson-jaxrs-base-2.5.4.pom
[INFO] Downloaded: http://insecure.repo1.maven.org/maven2/com/fasterxml/jackson/jaxrs/jackson-jaxrs-base/2.5.4/jackson-jaxrs-base-2.5.4.pom (2 KB at 89.5 KB/sec)
[INFO] Downloading: http://insecure.repo1.maven.org/maven2/com/fasterxml/jackson/jaxrs/jackson-jaxrs-providers/2.5.4/jackson-jaxrs-providers-2.5.4.pom
[INFO] Downloaded: http://insecure.repo1.maven.org/maven2/com/fasterxml/jackson/jaxrs/jackson-jaxrs-providers/2.5.4/jackson-jaxrs-providers-2.5.4.pom (4 KB at 179.4 KB/sec)
[INFO] Downloading: http://insecure.repo1.maven.org/maven2/com/fasterxml/jackson/jackson-parent/2.5.1/jackson-parent-2.5.1.pom
[INFO] Downloaded: http://insecure.repo1.maven.org/maven2/com/fasterxml/jackson/jackson-parent/2.5.1/jackson-parent-2.5.1.pom (8 KB at 345.5 KB/sec)
[INFO] Downloading: http://insecure.repo1.maven.org/maven2/com/fasterxml/oss-parent/19/oss-parent-19.pom
[INFO] Downloaded: http://insecure.repo1.maven.org/maven2/com/fasterxml/oss-parent/19/oss-parent-19.pom (19 KB at 746.8 KB/sec)
[INFO] Downloading: http://insecure.repo1.maven.org/maven2/com/fasterxml/jackson/core/jackson-core/2.5.4/jackson-core-2.5.4.pom
[INFO] Downloaded: http://insecure.repo1.maven.org/maven2/com/fasterxml/jackson/core/jackson-core/2.5.4/jackson-core-2.5.4.pom (5 KB at 194.2 KB/sec)
[INFO] Downloading: http://insecure.repo1.maven.org/maven2/com/fasterxml/jackson/core/jackson-databind/2.5.4/jackson-databind-2.5.4.pom
[INFO] Downloaded: http://insecure.repo1.maven.org/maven2/com/fasterxml/jackson/core/jackson-databind/2.5.4/jackson-databind-2.5.4.pom (6 KB at 260.1 KB/sec)
[INFO] Downloading: http://insecure.repo1.maven.org/maven2/com/fasterxml/jackson/core/jackson-annotations/2.5.0/jackson-annotations-2.5.0.pom
[INFO] Downloaded: http://insecure.repo1.maven.org/maven2/com/fasterxml/jackson/core/jackson-annotations/2.5.0/jackson-annotations-2.5.0.pom (2 KB at 56.6 KB/sec)
[INFO] Downloading: http://insecure.repo1.maven.org/maven2/com/fasterxml/jackson/jackson-parent/2.5/jackson-parent-2.5.pom
[INFO] Downloaded: http://insecure.repo1.maven.org/maven2/com/fasterxml/jackson/jackson-parent/2.5/jackson-parent-2.5.pom (8 KB at 331.4 KB/sec)
[INFO] Downloading: http://insecure.repo1.maven.org/maven2/com/fasterxml/oss-parent/18/oss-parent-18.pom
[INFO] Downloaded: http://insecure.repo1.maven.org/maven2/com/fasterxml/oss-parent/18/oss-parent-18.pom (19 KB at 715.7 KB/sec)
[INFO] Downloading: http://insecure.repo1.maven.org/maven2/com/fasterxml/jackson/jaxrs/jackson-jaxrs-json-provider/2.5.4/jackson-jaxrs-json-provider-2.5.4.pom
[INFO] Downloaded: http://insecure.repo1.maven.org/maven2/com/fasterxml/jackson/jaxrs/jackson-jaxrs-json-provider/2.5.4/jackson-jaxrs-json-provider-2.5.4.pom (4 KB at 128.9 KB/sec)
[INFO] Downloading: http://insecure.repo1.maven.org/maven2/com/fasterxml/jackson/module/jackson-module-jaxb-annotations/2.5.4/jackson-module-jaxb-annotations-2.5.4.pom
[INFO] Downloaded: http://insecure.repo1.maven.org/maven2/com/fasterxml/jackson/module/jackson-module-jaxb-annotations/2.5.4/jackson-module-jaxb-annotations-2.5.4.pom (5 KB at 201.0 KB/sec)
[INFO] Downloading: http://insecure.repo1.maven.org/maven2/com/fasterxml/jackson/core/jackson-annotations/2.5.4/jackson-annotations-2.5.4.pom
[INFO] Downloaded: http://insecure.repo1.maven.org/maven2/com/fasterxml/jackson/core/jackson-annotations/2.5.4/jackson-annotations-2.5.4.pom (2 KB at 56.7 KB/sec)
[INFO] Downloading: http://insecure.repo1.maven.org/maven2/junit/junit/4.12/junit-4.12.jar
[INFO] Downloading: http://insecure.repo1.maven.org/maven2/org/hamcrest/hamcrest-core/1.3/hamcrest-core-1.3.jar
[INFO] Downloading: http://insecure.repo1.maven.org/maven2/log4j/log4j/1.2.17/log4j-1.2.17.jar
[INFO] Downloading: http://insecure.repo1.maven.org/maven2/joda-time/joda-time/2.9.1/joda-time-2.9.1.jar
[INFO] Downloading: http://insecure.repo1.maven.org/maven2/com/h2database/h2/1.4.190/h2-1.4.190.jar
[INFO] Downloaded: http://insecure.repo1.maven.org/maven2/junit/junit/4.12/junit-4.12.jar (308 KB at 9045.6 KB/sec)
[INFO] Downloading: http://insecure.repo1.maven.org/maven2/mysql/mysql-connector-java/5.1.37/mysql-connector-java-5.1.37.jar
[INFO] Downloaded: http://insecure.repo1.maven.org/maven2/mysql/mysql-connector-java/5.1.37/mysql-connector-java-5.1.37.jar (963 KB at 13368.1 KB/sec)
[INFO] Downloading: http://insecure.repo1.maven.org/maven2/org/postgresql/postgresql/9.4-1205-jdbc41/postgresql-9.4-1205-jdbc41.jar
[INFO] Downloaded: http://insecure.repo1.maven.org/maven2/org/postgresql/postgresql/9.4-1205-jdbc41/postgresql-9.4-1205-jdbc41.jar (643 KB at 5843.1 KB/sec)
[INFO] Downloading: http://insecure.repo1.maven.org/maven2/com/mchange/c3p0/0.9.5.1/c3p0-0.9.5.1.jar
[INFO] Downloaded: http://insecure.repo1.maven.org/maven2/com/mchange/c3p0/0.9.5.1/c3p0-0.9.5.1.jar (487 KB at 3627.7 KB/sec)
[INFO] Downloading: http://insecure.repo1.maven.org/maven2/com/mchange/mchange-commons-java/0.2.10/mchange-commons-java-0.2.10.jar
[INFO] Downloaded: http://insecure.repo1.maven.org/maven2/com/mchange/mchange-commons-java/0.2.10/mchange-commons-java-0.2.10.jar (593 KB at 3483.4 KB/sec)
[INFO] Downloading: http://insecure.repo1.maven.org/maven2/io/netty/netty/3.10.5.Final/netty-3.10.5.Final.jar
[INFO] Downloaded: http://insecure.repo1.maven.org/maven2/org/hamcrest/hamcrest-core/1.3/hamcrest-core-1.3.jar (44 KB at 236.4 KB/sec)
[INFO] Downloading: http://insecure.repo1.maven.org/maven2/com/ning/async-http-client/1.9.31/async-http-client-1.9.31.jar
[INFO] Downloaded: http://insecure.repo1.maven.org/maven2/io/netty/netty/3.10.5.Final/netty-3.10.5.Final.jar (1300 KB at 6014.9 KB/sec)
[INFO] Downloading: http://insecure.repo1.maven.org/maven2/org/slf4j/slf4j-api/1.7.12/slf4j-api-1.7.12.jar
[INFO] Downloaded: http://insecure.repo1.maven.org/maven2/org/slf4j/slf4j-api/1.7.12/slf4j-api-1.7.12.jar (32 KB at 134.7 KB/sec)
[INFO] Downloading: http://insecure.repo1.maven.org/maven2/org/slf4j/slf4j-simple/1.7.13/slf4j-simple-1.7.13.jar
[INFO] Downloaded: http://insecure.repo1.maven.org/maven2/org/slf4j/slf4j-simple/1.7.13/slf4j-simple-1.7.13.jar (11 KB at 41.6 KB/sec)
[INFO] Downloading: http://insecure.repo1.maven.org/maven2/org/glassfish/javax.json/1.0.4/javax.json-1.0.4.jar
[INFO] Downloaded: http://insecure.repo1.maven.org/maven2/org/glassfish/javax.json/1.0.4/javax.json-1.0.4.jar (84 KB at 312.6 KB/sec)
[INFO] Downloading: http://insecure.repo1.maven.org/maven2/org/eclipse/jetty/jetty-server/9.2.14.v20151106/jetty-server-9.2.14.v20151106.jar
[INFO] Downloaded: http://insecure.repo1.maven.org/maven2/org/eclipse/jetty/jetty-server/9.2.14.v20151106/jetty-server-9.2.14.v20151106.jar (410 KB at 1406.5 KB/sec)
[INFO] Downloading: http://insecure.repo1.maven.org/maven2/javax/servlet/javax.servlet-api/3.1.0/javax.servlet-api-3.1.0.jar
[INFO] Downloaded: http://insecure.repo1.maven.org/maven2/javax/servlet/javax.servlet-api/3.1.0/javax.servlet-api-3.1.0.jar (94 KB at 303.8 KB/sec)
[INFO] Downloading: http://insecure.repo1.maven.org/maven2/org/eclipse/jetty/jetty-http/9.2.14.v20151106/jetty-http-9.2.14.v20151106.jar
[INFO] Downloaded: http://insecure.repo1.maven.org/maven2/org/eclipse/jetty/jetty-http/9.2.14.v20151106/jetty-http-9.2.14.v20151106.jar (104 KB at 315.2 KB/sec)
[INFO] Downloading: http://insecure.repo1.maven.org/maven2/org/eclipse/jetty/jetty-io/9.2.14.v20151106/jetty-io-9.2.14.v20151106.jar
[INFO] Downloaded: http://insecure.repo1.maven.org/maven2/org/eclipse/jetty/jetty-io/9.2.14.v20151106/jetty-io-9.2.14.v20151106.jar (106 KB at 305.7 KB/sec)
[INFO] Downloading: http://insecure.repo1.maven.org/maven2/org/eclipse/jetty/jetty-servlet/9.2.14.v20151106/jetty-servlet-9.2.14.v20151106.jar
[INFO] Downloaded: http://insecure.repo1.maven.org/maven2/org/eclipse/jetty/jetty-servlet/9.2.14.v20151106/jetty-servlet-9.2.14.v20151106.jar (114 KB at 309.6 KB/sec)
[INFO] Downloading: http://insecure.repo1.maven.org/maven2/org/eclipse/jetty/jetty-security/9.2.14.v20151106/jetty-security-9.2.14.v20151106.jar
[INFO] Downloaded: http://insecure.repo1.maven.org/maven2/org/eclipse/jetty/jetty-security/9.2.14.v20151106/jetty-security-9.2.14.v20151106.jar (94 KB at 244.0 KB/sec)
[INFO] Downloading: http://insecure.repo1.maven.org/maven2/org/eclipse/jetty/jetty-webapp/9.2.14.v20151106/jetty-webapp-9.2.14.v20151106.jar
[INFO] Downloaded: http://insecure.repo1.maven.org/maven2/org/eclipse/jetty/jetty-webapp/9.2.14.v20151106/jetty-webapp-9.2.14.v20151106.jar (106 KB at 260.7 KB/sec)
[INFO] Downloading: http://insecure.repo1.maven.org/maven2/org/eclipse/jetty/jetty-xml/9.2.14.v20151106/jetty-xml-9.2.14.v20151106.jar
[INFO] Downloaded: http://insecure.repo1.maven.org/maven2/org/eclipse/jetty/jetty-xml/9.2.14.v20151106/jetty-xml-9.2.14.v20151106.jar (44 KB at 102.6 KB/sec)
[INFO] Downloading: http://insecure.repo1.maven.org/maven2/org/eclipse/jetty/jetty-jndi/9.2.14.v20151106/jetty-jndi-9.2.14.v20151106.jar
[INFO] Downloaded: http://insecure.repo1.maven.org/maven2/org/eclipse/jetty/jetty-jndi/9.2.14.v20151106/jetty-jndi-9.2.14.v20151106.jar (41 KB at 92.0 KB/sec)
[INFO] Downloading: http://insecure.repo1.maven.org/maven2/org/eclipse/jetty/jetty-util/9.2.14.v20151106/jetty-util-9.2.14.v20151106.jar
[INFO] Downloaded: http://insecure.repo1.maven.org/maven2/org/eclipse/jetty/jetty-util/9.2.14.v20151106/jetty-util-9.2.14.v20151106.jar (353 KB at 765.0 KB/sec)
[INFO] Downloading: http://insecure.repo1.maven.org/maven2/org/glassfish/jersey/containers/jersey-container-servlet/2.22.1/jersey-container-servlet-2.22.1.jar
[INFO] Downloaded: http://insecure.repo1.maven.org/maven2/org/glassfish/jersey/containers/jersey-container-servlet/2.22.1/jersey-container-servlet-2.22.1.jar (17 KB at 33.9 KB/sec)
[INFO] Downloading: http://insecure.repo1.maven.org/maven2/org/glassfish/jersey/containers/jersey-container-servlet-core/2.22.1/jersey-container-servlet-core-2.22.1.jar
[INFO] Downloaded: http://insecure.repo1.maven.org/maven2/org/glassfish/jersey/containers/jersey-container-servlet-core/2.22.1/jersey-container-servlet-core-2.22.1.jar (64 KB at 127.8 KB/sec)
[INFO] Downloading: http://insecure.repo1.maven.org/maven2/org/glassfish/hk2/external/javax.inject/2.4.0-b31/javax.inject-2.4.0-b31.jar
[INFO] Downloaded: http://insecure.repo1.maven.org/maven2/org/glassfish/hk2/external/javax.inject/2.4.0-b31/javax.inject-2.4.0-b31.jar (6 KB at 11.4 KB/sec)
[INFO] Downloading: http://insecure.repo1.maven.org/maven2/org/glassfish/jersey/core/jersey-common/2.22.1/jersey-common-2.22.1.jar
[INFO] Downloaded: http://insecure.repo1.maven.org/maven2/org/glassfish/jersey/core/jersey-common/2.22.1/jersey-common-2.22.1.jar (680 KB at 1251.7 KB/sec)
[INFO] Downloading: http://insecure.repo1.maven.org/maven2/javax/annotation/javax.annotation-api/1.2/javax.annotation-api-1.2.jar
[INFO] Downloaded: http://insecure.repo1.maven.org/maven2/javax/annotation/javax.annotation-api/1.2/javax.annotation-api-1.2.jar (26 KB at 45.2 KB/sec)
[INFO] Downloading: http://insecure.repo1.maven.org/maven2/org/glassfish/jersey/bundles/repackaged/jersey-guava/2.22.1/jersey-guava-2.22.1.jar
[INFO] Downloaded: http://insecure.repo1.maven.org/maven2/org/glassfish/jersey/bundles/repackaged/jersey-guava/2.22.1/jersey-guava-2.22.1.jar (949 KB at 1573.0 KB/sec)
[INFO] Downloading: http://insecure.repo1.maven.org/maven2/org/glassfish/hk2/hk2-api/2.4.0-b31/hk2-api-2.4.0-b31.jar
[INFO] Downloaded: http://insecure.repo1.maven.org/maven2/org/glassfish/hk2/hk2-api/2.4.0-b31/hk2-api-2.4.0-b31.jar (169 KB at 272.1 KB/sec)
[INFO] Downloading: http://insecure.repo1.maven.org/maven2/org/glassfish/hk2/hk2-utils/2.4.0-b31/hk2-utils-2.4.0-b31.jar
[INFO] Downloaded: http://insecure.repo1.maven.org/maven2/org/glassfish/hk2/hk2-utils/2.4.0-b31/hk2-utils-2.4.0-b31.jar (99 KB at 155.0 KB/sec)
[INFO] Downloading: http://insecure.repo1.maven.org/maven2/org/glassfish/hk2/external/aopalliance-repackaged/2.4.0-b31/aopalliance-repackaged-2.4.0-b31.jar
[INFO] Downloaded: http://insecure.repo1.maven.org/maven2/org/glassfish/hk2/external/aopalliance-repackaged/2.4.0-b31/aopalliance-repackaged-2.4.0-b31.jar (15 KB at 22.1 KB/sec)
[INFO] Downloading: http://insecure.repo1.maven.org/maven2/org/glassfish/hk2/hk2-locator/2.4.0-b31/hk2-locator-2.4.0-b31.jar
[INFO] Downloaded: http://insecure.repo1.maven.org/maven2/org/glassfish/hk2/hk2-locator/2.4.0-b31/hk2-locator-2.4.0-b31.jar (176 KB at 261.9 KB/sec)
[INFO] Downloading: http://insecure.repo1.maven.org/maven2/org/javassist/javassist/3.18.1-GA/javassist-3.18.1-GA.jar
[INFO] Downloaded: http://insecure.repo1.maven.org/maven2/org/javassist/javassist/3.18.1-GA/javassist-3.18.1-GA.jar (698 KB at 997.8 KB/sec)
[INFO] Downloading: http://insecure.repo1.maven.org/maven2/org/glassfish/hk2/osgi-resource-locator/1.0.1/osgi-resource-locator-1.0.1.jar
[INFO] Downloaded: http://insecure.repo1.maven.org/maven2/org/glassfish/hk2/osgi-resource-locator/1.0.1/osgi-resource-locator-1.0.1.jar (20 KB at 27.6 KB/sec)
[INFO] Downloading: http://insecure.repo1.maven.org/maven2/org/glassfish/jersey/core/jersey-server/2.22.1/jersey-server-2.22.1.jar
[INFO] Downloaded: http://insecure.repo1.maven.org/maven2/org/glassfish/jersey/core/jersey-server/2.22.1/jersey-server-2.22.1.jar (930 KB at 1234.2 KB/sec)
[INFO] Downloading: http://insecure.repo1.maven.org/maven2/org/glassfish/jersey/core/jersey-client/2.22.1/jersey-client-2.22.1.jar
[INFO] Downloaded: http://insecure.repo1.maven.org/maven2/org/glassfish/jersey/core/jersey-client/2.22.1/jersey-client-2.22.1.jar (160 KB at 207.0 KB/sec)
[INFO] Downloading: http://insecure.repo1.maven.org/maven2/org/glassfish/jersey/media/jersey-media-jaxb/2.22.1/jersey-media-jaxb-2.22.1.jar
[INFO] Downloaded: http://insecure.repo1.maven.org/maven2/org/glassfish/jersey/media/jersey-media-jaxb/2.22.1/jersey-media-jaxb-2.22.1.jar (72 KB at 90.3 KB/sec)
[INFO] Downloading: http://insecure.repo1.maven.org/maven2/javax/validation/validation-api/1.1.0.Final/validation-api-1.1.0.Final.jar
[INFO] Downloaded: http://insecure.repo1.maven.org/maven2/javax/validation/validation-api/1.1.0.Final/validation-api-1.1.0.Final.jar (63 KB at 77.4 KB/sec)
[INFO] Downloading: http://insecure.repo1.maven.org/maven2/javax/ws/rs/javax.ws.rs-api/2.0.1/javax.ws.rs-api-2.0.1.jar
[INFO] Downloaded: http://insecure.repo1.maven.org/maven2/javax/ws/rs/javax.ws.rs-api/2.0.1/javax.ws.rs-api-2.0.1.jar (113 KB at 137.1 KB/sec)
[INFO] Downloading: http://insecure.repo1.maven.org/maven2/org/glassfish/jersey/media/jersey-media-json-jackson/2.22.1/jersey-media-json-jackson-2.22.1.jar
[INFO] Downloaded: http://insecure.repo1.maven.org/maven2/org/glassfish/jersey/media/jersey-media-json-jackson/2.22.1/jersey-media-json-jackson-2.22.1.jar (22 KB at 25.3 KB/sec)
[INFO] Downloading: http://insecure.repo1.maven.org/maven2/org/glassfish/jersey/ext/jersey-entity-filtering/2.22.1/jersey-entity-filtering-2.22.1.jar
[INFO] Downloaded: http://insecure.repo1.maven.org/maven2/org/glassfish/jersey/ext/jersey-entity-filtering/2.22.1/jersey-entity-filtering-2.22.1.jar (69 KB at 80.0 KB/sec)
[INFO] Downloading: http://insecure.repo1.maven.org/maven2/com/fasterxml/jackson/jaxrs/jackson-jaxrs-base/2.5.4/jackson-jaxrs-base-2.5.4.jar
[INFO] Downloaded: http://insecure.repo1.maven.org/maven2/log4j/log4j/1.2.17/log4j-1.2.17.jar (479 KB at 550.5 KB/sec)
[INFO] Downloading: http://insecure.repo1.maven.org/maven2/com/fasterxml/jackson/core/jackson-core/2.5.4/jackson-core-2.5.4.jar
[INFO] Downloaded: http://insecure.repo1.maven.org/maven2/com/fasterxml/jackson/jaxrs/jackson-jaxrs-base/2.5.4/jackson-jaxrs-base-2.5.4.jar (29 KB at 32.3 KB/sec)
[INFO] Downloading: http://insecure.repo1.maven.org/maven2/com/fasterxml/jackson/core/jackson-databind/2.5.4/jackson-databind-2.5.4.jar
[INFO] Downloaded: http://insecure.repo1.maven.org/maven2/com/fasterxml/jackson/core/jackson-databind/2.5.4/jackson-databind-2.5.4.jar (1118 KB at 1223.7 KB/sec)
[INFO] Downloading: http://insecure.repo1.maven.org/maven2/com/fasterxml/jackson/jaxrs/jackson-jaxrs-json-provider/2.5.4/jackson-jaxrs-json-provider-2.5.4.jar
[INFO] Downloaded: http://insecure.repo1.maven.org/maven2/com/fasterxml/jackson/jaxrs/jackson-jaxrs-json-provider/2.5.4/jackson-jaxrs-json-provider-2.5.4.jar (17 KB at 17.6 KB/sec)
[INFO] Downloading: http://insecure.repo1.maven.org/maven2/com/fasterxml/jackson/module/jackson-module-jaxb-annotations/2.5.4/jackson-module-jaxb-annotations-2.5.4.jar
[INFO] Downloaded: http://insecure.repo1.maven.org/maven2/com/fasterxml/jackson/module/jackson-module-jaxb-annotations/2.5.4/jackson-module-jaxb-annotations-2.5.4.jar (32 KB at 33.7 KB/sec)
[INFO] Downloading: http://insecure.repo1.maven.org/maven2/com/fasterxml/jackson/core/jackson-annotations/2.5.4/jackson-annotations-2.5.4.jar
[INFO] Downloaded: http://insecure.repo1.maven.org/maven2/com/fasterxml/jackson/core/jackson-annotations/2.5.4/jackson-annotations-2.5.4.jar (39 KB at 40.5 KB/sec)
[INFO] Downloaded: http://insecure.repo1.maven.org/maven2/com/ning/async-http-client/1.9.31/async-http-client-1.9.31.jar (723 KB at 638.1 KB/sec)
[INFO] Downloaded: http://insecure.repo1.maven.org/maven2/joda-time/joda-time/2.9.1/joda-time-2.9.1.jar (612 KB at 507.3 KB/sec)
[INFO] Downloaded: http://insecure.repo1.maven.org/maven2/com/fasterxml/jackson/core/jackson-core/2.5.4/jackson-core-2.5.4.jar (225 KB at 186.2 KB/sec)
[INFO] Downloaded: http://insecure.repo1.maven.org/maven2/com/h2database/h2/1.4.190/h2-1.4.190.jar (1669 KB at 752.8 KB/sec)
[INFO] 
[INFO] --- maven-resources-plugin:2.6:resources (default-resources) @ traccar ---
[INFO] Downloading: https://repo.maven.apache.org/maven2/org/apache/maven/maven-plugin-api/2.0.6/maven-plugin-api-2.0.6.pom
[INFO] Downloaded: https://repo.maven.apache.org/maven2/org/apache/maven/maven-plugin-api/2.0.6/maven-plugin-api-2.0.6.pom (2 KB at 88.8 KB/sec)
[INFO] Downloading: https://repo.maven.apache.org/maven2/org/apache/maven/maven/2.0.6/maven-2.0.6.pom
[INFO] Downloaded: https://repo.maven.apache.org/maven2/org/apache/maven/maven/2.0.6/maven-2.0.6.pom (9 KB at 490.8 KB/sec)
[INFO] Downloading: https://repo.maven.apache.org/maven2/org/apache/maven/maven-parent/5/maven-parent-5.pom
[INFO] Downloaded: https://repo.maven.apache.org/maven2/org/apache/maven/maven-parent/5/maven-parent-5.pom (15 KB at 826.7 KB/sec)
[INFO] Downloading: https://repo.maven.apache.org/maven2/org/apache/apache/3/apache-3.pom
[INFO] Downloaded: https://repo.maven.apache.org/maven2/org/apache/apache/3/apache-3.pom (4 KB at 209.4 KB/sec)
[INFO] Downloading: https://repo.maven.apache.org/maven2/org/apache/maven/maven-project/2.0.6/maven-project-2.0.6.pom
[INFO] Downloaded: https://repo.maven.apache.org/maven2/org/apache/maven/maven-project/2.0.6/maven-project-2.0.6.pom (3 KB at 151.5 KB/sec)
[INFO] Downloading: https://repo.maven.apache.org/maven2/org/apache/maven/maven-settings/2.0.6/maven-settings-2.0.6.pom
[INFO] Downloaded: https://repo.maven.apache.org/maven2/org/apache/maven/maven-settings/2.0.6/maven-settings-2.0.6.pom (2 KB at 130.3 KB/sec)
[INFO] Downloading: https://repo.maven.apache.org/maven2/org/apache/maven/maven-model/2.0.6/maven-model-2.0.6.pom
[INFO] Downloaded: https://repo.maven.apache.org/maven2/org/apache/maven/maven-model/2.0.6/maven-model-2.0.6.pom (3 KB at 156.6 KB/sec)
[INFO] Downloading: https://repo.maven.apache.org/maven2/org/codehaus/plexus/plexus-utils/1.4.1/plexus-utils-1.4.1.pom
[INFO] Downloaded: https://repo.maven.apache.org/maven2/org/codehaus/plexus/plexus-utils/1.4.1/plexus-utils-1.4.1.pom (2 KB at 116.5 KB/sec)
[INFO] Downloading: https://repo.maven.apache.org/maven2/org/codehaus/plexus/plexus/1.0.11/plexus-1.0.11.pom
[INFO] Downloaded: https://repo.maven.apache.org/maven2/org/codehaus/plexus/plexus/1.0.11/plexus-1.0.11.pom (9 KB at 547.4 KB/sec)
[INFO] Downloading: https://repo.maven.apache.org/maven2/org/codehaus/plexus/plexus-container-default/1.0-alpha-9-stable-1/plexus-container-default-1.0-alpha-9-stable-1.pom
[INFO] Downloaded: https://repo.maven.apache.org/maven2/org/codehaus/plexus/plexus-container-default/1.0-alpha-9-stable-1/plexus-container-default-1.0-alpha-9-stable-1.pom (4 KB at 203.0 KB/sec)
[INFO] Downloading: https://repo.maven.apache.org/maven2/org/codehaus/plexus/plexus-containers/1.0.3/plexus-containers-1.0.3.pom
[INFO] Downloaded: https://repo.maven.apache.org/maven2/org/codehaus/plexus/plexus-containers/1.0.3/plexus-containers-1.0.3.pom (492 B at 30.0 KB/sec)
[INFO] Downloading: https://repo.maven.apache.org/maven2/org/codehaus/plexus/plexus/1.0.4/plexus-1.0.4.pom
[INFO] Downloaded: https://repo.maven.apache.org/maven2/org/codehaus/plexus/plexus/1.0.4/plexus-1.0.4.pom (6 KB at 350.2 KB/sec)
[INFO] Downloading: https://repo.maven.apache.org/maven2/junit/junit/3.8.1/junit-3.8.1.pom
[INFO] Downloaded: https://repo.maven.apache.org/maven2/junit/junit/3.8.1/junit-3.8.1.pom (998 B at 60.9 KB/sec)
[INFO] Downloading: https://repo.maven.apache.org/maven2/org/codehaus/plexus/plexus-utils/1.0.4/plexus-utils-1.0.4.pom
[INFO] Downloaded: https://repo.maven.apache.org/maven2/org/codehaus/plexus/plexus-utils/1.0.4/plexus-utils-1.0.4.pom (7 KB at 352.4 KB/sec)
[INFO] Downloading: https://repo.maven.apache.org/maven2/classworlds/classworlds/1.1-alpha-2/classworlds-1.1-alpha-2.pom
[INFO] Downloaded: https://repo.maven.apache.org/maven2/classworlds/classworlds/1.1-alpha-2/classworlds-1.1-alpha-2.pom (4 KB at 190.9 KB/sec)
[INFO] Downloading: https://repo.maven.apache.org/maven2/org/apache/maven/maven-profile/2.0.6/maven-profile-2.0.6.pom
[INFO] Downloaded: https://repo.maven.apache.org/maven2/org/apache/maven/maven-profile/2.0.6/maven-profile-2.0.6.pom (2 KB at 128.9 KB/sec)
[INFO] Downloading: https://repo.maven.apache.org/maven2/org/apache/maven/maven-artifact-manager/2.0.6/maven-artifact-manager-2.0.6.pom
[INFO] Downloaded: https://repo.maven.apache.org/maven2/org/apache/maven/maven-artifact-manager/2.0.6/maven-artifact-manager-2.0.6.pom (3 KB at 150.6 KB/sec)
[INFO] Downloading: https://repo.maven.apache.org/maven2/org/apache/maven/maven-repository-metadata/2.0.6/maven-repository-metadata-2.0.6.pom
[INFO] Downloaded: https://repo.maven.apache.org/maven2/org/apache/maven/maven-repository-metadata/2.0.6/maven-repository-metadata-2.0.6.pom (2 KB at 106.3 KB/sec)
[INFO] Downloading: https://repo.maven.apache.org/maven2/org/apache/maven/maven-artifact/2.0.6/maven-artifact-2.0.6.pom
[INFO] Downloaded: https://repo.maven.apache.org/maven2/org/apache/maven/maven-artifact/2.0.6/maven-artifact-2.0.6.pom (2 KB at 70.0 KB/sec)
[INFO] Downloading: https://repo.maven.apache.org/maven2/org/apache/maven/maven-plugin-registry/2.0.6/maven-plugin-registry-2.0.6.pom
[INFO] Downloaded: https://repo.maven.apache.org/maven2/org/apache/maven/maven-plugin-registry/2.0.6/maven-plugin-registry-2.0.6.pom (2 KB at 111.8 KB/sec)
[INFO] Downloading: https://repo.maven.apache.org/maven2/org/apache/maven/maven-core/2.0.6/maven-core-2.0.6.pom
[INFO] Downloaded: https://repo.maven.apache.org/maven2/org/apache/maven/maven-core/2.0.6/maven-core-2.0.6.pom (7 KB at 436.9 KB/sec)
[INFO] Downloading: https://repo.maven.apache.org/maven2/org/apache/maven/maven-plugin-parameter-documenter/2.0.6/maven-plugin-parameter-documenter-2.0.6.pom
[INFO] Downloaded: https://repo.maven.apache.org/maven2/org/apache/maven/maven-plugin-parameter-documenter/2.0.6/maven-plugin-parameter-documenter-2.0.6.pom (2 KB at 84.8 KB/sec)
[INFO] Downloading: https://repo.maven.apache.org/maven2/org/apache/maven/reporting/maven-reporting-api/2.0.6/maven-reporting-api-2.0.6.pom
[INFO] Downloaded: https://repo.maven.apache.org/maven2/org/apache/maven/reporting/maven-reporting-api/2.0.6/maven-reporting-api-2.0.6.pom (2 KB at 114.1 KB/sec)
[INFO] Downloading: https://repo.maven.apache.org/maven2/org/apache/maven/reporting/maven-reporting/2.0.6/maven-reporting-2.0.6.pom
[INFO] Downloaded: https://repo.maven.apache.org/maven2/org/apache/maven/reporting/maven-reporting/2.0.6/maven-reporting-2.0.6.pom (2 KB at 74.0 KB/sec)
[INFO] Downloading: https://repo.maven.apache.org/maven2/org/apache/maven/doxia/doxia-sink-api/1.0-alpha-7/doxia-sink-api-1.0-alpha-7.pom
[INFO] Downloaded: https://repo.maven.apache.org/maven2/org/apache/maven/doxia/doxia-sink-api/1.0-alpha-7/doxia-sink-api-1.0-alpha-7.pom (424 B at 27.6 KB/sec)
[INFO] Downloading: https://repo.maven.apache.org/maven2/org/apache/maven/doxia/doxia/1.0-alpha-7/doxia-1.0-alpha-7.pom
[INFO] Downloaded: https://repo.maven.apache.org/maven2/org/apache/maven/doxia/doxia/1.0-alpha-7/doxia-1.0-alpha-7.pom (4 KB at 224.8 KB/sec)
[INFO] Downloading: https://repo.maven.apache.org/maven2/org/apache/maven/maven-error-diagnostics/2.0.6/maven-error-diagnostics-2.0.6.pom
[INFO] Downloaded: https://repo.maven.apache.org/maven2/org/apache/maven/maven-error-diagnostics/2.0.6/maven-error-diagnostics-2.0.6.pom (2 KB at 104.0 KB/sec)
[INFO] Downloading: https://repo.maven.apache.org/maven2/commons-cli/commons-cli/1.0/commons-cli-1.0.pom
[INFO] Downloaded: https://repo.maven.apache.org/maven2/commons-cli/commons-cli/1.0/commons-cli-1.0.pom (3 KB at 137.0 KB/sec)
[INFO] Downloading: https://repo.maven.apache.org/maven2/org/apache/maven/maven-plugin-descriptor/2.0.6/maven-plugin-descriptor-2.0.6.pom
[INFO] Downloaded: https://repo.maven.apache.org/maven2/org/apache/maven/maven-plugin-descriptor/2.0.6/maven-plugin-descriptor-2.0.6.pom (2 KB at 131.4 KB/sec)
[INFO] Downloading: https://repo.maven.apache.org/maven2/org/codehaus/plexus/plexus-interactivity-api/1.0-alpha-4/plexus-interactivity-api-1.0-alpha-4.pom
[INFO] Downloaded: https://repo.maven.apache.org/maven2/org/codehaus/plexus/plexus-interactivity-api/1.0-alpha-4/plexus-interactivity-api-1.0-alpha-4.pom (7 KB at 384.7 KB/sec)
[INFO] Downloading: https://repo.maven.apache.org/maven2/org/apache/maven/maven-monitor/2.0.6/maven-monitor-2.0.6.pom
[INFO] Downloaded: https://repo.maven.apache.org/maven2/org/apache/maven/maven-monitor/2.0.6/maven-monitor-2.0.6.pom (2 KB at 76.5 KB/sec)
[INFO] Downloading: https://repo.maven.apache.org/maven2/classworlds/classworlds/1.1/classworlds-1.1.pom
[INFO] Downloaded: https://repo.maven.apache.org/maven2/classworlds/classworlds/1.1/classworlds-1.1.pom (4 KB at 216.4 KB/sec)
[INFO] Downloading: https://repo.maven.apache.org/maven2/org/codehaus/plexus/plexus-utils/2.0.5/plexus-utils-2.0.5.pom
[INFO] Downloaded: https://repo.maven.apache.org/maven2/org/codehaus/plexus/plexus-utils/2.0.5/plexus-utils-2.0.5.pom (4 KB at 191.5 KB/sec)
[INFO] Downloading: https://repo.maven.apache.org/maven2/org/codehaus/plexus/plexus/2.0.6/plexus-2.0.6.pom
[INFO] Downloaded: https://repo.maven.apache.org/maven2/org/codehaus/plexus/plexus/2.0.6/plexus-2.0.6.pom (17 KB at 962.9 KB/sec)
[INFO] Downloading: https://repo.maven.apache.org/maven2/org/apache/maven/shared/maven-filtering/1.1/maven-filtering-1.1.pom
[INFO] Downloaded: https://repo.maven.apache.org/maven2/org/apache/maven/shared/maven-filtering/1.1/maven-filtering-1.1.pom (6 KB at 332.5 KB/sec)
[INFO] Downloading: https://repo.maven.apache.org/maven2/org/apache/maven/shared/maven-shared-components/17/maven-shared-components-17.pom
[INFO] Downloaded: https://repo.maven.apache.org/maven2/org/apache/maven/shared/maven-shared-components/17/maven-shared-components-17.pom (9 KB at 566.5 KB/sec)
[INFO] Downloading: https://repo.maven.apache.org/maven2/org/apache/maven/maven-parent/21/maven-parent-21.pom
[INFO] Downloaded: https://repo.maven.apache.org/maven2/org/apache/maven/maven-parent/21/maven-parent-21.pom (26 KB at 1608.8 KB/sec)
[INFO] Downloading: https://repo.maven.apache.org/maven2/org/apache/apache/10/apache-10.pom
[INFO] Downloaded: https://repo.maven.apache.org/maven2/org/apache/apache/10/apache-10.pom (15 KB at 903.3 KB/sec)
[INFO] Downloading: https://repo.maven.apache.org/maven2/org/codehaus/plexus/plexus-utils/1.5.15/plexus-utils-1.5.15.pom
[INFO] Downloaded: https://repo.maven.apache.org/maven2/org/codehaus/plexus/plexus-utils/1.5.15/plexus-utils-1.5.15.pom (7 KB at 371.6 KB/sec)
[INFO] Downloading: https://repo.maven.apache.org/maven2/org/codehaus/plexus/plexus/2.0.2/plexus-2.0.2.pom
[INFO] Downloaded: https://repo.maven.apache.org/maven2/org/codehaus/plexus/plexus/2.0.2/plexus-2.0.2.pom (12 KB at 708.6 KB/sec)
[INFO] Downloading: https://repo.maven.apache.org/maven2/org/codehaus/plexus/plexus-interpolation/1.12/plexus-interpolation-1.12.pom
[INFO] Downloaded: https://repo.maven.apache.org/maven2/org/codehaus/plexus/plexus-interpolation/1.12/plexus-interpolation-1.12.pom (889 B at 57.9 KB/sec)
[INFO] Downloading: https://repo.maven.apache.org/maven2/org/codehaus/plexus/plexus-components/1.1.14/plexus-components-1.1.14.pom
[INFO] Downloaded: https://repo.maven.apache.org/maven2/org/codehaus/plexus/plexus-components/1.1.14/plexus-components-1.1.14.pom (6 KB at 380.3 KB/sec)
[INFO] Downloading: https://repo.maven.apache.org/maven2/org/sonatype/plexus/plexus-build-api/0.0.4/plexus-build-api-0.0.4.pom
[INFO] Downloaded: https://repo.maven.apache.org/maven2/org/sonatype/plexus/plexus-build-api/0.0.4/plexus-build-api-0.0.4.pom (3 KB at 186.4 KB/sec)
[INFO] Downloading: https://repo.maven.apache.org/maven2/org/sonatype/spice/spice-parent/10/spice-parent-10.pom
[INFO] Downloaded: https://repo.maven.apache.org/maven2/org/sonatype/spice/spice-parent/10/spice-parent-10.pom (3 KB at 163.6 KB/sec)
[INFO] Downloading: https://repo.maven.apache.org/maven2/org/sonatype/forge/forge-parent/3/forge-parent-3.pom
[INFO] Downloaded: https://repo.maven.apache.org/maven2/org/sonatype/forge/forge-parent/3/forge-parent-3.pom (5 KB at 258.7 KB/sec)
[INFO] Downloading: https://repo.maven.apache.org/maven2/org/codehaus/plexus/plexus-utils/1.5.8/plexus-utils-1.5.8.pom
[INFO] Downloaded: https://repo.maven.apache.org/maven2/org/codehaus/plexus/plexus-utils/1.5.8/plexus-utils-1.5.8.pom (8 KB at 437.4 KB/sec)
[INFO] Downloading: https://repo.maven.apache.org/maven2/org/codehaus/plexus/plexus-interpolation/1.13/plexus-interpolation-1.13.pom
[INFO] Downloaded: https://repo.maven.apache.org/maven2/org/codehaus/plexus/plexus-interpolation/1.13/plexus-interpolation-1.13.pom (890 B at 51.1 KB/sec)
[INFO] Downloading: https://repo.maven.apache.org/maven2/org/codehaus/plexus/plexus-components/1.1.15/plexus-components-1.1.15.pom
[INFO] Downloaded: https://repo.maven.apache.org/maven2/org/codehaus/plexus/plexus-components/1.1.15/plexus-components-1.1.15.pom (3 KB at 185.4 KB/sec)
[INFO] Downloading: https://repo.maven.apache.org/maven2/org/codehaus/plexus/plexus/2.0.3/plexus-2.0.3.pom
[INFO] Downloaded: https://repo.maven.apache.org/maven2/org/codehaus/plexus/plexus/2.0.3/plexus-2.0.3.pom (16 KB at 943.7 KB/sec)
[INFO] Downloading: https://repo.maven.apache.org/maven2/org/apache/maven/reporting/maven-reporting-api/2.0.6/maven-reporting-api-2.0.6.jar
[INFO] Downloading: https://repo.maven.apache.org/maven2/org/apache/maven/doxia/doxia-sink-api/1.0-alpha-7/doxia-sink-api-1.0-alpha-7.jar
[INFO] Downloading: https://repo.maven.apache.org/maven2/commons-cli/commons-cli/1.0/commons-cli-1.0.jar
[INFO] Downloading: https://repo.maven.apache.org/maven2/org/codehaus/plexus/plexus-interactivity-api/1.0-alpha-4/plexus-interactivity-api-1.0-alpha-4.jar
[INFO] Downloading: https://repo.maven.apache.org/maven2/junit/junit/3.8.1/junit-3.8.1.jar
[INFO] Downloaded: https://repo.maven.apache.org/maven2/org/apache/maven/doxia/doxia-sink-api/1.0-alpha-7/doxia-sink-api-1.0-alpha-7.jar (6 KB at 214.7 KB/sec)
[INFO] Downloading: https://repo.maven.apache.org/maven2/org/codehaus/plexus/plexus-utils/2.0.5/plexus-utils-2.0.5.jar
[INFO] Downloaded: https://repo.maven.apache.org/maven2/org/apache/maven/reporting/maven-reporting-api/2.0.6/maven-reporting-api-2.0.6.jar (10 KB at 156.6 KB/sec)
[INFO] Downloading: https://repo.maven.apache.org/maven2/org/apache/maven/shared/maven-filtering/1.1/maven-filtering-1.1.jar
[INFO] Downloaded: https://repo.maven.apache.org/maven2/junit/junit/3.8.1/junit-3.8.1.jar (119 KB at 1819.0 KB/sec)
[INFO] Downloading: https://repo.maven.apache.org/maven2/org/sonatype/plexus/plexus-build-api/0.0.4/plexus-build-api-0.0.4.jar
[INFO] Downloaded: https://repo.maven.apache.org/maven2/org/codehaus/plexus/plexus-interactivity-api/1.0-alpha-4/plexus-interactivity-api-1.0-alpha-4.jar (14 KB at 195.4 KB/sec)
[INFO] Downloading: https://repo.maven.apache.org/maven2/org/codehaus/plexus/plexus-interpolation/1.13/plexus-interpolation-1.13.jar
[INFO] Downloaded: https://repo.maven.apache.org/maven2/commons-cli/commons-cli/1.0/commons-cli-1.0.jar (30 KB at 414.2 KB/sec)
[INFO] Downloaded: https://repo.maven.apache.org/maven2/org/apache/maven/shared/maven-filtering/1.1/maven-filtering-1.1.jar (43 KB at 489.5 KB/sec)
[INFO] Downloaded: https://repo.maven.apache.org/maven2/org/sonatype/plexus/plexus-build-api/0.0.4/plexus-build-api-0.0.4.jar (7 KB at 71.5 KB/sec)
[INFO] Downloaded: https://repo.maven.apache.org/maven2/org/codehaus/plexus/plexus-interpolation/1.13/plexus-interpolation-1.13.jar (60 KB at 527.7 KB/sec)
[INFO] Downloaded: https://repo.maven.apache.org/maven2/org/codehaus/plexus/plexus-utils/2.0.5/plexus-utils-2.0.5.jar (218 KB at 1716.1 KB/sec)
[INFO] Using 'UTF-8' encoding to copy filtered resources.
[INFO] Copying 0 resource
[INFO] 
[INFO] --- maven-compiler-plugin:3.3:compile (default-compile) @ traccar ---
[INFO] Downloading: https://repo.maven.apache.org/maven2/org/apache/maven/maven-plugin-api/2.2.1/maven-plugin-api-2.2.1.pom
[INFO] Downloaded: https://repo.maven.apache.org/maven2/org/apache/maven/maven-plugin-api/2.2.1/maven-plugin-api-2.2.1.pom (2 KB at 89.1 KB/sec)
[INFO] Downloading: https://repo.maven.apache.org/maven2/org/apache/maven/maven/2.2.1/maven-2.2.1.pom
[INFO] Downloaded: https://repo.maven.apache.org/maven2/org/apache/maven/maven/2.2.1/maven-2.2.1.pom (22 KB at 1215.8 KB/sec)
[INFO] Downloading: https://repo.maven.apache.org/maven2/org/apache/maven/maven-parent/11/maven-parent-11.pom
[INFO] Downloaded: https://repo.maven.apache.org/maven2/org/apache/maven/maven-parent/11/maven-parent-11.pom (32 KB at 1758.3 KB/sec)
[INFO] Downloading: https://repo.maven.apache.org/maven2/org/apache/apache/5/apache-5.pom
[INFO] Downloaded: https://repo.maven.apache.org/maven2/org/apache/apache/5/apache-5.pom (5 KB at 266.7 KB/sec)
[INFO] Downloading: https://repo.maven.apache.org/maven2/org/apache/maven/maven-artifact/2.2.1/maven-artifact-2.2.1.pom
[INFO] Downloaded: https://repo.maven.apache.org/maven2/org/apache/maven/maven-artifact/2.2.1/maven-artifact-2.2.1.pom (2 KB at 96.5 KB/sec)
[INFO] Downloading: https://repo.maven.apache.org/maven2/org/apache/maven/maven-core/2.2.1/maven-core-2.2.1.pom
[INFO] Downloaded: https://repo.maven.apache.org/maven2/org/apache/maven/maven-core/2.2.1/maven-core-2.2.1.pom (12 KB at 710.0 KB/sec)
[INFO] Downloading: https://repo.maven.apache.org/maven2/org/apache/maven/maven-settings/2.2.1/maven-settings-2.2.1.pom
[INFO] Downloaded: https://repo.maven.apache.org/maven2/org/apache/maven/maven-settings/2.2.1/maven-settings-2.2.1.pom (3 KB at 141.9 KB/sec)
[INFO] Downloading: https://repo.maven.apache.org/maven2/org/apache/maven/maven-model/2.2.1/maven-model-2.2.1.pom
[INFO] Downloaded: https://repo.maven.apache.org/maven2/org/apache/maven/maven-model/2.2.1/maven-model-2.2.1.pom (4 KB at 197.8 KB/sec)
[INFO] Downloading: https://repo.maven.apache.org/maven2/org/codehaus/plexus/plexus-interpolation/1.11/plexus-interpolation-1.11.pom
[INFO] Downloaded: https://repo.maven.apache.org/maven2/org/codehaus/plexus/plexus-interpolation/1.11/plexus-interpolation-1.11.pom (889 B at 62.0 KB/sec)
[INFO] Downloading: https://repo.maven.apache.org/maven2/org/apache/maven/maven-plugin-parameter-documenter/2.2.1/maven-plugin-parameter-documenter-2.2.1.pom
[INFO] Downloaded: https://repo.maven.apache.org/maven2/org/apache/maven/maven-plugin-parameter-documenter/2.2.1/maven-plugin-parameter-documenter-2.2.1.pom (2 KB at 127.4 KB/sec)
[INFO] Downloading: https://repo.maven.apache.org/maven2/org/slf4j/slf4j-jdk14/1.5.6/slf4j-jdk14-1.5.6.pom
[INFO] Downloaded: https://repo.maven.apache.org/maven2/org/slf4j/slf4j-jdk14/1.5.6/slf4j-jdk14-1.5.6.pom (2 KB at 97.6 KB/sec)
[INFO] Downloading: https://repo.maven.apache.org/maven2/org/slf4j/slf4j-parent/1.5.6/slf4j-parent-1.5.6.pom
[INFO] Downloaded: https://repo.maven.apache.org/maven2/org/slf4j/slf4j-parent/1.5.6/slf4j-parent-1.5.6.pom (8 KB at 515.6 KB/sec)
[INFO] Downloading: https://repo.maven.apache.org/maven2/org/slf4j/slf4j-api/1.5.6/slf4j-api-1.5.6.pom
[INFO] Downloaded: https://repo.maven.apache.org/maven2/org/slf4j/slf4j-api/1.5.6/slf4j-api-1.5.6.pom (3 KB at 194.3 KB/sec)
[INFO] Downloading: https://repo.maven.apache.org/maven2/org/slf4j/jcl-over-slf4j/1.5.6/jcl-over-slf4j-1.5.6.pom
[INFO] Downloaded: https://repo.maven.apache.org/maven2/org/slf4j/jcl-over-slf4j/1.5.6/jcl-over-slf4j-1.5.6.pom (3 KB at 84.7 KB/sec)
[INFO] Downloading: https://repo.maven.apache.org/maven2/org/apache/maven/maven-profile/2.2.1/maven-profile-2.2.1.pom
[INFO] Downloaded: https://repo.maven.apache.org/maven2/org/apache/maven/maven-profile/2.2.1/maven-profile-2.2.1.pom (3 KB at 106.0 KB/sec)
[INFO] Downloading: https://repo.maven.apache.org/maven2/org/apache/maven/maven-repository-metadata/2.2.1/maven-repository-metadata-2.2.1.pom
[INFO] Downloaded: https://repo.maven.apache.org/maven2/org/apache/maven/maven-repository-metadata/2.2.1/maven-repository-metadata-2.2.1.pom (2 KB at 96.2 KB/sec)
[INFO] Downloading: https://repo.maven.apache.org/maven2/org/apache/maven/maven-error-diagnostics/2.2.1/maven-error-diagnostics-2.2.1.pom
[INFO] Downloaded: https://repo.maven.apache.org/maven2/org/apache/maven/maven-error-diagnostics/2.2.1/maven-error-diagnostics-2.2.1.pom (2 KB at 92.7 KB/sec)
[INFO] Downloading: https://repo.maven.apache.org/maven2/org/apache/maven/maven-project/2.2.1/maven-project-2.2.1.pom
[INFO] Downloaded: https://repo.maven.apache.org/maven2/org/apache/maven/maven-project/2.2.1/maven-project-2.2.1.pom (3 KB at 169.3 KB/sec)
[INFO] Downloading: https://repo.maven.apache.org/maven2/org/apache/maven/maven-artifact-manager/2.2.1/maven-artifact-manager-2.2.1.pom
[INFO] Downloaded: https://repo.maven.apache.org/maven2/org/apache/maven/maven-artifact-manager/2.2.1/maven-artifact-manager-2.2.1.pom (4 KB at 144.3 KB/sec)
[INFO] Downloading: https://repo.maven.apache.org/maven2/backport-util-concurrent/backport-util-concurrent/3.1/backport-util-concurrent-3.1.pom
[INFO] Downloaded: https://repo.maven.apache.org/maven2/backport-util-concurrent/backport-util-concurrent/3.1/backport-util-concurrent-3.1.pom (880 B at 53.7 KB/sec)
[INFO] Downloading: https://repo.maven.apache.org/maven2/org/apache/maven/maven-plugin-registry/2.2.1/maven-plugin-registry-2.2.1.pom
[INFO] Downloaded: https://repo.maven.apache.org/maven2/org/apache/maven/maven-plugin-registry/2.2.1/maven-plugin-registry-2.2.1.pom (2 KB at 110.8 KB/sec)
[INFO] Downloading: https://repo.maven.apache.org/maven2/org/apache/maven/maven-plugin-descriptor/2.2.1/maven-plugin-descriptor-2.2.1.pom
[INFO] Downloaded: https://repo.maven.apache.org/maven2/org/apache/maven/maven-plugin-descriptor/2.2.1/maven-plugin-descriptor-2.2.1.pom (3 KB at 134.4 KB/sec)
[INFO] Downloading: https://repo.maven.apache.org/maven2/org/apache/maven/maven-monitor/2.2.1/maven-monitor-2.2.1.pom
[INFO] Downloaded: https://repo.maven.apache.org/maven2/org/apache/maven/maven-monitor/2.2.1/maven-monitor-2.2.1.pom (2 KB at 68.2 KB/sec)
[INFO] Downloading: https://repo.maven.apache.org/maven2/org/sonatype/plexus/plexus-sec-dispatcher/1.3/plexus-sec-dispatcher-1.3.pom
[INFO] Downloaded: https://repo.maven.apache.org/maven2/org/sonatype/plexus/plexus-sec-dispatcher/1.3/plexus-sec-dispatcher-1.3.pom (3 KB at 125.7 KB/sec)
[INFO] Downloading: https://repo.maven.apache.org/maven2/org/sonatype/spice/spice-parent/12/spice-parent-12.pom
[INFO] Downloaded: https://repo.maven.apache.org/maven2/org/sonatype/spice/spice-parent/12/spice-parent-12.pom (7 KB at 349.4 KB/sec)
[INFO] Downloading: https://repo.maven.apache.org/maven2/org/sonatype/forge/forge-parent/4/forge-parent-4.pom
[INFO] Downloaded: https://repo.maven.apache.org/maven2/org/sonatype/forge/forge-parent/4/forge-parent-4.pom (9 KB at 410.0 KB/sec)
[INFO] Downloading: https://repo.maven.apache.org/maven2/org/codehaus/plexus/plexus-utils/1.5.5/plexus-utils-1.5.5.pom
[INFO] Downloaded: https://repo.maven.apache.org/maven2/org/codehaus/plexus/plexus-utils/1.5.5/plexus-utils-1.5.5.pom (6 KB at 314.1 KB/sec)
[INFO] Downloading: https://repo.maven.apache.org/maven2/org/sonatype/plexus/plexus-cipher/1.4/plexus-cipher-1.4.pom
[INFO] Downloaded: https://repo.maven.apache.org/maven2/org/sonatype/plexus/plexus-cipher/1.4/plexus-cipher-1.4.pom (3 KB at 100.8 KB/sec)
[INFO] Downloading: https://repo.maven.apache.org/maven2/org/apache/maven/maven-toolchain/2.2.1/maven-toolchain-2.2.1.pom
[INFO] Downloaded: https://repo.maven.apache.org/maven2/org/apache/maven/maven-toolchain/2.2.1/maven-toolchain-2.2.1.pom (4 KB at 171.9 KB/sec)
[INFO] Downloading: https://repo.maven.apache.org/maven2/org/apache/maven/reporting/maven-reporting-api/2.2.1/maven-reporting-api-2.2.1.pom
[INFO] Downloaded: https://repo.maven.apache.org/maven2/org/apache/maven/reporting/maven-reporting-api/2.2.1/maven-reporting-api-2.2.1.pom (2 KB at 106.4 KB/sec)
[INFO] Downloading: https://repo.maven.apache.org/maven2/org/apache/maven/reporting/maven-reporting/2.2.1/maven-reporting-2.2.1.pom
[INFO] Downloaded: https://repo.maven.apache.org/maven2/org/apache/maven/reporting/maven-reporting/2.2.1/maven-reporting-2.2.1.pom (2 KB at 82.9 KB/sec)
[INFO] Downloading: https://repo.maven.apache.org/maven2/org/apache/maven/doxia/doxia-sink-api/1.1/doxia-sink-api-1.1.pom
[INFO] Downloaded: https://repo.maven.apache.org/maven2/org/apache/maven/doxia/doxia-sink-api/1.1/doxia-sink-api-1.1.pom (2 KB at 124.5 KB/sec)
[INFO] Downloading: https://repo.maven.apache.org/maven2/org/apache/maven/doxia/doxia/1.1/doxia-1.1.pom
[INFO] Downloaded: https://repo.maven.apache.org/maven2/org/apache/maven/doxia/doxia/1.1/doxia-1.1.pom (15 KB at 926.4 KB/sec)
[INFO] Downloading: https://repo.maven.apache.org/maven2/org/apache/maven/doxia/doxia-logging-api/1.1/doxia-logging-api-1.1.pom
[INFO] Downloaded: https://repo.maven.apache.org/maven2/org/apache/maven/doxia/doxia-logging-api/1.1/doxia-logging-api-1.1.pom (2 KB at 102.5 KB/sec)
[INFO] Downloading: https://repo.maven.apache.org/maven2/org/codehaus/plexus/plexus-container-default/1.0-alpha-30/plexus-container-default-1.0-alpha-30.pom
[INFO] Downloaded: https://repo.maven.apache.org/maven2/org/codehaus/plexus/plexus-container-default/1.0-alpha-30/plexus-container-default-1.0-alpha-30.pom (4 KB at 212.2 KB/sec)
[INFO] Downloading: https://repo.maven.apache.org/maven2/org/codehaus/plexus/plexus-containers/1.0-alpha-30/plexus-containers-1.0-alpha-30.pom
[INFO] Downloaded: https://repo.maven.apache.org/maven2/org/codehaus/plexus/plexus-containers/1.0-alpha-30/plexus-containers-1.0-alpha-30.pom (2 KB at 132.1 KB/sec)
[INFO] Downloading: https://repo.maven.apache.org/maven2/org/codehaus/plexus/plexus-utils/1.4.5/plexus-utils-1.4.5.pom
[INFO] Downloaded: https://repo.maven.apache.org/maven2/org/codehaus/plexus/plexus-utils/1.4.5/plexus-utils-1.4.5.pom (3 KB at 122.9 KB/sec)
[INFO] Downloading: https://repo.maven.apache.org/maven2/org/codehaus/plexus/plexus-classworlds/1.2-alpha-9/plexus-classworlds-1.2-alpha-9.pom
[INFO] Downloaded: https://repo.maven.apache.org/maven2/org/codehaus/plexus/plexus-classworlds/1.2-alpha-9/plexus-classworlds-1.2-alpha-9.pom (4 KB at 174.9 KB/sec)
[INFO] Downloading: https://repo.maven.apache.org/maven2/org/codehaus/plexus/plexus/1.0.10/plexus-1.0.10.pom
[INFO] Downloaded: https://repo.maven.apache.org/maven2/org/codehaus/plexus/plexus/1.0.10/plexus-1.0.10.pom (9 KB at 503.5 KB/sec)
[INFO] Downloading: https://repo.maven.apache.org/maven2/commons-cli/commons-cli/1.2/commons-cli-1.2.pom
[INFO] Downloaded: https://repo.maven.apache.org/maven2/commons-cli/commons-cli/1.2/commons-cli-1.2.pom (8 KB at 487.1 KB/sec)
[INFO] Downloading: https://repo.maven.apache.org/maven2/org/apache/commons/commons-parent/11/commons-parent-11.pom
[INFO] Downloaded: https://repo.maven.apache.org/maven2/org/apache/commons/commons-parent/11/commons-parent-11.pom (25 KB at 1337.3 KB/sec)
[INFO] Downloading: https://repo.maven.apache.org/maven2/org/apache/apache/4/apache-4.pom
[INFO] Downloaded: https://repo.maven.apache.org/maven2/org/apache/apache/4/apache-4.pom (5 KB at 292.6 KB/sec)
[INFO] Downloading: https://repo.maven.apache.org/maven2/org/apache/maven/shared/maven-shared-utils/0.7/maven-shared-utils-0.7.pom
[INFO] Downloaded: https://repo.maven.apache.org/maven2/org/apache/maven/shared/maven-shared-utils/0.7/maven-shared-utils-0.7.pom (5 KB at 288.0 KB/sec)
[INFO] Downloading: https://repo.maven.apache.org/maven2/org/apache/maven/shared/maven-shared-components/20/maven-shared-components-20.pom
[INFO] Downloaded: https://repo.maven.apache.org/maven2/org/apache/maven/shared/maven-shared-components/20/maven-shared-components-20.pom (5 KB at 293.3 KB/sec)
[INFO] Downloading: https://repo.maven.apache.org/maven2/org/apache/maven/maven-parent/24/maven-parent-24.pom
[INFO] Downloaded: https://repo.maven.apache.org/maven2/org/apache/maven/maven-parent/24/maven-parent-24.pom (37 KB at 2252.1 KB/sec)
[INFO] Downloading: https://repo.maven.apache.org/maven2/org/apache/apache/14/apache-14.pom
[INFO] Downloaded: https://repo.maven.apache.org/maven2/org/apache/apache/14/apache-14.pom (15 KB at 896.3 KB/sec)
[INFO] Downloading: https://repo.maven.apache.org/maven2/com/google/code/findbugs/jsr305/2.0.1/jsr305-2.0.1.pom
[INFO] Downloaded: https://repo.maven.apache.org/maven2/com/google/code/findbugs/jsr305/2.0.1/jsr305-2.0.1.pom (965 B at 62.8 KB/sec)
[INFO] Downloading: https://repo.maven.apache.org/maven2/org/apache/maven/shared/maven-shared-incremental/1.1/maven-shared-incremental-1.1.pom
[INFO] Downloaded: https://repo.maven.apache.org/maven2/org/apache/maven/shared/maven-shared-incremental/1.1/maven-shared-incremental-1.1.pom (5 KB at 330.8 KB/sec)
[INFO] Downloading: https://repo.maven.apache.org/maven2/org/apache/maven/shared/maven-shared-components/19/maven-shared-components-19.pom
[INFO] Downloaded: https://repo.maven.apache.org/maven2/org/apache/maven/shared/maven-shared-components/19/maven-shared-components-19.pom (7 KB at 414.0 KB/sec)
[INFO] Downloading: https://repo.maven.apache.org/maven2/org/apache/maven/maven-parent/23/maven-parent-23.pom
[INFO] Downloaded: https://repo.maven.apache.org/maven2/org/apache/maven/maven-parent/23/maven-parent-23.pom (32 KB at 1988.9 KB/sec)
[INFO] Downloading: https://repo.maven.apache.org/maven2/org/apache/apache/13/apache-13.pom
[INFO] Downloaded: https://repo.maven.apache.org/maven2/org/apache/apache/13/apache-13.pom (14 KB at 802.7 KB/sec)
[INFO] Downloading: https://repo.maven.apache.org/maven2/org/apache/maven/shared/maven-shared-utils/0.1/maven-shared-utils-0.1.pom
[INFO] Downloaded: https://repo.maven.apache.org/maven2/org/apache/maven/shared/maven-shared-utils/0.1/maven-shared-utils-0.1.pom (4 KB at 263.5 KB/sec)
[INFO] Downloading: https://repo.maven.apache.org/maven2/org/apache/maven/shared/maven-shared-components/18/maven-shared-components-18.pom
[INFO] Downloaded: https://repo.maven.apache.org/maven2/org/apache/maven/shared/maven-shared-components/18/maven-shared-components-18.pom (5 KB at 301.1 KB/sec)
[INFO] Downloading: https://repo.maven.apache.org/maven2/org/codehaus/plexus/plexus-component-annotations/1.5.5/plexus-component-annotations-1.5.5.pom
[INFO] Downloaded: https://repo.maven.apache.org/maven2/org/codehaus/plexus/plexus-component-annotations/1.5.5/plexus-component-annotations-1.5.5.pom (815 B at 46.8 KB/sec)
[INFO] Downloading: https://repo.maven.apache.org/maven2/org/codehaus/plexus/plexus-containers/1.5.5/plexus-containers-1.5.5.pom
[INFO] Downloaded: https://repo.maven.apache.org/maven2/org/codehaus/plexus/plexus-containers/1.5.5/plexus-containers-1.5.5.pom (5 KB at 230.0 KB/sec)
[INFO] Downloading: https://repo.maven.apache.org/maven2/org/codehaus/plexus/plexus/2.0.7/plexus-2.0.7.pom
[INFO] Downloaded: https://repo.maven.apache.org/maven2/org/codehaus/plexus/plexus/2.0.7/plexus-2.0.7.pom (17 KB at 1055.6 KB/sec)
[INFO] Downloading: https://repo.maven.apache.org/maven2/org/codehaus/plexus/plexus-compiler-api/2.5/plexus-compiler-api-2.5.pom
[INFO] Downloaded: https://repo.maven.apache.org/maven2/org/codehaus/plexus/plexus-compiler-api/2.5/plexus-compiler-api-2.5.pom (865 B at 52.8 KB/sec)
[INFO] Downloading: https://repo.maven.apache.org/maven2/org/codehaus/plexus/plexus-compiler/2.5/plexus-compiler-2.5.pom
[INFO] Downloaded: https://repo.maven.apache.org/maven2/org/codehaus/plexus/plexus-compiler/2.5/plexus-compiler-2.5.pom (6 KB at 324.5 KB/sec)
[INFO] Downloading: https://repo.maven.apache.org/maven2/org/codehaus/plexus/plexus-components/1.3.1/plexus-components-1.3.1.pom
[INFO] Downloaded: https://repo.maven.apache.org/maven2/org/codehaus/plexus/plexus-components/1.3.1/plexus-components-1.3.1.pom (3 KB at 176.0 KB/sec)
[INFO] Downloading: https://repo.maven.apache.org/maven2/org/codehaus/plexus/plexus/3.3.1/plexus-3.3.1.pom
[INFO] Downloaded: https://repo.maven.apache.org/maven2/org/codehaus/plexus/plexus/3.3.1/plexus-3.3.1.pom (20 KB at 1331.1 KB/sec)
[INFO] Downloading: https://repo.maven.apache.org/maven2/org/sonatype/spice/spice-parent/17/spice-parent-17.pom
[INFO] Downloaded: https://repo.maven.apache.org/maven2/org/sonatype/spice/spice-parent/17/spice-parent-17.pom (7 KB at 412.5 KB/sec)
[INFO] Downloading: https://repo.maven.apache.org/maven2/org/sonatype/forge/forge-parent/10/forge-parent-10.pom
[INFO] Downloaded: https://repo.maven.apache.org/maven2/org/sonatype/forge/forge-parent/10/forge-parent-10.pom (14 KB at 697.0 KB/sec)
[INFO] Downloading: https://repo.maven.apache.org/maven2/org/codehaus/plexus/plexus-utils/3.0.10/plexus-utils-3.0.10.pom
[INFO] Downloaded: https://repo.maven.apache.org/maven2/org/codehaus/plexus/plexus-utils/3.0.10/plexus-utils-3.0.10.pom (4 KB at 180.6 KB/sec)
[INFO] Downloading: https://repo.maven.apache.org/maven2/org/codehaus/plexus/plexus/3.3/plexus-3.3.pom
[INFO] Downloaded: https://repo.maven.apache.org/maven2/org/codehaus/plexus/plexus/3.3/plexus-3.3.pom (20 KB at 971.7 KB/sec)
[INFO] Downloading: https://repo.maven.apache.org/maven2/org/codehaus/plexus/plexus-compiler-manager/2.5/plexus-compiler-manager-2.5.pom
[INFO] Downloaded: https://repo.maven.apache.org/maven2/org/codehaus/plexus/plexus-compiler-manager/2.5/plexus-compiler-manager-2.5.pom (690 B at 42.1 KB/sec)
[INFO] Downloading: https://repo.maven.apache.org/maven2/org/codehaus/plexus/plexus-compiler-javac/2.5/plexus-compiler-javac-2.5.pom
[INFO] Downloaded: https://repo.maven.apache.org/maven2/org/codehaus/plexus/plexus-compiler-javac/2.5/plexus-compiler-javac-2.5.pom (769 B at 53.6 KB/sec)
[INFO] Downloading: https://repo.maven.apache.org/maven2/org/codehaus/plexus/plexus-compilers/2.5/plexus-compilers-2.5.pom
[INFO] Downloaded: https://repo.maven.apache.org/maven2/org/codehaus/plexus/plexus-compilers/2.5/plexus-compilers-2.5.pom (2 KB at 74.4 KB/sec)
[INFO] Downloading: https://repo.maven.apache.org/maven2/org/codehaus/plexus/plexus-container-default/1.5.5/plexus-container-default-1.5.5.pom
[INFO] Downloaded: https://repo.maven.apache.org/maven2/org/codehaus/plexus/plexus-container-default/1.5.5/plexus-container-default-1.5.5.pom (3 KB at 179.4 KB/sec)
[INFO] Downloading: https://repo.maven.apache.org/maven2/org/codehaus/plexus/plexus-classworlds/2.2.2/plexus-classworlds-2.2.2.pom
[INFO] Downloaded: https://repo.maven.apache.org/maven2/org/codehaus/plexus/plexus-classworlds/2.2.2/plexus-classworlds-2.2.2.pom (4 KB at 218.8 KB/sec)
[INFO] Downloading: https://repo.maven.apache.org/maven2/org/apache/xbean/xbean-reflect/3.4/xbean-reflect-3.4.pom
[INFO] Downloaded: https://repo.maven.apache.org/maven2/org/apache/xbean/xbean-reflect/3.4/xbean-reflect-3.4.pom (3 KB at 171.4 KB/sec)
[INFO] Downloading: https://repo.maven.apache.org/maven2/org/apache/xbean/xbean/3.4/xbean-3.4.pom
[INFO] Downloaded: https://repo.maven.apache.org/maven2/org/apache/xbean/xbean/3.4/xbean-3.4.pom (19 KB at 1131.1 KB/sec)
[INFO] Downloading: https://repo.maven.apache.org/maven2/log4j/log4j/1.2.12/log4j-1.2.12.pom
[INFO] Downloaded: https://repo.maven.apache.org/maven2/log4j/log4j/1.2.12/log4j-1.2.12.pom (145 B at 7.5 KB/sec)
[INFO] Downloading: https://repo.maven.apache.org/maven2/commons-logging/commons-logging-api/1.1/commons-logging-api-1.1.pom
[INFO] Downloaded: https://repo.maven.apache.org/maven2/commons-logging/commons-logging-api/1.1/commons-logging-api-1.1.pom (6 KB at 348.1 KB/sec)
[INFO] Downloading: https://repo.maven.apache.org/maven2/com/google/collections/google-collections/1.0/google-collections-1.0.pom
[INFO] Downloaded: https://repo.maven.apache.org/maven2/com/google/collections/google-collections/1.0/google-collections-1.0.pom (3 KB at 161.3 KB/sec)
[INFO] Downloading: https://repo.maven.apache.org/maven2/com/google/google/1/google-1.pom
[INFO] Downloaded: https://repo.maven.apache.org/maven2/com/google/google/1/google-1.pom (2 KB at 101.2 KB/sec)
[INFO] Downloading: https://repo.maven.apache.org/maven2/junit/junit/3.8.2/junit-3.8.2.pom
[INFO] Downloaded: https://repo.maven.apache.org/maven2/junit/junit/3.8.2/junit-3.8.2.pom (747 B at 45.6 KB/sec)
[INFO] Downloading: https://repo.maven.apache.org/maven2/org/codehaus/plexus/plexus-utils/1.5.15/plexus-utils-1.5.15.jar
[INFO] Downloading: https://repo.maven.apache.org/maven2/org/codehaus/plexus/plexus-interpolation/1.11/plexus-interpolation-1.11.jar
[INFO] Downloading: https://repo.maven.apache.org/maven2/org/slf4j/slf4j-jdk14/1.5.6/slf4j-jdk14-1.5.6.jar
[INFO] Downloading: https://repo.maven.apache.org/maven2/org/slf4j/slf4j-api/1.5.6/slf4j-api-1.5.6.jar
[INFO] Downloading: https://repo.maven.apache.org/maven2/org/slf4j/jcl-over-slf4j/1.5.6/jcl-over-slf4j-1.5.6.jar
[INFO] Downloaded: https://repo.maven.apache.org/maven2/org/slf4j/slf4j-jdk14/1.5.6/slf4j-jdk14-1.5.6.jar (9 KB at 358.7 KB/sec)
[INFO] Downloading: https://repo.maven.apache.org/maven2/backport-util-concurrent/backport-util-concurrent/3.1/backport-util-concurrent-3.1.jar
[INFO] Downloaded: https://repo.maven.apache.org/maven2/org/slf4j/jcl-over-slf4j/1.5.6/jcl-over-slf4j-1.5.6.jar (17 KB at 628.1 KB/sec)
[INFO] Downloading: https://repo.maven.apache.org/maven2/org/sonatype/plexus/plexus-sec-dispatcher/1.3/plexus-sec-dispatcher-1.3.jar
[INFO] Downloaded: https://repo.maven.apache.org/maven2/org/codehaus/plexus/plexus-interpolation/1.11/plexus-interpolation-1.11.jar (50 KB at 1309.0 KB/sec)
[INFO] Downloading: https://repo.maven.apache.org/maven2/org/sonatype/plexus/plexus-cipher/1.4/plexus-cipher-1.4.jar
[INFO] Downloaded: https://repo.maven.apache.org/maven2/org/codehaus/plexus/plexus-utils/1.5.15/plexus-utils-1.5.15.jar (223 KB at 4739.7 KB/sec)
[INFO] Downloading: https://repo.maven.apache.org/maven2/org/apache/maven/shared/maven-shared-utils/0.7/maven-shared-utils-0.7.jar
[INFO] Downloaded: https://repo.maven.apache.org/maven2/org/slf4j/slf4j-api/1.5.6/slf4j-api-1.5.6.jar (22 KB at 454.5 KB/sec)
[INFO] Downloading: https://repo.maven.apache.org/maven2/com/google/code/findbugs/jsr305/2.0.1/jsr305-2.0.1.jar
[INFO] Downloaded: https://repo.maven.apache.org/maven2/org/sonatype/plexus/plexus-cipher/1.4/plexus-cipher-1.4.jar (14 KB at 239.6 KB/sec)
[INFO] Downloading: https://repo.maven.apache.org/maven2/org/apache/maven/shared/maven-shared-incremental/1.1/maven-shared-incremental-1.1.jar
[INFO] Downloaded: https://repo.maven.apache.org/maven2/org/sonatype/plexus/plexus-sec-dispatcher/1.3/plexus-sec-dispatcher-1.3.jar (28 KB at 498.0 KB/sec)
[INFO] Downloading: https://repo.maven.apache.org/maven2/org/codehaus/plexus/plexus-component-annotations/1.5.5/plexus-component-annotations-1.5.5.jar
[INFO] Downloaded: https://repo.maven.apache.org/maven2/com/google/code/findbugs/jsr305/2.0.1/jsr305-2.0.1.jar (32 KB at 464.5 KB/sec)
[INFO] Downloading: https://repo.maven.apache.org/maven2/org/codehaus/plexus/plexus-compiler-api/2.5/plexus-compiler-api-2.5.jar
[INFO] Downloaded: https://repo.maven.apache.org/maven2/org/codehaus/plexus/plexus-component-annotations/1.5.5/plexus-component-annotations-1.5.5.jar (5 KB at 58.7 KB/sec)
[INFO] Downloading: https://repo.maven.apache.org/maven2/org/codehaus/plexus/plexus-compiler-manager/2.5/plexus-compiler-manager-2.5.jar
[INFO] Downloaded: https://repo.maven.apache.org/maven2/org/apache/maven/shared/maven-shared-incremental/1.1/maven-shared-incremental-1.1.jar (14 KB at 169.5 KB/sec)
[INFO] Downloaded: https://repo.maven.apache.org/maven2/org/apache/maven/shared/maven-shared-utils/0.7/maven-shared-utils-0.7.jar (167 KB at 2102.6 KB/sec)
[INFO] Downloading: https://repo.maven.apache.org/maven2/org/apache/xbean/xbean-reflect/3.4/xbean-reflect-3.4.jar
[INFO] Downloading: https://repo.maven.apache.org/maven2/org/codehaus/plexus/plexus-compiler-javac/2.5/plexus-compiler-javac-2.5.jar
[INFO] Downloaded: https://repo.maven.apache.org/maven2/backport-util-concurrent/backport-util-concurrent/3.1/backport-util-concurrent-3.1.jar (324 KB at 3599.3 KB/sec)
[INFO] Downloading: https://repo.maven.apache.org/maven2/log4j/log4j/1.2.12/log4j-1.2.12.jar
[INFO] Downloaded: https://repo.maven.apache.org/maven2/org/codehaus/plexus/plexus-compiler-api/2.5/plexus-compiler-api-2.5.jar (25 KB at 275.1 KB/sec)
[INFO] Downloading: https://repo.maven.apache.org/maven2/commons-logging/commons-logging-api/1.1/commons-logging-api-1.1.jar
[INFO] Downloaded: https://repo.maven.apache.org/maven2/org/codehaus/plexus/plexus-compiler-manager/2.5/plexus-compiler-manager-2.5.jar (5 KB at 47.9 KB/sec)
[INFO] Downloading: https://repo.maven.apache.org/maven2/com/google/collections/google-collections/1.0/google-collections-1.0.jar
[INFO] Downloaded: https://repo.maven.apache.org/maven2/org/codehaus/plexus/plexus-compiler-javac/2.5/plexus-compiler-javac-2.5.jar (19 KB at 176.3 KB/sec)
[INFO] Downloading: https://repo.maven.apache.org/maven2/junit/junit/3.8.2/junit-3.8.2.jar
[INFO] Downloaded: https://repo.maven.apache.org/maven2/org/apache/xbean/xbean-reflect/3.4/xbean-reflect-3.4.jar (131 KB at 1210.1 KB/sec)
[INFO] Downloaded: https://repo.maven.apache.org/maven2/commons-logging/commons-logging-api/1.1/commons-logging-api-1.1.jar (44 KB at 395.9 KB/sec)
[INFO] Downloaded: https://repo.maven.apache.org/maven2/junit/junit/3.8.2/junit-3.8.2.jar (118 KB at 913.3 KB/sec)
[INFO] Downloaded: https://repo.maven.apache.org/maven2/log4j/log4j/1.2.12/log4j-1.2.12.jar (350 KB at 2710.8 KB/sec)
[INFO] Downloaded: https://repo.maven.apache.org/maven2/com/google/collections/google-collections/1.0/google-collections-1.0.jar (625 KB at 3978.4 KB/sec)
[INFO] Changes detected - recompiling the module!
[INFO] Compiling 316 source files to /home/travis/build/failed/tananaev/traccar/target/classes
[INFO] /home/travis/build/failed/tananaev/traccar/src/org/traccar/web/UserServlet.java: Some input files use or override a deprecated API.
[INFO] /home/travis/build/failed/tananaev/traccar/src/org/traccar/web/UserServlet.java: Recompile with -Xlint:deprecation for details.
[INFO] /home/travis/build/failed/tananaev/traccar/src/org/traccar/geocode/JsonReverseGeocoder.java: Some input files use unchecked or unsafe operations.
[INFO] /home/travis/build/failed/tananaev/traccar/src/org/traccar/geocode/JsonReverseGeocoder.java: Recompile with -Xlint:unchecked for details.
[INFO] -------------------------------------------------------------
[ERROR] COMPILATION ERROR : 
[INFO] -------------------------------------------------------------
[ERROR] /home/travis/build/failed/tananaev/traccar/src/org/traccar/BaseProtocolEncoder.java:[27,58] unreported exception java.lang.Exception; must be caught or declared to be thrown
[INFO] 1 error
[INFO] -------------------------------------------------------------
[INFO] ------------------------------------------------------------------------
[INFO] BUILD FAILURE
[INFO] ------------------------------------------------------------------------
[INFO] Total time: 16.065 s
[INFO] Finished at: 2021-03-30T03:31:56+00:00
[INFO] Final Memory: 20M/491M
[INFO] ------------------------------------------------------------------------
[ERROR] Failed to execute goal org.apache.maven.plugins:maven-compiler-plugin:3.3:compile (default-compile) on project traccar: Compilation failure
[ERROR] /home/travis/build/failed/tananaev/traccar/src/org/traccar/BaseProtocolEncoder.java:[27,58] unreported exception java.lang.Exception; must be caught or declared to be thrown
[ERROR] -> [Help 1]
[ERROR] 
[ERROR] To see the full stack trace of the errors, re-run Maven with the -e switch.
[ERROR] Re-run Maven using the -X switch to enable full debug logging.
[ERROR] 
[ERROR] For more information about the errors and possible solutions, please read the following articles:
[ERROR] [Help 1] http://cwiki.apache.org/confluence/display/MAVEN/MojoFailureException

[31;1mThe command "eval mvn install -Dhttps.protocols=TLSv1.2 -Dhttps.protocols=TLSv1.2 -DskipTests=true -Dmaven.javadoc.skip=true -B -V " failed. Retrying, 2 of 3.[0m

Apache Maven 3.2.5 (12a6b3acb947671f09b81f49094c53f426d8cea1; 2014-12-14T17:29:23+00:00)
Maven home: /usr/local/maven
Java version: 1.7.0_75, vendor: Oracle Corporation
Java home: /usr/lib/jvm/java-7-openjdk-amd64/jre
Default locale: en_US, platform encoding: UTF-8
OS name: "linux", version: "4.15.0-109-generic", arch: "amd64", family: "unix"
[INFO] Scanning for projects...
[INFO]                                                                         
[INFO] ------------------------------------------------------------------------
[INFO] Building traccar 3.2-SNAPSHOT
[INFO] ------------------------------------------------------------------------
[INFO] 
[INFO] --- maven-resources-plugin:2.6:resources (default-resources) @ traccar ---
[INFO] Using 'UTF-8' encoding to copy filtered resources.
[INFO] Copying 0 resource
[INFO] 
[INFO] --- maven-compiler-plugin:3.3:compile (default-compile) @ traccar ---
[INFO] Changes detected - recompiling the module!
[INFO] Compiling 316 source files to /home/travis/build/failed/tananaev/traccar/target/classes
[INFO] /home/travis/build/failed/tananaev/traccar/src/org/traccar/web/UserServlet.java: Some input files use or override a deprecated API.
[INFO] /home/travis/build/failed/tananaev/traccar/src/org/traccar/web/UserServlet.java: Recompile with -Xlint:deprecation for details.
[INFO] /home/travis/build/failed/tananaev/traccar/src/org/traccar/geocode/JsonReverseGeocoder.java: Some input files use unchecked or unsafe operations.
[INFO] /home/travis/build/failed/tananaev/traccar/src/org/traccar/geocode/JsonReverseGeocoder.java: Recompile with -Xlint:unchecked for details.
[INFO] -------------------------------------------------------------
[ERROR] COMPILATION ERROR : 
[INFO] -------------------------------------------------------------
[ERROR] /home/travis/build/failed/tananaev/traccar/src/org/traccar/BaseProtocolEncoder.java:[27,58] unreported exception java.lang.Exception; must be caught or declared to be thrown
[INFO] 1 error
[INFO] -------------------------------------------------------------
[INFO] ------------------------------------------------------------------------
[INFO] BUILD FAILURE
[INFO] ------------------------------------------------------------------------
[INFO] Total time: 5.205 s
[INFO] Finished at: 2021-03-30T03:32:04+00:00
[INFO] Final Memory: 17M/491M
[INFO] ------------------------------------------------------------------------
[ERROR] Failed to execute goal org.apache.maven.plugins:maven-compiler-plugin:3.3:compile (default-compile) on project traccar: Compilation failure
[ERROR] /home/travis/build/failed/tananaev/traccar/src/org/traccar/BaseProtocolEncoder.java:[27,58] unreported exception java.lang.Exception; must be caught or declared to be thrown
[ERROR] -> [Help 1]
[ERROR] 
[ERROR] To see the full stack trace of the errors, re-run Maven with the -e switch.
[ERROR] Re-run Maven using the -X switch to enable full debug logging.
[ERROR] 
[ERROR] For more information about the errors and possible solutions, please read the following articles:
[ERROR] [Help 1] http://cwiki.apache.org/confluence/display/MAVEN/MojoFailureException

[31;1mThe command "eval mvn install -Dhttps.protocols=TLSv1.2 -Dhttps.protocols=TLSv1.2 -DskipTests=true -Dmaven.javadoc.skip=true -B -V " failed. Retrying, 3 of 3.[0m

Apache Maven 3.2.5 (12a6b3acb947671f09b81f49094c53f426d8cea1; 2014-12-14T17:29:23+00:00)
Maven home: /usr/local/maven
Java version: 1.7.0_75, vendor: Oracle Corporation
Java home: /usr/lib/jvm/java-7-openjdk-amd64/jre
Default locale: en_US, platform encoding: UTF-8
OS name: "linux", version: "4.15.0-109-generic", arch: "amd64", family: "unix"
[INFO] Scanning for projects...
[INFO]                                                                         
[INFO] ------------------------------------------------------------------------
[INFO] Building traccar 3.2-SNAPSHOT
[INFO] ------------------------------------------------------------------------
[INFO] 
[INFO] --- maven-resources-plugin:2.6:resources (default-resources) @ traccar ---
[INFO] Using 'UTF-8' encoding to copy filtered resources.
[INFO] Copying 0 resource
[INFO] 
[INFO] --- maven-compiler-plugin:3.3:compile (default-compile) @ traccar ---
[INFO] Changes detected - recompiling the module!
[INFO] Compiling 316 source files to /home/travis/build/failed/tananaev/traccar/target/classes
[INFO] /home/travis/build/failed/tananaev/traccar/src/org/traccar/web/UserServlet.java: Some input files use or override a deprecated API.
[INFO] /home/travis/build/failed/tananaev/traccar/src/org/traccar/web/UserServlet.java: Recompile with -Xlint:deprecation for details.
[INFO] /home/travis/build/failed/tananaev/traccar/src/org/traccar/geocode/JsonReverseGeocoder.java: Some input files use unchecked or unsafe operations.
[INFO] /home/travis/build/failed/tananaev/traccar/src/org/traccar/geocode/JsonReverseGeocoder.java: Recompile with -Xlint:unchecked for details.
[INFO] -------------------------------------------------------------
[ERROR] COMPILATION ERROR : 
[INFO] -------------------------------------------------------------
[ERROR] /home/travis/build/failed/tananaev/traccar/src/org/traccar/BaseProtocolEncoder.java:[27,58] unreported exception java.lang.Exception; must be caught or declared to be thrown
[INFO] 1 error
[INFO] -------------------------------------------------------------
[INFO] ------------------------------------------------------------------------
[INFO] BUILD FAILURE
[INFO] ------------------------------------------------------------------------
[INFO] Total time: 5.006 s
[INFO] Finished at: 2021-03-30T03:32:13+00:00
[INFO] Final Memory: 17M/491M
[INFO] ------------------------------------------------------------------------
[ERROR] Failed to execute goal org.apache.maven.plugins:maven-compiler-plugin:3.3:compile (default-compile) on project traccar: Compilation failure
[ERROR] /home/travis/build/failed/tananaev/traccar/src/org/traccar/BaseProtocolEncoder.java:[27,58] unreported exception java.lang.Exception; must be caught or declared to be thrown
[ERROR] -> [Help 1]
[ERROR] 
[ERROR] To see the full stack trace of the errors, re-run Maven with the -e switch.
[ERROR] Re-run Maven using the -X switch to enable full debug logging.
[ERROR] 
[ERROR] For more information about the errors and possible solutions, please read the following articles:
[ERROR] [Help 1] http://cwiki.apache.org/confluence/display/MAVEN/MojoFailureException

[31;1mThe command "eval mvn install -Dhttps.protocols=TLSv1.2 -Dhttps.protocols=TLSv1.2 -DskipTests=true -Dmaven.javadoc.skip=true -B -V " failed 3 times.[0m


travis_time:end:05ebfa17:start=1617075098957311378,finish=1617075134330487964,duration=35373176586[0K
[31;1mThe command "mvn install -Dhttps.protocols=TLSv1.2 -Dhttps.protocols=TLSv1.2 -DskipTests=true -Dmaven.javadoc.skip=true -B -V" failed and exited with 1 during .[0m

Your build has been stopped.
