travis_fold:start:system_info[0K[33;1mBuild system information[0m
Build language: python
Build id: ''
Job id: ''
[34m[1mBuild image provisioning date and time[0m
Thu Feb  5 15:09:33 UTC 2015
[34m[1mOperating System Details[0m
Distributor ID:	Ubuntu
Description:	Ubuntu 12.04.5 LTS
Release:	12.04
Codename:	precise
[34m[1mLinux Version[0m
3.13.0-29-generic
[34m[1mCookbooks Version[0m
a68419e https://github.com/travis-ci/travis-cookbooks/tree/a68419e
[34m[1mGCC version[0m
gcc (Ubuntu/Linaro 4.6.3-1ubuntu5) 4.6.3
Copyright (C) 2011 Free Software Foundation, Inc.
This is free software; see the source for copying conditions.  There is NO
warranty; not even for MERCHANTABILITY or FITNESS FOR A PARTICULAR PURPOSE.

[34m[1mLLVM version[0m
clang version 3.4 (tags/RELEASE_34/final)
Target: x86_64-unknown-linux-gnu
Thread model: posix
[34m[1mPre-installed Ruby versions[0m
ruby-1.9.3-p551
[34m[1mPre-installed Node.js versions[0m
v0.10.36
[34m[1mPre-installed Go versions[0m
1.4.1
[34m[1mRedis version[0m
redis-server 2.8.19
[34m[1mriak version[0m
2.0.2
[34m[1mMongoDB version[0m
MongoDB 2.4.12
[34m[1mCouchDB version[0m
couchdb 1.6.1
[34m[1mNeo4j version[0m
1.9.4
[34m[1mRabbitMQ Version[0m
3.4.3
[34m[1mElasticSearch version[0m
1.4.0
[34m[1mInstalled Sphinx versions[0m
2.0.10
2.1.9
2.2.6
[34m[1mDefault Sphinx version[0m
2.2.6
[34m[1mInstalled Firefox version[0m
firefox 31.0esr
[34m[1mPhantomJS version[0m
1.9.8
[34m[1mant -version[0m
Apache Ant(TM) version 1.8.2 compiled on December 3 2011
[34m[1mmvn -version[0m
Apache Maven 3.2.5 (12a6b3acb947671f09b81f49094c53f426d8cea1; 2014-12-14T17:29:23+00:00)
Maven home: /usr/local/maven
Java version: 1.7.0_76, vendor: Oracle Corporation
Java home: /usr/lib/jvm/java-7-oracle/jre
Default locale: en_US, platform encoding: ANSI_X3.4-1968
OS name: "linux", version: "3.13.0-29-generic", arch: "amd64", family: "unix"
travis_fold:end:system_info[0K
grep: /etc/apt/sources.list.d/*: No such file or directory
W: Failed to fetch http://security.ubuntu.com/ubuntu/dists/precise-security/main/source/Sources  404  Not Found [IP: 91.189.91.38 80]

W: Failed to fetch http://security.ubuntu.com/ubuntu/dists/precise-security/restricted/source/Sources  404  Not Found [IP: 91.189.91.38 80]

W: Failed to fetch http://security.ubuntu.com/ubuntu/dists/precise-security/universe/source/Sources  404  Not Found [IP: 91.189.91.38 80]

W: Failed to fetch http://security.ubuntu.com/ubuntu/dists/precise-security/multiverse/source/Sources  404  Not Found [IP: 91.189.91.38 80]

W: Failed to fetch http://security.ubuntu.com/ubuntu/dists/precise-security/main/binary-amd64/Packages  404  Not Found [IP: 91.189.91.38 80]

W: Failed to fetch http://security.ubuntu.com/ubuntu/dists/precise-security/restricted/binary-amd64/Packages  404  Not Found [IP: 91.189.91.38 80]

W: Failed to fetch http://security.ubuntu.com/ubuntu/dists/precise-security/universe/binary-amd64/Packages  404  Not Found [IP: 91.189.91.38 80]

W: Failed to fetch http://security.ubuntu.com/ubuntu/dists/precise-security/multiverse/binary-amd64/Packages  404  Not Found [IP: 91.189.91.38 80]

W: Failed to fetch http://security.ubuntu.com/ubuntu/dists/precise-security/main/binary-i386/Packages  404  Not Found [IP: 91.189.91.38 80]

W: Failed to fetch http://security.ubuntu.com/ubuntu/dists/precise-security/restricted/binary-i386/Packages  404  Not Found [IP: 91.189.91.38 80]

W: Failed to fetch http://security.ubuntu.com/ubuntu/dists/precise-security/universe/binary-i386/Packages  404  Not Found [IP: 91.189.91.38 80]

W: Failed to fetch http://security.ubuntu.com/ubuntu/dists/precise-security/multiverse/binary-i386/Packages  404  Not Found [IP: 91.189.91.38 80]

W: Failed to fetch http://us.archive.ubuntu.com/ubuntu/dists/precise/main/source/Sources  404  Not Found [IP: 91.189.91.38 80]

W: Failed to fetch http://us.archive.ubuntu.com/ubuntu/dists/precise/restricted/source/Sources  404  Not Found [IP: 91.189.91.38 80]

W: Failed to fetch http://us.archive.ubuntu.com/ubuntu/dists/precise/universe/source/Sources  404  Not Found [IP: 91.189.91.38 80]

W: Failed to fetch http://us.archive.ubuntu.com/ubuntu/dists/precise/multiverse/source/Sources  404  Not Found [IP: 91.189.91.38 80]

W: Failed to fetch http://us.archive.ubuntu.com/ubuntu/dists/precise/main/binary-amd64/Packages  404  Not Found [IP: 91.189.91.38 80]

W: Failed to fetch http://us.archive.ubuntu.com/ubuntu/dists/precise/restricted/binary-amd64/Packages  404  Not Found [IP: 91.189.91.38 80]

W: Failed to fetch http://us.archive.ubuntu.com/ubuntu/dists/precise/universe/binary-amd64/Packages  404  Not Found [IP: 91.189.91.38 80]

W: Failed to fetch http://us.archive.ubuntu.com/ubuntu/dists/precise/multiverse/binary-amd64/Packages  404  Not Found [IP: 91.189.91.38 80]

W: Failed to fetch http://us.archive.ubuntu.com/ubuntu/dists/precise/main/binary-i386/Packages  404  Not Found [IP: 91.189.91.38 80]

W: Failed to fetch http://us.archive.ubuntu.com/ubuntu/dists/precise/restricted/binary-i386/Packages  404  Not Found [IP: 91.189.91.38 80]

W: Failed to fetch http://us.archive.ubuntu.com/ubuntu/dists/precise/universe/binary-i386/Packages  404  Not Found [IP: 91.189.91.38 80]

W: Failed to fetch http://us.archive.ubuntu.com/ubuntu/dists/precise/multiverse/binary-i386/Packages  404  Not Found [IP: 91.189.91.38 80]

W: Failed to fetch http://us.archive.ubuntu.com/ubuntu/dists/precise-updates/main/source/Sources  404  Not Found [IP: 91.189.91.38 80]

W: Failed to fetch http://us.archive.ubuntu.com/ubuntu/dists/precise-updates/restricted/source/Sources  404  Not Found [IP: 91.189.91.38 80]

W: Failed to fetch http://us.archive.ubuntu.com/ubuntu/dists/precise-updates/universe/source/Sources  404  Not Found [IP: 91.189.91.38 80]

W: Failed to fetch http://us.archive.ubuntu.com/ubuntu/dists/precise-updates/multiverse/source/Sources  404  Not Found [IP: 91.189.91.38 80]

W: Failed to fetch http://us.archive.ubuntu.com/ubuntu/dists/precise-updates/main/binary-amd64/Packages  404  Not Found [IP: 91.189.91.38 80]

W: Failed to fetch http://us.archive.ubuntu.com/ubuntu/dists/precise-updates/restricted/binary-amd64/Packages  404  Not Found [IP: 91.189.91.38 80]

W: Failed to fetch http://us.archive.ubuntu.com/ubuntu/dists/precise-updates/universe/binary-amd64/Packages  404  Not Found [IP: 91.189.91.38 80]

W: Failed to fetch http://us.archive.ubuntu.com/ubuntu/dists/precise-updates/multiverse/binary-amd64/Packages  404  Not Found [IP: 91.189.91.38 80]

W: Failed to fetch http://us.archive.ubuntu.com/ubuntu/dists/precise-updates/main/binary-i386/Packages  404  Not Found [IP: 91.189.91.38 80]

W: Failed to fetch http://us.archive.ubuntu.com/ubuntu/dists/precise-updates/restricted/binary-i386/Packages  404  Not Found [IP: 91.189.91.38 80]

W: Failed to fetch http://us.archive.ubuntu.com/ubuntu/dists/precise-updates/universe/binary-i386/Packages  404  Not Found [IP: 91.189.91.38 80]

W: Failed to fetch http://us.archive.ubuntu.com/ubuntu/dists/precise-updates/multiverse/binary-i386/Packages  404  Not Found [IP: 91.189.91.38 80]

W: Failed to fetch http://us.archive.ubuntu.com/ubuntu/dists/precise-backports/main/source/Sources  404  Not Found [IP: 91.189.91.38 80]

W: Failed to fetch http://us.archive.ubuntu.com/ubuntu/dists/precise-backports/restricted/source/Sources  404  Not Found [IP: 91.189.91.38 80]

W: Failed to fetch http://us.archive.ubuntu.com/ubuntu/dists/precise-backports/universe/source/Sources  404  Not Found [IP: 91.189.91.38 80]

W: Failed to fetch http://us.archive.ubuntu.com/ubuntu/dists/precise-backports/multiverse/source/Sources  404  Not Found [IP: 91.189.91.38 80]

W: Failed to fetch http://us.archive.ubuntu.com/ubuntu/dists/precise-backports/main/binary-amd64/Packages  404  Not Found [IP: 91.189.91.38 80]

W: Failed to fetch http://us.archive.ubuntu.com/ubuntu/dists/precise-backports/restricted/binary-amd64/Packages  404  Not Found [IP: 91.189.91.38 80]

W: Failed to fetch http://us.archive.ubuntu.com/ubuntu/dists/precise-backports/universe/binary-amd64/Packages  404  Not Found [IP: 91.189.91.38 80]

W: Failed to fetch http://us.archive.ubuntu.com/ubuntu/dists/precise-backports/multiverse/binary-amd64/Packages  404  Not Found [IP: 91.189.91.38 80]

W: Failed to fetch http://us.archive.ubuntu.com/ubuntu/dists/precise-backports/main/binary-i386/Packages  404  Not Found [IP: 91.189.91.38 80]

W: Failed to fetch http://us.archive.ubuntu.com/ubuntu/dists/precise-backports/restricted/binary-i386/Packages  404  Not Found [IP: 91.189.91.38 80]

W: Failed to fetch http://us.archive.ubuntu.com/ubuntu/dists/precise-backports/universe/binary-i386/Packages  404  Not Found [IP: 91.189.91.38 80]

W: Failed to fetch http://us.archive.ubuntu.com/ubuntu/dists/precise-backports/multiverse/binary-i386/Packages  404  Not Found [IP: 91.189.91.38 80]

E: Some index files failed to download. They have been ignored, or old ones used instead.
sed: cannot rename /etc/hosts: Device or resource busy
sed: cannot rename /etc/hosts: Device or resource busy
$ cd passed/ansible/ansible
travis_fold:start:git.submodule[0Ktravis_time:start:1ee7e29b[0K$ git submodule update --init --recursive
Submodule 'lib/ansible/modules/core' (https://github.com/ansible/ansible-modules-core) registered for path 'lib/ansible/modules/core'
Submodule 'lib/ansible/modules/extras' (https://github.com/ansible/ansible-modules-extras) registered for path 'lib/ansible/modules/extras'
Cloning into 'lib/ansible/modules/core'...
Submodule path 'lib/ansible/modules/core': checked out '636eecf3547fb58844ae2dc30ef266b090b3f916'
Cloning into 'lib/ansible/modules/extras'...
Submodule path 'lib/ansible/modules/extras': checked out 'ea1bd0b0783e25925e227590a40639e1b4c430a0'

travis_time:end:1ee7e29b:start=1622250878515119485,finish=1622250890552653177,duration=12037533692[0Ktravis_fold:end:git.submodule[0K
[33;1mSetting environment variables from .travis.yml[0m
$ export TOXENV=py34

travis_time:start:0c594b1c[0K$ source ~/virtualenv/python2.7/bin/activate

travis_time:end:0c594b1c:start=1622250890880630994,finish=1622250890889772305,duration=9141311[0K$ python --version
Python 2.7.9
$ pip --version
pip 6.0.7 from /home/travis/virtualenv/python2.7.9/lib/python2.7/site-packages (python 2.7)
travis_fold:start:install[0Ktravis_time:start:01ffd4ba[0K$ pip install tox==2.1.1 PyYAML==3.11 Jinja2==2.8 sphinx==1.3.1
Collecting tox==2.1.1
  Downloading https://files.pythonhosted.org/packages/af/cd/e4e47282c016184656e6a1ca3f8d4baa7c59277aa98fd36767fa48aea476/tox-2.1.1-py2.py3-none-any.whl
Collecting PyYAML==3.11
  Downloading https://files.pythonhosted.org/packages/75/5e/b84feba55e20f8da46ead76f14a3943c8cb722d40360702b2365b91dec00/PyYAML-3.11.tar.gz (248kB)
Collecting Jinja2==2.8
  Downloading https://files.pythonhosted.org/packages/96/a1/c56bc4d99dc2663514a8481511e80eba8994133ae75eebdadfc91a5597d9/Jinja2-2.8-py2.py3-none-any.whl (263kB)
Collecting sphinx==1.3.1
  Downloading https://files.pythonhosted.org/packages/63/2c/0a30c391708f827039be5569164ed039b1e46906a4bff5a348b0abe2945e/Sphinx-1.3.1-py2.py3-none-any.whl (1.3MB)
Collecting virtualenv>=1.11.2 (from tox==2.1.1)
  Downloading https://files.pythonhosted.org/packages/03/08/f819421002e85a71d58368f7bffbe0b1921325e0e8ca7857cb5fb0e1f7c1/virtualenv-20.4.7-py2.py3-none-any.whl (7.2MB)
Requirement already satisfied (use --upgrade to upgrade): py>=1.4.17 in /home/travis/virtualenv/python2.7.9/lib/python2.7/site-packages (from tox==2.1.1)
Collecting pluggy<0.4.0,>=0.3.0 (from tox==2.1.1)
  Downloading https://files.pythonhosted.org/packages/d3/ff/d63342af76d20f9b94c2138aef8739df23311e3ce8a8ae7e4b0733ab0827/pluggy-0.3.1-py2.py3-none-any.whl
Collecting MarkupSafe (from Jinja2==2.8)
  Downloading https://files.pythonhosted.org/packages/bf/10/ff66fea6d1788c458663a84d88787bae15d45daa16f6b3ef33322a51fc7e/MarkupSafe-2.0.1.tar.gz
Collecting sphinx-rtd-theme<0.2,>=0.1 (from sphinx==1.3.1)
  Downloading https://files.pythonhosted.org/packages/1d/84/405b43b2c15bb61fcbd23416837ca7f18e261c56c64453923725e8160aa6/sphinx_rtd_theme-0.1.9-py2-none-any.whl (693kB)
Collecting snowballstemmer>=1.1 (from sphinx==1.3.1)
  Downloading https://files.pythonhosted.org/packages/f6/6e/7e07970c90a57c21da92013c5ba47f8e9598c17e88cc35b008ca61225ed3/snowballstemmer-2.1.0-py2.py3-none-any.whl (93kB)
Collecting six>=1.4 (from sphinx==1.3.1)
  Downloading https://files.pythonhosted.org/packages/d9/5a/e7c31adbe875f2abbb91bd84cf2dc52d792b5a01506781dbcf25c91daf11/six-1.16.0-py2.py3-none-any.whl
Collecting Pygments>=2.0 (from sphinx==1.3.1)
  Downloading https://files.pythonhosted.org/packages/ba/6e/7a7c13c21d8a4a7f82ccbfe257a045890d4dbf18c023f985f565f97393e3/Pygments-2.9.0.tar.gz (4.0MB)
  Requested Pygments>=2.0 (from sphinx==1.3.1), but installing version None
Collecting docutils>=0.11 (from sphinx==1.3.1)
  Downloading https://files.pythonhosted.org/packages/4c/5e/6003a0d1f37725ec2ebd4046b657abb9372202655f96e76795dca8c0063c/docutils-0.17.1-py2.py3-none-any.whl (575kB)
Collecting babel>=1.3 (from sphinx==1.3.1)
  Downloading https://files.pythonhosted.org/packages/aa/96/4ba93c5f40459dc850d25f9ba93f869a623e77aaecc7a9344e19c01942cf/Babel-2.9.1-py2.py3-none-any.whl (8.8MB)
Collecting alabaster<0.8,>=0.7 (from sphinx==1.3.1)
  Downloading https://files.pythonhosted.org/packages/10/ad/00b090d23a222943eb0eda509720a404f531a439e803f6538f35136cae9e/alabaster-0.7.12-py2.py3-none-any.whl
Collecting distlib<1,>=0.3.1 (from virtualenv>=1.11.2->tox==2.1.1)
  Downloading https://files.pythonhosted.org/packages/f5/0a/490fa011d699bb5a5f3a0cf57de82237f52a6db9d40f33c53b2736c9a1f9/distlib-0.3.1-py2.py3-none-any.whl (335kB)
Collecting filelock<4,>=3.0.0 (from virtualenv>=1.11.2->tox==2.1.1)
  Downloading https://files.pythonhosted.org/packages/14/ec/6ee2168387ce0154632f856d5cc5592328e9cf93127c5c9aeca92c8c16cb/filelock-3.0.12.tar.gz
    /opt/python/2.7.9/lib/python2.7/distutils/dist.py:267: UserWarning: Unknown distribution option: 'long_description_content_type'
      warnings.warn(msg)
Collecting appdirs<2,>=1.4.3 (from virtualenv>=1.11.2->tox==2.1.1)
  Downloading https://files.pythonhosted.org/packages/3b/00/2344469e2084fb287c2e0b57b72910309874c3245463acd6cf5e3db69324/appdirs-1.4.4-py2.py3-none-any.whl
Collecting importlib-resources>=1.0 (from virtualenv>=1.11.2->tox==2.1.1)
  Downloading https://files.pythonhosted.org/packages/7e/6c/2077c481c94e7a75e0678a41cb4e2a7916ac215e7a7677c5839513122d24/importlib_resources-5.1.4.tar.gz
  Requested importlib-resources>=1.0 (from virtualenv>=1.11.2->tox==2.1.1), but installing version None
Collecting importlib-metadata>=0.12 (from virtualenv>=1.11.2->tox==2.1.1)
  Downloading https://files.pythonhosted.org/packages/a4/8b/1d63614ef7ced52a7da2d40753968c40a4bbc14fd9c0ba85d612b44ffd9a/importlib_metadata-4.3.1.tar.gz
  Requested importlib-metadata>=0.12 (from virtualenv>=1.11.2->tox==2.1.1), but installing version None
Collecting pathlib2<3,>=2.3.3 (from virtualenv>=1.11.2->tox==2.1.1)
  Downloading https://files.pythonhosted.org/packages/e9/45/9c82d3666af4ef9f221cbb954e1d77ddbb513faf552aea6df5f37f1a4859/pathlib2-2.3.5-py2.py3-none-any.whl
Collecting pytz>=2015.7 (from babel>=1.3->sphinx==1.3.1)
  Downloading https://files.pythonhosted.org/packages/70/94/784178ca5dd892a98f113cdd923372024dc04b8d40abe77ca76b5fb90ca6/pytz-2021.1-py2.py3-none-any.whl (510kB)
Collecting scandir (from pathlib2<3,>=2.3.3->virtualenv>=1.11.2->tox==2.1.1)
  Downloading https://files.pythonhosted.org/packages/df/f5/9c052db7bd54d0cbf1bc0bb6554362bba1012d03e5888950a4f5c5dadc4e/scandir-1.10.0.tar.gz
    /opt/python/2.7.9/lib/python2.7/distutils/extension.py:133: UserWarning: Unknown Extension options: 'optional'
      warnings.warn(msg)
Installing collected packages: scandir, pytz, pathlib2, importlib-metadata, importlib-resources, appdirs, filelock, distlib, alabaster, babel, docutils, Pygments, six, snowballstemmer, sphinx-rtd-theme, MarkupSafe, pluggy, virtualenv, sphinx, Jinja2, PyYAML, tox
  Running setup.py install for scandir
    /opt/python/2.7.9/lib/python2.7/distutils/extension.py:133: UserWarning: Unknown Extension options: 'optional'
      warnings.warn(msg)
    building '_scandir' extension
    gcc -pthread -fno-strict-aliasing -g -fstack-protector --param=ssp-buffer-size=4 -Wformat -Werror=format-security -DNDEBUG -g -fwrapv -O3 -Wall -Wstrict-prototypes -fPIC -I/opt/python/2.7.9/include/python2.7 -c _scandir.c -o build/temp.linux-x86_64-2.7/_scandir.o
    gcc -pthread -shared -L/opt/python/2.7.9/lib -Wl,-rpath=/opt/python/2.7.9/lib build/temp.linux-x86_64-2.7/_scandir.o -L/opt/python/2.7.9/lib -lpython2.7 -o build/lib.linux-x86_64-2.7/_scandir.so


  Running setup.py install for importlib-metadata
  Running setup.py install for importlib-resources

  Running setup.py install for filelock
    /opt/python/2.7.9/lib/python2.7/distutils/dist.py:267: UserWarning: Unknown distribution option: 'long_description_content_type'
      warnings.warn(msg)




  Running setup.py install for Pygments



  Running setup.py install for MarkupSafe
    building 'markupsafe._speedups' extension
    gcc -pthread -fno-strict-aliasing -g -fstack-protector --param=ssp-buffer-size=4 -Wformat -Werror=format-security -DNDEBUG -g -fwrapv -O3 -Wall -Wstrict-prototypes -fPIC -I/opt/python/2.7.9/include/python2.7 -c src/markupsafe/_speedups.c -o build/temp.linux-x86_64-2.7/src/markupsafe/_speedups.o
    src/markupsafe/_speedups.c: In function ‘escape_unicode_kind1’:
    src/markupsafe/_speedups.c:94:2: error: unknown type name ‘Py_UCS1’
    src/markupsafe/_speedups.c:94:2: warning: implicit declaration of function ‘PyUnicode_1BYTE_DATA’ [-Wimplicit-function-declaration]
    src/markupsafe/_speedups.c:94:17: warning: initialization makes pointer from integer without a cast [enabled by default]
    src/markupsafe/_speedups.c:95:2: error: unknown type name ‘Py_UCS1’
    src/markupsafe/_speedups.c:95:2: warning: implicit declaration of function ‘PyUnicode_GET_LENGTH’ [-Wimplicit-function-declaration]
    src/markupsafe/_speedups.c:96:2: error: unknown type name ‘Py_UCS1’
    src/markupsafe/_speedups.c:106:2: warning: implicit declaration of function ‘PyUnicode_New’ [-Wimplicit-function-declaration]
    src/markupsafe/_speedups.c:107:7: warning: implicit declaration of function ‘PyUnicode_IS_ASCII’ [-Wimplicit-function-declaration]
    src/markupsafe/_speedups.c:106:6: warning: assignment makes pointer from integer without a cast [enabled by default]
    src/markupsafe/_speedups.c:111:6: warning: assignment makes pointer from integer without a cast [enabled by default]
    src/markupsafe/_speedups.c:112:7: warning: assignment makes pointer from integer without a cast [enabled by default]
    src/markupsafe/_speedups.c: In function ‘escape_unicode_kind2’:
    src/markupsafe/_speedups.c:120:2: error: unknown type name ‘Py_UCS2’
    src/markupsafe/_speedups.c:120:2: warning: implicit declaration of function ‘PyUnicode_2BYTE_DATA’ [-Wimplicit-function-declaration]
    src/markupsafe/_speedups.c:120:17: warning: initialization makes pointer from integer without a cast [enabled by default]
    src/markupsafe/_speedups.c:121:2: error: unknown type name ‘Py_UCS2’
    src/markupsafe/_speedups.c:122:2: error: unknown type name ‘Py_UCS2’
    src/markupsafe/_speedups.c:132:6: warning: assignment makes pointer from integer without a cast [enabled by default]
    src/markupsafe/_speedups.c:136:6: warning: assignment makes pointer from integer without a cast [enabled by default]
    src/markupsafe/_speedups.c:137:7: warning: assignment makes pointer from integer without a cast [enabled by default]
    src/markupsafe/_speedups.c: In function ‘escape_unicode_kind4’:
    src/markupsafe/_speedups.c:146:2: warning: implicit declaration of function ‘PyUnicode_4BYTE_DATA’ [-Wimplicit-function-declaration]
    src/markupsafe/_speedups.c:146:17: warning: initialization makes pointer from integer without a cast [enabled by default]
    src/markupsafe/_speedups.c:158:6: warning: assignment makes pointer from integer without a cast [enabled by default]
    src/markupsafe/_speedups.c:162:6: warning: assignment makes pointer from integer without a cast [enabled by default]
    src/markupsafe/_speedups.c:163:7: warning: assignment makes pointer from integer without a cast [enabled by default]
    src/markupsafe/_speedups.c: In function ‘escape_unicode’:
    src/markupsafe/_speedups.c:171:2: warning: implicit declaration of function ‘PyUnicode_READY’ [-Wimplicit-function-declaration]
    src/markupsafe/_speedups.c:174:2: warning: implicit declaration of function ‘PyUnicode_KIND’ [-Wimplicit-function-declaration]
    src/markupsafe/_speedups.c:175:7: error: ‘PyUnicode_1BYTE_KIND’ undeclared (first use in this function)
    src/markupsafe/_speedups.c:175:7: note: each undeclared identifier is reported only once for each function it appears in
    src/markupsafe/_speedups.c:177:7: error: ‘PyUnicode_2BYTE_KIND’ undeclared (first use in this function)
    src/markupsafe/_speedups.c:179:7: error: ‘PyUnicode_4BYTE_KIND’ undeclared (first use in this function)
    src/markupsafe/_speedups.c: In function ‘escape’:
    src/markupsafe/_speedups.c:193:3: warning: implicit declaration of function ‘PyUnicode_InternFromString’ [-Wimplicit-function-declaration]
    src/markupsafe/_speedups.c:193:11: warning: assignment makes pointer from integer without a cast [enabled by default]
    src/markupsafe/_speedups.c: At top level:
    src/markupsafe/_speedups.c:320:15: error: variable ‘module_definition’ has initializer but incomplete type
    src/markupsafe/_speedups.c:321:2: error: ‘PyModuleDef_HEAD_INIT’ undeclared here (not in a function)
    src/markupsafe/_speedups.c:321:2: warning: excess elements in struct initializer [enabled by default]
    src/markupsafe/_speedups.c:321:2: warning: (near initialization for ‘module_definition’) [enabled by default]
    src/markupsafe/_speedups.c:322:2: warning: excess elements in struct initializer [enabled by default]
    src/markupsafe/_speedups.c:322:2: warning: (near initialization for ‘module_definition’) [enabled by default]
    src/markupsafe/_speedups.c:323:2: warning: excess elements in struct initializer [enabled by default]
    src/markupsafe/_speedups.c:323:2: warning: (near initialization for ‘module_definition’) [enabled by default]
    src/markupsafe/_speedups.c:324:2: warning: excess elements in struct initializer [enabled by default]
    src/markupsafe/_speedups.c:324:2: warning: (near initialization for ‘module_definition’) [enabled by default]
    src/markupsafe/_speedups.c:325:2: warning: excess elements in struct initializer [enabled by default]
    src/markupsafe/_speedups.c:325:2: warning: (near initialization for ‘module_definition’) [enabled by default]
    src/markupsafe/_speedups.c:326:2: warning: excess elements in struct initializer [enabled by default]
    src/markupsafe/_speedups.c:326:2: warning: (near initialization for ‘module_definition’) [enabled by default]
    src/markupsafe/_speedups.c:327:2: warning: excess elements in struct initializer [enabled by default]
    src/markupsafe/_speedups.c:327:2: warning: (near initialization for ‘module_definition’) [enabled by default]
    src/markupsafe/_speedups.c:328:2: warning: excess elements in struct initializer [enabled by default]
    src/markupsafe/_speedups.c:328:2: warning: (near initialization for ‘module_definition’) [enabled by default]
    src/markupsafe/_speedups.c:330:1: warning: excess elements in struct initializer [enabled by default]
    src/markupsafe/_speedups.c:330:1: warning: (near initialization for ‘module_definition’) [enabled by default]
    src/markupsafe/_speedups.c: In function ‘PyInit__speedups’:
    src/markupsafe/_speedups.c:336:3: warning: ‘return’ with a value, in function returning void [enabled by default]
    src/markupsafe/_speedups.c:338:2: warning: implicit declaration of function ‘PyModule_Create’ [-Wimplicit-function-declaration]
    src/markupsafe/_speedups.c:338:2: warning: ‘return’ with a value, in function returning void [enabled by default]
    ==========================================================================
    WARNING: The C extension could not be compiled, speedups are not enabled.
    Failure information, if any, is above.
    Retrying the build without the C extension now.
    ==========================================================================
    ==========================================================================
    WARNING: The C extension could not be compiled, speedups are not enabled.
    Plain-Python build succeeded.
    ==========================================================================




  Running setup.py install for PyYAML
    checking if libyaml is compilable
    gcc -pthread -fno-strict-aliasing -g -fstack-protector --param=ssp-buffer-size=4 -Wformat -Werror=format-security -DNDEBUG -g -fwrapv -O3 -Wall -Wstrict-prototypes -fPIC -I/opt/python/2.7.9/include/python2.7 -c build/temp.linux-x86_64-2.7/check_libyaml.c -o build/temp.linux-x86_64-2.7/check_libyaml.o
    checking if libyaml is linkable
    gcc -pthread build/temp.linux-x86_64-2.7/check_libyaml.o -L/opt/python/2.7.9/lib -lyaml -o build/temp.linux-x86_64-2.7/check_libyaml
    building '_yaml' extension
    gcc -pthread -fno-strict-aliasing -g -fstack-protector --param=ssp-buffer-size=4 -Wformat -Werror=format-security -DNDEBUG -g -fwrapv -O3 -Wall -Wstrict-prototypes -fPIC -I/opt/python/2.7.9/include/python2.7 -c ext/_yaml.c -o build/temp.linux-x86_64-2.7/ext/_yaml.o
    In file included from ext/_yaml.c:343:0:
    ext/_yaml.h:6:0: warning: "PyUnicode_FromString" redefined [enabled by default]
    /opt/python/2.7.9/include/python2.7/unicodeobject.h:281:0: note: this is the location of the previous definition
    ext/_yaml.c: In function ‘__pyx_pf_5_yaml_get_version_string’:
    ext/_yaml.c:1346:17: warning: assignment discards ‘const’ qualifier from pointer target type [enabled by default]
    ext/_yaml.c: In function ‘__pyx_pf_5_yaml_7CParser___init__’:
    ext/_yaml.c:2471:5: warning: passing argument 2 of ‘yaml_parser_set_input’ from incompatible pointer type [enabled by default]
    /usr/include/yaml.h:1367:1: note: expected ‘int (*)(void *, unsigned char *, size_t,  size_t *)’ but argument is of type ‘int (*)(void *, char *, int,  int *)’
    ext/_yaml.c:2664:5: warning: pointer targets in passing argument 2 of ‘yaml_parser_set_input_string’ differ in signedness [-Wpointer-sign]
    /usr/include/yaml.h:1341:1: note: expected ‘const unsigned char *’ but argument is of type ‘char *’
    ext/_yaml.c: In function ‘__pyx_f_5_yaml_7CParser__token_to_object’:
    ext/_yaml.c:4183:5: warning: pointer targets in passing argument 1 of ‘strlen’ differ in signedness [-Wpointer-sign]
    /usr/include/string.h:399:15: note: expected ‘const char *’ but argument is of type ‘yaml_char_t *’
    ext/_yaml.c:4183:5: warning: pointer targets in passing argument 1 of ‘PyUnicodeUCS4_DecodeUTF8’ differ in signedness [-Wpointer-sign]
    /opt/python/2.7.9/include/python2.7/unicodeobject.h:750:23: note: expected ‘const char *’ but argument is of type ‘yaml_char_t *’
    ext/_yaml.c:4195:5: warning: pointer targets in passing argument 1 of ‘strlen’ differ in signedness [-Wpointer-sign]
    /usr/include/string.h:399:15: note: expected ‘const char *’ but argument is of type ‘yaml_char_t *’
    ext/_yaml.c:4195:5: warning: pointer targets in passing argument 1 of ‘PyUnicodeUCS4_DecodeUTF8’ differ in signedness [-Wpointer-sign]
    /opt/python/2.7.9/include/python2.7/unicodeobject.h:750:23: note: expected ‘const char *’ but argument is of type ‘yaml_char_t *’
    ext/_yaml.c:4741:5: warning: pointer targets in passing argument 1 of ‘strlen’ differ in signedness [-Wpointer-sign]
    /usr/include/string.h:399:15: note: expected ‘const char *’ but argument is of type ‘yaml_char_t *’
    ext/_yaml.c:4741:5: warning: pointer targets in passing argument 1 of ‘PyUnicodeUCS4_DecodeUTF8’ differ in signedness [-Wpointer-sign]
    /opt/python/2.7.9/include/python2.7/unicodeobject.h:750:23: note: expected ‘const char *’ but argument is of type ‘yaml_char_t *’
    ext/_yaml.c:4792:5: warning: pointer targets in passing argument 1 of ‘strlen’ differ in signedness [-Wpointer-sign]
    /usr/include/string.h:399:15: note: expected ‘const char *’ but argument is of type ‘yaml_char_t *’
    ext/_yaml.c:4792:5: warning: pointer targets in passing argument 1 of ‘PyUnicodeUCS4_DecodeUTF8’ differ in signedness [-Wpointer-sign]
    /opt/python/2.7.9/include/python2.7/unicodeobject.h:750:23: note: expected ‘const char *’ but argument is of type ‘yaml_char_t *’
    ext/_yaml.c:4843:5: warning: pointer targets in passing argument 1 of ‘strlen’ differ in signedness [-Wpointer-sign]
    /usr/include/string.h:399:15: note: expected ‘const char *’ but argument is of type ‘yaml_char_t *’
    ext/_yaml.c:4843:5: warning: pointer targets in passing argument 1 of ‘PyUnicodeUCS4_DecodeUTF8’ differ in signedness [-Wpointer-sign]
    /opt/python/2.7.9/include/python2.7/unicodeobject.h:750:23: note: expected ‘const char *’ but argument is of type ‘yaml_char_t *’
    ext/_yaml.c:4855:5: warning: pointer targets in passing argument 1 of ‘strlen’ differ in signedness [-Wpointer-sign]
    /usr/include/string.h:399:15: note: expected ‘const char *’ but argument is of type ‘yaml_char_t *’
    ext/_yaml.c:4855:5: warning: pointer targets in passing argument 1 of ‘PyUnicodeUCS4_DecodeUTF8’ differ in signedness [-Wpointer-sign]
    /opt/python/2.7.9/include/python2.7/unicodeobject.h:750:23: note: expected ‘const char *’ but argument is of type ‘yaml_char_t *’
    ext/_yaml.c:4938:5: warning: pointer targets in passing argument 1 of ‘PyUnicodeUCS4_DecodeUTF8’ differ in signedness [-Wpointer-sign]
    /opt/python/2.7.9/include/python2.7/unicodeobject.h:750:23: note: expected ‘const char *’ but argument is of type ‘yaml_char_t *’
    ext/_yaml.c: In function ‘__pyx_f_5_yaml_7CParser__event_to_object’:
    ext/_yaml.c:6435:9: warning: pointer targets in passing argument 1 of ‘strlen’ differ in signedness [-Wpointer-sign]
    /usr/include/string.h:399:15: note: expected ‘const char *’ but argument is of type ‘yaml_char_t *’
    ext/_yaml.c:6435:9: warning: pointer targets in passing argument 1 of ‘PyUnicodeUCS4_DecodeUTF8’ differ in signedness [-Wpointer-sign]
    /opt/python/2.7.9/include/python2.7/unicodeobject.h:750:23: note: expected ‘const char *’ but argument is of type ‘yaml_char_t *’
    ext/_yaml.c:6447:9: warning: pointer targets in passing argument 1 of ‘strlen’ differ in signedness [-Wpointer-sign]
    /usr/include/string.h:399:15: note: expected ‘const char *’ but argument is of type ‘yaml_char_t *’
    ext/_yaml.c:6447:9: warning: pointer targets in passing argument 1 of ‘PyUnicodeUCS4_DecodeUTF8’ differ in signedness [-Wpointer-sign]
    /opt/python/2.7.9/include/python2.7/unicodeobject.h:750:23: note: expected ‘const char *’ but argument is of type ‘yaml_char_t *’
    ext/_yaml.c:6616:5: warning: pointer targets in passing argument 1 of ‘strlen’ differ in signedness [-Wpointer-sign]
    /usr/include/string.h:399:15: note: expected ‘const char *’ but argument is of type ‘yaml_char_t *’
    ext/_yaml.c:6616:5: warning: pointer targets in passing argument 1 of ‘PyUnicodeUCS4_DecodeUTF8’ differ in signedness [-Wpointer-sign]
    /opt/python/2.7.9/include/python2.7/unicodeobject.h:750:23: note: expected ‘const char *’ but argument is of type ‘yaml_char_t *’
    ext/_yaml.c:6687:7: warning: pointer targets in passing argument 1 of ‘strlen’ differ in signedness [-Wpointer-sign]
    /usr/include/string.h:399:15: note: expected ‘const char *’ but argument is of type ‘yaml_char_t *’
    ext/_yaml.c:6687:7: warning: pointer targets in passing argument 1 of ‘PyUnicodeUCS4_DecodeUTF8’ differ in signedness [-Wpointer-sign]
    /opt/python/2.7.9/include/python2.7/unicodeobject.h:750:23: note: expected ‘const char *’ but argument is of type ‘yaml_char_t *’
    ext/_yaml.c:6722:7: warning: pointer targets in passing argument 1 of ‘strlen’ differ in signedness [-Wpointer-sign]
    /usr/include/string.h:399:15: note: expected ‘const char *’ but argument is of type ‘yaml_char_t *’
    ext/_yaml.c:6722:7: warning: pointer targets in passing argument 1 of ‘PyUnicodeUCS4_DecodeUTF8’ differ in signedness [-Wpointer-sign]
    /opt/python/2.7.9/include/python2.7/unicodeobject.h:750:23: note: expected ‘const char *’ but argument is of type ‘yaml_char_t *’
    ext/_yaml.c:6737:5: warning: pointer targets in passing argument 1 of ‘PyUnicodeUCS4_DecodeUTF8’ differ in signedness [-Wpointer-sign]
    /opt/python/2.7.9/include/python2.7/unicodeobject.h:750:23: note: expected ‘const char *’ but argument is of type ‘yaml_char_t *’
    ext/_yaml.c:7031:7: warning: pointer targets in passing argument 1 of ‘strlen’ differ in signedness [-Wpointer-sign]
    /usr/include/string.h:399:15: note: expected ‘const char *’ but argument is of type ‘yaml_char_t *’
    ext/_yaml.c:7031:7: warning: pointer targets in passing argument 1 of ‘PyUnicodeUCS4_DecodeUTF8’ differ in signedness [-Wpointer-sign]
    /opt/python/2.7.9/include/python2.7/unicodeobject.h:750:23: note: expected ‘const char *’ but argument is of type ‘yaml_char_t *’
    ext/_yaml.c:7066:7: warning: pointer targets in passing argument 1 of ‘strlen’ differ in signedness [-Wpointer-sign]
    /usr/include/string.h:399:15: note: expected ‘const char *’ but argument is of type ‘yaml_char_t *’
    ext/_yaml.c:7066:7: warning: pointer targets in passing argument 1 of ‘PyUnicodeUCS4_DecodeUTF8’ differ in signedness [-Wpointer-sign]
    /opt/python/2.7.9/include/python2.7/unicodeobject.h:750:23: note: expected ‘const char *’ but argument is of type ‘yaml_char_t *’
    ext/_yaml.c:7253:7: warning: pointer targets in passing argument 1 of ‘strlen’ differ in signedness [-Wpointer-sign]
    /usr/include/string.h:399:15: note: expected ‘const char *’ but argument is of type ‘yaml_char_t *’
    ext/_yaml.c:7253:7: warning: pointer targets in passing argument 1 of ‘PyUnicodeUCS4_DecodeUTF8’ differ in signedness [-Wpointer-sign]
    /opt/python/2.7.9/include/python2.7/unicodeobject.h:750:23: note: expected ‘const char *’ but argument is of type ‘yaml_char_t *’
    ext/_yaml.c:7288:7: warning: pointer targets in passing argument 1 of ‘strlen’ differ in signedness [-Wpointer-sign]
    /usr/include/string.h:399:15: note: expected ‘const char *’ but argument is of type ‘yaml_char_t *’
    ext/_yaml.c:7288:7: warning: pointer targets in passing argument 1 of ‘PyUnicodeUCS4_DecodeUTF8’ differ in signedness [-Wpointer-sign]
    /opt/python/2.7.9/include/python2.7/unicodeobject.h:750:23: note: expected ‘const char *’ but argument is of type ‘yaml_char_t *’
    ext/_yaml.c: In function ‘__pyx_f_5_yaml_7CParser__compose_node’:
    ext/_yaml.c:8704:5: warning: pointer targets in passing argument 1 of ‘strlen’ differ in signedness [-Wpointer-sign]
    /usr/include/string.h:399:15: note: expected ‘const char *’ but argument is of type ‘yaml_char_t *’
    ext/_yaml.c:8704:5: warning: pointer targets in passing argument 1 of ‘PyUnicodeUCS4_DecodeUTF8’ differ in signedness [-Wpointer-sign]
    /opt/python/2.7.9/include/python2.7/unicodeobject.h:750:23: note: expected ‘const char *’ but argument is of type ‘yaml_char_t *’
    ext/_yaml.c:8924:5: warning: pointer targets in passing argument 1 of ‘strlen’ differ in signedness [-Wpointer-sign]
    /usr/include/string.h:399:15: note: expected ‘const char *’ but argument is of type ‘yaml_char_t *’
    ext/_yaml.c:8924:5: warning: pointer targets in passing argument 1 of ‘PyUnicodeUCS4_DecodeUTF8’ differ in signedness [-Wpointer-sign]
    /opt/python/2.7.9/include/python2.7/unicodeobject.h:750:23: note: expected ‘const char *’ but argument is of type ‘yaml_char_t *’
    ext/_yaml.c:8962:5: warning: pointer targets in passing argument 1 of ‘strlen’ differ in signedness [-Wpointer-sign]
    /usr/include/string.h:399:15: note: expected ‘const char *’ but argument is of type ‘yaml_char_t *’
    ext/_yaml.c:8962:5: warning: pointer targets in passing argument 1 of ‘PyUnicodeUCS4_DecodeUTF8’ differ in signedness [-Wpointer-sign]
    /opt/python/2.7.9/include/python2.7/unicodeobject.h:750:23: note: expected ‘const char *’ but argument is of type ‘yaml_char_t *’
    ext/_yaml.c:9000:5: warning: pointer targets in passing argument 1 of ‘strlen’ differ in signedness [-Wpointer-sign]
    /usr/include/string.h:399:15: note: expected ‘const char *’ but argument is of type ‘yaml_char_t *’
    ext/_yaml.c:9000:5: warning: pointer targets in passing argument 1 of ‘PyUnicodeUCS4_DecodeUTF8’ differ in signedness [-Wpointer-sign]
    /opt/python/2.7.9/include/python2.7/unicodeobject.h:750:23: note: expected ‘const char *’ but argument is of type ‘yaml_char_t *’
    ext/_yaml.c: In function ‘__pyx_f_5_yaml_7CParser__compose_scalar_node’:
    ext/_yaml.c:9532:3: warning: pointer targets in passing argument 1 of ‘PyUnicodeUCS4_DecodeUTF8’ differ in signedness [-Wpointer-sign]
    /opt/python/2.7.9/include/python2.7/unicodeobject.h:750:23: note: expected ‘const char *’ but argument is of type ‘yaml_char_t *’
    ext/_yaml.c:9688:5: warning: pointer targets in passing argument 1 of ‘strlen’ differ in signedness [-Wpointer-sign]
    /usr/include/string.h:399:15: note: expected ‘const char *’ but argument is of type ‘yaml_char_t *’
    ext/_yaml.c:9688:5: warning: pointer targets in passing argument 1 of ‘PyUnicodeUCS4_DecodeUTF8’ differ in signedness [-Wpointer-sign]
    /opt/python/2.7.9/include/python2.7/unicodeobject.h:750:23: note: expected ‘const char *’ but argument is of type ‘yaml_char_t *’
    ext/_yaml.c: In function ‘__pyx_f_5_yaml_7CParser__compose_sequence_node’:
    ext/_yaml.c:10128:5: warning: pointer targets in passing argument 1 of ‘strlen’ differ in signedness [-Wpointer-sign]
    /usr/include/string.h:399:15: note: expected ‘const char *’ but argument is of type ‘yaml_char_t *’
    ext/_yaml.c:10128:5: warning: pointer targets in passing argument 1 of ‘PyUnicodeUCS4_DecodeUTF8’ differ in signedness [-Wpointer-sign]
    /opt/python/2.7.9/include/python2.7/unicodeobject.h:750:23: note: expected ‘const char *’ but argument is of type ‘yaml_char_t *’
    ext/_yaml.c: In function ‘__pyx_f_5_yaml_7CParser__compose_mapping_node’:
    ext/_yaml.c:10654:5: warning: pointer targets in passing argument 1 of ‘strlen’ differ in signedness [-Wpointer-sign]
    /usr/include/string.h:399:15: note: expected ‘const char *’ but argument is of type ‘yaml_char_t *’
    ext/_yaml.c:10654:5: warning: pointer targets in passing argument 1 of ‘PyUnicodeUCS4_DecodeUTF8’ differ in signedness [-Wpointer-sign]
    /opt/python/2.7.9/include/python2.7/unicodeobject.h:750:23: note: expected ‘const char *’ but argument is of type ‘yaml_char_t *’
    ext/_yaml.c: In function ‘__pyx_pf_5_yaml_8CEmitter___init__’:
    ext/_yaml.c:11721:3: warning: passing argument 2 of ‘yaml_emitter_set_output’ from incompatible pointer type [enabled by default]
    /usr/include/yaml.h:1829:1: note: expected ‘int (*)(void *, unsigned char *, size_t)’ but argument is of type ‘int (*)(void *, char *, int)’
    ext/_yaml.c: In function ‘__pyx_f_5_yaml_8CEmitter__object_to_event’:
    ext/_yaml.c:12898:44: warning: pointer targets in assignment differ in signedness [-Wpointer-sign]
    ext/_yaml.c:12991:44: warning: pointer targets in assignment differ in signedness [-Wpointer-sign]
    ext/_yaml.c:13248:5: warning: pointer targets in passing argument 2 of ‘yaml_alias_event_initialize’ differ in signedness [-Wpointer-sign]
    /usr/include/yaml.h:553:1: note: expected ‘yaml_char_t *’ but argument is of type ‘char *’
    ext/_yaml.c:13824:5: warning: pointer targets in passing argument 2 of ‘yaml_scalar_event_initialize’ differ in signedness [-Wpointer-sign]
    /usr/include/yaml.h:578:1: note: expected ‘yaml_char_t *’ but argument is of type ‘char *’
    ext/_yaml.c:13824:5: warning: pointer targets in passing argument 3 of ‘yaml_scalar_event_initialize’ differ in signedness [-Wpointer-sign]
    /usr/include/yaml.h:578:1: note: expected ‘yaml_char_t *’ but argument is of type ‘char *’
    ext/_yaml.c:13824:5: warning: pointer targets in passing argument 4 of ‘yaml_scalar_event_initialize’ differ in signedness [-Wpointer-sign]
    /usr/include/yaml.h:578:1: note: expected ‘yaml_char_t *’ but argument is of type ‘char *’
    ext/_yaml.c:14166:5: warning: pointer targets in passing argument 2 of ‘yaml_sequence_start_event_initialize’ differ in signedness [-Wpointer-sign]
    /usr/include/yaml.h:601:1: note: expected ‘yaml_char_t *’ but argument is of type ‘char *’
    ext/_yaml.c:14166:5: warning: pointer targets in passing argument 3 of ‘yaml_sequence_start_event_initialize’ differ in signedness [-Wpointer-sign]
    /usr/include/yaml.h:601:1: note: expected ‘yaml_char_t *’ but argument is of type ‘char *’
    ext/_yaml.c:14508:5: warning: pointer targets in passing argument 2 of ‘yaml_mapping_start_event_initialize’ differ in signedness [-Wpointer-sign]
    /usr/include/yaml.h:633:1: note: expected ‘yaml_char_t *’ but argument is of type ‘char *’
    ext/_yaml.c:14508:5: warning: pointer targets in passing argument 3 of ‘yaml_mapping_start_event_initialize’ differ in signedness [-Wpointer-sign]
    /usr/include/yaml.h:633:1: note: expected ‘yaml_char_t *’ but argument is of type ‘char *’
    ext/_yaml.c: In function ‘__pyx_pf_5_yaml_8CEmitter_12serialize’:
    ext/_yaml.c:15784:42: warning: pointer targets in assignment differ in signedness [-Wpointer-sign]
    ext/_yaml.c:15877:42: warning: pointer targets in assignment differ in signedness [-Wpointer-sign]
    ext/_yaml.c: In function ‘__pyx_f_5_yaml_8CEmitter__serialize_node’:
    ext/_yaml.c:16616:5: warning: pointer targets in passing argument 2 of ‘yaml_alias_event_initialize’ differ in signedness [-Wpointer-sign]
    /usr/include/yaml.h:553:1: note: expected ‘yaml_char_t *’ but argument is of type ‘char *’
    ext/_yaml.c:17195:7: warning: pointer targets in passing argument 2 of ‘yaml_scalar_event_initialize’ differ in signedness [-Wpointer-sign]
    /usr/include/yaml.h:578:1: note: expected ‘yaml_char_t *’ but argument is of type ‘char *’
    ext/_yaml.c:17195:7: warning: pointer targets in passing argument 3 of ‘yaml_scalar_event_initialize’ differ in signedness [-Wpointer-sign]
    /usr/include/yaml.h:578:1: note: expected ‘yaml_char_t *’ but argument is of type ‘char *’
    ext/_yaml.c:17195:7: warning: pointer targets in passing argument 4 of ‘yaml_scalar_event_initialize’ differ in signedness [-Wpointer-sign]
    /usr/include/yaml.h:578:1: note: expected ‘yaml_char_t *’ but argument is of type ‘char *’
    ext/_yaml.c:17473:7: warning: pointer targets in passing argument 2 of ‘yaml_sequence_start_event_initialize’ differ in signedness [-Wpointer-sign]
    /usr/include/yaml.h:601:1: note: expected ‘yaml_char_t *’ but argument is of type ‘char *’
    ext/_yaml.c:17473:7: warning: pointer targets in passing argument 3 of ‘yaml_sequence_start_event_initialize’ differ in signedness [-Wpointer-sign]
    /usr/include/yaml.h:601:1: note: expected ‘yaml_char_t *’ but argument is of type ‘char *’
    ext/_yaml.c:17874:7: warning: pointer targets in passing argument 2 of ‘yaml_mapping_start_event_initialize’ differ in signedness [-Wpointer-sign]
    /usr/include/yaml.h:633:1: note: expected ‘yaml_char_t *’ but argument is of type ‘char *’
    ext/_yaml.c:17874:7: warning: pointer targets in passing argument 3 of ‘yaml_mapping_start_event_initialize’ differ in signedness [-Wpointer-sign]
    /usr/include/yaml.h:633:1: note: expected ‘yaml_char_t *’ but argument is of type ‘char *’
    gcc -pthread -shared -L/opt/python/2.7.9/lib -Wl,-rpath=/opt/python/2.7.9/lib build/temp.linux-x86_64-2.7/ext/_yaml.o -L/opt/python/2.7.9/lib -lyaml -lpython2.7 -o build/lib.linux-x86_64-2.7/_yaml.so

Successfully installed Jinja2-2.8 MarkupSafe-0.0.0 PyYAML-3.11 Pygments alabaster-0.7.12 appdirs-1.4.4 babel-2.9.1 distlib-0.3.1 docutils-0.17.1 filelock-3.0.12 importlib-metadata importlib-resources pathlib2-2.3.5 pluggy-0.3.1 pytz-2021.1 scandir-1.10.0 six-1.16.0 snowballstemmer-2.1.0 sphinx-1.3.1 sphinx-rtd-theme-0.1.9 tox-2.1.1 virtualenv-20.4.7

travis_time:end:01ffd4ba:start=1622250891236798666,finish=1622250910246830141,duration=19010031475[0Ktravis_fold:end:install[0Ktravis_time:start:0f9bcb58[0K$ if test x"$TOKENV" != x'py24' ; then  tox ; fi
GLOB sdist-make: /home/travis/build/passed/ansible/ansible/setup.py
py34 create: /home/travis/build/passed/ansible/ansible/.tox/py34
ERROR: invocation failed (exit code 1), logfile: /home/travis/build/passed/ansible/ansible/.tox/py34/log/py34-0.log
ERROR: actionid: py34
msg: getenv
cmdargs: ['/home/travis/virtualenv/python2.7.9/bin/python', '-m', 'virtualenv', '--python', '/opt/python/3.4.2/bin/python3.4', 'py34']
env: {'PYTHON_CFLAGS': '-g -fstack-protector --param=ssp-buffer-size=4 -Wformat -Werror=format-security', 'TRAVIS_SUDO': 'true', 'HOSTNAME': 'fc93fcb7b128', 'CONTINUOUS_INTEGRATION': 'true', 'TRAVIS_PULL_REQUEST_BRANCH': '', 'rvm_version': '1.26.8 (1.26.8)', 'GOROOT': '/home/travis/.gimme/versions/go1.4.1.linux.amd64', 'NVM_IOJS_ORG_VERSION_LISTING': 'https://iojs.org/dist/index.tab', 'rvm_path': '/home/travis/.rvm', 'TRAVIS': 'true', 'USER': 'travis', 'NVM_DIR': '/home/travis/.nvm', 'HOME': '/home/travis', 'TRAVIS_REPO_SLUG': 'ansible/ansible', 'PATH': '/home/travis/build/passed/ansible/ansible/.tox/py34/bin:/home/travis/virtualenv/python2.7.9/bin:/home/travis/bin:/home/travis/.local/bin:/home/travis/.rvm/gems/ruby-1.9.3-p551/bin:/home/travis/.rvm/gems/ruby-1.9.3-p551@global/bin:/home/travis/.rvm/rubies/ruby-1.9.3-p551/bin:/opt/python/2.7.9/bin:/opt/python/2.6.9/bin:/opt/python/3.4.2/bin:/opt/python/3.3.5/bin:/opt/python/3.2.5/bin:/opt/python/pypy-2.5.0/bin:/opt/python/pypy3-2.4.0/bin:/usr/local/phantomjs/bin:/home/travis/.nvm/v0.10.36/bin:./node_modules/.bin:/usr/local/maven-3.2.5/bin:/usr/local/clang-3.4/bin:/home/travis/.gimme/versions/go1.4.1.linux.amd64/bin:/usr/local/sbin:/usr/local/bin:/usr/sbin:/usr/bin:/sbin:/bin:/home/travis/.rvm/bin', 'TRAVIS_PULL_REQUEST': 'false', 'NVM_IOJS_ORG_MIRROR': 'https://iojs.org/dist', 'rvm_autoupdate_flag': '0', 'rvm_silence_path_mismatch_check_flag': '1', 'TRAVIS_ALLOW_FAILURE': '', 'LANG': 'en_US.UTF-8', 'JRUBY_OPTS': '--client -J-XX:+TieredCompilation -J-XX:TieredStopAtLevel=1 -Xcext.enabled=false -J-Xss2m -Xcompile.invokedynamic=false', 'TERM': 'xterm', 'SHELL': '/bin/bash', 'TRAVIS_COMMIT': '', 'rvm_prefix': '/home/travis', 'TRAVIS_BRANCH': '', 'SHLVL': '2', 'TRAVIS_PULL_REQUEST_SHA': '', 'TRAVIS_PULL_REQUEST_SLUG': '', 'MERB_ENV': 'test', 'VIRTUAL_ENV': '/home/travis/build/passed/ansible/ansible/.tox/py34', 'NVM_BIN': '/home/travis/.nvm/v0.10.36/bin', 'NVM_PATH': '/home/travis/.nvm/v0.10.36/lib/node', 'GIT_ASKPASS': 'echo', 'VIRTUAL_ENV_DISABLE_PROMPT': 'true', 'PS4': '+', 'MANPATH': '/home/travis/.nvm/v0.10.36/share/man:/usr/local/clang-3.4/share/man:/usr/local/man:/usr/local/share/man:/usr/share/man', 'PYTHONHASHSEED': '1049200908', '_system_arch': 'x86_64', 'GEM_PATH': '/home/travis/.rvm/gems/ruby-1.9.3-p551:/home/travis/.rvm/gems/ruby-1.9.3-p551@global', 'COMPOSER_NO_INTERACTION': '1', 'rvm_bin_path': '/home/travis/.rvm/bin', 'CI': 'true', 'TOXENV': 'py34', 'RAILS_ENV': 'test', 'DEBIAN_FRONTEND': 'noninteractive', 'TRAVIS_JOB_NUMBER': '', 'IRBRC': '/home/travis/.rvm/rubies/ruby-1.9.3-p551/.irbrc', 'TRAVIS_BUILD_ID': '', 'TRAVIS_SECURE_ENV_VARS': 'false', 'MY_RUBY_HOME': '/home/travis/.rvm/rubies/ruby-1.9.3-p551', 'TRAVIS_EVENT_TYPE': '', 'container': 'docker', 'TRAVIS_COMMIT_MESSAGE': 'Cleanup one more missed inventory bug', '_system_type': 'Linux', '_': '/home/travis/virtualenv/python2.7.9/bin/tox', 'TRAVIS_TAG': '', 'TRAVIS_JOB_ID': '', 'JAVA_HOME': '/usr/lib/jvm/java-7-oracle', 'RUBY_VERSION': 'ruby-1.9.3-p551', 'PYTHON_CONFIGURE_OPTS': '--enable-unicode=ucs4 --with-wide-unicode --enable-shared --enable-ipv6 --enable-loadable-sqlite-extensions --with-computed-gotos', 'PIP_DISABLE_PIP_VERSION_CHECK': '1', 'OLDPWD': '/home/travis/build', 'TRAVIS_LANGUAGE': 'python', 'TRAVIS_BUILD_NUMBER': '', 'TRAVIS_BUILD_DIR': '/home/travis/build/passed/ansible/ansible', 'TRAVIS_PYTHON_VERSION': '2.7', '_system_name': 'Ubuntu', 'TRAVIS_OS_NAME': 'linux', 'HAS_JOSH_K_SEAL_OF_APPROVAL': 'true', '_system_version': '12.04', 'TRAVIS_COMMIT_RANGE': '', 'PWD': '/home/travis/build/passed/ansible/ansible', 'HAS_ANTARES_THREE_LITTLE_FRONZIES_BADGE': 'true', 'PAGER': 'cat', 'GEM_HOME': '/home/travis/.rvm/gems/ruby-1.9.3-p551', 'RACK_ENV': 'test', 'NVM_NODEJS_ORG_MIRROR': 'https://nodejs.org/dist'}

/home/travis/virtualenv/python2.7.9/bin/python: No module named importlib_metadata; 'virtualenv' is a package and cannot be directly executed

ERROR: InvocationError: /home/travis/virtualenv/python2.7.9/bin/python -m virtualenv --python /opt/python/3.4.2/bin/python3.4 py34 (see /home/travis/build/passed/ansible/ansible/.tox/py34/log/py34-0.log)
___________________________________ summary ____________________________________
ERROR:   py34: InvocationError: /home/travis/virtualenv/python2.7.9/bin/python -m virtualenv --python /opt/python/3.4.2/bin/python3.4 py34 (see /home/travis/build/passed/ansible/ansible/.tox/py34/log/py34-0.log)

travis_time:end:0f9bcb58:start=1622250910257655397,finish=1622250958053730196,duration=47796074799[0K
[31;1mThe command "if test x"$TOKENV" != x'py24' ; then  tox ; fi" exited with 1.[0m
travis_time:start:05bbcf92[0K$ if test x"$TOKENV" = x'py24' ; then python2.4 -V && python2.4 -m compileall -fq -x 'module_utils/(a10|rax|openstack|ec2|gce).py' lib/ansible/module_utils ; fi

travis_time:end:05bbcf92:start=1622250958068485443,finish=1622250958075703327,duration=7217884[0K
[32;1mThe command "if test x"$TOKENV" = x'py24' ; then python2.4 -V && python2.4 -m compileall -fq -x 'module_utils/(a10|rax|openstack|ec2|gce).py' lib/ansible/module_utils ; fi" exited with 0.[0m
travis_time:start:216871f1[0K$ source ./hacking/env-setup && cd test/integration/ && make test_var_precedence
running egg_info
creating lib/ansible.egg-info
writing requirements to lib/ansible.egg-info/requires.txt
writing lib/ansible.egg-info/PKG-INFO
writing top-level names to lib/ansible.egg-info/top_level.txt
writing dependency_links to lib/ansible.egg-info/dependency_links.txt
writing manifest file 'lib/ansible.egg-info/SOURCES.txt'
reading manifest file 'lib/ansible.egg-info/SOURCES.txt'
reading manifest template 'MANIFEST.in'
no previously-included directories found matching 'v2'
no previously-included directories found matching 'docsite'
no previously-included directories found matching 'ticket_stubs'
no previously-included directories found matching 'packaging'
no previously-included directories found matching 'test'
no previously-included directories found matching 'hacking'
no previously-included directories found matching 'lib/ansible/modules/core/.git'
no previously-included directories found matching 'lib/ansible/modules/extras/.git'
writing manifest file 'lib/ansible.egg-info/SOURCES.txt'

Setting up Ansible to run out of checkout...

PATH=/home/travis/build/passed/ansible/ansible/bin:/home/travis/virtualenv/python2.7.9/bin:/home/travis/bin:/home/travis/.local/bin:/home/travis/.rvm/gems/ruby-1.9.3-p551/bin:/home/travis/.rvm/gems/ruby-1.9.3-p551@global/bin:/home/travis/.rvm/rubies/ruby-1.9.3-p551/bin:/opt/python/2.7.9/bin:/opt/python/2.6.9/bin:/opt/python/3.4.2/bin:/opt/python/3.3.5/bin:/opt/python/3.2.5/bin:/opt/python/pypy-2.5.0/bin:/opt/python/pypy3-2.4.0/bin:/usr/local/phantomjs/bin:/home/travis/.nvm/v0.10.36/bin:./node_modules/.bin:/usr/local/maven-3.2.5/bin:/usr/local/clang-3.4/bin:/home/travis/.gimme/versions/go1.4.1.linux.amd64/bin:/usr/local/sbin:/usr/local/bin:/usr/sbin:/usr/bin:/sbin:/bin:/home/travis/.rvm/bin
PYTHONPATH=/home/travis/build/passed/ansible/ansible/lib:
MANPATH=/home/travis/build/passed/ansible/ansible/docs/man:/home/travis/.nvm/v0.10.36/share/man:/usr/local/clang-3.4/share/man:/usr/local/man:/usr/local/share/man:/usr/share/man

Remember, you may wish to specify your host file with -i

Done!

ansible-playbook test_var_precedence.yml -i inventory   -v -e 'extra_var=extra_var' -e 'extra_var_override=extra_var_override'
Unexpected Exception: No module named markupsafe
the full traceback was:

Traceback (most recent call last):
  File "/home/travis/build/passed/ansible/ansible/bin/ansible-playbook", line 64, in <module>
    from ansible.cli.playbook import PlaybookCLI as mycli
  File "/home/travis/build/passed/ansible/ansible/lib/ansible/cli/playbook.py", line 26, in <module>
    from ansible.executor.playbook_executor import PlaybookExecutor
  File "/home/travis/build/passed/ansible/ansible/lib/ansible/executor/playbook_executor.py", line 29, in <module>
    from ansible.executor.task_queue_manager import TaskQueueManager
  File "/home/travis/build/passed/ansible/ansible/lib/ansible/executor/task_queue_manager.py", line 30, in <module>
    from ansible.executor.play_iterator import PlayIterator
  File "/home/travis/build/passed/ansible/ansible/lib/ansible/executor/play_iterator.py", line 29, in <module>
    from ansible.playbook.block import Block
  File "/home/travis/build/passed/ansible/ansible/lib/ansible/playbook/__init__.py", line 27, in <module>
    from ansible.playbook.play import Play
  File "/home/travis/build/passed/ansible/ansible/lib/ansible/playbook/play.py", line 27, in <module>
    from ansible.playbook.base import Base
  File "/home/travis/build/passed/ansible/ansible/lib/ansible/playbook/base.py", line 32, in <module>
    from jinja2.exceptions import UndefinedError
  File "/home/travis/virtualenv/python2.7.9/lib/python2.7/site-packages/jinja2/__init__.py", line 33, in <module>
    from jinja2.environment import Environment, Template
  File "/home/travis/virtualenv/python2.7.9/lib/python2.7/site-packages/jinja2/environment.py", line 13, in <module>
    from jinja2 import nodes
  File "/home/travis/virtualenv/python2.7.9/lib/python2.7/site-packages/jinja2/nodes.py", line 19, in <module>
    from jinja2.utils import Markup
  File "/home/travis/virtualenv/python2.7.9/lib/python2.7/site-packages/jinja2/utils.py", line 531, in <module>
    from markupsafe import Markup, escape, soft_unicode
ImportError: No module named markupsafe

make: *** [test_var_precedence] Error 250

travis_time:end:216871f1:start=1622250958083698573,finish=1622250960642955643,duration=2559257070[0K
[31;1mThe command "source ./hacking/env-setup && cd test/integration/ && make test_var_precedence" exited with 2.[0m

Done. Your build exited with 1.
