travis_fold:start:system_info[0K[33;1mBuild system information[0m
Build language: python
Build id: ''
Job id: ''
[34m[1mBuild image provisioning date and time[0m
Thu Feb  5 15:09:33 UTC 2015
[34m[1mOperating System Details[0m
Distributor ID:	Ubuntu
Description:	Ubuntu 12.04.5 LTS
Release:	12.04
Codename:	precise
[34m[1mLinux Version[0m
3.13.0-29-generic
[34m[1mCookbooks Version[0m
a68419e https://github.com/travis-ci/travis-cookbooks/tree/a68419e
[34m[1mGCC version[0m
gcc (Ubuntu/Linaro 4.6.3-1ubuntu5) 4.6.3
Copyright (C) 2011 Free Software Foundation, Inc.
This is free software; see the source for copying conditions.  There is NO
warranty; not even for MERCHANTABILITY or FITNESS FOR A PARTICULAR PURPOSE.

[34m[1mLLVM version[0m
clang version 3.4 (tags/RELEASE_34/final)
Target: x86_64-unknown-linux-gnu
Thread model: posix
[34m[1mPre-installed Ruby versions[0m
ruby-1.9.3-p551
[34m[1mPre-installed Node.js versions[0m
v0.10.36
[34m[1mPre-installed Go versions[0m
1.4.1
[34m[1mRedis version[0m
redis-server 2.8.19
[34m[1mriak version[0m
2.0.2
[34m[1mMongoDB version[0m
MongoDB 2.4.12
[34m[1mCouchDB version[0m
couchdb 1.6.1
[34m[1mNeo4j version[0m
1.9.4
[34m[1mRabbitMQ Version[0m
3.4.3
[34m[1mElasticSearch version[0m
1.4.0
[34m[1mInstalled Sphinx versions[0m
2.0.10
2.1.9
2.2.6
[34m[1mDefault Sphinx version[0m
2.2.6
[34m[1mInstalled Firefox version[0m
firefox 31.0esr
[34m[1mPhantomJS version[0m
1.9.8
[34m[1mant -version[0m
Apache Ant(TM) version 1.8.2 compiled on December 3 2011
[34m[1mmvn -version[0m
Apache Maven 3.2.5 (12a6b3acb947671f09b81f49094c53f426d8cea1; 2014-12-14T17:29:23+00:00)
Maven home: /usr/local/maven
Java version: 1.7.0_76, vendor: Oracle Corporation
Java home: /usr/lib/jvm/java-7-oracle/jre
Default locale: en_US, platform encoding: ANSI_X3.4-1968
OS name: "linux", version: "3.13.0-29-generic", arch: "amd64", family: "unix"
travis_fold:end:system_info[0K
W: Failed to fetch http://apt.postgresql.org/pub/repos/apt/dists/precise-pgdg/main/binary-amd64/Packages  404  Not Found [IP: 72.32.157.246 80]

W: Failed to fetch http://apt.postgresql.org/pub/repos/apt/dists/precise-pgdg/main/binary-i386/Packages  404  Not Found [IP: 72.32.157.246 80]

W: Failed to fetch http://security.ubuntu.com/ubuntu/dists/precise-security/main/source/Sources  404  Not Found [IP: 91.189.91.38 80]

W: Failed to fetch http://security.ubuntu.com/ubuntu/dists/precise-security/restricted/source/Sources  404  Not Found [IP: 91.189.91.38 80]

W: Failed to fetch http://security.ubuntu.com/ubuntu/dists/precise-security/universe/source/Sources  404  Not Found [IP: 91.189.91.38 80]

W: Failed to fetch http://security.ubuntu.com/ubuntu/dists/precise-security/multiverse/source/Sources  404  Not Found [IP: 91.189.91.38 80]

W: Failed to fetch http://security.ubuntu.com/ubuntu/dists/precise-security/main/binary-amd64/Packages  404  Not Found [IP: 91.189.91.38 80]

W: Failed to fetch http://security.ubuntu.com/ubuntu/dists/precise-security/restricted/binary-amd64/Packages  404  Not Found [IP: 91.189.91.38 80]

W: Failed to fetch http://security.ubuntu.com/ubuntu/dists/precise-security/universe/binary-amd64/Packages  404  Not Found [IP: 91.189.91.38 80]

W: Failed to fetch http://security.ubuntu.com/ubuntu/dists/precise-security/multiverse/binary-amd64/Packages  404  Not Found [IP: 91.189.91.38 80]

W: Failed to fetch http://security.ubuntu.com/ubuntu/dists/precise-security/main/binary-i386/Packages  404  Not Found [IP: 91.189.91.38 80]

W: Failed to fetch http://security.ubuntu.com/ubuntu/dists/precise-security/restricted/binary-i386/Packages  404  Not Found [IP: 91.189.91.38 80]

W: Failed to fetch http://security.ubuntu.com/ubuntu/dists/precise-security/universe/binary-i386/Packages  404  Not Found [IP: 91.189.91.38 80]

W: Failed to fetch http://security.ubuntu.com/ubuntu/dists/precise-security/multiverse/binary-i386/Packages  404  Not Found [IP: 91.189.91.38 80]

W: Failed to fetch http://us.archive.ubuntu.com/ubuntu/dists/precise/main/source/Sources  404  Not Found [IP: 91.189.91.38 80]

W: Failed to fetch http://us.archive.ubuntu.com/ubuntu/dists/precise/restricted/source/Sources  404  Not Found [IP: 91.189.91.38 80]

W: Failed to fetch http://us.archive.ubuntu.com/ubuntu/dists/precise/universe/source/Sources  404  Not Found [IP: 91.189.91.38 80]

W: Failed to fetch http://us.archive.ubuntu.com/ubuntu/dists/precise/multiverse/source/Sources  404  Not Found [IP: 91.189.91.38 80]

W: Failed to fetch http://us.archive.ubuntu.com/ubuntu/dists/precise/main/binary-amd64/Packages  404  Not Found [IP: 91.189.91.38 80]

W: Failed to fetch http://us.archive.ubuntu.com/ubuntu/dists/precise/restricted/binary-amd64/Packages  404  Not Found [IP: 91.189.91.38 80]

W: Failed to fetch http://us.archive.ubuntu.com/ubuntu/dists/precise/universe/binary-amd64/Packages  404  Not Found [IP: 91.189.91.38 80]

W: Failed to fetch http://us.archive.ubuntu.com/ubuntu/dists/precise/multiverse/binary-amd64/Packages  404  Not Found [IP: 91.189.91.38 80]

W: Failed to fetch http://us.archive.ubuntu.com/ubuntu/dists/precise/main/binary-i386/Packages  404  Not Found [IP: 91.189.91.38 80]

W: Failed to fetch http://us.archive.ubuntu.com/ubuntu/dists/precise/restricted/binary-i386/Packages  404  Not Found [IP: 91.189.91.38 80]

W: Failed to fetch http://us.archive.ubuntu.com/ubuntu/dists/precise/universe/binary-i386/Packages  404  Not Found [IP: 91.189.91.38 80]

W: Failed to fetch http://us.archive.ubuntu.com/ubuntu/dists/precise/multiverse/binary-i386/Packages  404  Not Found [IP: 91.189.91.38 80]

W: Failed to fetch http://us.archive.ubuntu.com/ubuntu/dists/precise-updates/main/source/Sources  404  Not Found [IP: 91.189.91.38 80]

W: Failed to fetch http://us.archive.ubuntu.com/ubuntu/dists/precise-updates/restricted/source/Sources  404  Not Found [IP: 91.189.91.38 80]

W: Failed to fetch http://us.archive.ubuntu.com/ubuntu/dists/precise-updates/universe/source/Sources  404  Not Found [IP: 91.189.91.38 80]

W: Failed to fetch http://us.archive.ubuntu.com/ubuntu/dists/precise-updates/multiverse/source/Sources  404  Not Found [IP: 91.189.91.38 80]

W: Failed to fetch http://us.archive.ubuntu.com/ubuntu/dists/precise-updates/main/binary-amd64/Packages  404  Not Found [IP: 91.189.91.38 80]

W: Failed to fetch http://us.archive.ubuntu.com/ubuntu/dists/precise-updates/restricted/binary-amd64/Packages  404  Not Found [IP: 91.189.91.38 80]

W: Failed to fetch http://us.archive.ubuntu.com/ubuntu/dists/precise-updates/universe/binary-amd64/Packages  404  Not Found [IP: 91.189.91.38 80]

W: Failed to fetch http://us.archive.ubuntu.com/ubuntu/dists/precise-updates/multiverse/binary-amd64/Packages  404  Not Found [IP: 91.189.91.38 80]

W: Failed to fetch http://us.archive.ubuntu.com/ubuntu/dists/precise-updates/main/binary-i386/Packages  404  Not Found [IP: 91.189.91.38 80]

W: Failed to fetch http://us.archive.ubuntu.com/ubuntu/dists/precise-updates/restricted/binary-i386/Packages  404  Not Found [IP: 91.189.91.38 80]

W: Failed to fetch http://us.archive.ubuntu.com/ubuntu/dists/precise-updates/universe/binary-i386/Packages  404  Not Found [IP: 91.189.91.38 80]

W: Failed to fetch http://us.archive.ubuntu.com/ubuntu/dists/precise-updates/multiverse/binary-i386/Packages  404  Not Found [IP: 91.189.91.38 80]

W: Failed to fetch http://us.archive.ubuntu.com/ubuntu/dists/precise-backports/main/source/Sources  404  Not Found [IP: 91.189.91.38 80]

W: Failed to fetch http://us.archive.ubuntu.com/ubuntu/dists/precise-backports/restricted/source/Sources  404  Not Found [IP: 91.189.91.38 80]

W: Failed to fetch http://us.archive.ubuntu.com/ubuntu/dists/precise-backports/universe/source/Sources  404  Not Found [IP: 91.189.91.38 80]

W: Failed to fetch http://us.archive.ubuntu.com/ubuntu/dists/precise-backports/multiverse/source/Sources  404  Not Found [IP: 91.189.91.38 80]

W: Failed to fetch http://us.archive.ubuntu.com/ubuntu/dists/precise-backports/main/binary-amd64/Packages  404  Not Found [IP: 91.189.91.38 80]

W: Failed to fetch http://us.archive.ubuntu.com/ubuntu/dists/precise-backports/restricted/binary-amd64/Packages  404  Not Found [IP: 91.189.91.38 80]

W: Failed to fetch http://us.archive.ubuntu.com/ubuntu/dists/precise-backports/universe/binary-amd64/Packages  404  Not Found [IP: 91.189.91.38 80]

W: Failed to fetch http://us.archive.ubuntu.com/ubuntu/dists/precise-backports/multiverse/binary-amd64/Packages  404  Not Found [IP: 91.189.91.38 80]

W: Failed to fetch http://us.archive.ubuntu.com/ubuntu/dists/precise-backports/main/binary-i386/Packages  404  Not Found [IP: 91.189.91.38 80]

W: Failed to fetch http://us.archive.ubuntu.com/ubuntu/dists/precise-backports/restricted/binary-i386/Packages  404  Not Found [IP: 91.189.91.38 80]

W: Failed to fetch http://us.archive.ubuntu.com/ubuntu/dists/precise-backports/universe/binary-i386/Packages  404  Not Found [IP: 91.189.91.38 80]

W: Failed to fetch http://us.archive.ubuntu.com/ubuntu/dists/precise-backports/multiverse/binary-i386/Packages  404  Not Found [IP: 91.189.91.38 80]

W: Failed to fetch http://ppa.launchpad.net/travis-ci/zero-mq/ubuntu/dists/precise/main/binary-amd64/Packages  403  Forbidden

W: Failed to fetch http://ppa.launchpad.net/travis-ci/zero-mq/ubuntu/dists/precise/main/binary-i386/Packages  403  Forbidden

W: Failed to fetch http://downloads-distro.mongodb.org/repo/debian-sysvinit/dists/dist/10gen/binary-amd64/Packages  Undetermined Error [IP: 54.175.147.155 80]

W: Failed to fetch http://downloads-distro.mongodb.org/repo/debian-sysvinit/dists/dist/10gen/binary-i386/Packages  Undetermined Error [IP: 54.175.147.155 80]

E: Some index files failed to download. They have been ignored, or old ones used instead.
sed: cannot rename /etc/hosts: Device or resource busy
sed: cannot rename /etc/hosts: Device or resource busy
[33;1m3.5 is not installed; attempting download[0m
[33;1mDownloading archive: https://s3.amazonaws.com/travis-python-archives/binaries/ubuntu/12.04/x86_64/python-3.5.tar.bz2[0m
$ sudo tar xjf python-3.5.tar.bz2 --directory /
$ cd failed/ansible/ansible
travis_fold:start:git.submodule[0Ktravis_time:start:18816f24[0K$ git submodule update --init --recursive

travis_time:end:18816f24:start=1622251097928993425,finish=1622251100676438597,duration=2747445172[0Ktravis_fold:end:git.submodule[0K
[33;1mSetting environment variables from .travis.yml[0m
$ export TOXENV=py35
$ export INTEGRATION=no

travis_time:start:0fd2600c[0K$ source ~/virtualenv/python3.5/bin/activate

travis_time:end:0fd2600c:start=1622251101026114735,finish=1622251101033572235,duration=7457500[0K$ python --version
Python 3.5.6
$ pip --version
pip 18.0 from /home/travis/virtualenv/python3.5.6/lib/python3.5/site-packages/pip (python 3.5)
travis_fold:start:install[0Ktravis_time:start:04d16690[0K$ pip install tox PyYAML Jinja2 sphinx
Collecting tox
  Downloading https://files.pythonhosted.org/packages/d8/63/2fa635ac1b8a22e960654b07c270dfb53eb873aba261006536de40327b18/tox-3.23.1-py2.py3-none-any.whl (85kB)
Collecting PyYAML
  Downloading https://files.pythonhosted.org/packages/64/c2/b80047c7ac2478f9501676c988a5411ed5572f35d1beff9cae07d321512c/PyYAML-5.3.1.tar.gz (269kB)
Collecting Jinja2
  Downloading https://files.pythonhosted.org/packages/7e/c2/1eece8c95ddbc9b1aeb64f5783a9e07a286de42191b7204d67b7496ddf35/Jinja2-2.11.3-py2.py3-none-any.whl (125kB)
Collecting sphinx
  Downloading https://files.pythonhosted.org/packages/a3/e7/9af5e0766e801cf0ad64eedab70dcea17646c3a0d309980b25426ccc53ec/Sphinx-3.5.4-py3-none-any.whl (2.8MB)
Collecting importlib-metadata>=0.12; python_version < "3.8" (from tox)
  Downloading https://files.pythonhosted.org/packages/98/b8/8ec57a8ef46fbe7f185318c7ff7df9a06c9df451d9a59a067bfa851bb828/importlib_metadata-2.1.1-py2.py3-none-any.whl
Collecting toml>=0.9.4 (from tox)
  Downloading https://files.pythonhosted.org/packages/44/6f/7120676b6d73228c96e17f1f794d8ab046fc910d781c8d151120c3f1569e/toml-0.10.2-py2.py3-none-any.whl
Collecting filelock>=3.0.0 (from tox)
  Downloading https://files.pythonhosted.org/packages/93/83/71a2ee6158bb9f39a90c0dea1637f81d5eef866e188e1971a1b1ab01a35a/filelock-3.0.12-py3-none-any.whl
Requirement already satisfied: py>=1.4.17 in /home/travis/virtualenv/python3.5.6/lib/python3.5/site-packages (from tox) (1.5.4)
Collecting packaging>=14 (from tox)
  Downloading https://files.pythonhosted.org/packages/3e/89/7ea760b4daa42653ece2380531c90f64788d979110a2ab51049d92f408af/packaging-20.9-py2.py3-none-any.whl (40kB)
Requirement already satisfied: virtualenv!=20.0.0,!=20.0.1,!=20.0.2,!=20.0.3,!=20.0.4,!=20.0.5,!=20.0.6,!=20.0.7,>=16.0.0 in /home/travis/virtualenv/python3.5.6/lib/python3.5/site-packages (from tox) (16.0.0)
Collecting six>=1.14.0 (from tox)
  Downloading https://files.pythonhosted.org/packages/d9/5a/e7c31adbe875f2abbb91bd84cf2dc52d792b5a01506781dbcf25c91daf11/six-1.16.0-py2.py3-none-any.whl
Collecting pluggy>=0.12.0 (from tox)
  Downloading https://files.pythonhosted.org/packages/a0/28/85c7aa31b80d150b772fbe4a229487bc6644da9ccb7e427dd8cc60cb8a62/pluggy-0.13.1-py2.py3-none-any.whl
Collecting MarkupSafe>=0.23 (from Jinja2)
  Downloading https://files.pythonhosted.org/packages/6e/57/d40124076756c19ff2269678de7ae25a14ebbb3f6314eb5ce9477f191350/MarkupSafe-1.1.1-cp35-cp35m-manylinux1_x86_64.whl
Collecting Pygments>=2.0 (from sphinx)
  Downloading https://files.pythonhosted.org/packages/a6/c9/be11fce9810793676017f79ffab3c6cb18575844a6c7b8d4ed92f95de604/Pygments-2.9.0-py3-none-any.whl (1.0MB)
Requirement already satisfied: setuptools in /home/travis/virtualenv/python3.5.6/lib/python3.5/site-packages (from sphinx) (40.0.0)
Collecting requests>=2.5.0 (from sphinx)
  Downloading https://files.pythonhosted.org/packages/29/c1/24814557f1d22c56d50280771a17307e6bf87b70727d975fd6b2ce6b014a/requests-2.25.1-py2.py3-none-any.whl (61kB)
Collecting sphinxcontrib-applehelp (from sphinx)
  Downloading https://files.pythonhosted.org/packages/dc/47/86022665a9433d89a66f5911b558ddff69861766807ba685de2e324bd6ed/sphinxcontrib_applehelp-1.0.2-py2.py3-none-any.whl (121kB)
Collecting sphinxcontrib-htmlhelp (from sphinx)
  Downloading https://files.pythonhosted.org/packages/36/62/8222554b29b3acde8420128d6d3999c5904d40922ef4b6ccb370e2be7421/sphinxcontrib_htmlhelp-1.0.3-py2.py3-none-any.whl (96kB)
Collecting sphinxcontrib-devhelp (from sphinx)
  Downloading https://files.pythonhosted.org/packages/c5/09/5de5ed43a521387f18bdf5f5af31d099605c992fd25372b2b9b825ce48ee/sphinxcontrib_devhelp-1.0.2-py2.py3-none-any.whl (84kB)
Collecting sphinxcontrib-qthelp (from sphinx)
  Downloading https://files.pythonhosted.org/packages/2b/14/05f9206cf4e9cfca1afb5fd224c7cd434dcc3a433d6d9e4e0264d29c6cdb/sphinxcontrib_qthelp-1.0.3-py2.py3-none-any.whl (90kB)
Collecting alabaster<0.8,>=0.7 (from sphinx)
  Downloading https://files.pythonhosted.org/packages/10/ad/00b090d23a222943eb0eda509720a404f531a439e803f6538f35136cae9e/alabaster-0.7.12-py2.py3-none-any.whl
Collecting babel>=1.3 (from sphinx)
  Downloading https://files.pythonhosted.org/packages/aa/96/4ba93c5f40459dc850d25f9ba93f869a623e77aaecc7a9344e19c01942cf/Babel-2.9.1-py2.py3-none-any.whl (8.8MB)
Collecting docutils<0.17,>=0.12 (from sphinx)
  Downloading https://files.pythonhosted.org/packages/81/44/8a15e45ffa96e6cf82956dd8d7af9e666357e16b0d93b253903475ee947f/docutils-0.16-py2.py3-none-any.whl (548kB)
Collecting sphinxcontrib-serializinghtml (from sphinx)
  Downloading https://files.pythonhosted.org/packages/c6/77/5464ec50dd0f1c1037e3c93249b040c8fc8078fdda97530eeb02424b6eea/sphinxcontrib_serializinghtml-1.1.5-py2.py3-none-any.whl (94kB)
Collecting imagesize (from sphinx)
  Downloading https://files.pythonhosted.org/packages/31/b2/b5522a0c8d11e4aff83f8342f3f0dea68c2fb25aa44403e420587f0ce204/imagesize-1.2.0-py2.py3-none-any.whl
Collecting sphinxcontrib-jsmath (from sphinx)
  Downloading https://files.pythonhosted.org/packages/c2/42/4c8646762ee83602e3fb3fbe774c2fac12f317deb0b5dbeeedd2d3ba4b77/sphinxcontrib_jsmath-1.0.1-py2.py3-none-any.whl
Collecting snowballstemmer>=1.1 (from sphinx)
  Downloading https://files.pythonhosted.org/packages/f6/6e/7e07970c90a57c21da92013c5ba47f8e9598c17e88cc35b008ca61225ed3/snowballstemmer-2.1.0-py2.py3-none-any.whl (93kB)
Collecting zipp>=0.5 (from importlib-metadata>=0.12; python_version < "3.8"->tox)
  Downloading https://files.pythonhosted.org/packages/96/0a/67556e9b7782df7118c1f49bdc494da5e5e429c93aa77965f33e81287c8c/zipp-1.2.0-py2.py3-none-any.whl
Collecting pyparsing>=2.0.2 (from packaging>=14->tox)
  Downloading https://files.pythonhosted.org/packages/8a/bb/488841f56197b13700afd5658fc279a2025a39e22449b7cf29864669b15d/pyparsing-2.4.7-py2.py3-none-any.whl (67kB)
Collecting idna<3,>=2.5 (from requests>=2.5.0->sphinx)
  Downloading https://files.pythonhosted.org/packages/a2/38/928ddce2273eaa564f6f50de919327bf3a00f091b5baba8dfa9460f3a8a8/idna-2.10-py2.py3-none-any.whl (58kB)
Requirement already satisfied: certifi>=2017.4.17 in /home/travis/virtualenv/python3.5.6/lib/python3.5/site-packages (from requests>=2.5.0->sphinx) (2018.4.16)
Collecting urllib3<1.27,>=1.21.1 (from requests>=2.5.0->sphinx)
  Downloading https://files.pythonhosted.org/packages/0c/cd/1e2ec680ec7b09846dc6e605f5a7709dfb9d7128e51a026e7154e18a234e/urllib3-1.26.5-py2.py3-none-any.whl (138kB)
Collecting chardet<5,>=3.0.2 (from requests>=2.5.0->sphinx)
  Downloading https://files.pythonhosted.org/packages/19/c7/fa589626997dd07bd87d9269342ccb74b1720384a4d739a1872bd84fbe68/chardet-4.0.0-py2.py3-none-any.whl (178kB)
Collecting pytz>=2015.7 (from babel>=1.3->sphinx)
  Downloading https://files.pythonhosted.org/packages/70/94/784178ca5dd892a98f113cdd923372024dc04b8d40abe77ca76b5fb90ca6/pytz-2021.1-py2.py3-none-any.whl (510kB)
Building wheels for collected packages: PyYAML
  Running setup.py bdist_wheel for PyYAML: started
  Running setup.py bdist_wheel for PyYAML: finished with status 'done'
  Stored in directory: /home/travis/.cache/pip/wheels/a7/c1/ea/cf5bd31012e735dc1dfea3131a2d5eae7978b251083d6247bd
Successfully built PyYAML
Installing collected packages: zipp, importlib-metadata, toml, filelock, pyparsing, packaging, six, pluggy, tox, PyYAML, MarkupSafe, Jinja2, Pygments, idna, urllib3, chardet, requests, sphinxcontrib-applehelp, sphinxcontrib-htmlhelp, sphinxcontrib-devhelp, sphinxcontrib-qthelp, alabaster, pytz, babel, docutils, sphinxcontrib-serializinghtml, imagesize, sphinxcontrib-jsmath, snowballstemmer, sphinx
  Found existing installation: six 1.11.0
    Uninstalling six-1.11.0:
      Successfully uninstalled six-1.11.0
  Found existing installation: pluggy 0.7.1
    Uninstalling pluggy-0.7.1:
      Successfully uninstalled pluggy-0.7.1
Successfully installed Jinja2-2.11.3 MarkupSafe-1.1.1 PyYAML-5.3.1 Pygments-2.9.0 alabaster-0.7.12 babel-2.9.1 chardet-4.0.0 docutils-0.16 filelock-3.0.12 idna-2.10 imagesize-1.2.0 importlib-metadata-2.1.1 packaging-20.9 pluggy-0.13.1 pyparsing-2.4.7 pytz-2021.1 requests-2.25.1 six-1.16.0 snowballstemmer-2.1.0 sphinx-3.5.4 sphinxcontrib-applehelp-1.0.2 sphinxcontrib-devhelp-1.0.2 sphinxcontrib-htmlhelp-1.0.3 sphinxcontrib-jsmath-1.0.1 sphinxcontrib-qthelp-1.0.3 sphinxcontrib-serializinghtml-1.1.5 toml-0.10.2 tox-3.23.1 urllib3-1.26.5 zipp-1.2.0

travis_time:end:04d16690:start=1622251101577098114,finish=1622251129332023027,duration=27754924913[0Ktravis_fold:end:install[0Ktravis_time:start:07da2b3a[0K$ ./test/code-smell/replace-urlopen.sh .
./lib/ansible/compat/six/_six.py:    MovedAttribute("urlopen", "urllib2", "urllib.request"),
./lib/ansible/module_utils/urls.py:    urlopen_args = [request, None]
./lib/ansible/module_utils/urls.py:        # urlopen in python prior to 2.6.0 did not
./lib/ansible/module_utils/urls.py:        urlopen_args.append(timeout)
./lib/ansible/module_utils/urls.py:        urlopen_args += (None, None, None, context)
./lib/ansible/module_utils/urls.py:    r = urllib2.urlopen(*urlopen_args)
travis_time:end:07da2b3a:start=1622251129341440889,finish=1622251160581382771,duration=31239941882[0K
[31;1mThe command "./test/code-smell/replace-urlopen.sh ." exited with 1.[0m
travis_time:start:00bc9958[0K$ if test x"$TOXENV" != x'py24' ; then tox ; fi
GLOB sdist-make: /home/travis/build/failed/ansible/ansible/setup.py
py35 create: /home/travis/build/failed/ansible/ansible/.tox/py35
py35 installdeps: -r/home/travis/build/failed/ansible/ansible/test-requirements.txt
py35 inst: /home/travis/build/failed/ansible/ansible/.tox/.tmp/package/1/ansible-2.0.0.zip
py35 installed: ansible==2.0.0,bcrypt==3.1.7,certifi==2020.12.5,cffi==1.14.5,chardet==4.0.0,coverage==5.5,coveralls==3.1.0,cryptography==3.2.1,docopt==0.6.2,idna==2.10,Jinja2==2.11.3,linecache2==1.0.0,MarkupSafe==1.1.1,mock==1.0.1,nose==1.3.7,paramiko==2.7.2,passlib==1.7.4,pycparser==2.20,pycrypto==2.6.1,PyNaCl==1.4.0,PyYAML==5.3.1,requests==2.25.1,six==1.16.0,traceback2==1.4.0,unittest2==1.1.0,urllib3==1.26.5
py35 run-test-pre: PYTHONHASHSEED='2091330018'
py35 run-test: commands[0] | python --version
Python 3.5.6
py35 run-test: commands[1] | python -m compileall -fq -x 'lib/ansible/module_utils|lib/ansible/modules' lib test contrib
___________________________________ summary ____________________________________
  py35: commands succeeded
  congratulations :)

travis_time:end:00bc9958:start=1622251160590514967,finish=1622251235449200311,duration=74858685344[0K
[32;1mThe command "if test x"$TOXENV" != x'py24' ; then tox ; fi" exited with 0.[0m
travis_time:start:16a74e90[0K$ if test x"$TOXENV" = x'py24' ; then python2.4 -V && python2.4 -m compileall -fq -x 'module_utils/(a10|rax|openstack|ec2|gce).py' lib/ansible/module_utils ; fi

travis_time:end:16a74e90:start=1622251235458016625,finish=1622251235464659104,duration=6642479[0K
[32;1mThe command "if test x"$TOXENV" = x'py24' ; then python2.4 -V && python2.4 -m compileall -fq -x 'module_utils/(a10|rax|openstack|ec2|gce).py' lib/ansible/module_utils ; fi" exited with 0.[0m
travis_time:start:0151c500[0K$ if test x"$INTEGRATION" = x'yes' ; then source ./hacking/env-setup && cd test/integration/ && make test_var_precedence ; fi

travis_time:end:0151c500:start=1622251235472934093,finish=1622251235479224740,duration=6290647[0K
[32;1mThe command "if test x"$INTEGRATION" = x'yes' ; then source ./hacking/env-setup && cd test/integration/ && make test_var_precedence ; fi" exited with 0.[0m

Done. Your build exited with 1.
