travis_fold:start:system_info[0K[33;1mBuild system information[0m
Build language: python
Build id: ''
Job id: ''
[34m[1mBuild image provisioning date and time[0m
Thu Feb  5 15:09:33 UTC 2015
[34m[1mOperating System Details[0m
Distributor ID:	Ubuntu
Description:	Ubuntu 12.04.5 LTS
Release:	12.04
Codename:	precise
[34m[1mLinux Version[0m
3.13.0-29-generic
[34m[1mCookbooks Version[0m
a68419e https://github.com/travis-ci/travis-cookbooks/tree/a68419e
[34m[1mGCC version[0m
gcc (Ubuntu/Linaro 4.6.3-1ubuntu5) 4.6.3
Copyright (C) 2011 Free Software Foundation, Inc.
This is free software; see the source for copying conditions.  There is NO
warranty; not even for MERCHANTABILITY or FITNESS FOR A PARTICULAR PURPOSE.

[34m[1mLLVM version[0m
clang version 3.4 (tags/RELEASE_34/final)
Target: x86_64-unknown-linux-gnu
Thread model: posix
[34m[1mPre-installed Ruby versions[0m
ruby-1.9.3-p551
[34m[1mPre-installed Node.js versions[0m
v0.10.36
[34m[1mPre-installed Go versions[0m
1.4.1
[34m[1mRedis version[0m
redis-server 2.8.19
[34m[1mriak version[0m
2.0.2
[34m[1mMongoDB version[0m
MongoDB 2.4.12
[34m[1mCouchDB version[0m
couchdb 1.6.1
[34m[1mNeo4j version[0m
1.9.4
[34m[1mRabbitMQ Version[0m
3.4.3
[34m[1mElasticSearch version[0m
1.4.0
[34m[1mInstalled Sphinx versions[0m
2.0.10
2.1.9
2.2.6
[34m[1mDefault Sphinx version[0m
2.2.6
[34m[1mInstalled Firefox version[0m
firefox 31.0esr
[34m[1mPhantomJS version[0m
1.9.8
[34m[1mant -version[0m
Apache Ant(TM) version 1.8.2 compiled on December 3 2011
[34m[1mmvn -version[0m
Apache Maven 3.2.5 (12a6b3acb947671f09b81f49094c53f426d8cea1; 2014-12-14T17:29:23+00:00)
Maven home: /usr/local/maven
Java version: 1.7.0_76, vendor: Oracle Corporation
Java home: /usr/lib/jvm/java-7-oracle/jre
Default locale: en_US, platform encoding: ANSI_X3.4-1968
OS name: "linux", version: "3.13.0-29-generic", arch: "amd64", family: "unix"
travis_fold:end:system_info[0K
grep: /etc/apt/sources.list.d/*: No such file or directory
W: Failed to fetch http://us.archive.ubuntu.com/ubuntu/dists/precise/main/source/Sources  404  Not Found [IP: 91.189.91.38 80]

W: Failed to fetch http://us.archive.ubuntu.com/ubuntu/dists/precise/restricted/source/Sources  404  Not Found [IP: 91.189.91.38 80]

W: Failed to fetch http://us.archive.ubuntu.com/ubuntu/dists/precise/universe/source/Sources  404  Not Found [IP: 91.189.91.38 80]

W: Failed to fetch http://us.archive.ubuntu.com/ubuntu/dists/precise/multiverse/source/Sources  404  Not Found [IP: 91.189.91.38 80]

W: Failed to fetch http://us.archive.ubuntu.com/ubuntu/dists/precise/main/binary-amd64/Packages  404  Not Found [IP: 91.189.91.38 80]

W: Failed to fetch http://us.archive.ubuntu.com/ubuntu/dists/precise/restricted/binary-amd64/Packages  404  Not Found [IP: 91.189.91.38 80]

W: Failed to fetch http://us.archive.ubuntu.com/ubuntu/dists/precise/universe/binary-amd64/Packages  404  Not Found [IP: 91.189.91.38 80]

W: Failed to fetch http://us.archive.ubuntu.com/ubuntu/dists/precise/multiverse/binary-amd64/Packages  404  Not Found [IP: 91.189.91.38 80]

W: Failed to fetch http://us.archive.ubuntu.com/ubuntu/dists/precise/main/binary-i386/Packages  404  Not Found [IP: 91.189.91.38 80]

W: Failed to fetch http://us.archive.ubuntu.com/ubuntu/dists/precise/restricted/binary-i386/Packages  404  Not Found [IP: 91.189.91.38 80]

W: Failed to fetch http://us.archive.ubuntu.com/ubuntu/dists/precise/universe/binary-i386/Packages  404  Not Found [IP: 91.189.91.38 80]

W: Failed to fetch http://us.archive.ubuntu.com/ubuntu/dists/precise/multiverse/binary-i386/Packages  404  Not Found [IP: 91.189.91.38 80]

W: Failed to fetch http://us.archive.ubuntu.com/ubuntu/dists/precise-updates/main/source/Sources  404  Not Found [IP: 91.189.91.38 80]

W: Failed to fetch http://us.archive.ubuntu.com/ubuntu/dists/precise-updates/restricted/source/Sources  404  Not Found [IP: 91.189.91.38 80]

W: Failed to fetch http://us.archive.ubuntu.com/ubuntu/dists/precise-updates/universe/source/Sources  404  Not Found [IP: 91.189.91.38 80]

W: Failed to fetch http://us.archive.ubuntu.com/ubuntu/dists/precise-updates/multiverse/source/Sources  404  Not Found [IP: 91.189.91.38 80]

W: Failed to fetch http://us.archive.ubuntu.com/ubuntu/dists/precise-updates/main/binary-amd64/Packages  404  Not Found [IP: 91.189.91.38 80]

W: Failed to fetch http://us.archive.ubuntu.com/ubuntu/dists/precise-updates/restricted/binary-amd64/Packages  404  Not Found [IP: 91.189.91.38 80]

W: Failed to fetch http://us.archive.ubuntu.com/ubuntu/dists/precise-updates/universe/binary-amd64/Packages  404  Not Found [IP: 91.189.91.38 80]

W: Failed to fetch http://us.archive.ubuntu.com/ubuntu/dists/precise-updates/multiverse/binary-amd64/Packages  404  Not Found [IP: 91.189.91.38 80]

W: Failed to fetch http://us.archive.ubuntu.com/ubuntu/dists/precise-updates/main/binary-i386/Packages  404  Not Found [IP: 91.189.91.38 80]

W: Failed to fetch http://us.archive.ubuntu.com/ubuntu/dists/precise-updates/restricted/binary-i386/Packages  404  Not Found [IP: 91.189.91.38 80]

W: Failed to fetch http://us.archive.ubuntu.com/ubuntu/dists/precise-updates/universe/binary-i386/Packages  404  Not Found [IP: 91.189.91.38 80]

W: Failed to fetch http://us.archive.ubuntu.com/ubuntu/dists/precise-updates/multiverse/binary-i386/Packages  404  Not Found [IP: 91.189.91.38 80]

W: Failed to fetch http://security.ubuntu.com/ubuntu/dists/precise-security/main/source/Sources  404  Not Found [IP: 91.189.91.38 80]

W: Failed to fetch http://security.ubuntu.com/ubuntu/dists/precise-security/restricted/source/Sources  404  Not Found [IP: 91.189.91.38 80]

W: Failed to fetch http://security.ubuntu.com/ubuntu/dists/precise-security/universe/source/Sources  404  Not Found [IP: 91.189.91.38 80]

W: Failed to fetch http://security.ubuntu.com/ubuntu/dists/precise-security/multiverse/source/Sources  404  Not Found [IP: 91.189.91.38 80]

W: Failed to fetch http://security.ubuntu.com/ubuntu/dists/precise-security/main/binary-amd64/Packages  404  Not Found [IP: 91.189.91.38 80]

W: Failed to fetch http://security.ubuntu.com/ubuntu/dists/precise-security/restricted/binary-amd64/Packages  404  Not Found [IP: 91.189.91.38 80]

W: Failed to fetch http://security.ubuntu.com/ubuntu/dists/precise-security/universe/binary-amd64/Packages  404  Not Found [IP: 91.189.91.38 80]

W: Failed to fetch http://security.ubuntu.com/ubuntu/dists/precise-security/multiverse/binary-amd64/Packages  404  Not Found [IP: 91.189.91.38 80]

W: Failed to fetch http://security.ubuntu.com/ubuntu/dists/precise-security/main/binary-i386/Packages  404  Not Found [IP: 91.189.91.38 80]

W: Failed to fetch http://security.ubuntu.com/ubuntu/dists/precise-security/restricted/binary-i386/Packages  404  Not Found [IP: 91.189.91.38 80]

W: Failed to fetch http://security.ubuntu.com/ubuntu/dists/precise-security/universe/binary-i386/Packages  404  Not Found [IP: 91.189.91.38 80]

W: Failed to fetch http://security.ubuntu.com/ubuntu/dists/precise-security/multiverse/binary-i386/Packages  404  Not Found [IP: 91.189.91.38 80]

W: Failed to fetch http://us.archive.ubuntu.com/ubuntu/dists/precise-backports/main/source/Sources  404  Not Found [IP: 91.189.91.38 80]

W: Failed to fetch http://us.archive.ubuntu.com/ubuntu/dists/precise-backports/restricted/source/Sources  404  Not Found [IP: 91.189.91.38 80]

W: Failed to fetch http://us.archive.ubuntu.com/ubuntu/dists/precise-backports/universe/source/Sources  404  Not Found [IP: 91.189.91.38 80]

W: Failed to fetch http://us.archive.ubuntu.com/ubuntu/dists/precise-backports/multiverse/source/Sources  404  Not Found [IP: 91.189.91.38 80]

W: Failed to fetch http://us.archive.ubuntu.com/ubuntu/dists/precise-backports/main/binary-amd64/Packages  404  Not Found [IP: 91.189.91.38 80]

W: Failed to fetch http://us.archive.ubuntu.com/ubuntu/dists/precise-backports/restricted/binary-amd64/Packages  404  Not Found [IP: 91.189.91.38 80]

W: Failed to fetch http://us.archive.ubuntu.com/ubuntu/dists/precise-backports/universe/binary-amd64/Packages  404  Not Found [IP: 91.189.91.38 80]

W: Failed to fetch http://us.archive.ubuntu.com/ubuntu/dists/precise-backports/multiverse/binary-amd64/Packages  404  Not Found [IP: 91.189.91.38 80]

W: Failed to fetch http://us.archive.ubuntu.com/ubuntu/dists/precise-backports/main/binary-i386/Packages  404  Not Found [IP: 91.189.91.38 80]

W: Failed to fetch http://us.archive.ubuntu.com/ubuntu/dists/precise-backports/restricted/binary-i386/Packages  404  Not Found [IP: 91.189.91.38 80]

W: Failed to fetch http://us.archive.ubuntu.com/ubuntu/dists/precise-backports/universe/binary-i386/Packages  404  Not Found [IP: 91.189.91.38 80]

W: Failed to fetch http://us.archive.ubuntu.com/ubuntu/dists/precise-backports/multiverse/binary-i386/Packages  404  Not Found [IP: 91.189.91.38 80]

E: Some index files failed to download. They have been ignored, or old ones used instead.
sed: cannot rename /etc/hosts: Device or resource busy
sed: cannot rename /etc/hosts: Device or resource busy
$ cd passed/ccnmtl/dmt
travis_fold:start:install_firefox[0K$ export FIREFOX_SOURCE_URL='https://download.mozilla.org/?product=firefox-28.0&lang=en-US&os=linux64'
[33;1mInstalling Firefox 28.0[0m
travis_time:start:21c3fa11[0K$ wget -O /tmp/firefox-28.0.tar.bz2 $FIREFOX_SOURCE_URL
--2021-05-29 03:03:50--  https://download.mozilla.org/?product=firefox-28.0&lang=en-US&os=linux64
Resolving download.mozilla.org (download.mozilla.org)... 44.236.127.103, 44.241.110.96, 54.149.192.48
Connecting to download.mozilla.org (download.mozilla.org)|44.236.127.103|:443... connected.
HTTP request sent, awaiting response... 302 Found
Location: https://download-installer.cdn.mozilla.net/pub/firefox/releases/28.0/linux-x86_64/en-US/firefox-28.0.tar.bz2 [following]
--2021-05-29 03:03:50--  https://download-installer.cdn.mozilla.net/pub/firefox/releases/28.0/linux-x86_64/en-US/firefox-28.0.tar.bz2
Resolving download-installer.cdn.mozilla.net (download-installer.cdn.mozilla.net)... 13.224.26.58, 2600:9000:2164:a200:e:19d6:1546:5981, 2600:9000:2164:7000:e:19d6:1546:5981, ...
Connecting to download-installer.cdn.mozilla.net (download-installer.cdn.mozilla.net)|13.224.26.58|:443... connected.
HTTP request sent, awaiting response... 200 OK
Length: 30503247 (29M) [application/x-tar]
Saving to: `/tmp/firefox-28.0.tar.bz2'

     0K .......... .......... .......... .......... ..........  0% 1.56M 19s
    50K .......... .......... .......... .......... ..........  0% 2.45M 15s
   100K .......... .......... .......... .......... ..........  0% 4.94M 12s
   150K .......... .......... .......... .......... ..........  0% 4.30M 11s
   200K .......... .......... .......... .......... ..........  0% 4.93M 10s
   250K .......... .......... .......... .......... ..........  1% 12.8M 8s
   300K .......... .......... .......... .......... ..........  1% 10.5M 8s
   350K .......... .......... .......... .......... ..........  1% 15.2M 7s
   400K .......... .......... .......... .......... ..........  1% 11.5M 6s
   450K .......... .......... .......... .......... ..........  1% 14.9M 6s
   500K .......... .......... .......... .......... ..........  1% 16.2M 6s
   550K .......... .......... .......... .......... ..........  2% 17.3M 5s
   600K .......... .......... .......... .......... ..........  2% 16.8M 5s
   650K .......... .......... .......... .......... ..........  2% 25.3M 5s
   700K .......... .......... .......... .......... ..........  2% 18.7M 4s
   750K .......... .......... .......... .......... ..........  2% 7.37M 4s
   800K .......... .......... .......... .......... ..........  2% 49.3M 4s
   850K .......... .......... .......... .......... ..........  3% 28.6M 4s
   900K .......... .......... .......... .......... ..........  3% 41.6M 4s
   950K .......... .......... .......... .......... ..........  3% 29.7M 4s
  1000K .......... .......... .......... .......... ..........  3% 54.4M 3s
  1050K .......... .......... .......... .......... ..........  3% 34.5M 3s
  1100K .......... .......... .......... .......... ..........  3% 32.0M 3s
  1150K .......... .......... .......... .......... ..........  4% 38.4M 3s
  1200K .......... .......... .......... .......... ..........  4% 47.5M 3s
  1250K .......... .......... .......... .......... ..........  4% 77.0M 3s
  1300K .......... .......... .......... .......... ..........  4% 37.2M 3s
  1350K .......... .......... .......... .......... ..........  4% 38.8M 3s
  1400K .......... .......... .......... .......... ..........  4% 45.5M 3s
  1450K .......... .......... .......... .......... ..........  5% 92.2M 3s
  1500K .......... .......... .......... .......... ..........  5% 41.9M 3s
  1550K .......... .......... .......... .......... ..........  5% 18.3M 2s
  1600K .......... .......... .......... .......... ..........  5% 79.9M 2s
  1650K .......... .......... .......... .......... ..........  5% 51.6M 2s
  1700K .......... .......... .......... .......... ..........  5% 86.9M 2s
  1750K .......... .......... .......... .......... ..........  6% 38.3M 2s
  1800K .......... .......... .......... .......... ..........  6% 45.2M 2s
  1850K .......... .......... .......... .......... ..........  6% 49.9M 2s
  1900K .......... .......... .......... .......... ..........  6% 52.2M 2s
  1950K .......... .......... .......... .......... ..........  6% 78.5M 2s
  2000K .......... .......... .......... .......... ..........  6% 60.2M 2s
  2050K .......... .......... .......... .......... ..........  7% 50.3M 2s
  2100K .......... .......... .......... .......... ..........  7% 60.7M 2s
  2150K .......... .......... .......... .......... ..........  7% 82.9M 2s
  2200K .......... .......... .......... .......... ..........  7% 59.6M 2s
  2250K .......... .......... .......... .......... ..........  7% 72.9M 2s
  2300K .......... .......... .......... .......... ..........  7% 57.5M 2s
  2350K .......... .......... .......... .......... ..........  8% 85.2M 2s
  2400K .......... .......... .......... .......... ..........  8%  125M 2s
  2450K .......... .......... .......... .......... ..........  8% 57.0M 2s
  2500K .......... .......... .......... .......... ..........  8% 81.9M 2s
  2550K .......... .......... .......... .......... ..........  8% 76.8M 2s
  2600K .......... .......... .......... .......... ..........  8% 78.5M 2s
  2650K .......... .......... .......... .......... ..........  9% 94.8M 2s
  2700K .......... .......... .......... .......... ..........  9% 82.4M 2s
  2750K .......... .......... .......... .......... ..........  9%  105M 2s
  2800K .......... .......... .......... .......... ..........  9% 89.8M 2s
  2850K .......... .......... .......... .......... ..........  9% 99.7M 1s
  2900K .......... .......... .......... .......... ..........  9% 87.5M 1s
  2950K .......... .......... .......... .......... .......... 10% 82.9M 1s
  3000K .......... .......... .......... .......... .......... 10%  119M 1s
  3050K .......... .......... .......... .......... .......... 10% 81.2M 1s
  3100K .......... .......... .......... .......... .......... 10% 97.0M 1s
  3150K .......... .......... .......... .......... .......... 10%  105M 1s
  3200K .......... .......... .......... .......... .......... 10%  115M 1s
  3250K .......... .......... .......... .......... .......... 11% 93.0M 1s
  3300K .......... .......... .......... .......... .......... 11%  103M 1s
  3350K .......... .......... .......... .......... .......... 11%  110M 1s
  3400K .......... .......... .......... .......... .......... 11% 94.3M 1s
  3450K .......... .......... .......... .......... .......... 11% 78.9M 1s
  3500K .......... .......... .......... .......... .......... 11%  111M 1s
  3550K .......... .......... .......... .......... .......... 12% 95.9M 1s
  3600K .......... .......... .......... .......... .......... 12% 88.7M 1s
  3650K .......... .......... .......... .......... .......... 12% 89.0M 1s
  3700K .......... .......... .......... .......... .......... 12%  106M 1s
  3750K .......... .......... .......... .......... .......... 12% 79.3M 1s
  3800K .......... .......... .......... .......... .......... 12% 97.9M 1s
  3850K .......... .......... .......... .......... .......... 13%  124M 1s
  3900K .......... .......... .......... .......... .......... 13%  118M 1s
  3950K .......... .......... .......... .......... .......... 13%  120M 1s
  4000K .......... .......... .......... .......... .......... 13% 97.2M 1s
  4050K .......... .......... .......... .......... .......... 13% 95.7M 1s
  4100K .......... .......... .......... .......... .......... 13% 80.7M 1s
  4150K .......... .......... .......... .......... .......... 14% 96.4M 1s
  4200K .......... .......... .......... .......... .......... 14%  102M 1s
  4250K .......... .......... .......... .......... .......... 14% 90.3M 1s
  4300K .......... .......... .......... .......... .......... 14% 99.1M 1s
  4350K .......... .......... .......... .......... .......... 14%  105M 1s
  4400K .......... .......... .......... .......... .......... 14% 89.4M 1s
  4450K .......... .......... .......... .......... .......... 15%  167M 1s
  4500K .......... .......... .......... .......... .......... 15%  172M 1s
  4550K .......... .......... .......... .......... .......... 15%  182M 1s
  4600K .......... .......... .......... .......... .......... 15%  101M 1s
  4650K .......... .......... .......... .......... .......... 15%  138M 1s
  4700K .......... .......... .......... .......... .......... 15%  103M 1s
  4750K .......... .......... .......... .......... .......... 16%  101M 1s
  4800K .......... .......... .......... .......... .......... 16%  110M 1s
  4850K .......... .......... .......... .......... .......... 16%  117M 1s
  4900K .......... .......... .......... .......... .......... 16% 74.6M 1s
  4950K .......... .......... .......... .......... .......... 16%  122M 1s
  5000K .......... .......... .......... .......... .......... 16%  119M 1s
  5050K .......... .......... .......... .......... .......... 17% 93.6M 1s
  5100K .......... .......... .......... .......... .......... 17% 90.9M 1s
  5150K .......... .......... .......... .......... .......... 17% 37.5M 1s
  5200K .......... .......... .......... .......... .......... 17% 87.9M 1s
  5250K .......... .......... .......... .......... .......... 17%  112M 1s
  5300K .......... .......... .......... .......... .......... 17%  114M 1s
  5350K .......... .......... .......... .......... .......... 18%  112M 1s
  5400K .......... .......... .......... .......... .......... 18%  125M 1s
  5450K .......... .......... .......... .......... .......... 18%  107M 1s
  5500K .......... .......... .......... .......... .......... 18% 96.7M 1s
  5550K .......... .......... .......... .......... .......... 18%  107M 1s
  5600K .......... .......... .......... .......... .......... 18%  116M 1s
  5650K .......... .......... .......... .......... .......... 19%  108M 1s
  5700K .......... .......... .......... .......... .......... 19%  109M 1s
  5750K .......... .......... .......... .......... .......... 19%  116M 1s
  5800K .......... .......... .......... .......... .......... 19%  123M 1s
  5850K .......... .......... .......... .......... .......... 19% 82.2M 1s
  5900K .......... .......... .......... .......... .......... 19%  117M 1s
  5950K .......... .......... .......... .......... .......... 20%  108M 1s
  6000K .......... .......... .......... .......... .......... 20%  115M 1s
  6050K .......... .......... .......... .......... .......... 20%  126M 1s
  6100K .......... .......... .......... .......... .......... 20% 79.7M 1s
  6150K .......... .......... .......... .......... .......... 20%  113M 1s
  6200K .......... .......... .......... .......... .......... 20%  116M 1s
  6250K .......... .......... .......... .......... .......... 21%  122M 1s
  6300K .......... .......... .......... .......... .......... 21%  102M 1s
  6350K .......... .......... .......... .......... .......... 21%  107M 1s
  6400K .......... .......... .......... .......... .......... 21%  105M 1s
  6450K .......... .......... .......... .......... .......... 21%  121M 1s
  6500K .......... .......... .......... .......... .......... 21%  102M 1s
  6550K .......... .......... .......... .......... .......... 22%  123M 1s
  6600K .......... .......... .......... .......... .......... 22%  119M 1s
  6650K .......... .......... .......... .......... .......... 22% 77.2M 1s
  6700K .......... .......... .......... .......... .......... 22%  122M 1s
  6750K .......... .......... .......... .......... .......... 22%  113M 1s
  6800K .......... .......... .......... .......... .......... 22%  124M 1s
  6850K .......... .......... .......... .......... .......... 23% 84.3M 1s
  6900K .......... .......... .......... .......... .......... 23%  112M 1s
  6950K .......... .......... .......... .......... .......... 23%  110M 1s
  7000K .......... .......... .......... .......... .......... 23%  115M 1s
  7050K .......... .......... .......... .......... .......... 23%  108M 1s
  7100K .......... .......... .......... .......... .......... 24%  124M 1s
  7150K .......... .......... .......... .......... .......... 24% 79.5M 1s
  7200K .......... .......... .......... .......... .......... 24%  145M 1s
  7250K .......... .......... .......... .......... .......... 24% 92.2M 1s
  7300K .......... .......... .......... .......... .......... 24%  112M 1s
  7350K .......... .......... .......... .......... .......... 24%  108M 1s
  7400K .......... .......... .......... .......... .......... 25%  130M 1s
  7450K .......... .......... .......... .......... .......... 25%  106M 1s
  7500K .......... .......... .......... .......... .......... 25%  116M 1s
  7550K .......... .......... .......... .......... .......... 25%  113M 1s
  7600K .......... .......... .......... .......... .......... 25%  109M 1s
  7650K .......... .......... .......... .......... .......... 25%  113M 1s
  7700K .......... .......... .......... .......... .......... 26% 86.1M 1s
  7750K .......... .......... .......... .......... .......... 26%  113M 1s
  7800K .......... .......... .......... .......... .......... 26%  122M 1s
  7850K .......... .......... .......... .......... .......... 26%  108M 1s
  7900K .......... .......... .......... .......... .......... 26% 92.8M 1s
  7950K .......... .......... .......... .......... .......... 26%  102M 1s
  8000K .......... .......... .......... .......... .......... 27% 91.5M 1s
  8050K .......... .......... .......... .......... .......... 27% 31.3M 1s
  8100K .......... .......... .......... .......... .......... 27%  122M 1s
  8150K .......... .......... .......... .......... .......... 27%  107M 1s
  8200K .......... .......... .......... .......... .......... 27%  115M 1s
  8250K .......... .......... .......... .......... .......... 27%  121M 1s
  8300K .......... .......... .......... .......... .......... 28% 98.8M 1s
  8350K .......... .......... .......... .......... .......... 28% 14.6M 1s
  8400K .......... .......... .......... .......... .......... 28%  121M 1s
  8450K .......... .......... .......... .......... .......... 28%  109M 1s
  8500K .......... .......... .......... .......... .......... 28%  109M 1s
  8550K .......... .......... .......... .......... .......... 28% 48.2M 1s
  8600K .......... .......... .......... .......... .......... 29%  112M 1s
  8650K .......... .......... .......... .......... .......... 29%  108M 1s
  8700K .......... .......... .......... .......... .......... 29%  120M 1s
  8750K .......... .......... .......... .......... .......... 29%  109M 1s
  8800K .......... .......... .......... .......... .......... 29% 6.82M 1s
  8850K .......... .......... .......... .......... .......... 29%  101M 1s
  8900K .......... .......... .......... .......... .......... 30%  114M 1s
  8950K .......... .......... .......... .......... .......... 30%  102M 1s
  9000K .......... .......... .......... .......... .......... 30%  117M 1s
  9050K .......... .......... .......... .......... .......... 30% 72.8M 1s
  9100K .......... .......... .......... .......... .......... 30%  116M 1s
  9150K .......... .......... .......... .......... .......... 30%  107M 1s
  9200K .......... .......... .......... .......... .......... 31% 43.2M 1s
  9250K .......... .......... .......... .......... .......... 31% 42.3M 1s
  9300K .......... .......... .......... .......... .......... 31% 8.99M 1s
  9350K .......... .......... .......... .......... .......... 31%  112M 1s
  9400K .......... .......... .......... .......... .......... 31%  121M 1s
  9450K .......... .......... .......... .......... .......... 31%  113M 1s
  9500K .......... .......... .......... .......... .......... 32% 89.2M 1s
  9550K .......... .......... .......... .......... .......... 32% 9.75M 1s
  9600K .......... .......... .......... .......... .......... 32%  122M 1s
  9650K .......... .......... .......... .......... .......... 32% 98.2M 1s
  9700K .......... .......... .......... .......... .......... 32% 93.9M 1s
  9750K .......... .......... .......... .......... .......... 32% 91.5M 1s
  9800K .......... .......... .......... .......... .......... 33% 20.7M 1s
  9850K .......... .......... .......... .......... .......... 33% 81.6M 1s
  9900K .......... .......... .......... .......... .......... 33%  106M 1s
  9950K .......... .......... .......... .......... .......... 33% 99.4M 0s
 10000K .......... .......... .......... .......... .......... 33% 90.5M 0s
 10050K .......... .......... .......... .......... .......... 33% 14.9M 0s
 10100K .......... .......... .......... .......... .......... 34% 73.5M 0s
 10150K .......... .......... .......... .......... .......... 34%  114M 0s
 10200K .......... .......... .......... .......... .......... 34%  105M 0s
 10250K .......... .......... .......... .......... .......... 34%  119M 0s
 10300K .......... .......... .......... .......... .......... 34%  108M 0s
 10350K .......... .......... .......... .......... .......... 34%  122M 0s
 10400K .......... .......... .......... .......... .......... 35%  124M 0s
 10450K .......... .......... .......... .......... .......... 35% 98.3M 0s
 10500K .......... .......... .......... .......... .......... 35%  118M 0s
 10550K .......... .......... .......... .......... .......... 35% 23.1M 0s
 10600K .......... .......... .......... .......... .......... 35% 91.0M 0s
 10650K .......... .......... .......... .......... .......... 35%  109M 0s
 10700K .......... .......... .......... .......... .......... 36%  121M 0s
 10750K .......... .......... .......... .......... .......... 36%  122M 0s
 10800K .......... .......... .......... .......... .......... 36% 61.8M 0s
 10850K .......... .......... .......... .......... .......... 36%  107M 0s
 10900K .......... .......... .......... .......... .......... 36% 99.8M 0s
 10950K .......... .......... .......... .......... .......... 36%  120M 0s
 11000K .......... .......... .......... .......... .......... 37%  129M 0s
 11050K .......... .......... .......... .......... .......... 37% 65.3M 0s
 11100K .......... .......... .......... .......... .......... 37%  127M 0s
 11150K .......... .......... .......... .......... .......... 37%  114M 0s
 11200K .......... .......... .......... .......... .......... 37% 88.6M 0s
 11250K .......... .......... .......... .......... .......... 37%  117M 0s
 11300K .......... .......... .......... .......... .......... 38% 89.1M 0s
 11350K .......... .......... .......... .......... .......... 38%  106M 0s
 11400K .......... .......... .......... .......... .......... 38%  134M 0s
 11450K .......... .......... .......... .......... .......... 38% 2.32M 0s
 11500K .......... .......... .......... .......... .......... 38%  113M 0s
 11550K .......... .......... .......... .......... .......... 38%  116M 0s
 11600K .......... .......... .......... .......... .......... 39%  117M 0s
 11650K .......... .......... .......... .......... .......... 39% 89.4M 0s
 11700K .......... .......... .......... .......... .......... 39%  124M 0s
 11750K .......... .......... .......... .......... .......... 39% 78.9M 0s
 11800K .......... .......... .......... .......... .......... 39%  121M 0s
 11850K .......... .......... .......... .......... .......... 39%  108M 0s
 11900K .......... .......... .......... .......... .......... 40% 90.7M 0s
 11950K .......... .......... .......... .......... .......... 40% 56.8M 0s
 12000K .......... .......... .......... .......... .......... 40%  123M 0s
 12050K .......... .......... .......... .......... .......... 40%  120M 0s
 12100K .......... .......... .......... .......... .......... 40% 72.6M 0s
 12150K .......... .......... .......... .......... .......... 40%  118M 0s
 12200K .......... .......... .......... .......... .......... 41% 38.5M 0s
 12250K .......... .......... .......... .......... .......... 41%  113M 0s
 12300K .......... .......... .......... .......... .......... 41%  117M 0s
 12350K .......... .......... .......... .......... .......... 41%  113M 0s
 12400K .......... .......... .......... .......... .......... 41% 93.6M 0s
 12450K .......... .......... .......... .......... .......... 41%  104M 0s
 12500K .......... .......... .......... .......... .......... 42%  113M 0s
 12550K .......... .......... .......... .......... .......... 42%  113M 0s
 12600K .......... .......... .......... .......... .......... 42%  112M 0s
 12650K .......... .......... .......... .......... .......... 42% 72.1M 0s
 12700K .......... .......... .......... .......... .......... 42%  112M 0s
 12750K .......... .......... .......... .......... .......... 42%  117M 0s
 12800K .......... .......... .......... .......... .......... 43%  112M 0s
 12850K .......... .......... .......... .......... .......... 43%  113M 0s
 12900K .......... .......... .......... .......... .......... 43%  116M 0s
 12950K .......... .......... .......... .......... .......... 43% 70.8M 0s
 13000K .......... .......... .......... .......... .......... 43% 24.7M 0s
 13050K .......... .......... .......... .......... .......... 43%  200M 0s
 13100K .......... .......... .......... .......... .......... 44%  197M 0s
 13150K .......... .......... .......... .......... .......... 44%  200M 0s
 13200K .......... .......... .......... .......... .......... 44%  192M 0s
 13250K .......... .......... .......... .......... .......... 44%  172M 0s
 13300K .......... .......... .......... .......... .......... 44%  206M 0s
 13350K .......... .......... .......... .......... .......... 44%  139M 0s
 13400K .......... .......... .......... .......... .......... 45%  124M 0s
 13450K .......... .......... .......... .......... .......... 45% 84.3M 0s
 13500K .......... .......... .......... .......... .......... 45%  119M 0s
 13550K .......... .......... .......... .......... .......... 45%  102M 0s
 13600K .......... .......... .......... .......... .......... 45%  132M 0s
 13650K .......... .......... .......... .......... .......... 45% 72.5M 0s
 13700K .......... .......... .......... .......... .......... 46%  121M 0s
 13750K .......... .......... .......... .......... .......... 46% 89.0M 0s
 13800K .......... .......... .......... .......... .......... 46%  119M 0s
 13850K .......... .......... .......... .......... .......... 46%  113M 0s
 13900K .......... .......... .......... .......... .......... 46%  107M 0s
 13950K .......... .......... .......... .......... .......... 46%  101M 0s
 14000K .......... .......... .......... .......... .......... 47% 94.7M 0s
 14050K .......... .......... .......... .......... .......... 47% 94.4M 0s
 14100K .......... .......... .......... .......... .......... 47%  113M 0s
 14150K .......... .......... .......... .......... .......... 47%  128M 0s
 14200K .......... .......... .......... .......... .......... 47% 86.0M 0s
 14250K .......... .......... .......... .......... .......... 48%  115M 0s
 14300K .......... .......... .......... .......... .......... 48%  108M 0s
 14350K .......... .......... .......... .......... .......... 48%  126M 0s
 14400K .......... .......... .......... .......... .......... 48% 56.0M 0s
 14450K .......... .......... .......... .......... .......... 48%  107M 0s
 14500K .......... .......... .......... .......... .......... 48%  109M 0s
 14550K .......... .......... .......... .......... .......... 49%  121M 0s
 14600K .......... .......... .......... .......... .......... 49%  103M 0s
 14650K .......... .......... .......... .......... .......... 49% 72.2M 0s
 14700K .......... .......... .......... .......... .......... 49%  122M 0s
 14750K .......... .......... .......... .......... .......... 49%  108M 0s
 14800K .......... .......... .......... .......... .......... 49%  122M 0s
 14850K .......... .......... .......... .......... .......... 50% 91.4M 0s
 14900K .......... .......... .......... .......... .......... 50%  108M 0s
 14950K .......... .......... .......... .......... .......... 50%  115M 0s
 15000K .......... .......... .......... .......... .......... 50%  108M 0s
 15050K .......... .......... .......... .......... .......... 50%  108M 0s
 15100K .......... .......... .......... .......... .......... 50% 99.8M 0s
 15150K .......... .......... .......... .......... .......... 51%  113M 0s
 15200K .......... .......... .......... .......... .......... 51%  109M 0s
 15250K .......... .......... .......... .......... .......... 51%  113M 0s
 15300K .......... .......... .......... .......... .......... 51%  101M 0s
 15350K .......... .......... .......... .......... .......... 51% 99.2M 0s
 15400K .......... .......... .......... .......... .......... 51% 96.2M 0s
 15450K .......... .......... .......... .......... .......... 52%  117M 0s
 15500K .......... .......... .......... .......... .......... 52% 95.7M 0s
 15550K .......... .......... .......... .......... .......... 52%  111M 0s
 15600K .......... .......... .......... .......... .......... 52%  100M 0s
 15650K .......... .......... .......... .......... .......... 52%  125M 0s
 15700K .......... .......... .......... .......... .......... 52% 53.3M 0s
 15750K .......... .......... .......... .......... .......... 53% 98.1M 0s
 15800K .......... .......... .......... .......... .......... 53%  112M 0s
 15850K .......... .......... .......... .......... .......... 53%  103M 0s
 15900K .......... .......... .......... .......... .......... 53%  108M 0s
 15950K .......... .......... .......... .......... .......... 53%  119M 0s
 16000K .......... .......... .......... .......... .......... 53%  111M 0s
 16050K .......... .......... .......... .......... .......... 54% 95.7M 0s
 16100K .......... .......... .......... .......... .......... 54%  120M 0s
 16150K .......... .......... .......... .......... .......... 54%  117M 0s
 16200K .......... .......... .......... .......... .......... 54% 86.0M 0s
 16250K .......... .......... .......... .......... .......... 54% 89.2M 0s
 16300K .......... .......... .......... .......... .......... 54%  112M 0s
 16350K .......... .......... .......... .......... .......... 55%  104M 0s
 16400K .......... .......... .......... .......... .......... 55%  101M 0s
 16450K .......... .......... .......... .......... .......... 55%  122M 0s
 16500K .......... .......... .......... .......... .......... 55% 84.6M 0s
 16550K .......... .......... .......... .......... .......... 55%  122M 0s
 16600K .......... .......... .......... .......... .......... 55%  109M 0s
 16650K .......... .......... .......... .......... .......... 56%  112M 0s
 16700K .......... .......... .......... .......... .......... 56%  119M 0s
 16750K .......... .......... .......... .......... .......... 56%  111M 0s
 16800K .......... .......... .......... .......... .......... 56%  135M 0s
 16850K .......... .......... .......... .......... .......... 56% 85.1M 0s
 16900K .......... .......... .......... .......... .......... 56%  112M 0s
 16950K .......... .......... .......... .......... .......... 57%  128M 0s
 17000K .......... .......... .......... .......... .......... 57%  112M 0s
 17050K .......... .......... .......... .......... .......... 57%  112M 0s
 17100K .......... .......... .......... .......... .......... 57% 57.9M 0s
 17150K .......... .......... .......... .......... .......... 57% 40.0M 0s
 17200K .......... .......... .......... .......... .......... 57% 92.0M 0s
 17250K .......... .......... .......... .......... .......... 58%  115M 0s
 17300K .......... .......... .......... .......... .......... 58%  111M 0s
 17350K .......... .......... .......... .......... .......... 58% 91.4M 0s
 17400K .......... .......... .......... .......... .......... 58%  129M 0s
 17450K .......... .......... .......... .......... .......... 58%  108M 0s
 17500K .......... .......... .......... .......... .......... 58%  109M 0s
 17550K .......... .......... .......... .......... .......... 59%  116M 0s
 17600K .......... .......... .......... .......... .......... 59%  129M 0s
 17650K .......... .......... .......... .......... .......... 59% 83.6M 0s
 17700K .......... .......... .......... .......... .......... 59%  131M 0s
 17750K .......... .......... .......... .......... .......... 59%  101M 0s
 17800K .......... .......... .......... .......... .......... 59%  113M 0s
 17850K .......... .......... .......... .......... .......... 60%  113M 0s
 17900K .......... .......... .......... .......... .......... 60%  115M 0s
 17950K .......... .......... .......... .......... .......... 60% 96.1M 0s
 18000K .......... .......... .......... .......... .......... 60% 86.2M 0s
 18050K .......... .......... .......... .......... .......... 60%  121M 0s
 18100K .......... .......... .......... .......... .......... 60%  109M 0s
 18150K .......... .......... .......... .......... .......... 61%  102M 0s
 18200K .......... .......... .......... .......... .......... 61%  102M 0s
 18250K .......... .......... .......... .......... .......... 61%  103M 0s
 18300K .......... .......... .......... .......... .......... 61%  101M 0s
 18350K .......... .......... .......... .......... .......... 61%  106M 0s
 18400K .......... .......... .......... .......... .......... 61%  108M 0s
 18450K .......... .......... .......... .......... .......... 62%  130M 0s
 18500K .......... .......... .......... .......... .......... 62% 83.7M 0s
 18550K .......... .......... .......... .......... .......... 62%  171M 0s
 18600K .......... .......... .......... .......... .......... 62% 61.0M 0s
 18650K .......... .......... .......... .......... .......... 62%  107M 0s
 18700K .......... .......... .......... .......... .......... 62%  115M 0s
 18750K .......... .......... .......... .......... .......... 63% 89.6M 0s
 18800K .......... .......... .......... .......... .......... 63%  104M 0s
 18850K .......... .......... .......... .......... .......... 63%  106M 0s
 18900K .......... .......... .......... .......... .......... 63%  101M 0s
 18950K .......... .......... .......... .......... .......... 63% 96.1M 0s
 19000K .......... .......... .......... .......... .......... 63%  114M 0s
 19050K .......... .......... .......... .......... .......... 64%  133M 0s
 19100K .......... .......... .......... .......... .......... 64% 90.3M 0s
 19150K .......... .......... .......... .......... .......... 64%  118M 0s
 19200K .......... .......... .......... .......... .......... 64% 96.5M 0s
 19250K .......... .......... .......... .......... .......... 64% 95.1M 0s
 19300K .......... .......... .......... .......... .......... 64%  145M 0s
 19350K .......... .......... .......... .......... .......... 65% 83.7M 0s
 19400K .......... .......... .......... .......... .......... 65%  137M 0s
 19450K .......... .......... .......... .......... .......... 65%  101M 0s
 19500K .......... .......... .......... .......... .......... 65% 97.1M 0s
 19550K .......... .......... .......... .......... .......... 65% 96.2M 0s
 19600K .......... .......... .......... .......... .......... 65%  123M 0s
 19650K .......... .......... .......... .......... .......... 66%  101M 0s
 19700K .......... .......... .......... .......... .......... 66%  116M 0s
 19750K .......... .......... .......... .......... .......... 66% 88.0M 0s
 19800K .......... .......... .......... .......... .......... 66%  134M 0s
 19850K .......... .......... .......... .......... .......... 66% 99.2M 0s
 19900K .......... .......... .......... .......... .......... 66%  106M 0s
 19950K .......... .......... .......... .......... .......... 67% 93.7M 0s
 20000K .......... .......... .......... .......... .......... 67%  117M 0s
 20050K .......... .......... .......... .......... .......... 67%  115M 0s
 20100K .......... .......... .......... .......... .......... 67% 80.5M 0s
 20150K .......... .......... .......... .......... .......... 67%  111M 0s
 20200K .......... .......... .......... .......... .......... 67% 97.1M 0s
 20250K .......... .......... .......... .......... .......... 68%  106M 0s
 20300K .......... .......... .......... .......... .......... 68%  102M 0s
 20350K .......... .......... .......... .......... .......... 68%  114M 0s
 20400K .......... .......... .......... .......... .......... 68%  109M 0s
 20450K .......... .......... .......... .......... .......... 68%  103M 0s
 20500K .......... .......... .......... .......... .......... 68% 95.7M 0s
 20550K .......... .......... .......... .......... .......... 69%  111M 0s
 20600K .......... .......... .......... .......... .......... 69%  112M 0s
 20650K .......... .......... .......... .......... .......... 69%  114M 0s
 20700K .......... .......... .......... .......... .......... 69% 92.5M 0s
 20750K .......... .......... .......... .......... .......... 69%  122M 0s
 20800K .......... .......... .......... .......... .......... 69% 87.6M 0s
 20850K .......... .......... .......... .......... .......... 70% 96.5M 0s
 20900K .......... .......... .......... .......... .......... 70% 90.1M 0s
 20950K .......... .......... .......... .......... .......... 70%  112M 0s
 21000K .......... .......... .......... .......... .......... 70%  115M 0s
 21050K .......... .......... .......... .......... .......... 70% 83.8M 0s
 21100K .......... .......... .......... .......... .......... 71%  119M 0s
 21150K .......... .......... .......... .......... .......... 71%  102M 0s
 21200K .......... .......... .......... .......... .......... 71%  117M 0s
 21250K .......... .......... .......... .......... .......... 71%  121M 0s
 21300K .......... .......... .......... .......... .......... 71% 86.4M 0s
 21350K .......... .......... .......... .......... .......... 71%  119M 0s
 21400K .......... .......... .......... .......... .......... 72%  123M 0s
 21450K .......... .......... .......... .......... .......... 72%  112M 0s
 21500K .......... .......... .......... .......... .......... 72%  108M 0s
 21550K .......... .......... .......... .......... .......... 72%  121M 0s
 21600K .......... .......... .......... .......... .......... 72%  121M 0s
 21650K .......... .......... .......... .......... .......... 72% 37.7M 0s
 21700K .......... .......... .......... .......... .......... 73%  109M 0s
 21750K .......... .......... .......... .......... .......... 73%  126M 0s
 21800K .......... .......... .......... .......... .......... 73%  111M 0s
 21850K .......... .......... .......... .......... .......... 73%  106M 0s
 21900K .......... .......... .......... .......... .......... 73%  133M 0s
 21950K .......... .......... .......... .......... .......... 73% 23.2M 0s
 22000K .......... .......... .......... .......... .......... 74% 97.9M 0s
 22050K .......... .......... .......... .......... .......... 74%  109M 0s
 22100K .......... .......... .......... .......... .......... 74%  115M 0s
 22150K .......... .......... .......... .......... .......... 74%  138M 0s
 22200K .......... .......... .......... .......... .......... 74% 85.6M 0s
 22250K .......... .......... .......... .......... .......... 74%  132M 0s
 22300K .......... .......... .......... .......... .......... 75%  113M 0s
 22350K .......... .......... .......... .......... .......... 75%  112M 0s
 22400K .......... .......... .......... .......... .......... 75% 22.7M 0s
 22450K .......... .......... .......... .......... .......... 75%  127M 0s
 22500K .......... .......... .......... .......... .......... 75%  110M 0s
 22550K .......... .......... .......... .......... .......... 75%  122M 0s
 22600K .......... .......... .......... .......... .......... 76% 11.4M 0s
 22650K .......... .......... .......... .......... .......... 76%  102M 0s
 22700K .......... .......... .......... .......... .......... 76%  114M 0s
 22750K .......... .......... .......... .......... .......... 76%  122M 0s
 22800K .......... .......... .......... .......... .......... 76%  109M 0s
 22850K .......... .......... .......... .......... .......... 76% 10.9M 0s
 22900K .......... .......... .......... .......... .......... 77%  115M 0s
 22950K .......... .......... .......... .......... .......... 77%  109M 0s
 23000K .......... .......... .......... .......... .......... 77%  119M 0s
 23050K .......... .......... .......... .......... .......... 77%  108M 0s
 23100K .......... .......... .......... .......... .......... 77%  132M 0s
 23150K .......... .......... .......... .......... .......... 77% 19.1M 0s
 23200K .......... .......... .......... .......... .......... 78%  120M 0s
 23250K .......... .......... .......... .......... .......... 78%  121M 0s
 23300K .......... .......... .......... .......... .......... 78%  112M 0s
 23350K .......... .......... .......... .......... .......... 78%  116M 0s
 23400K .......... .......... .......... .......... .......... 78% 96.1M 0s
 23450K .......... .......... .......... .......... .......... 78% 94.2M 0s
 23500K .......... .......... .......... .......... .......... 79% 83.9M 0s
 23550K .......... .......... .......... .......... .......... 79%  116M 0s
 23600K .......... .......... .......... .......... .......... 79%  135M 0s
 23650K .......... .......... .......... .......... .......... 79% 33.8M 0s
 23700K .......... .......... .......... .......... .......... 79% 63.5M 0s
 23750K .......... .......... .......... .......... .......... 79%  120M 0s
 23800K .......... .......... .......... .......... .......... 80%  105M 0s
 23850K .......... .......... .......... .......... .......... 80%  112M 0s
 23900K .......... .......... .......... .......... .......... 80% 84.9M 0s
 23950K .......... .......... .......... .......... .......... 80%  120M 0s
 24000K .......... .......... .......... .......... .......... 80%  116M 0s
 24050K .......... .......... .......... .......... .......... 80%  122M 0s
 24100K .......... .......... .......... .......... .......... 81% 57.6M 0s
 24150K .......... .......... .......... .......... .......... 81% 98.1M 0s
 24200K .......... .......... .......... .......... .......... 81%  109M 0s
 24250K .......... .......... .......... .......... .......... 81%  121M 0s
 24300K .......... .......... .......... .......... .......... 81% 92.8M 0s
 24350K .......... .......... .......... .......... .......... 81% 64.0M 0s
 24400K .......... .......... .......... .......... .......... 82%  119M 0s
 24450K .......... .......... .......... .......... .......... 82%  103M 0s
 24500K .......... .......... .......... .......... .......... 82%  114M 0s
 24550K .......... .......... .......... .......... .......... 82%  114M 0s
 24600K .......... .......... .......... .......... .......... 82% 86.1M 0s
 24650K .......... .......... .......... .......... .......... 82%  118M 0s
 24700K .......... .......... .......... .......... .......... 83%  112M 0s
 24750K .......... .......... .......... .......... .......... 83% 97.5M 0s
 24800K .......... .......... .......... .......... .......... 83%  100M 0s
 24850K .......... .......... .......... .......... .......... 83%  100M 0s
 24900K .......... .......... .......... .......... .......... 83%  111M 0s
 24950K .......... .......... .......... .......... .......... 83%  109M 0s
 25000K .......... .......... .......... .......... .......... 84%  104M 0s
 25050K .......... .......... .......... .......... .......... 84%  111M 0s
 25100K .......... .......... .......... .......... .......... 84% 95.0M 0s
 25150K .......... .......... .......... .......... .......... 84% 97.7M 0s
 25200K .......... .......... .......... .......... .......... 84%  112M 0s
 25250K .......... .......... .......... .......... .......... 84% 94.5M 0s
 25300K .......... .......... .......... .......... .......... 85%  112M 0s
 25350K .......... .......... .......... .......... .......... 85%  113M 0s
 25400K .......... .......... .......... .......... .......... 85%  113M 0s
 25450K .......... .......... .......... .......... .......... 85%  118M 0s
 25500K .......... .......... .......... .......... .......... 85%  115M 0s
 25550K .......... .......... .......... .......... .......... 85% 81.6M 0s
 25600K .......... .......... .......... .......... .......... 86% 77.5M 0s
 25650K .......... .......... .......... .......... .......... 86%  111M 0s
 25700K .......... .......... .......... .......... .......... 86%  104M 0s
 25750K .......... .......... .......... .......... .......... 86%  103M 0s
 25800K .......... .......... .......... .......... .......... 86%  114M 0s
 25850K .......... .......... .......... .......... .......... 86% 98.3M 0s
 25900K .......... .......... .......... .......... .......... 87%  113M 0s
 25950K .......... .......... .......... .......... .......... 87%  119M 0s
 26000K .......... .......... .......... .......... .......... 87%  102M 0s
 26050K .......... .......... .......... .......... .......... 87%  104M 0s
 26100K .......... .......... .......... .......... .......... 87% 93.8M 0s
 26150K .......... .......... .......... .......... .......... 87% 66.7M 0s
 26200K .......... .......... .......... .......... .......... 88%  111M 0s
 26250K .......... .......... .......... .......... .......... 88%  131M 0s
 26300K .......... .......... .......... .......... .......... 88%  106M 0s
 26350K .......... .......... .......... .......... .......... 88% 12.2M 0s
 26400K .......... .......... .......... .......... .......... 88%  112M 0s
 26450K .......... .......... .......... .......... .......... 88%  125M 0s
 26500K .......... .......... .......... .......... .......... 89% 80.9M 0s
 26550K .......... .......... .......... .......... .......... 89% 99.7M 0s
 26600K .......... .......... .......... .......... .......... 89% 9.43M 0s
 26650K .......... .......... .......... .......... .......... 89% 98.3M 0s
 26700K .......... .......... .......... .......... .......... 89%  101M 0s
 26750K .......... .......... .......... .......... .......... 89%  105M 0s
 26800K .......... .......... .......... .......... .......... 90% 68.9M 0s
 26850K .......... .......... .......... .......... .......... 90% 96.6M 0s
 26900K .......... .......... .......... .......... .......... 90%  107M 0s
 26950K .......... .......... .......... .......... .......... 90%  105M 0s
 27000K .......... .......... .......... .......... .......... 90%  119M 0s
 27050K .......... .......... .......... .......... .......... 90% 31.0M 0s
 27100K .......... .......... .......... .......... .......... 91%  112M 0s
 27150K .......... .......... .......... .......... .......... 91% 10.4M 0s
 27200K .......... .......... .......... .......... .......... 91%  126M 0s
 27250K .......... .......... .......... .......... .......... 91% 96.5M 0s
 27300K .......... .......... .......... .......... .......... 91% 92.1M 0s
 27350K .......... .......... .......... .......... .......... 91%  107M 0s
 27400K .......... .......... .......... .......... .......... 92%  120M 0s
 27450K .......... .......... .......... .......... .......... 92% 95.0M 0s
 27500K .......... .......... .......... .......... .......... 92% 83.4M 0s
 27550K .......... .......... .......... .......... .......... 92%  113M 0s
 27600K .......... .......... .......... .......... .......... 92% 7.82M 0s
 27650K .......... .......... .......... .......... .......... 92%  113M 0s
 27700K .......... .......... .......... .......... .......... 93%  119M 0s
 27750K .......... .......... .......... .......... .......... 93% 85.2M 0s
 27800K .......... .......... .......... .......... .......... 93%  121M 0s
 27850K .......... .......... .......... .......... .......... 93%  123M 0s
 27900K .......... .......... .......... .......... .......... 93%  110M 0s
 27950K .......... .......... .......... .......... .......... 93% 80.3M 0s
 28000K .......... .......... .......... .......... .......... 94% 75.6M 0s
 28050K .......... .......... .......... .......... .......... 94% 87.2M 0s
 28100K .......... .......... .......... .......... .......... 94% 86.4M 0s
 28150K .......... .......... .......... .......... .......... 94%  131M 0s
 28200K .......... .......... .......... .......... .......... 94%  153M 0s
 28250K .......... .......... .......... .......... .......... 95%  144M 0s
 28300K .......... .......... .......... .......... .......... 95%  134M 0s
 28350K .......... .......... .......... .......... .......... 95% 55.0M 0s
 28400K .......... .......... .......... .......... .......... 95% 97.6M 0s
 28450K .......... .......... .......... .......... .......... 95% 92.7M 0s
 28500K .......... .......... .......... .......... .......... 95%  121M 0s
 28550K .......... .......... .......... .......... .......... 96%  109M 0s
 28600K .......... .......... .......... .......... .......... 96% 7.44M 0s
 28650K .......... .......... .......... .......... .......... 96%  119M 0s
 28700K .......... .......... .......... .......... .......... 96% 97.8M 0s
 28750K .......... .......... .......... .......... .......... 96%  128M 0s
 28800K .......... .......... .......... .......... .......... 96% 92.2M 0s
 28850K .......... .......... .......... .......... .......... 97%  101M 0s
 28900K .......... .......... .......... .......... .......... 97% 35.8M 0s
 28950K .......... .......... .......... .......... .......... 97%  108M 0s
 29000K .......... .......... .......... .......... .......... 97% 49.1M 0s
 29050K .......... .......... .......... .......... .......... 97%  130M 0s
 29100K .......... .......... .......... .......... .......... 97%  122M 0s
 29150K .......... .......... .......... .......... .......... 98%  110M 0s
 29200K .......... .......... .......... .......... .......... 98%  120M 0s
 29250K .......... .......... .......... .......... .......... 98% 79.4M 0s
 29300K .......... .......... .......... .......... .......... 98% 70.2M 0s
 29350K .......... .......... .......... .......... .......... 98%  100M 0s
 29400K .......... .......... .......... .......... .......... 98% 93.6M 0s
 29450K .......... .......... .......... .......... .......... 99%  114M 0s
 29500K .......... .......... .......... .......... .......... 99%  116M 0s
 29550K .......... .......... .......... .......... .......... 99%  121M 0s
 29600K .......... .......... .......... .......... .......... 99% 96.2M 0s
 29650K .......... .......... .......... .......... .......... 99%  121M 0s
 29700K .......... .......... .......... .......... .......... 99%  113M 0s
 29750K .......... .......... .......... ........             100%  142M=0.5s

2021-05-29 03:03:51 (57.4 MB/s) - `/tmp/firefox-28.0.tar.bz2' saved [30503247/30503247]


travis_time:end:21c3fa11:start=1622257430325967931,finish=1622257431279153508,duration=953185577[0K$ export PATH=$HOME/firefox-28.0/firefox:$PATH
travis_fold:end:install_firefox[0Ktravis_fold:start:postgresql[0K[33;1mStarting PostgreSQL v9.3[0m
travis_time:start:13c2a8b4[0K$ sudo service postgresql stop
 * Stopping PostgreSQL 9.1 database server
   ...done.
 * Stopping PostgreSQL 9.2 database server
   ...done.
 * Stopping PostgreSQL 9.3 database server
   ...done.
 * Stopping PostgreSQL 9.4 database server
   ...done.

travis_time:end:13c2a8b4:start=1622257435480395212,finish=1622257436156044641,duration=675649429[0Ktravis_time:start:0240a8e7[0K$ sudo service postgresql start 9.3
 * Starting PostgreSQL 9.3 database server
   ...done.

travis_time:end:0240a8e7:start=1622257436163278454,finish=1622257440958820245,duration=4795541791[0Ktravis_time:start:0240f6a8[0K$ sudo -u postgres createuser -s -p 5432 travis &>/dev/null

travis_time:end:0240f6a8:start=1622257440968124251,finish=1622257441030230163,duration=62105912[0Ktravis_time:start:09da74e0[0K$ sudo -u postgres createdb -O travis -p 5432 travis &>/dev/null

travis_time:end:09da74e0:start=1622257441040595334,finish=1622257441316264968,duration=275669634[0Ktravis_time:start:0545c2fc[0K$ sudo -u postgres createuser -s -p 5433 travis &>/dev/null

travis_time:end:0545c2fc:start=1622257441326785798,finish=1622257441379711491,duration=52925693[0Ktravis_time:start:0b6f05df[0K$ sudo -u postgres createdb -O travis -p 5433 travis &>/dev/null

travis_time:end:0b6f05df:start=1622257441390711466,finish=1622257441439515457,duration=48803991[0Ktravis_fold:end:postgresql[0Ktravis_time:start:084c8e08[0K$ source ~/virtualenv/python2.7/bin/activate

travis_time:end:084c8e08:start=1622257448384840068,finish=1622257448395215533,duration=10375465[0K$ python --version
Python 2.7.9
$ pip --version
pip 6.0.7 from /home/travis/virtualenv/python2.7.9/lib/python2.7/site-packages (python 2.7)
travis_fold:start:before_install.1[0Ktravis_time:start:06b4b1f0[0K$ export DISPLAY=:99.0

travis_time:end:06b4b1f0:start=1622257448686204991,finish=1622257448694467268,duration=8262277[0Ktravis_fold:end:before_install.1[0Ktravis_fold:start:before_install.2[0Ktravis_time:start:01287bd8[0K$ sh -e /etc/init.d/xvfb start
Starting virtual X frame buffer: Xvfb.

travis_time:end:01287bd8:start=1622257448704462686,finish=1622257448716409685,duration=11946999[0Ktravis_fold:end:before_install.2[0Ktravis_fold:start:install[0Ktravis_time:start:0b8001e2[0K$ ./bootstrap.py
Using real prefix '/opt/python/2.7.9'
New python executable in /home/travis/build/passed/ccnmtl/dmt/ve/bin/python
Installing setuptools, pip...done.
Collecting wheel==0.24.0
  Retrying (Retry(total=4, connect=None, read=None, redirect=None)) after connection broken by 'ProtocolError('Connection aborted.', gaierror(-2, 'Name or service not known'))': /wheel/
  Retrying (Retry(total=3, connect=None, read=None, redirect=None)) after connection broken by 'ProtocolError('Connection aborted.', gaierror(-2, 'Name or service not known'))': /wheel/
  Retrying (Retry(total=2, connect=None, read=None, redirect=None)) after connection broken by 'ProtocolError('Connection aborted.', gaierror(-2, 'Name or service not known'))': /wheel/
  Retrying (Retry(total=1, connect=None, read=None, redirect=None)) after connection broken by 'ProtocolError('Connection aborted.', gaierror(-2, 'Name or service not known'))': /wheel/
  Retrying (Retry(total=0, connect=None, read=None, redirect=None)) after connection broken by 'ProtocolError('Connection aborted.', gaierror(-2, 'Name or service not known'))': /wheel/
  DEPRECATION: Failed to find 'wheel' at https://pypi.ccnmtl.columbia.edu/wheel/. It is suggested to upgrade your index to support normalized names as the name in /simple/{name}.
  Retrying (Retry(total=4, connect=None, read=None, redirect=None)) after connection broken by 'ProtocolError('Connection aborted.', gaierror(-2, 'Name or service not known'))': /
  Retrying (Retry(total=3, connect=None, read=None, redirect=None)) after connection broken by 'ProtocolError('Connection aborted.', gaierror(-2, 'Name or service not known'))': /
  Retrying (Retry(total=2, connect=None, read=None, redirect=None)) after connection broken by 'ProtocolError('Connection aborted.', gaierror(-2, 'Name or service not known'))': /
  Retrying (Retry(total=1, connect=None, read=None, redirect=None)) after connection broken by 'ProtocolError('Connection aborted.', gaierror(-2, 'Name or service not known'))': /
  Retrying (Retry(total=0, connect=None, read=None, redirect=None)) after connection broken by 'ProtocolError('Connection aborted.', gaierror(-2, 'Name or service not known'))': /
  Cannot fetch index base URL https://pypi.ccnmtl.columbia.edu/
  Retrying (Retry(total=4, connect=None, read=None, redirect=None)) after connection broken by 'ProtocolError('Connection aborted.', gaierror(-2, 'Name or service not known'))': /wheel/
  Retrying (Retry(total=3, connect=None, read=None, redirect=None)) after connection broken by 'ProtocolError('Connection aborted.', gaierror(-2, 'Name or service not known'))': /wheel/
  Retrying (Retry(total=2, connect=None, read=None, redirect=None)) after connection broken by 'ProtocolError('Connection aborted.', gaierror(-2, 'Name or service not known'))': /wheel/
  Retrying (Retry(total=1, connect=None, read=None, redirect=None)) after connection broken by 'ProtocolError('Connection aborted.', gaierror(-2, 'Name or service not known'))': /wheel/
  Retrying (Retry(total=0, connect=None, read=None, redirect=None)) after connection broken by 'ProtocolError('Connection aborted.', gaierror(-2, 'Name or service not known'))': /wheel/
  Could not find a version that satisfies the requirement wheel==0.24.0 (from versions: )
No matching distribution found for wheel==0.24.0

travis_time:end:0b8001e2:start=1622257448724963690,finish=1622257476969835335,duration=28244871645[0K
[31;1mThe command "./bootstrap.py" failed and exited with 1 during .[0m

Your build has been stopped.
