travis_fold:start:system_info[0K[33;1mBuild system information[0m
Build language: python
Build id: ''
Job id: ''
[34m[1mBuild image provisioning date and time[0m
Sat Dec 13 00:10:36 UTC 2014
[34m[1mlsb_release -a[0m
Distributor ID:	Ubuntu
Description:	Ubuntu 12.04.5 LTS
Release:	12.04
Codename:	precise
[34m[1mCookbooks Version[0m
540230e https://github.com/travis-ci/travis-cookbooks/tree/540230e
[34m[1mGCC version[0m
gcc (Ubuntu/Linaro 4.6.3-1ubuntu5) 4.6.3
Copyright (C) 2011 Free Software Foundation, Inc.
This is free software; see the source for copying conditions.  There is NO
warranty; not even for MERCHANTABILITY or FITNESS FOR A PARTICULAR PURPOSE.

[34m[1mLLVM version[0m
clang version 3.4 (tags/RELEASE_34/final)
Target: x86_64-unknown-linux-gnu
Thread model: posix
[34m[1mPre-installed Ruby versions[0m
ruby-1.9.3-p551
[34m[1mPre-installed Node.js versions[0m
v0.10.33
[34m[1mPre-installed Go versions[0m
go1.4
[34m[1mRedis version[0m
redis-server 2.8.18
[34m[1mriak version[0m
1.4.12
[34m[1mMongoDB version[0m
MongoDB 2.4.12
[34m[1mCouchDB version[0m
couchdb 1.6.1
[34m[1mNeo4j version[0m
1.9.4
[34m[1mCassandra version[0m
2.0.9
[34m[1mRabbitMQ Version[0m
3.4.2
[34m[1mElasticSearch version[0m
1.4.0
[34m[1mInstalled Sphinx versions[0m
2.0.10
2.1.9
2.2.4
[34m[1mDefault Sphinx version[0m
2.1.9
[34m[1mInstalled Firefox version[0m
firefox 31.0esr
[34m[1mPhantomJS version[0m
1.9.8
[34m[1mant -version[0m
Apache Ant(TM) version 1.8.2 compiled on December 3 2011
[34m[1mmvn -version[0m
Apache Maven 3.2.3 (33f8c3e1027c3ddde99d3cdebad2656a31e8fdf4; 2014-08-11T20:58:10+00:00)
Maven home: /usr/local/maven
Java version: 1.7.0_72, vendor: Oracle Corporation
Java home: /usr/lib/jvm/java-7-oracle/jre
Default locale: en_US, platform encoding: ANSI_X3.4-1968
OS name: "linux", version: "3.13.0-29-generic", arch: "amd64", family: "unix"
travis_fold:end:system_info[0K
grep: /etc/apt/sources.list.d/*: No such file or directory
W: Failed to fetch http://security.ubuntu.com/ubuntu/dists/precise-security/main/source/Sources  404  Not Found [IP: 91.189.91.38 80]

W: Failed to fetch http://security.ubuntu.com/ubuntu/dists/precise-security/restricted/source/Sources  404  Not Found [IP: 91.189.91.38 80]

W: Failed to fetch http://security.ubuntu.com/ubuntu/dists/precise-security/universe/source/Sources  404  Not Found [IP: 91.189.91.38 80]

W: Failed to fetch http://security.ubuntu.com/ubuntu/dists/precise-security/multiverse/source/Sources  404  Not Found [IP: 91.189.91.38 80]

W: Failed to fetch http://security.ubuntu.com/ubuntu/dists/precise-security/main/binary-amd64/Packages  404  Not Found [IP: 91.189.91.38 80]

W: Failed to fetch http://security.ubuntu.com/ubuntu/dists/precise-security/restricted/binary-amd64/Packages  404  Not Found [IP: 91.189.91.38 80]

W: Failed to fetch http://security.ubuntu.com/ubuntu/dists/precise-security/universe/binary-amd64/Packages  404  Not Found [IP: 91.189.91.38 80]

W: Failed to fetch http://security.ubuntu.com/ubuntu/dists/precise-security/multiverse/binary-amd64/Packages  404  Not Found [IP: 91.189.91.38 80]

W: Failed to fetch http://security.ubuntu.com/ubuntu/dists/precise-security/main/binary-i386/Packages  404  Not Found [IP: 91.189.91.38 80]

W: Failed to fetch http://security.ubuntu.com/ubuntu/dists/precise-security/restricted/binary-i386/Packages  404  Not Found [IP: 91.189.91.38 80]

W: Failed to fetch http://security.ubuntu.com/ubuntu/dists/precise-security/universe/binary-i386/Packages  404  Not Found [IP: 91.189.91.38 80]

W: Failed to fetch http://security.ubuntu.com/ubuntu/dists/precise-security/multiverse/binary-i386/Packages  404  Not Found [IP: 91.189.91.38 80]

W: Failed to fetch http://us.archive.ubuntu.com/ubuntu/dists/precise/main/source/Sources  404  Not Found [IP: 91.189.91.39 80]

W: Failed to fetch http://us.archive.ubuntu.com/ubuntu/dists/precise/restricted/source/Sources  404  Not Found [IP: 91.189.91.39 80]

W: Failed to fetch http://us.archive.ubuntu.com/ubuntu/dists/precise/universe/source/Sources  404  Not Found [IP: 91.189.91.39 80]

W: Failed to fetch http://us.archive.ubuntu.com/ubuntu/dists/precise/multiverse/source/Sources  404  Not Found [IP: 91.189.91.39 80]

W: Failed to fetch http://us.archive.ubuntu.com/ubuntu/dists/precise/main/binary-amd64/Packages  404  Not Found [IP: 91.189.91.39 80]

W: Failed to fetch http://us.archive.ubuntu.com/ubuntu/dists/precise/restricted/binary-amd64/Packages  404  Not Found [IP: 91.189.91.39 80]

W: Failed to fetch http://us.archive.ubuntu.com/ubuntu/dists/precise/universe/binary-amd64/Packages  404  Not Found [IP: 91.189.91.39 80]

W: Failed to fetch http://us.archive.ubuntu.com/ubuntu/dists/precise/multiverse/binary-amd64/Packages  404  Not Found [IP: 91.189.91.39 80]

W: Failed to fetch http://us.archive.ubuntu.com/ubuntu/dists/precise/main/binary-i386/Packages  404  Not Found [IP: 91.189.91.39 80]

W: Failed to fetch http://us.archive.ubuntu.com/ubuntu/dists/precise/restricted/binary-i386/Packages  404  Not Found [IP: 91.189.91.39 80]

W: Failed to fetch http://us.archive.ubuntu.com/ubuntu/dists/precise/universe/binary-i386/Packages  404  Not Found [IP: 91.189.91.39 80]

W: Failed to fetch http://us.archive.ubuntu.com/ubuntu/dists/precise/multiverse/binary-i386/Packages  404  Not Found [IP: 91.189.91.39 80]

W: Failed to fetch http://us.archive.ubuntu.com/ubuntu/dists/precise-updates/main/source/Sources  404  Not Found [IP: 91.189.91.39 80]

W: Failed to fetch http://us.archive.ubuntu.com/ubuntu/dists/precise-updates/restricted/source/Sources  404  Not Found [IP: 91.189.91.39 80]

W: Failed to fetch http://us.archive.ubuntu.com/ubuntu/dists/precise-updates/universe/source/Sources  404  Not Found [IP: 91.189.91.39 80]

W: Failed to fetch http://us.archive.ubuntu.com/ubuntu/dists/precise-updates/multiverse/source/Sources  404  Not Found [IP: 91.189.91.39 80]

W: Failed to fetch http://us.archive.ubuntu.com/ubuntu/dists/precise-updates/main/binary-amd64/Packages  404  Not Found [IP: 91.189.91.39 80]

W: Failed to fetch http://us.archive.ubuntu.com/ubuntu/dists/precise-updates/restricted/binary-amd64/Packages  404  Not Found [IP: 91.189.91.39 80]

W: Failed to fetch http://us.archive.ubuntu.com/ubuntu/dists/precise-updates/universe/binary-amd64/Packages  404  Not Found [IP: 91.189.91.39 80]

W: Failed to fetch http://us.archive.ubuntu.com/ubuntu/dists/precise-updates/multiverse/binary-amd64/Packages  404  Not Found [IP: 91.189.91.39 80]

W: Failed to fetch http://us.archive.ubuntu.com/ubuntu/dists/precise-updates/main/binary-i386/Packages  404  Not Found [IP: 91.189.91.39 80]

W: Failed to fetch http://us.archive.ubuntu.com/ubuntu/dists/precise-updates/restricted/binary-i386/Packages  404  Not Found [IP: 91.189.91.39 80]

W: Failed to fetch http://us.archive.ubuntu.com/ubuntu/dists/precise-updates/universe/binary-i386/Packages  404  Not Found [IP: 91.189.91.39 80]

W: Failed to fetch http://us.archive.ubuntu.com/ubuntu/dists/precise-updates/multiverse/binary-i386/Packages  404  Not Found [IP: 91.189.91.39 80]

W: Failed to fetch http://us.archive.ubuntu.com/ubuntu/dists/precise-backports/main/source/Sources  404  Not Found [IP: 91.189.91.39 80]

W: Failed to fetch http://us.archive.ubuntu.com/ubuntu/dists/precise-backports/restricted/source/Sources  404  Not Found [IP: 91.189.91.39 80]

W: Failed to fetch http://us.archive.ubuntu.com/ubuntu/dists/precise-backports/universe/source/Sources  404  Not Found [IP: 91.189.91.39 80]

W: Failed to fetch http://us.archive.ubuntu.com/ubuntu/dists/precise-backports/multiverse/source/Sources  404  Not Found [IP: 91.189.91.39 80]

W: Failed to fetch http://us.archive.ubuntu.com/ubuntu/dists/precise-backports/main/binary-amd64/Packages  404  Not Found [IP: 91.189.91.39 80]

W: Failed to fetch http://us.archive.ubuntu.com/ubuntu/dists/precise-backports/restricted/binary-amd64/Packages  404  Not Found [IP: 91.189.91.39 80]

W: Failed to fetch http://us.archive.ubuntu.com/ubuntu/dists/precise-backports/universe/binary-amd64/Packages  404  Not Found [IP: 91.189.91.39 80]

W: Failed to fetch http://us.archive.ubuntu.com/ubuntu/dists/precise-backports/multiverse/binary-amd64/Packages  404  Not Found [IP: 91.189.91.39 80]

W: Failed to fetch http://us.archive.ubuntu.com/ubuntu/dists/precise-backports/main/binary-i386/Packages  404  Not Found [IP: 91.189.91.39 80]

W: Failed to fetch http://us.archive.ubuntu.com/ubuntu/dists/precise-backports/restricted/binary-i386/Packages  404  Not Found [IP: 91.189.91.39 80]

W: Failed to fetch http://us.archive.ubuntu.com/ubuntu/dists/precise-backports/universe/binary-i386/Packages  404  Not Found [IP: 91.189.91.39 80]

W: Failed to fetch http://us.archive.ubuntu.com/ubuntu/dists/precise-backports/multiverse/binary-i386/Packages  404  Not Found [IP: 91.189.91.39 80]

E: Some index files failed to download. They have been ignored, or old ones used instead.
sed: cannot rename /etc/hosts: Device or resource busy
sed: cannot rename /etc/hosts: Device or resource busy
$ cd failed/Charcoal-SE/SmokeDetector
travis_fold:start:git.submodule[0Ktravis_time:start:07c8de7e[0K$ git submodule update --init --recursive
Submodule 'ChatExchange' (https://github.com/Manishearth/ChatExchange.git) registered for path 'ChatExchange'
Cloning into 'ChatExchange'...
Submodule path 'ChatExchange': checked out '2cbd9f4c47efda49b614712ee5632f1616d33204'

travis_time:end:07c8de7e:start=1622228961047771099,finish=1622228963205559727,duration=2157788628[0Ktravis_fold:end:git.submodule[0Ktravis_time:start:271e0c05[0K$ source ~/virtualenv/python2.7/bin/activate

travis_time:end:271e0c05:start=1622228963340913869,finish=1622228963352381998,duration=11468129[0K$ python --version
Python 2.7.9
$ pip --version
pip 1.5.6 from /home/travis/virtualenv/python2.7.9/lib/python2.7/site-packages (python 2.7)
travis_fold:start:install[0Ktravis_time:start:28ff8390[0K$ pip install beautifulsoup4==4.3.2 requests==2.5.1 websocket-client==0.23.0 coverage==4.0a1 pytest==2.6.4 phonenumbers==7.0.1
Downloading/unpacking beautifulsoup4==4.3.2
  Running setup.py (path:/home/travis/virtualenv/python2.7.9/build/beautifulsoup4/setup.py) egg_info for package beautifulsoup4
    
Downloading/unpacking requests==2.5.1
Downloading/unpacking websocket-client==0.23.0
  Running setup.py (path:/home/travis/virtualenv/python2.7.9/build/websocket-client/setup.py) egg_info for package websocket-client
    
Downloading/unpacking coverage==4.0a1
  Running setup.py (path:/home/travis/virtualenv/python2.7.9/build/coverage/setup.py) egg_info for package coverage
    
    warning: no previously-included files matching '*.pyc' found anywhere in distribution
Requirement already satisfied (use --upgrade to upgrade): pytest==2.6.4 in /home/travis/virtualenv/python2.7.9/lib/python2.7/site-packages
Downloading/unpacking phonenumbers==7.0.1
  Running setup.py (path:/home/travis/virtualenv/python2.7.9/build/phonenumbers/setup.py) egg_info for package phonenumbers
    
    warning: no files found matching 'MANIFEST'
    warning: no previously-included files found matching '.*ignore'
Downloading/unpacking six (from websocket-client==0.23.0)
  Downloading six-1.16.0-py2.py3-none-any.whl
Downloading/unpacking backports.ssl-match-hostname (from websocket-client==0.23.0)
  Downloading backports.ssl_match_hostname-3.7.0.1.tar.gz
  Running setup.py (path:/home/travis/virtualenv/python2.7.9/build/backports.ssl-match-hostname/setup.py) egg_info for package backports.ssl-match-hostname
    
Requirement already satisfied (use --upgrade to upgrade): py>=1.4.25 in /home/travis/virtualenv/python2.7.9/lib/python2.7/site-packages (from pytest==2.6.4)
Installing collected packages: beautifulsoup4, requests, websocket-client, coverage, phonenumbers, six, backports.ssl-match-hostname
  Running setup.py install for beautifulsoup4
    
  Running setup.py install for websocket-client
    changing mode of build/scripts-2.7/wsdump.py from 644 to 755
    
    changing mode of /home/travis/virtualenv/python2.7.9/bin/wsdump.py to 755
  Running setup.py install for coverage
    building 'coverage.tracer' extension
    gcc -pthread -fno-strict-aliasing -g -fstack-protector --param=ssp-buffer-size=4 -Wformat -Werror=format-security -DNDEBUG -g -fwrapv -O3 -Wall -Wstrict-prototypes -fPIC -I/opt/python/2.7.9/include/python2.7 -c coverage/tracer.c -o build/temp.linux-x86_64-2.7/coverage/tracer.o
    gcc -pthread -shared -L/opt/python/2.7.9/lib -Wl,-rpath=/opt/python/2.7.9/lib build/temp.linux-x86_64-2.7/coverage/tracer.o -L/opt/python/2.7.9/lib -lpython2.7 -o build/lib.linux-x86_64-2.7/coverage/tracer.so
    
    warning: no previously-included files matching '*.pyc' found anywhere in distribution
    Installing coverage2 script to /home/travis/virtualenv/python2.7.9/bin
    Installing coverage-2.7 script to /home/travis/virtualenv/python2.7.9/bin
    Installing coverage script to /home/travis/virtualenv/python2.7.9/bin
  Running setup.py install for phonenumbers
    
    warning: no files found matching 'MANIFEST'
    warning: no previously-included files found matching '.*ignore'
  Running setup.py install for backports.ssl-match-hostname
    
Successfully installed beautifulsoup4 requests websocket-client coverage phonenumbers six backports.ssl-match-hostname
Cleaning up...

travis_time:end:28ff8390:start=1622228964696441189,finish=1622228987354566113,duration=22658124924[0Ktravis_fold:end:install[0Ktravis_time:start:28e959d3[0K$ python -W default::Warning -m pytest test
============================= test session starts ==============================
platform linux2 -- Python 2.7.9 -- py-1.4.26 -- pytest-2.6.4
collected 29 items

test/test_parsing.py ............
test/test_regexes.py FFFFFFFFFFFFFFFFF

=================================== FAILURES ===================================
 test_regexes[18669786819 gmail customer service number 1866978-6819 gmail support number---True] 

title = '18669786819 gmail customer service number 1866978-6819 gmail support number'
username = '', site = '', match = True

    @pytest.mark.parametrize("title, username, site, match", [
         ('18669786819 gmail customer service number 1866978-6819 gmail support number', '', '', True),
         ('Is there any http://www.hindawi.com/ template for Cloud-Oriented Data Center Networking?', '', '', True),
         ('', 'bagprada', '', True),
         ('HOW DO YOU SOLVE THIS PROBLEM?', '', '', True),
         ('12 Month Loans quick @ http://www.quick12monthpaydayloans.co.uk/Elimination of collateral pledging', '', '', True),
         ('support for yahoo mail 18669786819 @call for helpline number', '', '', True),
         ('yahoo email tech support 1 866 978 6819 Yahoo Customer Phone Number ,Shortest Wait', '', '', True),
         ('What is the value of MD5 checksums if the MD5 hash itself could potentially also have been manipulated?', '', '', False),
         ('Probability: 6 Dice are rolled. Which is more likely, that you get exactly one 6, or that you get 6 different numbers?', '', '', False),
         ('The Challenge of Controlling a Powerful AI', 'Serban Tanasa', '', False),
         ('Reproducing image of a spiral using TikZ', 'Kristoffer Ryhl', '', False),
         ('What is the proper way to say "queryer"', 'jedwards', '', False),
         ('What\'s a real-world example of "overfitting"?', 'user3851283', '', False),
         ('How to avoid objects when traveling at greater than .75 light speed. or How Not to Go SPLAT?', 'bowlturner', '', False),
         ('Is it unfair to regrade prior work after detecting cheating?', 'Village', '', False),
         ('Inner workings of muscles', '', 'fitness.stackexchange.com', False),
         ('Cannot access http://stackoverflow.com/ with proxy enabled', '', 'superuser.com', False)
    ])
    
    def test_regexes(title, username, site, match):
>       result = FindSpam.testpost(title, username, site)

test/test_regexes.py:25: 
_ _ _ _ _ _ _ _ _ _ _ _ _ _ _ _ _ _ _ _ _ _ _ _ _ _ _ _ _ _ _ _ _ _ _ _ _ _ _ _ 

title = '18669786819 gmail customer service number 1866978-6819 gmail support number'
user_name = '', site = ''

    @staticmethod
    def testpost(title, user_name, site):
        result = []
        for rule in FindSpam.rules:
>           if rule['all'] != (site in rule['sites']):
E           KeyError: 'sites'

findspam.py:28: KeyError
 test_regexes[Is there any http://www.hindawi.com/ template for Cloud-Oriented Data Center Networking?---True] 

title = 'Is there any http://www.hindawi.com/ template for Cloud-Oriented Data Center Networking?'
username = '', site = '', match = True

    @pytest.mark.parametrize("title, username, site, match", [
         ('18669786819 gmail customer service number 1866978-6819 gmail support number', '', '', True),
         ('Is there any http://www.hindawi.com/ template for Cloud-Oriented Data Center Networking?', '', '', True),
         ('', 'bagprada', '', True),
         ('HOW DO YOU SOLVE THIS PROBLEM?', '', '', True),
         ('12 Month Loans quick @ http://www.quick12monthpaydayloans.co.uk/Elimination of collateral pledging', '', '', True),
         ('support for yahoo mail 18669786819 @call for helpline number', '', '', True),
         ('yahoo email tech support 1 866 978 6819 Yahoo Customer Phone Number ,Shortest Wait', '', '', True),
         ('What is the value of MD5 checksums if the MD5 hash itself could potentially also have been manipulated?', '', '', False),
         ('Probability: 6 Dice are rolled. Which is more likely, that you get exactly one 6, or that you get 6 different numbers?', '', '', False),
         ('The Challenge of Controlling a Powerful AI', 'Serban Tanasa', '', False),
         ('Reproducing image of a spiral using TikZ', 'Kristoffer Ryhl', '', False),
         ('What is the proper way to say "queryer"', 'jedwards', '', False),
         ('What\'s a real-world example of "overfitting"?', 'user3851283', '', False),
         ('How to avoid objects when traveling at greater than .75 light speed. or How Not to Go SPLAT?', 'bowlturner', '', False),
         ('Is it unfair to regrade prior work after detecting cheating?', 'Village', '', False),
         ('Inner workings of muscles', '', 'fitness.stackexchange.com', False),
         ('Cannot access http://stackoverflow.com/ with proxy enabled', '', 'superuser.com', False)
    ])
    
    def test_regexes(title, username, site, match):
>       result = FindSpam.testpost(title, username, site)

test/test_regexes.py:25: 
_ _ _ _ _ _ _ _ _ _ _ _ _ _ _ _ _ _ _ _ _ _ _ _ _ _ _ _ _ _ _ _ _ _ _ _ _ _ _ _ 

title = 'Is there any http://www.hindawi.com/ template for Cloud-Oriented Data Center Networking?'
user_name = '', site = ''

    @staticmethod
    def testpost(title, user_name, site):
        result = []
        for rule in FindSpam.rules:
>           if rule['all'] != (site in rule['sites']):
E           KeyError: 'sites'

findspam.py:28: KeyError
________________________ test_regexes[-bagprada--True] _________________________

title = '', username = 'bagprada', site = '', match = True

    @pytest.mark.parametrize("title, username, site, match", [
         ('18669786819 gmail customer service number 1866978-6819 gmail support number', '', '', True),
         ('Is there any http://www.hindawi.com/ template for Cloud-Oriented Data Center Networking?', '', '', True),
         ('', 'bagprada', '', True),
         ('HOW DO YOU SOLVE THIS PROBLEM?', '', '', True),
         ('12 Month Loans quick @ http://www.quick12monthpaydayloans.co.uk/Elimination of collateral pledging', '', '', True),
         ('support for yahoo mail 18669786819 @call for helpline number', '', '', True),
         ('yahoo email tech support 1 866 978 6819 Yahoo Customer Phone Number ,Shortest Wait', '', '', True),
         ('What is the value of MD5 checksums if the MD5 hash itself could potentially also have been manipulated?', '', '', False),
         ('Probability: 6 Dice are rolled. Which is more likely, that you get exactly one 6, or that you get 6 different numbers?', '', '', False),
         ('The Challenge of Controlling a Powerful AI', 'Serban Tanasa', '', False),
         ('Reproducing image of a spiral using TikZ', 'Kristoffer Ryhl', '', False),
         ('What is the proper way to say "queryer"', 'jedwards', '', False),
         ('What\'s a real-world example of "overfitting"?', 'user3851283', '', False),
         ('How to avoid objects when traveling at greater than .75 light speed. or How Not to Go SPLAT?', 'bowlturner', '', False),
         ('Is it unfair to regrade prior work after detecting cheating?', 'Village', '', False),
         ('Inner workings of muscles', '', 'fitness.stackexchange.com', False),
         ('Cannot access http://stackoverflow.com/ with proxy enabled', '', 'superuser.com', False)
    ])
    
    def test_regexes(title, username, site, match):
>       result = FindSpam.testpost(title, username, site)

test/test_regexes.py:25: 
_ _ _ _ _ _ _ _ _ _ _ _ _ _ _ _ _ _ _ _ _ _ _ _ _ _ _ _ _ _ _ _ _ _ _ _ _ _ _ _ 

title = '', user_name = 'bagprada', site = ''

    @staticmethod
    def testpost(title, user_name, site):
        result = []
        for rule in FindSpam.rules:
>           if rule['all'] != (site in rule['sites']):
E           KeyError: 'sites'

findspam.py:28: KeyError
_____________ test_regexes[HOW DO YOU SOLVE THIS PROBLEM?---True] ______________

title = 'HOW DO YOU SOLVE THIS PROBLEM?', username = '', site = '', match = True

    @pytest.mark.parametrize("title, username, site, match", [
         ('18669786819 gmail customer service number 1866978-6819 gmail support number', '', '', True),
         ('Is there any http://www.hindawi.com/ template for Cloud-Oriented Data Center Networking?', '', '', True),
         ('', 'bagprada', '', True),
         ('HOW DO YOU SOLVE THIS PROBLEM?', '', '', True),
         ('12 Month Loans quick @ http://www.quick12monthpaydayloans.co.uk/Elimination of collateral pledging', '', '', True),
         ('support for yahoo mail 18669786819 @call for helpline number', '', '', True),
         ('yahoo email tech support 1 866 978 6819 Yahoo Customer Phone Number ,Shortest Wait', '', '', True),
         ('What is the value of MD5 checksums if the MD5 hash itself could potentially also have been manipulated?', '', '', False),
         ('Probability: 6 Dice are rolled. Which is more likely, that you get exactly one 6, or that you get 6 different numbers?', '', '', False),
         ('The Challenge of Controlling a Powerful AI', 'Serban Tanasa', '', False),
         ('Reproducing image of a spiral using TikZ', 'Kristoffer Ryhl', '', False),
         ('What is the proper way to say "queryer"', 'jedwards', '', False),
         ('What\'s a real-world example of "overfitting"?', 'user3851283', '', False),
         ('How to avoid objects when traveling at greater than .75 light speed. or How Not to Go SPLAT?', 'bowlturner', '', False),
         ('Is it unfair to regrade prior work after detecting cheating?', 'Village', '', False),
         ('Inner workings of muscles', '', 'fitness.stackexchange.com', False),
         ('Cannot access http://stackoverflow.com/ with proxy enabled', '', 'superuser.com', False)
    ])
    
    def test_regexes(title, username, site, match):
>       result = FindSpam.testpost(title, username, site)

test/test_regexes.py:25: 
_ _ _ _ _ _ _ _ _ _ _ _ _ _ _ _ _ _ _ _ _ _ _ _ _ _ _ _ _ _ _ _ _ _ _ _ _ _ _ _ 

title = 'HOW DO YOU SOLVE THIS PROBLEM?', user_name = '', site = ''

    @staticmethod
    def testpost(title, user_name, site):
        result = []
        for rule in FindSpam.rules:
>           if rule['all'] != (site in rule['sites']):
E           KeyError: 'sites'

findspam.py:28: KeyError
 test_regexes[12 Month Loans quick @ http://www.quick12monthpaydayloans.co.uk/Elimination of collateral pledging---True] 

title = '12 Month Loans quick @ http://www.quick12monthpaydayloans.co.uk/Elimination of collateral pledging'
username = '', site = '', match = True

    @pytest.mark.parametrize("title, username, site, match", [
         ('18669786819 gmail customer service number 1866978-6819 gmail support number', '', '', True),
         ('Is there any http://www.hindawi.com/ template for Cloud-Oriented Data Center Networking?', '', '', True),
         ('', 'bagprada', '', True),
         ('HOW DO YOU SOLVE THIS PROBLEM?', '', '', True),
         ('12 Month Loans quick @ http://www.quick12monthpaydayloans.co.uk/Elimination of collateral pledging', '', '', True),
         ('support for yahoo mail 18669786819 @call for helpline number', '', '', True),
         ('yahoo email tech support 1 866 978 6819 Yahoo Customer Phone Number ,Shortest Wait', '', '', True),
         ('What is the value of MD5 checksums if the MD5 hash itself could potentially also have been manipulated?', '', '', False),
         ('Probability: 6 Dice are rolled. Which is more likely, that you get exactly one 6, or that you get 6 different numbers?', '', '', False),
         ('The Challenge of Controlling a Powerful AI', 'Serban Tanasa', '', False),
         ('Reproducing image of a spiral using TikZ', 'Kristoffer Ryhl', '', False),
         ('What is the proper way to say "queryer"', 'jedwards', '', False),
         ('What\'s a real-world example of "overfitting"?', 'user3851283', '', False),
         ('How to avoid objects when traveling at greater than .75 light speed. or How Not to Go SPLAT?', 'bowlturner', '', False),
         ('Is it unfair to regrade prior work after detecting cheating?', 'Village', '', False),
         ('Inner workings of muscles', '', 'fitness.stackexchange.com', False),
         ('Cannot access http://stackoverflow.com/ with proxy enabled', '', 'superuser.com', False)
    ])
    
    def test_regexes(title, username, site, match):
>       result = FindSpam.testpost(title, username, site)

test/test_regexes.py:25: 
_ _ _ _ _ _ _ _ _ _ _ _ _ _ _ _ _ _ _ _ _ _ _ _ _ _ _ _ _ _ _ _ _ _ _ _ _ _ _ _ 

title = '12 Month Loans quick @ http://www.quick12monthpaydayloans.co.uk/Elimination of collateral pledging'
user_name = '', site = ''

    @staticmethod
    def testpost(title, user_name, site):
        result = []
        for rule in FindSpam.rules:
>           if rule['all'] != (site in rule['sites']):
E           KeyError: 'sites'

findspam.py:28: KeyError
 test_regexes[support for yahoo mail 18669786819 @call for helpline number---True] 

title = 'support for yahoo mail 18669786819 @call for helpline number'
username = '', site = '', match = True

    @pytest.mark.parametrize("title, username, site, match", [
         ('18669786819 gmail customer service number 1866978-6819 gmail support number', '', '', True),
         ('Is there any http://www.hindawi.com/ template for Cloud-Oriented Data Center Networking?', '', '', True),
         ('', 'bagprada', '', True),
         ('HOW DO YOU SOLVE THIS PROBLEM?', '', '', True),
         ('12 Month Loans quick @ http://www.quick12monthpaydayloans.co.uk/Elimination of collateral pledging', '', '', True),
         ('support for yahoo mail 18669786819 @call for helpline number', '', '', True),
         ('yahoo email tech support 1 866 978 6819 Yahoo Customer Phone Number ,Shortest Wait', '', '', True),
         ('What is the value of MD5 checksums if the MD5 hash itself could potentially also have been manipulated?', '', '', False),
         ('Probability: 6 Dice are rolled. Which is more likely, that you get exactly one 6, or that you get 6 different numbers?', '', '', False),
         ('The Challenge of Controlling a Powerful AI', 'Serban Tanasa', '', False),
         ('Reproducing image of a spiral using TikZ', 'Kristoffer Ryhl', '', False),
         ('What is the proper way to say "queryer"', 'jedwards', '', False),
         ('What\'s a real-world example of "overfitting"?', 'user3851283', '', False),
         ('How to avoid objects when traveling at greater than .75 light speed. or How Not to Go SPLAT?', 'bowlturner', '', False),
         ('Is it unfair to regrade prior work after detecting cheating?', 'Village', '', False),
         ('Inner workings of muscles', '', 'fitness.stackexchange.com', False),
         ('Cannot access http://stackoverflow.com/ with proxy enabled', '', 'superuser.com', False)
    ])
    
    def test_regexes(title, username, site, match):
>       result = FindSpam.testpost(title, username, site)

test/test_regexes.py:25: 
_ _ _ _ _ _ _ _ _ _ _ _ _ _ _ _ _ _ _ _ _ _ _ _ _ _ _ _ _ _ _ _ _ _ _ _ _ _ _ _ 

title = 'support for yahoo mail 18669786819 @call for helpline number'
user_name = '', site = ''

    @staticmethod
    def testpost(title, user_name, site):
        result = []
        for rule in FindSpam.rules:
>           if rule['all'] != (site in rule['sites']):
E           KeyError: 'sites'

findspam.py:28: KeyError
 test_regexes[yahoo email tech support 1 866 978 6819 Yahoo Customer Phone Number ,Shortest Wait---True] 

title = 'yahoo email tech support 1 866 978 6819 Yahoo Customer Phone Number ,Shortest Wait'
username = '', site = '', match = True

    @pytest.mark.parametrize("title, username, site, match", [
         ('18669786819 gmail customer service number 1866978-6819 gmail support number', '', '', True),
         ('Is there any http://www.hindawi.com/ template for Cloud-Oriented Data Center Networking?', '', '', True),
         ('', 'bagprada', '', True),
         ('HOW DO YOU SOLVE THIS PROBLEM?', '', '', True),
         ('12 Month Loans quick @ http://www.quick12monthpaydayloans.co.uk/Elimination of collateral pledging', '', '', True),
         ('support for yahoo mail 18669786819 @call for helpline number', '', '', True),
         ('yahoo email tech support 1 866 978 6819 Yahoo Customer Phone Number ,Shortest Wait', '', '', True),
         ('What is the value of MD5 checksums if the MD5 hash itself could potentially also have been manipulated?', '', '', False),
         ('Probability: 6 Dice are rolled. Which is more likely, that you get exactly one 6, or that you get 6 different numbers?', '', '', False),
         ('The Challenge of Controlling a Powerful AI', 'Serban Tanasa', '', False),
         ('Reproducing image of a spiral using TikZ', 'Kristoffer Ryhl', '', False),
         ('What is the proper way to say "queryer"', 'jedwards', '', False),
         ('What\'s a real-world example of "overfitting"?', 'user3851283', '', False),
         ('How to avoid objects when traveling at greater than .75 light speed. or How Not to Go SPLAT?', 'bowlturner', '', False),
         ('Is it unfair to regrade prior work after detecting cheating?', 'Village', '', False),
         ('Inner workings of muscles', '', 'fitness.stackexchange.com', False),
         ('Cannot access http://stackoverflow.com/ with proxy enabled', '', 'superuser.com', False)
    ])
    
    def test_regexes(title, username, site, match):
>       result = FindSpam.testpost(title, username, site)

test/test_regexes.py:25: 
_ _ _ _ _ _ _ _ _ _ _ _ _ _ _ _ _ _ _ _ _ _ _ _ _ _ _ _ _ _ _ _ _ _ _ _ _ _ _ _ 

title = 'yahoo email tech support 1 866 978 6819 Yahoo Customer Phone Number ,Shortest Wait'
user_name = '', site = ''

    @staticmethod
    def testpost(title, user_name, site):
        result = []
        for rule in FindSpam.rules:
>           if rule['all'] != (site in rule['sites']):
E           KeyError: 'sites'

findspam.py:28: KeyError
 test_regexes[What is the value of MD5 checksums if the MD5 hash itself could potentially also have been manipulated?---False] 

title = 'What is the value of MD5 checksums if the MD5 hash itself could potentially also have been manipulated?'
username = '', site = '', match = False

    @pytest.mark.parametrize("title, username, site, match", [
         ('18669786819 gmail customer service number 1866978-6819 gmail support number', '', '', True),
         ('Is there any http://www.hindawi.com/ template for Cloud-Oriented Data Center Networking?', '', '', True),
         ('', 'bagprada', '', True),
         ('HOW DO YOU SOLVE THIS PROBLEM?', '', '', True),
         ('12 Month Loans quick @ http://www.quick12monthpaydayloans.co.uk/Elimination of collateral pledging', '', '', True),
         ('support for yahoo mail 18669786819 @call for helpline number', '', '', True),
         ('yahoo email tech support 1 866 978 6819 Yahoo Customer Phone Number ,Shortest Wait', '', '', True),
         ('What is the value of MD5 checksums if the MD5 hash itself could potentially also have been manipulated?', '', '', False),
         ('Probability: 6 Dice are rolled. Which is more likely, that you get exactly one 6, or that you get 6 different numbers?', '', '', False),
         ('The Challenge of Controlling a Powerful AI', 'Serban Tanasa', '', False),
         ('Reproducing image of a spiral using TikZ', 'Kristoffer Ryhl', '', False),
         ('What is the proper way to say "queryer"', 'jedwards', '', False),
         ('What\'s a real-world example of "overfitting"?', 'user3851283', '', False),
         ('How to avoid objects when traveling at greater than .75 light speed. or How Not to Go SPLAT?', 'bowlturner', '', False),
         ('Is it unfair to regrade prior work after detecting cheating?', 'Village', '', False),
         ('Inner workings of muscles', '', 'fitness.stackexchange.com', False),
         ('Cannot access http://stackoverflow.com/ with proxy enabled', '', 'superuser.com', False)
    ])
    
    def test_regexes(title, username, site, match):
>       result = FindSpam.testpost(title, username, site)

test/test_regexes.py:25: 
_ _ _ _ _ _ _ _ _ _ _ _ _ _ _ _ _ _ _ _ _ _ _ _ _ _ _ _ _ _ _ _ _ _ _ _ _ _ _ _ 

title = 'What is the value of MD5 checksums if the MD5 hash itself could potentially also have been manipulated?'
user_name = '', site = ''

    @staticmethod
    def testpost(title, user_name, site):
        result = []
        for rule in FindSpam.rules:
>           if rule['all'] != (site in rule['sites']):
E           KeyError: 'sites'

findspam.py:28: KeyError
 test_regexes[Probability: 6 Dice are rolled. Which is more likely, that you get exactly one 6, or that you get 6 different numbers?---False] 

title = 'Probability: 6 Dice are rolled. Which is more likely, that you get exactly one 6, or that you get 6 different numbers?'
username = '', site = '', match = False

    @pytest.mark.parametrize("title, username, site, match", [
         ('18669786819 gmail customer service number 1866978-6819 gmail support number', '', '', True),
         ('Is there any http://www.hindawi.com/ template for Cloud-Oriented Data Center Networking?', '', '', True),
         ('', 'bagprada', '', True),
         ('HOW DO YOU SOLVE THIS PROBLEM?', '', '', True),
         ('12 Month Loans quick @ http://www.quick12monthpaydayloans.co.uk/Elimination of collateral pledging', '', '', True),
         ('support for yahoo mail 18669786819 @call for helpline number', '', '', True),
         ('yahoo email tech support 1 866 978 6819 Yahoo Customer Phone Number ,Shortest Wait', '', '', True),
         ('What is the value of MD5 checksums if the MD5 hash itself could potentially also have been manipulated?', '', '', False),
         ('Probability: 6 Dice are rolled. Which is more likely, that you get exactly one 6, or that you get 6 different numbers?', '', '', False),
         ('The Challenge of Controlling a Powerful AI', 'Serban Tanasa', '', False),
         ('Reproducing image of a spiral using TikZ', 'Kristoffer Ryhl', '', False),
         ('What is the proper way to say "queryer"', 'jedwards', '', False),
         ('What\'s a real-world example of "overfitting"?', 'user3851283', '', False),
         ('How to avoid objects when traveling at greater than .75 light speed. or How Not to Go SPLAT?', 'bowlturner', '', False),
         ('Is it unfair to regrade prior work after detecting cheating?', 'Village', '', False),
         ('Inner workings of muscles', '', 'fitness.stackexchange.com', False),
         ('Cannot access http://stackoverflow.com/ with proxy enabled', '', 'superuser.com', False)
    ])
    
    def test_regexes(title, username, site, match):
>       result = FindSpam.testpost(title, username, site)

test/test_regexes.py:25: 
_ _ _ _ _ _ _ _ _ _ _ _ _ _ _ _ _ _ _ _ _ _ _ _ _ _ _ _ _ _ _ _ _ _ _ _ _ _ _ _ 

title = 'Probability: 6 Dice are rolled. Which is more likely, that you get exactly one 6, or that you get 6 different numbers?'
user_name = '', site = ''

    @staticmethod
    def testpost(title, user_name, site):
        result = []
        for rule in FindSpam.rules:
>           if rule['all'] != (site in rule['sites']):
E           KeyError: 'sites'

findspam.py:28: KeyError
 test_regexes[The Challenge of Controlling a Powerful AI-Serban Tanasa--False] _

title = 'The Challenge of Controlling a Powerful AI', username = 'Serban Tanasa'
site = '', match = False

    @pytest.mark.parametrize("title, username, site, match", [
         ('18669786819 gmail customer service number 1866978-6819 gmail support number', '', '', True),
         ('Is there any http://www.hindawi.com/ template for Cloud-Oriented Data Center Networking?', '', '', True),
         ('', 'bagprada', '', True),
         ('HOW DO YOU SOLVE THIS PROBLEM?', '', '', True),
         ('12 Month Loans quick @ http://www.quick12monthpaydayloans.co.uk/Elimination of collateral pledging', '', '', True),
         ('support for yahoo mail 18669786819 @call for helpline number', '', '', True),
         ('yahoo email tech support 1 866 978 6819 Yahoo Customer Phone Number ,Shortest Wait', '', '', True),
         ('What is the value of MD5 checksums if the MD5 hash itself could potentially also have been manipulated?', '', '', False),
         ('Probability: 6 Dice are rolled. Which is more likely, that you get exactly one 6, or that you get 6 different numbers?', '', '', False),
         ('The Challenge of Controlling a Powerful AI', 'Serban Tanasa', '', False),
         ('Reproducing image of a spiral using TikZ', 'Kristoffer Ryhl', '', False),
         ('What is the proper way to say "queryer"', 'jedwards', '', False),
         ('What\'s a real-world example of "overfitting"?', 'user3851283', '', False),
         ('How to avoid objects when traveling at greater than .75 light speed. or How Not to Go SPLAT?', 'bowlturner', '', False),
         ('Is it unfair to regrade prior work after detecting cheating?', 'Village', '', False),
         ('Inner workings of muscles', '', 'fitness.stackexchange.com', False),
         ('Cannot access http://stackoverflow.com/ with proxy enabled', '', 'superuser.com', False)
    ])
    
    def test_regexes(title, username, site, match):
>       result = FindSpam.testpost(title, username, site)

test/test_regexes.py:25: 
_ _ _ _ _ _ _ _ _ _ _ _ _ _ _ _ _ _ _ _ _ _ _ _ _ _ _ _ _ _ _ _ _ _ _ _ _ _ _ _ 

title = 'The Challenge of Controlling a Powerful AI'
user_name = 'Serban Tanasa', site = ''

    @staticmethod
    def testpost(title, user_name, site):
        result = []
        for rule in FindSpam.rules:
>           if rule['all'] != (site in rule['sites']):
E           KeyError: 'sites'

findspam.py:28: KeyError
 test_regexes[Reproducing image of a spiral using TikZ-Kristoffer Ryhl--False] _

title = 'Reproducing image of a spiral using TikZ', username = 'Kristoffer Ryhl'
site = '', match = False

    @pytest.mark.parametrize("title, username, site, match", [
         ('18669786819 gmail customer service number 1866978-6819 gmail support number', '', '', True),
         ('Is there any http://www.hindawi.com/ template for Cloud-Oriented Data Center Networking?', '', '', True),
         ('', 'bagprada', '', True),
         ('HOW DO YOU SOLVE THIS PROBLEM?', '', '', True),
         ('12 Month Loans quick @ http://www.quick12monthpaydayloans.co.uk/Elimination of collateral pledging', '', '', True),
         ('support for yahoo mail 18669786819 @call for helpline number', '', '', True),
         ('yahoo email tech support 1 866 978 6819 Yahoo Customer Phone Number ,Shortest Wait', '', '', True),
         ('What is the value of MD5 checksums if the MD5 hash itself could potentially also have been manipulated?', '', '', False),
         ('Probability: 6 Dice are rolled. Which is more likely, that you get exactly one 6, or that you get 6 different numbers?', '', '', False),
         ('The Challenge of Controlling a Powerful AI', 'Serban Tanasa', '', False),
         ('Reproducing image of a spiral using TikZ', 'Kristoffer Ryhl', '', False),
         ('What is the proper way to say "queryer"', 'jedwards', '', False),
         ('What\'s a real-world example of "overfitting"?', 'user3851283', '', False),
         ('How to avoid objects when traveling at greater than .75 light speed. or How Not to Go SPLAT?', 'bowlturner', '', False),
         ('Is it unfair to regrade prior work after detecting cheating?', 'Village', '', False),
         ('Inner workings of muscles', '', 'fitness.stackexchange.com', False),
         ('Cannot access http://stackoverflow.com/ with proxy enabled', '', 'superuser.com', False)
    ])
    
    def test_regexes(title, username, site, match):
>       result = FindSpam.testpost(title, username, site)

test/test_regexes.py:25: 
_ _ _ _ _ _ _ _ _ _ _ _ _ _ _ _ _ _ _ _ _ _ _ _ _ _ _ _ _ _ _ _ _ _ _ _ _ _ _ _ 

title = 'Reproducing image of a spiral using TikZ'
user_name = 'Kristoffer Ryhl', site = ''

    @staticmethod
    def testpost(title, user_name, site):
        result = []
        for rule in FindSpam.rules:
>           if rule['all'] != (site in rule['sites']):
E           KeyError: 'sites'

findspam.py:28: KeyError
____ test_regexes[What is the proper way to say "queryer"-jedwards--False] _____

title = 'What is the proper way to say "queryer"', username = 'jedwards'
site = '', match = False

    @pytest.mark.parametrize("title, username, site, match", [
         ('18669786819 gmail customer service number 1866978-6819 gmail support number', '', '', True),
         ('Is there any http://www.hindawi.com/ template for Cloud-Oriented Data Center Networking?', '', '', True),
         ('', 'bagprada', '', True),
         ('HOW DO YOU SOLVE THIS PROBLEM?', '', '', True),
         ('12 Month Loans quick @ http://www.quick12monthpaydayloans.co.uk/Elimination of collateral pledging', '', '', True),
         ('support for yahoo mail 18669786819 @call for helpline number', '', '', True),
         ('yahoo email tech support 1 866 978 6819 Yahoo Customer Phone Number ,Shortest Wait', '', '', True),
         ('What is the value of MD5 checksums if the MD5 hash itself could potentially also have been manipulated?', '', '', False),
         ('Probability: 6 Dice are rolled. Which is more likely, that you get exactly one 6, or that you get 6 different numbers?', '', '', False),
         ('The Challenge of Controlling a Powerful AI', 'Serban Tanasa', '', False),
         ('Reproducing image of a spiral using TikZ', 'Kristoffer Ryhl', '', False),
         ('What is the proper way to say "queryer"', 'jedwards', '', False),
         ('What\'s a real-world example of "overfitting"?', 'user3851283', '', False),
         ('How to avoid objects when traveling at greater than .75 light speed. or How Not to Go SPLAT?', 'bowlturner', '', False),
         ('Is it unfair to regrade prior work after detecting cheating?', 'Village', '', False),
         ('Inner workings of muscles', '', 'fitness.stackexchange.com', False),
         ('Cannot access http://stackoverflow.com/ with proxy enabled', '', 'superuser.com', False)
    ])
    
    def test_regexes(title, username, site, match):
>       result = FindSpam.testpost(title, username, site)

test/test_regexes.py:25: 
_ _ _ _ _ _ _ _ _ _ _ _ _ _ _ _ _ _ _ _ _ _ _ _ _ _ _ _ _ _ _ _ _ _ _ _ _ _ _ _ 

title = 'What is the proper way to say "queryer"', user_name = 'jedwards'
site = ''

    @staticmethod
    def testpost(title, user_name, site):
        result = []
        for rule in FindSpam.rules:
>           if rule['all'] != (site in rule['sites']):
E           KeyError: 'sites'

findspam.py:28: KeyError
 test_regexes[What's a real-world example of "overfitting"?-user3851283--False] 

title = 'What\'s a real-world example of "overfitting"?'
username = 'user3851283', site = '', match = False

    @pytest.mark.parametrize("title, username, site, match", [
         ('18669786819 gmail customer service number 1866978-6819 gmail support number', '', '', True),
         ('Is there any http://www.hindawi.com/ template for Cloud-Oriented Data Center Networking?', '', '', True),
         ('', 'bagprada', '', True),
         ('HOW DO YOU SOLVE THIS PROBLEM?', '', '', True),
         ('12 Month Loans quick @ http://www.quick12monthpaydayloans.co.uk/Elimination of collateral pledging', '', '', True),
         ('support for yahoo mail 18669786819 @call for helpline number', '', '', True),
         ('yahoo email tech support 1 866 978 6819 Yahoo Customer Phone Number ,Shortest Wait', '', '', True),
         ('What is the value of MD5 checksums if the MD5 hash itself could potentially also have been manipulated?', '', '', False),
         ('Probability: 6 Dice are rolled. Which is more likely, that you get exactly one 6, or that you get 6 different numbers?', '', '', False),
         ('The Challenge of Controlling a Powerful AI', 'Serban Tanasa', '', False),
         ('Reproducing image of a spiral using TikZ', 'Kristoffer Ryhl', '', False),
         ('What is the proper way to say "queryer"', 'jedwards', '', False),
         ('What\'s a real-world example of "overfitting"?', 'user3851283', '', False),
         ('How to avoid objects when traveling at greater than .75 light speed. or How Not to Go SPLAT?', 'bowlturner', '', False),
         ('Is it unfair to regrade prior work after detecting cheating?', 'Village', '', False),
         ('Inner workings of muscles', '', 'fitness.stackexchange.com', False),
         ('Cannot access http://stackoverflow.com/ with proxy enabled', '', 'superuser.com', False)
    ])
    
    def test_regexes(title, username, site, match):
>       result = FindSpam.testpost(title, username, site)

test/test_regexes.py:25: 
_ _ _ _ _ _ _ _ _ _ _ _ _ _ _ _ _ _ _ _ _ _ _ _ _ _ _ _ _ _ _ _ _ _ _ _ _ _ _ _ 

title = 'What\'s a real-world example of "overfitting"?'
user_name = 'user3851283', site = ''

    @staticmethod
    def testpost(title, user_name, site):
        result = []
        for rule in FindSpam.rules:
>           if rule['all'] != (site in rule['sites']):
E           KeyError: 'sites'

findspam.py:28: KeyError
 test_regexes[How to avoid objects when traveling at greater than .75 light speed. or How Not to Go SPLAT?-bowlturner--False] 

title = 'How to avoid objects when traveling at greater than .75 light speed. or How Not to Go SPLAT?'
username = 'bowlturner', site = '', match = False

    @pytest.mark.parametrize("title, username, site, match", [
         ('18669786819 gmail customer service number 1866978-6819 gmail support number', '', '', True),
         ('Is there any http://www.hindawi.com/ template for Cloud-Oriented Data Center Networking?', '', '', True),
         ('', 'bagprada', '', True),
         ('HOW DO YOU SOLVE THIS PROBLEM?', '', '', True),
         ('12 Month Loans quick @ http://www.quick12monthpaydayloans.co.uk/Elimination of collateral pledging', '', '', True),
         ('support for yahoo mail 18669786819 @call for helpline number', '', '', True),
         ('yahoo email tech support 1 866 978 6819 Yahoo Customer Phone Number ,Shortest Wait', '', '', True),
         ('What is the value of MD5 checksums if the MD5 hash itself could potentially also have been manipulated?', '', '', False),
         ('Probability: 6 Dice are rolled. Which is more likely, that you get exactly one 6, or that you get 6 different numbers?', '', '', False),
         ('The Challenge of Controlling a Powerful AI', 'Serban Tanasa', '', False),
         ('Reproducing image of a spiral using TikZ', 'Kristoffer Ryhl', '', False),
         ('What is the proper way to say "queryer"', 'jedwards', '', False),
         ('What\'s a real-world example of "overfitting"?', 'user3851283', '', False),
         ('How to avoid objects when traveling at greater than .75 light speed. or How Not to Go SPLAT?', 'bowlturner', '', False),
         ('Is it unfair to regrade prior work after detecting cheating?', 'Village', '', False),
         ('Inner workings of muscles', '', 'fitness.stackexchange.com', False),
         ('Cannot access http://stackoverflow.com/ with proxy enabled', '', 'superuser.com', False)
    ])
    
    def test_regexes(title, username, site, match):
>       result = FindSpam.testpost(title, username, site)

test/test_regexes.py:25: 
_ _ _ _ _ _ _ _ _ _ _ _ _ _ _ _ _ _ _ _ _ _ _ _ _ _ _ _ _ _ _ _ _ _ _ _ _ _ _ _ 

title = 'How to avoid objects when traveling at greater than .75 light speed. or How Not to Go SPLAT?'
user_name = 'bowlturner', site = ''

    @staticmethod
    def testpost(title, user_name, site):
        result = []
        for rule in FindSpam.rules:
>           if rule['all'] != (site in rule['sites']):
E           KeyError: 'sites'

findspam.py:28: KeyError
 test_regexes[Is it unfair to regrade prior work after detecting cheating?-Village--False] 

title = 'Is it unfair to regrade prior work after detecting cheating?'
username = 'Village', site = '', match = False

    @pytest.mark.parametrize("title, username, site, match", [
         ('18669786819 gmail customer service number 1866978-6819 gmail support number', '', '', True),
         ('Is there any http://www.hindawi.com/ template for Cloud-Oriented Data Center Networking?', '', '', True),
         ('', 'bagprada', '', True),
         ('HOW DO YOU SOLVE THIS PROBLEM?', '', '', True),
         ('12 Month Loans quick @ http://www.quick12monthpaydayloans.co.uk/Elimination of collateral pledging', '', '', True),
         ('support for yahoo mail 18669786819 @call for helpline number', '', '', True),
         ('yahoo email tech support 1 866 978 6819 Yahoo Customer Phone Number ,Shortest Wait', '', '', True),
         ('What is the value of MD5 checksums if the MD5 hash itself could potentially also have been manipulated?', '', '', False),
         ('Probability: 6 Dice are rolled. Which is more likely, that you get exactly one 6, or that you get 6 different numbers?', '', '', False),
         ('The Challenge of Controlling a Powerful AI', 'Serban Tanasa', '', False),
         ('Reproducing image of a spiral using TikZ', 'Kristoffer Ryhl', '', False),
         ('What is the proper way to say "queryer"', 'jedwards', '', False),
         ('What\'s a real-world example of "overfitting"?', 'user3851283', '', False),
         ('How to avoid objects when traveling at greater than .75 light speed. or How Not to Go SPLAT?', 'bowlturner', '', False),
         ('Is it unfair to regrade prior work after detecting cheating?', 'Village', '', False),
         ('Inner workings of muscles', '', 'fitness.stackexchange.com', False),
         ('Cannot access http://stackoverflow.com/ with proxy enabled', '', 'superuser.com', False)
    ])
    
    def test_regexes(title, username, site, match):
>       result = FindSpam.testpost(title, username, site)

test/test_regexes.py:25: 
_ _ _ _ _ _ _ _ _ _ _ _ _ _ _ _ _ _ _ _ _ _ _ _ _ _ _ _ _ _ _ _ _ _ _ _ _ _ _ _ 

title = 'Is it unfair to regrade prior work after detecting cheating?'
user_name = 'Village', site = ''

    @staticmethod
    def testpost(title, user_name, site):
        result = []
        for rule in FindSpam.rules:
>           if rule['all'] != (site in rule['sites']):
E           KeyError: 'sites'

findspam.py:28: KeyError
___ test_regexes[Inner workings of muscles--fitness.stackexchange.com-False] ___

title = 'Inner workings of muscles', username = ''
site = 'fitness.stackexchange.com', match = False

    @pytest.mark.parametrize("title, username, site, match", [
         ('18669786819 gmail customer service number 1866978-6819 gmail support number', '', '', True),
         ('Is there any http://www.hindawi.com/ template for Cloud-Oriented Data Center Networking?', '', '', True),
         ('', 'bagprada', '', True),
         ('HOW DO YOU SOLVE THIS PROBLEM?', '', '', True),
         ('12 Month Loans quick @ http://www.quick12monthpaydayloans.co.uk/Elimination of collateral pledging', '', '', True),
         ('support for yahoo mail 18669786819 @call for helpline number', '', '', True),
         ('yahoo email tech support 1 866 978 6819 Yahoo Customer Phone Number ,Shortest Wait', '', '', True),
         ('What is the value of MD5 checksums if the MD5 hash itself could potentially also have been manipulated?', '', '', False),
         ('Probability: 6 Dice are rolled. Which is more likely, that you get exactly one 6, or that you get 6 different numbers?', '', '', False),
         ('The Challenge of Controlling a Powerful AI', 'Serban Tanasa', '', False),
         ('Reproducing image of a spiral using TikZ', 'Kristoffer Ryhl', '', False),
         ('What is the proper way to say "queryer"', 'jedwards', '', False),
         ('What\'s a real-world example of "overfitting"?', 'user3851283', '', False),
         ('How to avoid objects when traveling at greater than .75 light speed. or How Not to Go SPLAT?', 'bowlturner', '', False),
         ('Is it unfair to regrade prior work after detecting cheating?', 'Village', '', False),
         ('Inner workings of muscles', '', 'fitness.stackexchange.com', False),
         ('Cannot access http://stackoverflow.com/ with proxy enabled', '', 'superuser.com', False)
    ])
    
    def test_regexes(title, username, site, match):
>       result = FindSpam.testpost(title, username, site)

test/test_regexes.py:25: 
_ _ _ _ _ _ _ _ _ _ _ _ _ _ _ _ _ _ _ _ _ _ _ _ _ _ _ _ _ _ _ _ _ _ _ _ _ _ _ _ 

title = 'Inner workings of muscles', user_name = ''
site = 'fitness.stackexchange.com'

    @staticmethod
    def testpost(title, user_name, site):
        result = []
        for rule in FindSpam.rules:
>           if rule['all'] != (site in rule['sites']):
E           KeyError: 'sites'

findspam.py:28: KeyError
 test_regexes[Cannot access http://stackoverflow.com/ with proxy enabled--superuser.com-False] 

title = 'Cannot access http://stackoverflow.com/ with proxy enabled'
username = '', site = 'superuser.com', match = False

    @pytest.mark.parametrize("title, username, site, match", [
         ('18669786819 gmail customer service number 1866978-6819 gmail support number', '', '', True),
         ('Is there any http://www.hindawi.com/ template for Cloud-Oriented Data Center Networking?', '', '', True),
         ('', 'bagprada', '', True),
         ('HOW DO YOU SOLVE THIS PROBLEM?', '', '', True),
         ('12 Month Loans quick @ http://www.quick12monthpaydayloans.co.uk/Elimination of collateral pledging', '', '', True),
         ('support for yahoo mail 18669786819 @call for helpline number', '', '', True),
         ('yahoo email tech support 1 866 978 6819 Yahoo Customer Phone Number ,Shortest Wait', '', '', True),
         ('What is the value of MD5 checksums if the MD5 hash itself could potentially also have been manipulated?', '', '', False),
         ('Probability: 6 Dice are rolled. Which is more likely, that you get exactly one 6, or that you get 6 different numbers?', '', '', False),
         ('The Challenge of Controlling a Powerful AI', 'Serban Tanasa', '', False),
         ('Reproducing image of a spiral using TikZ', 'Kristoffer Ryhl', '', False),
         ('What is the proper way to say "queryer"', 'jedwards', '', False),
         ('What\'s a real-world example of "overfitting"?', 'user3851283', '', False),
         ('How to avoid objects when traveling at greater than .75 light speed. or How Not to Go SPLAT?', 'bowlturner', '', False),
         ('Is it unfair to regrade prior work after detecting cheating?', 'Village', '', False),
         ('Inner workings of muscles', '', 'fitness.stackexchange.com', False),
         ('Cannot access http://stackoverflow.com/ with proxy enabled', '', 'superuser.com', False)
    ])
    
    def test_regexes(title, username, site, match):
>       result = FindSpam.testpost(title, username, site)

test/test_regexes.py:25: 
_ _ _ _ _ _ _ _ _ _ _ _ _ _ _ _ _ _ _ _ _ _ _ _ _ _ _ _ _ _ _ _ _ _ _ _ _ _ _ _ 

title = 'Cannot access http://stackoverflow.com/ with proxy enabled'
user_name = '', site = 'superuser.com'

    @staticmethod
    def testpost(title, user_name, site):
        result = []
        for rule in FindSpam.rules:
>           if rule['all'] != (site in rule['sites']):
E           KeyError: 'sites'

findspam.py:28: KeyError
===================== 17 failed, 12 passed in 0.26 seconds =====================

travis_time:end:28e959d3:start=1622228987364515086,finish=1622228988869001511,duration=1504486425[0K
[31;1mThe command "python -W default::Warning -m pytest test" exited with 1.[0m

Done. Your build exited with 1.
