travis_fold:start:system_info[0K[33;1mBuild system information[0m
Build language: python
Build group: stable
Build dist: trusty
Build id: ''
Job id: ''
[34m[1mBuild image provisioning date and time[0m
Tue Dec  5 20:11:19 UTC 2017
[34m[1mOperating System Details[0m
Distributor ID:	Ubuntu
Description:	Ubuntu 14.04.5 LTS
Release:	14.04
Codename:	trusty
[34m[1mCookbooks Version[0m
7c2c6a6 https://github.com/travis-ci/travis-cookbooks/tree/7c2c6a6
[34m[1mgit version[0m
git version 2.15.1
[34m[1mbash version[0m
GNU bash, version 4.3.11(1)-release (x86_64-pc-linux-gnu)
[34m[1mgcc version[0m
gcc (Ubuntu 4.8.4-2ubuntu1~14.04.3) 4.8.4
Copyright (C) 2013 Free Software Foundation, Inc.
This is free software; see the source for copying conditions.  There is NO
warranty; not even for MERCHANTABILITY or FITNESS FOR A PARTICULAR PURPOSE.

[34m[1mdocker version[0m
Client:
 Version:      17.09.0-ce
 API version:  1.32
 Go version:   go1.8.3
 Git commit:   afdb6d4
 Built:        Tue Sep 26 22:39:28 2017
 OS/Arch:      linux/amd64
[34m[1mclang version[0m
clang version 5.0.0 (tags/RELEASE_500/final)
Target: x86_64-unknown-linux-gnu
Thread model: posix
InstalledDir: /usr/local/clang-5.0.0/bin
[34m[1mjq version[0m
jq-1.5
[34m[1mbats version[0m
Bats 0.4.0
[34m[1mshellcheck version[0m
0.4.6
[34m[1mshfmt version[0m
v2.0.0
[34m[1mccache version[0m
ccache version 3.1.9

Copyright (C) 2002-2007 Andrew Tridgell
Copyright (C) 2009-2011 Joel Rosdahl

This program is free software; you can redistribute it and/or modify it under
the terms of the GNU General Public License as published by the Free Software
Foundation; either version 3 of the License, or (at your option) any later
version.
[34m[1mcmake version[0m
cmake version 3.9.2

CMake suite maintained and supported by Kitware (kitware.com/cmake).
[34m[1mheroku version[0m
heroku-cli/6.14.39-addc925 (linux-x64) node-v9.2.0
[34m[1mimagemagick version[0m
Version: ImageMagick 6.7.7-10 2017-07-31 Q16 http://www.imagemagick.org
[34m[1mmd5deep version[0m
4.2
[34m[1mmercurial version[0m
Mercurial Distributed SCM (version 4.2.2)
(see https://mercurial-scm.org for more information)

Copyright (C) 2005-2017 Matt Mackall and others
This is free software; see the source for copying conditions. There is NO
warranty; not even for MERCHANTABILITY or FITNESS FOR A PARTICULAR PURPOSE.
[34m[1mmysql version[0m
mysql  Ver 14.14 Distrib 5.6.33, for debian-linux-gnu (x86_64) using  EditLine wrapper
[34m[1mopenssl version[0m
OpenSSL 1.0.1f 6 Jan 2014
[34m[1mpacker version[0m
Packer v1.0.2

Your version of Packer is out of date! The latest version
is 1.1.2. You can update by downloading from www.packer.io
[34m[1mpostgresql client version[0m
psql (PostgreSQL) 9.6.6
[34m[1mragel version[0m
Ragel State Machine Compiler version 6.8 Feb 2013
Copyright (c) 2001-2009 by Adrian Thurston
[34m[1msubversion version[0m
svn, version 1.8.8 (r1568071)
   compiled Aug 10 2017, 17:20:39 on x86_64-pc-linux-gnu

Copyright (C) 2013 The Apache Software Foundation.
This software consists of contributions made by many people;
see the NOTICE file for more information.
Subversion is open source software, see http://subversion.apache.org/

The following repository access (RA) modules are available:

* ra_svn : Module for accessing a repository using the svn network protocol.
  - with Cyrus SASL authentication
  - handles 'svn' scheme
* ra_local : Module for accessing a repository on local disk.
  - handles 'file' scheme
* ra_serf : Module for accessing a repository via WebDAV protocol using serf.
  - using serf 1.3.3
  - handles 'http' scheme
  - handles 'https' scheme

[34m[1msudo version[0m
Sudo version 1.8.9p5
Configure options: --prefix=/usr -v --with-all-insults --with-pam --with-fqdn --with-logging=syslog --with-logfac=authpriv --with-env-editor --with-editor=/usr/bin/editor --with-timeout=15 --with-password-timeout=0 --with-passprompt=[sudo] password for %p:  --without-lecture --with-tty-tickets --disable-root-mailer --enable-admin-flag --with-sendmail=/usr/sbin/sendmail --with-timedir=/var/lib/sudo --mandir=/usr/share/man --libexecdir=/usr/lib/sudo --with-sssd --with-sssd-lib=/usr/lib/x86_64-linux-gnu --with-selinux
Sudoers policy plugin version 1.8.9p5
Sudoers file grammar version 43

Sudoers path: /etc/sudoers
Authentication methods: 'pam'
Syslog facility if syslog is being used for logging: authpriv
Syslog priority to use when user authenticates successfully: notice
Syslog priority to use when user authenticates unsuccessfully: alert
Send mail if the user is not in sudoers
Use a separate timestamp for each user/tty combo
Lecture user the first time they run sudo
Root may run sudo
Allow some information gathering to give useful error messages
Require fully-qualified hostnames in the sudoers file
Visudo will honor the EDITOR environment variable
Set the LOGNAME and USER environment variables
Length at which to wrap log file lines (0 for no wrap): 80
Authentication timestamp timeout: 15.0 minutes
Password prompt timeout: 0.0 minutes
Number of tries to enter a password: 3
Umask to use or 0777 to use user's: 022
Path to mail program: /usr/sbin/sendmail
Flags for mail program: -t
Address to send mail to: root
Subject line for mail messages: *** SECURITY information for %h ***
Incorrect password message: Sorry, try again.
Path to authentication timestamp dir: /var/lib/sudo
Default password prompt: [sudo] password for %p: 
Default user to run commands as: root
Value to override user's $PATH with: /usr/local/sbin:/usr/local/bin:/usr/sbin:/usr/bin:/sbin:/bin:/snap/bin
Path to the editor for use by visudo: /usr/bin/editor
When to require a password for 'list' pseudocommand: any
When to require a password for 'verify' pseudocommand: all
File descriptors >= 3 will be closed before executing a command
Environment variables to check for sanity:
	TZ
	TERM
	LINGUAS
	LC_*
	LANGUAGE
	LANG
	COLORTERM
Environment variables to remove:
	RUBYOPT
	RUBYLIB
	PYTHONUSERBASE
	PYTHONINSPECT
	PYTHONPATH
	PYTHONHOME
	TMPPREFIX
	ZDOTDIR
	READNULLCMD
	NULLCMD
	FPATH
	PERL5DB
	PERL5OPT
	PERL5LIB
	PERLLIB
	PERLIO_DEBUG 
	JAVA_TOOL_OPTIONS
	SHELLOPTS
	GLOBIGNORE
	PS4
	BASH_ENV
	ENV
	TERMCAP
	TERMPATH
	TERMINFO_DIRS
	TERMINFO
	_RLD*
	LD_*
	PATH_LOCALE
	NLSPATH
	HOSTALIASES
	RES_OPTIONS
	LOCALDOMAIN
	CDPATH
	IFS
Environment variables to preserve:
	JAVA_HOME
	TRAVIS
	CI
	DEBIAN_FRONTEND
	XAUTHORIZATION
	XAUTHORITY
	PS2
	PS1
	PATH
	LS_COLORS
	KRB5CCNAME
	HOSTNAME
	HOME
	DISPLAY
	COLORS
Locale to use while parsing sudoers: C
Directory in which to store input/output logs: /var/log/sudo-io
File in which to store the input/output log: %{seq}
Add an entry to the utmp/utmpx file when allocating a pty
PAM service name to use
PAM service name to use for login shells
Create a new PAM session for the command to run in
Maximum I/O log sequence number: 0

Local IP address and netmask pairs:
	172.17.0.2/255.255.0.0

Sudoers I/O plugin version 1.8.9p5
[34m[1mgzip version[0m
gzip 1.6
Copyright (C) 2007, 2010, 2011 Free Software Foundation, Inc.
Copyright (C) 1993 Jean-loup Gailly.
This is free software.  You may redistribute copies of it under the terms of
the GNU General Public License <http://www.gnu.org/licenses/gpl.html>.
There is NO WARRANTY, to the extent permitted by law.

Written by Jean-loup Gailly.
[34m[1mzip version[0m
Copyright (c) 1990-2008 Info-ZIP - Type 'zip "-L"' for software license.
This is Zip 3.0 (July 5th 2008), by Info-ZIP.
Currently maintained by E. Gordon.  Please send bug reports to
the authors using the web page at www.info-zip.org; see README for details.

Latest sources and executables are at ftp://ftp.info-zip.org/pub/infozip,
as of above date; see http://www.info-zip.org/ for other sites.

Compiled with gcc 4.8.2 for Unix (Linux ELF) on Oct 21 2013.

Zip special compilation options:
	USE_EF_UT_TIME       (store Universal Time)
	BZIP2_SUPPORT        (bzip2 library version 1.0.6, 6-Sept-2010)
	    bzip2 code and library copyright (c) Julian R Seward
	    (See the bzip2 license for terms of use)
	SYMLINK_SUPPORT      (symbolic links supported)
	LARGE_FILE_SUPPORT   (can read and write large files on file system)
	ZIP64_SUPPORT        (use Zip64 to store large files in archives)
	UNICODE_SUPPORT      (store and read UTF-8 Unicode paths)
	STORE_UNIX_UIDs_GIDs (store UID/GID sizes/values using new extra field)
	UIDGID_NOT_16BIT     (old Unix 16-bit UID/GID extra field not used)
	[encryption, version 2.91 of 05 Jan 2007] (modified for Zip 3)

Encryption notice:
	The encryption code of this program is not copyrighted and is
	put in the public domain.  It was originally written in Europe
	and, to the best of our knowledge, can be freely distributed
	in both source and object forms from any country, including
	the USA under License Exception TSU of the U.S. Export
	Administration Regulations (section 740.13(e)) of 6 June 2002.

Zip environment options:
             ZIP:  [none]
          ZIPOPT:  [none]
[34m[1mvim version[0m
VIM - Vi IMproved 7.4 (2013 Aug 10, compiled Nov 24 2016 16:43:18)
Included patches: 1-52
Extra patches: 8.0.0056
Modified by pkg-vim-maintainers@lists.alioth.debian.org
Compiled by buildd@
Huge version without GUI.  Features included (+) or not (-):
+acl             +farsi           +mouse_netterm   +syntax
+arabic          +file_in_path    +mouse_sgr       +tag_binary
+autocmd         +find_in_path    -mouse_sysmouse  +tag_old_static
-balloon_eval    +float           +mouse_urxvt     -tag_any_white
-browse          +folding         +mouse_xterm     -tcl
++builtin_terms  -footer          +multi_byte      +terminfo
+byte_offset     +fork()          +multi_lang      +termresponse
+cindent         +gettext         -mzscheme        +textobjects
-clientserver    -hangul_input    +netbeans_intg   +title
-clipboard       +iconv           +path_extra      -toolbar
+cmdline_compl   +insert_expand   -perl            +user_commands
+cmdline_hist    +jumplist        +persistent_undo +vertsplit
+cmdline_info    +keymap          +postscript      +virtualedit
+comments        +langmap         +printer         +visual
+conceal         +libcall         +profile         +visualextra
+cryptv          +linebreak       +python          +viminfo
+cscope          +lispindent      -python3         +vreplace
+cursorbind      +listcmds        +quickfix        +wildignore
+cursorshape     +localmap        +reltime         +wildmenu
+dialog_con      -lua             +rightleft       +windows
+diff            +menu            -ruby            +writebackup
+digraphs        +mksession       +scrollbind      -X11
-dnd             +modify_fname    +signs           -xfontset
-ebcdic          +mouse           +smartindent     -xim
+emacs_tags      -mouseshape      -sniff           -xsmp
+eval            +mouse_dec       +startuptime     -xterm_clipboard
+ex_extra        +mouse_gpm       +statusline      -xterm_save
+extra_search    -mouse_jsbterm   -sun_workshop    -xpm
   system vimrc file: "$VIM/vimrc"
     user vimrc file: "$HOME/.vimrc"
 2nd user vimrc file: "~/.vim/vimrc"
      user exrc file: "$HOME/.exrc"
  fall-back for $VIM: "/usr/share/vim"
Compilation: gcc -c -I. -Iproto -DHAVE_CONFIG_H     -g -O2 -fstack-protector --param=ssp-buffer-size=4 -Wformat -Werror=format-security -U_FORTIFY_SOURCE -D_FORTIFY_SOURCE=1      
Linking: gcc   -Wl,-Bsymbolic-functions -Wl,-z,relro -Wl,--as-needed -o vim        -lm -ltinfo -lnsl  -lselinux  -lacl -lattr -lgpm -ldl    -L/usr/lib/python2.7/config-x86_64-linux-gnu -lpython2.7 -lpthread -ldl -lutil -lm -Xlinker -export-dynamic -Wl,-O1 -Wl,-Bsymbolic-functions      
[34m[1miptables version[0m
iptables v1.4.21
[34m[1mcurl version[0m
curl 7.35.0 (x86_64-pc-linux-gnu) libcurl/7.35.0 OpenSSL/1.0.1f zlib/1.2.8 libidn/1.28 librtmp/2.3
[34m[1mwget version[0m
GNU Wget 1.15 built on linux-gnu.
[34m[1mrsync version[0m
rsync  version 3.1.0  protocol version 31
[34m[1mgimme version[0m
v1.2.0
[34m[1mnvm version[0m
0.33.6
[34m[1mperlbrew version[0m
/home/travis/perl5/perlbrew/bin/perlbrew  - App::perlbrew/0.80
[34m[1mphpenv version[0m
rbenv 1.1.1-25-g6aa70b6
[34m[1mrvm version[0m
rvm 1.29.3 (latest) by Michal Papis, Piotr Kuczynski, Wayne E. Seguin [https://rvm.io]
[34m[1mdefault ruby version[0m
ruby 2.4.1p111 (2017-03-22 revision 58053) [x86_64-linux]
[34m[1mCouchDB version[0m
couchdb 1.6.1
[34m[1mElasticSearch version[0m
5.5.0
[34m[1mInstalled Firefox version[0m
firefox 56.0.2
[34m[1mMongoDB version[0m
MongoDB 3.4.10
[34m[1mPhantomJS version[0m
2.1.1
[34m[1mPre-installed PostgreSQL versions[0m
9.2.24
9.3.20
9.4.15
9.5.10
9.6.6
[34m[1mRabbitMQ Version[0m
3.6.14
[34m[1mRedis version[0m
redis-server 4.0.6
[34m[1mriak version[0m
2.2.3
[34m[1mPre-installed Go versions[0m
1.7.4
[34m[1mant version[0m
Apache Ant(TM) version 1.9.3 compiled on April 8 2014
[34m[1mmvn version[0m
Apache Maven 3.5.2 (138edd61fd100ec658bfa2d307c43b76940a5d7d; 2017-10-18T07:58:13Z)
Maven home: /usr/local/maven-3.5.2
Java version: 1.8.0_151, vendor: Oracle Corporation
Java home: /usr/lib/jvm/java-8-oracle/jre
Default locale: en_US, platform encoding: UTF-8
OS name: "linux", version: "4.4.0-101-generic", arch: "amd64", family: "unix"
[34m[1mgradle version[0m

------------------------------------------------------------
Gradle 4.0.1
------------------------------------------------------------

Build time:   2017-07-07 14:02:41 UTC
Revision:     38e5dc0f772daecca1d2681885d3d85414eb6826

Groovy:       2.4.11
Ant:          Apache Ant(TM) version 1.9.6 compiled on June 29 2015
JVM:          1.8.0_151 (Oracle Corporation 25.151-b12)
OS:           Linux 4.4.0-101-generic amd64

[34m[1mlein version[0m
Leiningen 2.8.1 on Java 1.8.0_151 Java HotSpot(TM) 64-Bit Server VM
[34m[1mPre-installed Node.js versions[0m
v4.8.6
v6.12.0
v6.12.1
v8.9
v8.9.1
[34m[1mphpenv versions[0m
  system
  5.6
* 5.6.32 (set by /home/travis/.phpenv/version)
  7.0
  7.0.25
  7.1
  7.1.11
  hhvm
  hhvm-stable
[34m[1mcomposer --version[0m
Composer version 1.5.2 2017-09-11 16:59:25
[34m[1mPre-installed Ruby versions[0m
ruby-2.2.7
ruby-2.3.4
ruby-2.4.1
travis_fold:end:system_info[0K
grep: /etc/apt/sources.list.d/*: No such file or directory
sed: cannot rename /etc/hosts: Device or resource busy
sed: cannot rename /etc/hosts: Device or resource busy
[33;1m3.5 is not installed; attempting download[0m
[33;1mDownloading archive: https://s3.amazonaws.com/travis-python-archives/binaries/ubuntu/14.04/x86_64/python-3.5.tar.bz2[0m
$ sudo tar xjf python-3.5.tar.bz2 --directory /
sed: can't read /etc/profile.d/pyenv.sh: No such file or directory
$ cd failed/getslash/slash
travis_time:start:009095bb[0K$ source ~/virtualenv/python3.5/bin/activate

travis_time:end:009095bb:start=1622269089782646821,finish=1622269089795428899,duration=12782078[0K$ python --version
Python 3.5.6
$ pip --version
pip 18.0 from /home/travis/virtualenv/python3.5.6/lib/python3.5/site-packages/pip (python 3.5)
travis_fold:start:install.1[0Ktravis_time:start:2b113c3c[0K$ pip install virtualenv==15.1.0
Collecting virtualenv==15.1.0
  Downloading https://files.pythonhosted.org/packages/6f/86/3dc328ee7b1a6419ebfac7896d882fba83c48e3561d22ddddf38294d3e83/virtualenv-15.1.0-py2.py3-none-any.whl (1.8MB)
Installing collected packages: virtualenv
  Found existing installation: virtualenv 16.0.0
    Uninstalling virtualenv-16.0.0:
      Successfully uninstalled virtualenv-16.0.0
Successfully installed virtualenv-15.1.0

travis_time:end:2b113c3c:start=1622269090440782667,finish=1622269092506063807,duration=2065281140[0Ktravis_fold:end:install.1[0Ktravis_fold:start:install.2[0Ktravis_time:start:24e2c1bc[0K$ pip install codecov==2.0.10
Collecting codecov==2.0.10
  Downloading https://files.pythonhosted.org/packages/e0/5d/3ebba3f5b994fe6af69638bef91980dfbd7b8e4d16c7c5ebee4e7c2ee138/codecov-2.0.10-py2.py3-none-any.whl
Collecting requests>=2.7.9 (from codecov==2.0.10)
  Downloading https://files.pythonhosted.org/packages/29/c1/24814557f1d22c56d50280771a17307e6bf87b70727d975fd6b2ce6b014a/requests-2.25.1-py2.py3-none-any.whl (61kB)
Collecting coverage (from codecov==2.0.10)
  Downloading https://files.pythonhosted.org/packages/18/97/fda94f1e78b508dd1a493106c236076c4c82a9925c9347211afc4d6bd4e0/coverage-5.5-cp35-cp35m-manylinux1_x86_64.whl (240kB)
Collecting idna<3,>=2.5 (from requests>=2.7.9->codecov==2.0.10)
  Downloading https://files.pythonhosted.org/packages/a2/38/928ddce2273eaa564f6f50de919327bf3a00f091b5baba8dfa9460f3a8a8/idna-2.10-py2.py3-none-any.whl (58kB)
Collecting chardet<5,>=3.0.2 (from requests>=2.7.9->codecov==2.0.10)
  Downloading https://files.pythonhosted.org/packages/19/c7/fa589626997dd07bd87d9269342ccb74b1720384a4d739a1872bd84fbe68/chardet-4.0.0-py2.py3-none-any.whl (178kB)
Collecting urllib3<1.27,>=1.21.1 (from requests>=2.7.9->codecov==2.0.10)
  Downloading https://files.pythonhosted.org/packages/0c/cd/1e2ec680ec7b09846dc6e605f5a7709dfb9d7128e51a026e7154e18a234e/urllib3-1.26.5-py2.py3-none-any.whl (138kB)
Requirement already satisfied: certifi>=2017.4.17 in /home/travis/virtualenv/python3.5.6/lib/python3.5/site-packages (from requests>=2.7.9->codecov==2.0.10) (2018.4.16)
Installing collected packages: idna, chardet, urllib3, requests, coverage, codecov
Successfully installed chardet-4.0.0 codecov-2.0.10 coverage-5.5 idna-2.10 requests-2.25.1 urllib3-1.26.5

travis_time:end:24e2c1bc:start=1622269092520987814,finish=1622269098094469165,duration=5573481351[0Ktravis_fold:end:install.2[0Ktravis_time:start:0204f64e[0K$ make env
python -m virtualenv .env
Using real prefix '/opt/python/3.5.6'
New python executable in /home/travis/build/failed/getslash/slash/.env/bin/python
Installing setuptools, pip, wheel...done.
.env/bin/pip install -e .[testing] -r doc/pip_requirements.txt
DEPRECATION: Python 3.5 reached the end of its life on September 13th, 2020. Please upgrade your Python as Python 3.5 is no longer maintained. pip 21.0 will drop support for Python 3.5 in January 2021. pip 21.0 will remove support for this functionality.
Obtaining file:///home/travis/build/failed/getslash/slash
Collecting releases
  Downloading releases-1.6.3-py2.py3-none-any.whl (22 kB)
Collecting alabaster
  Downloading alabaster-0.7.12-py2.py3-none-any.whl (14 kB)
Collecting Sphinx>1.4
  Downloading Sphinx-3.5.4-py3-none-any.whl (2.8 MB)
Collecting arrow
  Downloading arrow-0.17.0-py2.py3-none-any.whl (50 kB)
Collecting colorama
  Downloading colorama-0.4.4-py2.py3-none-any.whl (16 kB)
Collecting confetti>=2.4.1
  Downloading confetti-2.5.3.tar.gz (6.5 kB)
Collecting dessert>=1.3.1
  Downloading dessert-1.4.1.tar.gz (33 kB)
Collecting emport>=1.1.3
  Downloading emport-1.3.1.tar.gz (5.3 kB)
Collecting gossip>=2.2.0
  Downloading gossip-2.4.0.tar.gz (64 kB)
Collecting Jinja2
  Downloading Jinja2-2.11.3-py2.py3-none-any.whl (125 kB)
Collecting Logbook>=1.1.0
  Downloading Logbook-1.5.3.tar.gz (85 kB)
Collecting orderedset>=2.0.0
  Downloading orderedset-2.0.3.tar.gz (101 kB)
Collecting requests>=1.1.0
  Using cached requests-2.25.1-py2.py3-none-any.whl (61 kB)
Collecting SQLAlchemy
  Downloading SQLAlchemy-1.3.24-cp35-cp35m-manylinux2010_x86_64.whl (1.3 MB)
Collecting tmuxp
  Downloading tmuxp-1.7.2-py3-none-any.whl (33 kB)
Collecting raven
  Downloading raven-6.10.0-py2.py3-none-any.whl (284 kB)
Collecting py>=1.5.0
  Downloading py-1.10.0-py2.py3-none-any.whl (97 kB)
Collecting pyparsing
  Downloading pyparsing-2.4.7-py2.py3-none-any.whl (67 kB)
Collecting vintage>=0.4.0
  Downloading vintage-0.4.1.tar.gz (3.9 kB)
Collecting IPython
  Downloading ipython-7.9.0-py3-none-any.whl (775 kB)
Collecting coverage
  Downloading coverage-5.5-cp35-cp35m-manylinux2010_x86_64.whl (240 kB)
Collecting coveralls
  Downloading coveralls-3.1.0-py2.py3-none-any.whl (14 kB)
Collecting munch
  Downloading munch-2.5.0-py2.py3-none-any.whl (10 kB)
Collecting pytest
  Downloading pytest-6.1.2-py3-none-any.whl (272 kB)
Collecting pytest-catchlog
  Downloading pytest_catchlog-1.2.2-py2.py3-none-any.whl (10 kB)
Collecting pytest-cov
  Downloading pytest_cov-2.12.0-py2.py3-none-any.whl (20 kB)
Collecting pytest-timeout
  Downloading pytest_timeout-1.4.2-py2.py3-none-any.whl (10 kB)
Collecting pyforge
  Downloading pyforge-1.3.0.tar.gz (20 kB)
Collecting pylint>=1.7
  Downloading pylint-2.6.2-py3-none-any.whl (325 kB)
Collecting sphinxcontrib-htmlhelp
  Downloading sphinxcontrib_htmlhelp-1.0.3-py2.py3-none-any.whl (96 kB)
Collecting docutils<0.17,>=0.12
  Downloading docutils-0.16-py2.py3-none-any.whl (548 kB)
Collecting imagesize
  Downloading imagesize-1.2.0-py2.py3-none-any.whl (4.8 kB)
Collecting Pygments>=2.0
  Downloading Pygments-2.9.0-py3-none-any.whl (1.0 MB)
Collecting sphinxcontrib-applehelp
  Downloading sphinxcontrib_applehelp-1.0.2-py2.py3-none-any.whl (121 kB)
Collecting sphinxcontrib-devhelp
  Downloading sphinxcontrib_devhelp-1.0.2-py2.py3-none-any.whl (84 kB)
Collecting snowballstemmer>=1.1
  Downloading snowballstemmer-2.1.0-py2.py3-none-any.whl (93 kB)
Collecting packaging
  Downloading packaging-20.9-py2.py3-none-any.whl (40 kB)
Requirement already satisfied: setuptools in ./.env/lib/python3.5/site-packages (from Sphinx>1.4->-r doc/pip_requirements.txt (line 5)) (50.3.2)
Collecting sphinxcontrib-jsmath
  Downloading sphinxcontrib_jsmath-1.0.1-py2.py3-none-any.whl (5.1 kB)
Collecting babel>=1.3
  Downloading Babel-2.9.1-py2.py3-none-any.whl (8.8 MB)
Collecting sphinxcontrib-serializinghtml
  Downloading sphinxcontrib_serializinghtml-1.1.5-py2.py3-none-any.whl (94 kB)
Collecting sphinxcontrib-qthelp
  Downloading sphinxcontrib_qthelp-1.0.3-py2.py3-none-any.whl (90 kB)
Collecting pytz>=2015.7
  Downloading pytz-2021.1-py2.py3-none-any.whl (510 kB)
Collecting sentinels>=0.0.5
  Downloading sentinels-1.0.0.tar.gz (4.1 kB)
Collecting six
  Downloading six-1.16.0-py2.py3-none-any.whl (11 kB)
Collecting atomicwrites>=1.0
  Downloading atomicwrites-1.4.0-py2.py3-none-any.whl (6.8 kB)
Collecting attrs
  Downloading attrs-21.2.0-py2.py3-none-any.whl (53 kB)
Collecting MarkupSafe>=0.23
  Downloading MarkupSafe-1.1.1-cp35-cp35m-manylinux1_x86_64.whl (27 kB)
Collecting mccabe<0.7,>=0.6
  Downloading mccabe-0.6.1-py2.py3-none-any.whl (8.6 kB)
Collecting astroid<2.5,>=2.4.0
  Downloading astroid-2.4.2-py3-none-any.whl (213 kB)
Collecting toml>=0.7.1
  Downloading toml-0.10.2-py2.py3-none-any.whl (16 kB)
Collecting isort<6,>=4.2.5
  Downloading isort-4.3.21-py2.py3-none-any.whl (42 kB)
Collecting lazy-object-proxy==1.4.*
  Downloading lazy_object_proxy-1.4.3-cp35-cp35m-manylinux1_x86_64.whl (55 kB)
Collecting typed-ast<1.5,>=1.4.0
  Downloading typed_ast-1.4.3-cp35-cp35m-manylinux1_x86_64.whl (743 kB)
Collecting wrapt~=1.11
  Downloading wrapt-1.12.1.tar.gz (27 kB)
Collecting certifi>=2017.4.17
  Downloading certifi-2020.12.5-py2.py3-none-any.whl (147 kB)
Collecting chardet<5,>=3.0.2
  Using cached chardet-4.0.0-py2.py3-none-any.whl (178 kB)
Collecting urllib3<1.27,>=1.21.1
  Using cached urllib3-1.26.5-py2.py3-none-any.whl (138 kB)
Collecting idna<3,>=2.5
  Using cached idna-2.10-py2.py3-none-any.whl (58 kB)
Collecting semantic-version<2.7
  Downloading semantic_version-2.6.0-py3-none-any.whl (14 kB)
Collecting python-dateutil>=2.7.0
  Downloading python_dateutil-2.8.1-py2.py3-none-any.whl (227 kB)
Collecting docopt>=0.6.1
  Downloading docopt-0.6.2.tar.gz (25 kB)
Collecting backcall
  Downloading backcall-0.2.0-py2.py3-none-any.whl (11 kB)
Collecting decorator
  Downloading decorator-5.0.9-py3-none-any.whl (8.9 kB)
Collecting pickleshare
  Downloading pickleshare-0.7.5-py2.py3-none-any.whl (6.9 kB)
Collecting pexpect
  Downloading pexpect-4.8.0-py2.py3-none-any.whl (59 kB)
Collecting prompt-toolkit<2.1.0,>=2.0.0
  Downloading prompt_toolkit-2.0.10-py3-none-any.whl (340 kB)
Collecting traitlets>=4.2
  Downloading traitlets-4.3.3-py2.py3-none-any.whl (75 kB)
Collecting jedi>=0.10
  Downloading jedi-0.17.2-py2.py3-none-any.whl (1.4 MB)
Collecting parso<0.8.0,>=0.7.0
  Downloading parso-0.7.1-py2.py3-none-any.whl (109 kB)
Collecting wcwidth
  Downloading wcwidth-0.2.5-py2.py3-none-any.whl (30 kB)
Collecting ipython-genutils
  Downloading ipython_genutils-0.2.0-py2.py3-none-any.whl (26 kB)
Collecting ptyprocess>=0.5
  Downloading ptyprocess-0.7.0-py2.py3-none-any.whl (13 kB)
Collecting iniconfig
  Downloading iniconfig-1.1.1-py2.py3-none-any.whl (5.0 kB)
Collecting pathlib2>=2.2.0
  Downloading pathlib2-2.3.5-py2.py3-none-any.whl (18 kB)
Collecting pluggy<1.0,>=0.12
  Downloading pluggy-0.13.1-py2.py3-none-any.whl (18 kB)
Collecting importlib-metadata>=0.12
  Downloading importlib_metadata-2.1.1-py2.py3-none-any.whl (10 kB)
Collecting zipp>=0.5
  Downloading zipp-1.2.0-py2.py3-none-any.whl (4.8 kB)
Collecting libtmux<0.9,>=0.8
  Downloading libtmux-0.8.5-py3-none-any.whl (29 kB)
Collecting click<8,>=7
  Downloading click-7.1.2-py2.py3-none-any.whl (82 kB)
Collecting kaptan>=0.5.10
  Downloading kaptan-0.5.12.tar.gz (10 kB)
Collecting PyYAML<6,>=3.13
  Downloading PyYAML-5.3.1.tar.gz (269 kB)
Building wheels for collected packages: vintage, orderedset, docopt, dessert, kaptan, pyforge, sentinels, PyYAML, Logbook, gossip, emport, wrapt, confetti
  Building wheel for vintage (setup.py): started
  Building wheel for vintage (setup.py): finished with status 'done'
  Created wheel for vintage: filename=vintage-0.4.1-py3-none-any.whl size=2828 sha256=a8c6cbb11dda75c734f295c6b1cc2e8e1205d787944a1d8a649eb9054bf95530
  Stored in directory: /home/travis/.cache/pip/wheels/f9/b5/c8/da15ac7b054e05cd8204dc9b8fbe8b7f0921337a2c5ff14bb1
  Building wheel for orderedset (setup.py): started
  Building wheel for orderedset (setup.py): finished with status 'done'
  Created wheel for orderedset: filename=orderedset-2.0.3-cp35-cp35m-linux_x86_64.whl size=270081 sha256=c418ba858680896a4e565d704a6e599d82c46a9a30d6de646c252be6263ee71c
  Stored in directory: /home/travis/.cache/pip/wheels/fe/9a/9d/7f149dd9b76e6cc911f97add03d9eaba1733f24795e606d453
  Building wheel for docopt (setup.py): started
  Building wheel for docopt (setup.py): finished with status 'done'
  Created wheel for docopt: filename=docopt-0.6.2-py2.py3-none-any.whl size=13705 sha256=6bb8b3639a41be8dbbe3f1f89b35d70f89c4c23348a2f0b24ca1e0fba2dfde55
  Stored in directory: /home/travis/.cache/pip/wheels/63/74/c4/1e4f0884a7ba7c26baa4a841240a507953dcfe7de606522571
  Building wheel for dessert (setup.py): started
  Building wheel for dessert (setup.py): finished with status 'done'
  Created wheel for dessert: filename=dessert-1.4.1-py3-none-any.whl size=22795 sha256=6668604e018d6e6d209e7301797d388e1d21eef1a26942efeebbeb4de929a719
  Stored in directory: /home/travis/.cache/pip/wheels/bb/58/73/a34b41f1ca18597fe587f0eef13066dc41f076f031ec9f0c7d
  Building wheel for kaptan (setup.py): started
  Building wheel for kaptan (setup.py): finished with status 'done'
  Created wheel for kaptan: filename=kaptan-0.5.12-py3-none-any.whl size=10977 sha256=e3e9ac63cc7e40592b5049c2fd6234c7323c0b1f1e6ac2cc9ace6371f32007ed
  Stored in directory: /home/travis/.cache/pip/wheels/ac/5e/c9/9b154d2beec5fcce55aede5cc1d3b7256d153f9d8a8a41c32c
  Building wheel for pyforge (setup.py): started
  Building wheel for pyforge (setup.py): finished with status 'done'
  Created wheel for pyforge: filename=pyforge-1.3.0-py3-none-any.whl size=23216 sha256=4ee3f16c845dcde8313421a10fe63cd1a92e7c98200d613cdca655340c3620f5
  Stored in directory: /home/travis/.cache/pip/wheels/6b/32/b6/2348695d72f40c18ce51c5d19e22827914c23d405a8020fcf1
  Building wheel for sentinels (setup.py): started
  Building wheel for sentinels (setup.py): finished with status 'done'
  Created wheel for sentinels: filename=sentinels-1.0.0-py3-none-any.whl size=3186 sha256=a57903ea3d86f633818a025d1d77f2755fc077d6d70ab24f81b3d7c82c5a675b
  Stored in directory: /home/travis/.cache/pip/wheels/0b/d5/77/49fb1d1a6209f97f0bb762f0350403d5f69da8e453aa6bbd12
  Building wheel for PyYAML (setup.py): started
  Building wheel for PyYAML (setup.py): finished with status 'done'
  Created wheel for PyYAML: filename=PyYAML-5.3.1-cp35-cp35m-linux_x86_64.whl size=418088 sha256=a0001a1f9bbb4cbe6245f7c902eb0b571ff0fc3b0b6db238cdb5df88e2cc1203
  Stored in directory: /home/travis/.cache/pip/wheels/57/d0/2c/e2003abb5bc1a94c2e8a6fe1c03b8055d074e34c13672e7eb7
  Building wheel for Logbook (setup.py): started
  Building wheel for Logbook (setup.py): finished with status 'done'
  Created wheel for Logbook: filename=Logbook-1.5.3-cp35-cp35m-linux_x86_64.whl size=66384 sha256=03c4572ad759dc82b3f8af937663dff630c3abb16a9fe5299489afdee3ff41ef
  Stored in directory: /home/travis/.cache/pip/wheels/c1/e7/ba/2f058e795252d37a0833a55df093cc967a20fc30fd226529d4
  Building wheel for gossip (setup.py): started
  Building wheel for gossip (setup.py): finished with status 'done'
  Created wheel for gossip: filename=gossip-2.4.0-py3-none-any.whl size=14827 sha256=2e6225245d3a86b20dec92d9eae2e9f18d221ec9072ae5026bfdaee55bfa4cd7
  Stored in directory: /home/travis/.cache/pip/wheels/cc/e4/d6/d5092aa964cdcabfb35062591303dc4a54896617ff46f845c3
  Building wheel for emport (setup.py): started
  Building wheel for emport (setup.py): finished with status 'done'
  Created wheel for emport: filename=emport-1.3.1-py3-none-any.whl size=2950 sha256=b97450480b54fc6e32beb876a81b2bab43786daf6e5993bcf1a882b996fd720e
  Stored in directory: /home/travis/.cache/pip/wheels/6b/fe/a4/1143bef605d816eefeaac66a74314e58818f64ec3d0fb8536f
  Building wheel for wrapt (setup.py): started
  Building wheel for wrapt (setup.py): finished with status 'done'
  Created wheel for wrapt: filename=wrapt-1.12.1-cp35-cp35m-linux_x86_64.whl size=66665 sha256=83c730ca95b9ecef031a1440473375ff2a11b2a615579f37d71cd8ae291c51fe
  Stored in directory: /home/travis/.cache/pip/wheels/b8/2d/88/2fb764a7404287819251978fbfe4cacf9b4d8a1d41fce5dd97
  Building wheel for confetti (setup.py): started
  Building wheel for confetti (setup.py): finished with status 'done'
  Created wheel for confetti: filename=confetti-2.5.3-py3-none-any.whl size=7197 sha256=d22d33866a45b72c573a5902e159a354a4d25e2e1dbc632c0bed2d77aa860ffa
  Stored in directory: /home/travis/.cache/pip/wheels/c2/83/12/94c38beac392040cf33f8f9f85b4f4790d47cb57c38e8badf1
Successfully built vintage orderedset docopt dessert kaptan pyforge sentinels PyYAML Logbook gossip emport wrapt confetti
Installing collected packages: zipp, wcwidth, six, PyYAML, pyparsing, ptyprocess, parso, ipython-genutils, importlib-metadata, decorator, wrapt, vintage, urllib3, typed-ast, traitlets, toml, sentinels, pytz, python-dateutil, Pygments, py, prompt-toolkit, pluggy, pickleshare, pexpect, pathlib2, packaging, munch, MarkupSafe, Logbook, libtmux, lazy-object-proxy, kaptan, jedi, iniconfig, idna, coverage, colorama, click, chardet, certifi, backcall, attrs, atomicwrites, tmuxp, SQLAlchemy, sphinxcontrib-serializinghtml, sphinxcontrib-qthelp, sphinxcontrib-jsmath, sphinxcontrib-htmlhelp, sphinxcontrib-devhelp, sphinxcontrib-applehelp, snowballstemmer, requests, raven, pytest, orderedset, mccabe, Jinja2, isort, IPython, imagesize, gossip, emport, docutils, docopt, dessert, confetti, babel, astroid, arrow, alabaster, Sphinx, slash, semantic-version, pytest-timeout, pytest-cov, pytest-catchlog, pylint, pyforge, coveralls, releases
  Running setup.py develop for slash
Successfully installed IPython-7.9.0 Jinja2-2.11.3 Logbook-1.5.3 MarkupSafe-1.1.1 PyYAML-5.3.1 Pygments-2.9.0 SQLAlchemy-1.3.24 Sphinx-3.5.4 alabaster-0.7.12 arrow-0.17.0 astroid-2.4.2 atomicwrites-1.4.0 attrs-21.2.0 babel-2.9.1 backcall-0.2.0 certifi-2020.12.5 chardet-4.0.0 click-7.1.2 colorama-0.4.4 confetti-2.5.3 coverage-5.5 coveralls-3.1.0 decorator-5.0.9 dessert-1.4.1 docopt-0.6.2 docutils-0.16 emport-1.3.1 gossip-2.4.0 idna-2.10 imagesize-1.2.0 importlib-metadata-2.1.1 iniconfig-1.1.1 ipython-genutils-0.2.0 isort-4.3.21 jedi-0.17.2 kaptan-0.5.12 lazy-object-proxy-1.4.3 libtmux-0.8.5 mccabe-0.6.1 munch-2.5.0 orderedset-2.0.3 packaging-20.9 parso-0.7.1 pathlib2-2.3.5 pexpect-4.8.0 pickleshare-0.7.5 pluggy-0.13.1 prompt-toolkit-2.0.10 ptyprocess-0.7.0 py-1.10.0 pyforge-1.3.0 pylint-2.6.2 pyparsing-2.4.7 pytest-6.1.2 pytest-catchlog-1.2.2 pytest-cov-2.12.0 pytest-timeout-1.4.2 python-dateutil-2.8.1 pytz-2021.1 raven-6.10.0 releases-1.6.3 requests-2.25.1 semantic-version-2.6.0 sentinels-1.0.0 six-1.16.0 slash snowballstemmer-2.1.0 sphinxcontrib-applehelp-1.0.2 sphinxcontrib-devhelp-1.0.2 sphinxcontrib-htmlhelp-1.0.3 sphinxcontrib-jsmath-1.0.1 sphinxcontrib-qthelp-1.0.3 sphinxcontrib-serializinghtml-1.1.5 tmuxp-1.7.2 toml-0.10.2 traitlets-4.3.3 typed-ast-1.4.3 urllib3-1.26.5 vintage-0.4.1 wcwidth-0.2.5 wrapt-1.12.1 zipp-1.2.0
touch .env/.up-to-date

travis_time:end:0204f64e:start=1622269098106305123,finish=1622269203378959033,duration=105272653910[0K
[32;1mThe command "make env" exited with 0.[0m
travis_time:start:11536d82[0K$ make test
.env/bin/py.test --cov=slash --cov-report=html tests
============================= test session starts ==============================
platform linux -- Python 3.5.6, pytest-6.1.2, py-1.10.0, pluggy-0.13.1
rootdir: /home/travis/build/failed/getslash/slash, configfile: pytest.ini
plugins: timeout-1.4.2, cov-2.12.0, catchlog-1.2.2
collected 1514 items

tests/test_add_error.py ........................                         [  1%]
tests/test_app_context.py ..                                             [  1%]
tests/test_assertions.py .....................                           [  3%]
tests/test_autouse_fixtures.py ....................                      [  4%]
tests/test_cleanup_manager.py .....                                      [  4%]
tests/test_cleanups.py ................................................. [  7%]
..................                                                       [  9%]
tests/test_cli_environment.py ..............                             [ 10%]
tests/test_cli_utils.py ......                                           [ 10%]
tests/test_color_strings.py ........                                     [ 11%]
tests/test_console_log_truncation.py ..                                  [ 11%]
tests/test_console_reporter.py ........................                  [ 12%]
tests/test_context.py ........................                           [ 14%]
tests/test_coverage_plugin.py .......                                    [ 14%]
tests/test_cyclic_fixture_detection.py ........                          [ 15%]
tests/test_debugging.py ....                                             [ 15%]
tests/test_doctests.py .........................                         [ 17%]
tests/test_error_object.py .............                                 [ 18%]
tests/test_error_object_stack_trace.py ........                          [ 18%]
tests/test_exception_attributes.py ..                                    [ 18%]
tests/test_exception_handling.py .........s......................        [ 20%]
tests/test_exception_marks.py ...                                        [ 21%]
tests/test_ext_hook.py ...                                               [ 21%]
tests/test_factory_information.py ............                           [ 22%]
tests/test_facts.py ....                                                 [ 22%]
tests/test_failures.py .................                                 [ 23%]
tests/test_fixture_annotations.py ................................       [ 25%]
tests/test_fixture_exceptions.py ................                        [ 26%]
tests/test_fixture_exclusion.py .....                                    [ 26%]
tests/test_fixture_features.py ............                              [ 27%]
tests/test_fixture_mechanism.py .....................................    [ 30%]
tests/test_fixture_namespaces.py ..                                      [ 30%]
tests/test_fixture_resolution.py ...                                     [ 30%]
tests/test_fixture_scoping.py ......                                     [ 30%]
tests/test_fixture_start_end_test.py ........                            [ 31%]
tests/test_fixture_string_representation.py ....                         [ 31%]
tests/test_fixture_test_addresses.py ....                                [ 31%]
tests/test_fixtures.py ................................................. [ 35%]
                                                                         [ 35%]
tests/test_formatter.py ..........                                       [ 35%]
tests/test_function_marker.py .........                                  [ 36%]
tests/test_generator_fixture.py ........                                 [ 36%]
tests/test_global_storage.py .                                           [ 37%]
tests/test_globals.py .....                                              [ 37%]
tests/test_hook_calling.py ............................................. [ 40%]
..                                                                       [ 40%]
tests/test_hook_errors.py .....                                          [ 40%]
tests/test_hooks.py .....                                                [ 41%]
tests/test_id_space.py .                                                 [ 41%]
tests/test_interactive.py ....                                           [ 41%]
tests/test_interruptions.py ........................                     [ 43%]
tests/test_invalid_test_detection.py ....                                [ 43%]
tests/test_iteration.py ........                                         [ 43%]
tests/test_list_config.py ..                                             [ 43%]
tests/test_list_plugins.py ..                                            [ 44%]
tests/test_loader.py .........................                           [ 45%]
tests/test_local_config.py ...                                           [ 45%]
tests/test_logging.py .................................................. [ 49%]
.....................                                                    [ 50%]
tests/test_nofixtures.py ..                                              [ 50%]
tests/test_object_marker.py ............................................ [ 53%]
......................                                                   [ 55%]
tests/test_parallel.py ..................................                [ 57%]
tests/test_parametrization_ordering.py ..                                [ 57%]
tests/test_pattern_matching.py .......                                   [ 57%]
tests/test_plugin_activation.py ...................                      [ 59%]
tests/test_plugin_commandline.py ..                                      [ 59%]
tests/test_plugin_config.py .                                            [ 59%]
tests/test_plugin_dependency.py ................                         [ 60%]
tests/test_plugin_discovery.py .                                         [ 60%]
tests/test_plugin_errors.py ...                                          [ 60%]
tests/test_plugins.py .................                                  [ 61%]
tests/test_preliminary_errors.py ...                                     [ 62%]
tests/test_project_customization.py ....................                 [ 63%]
tests/test_python_utils.py .                                             [ 63%]
tests/test_repeat.py .........F........                                  [ 64%]
tests/test_reporters.py ......                                           [ 65%]
tests/test_requirements.py ............................................. [ 68%]
................................................                         [ 71%]
tests/test_result.py ............................................        [ 74%]
tests/test_result_details.py ............                                [ 74%]
tests/test_retained_logs_handler.py ..                                   [ 75%]
tests/test_running.py .................................................. [ 78%]
.........                                                                [ 78%]
tests/test_running_ad_hoc_tests.py ..                                    [ 79%]
tests/test_scope_manager.py ..                                           [ 79%]
tests/test_scoped_cleanups.py ......                                     [ 79%]
tests/test_site_customization.py ......                                  [ 79%]
tests/test_skips.py .......                                              [ 80%]
tests/test_slash_list.py ......................                          [ 81%]
tests/test_slash_resume.py .........                                     [ 82%]
tests/test_slash_run.py .................                                [ 83%]
tests/test_suite_files.py ................................               [ 85%]
tests/test_suite_writer.py ...                                           [ 85%]
tests/test_suite_writer_factories.py .                                   [ 85%]
tests/test_suite_writer_fixtures.py ....                                 [ 86%]
tests/test_suite_writer_negative.py ..                                   [ 86%]
tests/test_suite_writer_running.py ....                                  [ 86%]
tests/test_tagging.py .............................................      [ 89%]
tests/test_terminal_writer_wrapper.py ...                                [ 89%]
tests/test_test.py ......                                                [ 90%]
tests/test_test_loading.py ....                                          [ 90%]
tests/test_test_metadata.py ................................             [ 92%]
tests/test_test_parameters.py ............                               [ 93%]
tests/test_traceback_utils.py .......                                    [ 93%]
tests/test_unified_session_log.py ............                           [ 94%]
tests/test_ut_utils.py ....                                              [ 94%]
tests/test_utils.py ..                                                   [ 95%]
tests/test_variation_info.py .........                                   [ 95%]
tests/test_warning_capture.py .....                                      [ 95%]
tests/test_warnings.py ..........                                        [ 96%]
tests/test_xunit_plugin.py ............................................. [ 99%]
                                                                         [ 99%]
tests/test_yield_fixture.py ......                                       [100%]

=================================== FAILURES ===================================
____________________________ test_repeat_all_global ____________________________

suite = <tests.utils.suite_writer.suite.Suite object at 0x14bf8c6e02b0>
config_override = <function config_override.<locals>._override at 0x14bf8c90bbf8>

    def test_repeat_all_global(suite, config_override):
        num_repetitions = 5
        config_override('run.repeat_all', num_repetitions)
        for index, test in enumerate(suite):
            test.append_line('slash.context.result.data["index"]={}'.format(index))
    
        for test in suite:
            test.expect_repetition(num_repetitions)
    
        summary = suite.run()
    
        indices = [res.data['index'] for res in summary.session.results.iter_test_results()]
>       assert indices == [x for x in range(len(suite)) for _ in range(num_repetitions)]
E       assert [0, 1, 2, 3, 4, 5, ...] == [0, 0, 0, 0, 0, 1, ...]
E         At index 1 diff: 1 != 0
E         Use -v to get the full diff

tests/test_repeat.py:41: AssertionError
----------------------------- Captured stderr call -----------------------------
[2021-05-29 06:29:38.087692] DEBUG: slash.loader: Checking /tmp/tmp0sns64uw/test_08531.py
[2021-05-29 06:29:38.092503] TRACE: emport: Creating new package for /tmp/tmp0sns64uw/test_08531.py
[2021-05-29 06:29:38.092732] TRACE: emport: After split: /tmp/tmp0sns64uw, test_08531
[2021-05-29 06:29:38.114958] TRACE: slash.core.cleanup_manager: CleanupManager: pushing scope 'session-global'
[2021-05-29 06:29:38.121805] NOTICE: slash.runner: #1: /tmp/tmp0sns64uw/test_08531.py:Test08532.test_08533
[2021-05-29 06:29:38.122258] DEBUG: slash.runner: Started test #1: <Runnable test </tmp/tmp0sns64uw/test_08531.py:Test08532.test_08533>>
[2021-05-29 06:29:38.128675] TRACE: slash.core.scope_manager: Pushed scope session
[2021-05-29 06:29:38.128795] TRACE: slash.core.cleanup_manager: CleanupManager: pushing scope 'session'
[2021-05-29 06:29:38.128882] TRACE: slash.core.scope_manager: Pushed scope module
[2021-05-29 06:29:38.128961] TRACE: slash.core.cleanup_manager: CleanupManager: pushing scope 'module'
[2021-05-29 06:29:38.129030] TRACE: slash.core.scope_manager: Pushed scope test
[2021-05-29 06:29:38.129092] TRACE: slash.core.cleanup_manager: CleanupManager: pushing scope 'test'
[2021-05-29 06:29:38.138556] TRACE: slash.core.scope_manager: Popping scope test (expected test)
[2021-05-29 06:29:38.138691] TRACE: slash.core.cleanup_manager: CleanupManager: popping scope 'test' (failure: False, interrupt: False)
[2021-05-29 06:29:38.138771] TRACE: slash.core.cleanup_manager: Calling cleanups of scope 'test' (failure=False, interrupt=False)
[2021-05-29 06:29:38.142206] TRACE: slash.core.scope_manager: Popped scope test
[2021-05-29 06:29:38.145946] NOTICE: slash.runner: #2: /tmp/tmp0sns64uw/test_08531.py:test_08534
[2021-05-29 06:29:38.146350] DEBUG: slash.runner: Started test #2: <Runnable test </tmp/tmp0sns64uw/test_08531.py:test_08534>>
[2021-05-29 06:29:38.153057] TRACE: slash.core.scope_manager: Pushed scope test
[2021-05-29 06:29:38.153170] TRACE: slash.core.cleanup_manager: CleanupManager: pushing scope 'test'
[2021-05-29 06:29:38.156336] TRACE: slash.core.scope_manager: Popping scope test (expected test)
[2021-05-29 06:29:38.156450] TRACE: slash.core.cleanup_manager: CleanupManager: popping scope 'test' (failure: False, interrupt: False)
[2021-05-29 06:29:38.156527] TRACE: slash.core.cleanup_manager: Calling cleanups of scope 'test' (failure=False, interrupt=False)
[2021-05-29 06:29:38.160195] TRACE: slash.core.scope_manager: Popped scope test
[2021-05-29 06:29:38.163762] NOTICE: slash.runner: #3: /tmp/tmp0sns64uw/test_08531.py:Test08532.test_08535
[2021-05-29 06:29:38.164137] DEBUG: slash.runner: Started test #3: <Runnable test </tmp/tmp0sns64uw/test_08531.py:Test08532.test_08535>>
[2021-05-29 06:29:38.170340] TRACE: slash.core.scope_manager: Pushed scope test
[2021-05-29 06:29:38.170449] TRACE: slash.core.cleanup_manager: CleanupManager: pushing scope 'test'
[2021-05-29 06:29:38.180311] TRACE: slash.core.scope_manager: Popping scope test (expected test)
[2021-05-29 06:29:38.180437] TRACE: slash.core.cleanup_manager: CleanupManager: popping scope 'test' (failure: False, interrupt: False)
[2021-05-29 06:29:38.180515] TRACE: slash.core.cleanup_manager: Calling cleanups of scope 'test' (failure=False, interrupt=False)
[2021-05-29 06:29:38.183993] TRACE: slash.core.scope_manager: Popped scope test
[2021-05-29 06:29:38.187944] NOTICE: slash.runner: #4: /tmp/tmp0sns64uw/test_08531.py:test_08536
[2021-05-29 06:29:38.188349] DEBUG: slash.runner: Started test #4: <Runnable test </tmp/tmp0sns64uw/test_08531.py:test_08536>>
[2021-05-29 06:29:38.195046] TRACE: slash.core.scope_manager: Pushed scope test
[2021-05-29 06:29:38.195170] TRACE: slash.core.cleanup_manager: CleanupManager: pushing scope 'test'
[2021-05-29 06:29:38.198561] TRACE: slash.core.scope_manager: Popping scope test (expected test)
[2021-05-29 06:29:38.198682] TRACE: slash.core.cleanup_manager: CleanupManager: popping scope 'test' (failure: False, interrupt: False)
[2021-05-29 06:29:38.198760] TRACE: slash.core.cleanup_manager: Calling cleanups of scope 'test' (failure=False, interrupt=False)
[2021-05-29 06:29:38.203860] TRACE: slash.core.scope_manager: Popped scope test
[2021-05-29 06:29:38.207449] NOTICE: slash.runner: #5: /tmp/tmp0sns64uw/test_08531.py:Test08532.test_08537
[2021-05-29 06:29:38.207838] DEBUG: slash.runner: Started test #5: <Runnable test </tmp/tmp0sns64uw/test_08531.py:Test08532.test_08537>>
[2021-05-29 06:29:38.215242] TRACE: slash.core.scope_manager: Pushed scope test
[2021-05-29 06:29:38.215359] TRACE: slash.core.cleanup_manager: CleanupManager: pushing scope 'test'
[2021-05-29 06:29:38.225520] TRACE: slash.core.scope_manager: Popping scope test (expected test)
[2021-05-29 06:29:38.225658] TRACE: slash.core.cleanup_manager: CleanupManager: popping scope 'test' (failure: False, interrupt: False)
[2021-05-29 06:29:38.225739] TRACE: slash.core.cleanup_manager: Calling cleanups of scope 'test' (failure=False, interrupt=False)
[2021-05-29 06:29:38.229467] TRACE: slash.core.scope_manager: Popped scope test
[2021-05-29 06:29:38.233374] NOTICE: slash.runner: #6: /tmp/tmp0sns64uw/test_08531.py:test_08538
[2021-05-29 06:29:38.233791] DEBUG: slash.runner: Started test #6: <Runnable test </tmp/tmp0sns64uw/test_08531.py:test_08538>>
[2021-05-29 06:29:38.240543] TRACE: slash.core.scope_manager: Pushed scope test
[2021-05-29 06:29:38.240667] TRACE: slash.core.cleanup_manager: CleanupManager: pushing scope 'test'
[2021-05-29 06:29:38.244209] TRACE: slash.core.scope_manager: Popping scope test (expected test)
[2021-05-29 06:29:38.244338] TRACE: slash.core.cleanup_manager: CleanupManager: popping scope 'test' (failure: False, interrupt: False)
[2021-05-29 06:29:38.244422] TRACE: slash.core.cleanup_manager: Calling cleanups of scope 'test' (failure=False, interrupt=False)
[2021-05-29 06:29:38.248151] TRACE: slash.core.scope_manager: Popped scope test
[2021-05-29 06:29:38.252013] NOTICE: slash.runner: #7: /tmp/tmp0sns64uw/test_08531.py:Test08539.test_08540
[2021-05-29 06:29:38.252433] DEBUG: slash.runner: Started test #7: <Runnable test </tmp/tmp0sns64uw/test_08531.py:Test08539.test_08540>>
[2021-05-29 06:29:38.258914] TRACE: slash.core.scope_manager: Pushed scope test
[2021-05-29 06:29:38.259027] TRACE: slash.core.cleanup_manager: CleanupManager: pushing scope 'test'
[2021-05-29 06:29:38.269069] TRACE: slash.core.scope_manager: Popping scope test (expected test)
[2021-05-29 06:29:38.269199] TRACE: slash.core.cleanup_manager: CleanupManager: popping scope 'test' (failure: False, interrupt: False)
[2021-05-29 06:29:38.269279] TRACE: slash.core.cleanup_manager: Calling cleanups of scope 'test' (failure=False, interrupt=False)
[2021-05-29 06:29:38.272917] TRACE: slash.core.scope_manager: Popped scope test
[2021-05-29 06:29:38.276835] NOTICE: slash.runner: #8: /tmp/tmp0sns64uw/test_08531.py:test_08541
[2021-05-29 06:29:38.277249] DEBUG: slash.runner: Started test #8: <Runnable test </tmp/tmp0sns64uw/test_08531.py:test_08541>>
[2021-05-29 06:29:38.285769] TRACE: slash.core.scope_manager: Pushed scope test
[2021-05-29 06:29:38.285986] TRACE: slash.core.cleanup_manager: CleanupManager: pushing scope 'test'
[2021-05-29 06:29:38.289341] TRACE: slash.core.scope_manager: Popping scope test (expected test)
[2021-05-29 06:29:38.289460] TRACE: slash.core.cleanup_manager: CleanupManager: popping scope 'test' (failure: False, interrupt: False)
[2021-05-29 06:29:38.289537] TRACE: slash.core.cleanup_manager: Calling cleanups of scope 'test' (failure=False, interrupt=False)
[2021-05-29 06:29:38.293192] TRACE: slash.core.scope_manager: Popped scope test
[2021-05-29 06:29:38.296928] NOTICE: slash.runner: #9: /tmp/tmp0sns64uw/test_08531.py:Test08539.test_08542
[2021-05-29 06:29:38.297324] DEBUG: slash.runner: Started test #9: <Runnable test </tmp/tmp0sns64uw/test_08531.py:Test08539.test_08542>>
[2021-05-29 06:29:38.303784] TRACE: slash.core.scope_manager: Pushed scope test
[2021-05-29 06:29:38.303905] TRACE: slash.core.cleanup_manager: CleanupManager: pushing scope 'test'
[2021-05-29 06:29:38.314186] TRACE: slash.core.scope_manager: Popping scope test (expected test)
[2021-05-29 06:29:38.314322] TRACE: slash.core.cleanup_manager: CleanupManager: popping scope 'test' (failure: False, interrupt: False)
[2021-05-29 06:29:38.314410] TRACE: slash.core.cleanup_manager: Calling cleanups of scope 'test' (failure=False, interrupt=False)
[2021-05-29 06:29:38.317973] TRACE: slash.core.scope_manager: Popped scope test
[2021-05-29 06:29:38.321873] NOTICE: slash.runner: #10: /tmp/tmp0sns64uw/test_08531.py:test_08543
[2021-05-29 06:29:38.322277] DEBUG: slash.runner: Started test #10: <Runnable test </tmp/tmp0sns64uw/test_08531.py:test_08543>>
[2021-05-29 06:29:38.328901] TRACE: slash.core.scope_manager: Pushed scope test
[2021-05-29 06:29:38.329014] TRACE: slash.core.cleanup_manager: CleanupManager: pushing scope 'test'
[2021-05-29 06:29:38.332278] TRACE: slash.core.scope_manager: Popping scope test (expected test)
[2021-05-29 06:29:38.332403] TRACE: slash.core.cleanup_manager: CleanupManager: popping scope 'test' (failure: False, interrupt: False)
[2021-05-29 06:29:38.332486] TRACE: slash.core.cleanup_manager: Calling cleanups of scope 'test' (failure=False, interrupt=False)
[2021-05-29 06:29:38.336111] TRACE: slash.core.scope_manager: Popped scope test
[2021-05-29 06:29:38.339846] NOTICE: slash.runner: #11: /tmp/tmp0sns64uw/test_08531.py:Test08532.test_08533
[2021-05-29 06:29:38.340265] DEBUG: slash.runner: Started test #11: <Runnable test </tmp/tmp0sns64uw/test_08531.py:Test08532.test_08533>>
[2021-05-29 06:29:38.346737] TRACE: slash.core.scope_manager: Pushed scope test
[2021-05-29 06:29:38.346854] TRACE: slash.core.cleanup_manager: CleanupManager: pushing scope 'test'
[2021-05-29 06:29:38.358671] TRACE: slash.core.scope_manager: Popping scope test (expected test)
[2021-05-29 06:29:38.358872] TRACE: slash.core.cleanup_manager: CleanupManager: popping scope 'test' (failure: False, interrupt: False)
[2021-05-29 06:29:38.358953] TRACE: slash.core.cleanup_manager: Calling cleanups of scope 'test' (failure=False, interrupt=False)
[2021-05-29 06:29:38.362484] TRACE: slash.core.scope_manager: Popped scope test
[2021-05-29 06:29:38.366044] NOTICE: slash.runner: #12: /tmp/tmp0sns64uw/test_08531.py:test_08534
[2021-05-29 06:29:38.366435] DEBUG: slash.runner: Started test #12: <Runnable test </tmp/tmp0sns64uw/test_08531.py:test_08534>>
[2021-05-29 06:29:38.373203] TRACE: slash.core.scope_manager: Pushed scope test
[2021-05-29 06:29:38.373327] TRACE: slash.core.cleanup_manager: CleanupManager: pushing scope 'test'
[2021-05-29 06:29:38.376604] TRACE: slash.core.scope_manager: Popping scope test (expected test)
[2021-05-29 06:29:38.376727] TRACE: slash.core.cleanup_manager: CleanupManager: popping scope 'test' (failure: False, interrupt: False)
[2021-05-29 06:29:38.376809] TRACE: slash.core.cleanup_manager: Calling cleanups of scope 'test' (failure=False, interrupt=False)
[2021-05-29 06:29:38.380377] TRACE: slash.core.scope_manager: Popped scope test
[2021-05-29 06:29:38.383974] NOTICE: slash.runner: #13: /tmp/tmp0sns64uw/test_08531.py:Test08532.test_08535
[2021-05-29 06:29:38.384367] DEBUG: slash.runner: Started test #13: <Runnable test </tmp/tmp0sns64uw/test_08531.py:Test08532.test_08535>>
[2021-05-29 06:29:38.390580] TRACE: slash.core.scope_manager: Pushed scope test
[2021-05-29 06:29:38.390689] TRACE: slash.core.cleanup_manager: CleanupManager: pushing scope 'test'
[2021-05-29 06:29:38.400694] TRACE: slash.core.scope_manager: Popping scope test (expected test)
[2021-05-29 06:29:38.400817] TRACE: slash.core.cleanup_manager: CleanupManager: popping scope 'test' (failure: False, interrupt: False)
[2021-05-29 06:29:38.400894] TRACE: slash.core.cleanup_manager: Calling cleanups of scope 'test' (failure=False, interrupt=False)
[2021-05-29 06:29:38.404380] TRACE: slash.core.scope_manager: Popped scope test
[2021-05-29 06:29:38.408118] NOTICE: slash.runner: #14: /tmp/tmp0sns64uw/test_08531.py:test_08536
[2021-05-29 06:29:38.408508] DEBUG: slash.runner: Started test #14: <Runnable test </tmp/tmp0sns64uw/test_08531.py:test_08536>>
[2021-05-29 06:29:38.414901] TRACE: slash.core.scope_manager: Pushed scope test
[2021-05-29 06:29:38.415012] TRACE: slash.core.cleanup_manager: CleanupManager: pushing scope 'test'
[2021-05-29 06:29:38.418244] TRACE: slash.core.scope_manager: Popping scope test (expected test)
[2021-05-29 06:29:38.418359] TRACE: slash.core.cleanup_manager: CleanupManager: popping scope 'test' (failure: False, interrupt: False)
[2021-05-29 06:29:38.418437] TRACE: slash.core.cleanup_manager: Calling cleanups of scope 'test' (failure=False, interrupt=False)
[2021-05-29 06:29:38.422003] TRACE: slash.core.scope_manager: Popped scope test
[2021-05-29 06:29:38.425719] NOTICE: slash.runner: #15: /tmp/tmp0sns64uw/test_08531.py:Test08532.test_08537
[2021-05-29 06:29:38.426102] DEBUG: slash.runner: Started test #15: <Runnable test </tmp/tmp0sns64uw/test_08531.py:Test08532.test_08537>>
[2021-05-29 06:29:38.432371] TRACE: slash.core.scope_manager: Pushed scope test
[2021-05-29 06:29:38.432482] TRACE: slash.core.cleanup_manager: CleanupManager: pushing scope 'test'
[2021-05-29 06:29:38.444435] TRACE: slash.core.scope_manager: Popping scope test (expected test)
[2021-05-29 06:29:38.444608] TRACE: slash.core.cleanup_manager: CleanupManager: popping scope 'test' (failure: False, interrupt: False)
[2021-05-29 06:29:38.444692] TRACE: slash.core.cleanup_manager: Calling cleanups of scope 'test' (failure=False, interrupt=False)
[2021-05-29 06:29:38.448382] TRACE: slash.core.scope_manager: Popped scope test
[2021-05-29 06:29:38.452311] NOTICE: slash.runner: #16: /tmp/tmp0sns64uw/test_08531.py:test_08538
[2021-05-29 06:29:38.452736] DEBUG: slash.runner: Started test #16: <Runnable test </tmp/tmp0sns64uw/test_08531.py:test_08538>>
[2021-05-29 06:29:38.459710] TRACE: slash.core.scope_manager: Pushed scope test
[2021-05-29 06:29:38.459835] TRACE: slash.core.cleanup_manager: CleanupManager: pushing scope 'test'
[2021-05-29 06:29:38.463240] TRACE: slash.core.scope_manager: Popping scope test (expected test)
[2021-05-29 06:29:38.463362] TRACE: slash.core.cleanup_manager: CleanupManager: popping scope 'test' (failure: False, interrupt: False)
[2021-05-29 06:29:38.463443] TRACE: slash.core.cleanup_manager: Calling cleanups of scope 'test' (failure=False, interrupt=False)
[2021-05-29 06:29:38.467258] TRACE: slash.core.scope_manager: Popped scope test
[2021-05-29 06:29:38.471030] NOTICE: slash.runner: #17: /tmp/tmp0sns64uw/test_08531.py:Test08539.test_08540
[2021-05-29 06:29:38.471415] DEBUG: slash.runner: Started test #17: <Runnable test </tmp/tmp0sns64uw/test_08531.py:Test08539.test_08540>>
[2021-05-29 06:29:38.478312] TRACE: slash.core.scope_manager: Pushed scope test
[2021-05-29 06:29:38.478436] TRACE: slash.core.cleanup_manager: CleanupManager: pushing scope 'test'
[2021-05-29 06:29:38.488402] TRACE: slash.core.scope_manager: Popping scope test (expected test)
[2021-05-29 06:29:38.488528] TRACE: slash.core.cleanup_manager: CleanupManager: popping scope 'test' (failure: False, interrupt: False)
[2021-05-29 06:29:38.488605] TRACE: slash.core.cleanup_manager: Calling cleanups of scope 'test' (failure=False, interrupt=False)
[2021-05-29 06:29:38.492017] TRACE: slash.core.scope_manager: Popped scope test
[2021-05-29 06:29:38.495797] NOTICE: slash.runner: #18: /tmp/tmp0sns64uw/test_08531.py:test_08541
[2021-05-29 06:29:38.496187] DEBUG: slash.runner: Started test #18: <Runnable test </tmp/tmp0sns64uw/test_08531.py:test_08541>>
[2021-05-29 06:29:38.502716] TRACE: slash.core.scope_manager: Pushed scope test
[2021-05-29 06:29:38.502829] TRACE: slash.core.cleanup_manager: CleanupManager: pushing scope 'test'
[2021-05-29 06:29:38.506166] TRACE: slash.core.scope_manager: Popping scope test (expected test)
[2021-05-29 06:29:38.506283] TRACE: slash.core.cleanup_manager: CleanupManager: popping scope 'test' (failure: False, interrupt: False)
[2021-05-29 06:29:38.506360] TRACE: slash.core.cleanup_manager: Calling cleanups of scope 'test' (failure=False, interrupt=False)
[2021-05-29 06:29:38.509918] TRACE: slash.core.scope_manager: Popped scope test
[2021-05-29 06:29:38.513588] NOTICE: slash.runner: #19: /tmp/tmp0sns64uw/test_08531.py:Test08539.test_08542
[2021-05-29 06:29:38.513973] DEBUG: slash.runner: Started test #19: <Runnable test </tmp/tmp0sns64uw/test_08531.py:Test08539.test_08542>>
[2021-05-29 06:29:38.520268] TRACE: slash.core.scope_manager: Pushed scope test
[2021-05-29 06:29:38.520381] TRACE: slash.core.cleanup_manager: CleanupManager: pushing scope 'test'
[2021-05-29 06:29:38.531277] TRACE: slash.core.scope_manager: Popping scope test (expected test)
[2021-05-29 06:29:38.531408] TRACE: slash.core.cleanup_manager: CleanupManager: popping scope 'test' (failure: False, interrupt: False)
[2021-05-29 06:29:38.531486] TRACE: slash.core.cleanup_manager: Calling cleanups of scope 'test' (failure=False, interrupt=False)
[2021-05-29 06:29:38.534913] TRACE: slash.core.scope_manager: Popped scope test
[2021-05-29 06:29:38.538762] NOTICE: slash.runner: #20: /tmp/tmp0sns64uw/test_08531.py:test_08543
[2021-05-29 06:29:38.539178] DEBUG: slash.runner: Started test #20: <Runnable test </tmp/tmp0sns64uw/test_08531.py:test_08543>>
[2021-05-29 06:29:38.546466] TRACE: slash.core.scope_manager: Pushed scope test
[2021-05-29 06:29:38.546603] TRACE: slash.core.cleanup_manager: CleanupManager: pushing scope 'test'
[2021-05-29 06:29:38.550331] TRACE: slash.core.scope_manager: Popping scope test (expected test)
[2021-05-29 06:29:38.550468] TRACE: slash.core.cleanup_manager: CleanupManager: popping scope 'test' (failure: False, interrupt: False)
[2021-05-29 06:29:38.550552] TRACE: slash.core.cleanup_manager: Calling cleanups of scope 'test' (failure=False, interrupt=False)
[2021-05-29 06:29:38.554410] TRACE: slash.core.scope_manager: Popped scope test
[2021-05-29 06:29:38.558286] NOTICE: slash.runner: #21: /tmp/tmp0sns64uw/test_08531.py:Test08532.test_08533
[2021-05-29 06:29:38.558690] DEBUG: slash.runner: Started test #21: <Runnable test </tmp/tmp0sns64uw/test_08531.py:Test08532.test_08533>>
[2021-05-29 06:29:38.565283] TRACE: slash.core.scope_manager: Pushed scope test
[2021-05-29 06:29:38.565398] TRACE: slash.core.cleanup_manager: CleanupManager: pushing scope 'test'
[2021-05-29 06:29:38.575334] TRACE: slash.core.scope_manager: Popping scope test (expected test)
[2021-05-29 06:29:38.575462] TRACE: slash.core.cleanup_manager: CleanupManager: popping scope 'test' (failure: False, interrupt: False)
[2021-05-29 06:29:38.575541] TRACE: slash.core.cleanup_manager: Calling cleanups of scope 'test' (failure=False, interrupt=False)
[2021-05-29 06:29:38.579175] TRACE: slash.core.scope_manager: Popped scope test
[2021-05-29 06:29:38.583056] NOTICE: slash.runner: #22: /tmp/tmp0sns64uw/test_08531.py:test_08534
[2021-05-29 06:29:38.583462] DEBUG: slash.runner: Started test #22: <Runnable test </tmp/tmp0sns64uw/test_08531.py:test_08534>>
[2021-05-29 06:29:38.590010] TRACE: slash.core.scope_manager: Pushed scope test
[2021-05-29 06:29:38.590124] TRACE: slash.core.cleanup_manager: CleanupManager: pushing scope 'test'
[2021-05-29 06:29:38.593588] TRACE: slash.core.scope_manager: Popping scope test (expected test)
[2021-05-29 06:29:38.593708] TRACE: slash.core.cleanup_manager: CleanupManager: popping scope 'test' (failure: False, interrupt: False)
[2021-05-29 06:29:38.593787] TRACE: slash.core.cleanup_manager: Calling cleanups of scope 'test' (failure=False, interrupt=False)
[2021-05-29 06:29:38.597519] TRACE: slash.core.scope_manager: Popped scope test
[2021-05-29 06:29:38.601356] NOTICE: slash.runner: #23: /tmp/tmp0sns64uw/test_08531.py:Test08532.test_08535
[2021-05-29 06:29:38.601758] DEBUG: slash.runner: Started test #23: <Runnable test </tmp/tmp0sns64uw/test_08531.py:Test08532.test_08535>>
[2021-05-29 06:29:38.610021] TRACE: slash.core.scope_manager: Pushed scope test
[2021-05-29 06:29:38.610217] TRACE: slash.core.cleanup_manager: CleanupManager: pushing scope 'test'
[2021-05-29 06:29:38.620285] TRACE: slash.core.scope_manager: Popping scope test (expected test)
[2021-05-29 06:29:38.620461] TRACE: slash.core.cleanup_manager: CleanupManager: popping scope 'test' (failure: False, interrupt: False)
[2021-05-29 06:29:38.620546] TRACE: slash.core.cleanup_manager: Calling cleanups of scope 'test' (failure=False, interrupt=False)
[2021-05-29 06:29:38.624028] TRACE: slash.core.scope_manager: Popped scope test
[2021-05-29 06:29:38.627825] NOTICE: slash.runner: #24: /tmp/tmp0sns64uw/test_08531.py:test_08536
[2021-05-29 06:29:38.628231] DEBUG: slash.runner: Started test #24: <Runnable test </tmp/tmp0sns64uw/test_08531.py:test_08536>>
[2021-05-29 06:29:38.634555] TRACE: slash.core.scope_manager: Pushed scope test
[2021-05-29 06:29:38.634669] TRACE: slash.core.cleanup_manager: CleanupManager: pushing scope 'test'
[2021-05-29 06:29:38.638093] TRACE: slash.core.scope_manager: Popping scope test (expected test)
[2021-05-29 06:29:38.638219] TRACE: slash.core.cleanup_manager: CleanupManager: popping scope 'test' (failure: False, interrupt: False)
[2021-05-29 06:29:38.638303] TRACE: slash.core.cleanup_manager: Calling cleanups of scope 'test' (failure=False, interrupt=False)
[2021-05-29 06:29:38.642160] TRACE: slash.core.scope_manager: Popped scope test
[2021-05-29 06:29:38.646027] NOTICE: slash.runner: #25: /tmp/tmp0sns64uw/test_08531.py:Test08532.test_08537
[2021-05-29 06:29:38.646456] DEBUG: slash.runner: Started test #25: <Runnable test </tmp/tmp0sns64uw/test_08531.py:Test08532.test_08537>>
[2021-05-29 06:29:38.653165] TRACE: slash.core.scope_manager: Pushed scope test
[2021-05-29 06:29:38.653290] TRACE: slash.core.cleanup_manager: CleanupManager: pushing scope 'test'
[2021-05-29 06:29:38.663474] TRACE: slash.core.scope_manager: Popping scope test (expected test)
[2021-05-29 06:29:38.663631] TRACE: slash.core.cleanup_manager: CleanupManager: popping scope 'test' (failure: False, interrupt: False)
[2021-05-29 06:29:38.663740] TRACE: slash.core.cleanup_manager: Calling cleanups of scope 'test' (failure=False, interrupt=False)
[2021-05-29 06:29:38.667283] TRACE: slash.core.scope_manager: Popped scope test
[2021-05-29 06:29:38.671248] NOTICE: slash.runner: #26: /tmp/tmp0sns64uw/test_08531.py:test_08538
[2021-05-29 06:29:38.671666] DEBUG: slash.runner: Started test #26: <Runnable test </tmp/tmp0sns64uw/test_08531.py:test_08538>>
[2021-05-29 06:29:38.678261] TRACE: slash.core.scope_manager: Pushed scope test
[2021-05-29 06:29:38.678381] TRACE: slash.core.cleanup_manager: CleanupManager: pushing scope 'test'
[2021-05-29 06:29:38.681824] TRACE: slash.core.scope_manager: Popping scope test (expected test)
[2021-05-29 06:29:38.681950] TRACE: slash.core.cleanup_manager: CleanupManager: popping scope 'test' (failure: False, interrupt: False)
[2021-05-29 06:29:38.682029] TRACE: slash.core.cleanup_manager: Calling cleanups of scope 'test' (failure=False, interrupt=False)
[2021-05-29 06:29:38.687628] TRACE: slash.core.scope_manager: Popped scope test
[2021-05-29 06:29:38.691544] NOTICE: slash.runner: #27: /tmp/tmp0sns64uw/test_08531.py:Test08539.test_08540
[2021-05-29 06:29:38.692010] DEBUG: slash.runner: Started test #27: <Runnable test </tmp/tmp0sns64uw/test_08531.py:Test08539.test_08540>>
[2021-05-29 06:29:38.699003] TRACE: slash.core.scope_manager: Pushed scope test
[2021-05-29 06:29:38.699139] TRACE: slash.core.cleanup_manager: CleanupManager: pushing scope 'test'
[2021-05-29 06:29:38.714321] TRACE: slash.core.scope_manager: Popping scope test (expected test)
[2021-05-29 06:29:38.714629] TRACE: slash.core.cleanup_manager: CleanupManager: popping scope 'test' (failure: False, interrupt: False)
[2021-05-29 06:29:38.714725] TRACE: slash.core.cleanup_manager: Calling cleanups of scope 'test' (failure=False, interrupt=False)
[2021-05-29 06:29:38.718564] TRACE: slash.core.scope_manager: Popped scope test
[2021-05-29 06:29:38.723181] NOTICE: slash.runner: #28: /tmp/tmp0sns64uw/test_08531.py:test_08541
[2021-05-29 06:29:38.723709] DEBUG: slash.runner: Started test #28: <Runnable test </tmp/tmp0sns64uw/test_08531.py:test_08541>>
[2021-05-29 06:29:38.730534] TRACE: slash.core.scope_manager: Pushed scope test
[2021-05-29 06:29:38.730656] TRACE: slash.core.cleanup_manager: CleanupManager: pushing scope 'test'
[2021-05-29 06:29:38.734200] TRACE: slash.core.scope_manager: Popping scope test (expected test)
[2021-05-29 06:29:38.734323] TRACE: slash.core.cleanup_manager: CleanupManager: popping scope 'test' (failure: False, interrupt: False)
[2021-05-29 06:29:38.734413] TRACE: slash.core.cleanup_manager: Calling cleanups of scope 'test' (failure=False, interrupt=False)
[2021-05-29 06:29:38.738257] TRACE: slash.core.scope_manager: Popped scope test
[2021-05-29 06:29:38.742253] NOTICE: slash.runner: #29: /tmp/tmp0sns64uw/test_08531.py:Test08539.test_08542
[2021-05-29 06:29:38.742692] DEBUG: slash.runner: Started test #29: <Runnable test </tmp/tmp0sns64uw/test_08531.py:Test08539.test_08542>>
[2021-05-29 06:29:38.749535] TRACE: slash.core.scope_manager: Pushed scope test
[2021-05-29 06:29:38.749665] TRACE: slash.core.cleanup_manager: CleanupManager: pushing scope 'test'
[2021-05-29 06:29:38.760119] TRACE: slash.core.scope_manager: Popping scope test (expected test)
[2021-05-29 06:29:38.760247] TRACE: slash.core.cleanup_manager: CleanupManager: popping scope 'test' (failure: False, interrupt: False)
[2021-05-29 06:29:38.760327] TRACE: slash.core.cleanup_manager: Calling cleanups of scope 'test' (failure=False, interrupt=False)
[2021-05-29 06:29:38.763887] TRACE: slash.core.scope_manager: Popped scope test
[2021-05-29 06:29:38.767613] NOTICE: slash.runner: #30: /tmp/tmp0sns64uw/test_08531.py:test_08543
[2021-05-29 06:29:38.768025] DEBUG: slash.runner: Started test #30: <Runnable test </tmp/tmp0sns64uw/test_08531.py:test_08543>>
[2021-05-29 06:29:38.774796] TRACE: slash.core.scope_manager: Pushed scope test
[2021-05-29 06:29:38.774913] TRACE: slash.core.cleanup_manager: CleanupManager: pushing scope 'test'
[2021-05-29 06:29:38.779906] TRACE: slash.core.scope_manager: Popping scope test (expected test)
[2021-05-29 06:29:38.780067] TRACE: slash.core.cleanup_manager: CleanupManager: popping scope 'test' (failure: False, interrupt: False)
[2021-05-29 06:29:38.780146] TRACE: slash.core.cleanup_manager: Calling cleanups of scope 'test' (failure=False, interrupt=False)
[2021-05-29 06:29:38.783573] TRACE: slash.core.scope_manager: Popped scope test
[2021-05-29 06:29:38.787248] NOTICE: slash.runner: #31: /tmp/tmp0sns64uw/test_08531.py:Test08532.test_08533
[2021-05-29 06:29:38.787639] DEBUG: slash.runner: Started test #31: <Runnable test </tmp/tmp0sns64uw/test_08531.py:Test08532.test_08533>>
[2021-05-29 06:29:38.794316] TRACE: slash.core.scope_manager: Pushed scope test
[2021-05-29 06:29:38.794432] TRACE: slash.core.cleanup_manager: CleanupManager: pushing scope 'test'
[2021-05-29 06:29:38.804346] TRACE: slash.core.scope_manager: Popping scope test (expected test)
[2021-05-29 06:29:38.804487] TRACE: slash.core.cleanup_manager: CleanupManager: popping scope 'test' (failure: False, interrupt: False)
[2021-05-29 06:29:38.804572] TRACE: slash.core.cleanup_manager: Calling cleanups of scope 'test' (failure=False, interrupt=False)
[2021-05-29 06:29:38.808008] TRACE: slash.core.scope_manager: Popped scope test
[2021-05-29 06:29:38.811723] NOTICE: slash.runner: #32: /tmp/tmp0sns64uw/test_08531.py:test_08534
[2021-05-29 06:29:38.812149] DEBUG: slash.runner: Started test #32: <Runnable test </tmp/tmp0sns64uw/test_08531.py:test_08534>>
[2021-05-29 06:29:38.818532] TRACE: slash.core.scope_manager: Pushed scope test
[2021-05-29 06:29:38.818646] TRACE: slash.core.cleanup_manager: CleanupManager: pushing scope 'test'
[2021-05-29 06:29:38.821840] TRACE: slash.core.scope_manager: Popping scope test (expected test)
[2021-05-29 06:29:38.821958] TRACE: slash.core.cleanup_manager: CleanupManager: popping scope 'test' (failure: False, interrupt: False)
[2021-05-29 06:29:38.822035] TRACE: slash.core.cleanup_manager: Calling cleanups of scope 'test' (failure=False, interrupt=False)
[2021-05-29 06:29:38.825597] TRACE: slash.core.scope_manager: Popped scope test
[2021-05-29 06:29:38.829194] NOTICE: slash.runner: #33: /tmp/tmp0sns64uw/test_08531.py:Test08532.test_08535
[2021-05-29 06:29:38.829572] DEBUG: slash.runner: Started test #33: <Runnable test </tmp/tmp0sns64uw/test_08531.py:Test08532.test_08535>>
[2021-05-29 06:29:38.835832] TRACE: slash.core.scope_manager: Pushed scope test
[2021-05-29 06:29:38.835963] TRACE: slash.core.cleanup_manager: CleanupManager: pushing scope 'test'
[2021-05-29 06:29:38.845792] TRACE: slash.core.scope_manager: Popping scope test (expected test)
[2021-05-29 06:29:38.845931] TRACE: slash.core.cleanup_manager: CleanupManager: popping scope 'test' (failure: False, interrupt: False)
[2021-05-29 06:29:38.846010] TRACE: slash.core.cleanup_manager: Calling cleanups of scope 'test' (failure=False, interrupt=False)
[2021-05-29 06:29:38.849511] TRACE: slash.core.scope_manager: Popped scope test
[2021-05-29 06:29:38.853306] NOTICE: slash.runner: #34: /tmp/tmp0sns64uw/test_08531.py:test_08536
[2021-05-29 06:29:38.853708] DEBUG: slash.runner: Started test #34: <Runnable test </tmp/tmp0sns64uw/test_08531.py:test_08536>>
[2021-05-29 06:29:38.861415] TRACE: slash.core.scope_manager: Pushed scope test
[2021-05-29 06:29:38.861555] TRACE: slash.core.cleanup_manager: CleanupManager: pushing scope 'test'
[2021-05-29 06:29:38.864778] TRACE: slash.core.scope_manager: Popping scope test (expected test)
[2021-05-29 06:29:38.864896] TRACE: slash.core.cleanup_manager: CleanupManager: popping scope 'test' (failure: False, interrupt: False)
[2021-05-29 06:29:38.864973] TRACE: slash.core.cleanup_manager: Calling cleanups of scope 'test' (failure=False, interrupt=False)
[2021-05-29 06:29:38.868511] TRACE: slash.core.scope_manager: Popped scope test
[2021-05-29 06:29:38.872131] NOTICE: slash.runner: #35: /tmp/tmp0sns64uw/test_08531.py:Test08532.test_08537
[2021-05-29 06:29:38.872521] DEBUG: slash.runner: Started test #35: <Runnable test </tmp/tmp0sns64uw/test_08531.py:Test08532.test_08537>>
[2021-05-29 06:29:38.878777] TRACE: slash.core.scope_manager: Pushed scope test
[2021-05-29 06:29:38.878889] TRACE: slash.core.cleanup_manager: CleanupManager: pushing scope 'test'
[2021-05-29 06:29:38.888599] TRACE: slash.core.scope_manager: Popping scope test (expected test)
[2021-05-29 06:29:38.888731] TRACE: slash.core.cleanup_manager: CleanupManager: popping scope 'test' (failure: False, interrupt: False)
[2021-05-29 06:29:38.888809] TRACE: slash.core.cleanup_manager: Calling cleanups of scope 'test' (failure=False, interrupt=False)
[2021-05-29 06:29:38.892249] TRACE: slash.core.scope_manager: Popped scope test
[2021-05-29 06:29:38.896028] NOTICE: slash.runner: #36: /tmp/tmp0sns64uw/test_08531.py:test_08538
[2021-05-29 06:29:38.896422] DEBUG: slash.runner: Started test #36: <Runnable test </tmp/tmp0sns64uw/test_08531.py:test_08538>>
[2021-05-29 06:29:38.902702] TRACE: slash.core.scope_manager: Pushed scope test
[2021-05-29 06:29:38.902817] TRACE: slash.core.cleanup_manager: CleanupManager: pushing scope 'test'
[2021-05-29 06:29:38.906090] TRACE: slash.core.scope_manager: Popping scope test (expected test)
[2021-05-29 06:29:38.906208] TRACE: slash.core.cleanup_manager: CleanupManager: popping scope 'test' (failure: False, interrupt: False)
[2021-05-29 06:29:38.906287] TRACE: slash.core.cleanup_manager: Calling cleanups of scope 'test' (failure=False, interrupt=False)
[2021-05-29 06:29:38.909895] TRACE: slash.core.scope_manager: Popped scope test
[2021-05-29 06:29:38.913687] NOTICE: slash.runner: #37: /tmp/tmp0sns64uw/test_08531.py:Test08539.test_08540
[2021-05-29 06:29:38.914077] DEBUG: slash.runner: Started test #37: <Runnable test </tmp/tmp0sns64uw/test_08531.py:Test08539.test_08540>>
[2021-05-29 06:29:38.920704] TRACE: slash.core.scope_manager: Pushed scope test
[2021-05-29 06:29:38.920829] TRACE: slash.core.cleanup_manager: CleanupManager: pushing scope 'test'
[2021-05-29 06:29:38.933065] TRACE: slash.core.scope_manager: Popping scope test (expected test)
[2021-05-29 06:29:38.933234] TRACE: slash.core.cleanup_manager: CleanupManager: popping scope 'test' (failure: False, interrupt: False)
[2021-05-29 06:29:38.933315] TRACE: slash.core.cleanup_manager: Calling cleanups of scope 'test' (failure=False, interrupt=False)
[2021-05-29 06:29:38.936868] TRACE: slash.core.scope_manager: Popped scope test
[2021-05-29 06:29:38.940796] NOTICE: slash.runner: #38: /tmp/tmp0sns64uw/test_08531.py:test_08541
[2021-05-29 06:29:38.941225] DEBUG: slash.runner: Started test #38: <Runnable test </tmp/tmp0sns64uw/test_08531.py:test_08541>>
[2021-05-29 06:29:38.948383] TRACE: slash.core.scope_manager: Pushed scope test
[2021-05-29 06:29:38.948517] TRACE: slash.core.cleanup_manager: CleanupManager: pushing scope 'test'
[2021-05-29 06:29:38.952033] TRACE: slash.core.scope_manager: Popping scope test (expected test)
[2021-05-29 06:29:38.952165] TRACE: slash.core.cleanup_manager: CleanupManager: popping scope 'test' (failure: False, interrupt: False)
[2021-05-29 06:29:38.952248] TRACE: slash.core.cleanup_manager: Calling cleanups of scope 'test' (failure=False, interrupt=False)
[2021-05-29 06:29:38.956132] TRACE: slash.core.scope_manager: Popped scope test
[2021-05-29 06:29:38.960007] NOTICE: slash.runner: #39: /tmp/tmp0sns64uw/test_08531.py:Test08539.test_08542
[2021-05-29 06:29:38.960433] DEBUG: slash.runner: Started test #39: <Runnable test </tmp/tmp0sns64uw/test_08531.py:Test08539.test_08542>>
[2021-05-29 06:29:38.967361] TRACE: slash.core.scope_manager: Pushed scope test
[2021-05-29 06:29:38.967522] TRACE: slash.core.cleanup_manager: CleanupManager: pushing scope 'test'
[2021-05-29 06:29:38.983872] TRACE: slash.core.scope_manager: Popping scope test (expected test)
[2021-05-29 06:29:38.984065] TRACE: slash.core.cleanup_manager: CleanupManager: popping scope 'test' (failure: False, interrupt: False)
[2021-05-29 06:29:38.984189] TRACE: slash.core.cleanup_manager: Calling cleanups of scope 'test' (failure=False, interrupt=False)
[2021-05-29 06:29:38.989942] TRACE: slash.core.scope_manager: Popped scope test
[2021-05-29 06:29:38.995402] NOTICE: slash.runner: #40: /tmp/tmp0sns64uw/test_08531.py:test_08543
[2021-05-29 06:29:38.995833] DEBUG: slash.runner: Started test #40: <Runnable test </tmp/tmp0sns64uw/test_08531.py:test_08543>>
[2021-05-29 06:29:39.002278] TRACE: slash.core.scope_manager: Pushed scope test
[2021-05-29 06:29:39.002395] TRACE: slash.core.cleanup_manager: CleanupManager: pushing scope 'test'
[2021-05-29 06:29:39.005669] TRACE: slash.core.scope_manager: Popping scope test (expected test)
[2021-05-29 06:29:39.005796] TRACE: slash.core.cleanup_manager: CleanupManager: popping scope 'test' (failure: False, interrupt: False)
[2021-05-29 06:29:39.005875] TRACE: slash.core.cleanup_manager: Calling cleanups of scope 'test' (failure=False, interrupt=False)
[2021-05-29 06:29:39.009470] TRACE: slash.core.scope_manager: Popped scope test
[2021-05-29 06:29:39.013161] NOTICE: slash.runner: #41: /tmp/tmp0sns64uw/test_08531.py:Test08532.test_08533
[2021-05-29 06:29:39.013562] DEBUG: slash.runner: Started test #41: <Runnable test </tmp/tmp0sns64uw/test_08531.py:Test08532.test_08533>>
[2021-05-29 06:29:39.019925] TRACE: slash.core.scope_manager: Pushed scope test
[2021-05-29 06:29:39.020041] TRACE: slash.core.cleanup_manager: CleanupManager: pushing scope 'test'
[2021-05-29 06:29:39.031443] TRACE: slash.core.scope_manager: Popping scope test (expected test)
[2021-05-29 06:29:39.031630] TRACE: slash.core.cleanup_manager: CleanupManager: popping scope 'test' (failure: False, interrupt: False)
[2021-05-29 06:29:39.031730] TRACE: slash.core.cleanup_manager: Calling cleanups of scope 'test' (failure=False, interrupt=False)
[2021-05-29 06:29:39.035327] TRACE: slash.core.scope_manager: Popped scope test
[2021-05-29 06:29:39.039077] NOTICE: slash.runner: #42: /tmp/tmp0sns64uw/test_08531.py:test_08534
[2021-05-29 06:29:39.039475] DEBUG: slash.runner: Started test #42: <Runnable test </tmp/tmp0sns64uw/test_08531.py:test_08534>>
[2021-05-29 06:29:39.046267] TRACE: slash.core.scope_manager: Pushed scope test
[2021-05-29 06:29:39.046387] TRACE: slash.core.cleanup_manager: CleanupManager: pushing scope 'test'
[2021-05-29 06:29:39.049719] TRACE: slash.core.scope_manager: Popping scope test (expected test)
[2021-05-29 06:29:39.049838] TRACE: slash.core.cleanup_manager: CleanupManager: popping scope 'test' (failure: False, interrupt: False)
[2021-05-29 06:29:39.049917] TRACE: slash.core.cleanup_manager: Calling cleanups of scope 'test' (failure=False, interrupt=False)
[2021-05-29 06:29:39.053603] TRACE: slash.core.scope_manager: Popped scope test
[2021-05-29 06:29:39.057357] NOTICE: slash.runner: #43: /tmp/tmp0sns64uw/test_08531.py:Test08532.test_08535
[2021-05-29 06:29:39.057766] DEBUG: slash.runner: Started test #43: <Runnable test </tmp/tmp0sns64uw/test_08531.py:Test08532.test_08535>>
[2021-05-29 06:29:39.064155] TRACE: slash.core.scope_manager: Pushed scope test
[2021-05-29 06:29:39.064268] TRACE: slash.core.cleanup_manager: CleanupManager: pushing scope 'test'
[2021-05-29 06:29:39.073879] TRACE: slash.core.scope_manager: Popping scope test (expected test)
[2021-05-29 06:29:39.074001] TRACE: slash.core.cleanup_manager: CleanupManager: popping scope 'test' (failure: False, interrupt: False)
[2021-05-29 06:29:39.074081] TRACE: slash.core.cleanup_manager: Calling cleanups of scope 'test' (failure=False, interrupt=False)
[2021-05-29 06:29:39.077537] TRACE: slash.core.scope_manager: Popped scope test
[2021-05-29 06:29:39.081215] NOTICE: slash.runner: #44: /tmp/tmp0sns64uw/test_08531.py:test_08536
[2021-05-29 06:29:39.081618] DEBUG: slash.runner: Started test #44: <Runnable test </tmp/tmp0sns64uw/test_08531.py:test_08536>>
[2021-05-29 06:29:39.087932] TRACE: slash.core.scope_manager: Pushed scope test
[2021-05-29 06:29:39.088049] TRACE: slash.core.cleanup_manager: CleanupManager: pushing scope 'test'
[2021-05-29 06:29:39.091275] TRACE: slash.core.scope_manager: Popping scope test (expected test)
[2021-05-29 06:29:39.091393] TRACE: slash.core.cleanup_manager: CleanupManager: popping scope 'test' (failure: False, interrupt: False)
[2021-05-29 06:29:39.091468] TRACE: slash.core.cleanup_manager: Calling cleanups of scope 'test' (failure=False, interrupt=False)
[2021-05-29 06:29:39.095091] TRACE: slash.core.scope_manager: Popped scope test
[2021-05-29 06:29:39.098630] NOTICE: slash.runner: #45: /tmp/tmp0sns64uw/test_08531.py:Test08532.test_08537
[2021-05-29 06:29:39.098985] DEBUG: slash.runner: Started test #45: <Runnable test </tmp/tmp0sns64uw/test_08531.py:Test08532.test_08537>>
[2021-05-29 06:29:39.105186] TRACE: slash.core.scope_manager: Pushed scope test
[2021-05-29 06:29:39.105294] TRACE: slash.core.cleanup_manager: CleanupManager: pushing scope 'test'
[2021-05-29 06:29:39.115906] TRACE: slash.core.scope_manager: Popping scope test (expected test)
[2021-05-29 06:29:39.116027] TRACE: slash.core.cleanup_manager: CleanupManager: popping scope 'test' (failure: False, interrupt: False)
[2021-05-29 06:29:39.116105] TRACE: slash.core.cleanup_manager: Calling cleanups of scope 'test' (failure=False, interrupt=False)
[2021-05-29 06:29:39.119487] TRACE: slash.core.scope_manager: Popped scope test
[2021-05-29 06:29:39.122938] NOTICE: slash.runner: #46: /tmp/tmp0sns64uw/test_08531.py:test_08538
[2021-05-29 06:29:39.123286] DEBUG: slash.runner: Started test #46: <Runnable test </tmp/tmp0sns64uw/test_08531.py:test_08538>>
[2021-05-29 06:29:39.129557] TRACE: slash.core.scope_manager: Pushed scope test
[2021-05-29 06:29:39.129667] TRACE: slash.core.cleanup_manager: CleanupManager: pushing scope 'test'
[2021-05-29 06:29:39.132811] TRACE: slash.core.scope_manager: Popping scope test (expected test)
[2021-05-29 06:29:39.132932] TRACE: slash.core.cleanup_manager: CleanupManager: popping scope 'test' (failure: False, interrupt: False)
[2021-05-29 06:29:39.133004] TRACE: slash.core.cleanup_manager: Calling cleanups of scope 'test' (failure=False, interrupt=False)
[2021-05-29 06:29:39.136510] TRACE: slash.core.scope_manager: Popped scope test
[2021-05-29 06:29:39.139993] NOTICE: slash.runner: #47: /tmp/tmp0sns64uw/test_08531.py:Test08539.test_08540
[2021-05-29 06:29:39.140346] DEBUG: slash.runner: Started test #47: <Runnable test </tmp/tmp0sns64uw/test_08531.py:Test08539.test_08540>>
[2021-05-29 06:29:39.146697] TRACE: slash.core.scope_manager: Pushed scope test
[2021-05-29 06:29:39.146810] TRACE: slash.core.cleanup_manager: CleanupManager: pushing scope 'test'
[2021-05-29 06:29:39.156553] TRACE: slash.core.scope_manager: Popping scope test (expected test)
[2021-05-29 06:29:39.156682] TRACE: slash.core.cleanup_manager: CleanupManager: popping scope 'test' (failure: False, interrupt: False)
[2021-05-29 06:29:39.156775] TRACE: slash.core.cleanup_manager: Calling cleanups of scope 'test' (failure=False, interrupt=False)
[2021-05-29 06:29:39.160177] TRACE: slash.core.scope_manager: Popped scope test
[2021-05-29 06:29:39.163786] NOTICE: slash.runner: #48: /tmp/tmp0sns64uw/test_08531.py:test_08541
[2021-05-29 06:29:39.164138] DEBUG: slash.runner: Started test #48: <Runnable test </tmp/tmp0sns64uw/test_08531.py:test_08541>>
[2021-05-29 06:29:39.170429] TRACE: slash.core.scope_manager: Pushed scope test
[2021-05-29 06:29:39.170560] TRACE: slash.core.cleanup_manager: CleanupManager: pushing scope 'test'
[2021-05-29 06:29:39.173770] TRACE: slash.core.scope_manager: Popping scope test (expected test)
[2021-05-29 06:29:39.173885] TRACE: slash.core.cleanup_manager: CleanupManager: popping scope 'test' (failure: False, interrupt: False)
[2021-05-29 06:29:39.173961] TRACE: slash.core.cleanup_manager: Calling cleanups of scope 'test' (failure=False, interrupt=False)
[2021-05-29 06:29:39.177487] TRACE: slash.core.scope_manager: Popped scope test
[2021-05-29 06:29:39.181090] NOTICE: slash.runner: #49: /tmp/tmp0sns64uw/test_08531.py:Test08539.test_08542
[2021-05-29 06:29:39.181446] DEBUG: slash.runner: Started test #49: <Runnable test </tmp/tmp0sns64uw/test_08531.py:Test08539.test_08542>>
[2021-05-29 06:29:39.187899] TRACE: slash.core.scope_manager: Pushed scope test
[2021-05-29 06:29:39.188018] TRACE: slash.core.cleanup_manager: CleanupManager: pushing scope 'test'
[2021-05-29 06:29:39.199743] TRACE: slash.core.scope_manager: Popping scope test (expected test)
[2021-05-29 06:29:39.199900] TRACE: slash.core.cleanup_manager: CleanupManager: popping scope 'test' (failure: False, interrupt: False)
[2021-05-29 06:29:39.199984] TRACE: slash.core.cleanup_manager: Calling cleanups of scope 'test' (failure=False, interrupt=False)
[2021-05-29 06:29:39.203669] TRACE: slash.core.scope_manager: Popped scope test
[2021-05-29 06:29:39.207455] NOTICE: slash.runner: #50: /tmp/tmp0sns64uw/test_08531.py:test_08543
[2021-05-29 06:29:39.207902] DEBUG: slash.runner: Started test #50: <Runnable test </tmp/tmp0sns64uw/test_08531.py:test_08543>>
[2021-05-29 06:29:39.214768] TRACE: slash.core.scope_manager: Pushed scope test
[2021-05-29 06:29:39.214886] TRACE: slash.core.cleanup_manager: CleanupManager: pushing scope 'test'
[2021-05-29 06:29:39.218479] TRACE: slash.core.scope_manager: Popping scope test (expected test)
[2021-05-29 06:29:39.218639] TRACE: slash.core.cleanup_manager: CleanupManager: popping scope 'test' (failure: False, interrupt: False)
[2021-05-29 06:29:39.218723] TRACE: slash.core.cleanup_manager: Calling cleanups of scope 'test' (failure=False, interrupt=False)
[2021-05-29 06:29:39.222693] TRACE: slash.core.scope_manager: Popped scope test
[2021-05-29 06:29:39.229603] TRACE: slash.core.scope_manager: Popping scope module (expected module)
[2021-05-29 06:29:39.229727] TRACE: slash.core.cleanup_manager: CleanupManager: popping scope 'module' (failure: False, interrupt: False)
[2021-05-29 06:29:39.229807] TRACE: slash.core.cleanup_manager: Calling cleanups of scope 'module' (failure=False, interrupt=False)
[2021-05-29 06:29:39.229893] TRACE: slash.core.scope_manager: Popped scope module
[2021-05-29 06:29:39.229960] TRACE: slash.core.scope_manager: Popping scope session (expected session)
[2021-05-29 06:29:39.230033] TRACE: slash.core.cleanup_manager: CleanupManager: popping scope 'session' (failure: False, interrupt: False)
[2021-05-29 06:29:39.230098] TRACE: slash.core.cleanup_manager: Calling cleanups of scope 'session' (failure=False, interrupt=False)
[2021-05-29 06:29:39.230174] TRACE: slash.core.scope_manager: Popped scope session
[2021-05-29 06:29:39.230933] TRACE: slash.runner: Session finished. is_success=True has_skips=False
[2021-05-29 06:29:39.234181] TRACE: slash.core.cleanup_manager: CleanupManager: popping scope 'session-global' (failure: False, interrupt: False)
[2021-05-29 06:29:39.234290] TRACE: slash.core.cleanup_manager: Calling cleanups of scope 'session-global' (failure=False, interrupt=False)
[2021-05-29 06:29:39.244223] DEBUG: slash.resuming: Saved resume state to DB

----------- coverage: platform linux, python 3.5.6-final-0 -----------
Coverage HTML written to dir htmlcov

=========================== short test summary info ============================
FAILED tests/test_repeat.py::test_repeat_all_global - assert [0, 1, 2, 3, 4, ...
===== 1 failed, 1512 passed, 1 skipped, 165 warnings in 779.30s (0:12:59) ======
/home/travis/build/failed/getslash/slash/.env/lib/python3.5/site-packages/_pytest/config/__init__.py:431: PytestConfigWarning: pytest-catchlog plugin has been merged into the core, please remove it from your requirements.
  name.replace("_", "-")
make: *** [test] Error 1

travis_time:end:11536d82:start=1622269203389959414,finish=1622269986486147950,duration=783096188536[0K
[31;1mThe command "make test" exited with 2.[0m
travis_time:start:143c5fa4[0K$ if [[ $TRAVIS_PYTHON_VERSION == '3.6' ]]; then make pylint; fi

travis_time:end:143c5fa4:start=1622269986496013061,finish=1622269986505877184,duration=9864123[0K
[32;1mThe command "if [[ $TRAVIS_PYTHON_VERSION == '3.6' ]]; then make pylint; fi" exited with 0.[0m
travis_fold:start:after_failure[0Ktravis_time:start:0e7b0fb8[0K$ .env/bin/pip freeze
DEPRECATION: Python 3.5 reached the end of its life on September 13th, 2020. Please upgrade your Python as Python 3.5 is no longer maintained. pip 21.0 will drop support for Python 3.5 in January 2021. pip 21.0 will remove support for this functionality.
alabaster==0.7.12
arrow==0.17.0
astroid==2.4.2
atomicwrites==1.4.0
attrs==21.2.0
Babel==2.9.1
backcall==0.2.0
certifi==2020.12.5
chardet==4.0.0
click==7.1.2
colorama==0.4.4
confetti==2.5.3
coverage==5.5
coveralls==3.1.0
decorator==5.0.9
dessert==1.4.1
docopt==0.6.2
docutils==0.16
emport==1.3.1
gossip==2.4.0
idna==2.10
imagesize==1.2.0
importlib-metadata==2.1.1
iniconfig==1.1.1
ipython==7.9.0
ipython-genutils==0.2.0
isort==4.3.21
jedi==0.17.2
Jinja2==2.11.3
kaptan==0.5.12
lazy-object-proxy==1.4.3
libtmux==0.8.5
Logbook==1.5.3
MarkupSafe==1.1.1
mccabe==0.6.1
munch==2.5.0
orderedset==2.0.3
packaging==20.9
parso==0.7.1
pathlib2==2.3.5
pexpect==4.8.0
pickleshare==0.7.5
pluggy==0.13.1
prompt-toolkit==2.0.10
ptyprocess==0.7.0
py==1.10.0
pyforge==1.3.0
Pygments==2.9.0
pylint==2.6.2
pyparsing==2.4.7
pytest==6.1.2
pytest-catchlog==1.2.2
pytest-cov==2.12.0
pytest-timeout==1.4.2
python-dateutil==2.8.1
pytz==2021.1
PyYAML==5.3.1
raven==6.10.0
releases==1.6.3
requests==2.25.1
semantic-version==2.6.0
sentinels==1.0.0
six==1.16.0
-e git+https://github.com/getslash/slash.git@62f0d7e80e37be06f33c1a9f12cceaaa204880c7#egg=slash
snowballstemmer==2.1.0
Sphinx==3.5.4
sphinxcontrib-applehelp==1.0.2
sphinxcontrib-devhelp==1.0.2
sphinxcontrib-htmlhelp==1.0.3
sphinxcontrib-jsmath==1.0.1
sphinxcontrib-qthelp==1.0.3
sphinxcontrib-serializinghtml==1.1.5
SQLAlchemy==1.3.24
tmuxp==1.7.2
toml==0.10.2
traitlets==4.3.3
typed-ast==1.4.3
urllib3==1.26.5
vintage==0.4.1
wcwidth==0.2.5
wrapt==1.12.1
zipp==1.2.0

travis_time:end:0e7b0fb8:start=1622269986519622887,finish=1622269987115619633,duration=595996746[0Ktravis_fold:end:after_failure[0K
Done. Your build exited with 1.
