travis_fold:start:system_info[0K[33;1mBuild system information[0m
Build language: python
Build group: stable
Build dist: trusty
Build id: ''
Job id: ''
[34m[1mBuild image provisioning date and time[0m
Tue Dec  5 20:11:19 UTC 2017
[34m[1mOperating System Details[0m
Distributor ID:	Ubuntu
Description:	Ubuntu 14.04.5 LTS
Release:	14.04
Codename:	trusty
[34m[1mCookbooks Version[0m
7c2c6a6 https://github.com/travis-ci/travis-cookbooks/tree/7c2c6a6
[34m[1mgit version[0m
git version 2.15.1
[34m[1mbash version[0m
GNU bash, version 4.3.11(1)-release (x86_64-pc-linux-gnu)
[34m[1mgcc version[0m
gcc (Ubuntu 4.8.4-2ubuntu1~14.04.3) 4.8.4
Copyright (C) 2013 Free Software Foundation, Inc.
This is free software; see the source for copying conditions.  There is NO
warranty; not even for MERCHANTABILITY or FITNESS FOR A PARTICULAR PURPOSE.

[34m[1mdocker version[0m
Client:
 Version:      17.09.0-ce
 API version:  1.32
 Go version:   go1.8.3
 Git commit:   afdb6d4
 Built:        Tue Sep 26 22:39:28 2017
 OS/Arch:      linux/amd64
[34m[1mclang version[0m
clang version 5.0.0 (tags/RELEASE_500/final)
Target: x86_64-unknown-linux-gnu
Thread model: posix
InstalledDir: /usr/local/clang-5.0.0/bin
[34m[1mjq version[0m
jq-1.5
[34m[1mbats version[0m
Bats 0.4.0
[34m[1mshellcheck version[0m
0.4.6
[34m[1mshfmt version[0m
v2.0.0
[34m[1mccache version[0m
ccache version 3.1.9

Copyright (C) 2002-2007 Andrew Tridgell
Copyright (C) 2009-2011 Joel Rosdahl

This program is free software; you can redistribute it and/or modify it under
the terms of the GNU General Public License as published by the Free Software
Foundation; either version 3 of the License, or (at your option) any later
version.
[34m[1mcmake version[0m
cmake version 3.9.2

CMake suite maintained and supported by Kitware (kitware.com/cmake).
[34m[1mheroku version[0m
heroku-cli/6.14.39-addc925 (linux-x64) node-v9.2.0
[34m[1mimagemagick version[0m
Version: ImageMagick 6.7.7-10 2017-07-31 Q16 http://www.imagemagick.org
[34m[1mmd5deep version[0m
4.2
[34m[1mmercurial version[0m
Mercurial Distributed SCM (version 4.2.2)
(see https://mercurial-scm.org for more information)

Copyright (C) 2005-2017 Matt Mackall and others
This is free software; see the source for copying conditions. There is NO
warranty; not even for MERCHANTABILITY or FITNESS FOR A PARTICULAR PURPOSE.
[34m[1mmysql version[0m
mysql  Ver 14.14 Distrib 5.6.33, for debian-linux-gnu (x86_64) using  EditLine wrapper
[34m[1mopenssl version[0m
OpenSSL 1.0.1f 6 Jan 2014
[34m[1mpacker version[0m
Packer v1.0.2

Your version of Packer is out of date! The latest version
is 1.1.2. You can update by downloading from www.packer.io
[34m[1mpostgresql client version[0m
psql (PostgreSQL) 9.6.6
[34m[1mragel version[0m
Ragel State Machine Compiler version 6.8 Feb 2013
Copyright (c) 2001-2009 by Adrian Thurston
[34m[1msubversion version[0m
svn, version 1.8.8 (r1568071)
   compiled Aug 10 2017, 17:20:39 on x86_64-pc-linux-gnu

Copyright (C) 2013 The Apache Software Foundation.
This software consists of contributions made by many people;
see the NOTICE file for more information.
Subversion is open source software, see http://subversion.apache.org/

The following repository access (RA) modules are available:

* ra_svn : Module for accessing a repository using the svn network protocol.
  - with Cyrus SASL authentication
  - handles 'svn' scheme
* ra_local : Module for accessing a repository on local disk.
  - handles 'file' scheme
* ra_serf : Module for accessing a repository via WebDAV protocol using serf.
  - using serf 1.3.3
  - handles 'http' scheme
  - handles 'https' scheme

[34m[1msudo version[0m
Sudo version 1.8.9p5
Configure options: --prefix=/usr -v --with-all-insults --with-pam --with-fqdn --with-logging=syslog --with-logfac=authpriv --with-env-editor --with-editor=/usr/bin/editor --with-timeout=15 --with-password-timeout=0 --with-passprompt=[sudo] password for %p:  --without-lecture --with-tty-tickets --disable-root-mailer --enable-admin-flag --with-sendmail=/usr/sbin/sendmail --with-timedir=/var/lib/sudo --mandir=/usr/share/man --libexecdir=/usr/lib/sudo --with-sssd --with-sssd-lib=/usr/lib/x86_64-linux-gnu --with-selinux
Sudoers policy plugin version 1.8.9p5
Sudoers file grammar version 43

Sudoers path: /etc/sudoers
Authentication methods: 'pam'
Syslog facility if syslog is being used for logging: authpriv
Syslog priority to use when user authenticates successfully: notice
Syslog priority to use when user authenticates unsuccessfully: alert
Send mail if the user is not in sudoers
Use a separate timestamp for each user/tty combo
Lecture user the first time they run sudo
Root may run sudo
Allow some information gathering to give useful error messages
Require fully-qualified hostnames in the sudoers file
Visudo will honor the EDITOR environment variable
Set the LOGNAME and USER environment variables
Length at which to wrap log file lines (0 for no wrap): 80
Authentication timestamp timeout: 15.0 minutes
Password prompt timeout: 0.0 minutes
Number of tries to enter a password: 3
Umask to use or 0777 to use user's: 022
Path to mail program: /usr/sbin/sendmail
Flags for mail program: -t
Address to send mail to: root
Subject line for mail messages: *** SECURITY information for %h ***
Incorrect password message: Sorry, try again.
Path to authentication timestamp dir: /var/lib/sudo
Default password prompt: [sudo] password for %p: 
Default user to run commands as: root
Value to override user's $PATH with: /usr/local/sbin:/usr/local/bin:/usr/sbin:/usr/bin:/sbin:/bin:/snap/bin
Path to the editor for use by visudo: /usr/bin/editor
When to require a password for 'list' pseudocommand: any
When to require a password for 'verify' pseudocommand: all
File descriptors >= 3 will be closed before executing a command
Environment variables to check for sanity:
	TZ
	TERM
	LINGUAS
	LC_*
	LANGUAGE
	LANG
	COLORTERM
Environment variables to remove:
	RUBYOPT
	RUBYLIB
	PYTHONUSERBASE
	PYTHONINSPECT
	PYTHONPATH
	PYTHONHOME
	TMPPREFIX
	ZDOTDIR
	READNULLCMD
	NULLCMD
	FPATH
	PERL5DB
	PERL5OPT
	PERL5LIB
	PERLLIB
	PERLIO_DEBUG 
	JAVA_TOOL_OPTIONS
	SHELLOPTS
	GLOBIGNORE
	PS4
	BASH_ENV
	ENV
	TERMCAP
	TERMPATH
	TERMINFO_DIRS
	TERMINFO
	_RLD*
	LD_*
	PATH_LOCALE
	NLSPATH
	HOSTALIASES
	RES_OPTIONS
	LOCALDOMAIN
	CDPATH
	IFS
Environment variables to preserve:
	JAVA_HOME
	TRAVIS
	CI
	DEBIAN_FRONTEND
	XAUTHORIZATION
	XAUTHORITY
	PS2
	PS1
	PATH
	LS_COLORS
	KRB5CCNAME
	HOSTNAME
	HOME
	DISPLAY
	COLORS
Locale to use while parsing sudoers: C
Directory in which to store input/output logs: /var/log/sudo-io
File in which to store the input/output log: %{seq}
Add an entry to the utmp/utmpx file when allocating a pty
PAM service name to use
PAM service name to use for login shells
Create a new PAM session for the command to run in
Maximum I/O log sequence number: 0

Local IP address and netmask pairs:
	172.17.0.2/255.255.0.0

Sudoers I/O plugin version 1.8.9p5
[34m[1mgzip version[0m
gzip 1.6
Copyright (C) 2007, 2010, 2011 Free Software Foundation, Inc.
Copyright (C) 1993 Jean-loup Gailly.
This is free software.  You may redistribute copies of it under the terms of
the GNU General Public License <http://www.gnu.org/licenses/gpl.html>.
There is NO WARRANTY, to the extent permitted by law.

Written by Jean-loup Gailly.
[34m[1mzip version[0m
Copyright (c) 1990-2008 Info-ZIP - Type 'zip "-L"' for software license.
This is Zip 3.0 (July 5th 2008), by Info-ZIP.
Currently maintained by E. Gordon.  Please send bug reports to
the authors using the web page at www.info-zip.org; see README for details.

Latest sources and executables are at ftp://ftp.info-zip.org/pub/infozip,
as of above date; see http://www.info-zip.org/ for other sites.

Compiled with gcc 4.8.2 for Unix (Linux ELF) on Oct 21 2013.

Zip special compilation options:
	USE_EF_UT_TIME       (store Universal Time)
	BZIP2_SUPPORT        (bzip2 library version 1.0.6, 6-Sept-2010)
	    bzip2 code and library copyright (c) Julian R Seward
	    (See the bzip2 license for terms of use)
	SYMLINK_SUPPORT      (symbolic links supported)
	LARGE_FILE_SUPPORT   (can read and write large files on file system)
	ZIP64_SUPPORT        (use Zip64 to store large files in archives)
	UNICODE_SUPPORT      (store and read UTF-8 Unicode paths)
	STORE_UNIX_UIDs_GIDs (store UID/GID sizes/values using new extra field)
	UIDGID_NOT_16BIT     (old Unix 16-bit UID/GID extra field not used)
	[encryption, version 2.91 of 05 Jan 2007] (modified for Zip 3)

Encryption notice:
	The encryption code of this program is not copyrighted and is
	put in the public domain.  It was originally written in Europe
	and, to the best of our knowledge, can be freely distributed
	in both source and object forms from any country, including
	the USA under License Exception TSU of the U.S. Export
	Administration Regulations (section 740.13(e)) of 6 June 2002.

Zip environment options:
             ZIP:  [none]
          ZIPOPT:  [none]
[34m[1mvim version[0m
VIM - Vi IMproved 7.4 (2013 Aug 10, compiled Nov 24 2016 16:43:18)
Included patches: 1-52
Extra patches: 8.0.0056
Modified by pkg-vim-maintainers@lists.alioth.debian.org
Compiled by buildd@
Huge version without GUI.  Features included (+) or not (-):
+acl             +farsi           +mouse_netterm   +syntax
+arabic          +file_in_path    +mouse_sgr       +tag_binary
+autocmd         +find_in_path    -mouse_sysmouse  +tag_old_static
-balloon_eval    +float           +mouse_urxvt     -tag_any_white
-browse          +folding         +mouse_xterm     -tcl
++builtin_terms  -footer          +multi_byte      +terminfo
+byte_offset     +fork()          +multi_lang      +termresponse
+cindent         +gettext         -mzscheme        +textobjects
-clientserver    -hangul_input    +netbeans_intg   +title
-clipboard       +iconv           +path_extra      -toolbar
+cmdline_compl   +insert_expand   -perl            +user_commands
+cmdline_hist    +jumplist        +persistent_undo +vertsplit
+cmdline_info    +keymap          +postscript      +virtualedit
+comments        +langmap         +printer         +visual
+conceal         +libcall         +profile         +visualextra
+cryptv          +linebreak       +python          +viminfo
+cscope          +lispindent      -python3         +vreplace
+cursorbind      +listcmds        +quickfix        +wildignore
+cursorshape     +localmap        +reltime         +wildmenu
+dialog_con      -lua             +rightleft       +windows
+diff            +menu            -ruby            +writebackup
+digraphs        +mksession       +scrollbind      -X11
-dnd             +modify_fname    +signs           -xfontset
-ebcdic          +mouse           +smartindent     -xim
+emacs_tags      -mouseshape      -sniff           -xsmp
+eval            +mouse_dec       +startuptime     -xterm_clipboard
+ex_extra        +mouse_gpm       +statusline      -xterm_save
+extra_search    -mouse_jsbterm   -sun_workshop    -xpm
   system vimrc file: "$VIM/vimrc"
     user vimrc file: "$HOME/.vimrc"
 2nd user vimrc file: "~/.vim/vimrc"
      user exrc file: "$HOME/.exrc"
  fall-back for $VIM: "/usr/share/vim"
Compilation: gcc -c -I. -Iproto -DHAVE_CONFIG_H     -g -O2 -fstack-protector --param=ssp-buffer-size=4 -Wformat -Werror=format-security -U_FORTIFY_SOURCE -D_FORTIFY_SOURCE=1      
Linking: gcc   -Wl,-Bsymbolic-functions -Wl,-z,relro -Wl,--as-needed -o vim        -lm -ltinfo -lnsl  -lselinux  -lacl -lattr -lgpm -ldl    -L/usr/lib/python2.7/config-x86_64-linux-gnu -lpython2.7 -lpthread -ldl -lutil -lm -Xlinker -export-dynamic -Wl,-O1 -Wl,-Bsymbolic-functions      
[34m[1miptables version[0m
iptables v1.4.21
[34m[1mcurl version[0m
curl 7.35.0 (x86_64-pc-linux-gnu) libcurl/7.35.0 OpenSSL/1.0.1f zlib/1.2.8 libidn/1.28 librtmp/2.3
[34m[1mwget version[0m
GNU Wget 1.15 built on linux-gnu.
[34m[1mrsync version[0m
rsync  version 3.1.0  protocol version 31
[34m[1mgimme version[0m
v1.2.0
[34m[1mnvm version[0m
0.33.6
[34m[1mperlbrew version[0m
/home/travis/perl5/perlbrew/bin/perlbrew  - App::perlbrew/0.80
[34m[1mphpenv version[0m
rbenv 1.1.1-25-g6aa70b6
[34m[1mrvm version[0m
rvm 1.29.3 (latest) by Michal Papis, Piotr Kuczynski, Wayne E. Seguin [https://rvm.io]
[34m[1mdefault ruby version[0m
ruby 2.4.1p111 (2017-03-22 revision 58053) [x86_64-linux]
[34m[1mCouchDB version[0m
couchdb 1.6.1
[34m[1mElasticSearch version[0m
5.5.0
[34m[1mInstalled Firefox version[0m
firefox 56.0.2
[34m[1mMongoDB version[0m
MongoDB 3.4.10
[34m[1mPhantomJS version[0m
2.1.1
[34m[1mPre-installed PostgreSQL versions[0m
9.2.24
9.3.20
9.4.15
9.5.10
9.6.6
[34m[1mRabbitMQ Version[0m
3.6.14
[34m[1mRedis version[0m
redis-server 4.0.6
[34m[1mriak version[0m
2.2.3
[34m[1mPre-installed Go versions[0m
1.7.4
[34m[1mant version[0m
Apache Ant(TM) version 1.9.3 compiled on April 8 2014
[34m[1mmvn version[0m
Apache Maven 3.5.2 (138edd61fd100ec658bfa2d307c43b76940a5d7d; 2017-10-18T07:58:13Z)
Maven home: /usr/local/maven-3.5.2
Java version: 1.8.0_151, vendor: Oracle Corporation
Java home: /usr/lib/jvm/java-8-oracle/jre
Default locale: en_US, platform encoding: UTF-8
OS name: "linux", version: "4.4.0-101-generic", arch: "amd64", family: "unix"
[34m[1mgradle version[0m

------------------------------------------------------------
Gradle 4.0.1
------------------------------------------------------------

Build time:   2017-07-07 14:02:41 UTC
Revision:     38e5dc0f772daecca1d2681885d3d85414eb6826

Groovy:       2.4.11
Ant:          Apache Ant(TM) version 1.9.6 compiled on June 29 2015
JVM:          1.8.0_151 (Oracle Corporation 25.151-b12)
OS:           Linux 4.4.0-101-generic amd64

[34m[1mlein version[0m
Leiningen 2.8.1 on Java 1.8.0_151 Java HotSpot(TM) 64-Bit Server VM
[34m[1mPre-installed Node.js versions[0m
v4.8.6
v6.12.0
v6.12.1
v8.9
v8.9.1
[34m[1mphpenv versions[0m
  system
  5.6
* 5.6.32 (set by /home/travis/.phpenv/version)
  7.0
  7.0.25
  7.1
  7.1.11
  hhvm
  hhvm-stable
[34m[1mcomposer --version[0m
Composer version 1.5.2 2017-09-11 16:59:25
[34m[1mPre-installed Ruby versions[0m
ruby-2.2.7
ruby-2.3.4
ruby-2.4.1
travis_fold:end:system_info[0K
grep: /etc/apt/sources.list.d/*: No such file or directory
sed: cannot rename /etc/hosts: Device or resource busy
sed: cannot rename /etc/hosts: Device or resource busy
$ cd failed/openhealthcare/elcid
travis_time:start:2c3c46ae[0K$ source ~/virtualenv/python2.7/bin/activate

travis_time:end:2c3c46ae:start=1622288361336558249,finish=1622288361412096609,duration=75538360[0K$ python --version
Python 2.7.14
$ pip --version
pip 9.0.1 from /home/travis/virtualenv/python2.7.14/lib/python2.7/site-packages (python 2.7)
travis_fold:start:install.1[0Ktravis_time:start:0255f094[0K$ pip install -r requirements.txt
Collecting Fabric==1.14.0 (from -r requirements.txt (line 2))
  Downloading https://files.pythonhosted.org/packages/ec/a1/98709aeabe5b1ad7fe74665539f0d11222b1a85207364b9c34b57c6dd5c8/Fabric-1.14.0-py2-none-any.whl (92kB)
Collecting django==1.10.8 (from -r requirements.txt (line 3))
  Downloading https://files.pythonhosted.org/packages/bb/9f/2c20639ac635a83123ddffd91ba15001cb0d04e74fbb08f31fb57e490dab/Django-1.10.8-py2.py3-none-any.whl (6.8MB)
Collecting coverage==3.6 (from -r requirements.txt (line 4))
  Downloading https://files.pythonhosted.org/packages/d2/2d/e15d38b0a34a3e88e3c164a7ec04ed43f45869c20304db13875b24002506/coverage-3.6.tar.gz (232kB)
Collecting dj-database-url==0.2.1 (from -r requirements.txt (line 5))
  Downloading https://files.pythonhosted.org/packages/a6/94/72572715f45dd132ddc1e26aa4e8c2b13395759386a541e7f00124ceda11/dj-database-url-0.2.1.tar.gz
Collecting gunicorn==0.17.4 (from -r requirements.txt (line 6))
  Downloading https://files.pythonhosted.org/packages/94/a0/6af15d3f7e8d259e30dfb7077405b8a16f2f1c5e45e842e9e808a30c1f7f/gunicorn-0.17.4.tar.gz (372kB)
Collecting psycopg2==2.7 (from -r requirements.txt (line 7))
  Downloading https://files.pythonhosted.org/packages/a2/23/078baaa57deea8a79185d718fe46a09ad7347735793d5f783fbf81a8a0b8/psycopg2-2.7-cp27-cp27mu-manylinux1_x86_64.whl (2.1MB)
Collecting dj-static==0.0.6 (from -r requirements.txt (line 8))
  Downloading https://files.pythonhosted.org/packages/2b/8f/77a4b8ec50c821193bf9682c7896f12fd0418eb3711a7d66796ede59c23b/dj-static-0.0.6.tar.gz
Collecting django-reversion==1.10.2 (from -r requirements.txt (line 9))
  Downloading https://files.pythonhosted.org/packages/4b/e3/c45834318d4eb1ec86f870474c3e07f085196cd5d281cefb585b681edf23/django-reversion-1.10.2.tar.gz (67kB)
Collecting django-axes==1.7.0 (from -r requirements.txt (line 10))
  Downloading https://files.pythonhosted.org/packages/84/6a/1c73270ace8108ef7f18a33f607217267fec61a87bb259e96625099d155b/django-axes-1.7.0.tar.gz
Collecting ffs==0.0.8.2 (from -r requirements.txt (line 11))
  Downloading https://files.pythonhosted.org/packages/1b/b4/05911a8e2fee9c27038b06ef8205404486453a60fcd14d778c9df1a46d3d/ffs-0.0.8.2.tar.gz
Collecting letter==0.4.1 (from -r requirements.txt (line 12))
  Downloading https://files.pythonhosted.org/packages/3f/cf/8339e0432ce449ea6f90d020fce97e0d712201afc8be4d4ad5a0dfd3c1a7/letter-0.4.1.tar.gz
Collecting django-debug-toolbar==1.2.1 (from -r requirements.txt (line 13))
  Downloading https://files.pythonhosted.org/packages/2c/9f/257b33444adfa1a2ca19299a26975af46e3b50c6c98803fab80b184f44e6/django_debug_toolbar-1.2.1-py2.py3-none-any.whl (208kB)
Collecting mock==1.0.1 (from -r requirements.txt (line 14))
  Downloading https://files.pythonhosted.org/packages/a2/52/7edcd94f0afb721a2d559a5b9aae8af4f8f2c79bc63fdbe8a8a6c9b23bbe/mock-1.0.1.tar.gz (818kB)
Collecting requests==2.18.4 (from -r requirements.txt (line 15))
  Downloading https://files.pythonhosted.org/packages/49/df/50aa1999ab9bde74656c2919d9c0c085fd2b3775fd3eca826012bef76d8c/requests-2.18.4-py2.py3-none-any.whl (88kB)
Collecting python-dateutil==2.4.2 (from -r requirements.txt (line 16))
  Downloading https://files.pythonhosted.org/packages/22/75/666cd70de6a70cc7c6560429340ee7ef08196c93f552428983a808423755/python_dateutil-2.4.2-py2.py3-none-any.whl (188kB)
Collecting djangorestframework==3.4.7 (from -r requirements.txt (line 17))
  Downloading https://files.pythonhosted.org/packages/43/24/fd4b0ef635eecc613f36afc70692bc9422290a108124385d086243ab0257/djangorestframework-3.4.7-py2.py3-none-any.whl (706kB)
Collecting celery==3.1.25 (from -r requirements.txt (line 18))
  Downloading https://files.pythonhosted.org/packages/13/28/b45b7d4c13695f321522566747e0a4a9c8883515f664e0487974e5f79d16/celery-3.1.25-py2.py3-none-any.whl (526kB)
Collecting django-celery==3.2.2 (from -r requirements.txt (line 19))
  Downloading https://files.pythonhosted.org/packages/8c/7b/3f317b7def87328724041c8c6eb18d4b17c392b135ce66d71b1fa69fada0/django_celery-3.2.2-py2-none-any.whl (63kB)
Collecting django-compressor==1.5 (from -r requirements.txt (line 20))
  Downloading https://files.pythonhosted.org/packages/99/17/6ba72e44cbd7411819e0a4aca6c6fc8cf41379552e3bb89fd862e775dfaa/django_compressor-1.5-py2.py3-none-any.whl (129kB)
Collecting jsonfield==1.0.3 (from -r requirements.txt (line 21))
  Downloading https://files.pythonhosted.org/packages/ad/e2/e1d8a62edb0aa3c9984ed5cb73d9001065520796f1740caf6daf1c5540c4/jsonfield-1.0.3.tar.gz
Collecting pycrypto==2.6.1 (from -r requirements.txt (line 22))
  Downloading https://files.pythonhosted.org/packages/60/db/645aa9af249f059cc3a368b118de33889219e0362141e75d4eaf6f80f163/pycrypto-2.6.1.tar.gz (446kB)
Collecting six==1.10.0 (from -r requirements.txt (line 23))
  Downloading https://files.pythonhosted.org/packages/c8/0a/b6723e1bc4c516cb687841499455a8505b44607ab535be01091c0f24f079/six-1.10.0-py2.py3-none-any.whl
Collecting future==0.16.0 (from -r requirements.txt (line 24))
  Downloading https://files.pythonhosted.org/packages/00/2b/8d082ddfed935f3608cc61140df6dcbf0edea1bc3ab52fb6c29ae3e81e85/future-0.16.0.tar.gz (824kB)
Collecting supervisor==3.0 (from -r requirements.txt (line 25))
  Downloading https://files.pythonhosted.org/packages/c0/a8/78658bf1d4180796e2be69b0b14e814bd735eb785eaf76399d2f1e6d2aef/supervisor-3.0.tar.gz (459kB)
Collecting opal==0.10.1 (from -r requirements.txt (line 26))
  Downloading https://files.pythonhosted.org/packages/23/dd/c48f4f6128805f4dccecf4177026bb070b8a6169373142629ca3f3c517c2/opal-0.10.1.tar.gz (2.9MB)
Obtaining opal_reporting from git+https://github.com/openhealthcare/opal-reporting.git@v0.2#egg=opal_reporting (from -r requirements.txt (line 27))
  Cloning https://github.com/openhealthcare/opal-reporting.git (to v0.2) to /home/travis/virtualenv/python2.7.14/src/opal-reporting
Obtaining opal_observations from git+https://github.com/openhealthcare/opal-observations.git@v0.5.0#egg=opal_observations (from -r requirements.txt (line 28))
  Cloning https://github.com/openhealthcare/opal-observations.git (to v0.5.0) to /home/travis/virtualenv/python2.7.14/src/opal-observations
Obtaining opal_wardround from git+https://github.com/openhealthcare/opal-wardround.git@v0.10.0#egg=opal_wardround (from -r requirements.txt (line 29))
  Cloning https://github.com/openhealthcare/opal-wardround.git (to v0.10.0) to /home/travis/virtualenv/python2.7.14/src/opal-wardround
Obtaining opal_dashboard from git+https://github.com/openhealthcare/opal-dashboard.git@v0.5.0#egg=opal_dashboard (from -r requirements.txt (line 30))
  Cloning https://github.com/openhealthcare/opal-dashboard.git (to v0.5.0) to /home/travis/virtualenv/python2.7.14/src/opal-dashboard
Obtaining opal_dischargesummary from git+https://github.com/openhealthcare/opal-dischargesummary.git@v0.5.0#egg=opal_dischargesummary (from -r requirements.txt (line 31))
  Cloning https://github.com/openhealthcare/opal-dischargesummary.git (to v0.5.0) to /home/travis/virtualenv/python2.7.14/src/opal-dischargesummary
Obtaining opal_guidelines from git+https://github.com/openhealthcare/opal-guidelines.git@v0.4.0#egg=opal_guidelines (from -r requirements.txt (line 32))
  Cloning https://github.com/openhealthcare/opal-guidelines.git (to v0.4.0) to /home/travis/virtualenv/python2.7.14/src/opal-guidelines
Obtaining django-test-coverage from git+https://github.com/srosro/django-test-coverage#egg=django-test-coverage (from -r requirements.txt (line 33))
  Cloning https://github.com/srosro/django-test-coverage to /home/travis/virtualenv/python2.7.14/src/django-test-coverage
Collecting paramiko<3.0,>=1.10 (from Fabric==1.14.0->-r requirements.txt (line 2))
  Downloading https://files.pythonhosted.org/packages/95/19/124e9287b43e6ff3ebb9cdea3e5e8e88475a873c05ccdf8b7e20d2c4201e/paramiko-2.7.2-py2.py3-none-any.whl (206kB)
Collecting static3 (from dj-static==0.0.6->-r requirements.txt (line 8))
  Downloading https://files.pythonhosted.org/packages/87/b0/9cf15108b73c4f2ffffe11d237c938f57785f55d3693d822d565432cb680/static3-0.7.0.tar.gz
Collecting jinja2 (from letter==0.4.1->-r requirements.txt (line 12))
  Downloading https://files.pythonhosted.org/packages/7e/c2/1eece8c95ddbc9b1aeb64f5783a9e07a286de42191b7204d67b7496ddf35/Jinja2-2.11.3-py2.py3-none-any.whl (125kB)
Collecting sqlparse (from django-debug-toolbar==1.2.1->-r requirements.txt (line 13))
  Downloading https://files.pythonhosted.org/packages/85/ee/6e821932f413a5c4b76be9c5936e313e4fc626b33f16e027866e1d60f588/sqlparse-0.3.1-py2.py3-none-any.whl (40kB)
Collecting certifi>=2017.4.17 (from requests==2.18.4->-r requirements.txt (line 15))
  Downloading https://files.pythonhosted.org/packages/5e/a0/5f06e1e1d463903cf0c0eebeb751791119ed7a4b3737fdc9a77f1cdfb51f/certifi-2020.12.5-py2.py3-none-any.whl (147kB)
Collecting chardet<3.1.0,>=3.0.2 (from requests==2.18.4->-r requirements.txt (line 15))
  Downloading https://files.pythonhosted.org/packages/bc/a9/01ffebfb562e4274b6487b4bb1ddec7ca55ec7510b22e4c51f14098443b8/chardet-3.0.4-py2.py3-none-any.whl (133kB)
Collecting idna<2.7,>=2.5 (from requests==2.18.4->-r requirements.txt (line 15))
  Downloading https://files.pythonhosted.org/packages/27/cc/6dd9a3869f15c2edfab863b992838277279ce92663d334df9ecf5106f5c6/idna-2.6-py2.py3-none-any.whl (56kB)
Collecting urllib3<1.23,>=1.21.1 (from requests==2.18.4->-r requirements.txt (line 15))
  Downloading https://files.pythonhosted.org/packages/63/cb/6965947c13a94236f6d4b8223e21beb4d576dc72e8130bd7880f600839b8/urllib3-1.22-py2.py3-none-any.whl (132kB)
Collecting pytz>dev (from celery==3.1.25->-r requirements.txt (line 18))
  Downloading https://files.pythonhosted.org/packages/70/94/784178ca5dd892a98f113cdd923372024dc04b8d40abe77ca76b5fb90ca6/pytz-2021.1-py2.py3-none-any.whl (510kB)
Collecting billiard<3.4,>=3.3.0.23 (from celery==3.1.25->-r requirements.txt (line 18))
  Downloading https://files.pythonhosted.org/packages/64/a6/d7b6fb7bd0a4680a41f1d4b27061c7b768c673070ba8ac116f865de4e7ca/billiard-3.3.0.23.tar.gz (151kB)
Collecting kombu<3.1,>=3.0.37 (from celery==3.1.25->-r requirements.txt (line 18))
  Downloading https://files.pythonhosted.org/packages/4d/0e/73ac0df8949bdb6ad81812110962b38e6bb4243c3bfdad2d9e90b5509e2e/kombu-3.0.37-py2.py3-none-any.whl (240kB)
Collecting django-appconf>=0.4 (from django-compressor==1.5->-r requirements.txt (line 20))
  Downloading https://files.pythonhosted.org/packages/72/fe/1fa374775fb853c6a075f301eeb48e9069460e03f4d3c3d5502fb1b4a766/django_appconf-1.0.4-py2.py3-none-any.whl
Requirement already satisfied: setuptools in /home/travis/virtualenv/python2.7.14/lib/python2.7/site-packages (from supervisor==3.0->-r requirements.txt (line 25))
Collecting meld3>=0.6.5 (from supervisor==3.0->-r requirements.txt (line 25))
  Downloading https://files.pythonhosted.org/packages/d8/5b/65a655a1090d98c8d604ac9e97d5df3a2ae276f881d4e2911ba38800f2ed/meld3-2.0.1-py2.py3-none-any.whl
Collecting bcrypt>=3.1.3 (from paramiko<3.0,>=1.10->Fabric==1.14.0->-r requirements.txt (line 2))
  Downloading https://files.pythonhosted.org/packages/ad/36/9a0227d048e98409f012570f7bef8a8c2373b9c9c5dfbf82963cbae05ede/bcrypt-3.1.7-cp27-cp27mu-manylinux1_x86_64.whl (59kB)
Collecting pynacl>=1.0.1 (from paramiko<3.0,>=1.10->Fabric==1.14.0->-r requirements.txt (line 2))
  Downloading https://files.pythonhosted.org/packages/de/63/bb36279da38df643c6df3a8a389f29a6ff4a8854468f4c9b9d925b27d57d/PyNaCl-1.4.0-cp27-cp27mu-manylinux1_x86_64.whl (964kB)
Collecting cryptography>=2.5 (from paramiko<3.0,>=1.10->Fabric==1.14.0->-r requirements.txt (line 2))
  Downloading https://files.pythonhosted.org/packages/86/41/44173175d378c9e3a73294bb33c73725f7726def5ce267af6bd11b72eb23/cryptography-3.3.2-cp27-cp27mu-manylinux1_x86_64.whl (2.7MB)
Collecting MarkupSafe>=0.23 (from jinja2->letter==0.4.1->-r requirements.txt (line 12))
  Downloading https://files.pythonhosted.org/packages/fb/40/f3adb7cf24a8012813c5edb20329eb22d5d8e2a0ecf73d21d6b85865da11/MarkupSafe-1.1.1-cp27-cp27mu-manylinux1_x86_64.whl
Collecting amqp<2.0,>=1.4.9 (from kombu<3.1,>=3.0.37->celery==3.1.25->-r requirements.txt (line 18))
  Downloading https://files.pythonhosted.org/packages/ed/09/314d2788aba0aa91f2578071a6484f87a615172a98c309c2aad3433da90b/amqp-1.4.9-py2.py3-none-any.whl (51kB)
Collecting anyjson>=0.3.3 (from kombu<3.1,>=3.0.37->celery==3.1.25->-r requirements.txt (line 18))
  Downloading https://files.pythonhosted.org/packages/c3/4d/d4089e1a3dd25b46bebdb55a992b0797cff657b4477bc32ce28038fdecbc/anyjson-0.3.3.tar.gz
Collecting cffi>=1.1 (from bcrypt>=3.1.3->paramiko<3.0,>=1.10->Fabric==1.14.0->-r requirements.txt (line 2))
  Downloading https://files.pythonhosted.org/packages/ab/a7/1df1dcd222c9a35d2d0c4c123bd55a533ed2d07b09909ad085829deea4d6/cffi-1.14.5-cp27-cp27mu-manylinux1_x86_64.whl (389kB)
Collecting enum34; python_version < "3" (from cryptography>=2.5->paramiko<3.0,>=1.10->Fabric==1.14.0->-r requirements.txt (line 2))
  Downloading https://files.pythonhosted.org/packages/6f/2c/a9386903ece2ea85e9807e0e062174dc26fdce8b05f216d00491be29fad5/enum34-1.1.10-py2-none-any.whl
Collecting ipaddress; python_version < "3" (from cryptography>=2.5->paramiko<3.0,>=1.10->Fabric==1.14.0->-r requirements.txt (line 2))
  Downloading https://files.pythonhosted.org/packages/c2/f8/49697181b1651d8347d24c095ce46c7346c37335ddc7d255833e7cde674d/ipaddress-1.0.23-py2.py3-none-any.whl
Collecting pycparser (from cffi>=1.1->bcrypt>=3.1.3->paramiko<3.0,>=1.10->Fabric==1.14.0->-r requirements.txt (line 2))
  Downloading https://files.pythonhosted.org/packages/ae/e7/d9c3a176ca4b02024debf82342dab36efadfc5776f9c8db077e8f6e71821/pycparser-2.20-py2.py3-none-any.whl (112kB)
Building wheels for collected packages: coverage, dj-database-url, gunicorn, dj-static, django-reversion, django-axes, ffs, letter, mock, jsonfield, pycrypto, future, supervisor, opal, static3, billiard, anyjson
  Running setup.py bdist_wheel for coverage: started
  Running setup.py bdist_wheel for coverage: finished with status 'done'
  Stored in directory: /home/travis/.cache/pip/wheels/c1/06/dd/d8465231b61703d5f5284d230a6ff6088d7d514920a36ee4b9
  Running setup.py bdist_wheel for dj-database-url: started
  Running setup.py bdist_wheel for dj-database-url: finished with status 'done'
  Stored in directory: /home/travis/.cache/pip/wheels/90/82/cf/59898a8bed527fc54f031a002b05301de4439ade586d839c12
  Running setup.py bdist_wheel for gunicorn: started
  Running setup.py bdist_wheel for gunicorn: finished with status 'done'
  Stored in directory: /home/travis/.cache/pip/wheels/29/e8/2e/0114e87f51db3903619f2815f5e51ca52a0cc40fe4642bc145
  Running setup.py bdist_wheel for dj-static: started
  Running setup.py bdist_wheel for dj-static: finished with status 'done'
  Stored in directory: /home/travis/.cache/pip/wheels/8c/76/23/961251de128e5a69a74f616098dede984f9c69fcedec2b65cc
  Running setup.py bdist_wheel for django-reversion: started
  Running setup.py bdist_wheel for django-reversion: finished with status 'done'
  Stored in directory: /home/travis/.cache/pip/wheels/28/ee/0e/e76a5e904c4ec1c22114472bbdd4b2d2eb4822a867ca3519b2
  Running setup.py bdist_wheel for django-axes: started
  Running setup.py bdist_wheel for django-axes: finished with status 'done'
  Stored in directory: /home/travis/.cache/pip/wheels/87/01/90/83797054a628cd6f7ee15d72a1c24740db6d0bd5a0da8a9809
  Running setup.py bdist_wheel for ffs: started
  Running setup.py bdist_wheel for ffs: finished with status 'done'
  Stored in directory: /home/travis/.cache/pip/wheels/1a/bb/0b/2ecc6228e235d8c41ee1f78a63d5dd37810cfd5a5c8a819c74
  Running setup.py bdist_wheel for letter: started
  Running setup.py bdist_wheel for letter: finished with status 'done'
  Stored in directory: /home/travis/.cache/pip/wheels/ba/47/f5/eb718f2a911848405692b6bfe591bdcafe0533404b167530e7
  Running setup.py bdist_wheel for mock: started
  Running setup.py bdist_wheel for mock: finished with status 'done'
  Stored in directory: /home/travis/.cache/pip/wheels/7e/72/92/744b532c779242b57aab4bcba80c312b30c069bbd60025e7e6
  Running setup.py bdist_wheel for jsonfield: started
  Running setup.py bdist_wheel for jsonfield: finished with status 'done'
  Stored in directory: /home/travis/.cache/pip/wheels/cd/c6/9d/6ab674b816a7b0d04d9cd6a661f8afdae526a1ccdc27c0459b
  Running setup.py bdist_wheel for pycrypto: started
  Running setup.py bdist_wheel for pycrypto: finished with status 'done'
  Stored in directory: /home/travis/.cache/pip/wheels/27/02/5e/77a69d0c16bb63c6ed32f5386f33a2809c94bd5414a2f6c196
  Running setup.py bdist_wheel for future: started
  Running setup.py bdist_wheel for future: finished with status 'done'
  Stored in directory: /home/travis/.cache/pip/wheels/bf/c9/a3/c538d90ef17cf7823fa51fc701a7a7a910a80f6a405bf15b1a
  Running setup.py bdist_wheel for supervisor: started
  Running setup.py bdist_wheel for supervisor: finished with status 'done'
  Stored in directory: /home/travis/.cache/pip/wheels/f2/d0/4d/33284f88fa8fbff1bbc8c7277dc02d1516a6f9ed8d90d4813f
  Running setup.py bdist_wheel for opal: started
  Running setup.py bdist_wheel for opal: finished with status 'done'
  Stored in directory: /home/travis/.cache/pip/wheels/90/84/50/634b5ee40487b81ae784977aa021a253e56e527716860e179f
  Running setup.py bdist_wheel for static3: started
  Running setup.py bdist_wheel for static3: finished with status 'done'
  Stored in directory: /home/travis/.cache/pip/wheels/c3/d0/4b/a415104b0303aa18d566463b02d1eacb8f43bc3d29a6dc4574
  Running setup.py bdist_wheel for billiard: started
  Running setup.py bdist_wheel for billiard: finished with status 'done'
  Stored in directory: /home/travis/.cache/pip/wheels/ab/4f/e6/c24fa73a0c43fa43eeaf3bb16b2a9a5ba0f215c5e32088c895
  Running setup.py bdist_wheel for anyjson: started
  Running setup.py bdist_wheel for anyjson: finished with status 'done'
  Stored in directory: /home/travis/.cache/pip/wheels/0a/07/b1/a704fb6e43ef7b61969239c9fce608d52c3cc85d5eb6cd3891
Successfully built coverage dj-database-url gunicorn dj-static django-reversion django-axes ffs letter mock jsonfield pycrypto future supervisor opal static3 billiard anyjson
Installing collected packages: six, pycparser, cffi, bcrypt, pynacl, enum34, ipaddress, cryptography, paramiko, Fabric, django, coverage, dj-database-url, gunicorn, psycopg2, static3, dj-static, django-reversion, django-axes, ffs, MarkupSafe, jinja2, letter, sqlparse, django-debug-toolbar, mock, certifi, chardet, idna, urllib3, requests, python-dateutil, djangorestframework, pytz, billiard, amqp, anyjson, kombu, celery, django-celery, django-appconf, django-compressor, jsonfield, pycrypto, future, meld3, supervisor, opal, opal-reporting, opal-observations, opal-wardround, opal-dashboard, opal-dischargesummary, opal-guidelines, django-test-coverage
  Found existing installation: six 1.11.0
    Uninstalling six-1.11.0:
      Successfully uninstalled six-1.11.0
  Found existing installation: mock 2.0.0
    Uninstalling mock-2.0.0:
      Successfully uninstalled mock-2.0.0
  Running setup.py develop for opal-reporting
  Running setup.py develop for opal-observations
  Running setup.py develop for opal-wardround
  Running setup.py develop for opal-dashboard
  Running setup.py develop for opal-dischargesummary
  Running setup.py develop for opal-guidelines
  Running setup.py develop for django-test-coverage
Successfully installed Fabric-1.14.0 MarkupSafe-1.1.1 amqp-1.4.9 anyjson-0.3.3 bcrypt-3.1.7 billiard-3.3.0.23 celery-3.1.25 certifi-2020.12.5 cffi-1.14.5 chardet-3.0.4 coverage-3.6 cryptography-3.3.2 dj-database-url-0.2.1 dj-static-0.0.6 django-1.10.8 django-appconf-1.0.4 django-axes-1.7.0 django-celery-3.2.2 django-compressor-1.5 django-debug-toolbar-1.2.1 django-reversion-1.10.2 django-test-coverage djangorestframework-3.4.7 enum34-1.1.10 ffs-0.0.8.2 future-0.16.0 gunicorn-0.17.4 idna-2.6 ipaddress-1.0.23 jinja2-2.11.3 jsonfield-1.0.3 kombu-3.0.37 letter-0.4.1 meld3-2.0.1 mock-1.0.1 opal-0.10.1 opal-dashboard opal-dischargesummary opal-guidelines opal-observations opal-reporting opal-wardround paramiko-2.7.2 psycopg2-2.7 pycparser-2.20 pycrypto-2.6.1 pynacl-1.4.0 python-dateutil-2.4.2 pytz-2021.1 requests-2.18.4 six-1.10.0 sqlparse-0.3.1 static3-0.7.0 supervisor-3.0 urllib3-1.22

travis_time:end:0255f094:start=1622288370315515354,finish=1622288518971636749,duration=148656121395[0Ktravis_fold:end:install.1[0Ktravis_fold:start:install.2[0Ktravis_time:start:0dbf6843[0K$ pip install coveralls==1.3.0
Collecting coveralls==1.3.0
  Downloading https://files.pythonhosted.org/packages/6f/c0/cd0b33454c0192cdd63360f8ac2a96a6132f01b34fa70524220c06fd4743/coveralls-1.3.0-py2.py3-none-any.whl
Collecting docopt>=0.6.1 (from coveralls==1.3.0)
  Downloading https://files.pythonhosted.org/packages/a2/55/8f8cab2afd404cf578136ef2cc5dfb50baa1761b68c9da1fb1e4eed343c9/docopt-0.6.2.tar.gz
Requirement already satisfied: requests>=1.0.0 in /home/travis/virtualenv/python2.7.14/lib/python2.7/site-packages (from coveralls==1.3.0)
Requirement already satisfied: urllib3[secure]; python_version < "3" in /home/travis/virtualenv/python2.7.14/lib/python2.7/site-packages (from coveralls==1.3.0)
Requirement already satisfied: coverage>=3.6 in /home/travis/virtualenv/python2.7.14/lib/python2.7/site-packages (from coveralls==1.3.0)
Requirement already satisfied: certifi>=2017.4.17 in /home/travis/virtualenv/python2.7.14/lib/python2.7/site-packages (from requests>=1.0.0->coveralls==1.3.0)
Requirement already satisfied: chardet<3.1.0,>=3.0.2 in /home/travis/virtualenv/python2.7.14/lib/python2.7/site-packages (from requests>=1.0.0->coveralls==1.3.0)
Requirement already satisfied: idna<2.7,>=2.5 in /home/travis/virtualenv/python2.7.14/lib/python2.7/site-packages (from requests>=1.0.0->coveralls==1.3.0)
Collecting pyOpenSSL>=0.14; python_version <= "2.7" and extra == "secure" (from urllib3[secure]; python_version < "3"->coveralls==1.3.0)
  Downloading https://files.pythonhosted.org/packages/b2/5e/06351ede29fd4899782ad335c2e02f1f862a887c20a3541f17c3fa1a3525/pyOpenSSL-20.0.1-py2.py3-none-any.whl (54kB)
Requirement already satisfied: cryptography>=1.3.4; python_version <= "2.7" and extra == "secure" in /home/travis/virtualenv/python2.7.14/lib/python2.7/site-packages (from urllib3[secure]; python_version < "3"->coveralls==1.3.0)
Requirement already satisfied: ipaddress; python_version <= "2.7" and extra == "secure" in /home/travis/virtualenv/python2.7.14/lib/python2.7/site-packages (from urllib3[secure]; python_version < "3"->coveralls==1.3.0)
Requirement already satisfied: six>=1.5.2 in /home/travis/virtualenv/python2.7.14/lib/python2.7/site-packages (from pyOpenSSL>=0.14; python_version <= "2.7" and extra == "secure"->urllib3[secure]; python_version < "3"->coveralls==1.3.0)
Requirement already satisfied: enum34; python_version < "3" in /home/travis/virtualenv/python2.7.14/lib/python2.7/site-packages (from cryptography>=1.3.4; python_version <= "2.7" and extra == "secure"->urllib3[secure]; python_version < "3"->coveralls==1.3.0)
Requirement already satisfied: cffi>=1.12 in /home/travis/virtualenv/python2.7.14/lib/python2.7/site-packages (from cryptography>=1.3.4; python_version <= "2.7" and extra == "secure"->urllib3[secure]; python_version < "3"->coveralls==1.3.0)
Requirement already satisfied: pycparser in /home/travis/virtualenv/python2.7.14/lib/python2.7/site-packages (from cffi>=1.12->cryptography>=1.3.4; python_version <= "2.7" and extra == "secure"->urllib3[secure]; python_version < "3"->coveralls==1.3.0)
Building wheels for collected packages: docopt
  Running setup.py bdist_wheel for docopt: started
  Running setup.py bdist_wheel for docopt: finished with status 'done'
  Stored in directory: /home/travis/.cache/pip/wheels/9b/04/dd/7daf4150b6d9b12949298737de9431a324d4b797ffd63f526e
Successfully built docopt
Installing collected packages: docopt, coveralls, pyOpenSSL
Successfully installed coveralls-1.3.0 docopt-0.6.2 pyOpenSSL-20.0.1

travis_time:end:0dbf6843:start=1622288518984346206,finish=1622288521619405150,duration=2635058944[0Ktravis_fold:end:install.2[0Ktravis_fold:start:install.3[0Ktravis_time:start:123fa275[0K$ gem install coveralls-lcov
/home/travis/.rvm/gems/ruby-2.4.1@global/gems/gem-wrappers-1.3.2/lib/gem-wrappers/installer.rb:56: warning: Insecure world writable dir /usr/local/clang-5.0.0/bin in PATH, mode 040777
Successfully installed coveralls-lcov-1.7.0
1 gem installed

travis_time:end:123fa275:start=1622288521629304706,finish=1622288523280263354,duration=1650958648[0Ktravis_fold:end:install.3[0Ktravis_fold:start:install.4[0Ktravis_time:start:114994d0[0K$ npm install karma karma-coverage jasmine-core karma-jasmine karma-firefox-launcher karma-coveralls
npm WARN notice [SECURITY] lodash has the following vulnerability: 1 high. Go here for more details: https://www.npmjs.com/advisories?search=lodash&version=4.17.21 - Run `npm i npm@latest -g` to upgrade your npm version, and then `npm audit` to get more info.
npm WARN deprecated request@2.88.2: request has been deprecated, see https://github.com/request/request/issues/3142
npm WARN deprecated har-validator@5.1.5: this library is no longer supported
npm WARN deprecated uuid@3.4.0: Please upgrade  to version 7 or higher.  Older versions may use Math.random() in certain circumstances, which is known to be problematic.  See https://v8.dev/blog/math-random for details.
npm WARN saveError ENOENT: no such file or directory, open '/home/travis/build/failed/openhealthcare/elcid/package.json'
npm notice created a lockfile as package-lock.json. You should commit this file.
npm WARN optional SKIPPING OPTIONAL DEPENDENCY: fsevents@~2.3.1 (node_modules/chokidar/node_modules/fsevents):
npm WARN notsup SKIPPING OPTIONAL DEPENDENCY: Unsupported platform for fsevents@2.3.2: wanted {"os":"darwin","arch":"any"} (current: {"os":"linux","arch":"x64"})
npm WARN enoent ENOENT: no such file or directory, open '/home/travis/build/failed/openhealthcare/elcid/package.json'
npm WARN ws@7.4.6 requires a peer of bufferutil@^4.0.1 but none is installed. You must install peer dependencies yourself.
npm WARN ws@7.4.6 requires a peer of utf-8-validate@^5.0.2 but none is installed. You must install peer dependencies yourself.
npm WARN elcid No description
npm WARN elcid No repository field.
npm WARN elcid No README data
npm WARN elcid No license field.

+ karma-jasmine@4.0.1
+ karma-firefox-launcher@2.1.0
+ karma-coverage@2.0.3
+ jasmine-core@3.7.1
+ karma-coveralls@2.1.0
+ karma@6.3.2
added 309 packages in 25.007s

travis_time:end:114994d0:start=1622288523288996399,finish=1622288554754644173,duration=31465647774[0Ktravis_fold:end:install.4[0Ktravis_fold:start:before_script.1[0Ktravis_time:start:19ca6792[0K$ export DISPLAY=:99.0

travis_time:end:19ca6792:start=1622288554766600860,finish=1622288554776601313,duration=10000453[0Ktravis_fold:end:before_script.1[0Ktravis_fold:start:before_script.2[0Ktravis_time:start:0283cdc6[0K$ sh -e /etc/init.d/xvfb start
Starting virtual X frame buffer: Xvfb.

travis_time:end:0283cdc6:start=1622288554789384338,finish=1622288555177404935,duration=388020597[0Ktravis_fold:end:before_script.2[0Ktravis_time:start:281ded18[0K$ opal test --coverage
Traceback (most recent call last):
  File "manage.py", line 10, in <module>
    execute_from_command_line(sys.argv)
  File "/home/travis/virtualenv/python2.7.14/lib/python2.7/site-packages/django/core/management/__init__.py", line 367, in execute_from_command_line
    utility.execute()
  File "/home/travis/virtualenv/python2.7.14/lib/python2.7/site-packages/django/core/management/__init__.py", line 341, in execute
    django.setup()
  File "/home/travis/virtualenv/python2.7.14/lib/python2.7/site-packages/django/__init__.py", line 27, in setup
    apps.populate(settings.INSTALLED_APPS)
  File "/home/travis/virtualenv/python2.7.14/lib/python2.7/site-packages/django/apps/registry.py", line 108, in populate
    app_config.import_models(all_models)
  File "/home/travis/virtualenv/python2.7.14/lib/python2.7/site-packages/django/apps/config.py", line 199, in import_models
    self.models_module = import_module(models_module_name)
  File "/opt/python/2.7.14/lib/python2.7/importlib/__init__.py", line 37, in import_module
    __import__(name)
  File "/home/travis/virtualenv/python2.7.14/lib/python2.7/site-packages/compressor/models.py", line 1, in <module>
    from compressor.conf import CompressorConf  # noqa
  File "/home/travis/virtualenv/python2.7.14/lib/python2.7/site-packages/compressor/conf.py", line 6, in <module>
    from appconf import AppConf
  File "/home/travis/virtualenv/python2.7.14/lib/python2.7/site-packages/appconf/__init__.py", line 1, in <module>
    from .base import AppConf  # noqa
  File "/home/travis/virtualenv/python2.7.14/lib/python2.7/site-packages/appconf/base.py", line 107
    class AppConf(metaclass=AppConfMetaClass):
                           ^
SyntaxError: invalid syntax
Running Python Unit Tests

travis_time:end:281ded18:start=1622288555189190236,finish=1622288574058155496,duration=18868965260[0K
[31;1mThe command "opal test --coverage" exited with 1.[0m

Done. Your build exited with 1.
