travis_fold:start:system_info[0K[33;1mBuild system information[0m
Build language: python
Build id: ''
Job id: ''
[34m[1mBuild image provisioning date and time[0m
Thu Feb  5 15:09:33 UTC 2015
[34m[1mOperating System Details[0m
Distributor ID:	Ubuntu
Description:	Ubuntu 12.04.5 LTS
Release:	12.04
Codename:	precise
[34m[1mLinux Version[0m
3.13.0-29-generic
[34m[1mCookbooks Version[0m
a68419e https://github.com/travis-ci/travis-cookbooks/tree/a68419e
[34m[1mGCC version[0m
gcc (Ubuntu/Linaro 4.6.3-1ubuntu5) 4.6.3
Copyright (C) 2011 Free Software Foundation, Inc.
This is free software; see the source for copying conditions.  There is NO
warranty; not even for MERCHANTABILITY or FITNESS FOR A PARTICULAR PURPOSE.

[34m[1mLLVM version[0m
clang version 3.4 (tags/RELEASE_34/final)
Target: x86_64-unknown-linux-gnu
Thread model: posix
[34m[1mPre-installed Ruby versions[0m
ruby-1.9.3-p551
[34m[1mPre-installed Node.js versions[0m
v0.10.36
[34m[1mPre-installed Go versions[0m
1.4.1
[34m[1mRedis version[0m
redis-server 2.8.19
[34m[1mriak version[0m
2.0.2
[34m[1mMongoDB version[0m
MongoDB 2.4.12
[34m[1mCouchDB version[0m
couchdb 1.6.1
[34m[1mNeo4j version[0m
1.9.4
[34m[1mRabbitMQ Version[0m
3.4.3
[34m[1mElasticSearch version[0m
1.4.0
[34m[1mInstalled Sphinx versions[0m
2.0.10
2.1.9
2.2.6
[34m[1mDefault Sphinx version[0m
2.2.6
[34m[1mInstalled Firefox version[0m
firefox 31.0esr
[34m[1mPhantomJS version[0m
1.9.8
[34m[1mant -version[0m
Apache Ant(TM) version 1.8.2 compiled on December 3 2011
[34m[1mmvn -version[0m
Apache Maven 3.2.5 (12a6b3acb947671f09b81f49094c53f426d8cea1; 2014-12-14T17:29:23+00:00)
Maven home: /usr/local/maven
Java version: 1.7.0_76, vendor: Oracle Corporation
Java home: /usr/lib/jvm/java-7-oracle/jre
Default locale: en_US, platform encoding: ANSI_X3.4-1968
OS name: "linux", version: "3.13.0-29-generic", arch: "amd64", family: "unix"
travis_fold:end:system_info[0K
grep: /etc/apt/sources.list.d/*: No such file or directory
W: Failed to fetch http://security.ubuntu.com/ubuntu/dists/precise-security/main/source/Sources  404  Not Found [IP: 91.189.91.39 80]

W: Failed to fetch http://security.ubuntu.com/ubuntu/dists/precise-security/restricted/source/Sources  404  Not Found [IP: 91.189.91.39 80]

W: Failed to fetch http://security.ubuntu.com/ubuntu/dists/precise-security/universe/source/Sources  404  Not Found [IP: 91.189.91.39 80]

W: Failed to fetch http://security.ubuntu.com/ubuntu/dists/precise-security/multiverse/source/Sources  404  Not Found [IP: 91.189.91.39 80]

W: Failed to fetch http://security.ubuntu.com/ubuntu/dists/precise-security/main/binary-amd64/Packages  404  Not Found [IP: 91.189.91.39 80]

W: Failed to fetch http://security.ubuntu.com/ubuntu/dists/precise-security/restricted/binary-amd64/Packages  404  Not Found [IP: 91.189.91.39 80]

W: Failed to fetch http://security.ubuntu.com/ubuntu/dists/precise-security/universe/binary-amd64/Packages  404  Not Found [IP: 91.189.91.39 80]

W: Failed to fetch http://security.ubuntu.com/ubuntu/dists/precise-security/multiverse/binary-amd64/Packages  404  Not Found [IP: 91.189.91.39 80]

W: Failed to fetch http://security.ubuntu.com/ubuntu/dists/precise-security/main/binary-i386/Packages  404  Not Found [IP: 91.189.91.39 80]

W: Failed to fetch http://security.ubuntu.com/ubuntu/dists/precise-security/restricted/binary-i386/Packages  404  Not Found [IP: 91.189.91.39 80]

W: Failed to fetch http://security.ubuntu.com/ubuntu/dists/precise-security/universe/binary-i386/Packages  404  Not Found [IP: 91.189.91.39 80]

W: Failed to fetch http://security.ubuntu.com/ubuntu/dists/precise-security/multiverse/binary-i386/Packages  404  Not Found [IP: 91.189.91.39 80]

W: Failed to fetch http://us.archive.ubuntu.com/ubuntu/dists/precise/main/source/Sources  404  Not Found [IP: 91.189.91.38 80]

W: Failed to fetch http://us.archive.ubuntu.com/ubuntu/dists/precise/restricted/source/Sources  404  Not Found [IP: 91.189.91.38 80]

W: Failed to fetch http://us.archive.ubuntu.com/ubuntu/dists/precise/universe/source/Sources  404  Not Found [IP: 91.189.91.38 80]

W: Failed to fetch http://us.archive.ubuntu.com/ubuntu/dists/precise/multiverse/source/Sources  404  Not Found [IP: 91.189.91.38 80]

W: Failed to fetch http://us.archive.ubuntu.com/ubuntu/dists/precise/main/binary-amd64/Packages  404  Not Found [IP: 91.189.91.38 80]

W: Failed to fetch http://us.archive.ubuntu.com/ubuntu/dists/precise/restricted/binary-amd64/Packages  404  Not Found [IP: 91.189.91.38 80]

W: Failed to fetch http://us.archive.ubuntu.com/ubuntu/dists/precise/universe/binary-amd64/Packages  404  Not Found [IP: 91.189.91.38 80]

W: Failed to fetch http://us.archive.ubuntu.com/ubuntu/dists/precise/multiverse/binary-amd64/Packages  404  Not Found [IP: 91.189.91.38 80]

W: Failed to fetch http://us.archive.ubuntu.com/ubuntu/dists/precise/main/binary-i386/Packages  404  Not Found [IP: 91.189.91.38 80]

W: Failed to fetch http://us.archive.ubuntu.com/ubuntu/dists/precise/restricted/binary-i386/Packages  404  Not Found [IP: 91.189.91.38 80]

W: Failed to fetch http://us.archive.ubuntu.com/ubuntu/dists/precise/universe/binary-i386/Packages  404  Not Found [IP: 91.189.91.38 80]

W: Failed to fetch http://us.archive.ubuntu.com/ubuntu/dists/precise/multiverse/binary-i386/Packages  404  Not Found [IP: 91.189.91.38 80]

W: Failed to fetch http://us.archive.ubuntu.com/ubuntu/dists/precise-updates/main/source/Sources  404  Not Found [IP: 91.189.91.38 80]

W: Failed to fetch http://us.archive.ubuntu.com/ubuntu/dists/precise-updates/restricted/source/Sources  404  Not Found [IP: 91.189.91.38 80]

W: Failed to fetch http://us.archive.ubuntu.com/ubuntu/dists/precise-updates/universe/source/Sources  404  Not Found [IP: 91.189.91.38 80]

W: Failed to fetch http://us.archive.ubuntu.com/ubuntu/dists/precise-updates/multiverse/source/Sources  404  Not Found [IP: 91.189.91.38 80]

W: Failed to fetch http://us.archive.ubuntu.com/ubuntu/dists/precise-updates/main/binary-amd64/Packages  404  Not Found [IP: 91.189.91.38 80]

W: Failed to fetch http://us.archive.ubuntu.com/ubuntu/dists/precise-updates/restricted/binary-amd64/Packages  404  Not Found [IP: 91.189.91.38 80]

W: Failed to fetch http://us.archive.ubuntu.com/ubuntu/dists/precise-updates/universe/binary-amd64/Packages  404  Not Found [IP: 91.189.91.38 80]

W: Failed to fetch http://us.archive.ubuntu.com/ubuntu/dists/precise-updates/multiverse/binary-amd64/Packages  404  Not Found [IP: 91.189.91.38 80]

W: Failed to fetch http://us.archive.ubuntu.com/ubuntu/dists/precise-updates/main/binary-i386/Packages  404  Not Found [IP: 91.189.91.38 80]

W: Failed to fetch http://us.archive.ubuntu.com/ubuntu/dists/precise-updates/restricted/binary-i386/Packages  404  Not Found [IP: 91.189.91.38 80]

W: Failed to fetch http://us.archive.ubuntu.com/ubuntu/dists/precise-updates/universe/binary-i386/Packages  404  Not Found [IP: 91.189.91.38 80]

W: Failed to fetch http://us.archive.ubuntu.com/ubuntu/dists/precise-updates/multiverse/binary-i386/Packages  404  Not Found [IP: 91.189.91.38 80]

W: Failed to fetch http://us.archive.ubuntu.com/ubuntu/dists/precise-backports/main/source/Sources  404  Not Found [IP: 91.189.91.38 80]

W: Failed to fetch http://us.archive.ubuntu.com/ubuntu/dists/precise-backports/restricted/source/Sources  404  Not Found [IP: 91.189.91.38 80]

W: Failed to fetch http://us.archive.ubuntu.com/ubuntu/dists/precise-backports/universe/source/Sources  404  Not Found [IP: 91.189.91.38 80]

W: Failed to fetch http://us.archive.ubuntu.com/ubuntu/dists/precise-backports/multiverse/source/Sources  404  Not Found [IP: 91.189.91.38 80]

W: Failed to fetch http://us.archive.ubuntu.com/ubuntu/dists/precise-backports/main/binary-amd64/Packages  404  Not Found [IP: 91.189.91.38 80]

W: Failed to fetch http://us.archive.ubuntu.com/ubuntu/dists/precise-backports/restricted/binary-amd64/Packages  404  Not Found [IP: 91.189.91.38 80]

W: Failed to fetch http://us.archive.ubuntu.com/ubuntu/dists/precise-backports/universe/binary-amd64/Packages  404  Not Found [IP: 91.189.91.38 80]

W: Failed to fetch http://us.archive.ubuntu.com/ubuntu/dists/precise-backports/multiverse/binary-amd64/Packages  404  Not Found [IP: 91.189.91.38 80]

W: Failed to fetch http://us.archive.ubuntu.com/ubuntu/dists/precise-backports/main/binary-i386/Packages  404  Not Found [IP: 91.189.91.38 80]

W: Failed to fetch http://us.archive.ubuntu.com/ubuntu/dists/precise-backports/restricted/binary-i386/Packages  404  Not Found [IP: 91.189.91.38 80]

W: Failed to fetch http://us.archive.ubuntu.com/ubuntu/dists/precise-backports/universe/binary-i386/Packages  404  Not Found [IP: 91.189.91.38 80]

W: Failed to fetch http://us.archive.ubuntu.com/ubuntu/dists/precise-backports/multiverse/binary-i386/Packages  404  Not Found [IP: 91.189.91.38 80]

E: Some index files failed to download. They have been ignored, or old ones used instead.
sed: cannot rename /etc/hosts: Device or resource busy
sed: cannot rename /etc/hosts: Device or resource busy
$ cd failed/paramiko/paramiko
travis_time:start:0daaf8eb[0K$ source ~/virtualenv/python3.4/bin/activate

travis_time:end:0daaf8eb:start=1622292066661978727,finish=1622292066671796737,duration=9818010[0K$ python --version
Python 3.4.2
$ pip --version
pip 6.0.7 from /home/travis/virtualenv/python3.4.2/lib/python3.4/site-packages (python 3.4)
travis_fold:start:install.1[0Ktravis_time:start:16dd291f[0K$ pip install -e .
Obtaining file:///home/travis/build/failed/paramiko/paramiko
Collecting pycrypto!=2.4,>=2.1 (from paramiko==1.13.3)
  Downloading https://files.pythonhosted.org/packages/60/db/645aa9af249f059cc3a368b118de33889219e0362141e75d4eaf6f80f163/pycrypto-2.6.1.tar.gz (446kB)
Collecting ecdsa (from paramiko==1.13.3)
  Downloading https://files.pythonhosted.org/packages/4a/b6/b678b080967b2696e9a201c096dc076ad756fb35c87dca4e1d1a13496ff7/ecdsa-0.17.0-py2.py3-none-any.whl (119kB)
Collecting six>=1.9.0 (from ecdsa->paramiko==1.13.3)
  Downloading https://files.pythonhosted.org/packages/d9/5a/e7c31adbe875f2abbb91bd84cf2dc52d792b5a01506781dbcf25c91daf11/six-1.16.0-py2.py3-none-any.whl
Installing collected packages: six, paramiko, ecdsa, pycrypto

  Running setup.py develop for paramiko
    Creating /home/travis/virtualenv/python3.4.2/lib/python3.4/site-packages/paramiko.egg-link (link to .)
    Adding paramiko 1.13.3 to easy-install.pth file
    Installed /home/travis/build/failed/paramiko/paramiko

  Running setup.py install for pycrypto
    checking for gcc... gcc
    checking whether the C compiler works... yes
    checking for C compiler default output file name... a.out
    checking for suffix of executables...
    checking whether we are cross compiling... no
    checking for suffix of object files... o
    checking whether we are using the GNU C compiler... yes
    checking whether gcc accepts -g... yes
    checking for gcc option to accept ISO C89... none needed
    checking for __gmpz_init in -lgmp... no
    checking for __gmpz_init in -lmpir... no
    checking whether mpz_powm is declared... no
    checking whether mpz_powm_sec is declared... no
    checking how to run the C preprocessor... gcc -E
    checking for grep that handles long lines and -e... /bin/grep
    checking for egrep... /bin/grep -E
    checking for ANSI C header files... yes
    checking for sys/types.h... yes
    checking for sys/stat.h... yes
    checking for stdlib.h... yes
    checking for string.h... yes
    checking for memory.h... yes
    checking for strings.h... yes
    checking for inttypes.h... yes
    checking for stdint.h... yes
    checking for unistd.h... yes
    checking for inttypes.h... (cached) yes
    checking limits.h usability... yes
    checking limits.h presence... yes
    checking for limits.h... yes
    checking stddef.h usability... yes
    checking stddef.h presence... yes
    checking for stddef.h... yes
    checking for stdint.h... (cached) yes
    checking for stdlib.h... (cached) yes
    checking for string.h... (cached) yes
    checking wchar.h usability... yes
    checking wchar.h presence... yes
    checking for wchar.h... yes
    checking for inline... inline
    checking for int16_t... yes
    checking for int32_t... yes
    checking for int64_t... yes
    checking for int8_t... yes
    checking for size_t... yes
    checking for uint16_t... yes
    checking for uint32_t... yes
    checking for uint64_t... yes
    checking for uint8_t... yes
    checking for stdlib.h... (cached) yes
    checking for GNU libc compatible malloc... yes
    checking for memmove... yes
    checking for memset... yes
    configure: creating ./config.status
    config.status: creating src/config.h
    building 'Crypto.Hash._MD2' extension
    gcc -pthread -Wno-unused-result -fwrapv -Wall -Wstrict-prototypes -fstack-protector --param=ssp-buffer-size=4 -Wformat -Werror=format-security -fPIC -std=c99 -O3 -fomit-frame-pointer -Isrc/ -I/opt/python/3.4.2/include/python3.4m -c src/MD2.c -o build/temp.linux-x86_64-3.4/src/MD2.o
    gcc -pthread -shared -L/opt/python/3.4.2/lib -Wl,-rpath=/opt/python/3.4.2/lib build/temp.linux-x86_64-3.4/src/MD2.o -L/opt/python/3.4.2/lib -lpython3.4m -o build/lib.linux-x86_64-3.4/Crypto/Hash/_MD2.cpython-34m.so
    building 'Crypto.Hash._MD4' extension
    gcc -pthread -Wno-unused-result -fwrapv -Wall -Wstrict-prototypes -fstack-protector --param=ssp-buffer-size=4 -Wformat -Werror=format-security -fPIC -std=c99 -O3 -fomit-frame-pointer -Isrc/ -I/opt/python/3.4.2/include/python3.4m -c src/MD4.c -o build/temp.linux-x86_64-3.4/src/MD4.o
    gcc -pthread -shared -L/opt/python/3.4.2/lib -Wl,-rpath=/opt/python/3.4.2/lib build/temp.linux-x86_64-3.4/src/MD4.o -L/opt/python/3.4.2/lib -lpython3.4m -o build/lib.linux-x86_64-3.4/Crypto/Hash/_MD4.cpython-34m.so
    building 'Crypto.Hash._SHA256' extension
    gcc -pthread -Wno-unused-result -fwrapv -Wall -Wstrict-prototypes -fstack-protector --param=ssp-buffer-size=4 -Wformat -Werror=format-security -fPIC -std=c99 -O3 -fomit-frame-pointer -Isrc/ -I/opt/python/3.4.2/include/python3.4m -c src/SHA256.c -o build/temp.linux-x86_64-3.4/src/SHA256.o
    gcc -pthread -shared -L/opt/python/3.4.2/lib -Wl,-rpath=/opt/python/3.4.2/lib build/temp.linux-x86_64-3.4/src/SHA256.o -L/opt/python/3.4.2/lib -lpython3.4m -o build/lib.linux-x86_64-3.4/Crypto/Hash/_SHA256.cpython-34m.so
    building 'Crypto.Hash._SHA224' extension
    gcc -pthread -Wno-unused-result -fwrapv -Wall -Wstrict-prototypes -fstack-protector --param=ssp-buffer-size=4 -Wformat -Werror=format-security -fPIC -std=c99 -O3 -fomit-frame-pointer -Isrc/ -I/opt/python/3.4.2/include/python3.4m -c src/SHA224.c -o build/temp.linux-x86_64-3.4/src/SHA224.o
    gcc -pthread -shared -L/opt/python/3.4.2/lib -Wl,-rpath=/opt/python/3.4.2/lib build/temp.linux-x86_64-3.4/src/SHA224.o -L/opt/python/3.4.2/lib -lpython3.4m -o build/lib.linux-x86_64-3.4/Crypto/Hash/_SHA224.cpython-34m.so
    building 'Crypto.Hash._SHA384' extension
    gcc -pthread -Wno-unused-result -fwrapv -Wall -Wstrict-prototypes -fstack-protector --param=ssp-buffer-size=4 -Wformat -Werror=format-security -fPIC -std=c99 -O3 -fomit-frame-pointer -Isrc/ -I/opt/python/3.4.2/include/python3.4m -c src/SHA384.c -o build/temp.linux-x86_64-3.4/src/SHA384.o
    gcc -pthread -shared -L/opt/python/3.4.2/lib -Wl,-rpath=/opt/python/3.4.2/lib build/temp.linux-x86_64-3.4/src/SHA384.o -L/opt/python/3.4.2/lib -lpython3.4m -o build/lib.linux-x86_64-3.4/Crypto/Hash/_SHA384.cpython-34m.so
    building 'Crypto.Hash._SHA512' extension
    gcc -pthread -Wno-unused-result -fwrapv -Wall -Wstrict-prototypes -fstack-protector --param=ssp-buffer-size=4 -Wformat -Werror=format-security -fPIC -std=c99 -O3 -fomit-frame-pointer -Isrc/ -I/opt/python/3.4.2/include/python3.4m -c src/SHA512.c -o build/temp.linux-x86_64-3.4/src/SHA512.o
    gcc -pthread -shared -L/opt/python/3.4.2/lib -Wl,-rpath=/opt/python/3.4.2/lib build/temp.linux-x86_64-3.4/src/SHA512.o -L/opt/python/3.4.2/lib -lpython3.4m -o build/lib.linux-x86_64-3.4/Crypto/Hash/_SHA512.cpython-34m.so
    building 'Crypto.Hash._RIPEMD160' extension
    gcc -pthread -Wno-unused-result -fwrapv -Wall -Wstrict-prototypes -fstack-protector --param=ssp-buffer-size=4 -Wformat -Werror=format-security -fPIC -std=c99 -O3 -fomit-frame-pointer -DPCT_LITTLE_ENDIAN=1 -Isrc/ -I/opt/python/3.4.2/include/python3.4m -c src/RIPEMD160.c -o build/temp.linux-x86_64-3.4/src/RIPEMD160.o
    gcc -pthread -shared -L/opt/python/3.4.2/lib -Wl,-rpath=/opt/python/3.4.2/lib build/temp.linux-x86_64-3.4/src/RIPEMD160.o -L/opt/python/3.4.2/lib -lpython3.4m -o build/lib.linux-x86_64-3.4/Crypto/Hash/_RIPEMD160.cpython-34m.so
    building 'Crypto.Cipher._AES' extension
    gcc -pthread -Wno-unused-result -fwrapv -Wall -Wstrict-prototypes -fstack-protector --param=ssp-buffer-size=4 -Wformat -Werror=format-security -fPIC -std=c99 -O3 -fomit-frame-pointer -Isrc/ -I/opt/python/3.4.2/include/python3.4m -c src/AES.c -o build/temp.linux-x86_64-3.4/src/AES.o
    gcc -pthread -shared -L/opt/python/3.4.2/lib -Wl,-rpath=/opt/python/3.4.2/lib build/temp.linux-x86_64-3.4/src/AES.o -L/opt/python/3.4.2/lib -lpython3.4m -o build/lib.linux-x86_64-3.4/Crypto/Cipher/_AES.cpython-34m.so
    building 'Crypto.Cipher._ARC2' extension
    gcc -pthread -Wno-unused-result -fwrapv -Wall -Wstrict-prototypes -fstack-protector --param=ssp-buffer-size=4 -Wformat -Werror=format-security -fPIC -std=c99 -O3 -fomit-frame-pointer -Isrc/ -I/opt/python/3.4.2/include/python3.4m -c src/ARC2.c -o build/temp.linux-x86_64-3.4/src/ARC2.o
    gcc -pthread -shared -L/opt/python/3.4.2/lib -Wl,-rpath=/opt/python/3.4.2/lib build/temp.linux-x86_64-3.4/src/ARC2.o -L/opt/python/3.4.2/lib -lpython3.4m -o build/lib.linux-x86_64-3.4/Crypto/Cipher/_ARC2.cpython-34m.so
    building 'Crypto.Cipher._Blowfish' extension
    gcc -pthread -Wno-unused-result -fwrapv -Wall -Wstrict-prototypes -fstack-protector --param=ssp-buffer-size=4 -Wformat -Werror=format-security -fPIC -std=c99 -O3 -fomit-frame-pointer -Isrc/ -I/opt/python/3.4.2/include/python3.4m -c src/Blowfish.c -o build/temp.linux-x86_64-3.4/src/Blowfish.o
    gcc -pthread -shared -L/opt/python/3.4.2/lib -Wl,-rpath=/opt/python/3.4.2/lib build/temp.linux-x86_64-3.4/src/Blowfish.o -L/opt/python/3.4.2/lib -lpython3.4m -o build/lib.linux-x86_64-3.4/Crypto/Cipher/_Blowfish.cpython-34m.so
    building 'Crypto.Cipher._CAST' extension
    gcc -pthread -Wno-unused-result -fwrapv -Wall -Wstrict-prototypes -fstack-protector --param=ssp-buffer-size=4 -Wformat -Werror=format-security -fPIC -std=c99 -O3 -fomit-frame-pointer -Isrc/ -I/opt/python/3.4.2/include/python3.4m -c src/CAST.c -o build/temp.linux-x86_64-3.4/src/CAST.o
    gcc -pthread -shared -L/opt/python/3.4.2/lib -Wl,-rpath=/opt/python/3.4.2/lib build/temp.linux-x86_64-3.4/src/CAST.o -L/opt/python/3.4.2/lib -lpython3.4m -o build/lib.linux-x86_64-3.4/Crypto/Cipher/_CAST.cpython-34m.so
    building 'Crypto.Cipher._DES' extension
    gcc -pthread -Wno-unused-result -fwrapv -Wall -Wstrict-prototypes -fstack-protector --param=ssp-buffer-size=4 -Wformat -Werror=format-security -fPIC -std=c99 -O3 -fomit-frame-pointer -Isrc/ -Isrc/libtom/ -I/opt/python/3.4.2/include/python3.4m -c src/DES.c -o build/temp.linux-x86_64-3.4/src/DES.o
    gcc -pthread -shared -L/opt/python/3.4.2/lib -Wl,-rpath=/opt/python/3.4.2/lib build/temp.linux-x86_64-3.4/src/DES.o -L/opt/python/3.4.2/lib -lpython3.4m -o build/lib.linux-x86_64-3.4/Crypto/Cipher/_DES.cpython-34m.so
    building 'Crypto.Cipher._DES3' extension
    gcc -pthread -Wno-unused-result -fwrapv -Wall -Wstrict-prototypes -fstack-protector --param=ssp-buffer-size=4 -Wformat -Werror=format-security -fPIC -std=c99 -O3 -fomit-frame-pointer -Isrc/ -Isrc/libtom/ -I/opt/python/3.4.2/include/python3.4m -c src/DES3.c -o build/temp.linux-x86_64-3.4/src/DES3.o
    gcc -pthread -shared -L/opt/python/3.4.2/lib -Wl,-rpath=/opt/python/3.4.2/lib build/temp.linux-x86_64-3.4/src/DES3.o -L/opt/python/3.4.2/lib -lpython3.4m -o build/lib.linux-x86_64-3.4/Crypto/Cipher/_DES3.cpython-34m.so
    building 'Crypto.Cipher._ARC4' extension
    gcc -pthread -Wno-unused-result -fwrapv -Wall -Wstrict-prototypes -fstack-protector --param=ssp-buffer-size=4 -Wformat -Werror=format-security -fPIC -std=c99 -O3 -fomit-frame-pointer -Isrc/ -I/opt/python/3.4.2/include/python3.4m -c src/ARC4.c -o build/temp.linux-x86_64-3.4/src/ARC4.o
    gcc -pthread -shared -L/opt/python/3.4.2/lib -Wl,-rpath=/opt/python/3.4.2/lib build/temp.linux-x86_64-3.4/src/ARC4.o -L/opt/python/3.4.2/lib -lpython3.4m -o build/lib.linux-x86_64-3.4/Crypto/Cipher/_ARC4.cpython-34m.so
    building 'Crypto.Cipher._XOR' extension
    gcc -pthread -Wno-unused-result -fwrapv -Wall -Wstrict-prototypes -fstack-protector --param=ssp-buffer-size=4 -Wformat -Werror=format-security -fPIC -std=c99 -O3 -fomit-frame-pointer -Isrc/ -I/opt/python/3.4.2/include/python3.4m -c src/XOR.c -o build/temp.linux-x86_64-3.4/src/XOR.o
    gcc -pthread -shared -L/opt/python/3.4.2/lib -Wl,-rpath=/opt/python/3.4.2/lib build/temp.linux-x86_64-3.4/src/XOR.o -L/opt/python/3.4.2/lib -lpython3.4m -o build/lib.linux-x86_64-3.4/Crypto/Cipher/_XOR.cpython-34m.so
    building 'Crypto.Util.strxor' extension
    gcc -pthread -Wno-unused-result -fwrapv -Wall -Wstrict-prototypes -fstack-protector --param=ssp-buffer-size=4 -Wformat -Werror=format-security -fPIC -std=c99 -O3 -fomit-frame-pointer -Isrc/ -I/opt/python/3.4.2/include/python3.4m -c src/strxor.c -o build/temp.linux-x86_64-3.4/src/strxor.o
    gcc -pthread -shared -L/opt/python/3.4.2/lib -Wl,-rpath=/opt/python/3.4.2/lib build/temp.linux-x86_64-3.4/src/strxor.o -L/opt/python/3.4.2/lib -lpython3.4m -o build/lib.linux-x86_64-3.4/Crypto/Util/strxor.cpython-34m.so
    building 'Crypto.Util._counter' extension
    gcc -pthread -Wno-unused-result -fwrapv -Wall -Wstrict-prototypes -fstack-protector --param=ssp-buffer-size=4 -Wformat -Werror=format-security -fPIC -std=c99 -O3 -fomit-frame-pointer -Isrc/ -I/opt/python/3.4.2/include/python3.4m -c src/_counter.c -o build/temp.linux-x86_64-3.4/src/_counter.o
    gcc -pthread -shared -L/opt/python/3.4.2/lib -Wl,-rpath=/opt/python/3.4.2/lib build/temp.linux-x86_64-3.4/src/_counter.o -L/opt/python/3.4.2/lib -lpython3.4m -o build/lib.linux-x86_64-3.4/Crypto/Util/_counter.cpython-34m.so
    warning: GMP or MPIR library not found; Not building Crypto.PublicKey._fastmath.
Successfully installed ecdsa-0.17.0 paramiko pycrypto-2.6.1 six-1.16.0

travis_time:end:16dd291f:start=1622292069153572750,finish=1622292095568296891,duration=26414724141[0Ktravis_fold:end:install.1[0Ktravis_fold:start:install.2[0Ktravis_time:start:1cf7fafc[0K$ pip install coveralls==1.1
Collecting coveralls==1.1
  Downloading https://files.pythonhosted.org/packages/81/f9/da2ad9334f60e418cb229c58724330be2635b369676d3eec8f61e1f85faa/coveralls-1.1-py2.py3-none-any.whl
Collecting coverage>=3.6 (from coveralls==1.1)
  Downloading https://files.pythonhosted.org/packages/38/df/d5e67851e83948def768d7fb1a0fd373665b20f56ff63ed220c6cd16cb11/coverage-5.5.tar.gz (691kB)
    /opt/python/3.4.2/lib/python3.4/distutils/dist.py:260: UserWarning: Unknown distribution option: 'python_requires'
      warnings.warn(msg)
    /opt/python/3.4.2/lib/python3.4/distutils/dist.py:260: UserWarning: Unknown distribution option: 'project_urls'
      warnings.warn(msg)
    /opt/python/3.4.2/lib/python3.4/distutils/dist.py:260: UserWarning: Unknown distribution option: 'long_description_content_type'
      warnings.warn(msg)
Collecting requests>=1.0.0 (from coveralls==1.1)
  Downloading https://files.pythonhosted.org/packages/29/c1/24814557f1d22c56d50280771a17307e6bf87b70727d975fd6b2ce6b014a/requests-2.25.1-py2.py3-none-any.whl (61kB)
Collecting docopt>=0.6.1 (from coveralls==1.1)
  Downloading https://files.pythonhosted.org/packages/a2/55/8f8cab2afd404cf578136ef2cc5dfb50baa1761b68c9da1fb1e4eed343c9/docopt-0.6.2.tar.gz
Collecting chardet<5,>=3.0.2 (from requests>=1.0.0->coveralls==1.1)
  Downloading https://files.pythonhosted.org/packages/19/c7/fa589626997dd07bd87d9269342ccb74b1720384a4d739a1872bd84fbe68/chardet-4.0.0-py2.py3-none-any.whl (178kB)
Collecting idna<3,>=2.5 (from requests>=1.0.0->coveralls==1.1)
  Downloading https://files.pythonhosted.org/packages/a2/38/928ddce2273eaa564f6f50de919327bf3a00f091b5baba8dfa9460f3a8a8/idna-2.10-py2.py3-none-any.whl (58kB)
Collecting urllib3<1.27,>=1.21.1 (from requests>=1.0.0->coveralls==1.1)
  Downloading https://files.pythonhosted.org/packages/0c/cd/1e2ec680ec7b09846dc6e605f5a7709dfb9d7128e51a026e7154e18a234e/urllib3-1.26.5-py2.py3-none-any.whl (138kB)
Collecting certifi>=2017.4.17 (from requests>=1.0.0->coveralls==1.1)
  Downloading https://files.pythonhosted.org/packages/5e/a0/5f06e1e1d463903cf0c0eebeb751791119ed7a4b3737fdc9a77f1cdfb51f/certifi-2020.12.5-py2.py3-none-any.whl (147kB)
Installing collected packages: certifi, urllib3, idna, chardet, docopt, requests, coverage, coveralls




  Running setup.py install for docopt

  Running setup.py install for coverage
    building 'coverage.tracer' extension
    gcc -pthread -Wno-unused-result -DNDEBUG -g -fwrapv -O3 -Wall -Wstrict-prototypes -g -fstack-protector --param=ssp-buffer-size=4 -Wformat -Werror=format-security -fPIC -I/opt/python/3.4.2/include/python3.4m -c coverage/ctracer/datastack.c -o build/temp.linux-x86_64-3.4/coverage/ctracer/datastack.o
    gcc -pthread -Wno-unused-result -DNDEBUG -g -fwrapv -O3 -Wall -Wstrict-prototypes -g -fstack-protector --param=ssp-buffer-size=4 -Wformat -Werror=format-security -fPIC -I/opt/python/3.4.2/include/python3.4m -c coverage/ctracer/filedisp.c -o build/temp.linux-x86_64-3.4/coverage/ctracer/filedisp.o
    gcc -pthread -Wno-unused-result -DNDEBUG -g -fwrapv -O3 -Wall -Wstrict-prototypes -g -fstack-protector --param=ssp-buffer-size=4 -Wformat -Werror=format-security -fPIC -I/opt/python/3.4.2/include/python3.4m -c coverage/ctracer/module.c -o build/temp.linux-x86_64-3.4/coverage/ctracer/module.o
    gcc -pthread -Wno-unused-result -DNDEBUG -g -fwrapv -O3 -Wall -Wstrict-prototypes -g -fstack-protector --param=ssp-buffer-size=4 -Wformat -Werror=format-security -fPIC -I/opt/python/3.4.2/include/python3.4m -c coverage/ctracer/tracer.c -o build/temp.linux-x86_64-3.4/coverage/ctracer/tracer.o
    gcc -pthread -shared -L/opt/python/3.4.2/lib -Wl,-rpath=/opt/python/3.4.2/lib build/temp.linux-x86_64-3.4/coverage/ctracer/datastack.o build/temp.linux-x86_64-3.4/coverage/ctracer/filedisp.o build/temp.linux-x86_64-3.4/coverage/ctracer/module.o build/temp.linux-x86_64-3.4/coverage/ctracer/tracer.o -L/opt/python/3.4.2/lib -lpython3.4m -o build/lib.linux-x86_64-3.4/coverage/tracer.cpython-34m.so
    /opt/python/3.4.2/lib/python3.4/distutils/dist.py:260: UserWarning: Unknown distribution option: 'project_urls'
      warnings.warn(msg)
    /opt/python/3.4.2/lib/python3.4/distutils/dist.py:260: UserWarning: Unknown distribution option: 'python_requires'
      warnings.warn(msg)
    /opt/python/3.4.2/lib/python3.4/distutils/dist.py:260: UserWarning: Unknown distribution option: 'long_description_content_type'
      warnings.warn(msg)
    Installing coverage3 script to /home/travis/virtualenv/python3.4.2/bin
    Installing coverage-3.4 script to /home/travis/virtualenv/python3.4.2/bin
    Installing coverage script to /home/travis/virtualenv/python3.4.2/bin

Successfully installed certifi-2020.12.5 chardet-4.0.0 coverage-5.5 coveralls-1.1 docopt-0.6.2 idna-2.10 requests-2.25.1 urllib3-1.26.5

travis_time:end:1cf7fafc:start=1622292095578282200,finish=1622292101953889428,duration=6375607228[0Ktravis_fold:end:install.2[0Ktravis_fold:start:install.3[0Ktravis_time:start:1cca64a2[0K$ pip install -r dev-requirements.txt
Collecting tox==2.1.1 (from -r dev-requirements.txt (line 2))
  Downloading https://files.pythonhosted.org/packages/af/cd/e4e47282c016184656e6a1ca3f8d4baa7c59277aa98fd36767fa48aea476/tox-2.1.1-py2.py3-none-any.whl
Collecting invoke==0.11.1 (from -r dev-requirements.txt (line 4))
  Downloading https://files.pythonhosted.org/packages/a6/fa/b0784fdcc97121dd6efe728075c4166e602e36c852cc02e92d66edb90521/invoke-0.11.1-py2.py3-none-any.whl (148kB)
Collecting invocations==0.11.0 (from -r dev-requirements.txt (line 5))
  Downloading https://files.pythonhosted.org/packages/bc/d5/55589d43d6aa087d9e3a6f27a41ecf9854022f8a44a48ca07589dbd4359e/invocations-0.11.0-py2.py3-none-any.whl
Collecting sphinx==1.3.1 (from -r dev-requirements.txt (line 6))
  Downloading https://files.pythonhosted.org/packages/63/2c/0a30c391708f827039be5569164ed039b1e46906a4bff5a348b0abe2945e/Sphinx-1.3.1-py2.py3-none-any.whl (1.3MB)
Collecting alabaster==0.7.6 (from -r dev-requirements.txt (line 7))
  Downloading https://files.pythonhosted.org/packages/04/cb/39ba17c43293aaddd073810691b0393143d26734a8e52ed9d65059b1108c/alabaster-0.7.6.tar.gz
Collecting releases==0.7.0 (from -r dev-requirements.txt (line 8))
  Downloading https://files.pythonhosted.org/packages/4e/5f/8b4298d97523010630c3168225cb6ec34e531fd02492c13338ee78ac98d9/releases-0.7.0.tar.gz
Collecting semantic-version==2.4.2 (from -r dev-requirements.txt (line 9))
  Downloading https://files.pythonhosted.org/packages/b4/45/7fe26b91ba7e201768a9ad9fcf6c25957ea8a74ab30faa4a8f264f83eece/semantic_version-2.4.2-py3-none-any.whl
Requirement already satisfied (use --upgrade to upgrade): wheel==0.24 in /home/travis/virtualenv/python3.4.2/lib/python3.4/site-packages (from -r dev-requirements.txt (line 10))
Collecting twine==1.5 (from -r dev-requirements.txt (line 11))
  Downloading https://files.pythonhosted.org/packages/b6/57/a4148d05bd0098c1d6d8cc4e14e766dbe93c3a5ab6723b969da27a87bac0/twine-1.5.0-py2.py3-none-any.whl
Collecting virtualenv>=1.11.2 (from tox==2.1.1->-r dev-requirements.txt (line 2))
  Downloading https://files.pythonhosted.org/packages/03/08/f819421002e85a71d58368f7bffbe0b1921325e0e8ca7857cb5fb0e1f7c1/virtualenv-20.4.7-py2.py3-none-any.whl (7.2MB)
Requirement already satisfied (use --upgrade to upgrade): py>=1.4.17 in /home/travis/virtualenv/python3.4.2/lib/python3.4/site-packages (from tox==2.1.1->-r dev-requirements.txt (line 2))
Collecting pluggy<0.4.0,>=0.3.0 (from tox==2.1.1->-r dev-requirements.txt (line 2))
  Downloading https://files.pythonhosted.org/packages/d3/ff/d63342af76d20f9b94c2138aef8739df23311e3ce8a8ae7e4b0733ab0827/pluggy-0.3.1-py2.py3-none-any.whl
Collecting docutils>=0.11 (from sphinx==1.3.1->-r dev-requirements.txt (line 6))
  Downloading https://files.pythonhosted.org/packages/4c/5e/6003a0d1f37725ec2ebd4046b657abb9372202655f96e76795dca8c0063c/docutils-0.17.1-py2.py3-none-any.whl (575kB)
Collecting snowballstemmer>=1.1 (from sphinx==1.3.1->-r dev-requirements.txt (line 6))
  Downloading https://files.pythonhosted.org/packages/f6/6e/7e07970c90a57c21da92013c5ba47f8e9598c17e88cc35b008ca61225ed3/snowballstemmer-2.1.0-py2.py3-none-any.whl (93kB)
Collecting babel>=1.3 (from sphinx==1.3.1->-r dev-requirements.txt (line 6))
  Downloading https://files.pythonhosted.org/packages/aa/96/4ba93c5f40459dc850d25f9ba93f869a623e77aaecc7a9344e19c01942cf/Babel-2.9.1-py2.py3-none-any.whl (8.8MB)
Requirement already satisfied (use --upgrade to upgrade): six>=1.4 in /home/travis/virtualenv/python3.4.2/lib/python3.4/site-packages (from sphinx==1.3.1->-r dev-requirements.txt (line 6))
Collecting sphinx-rtd-theme<0.2,>=0.1 (from sphinx==1.3.1->-r dev-requirements.txt (line 6))
  Downloading https://files.pythonhosted.org/packages/97/d9/e27ef5a2b6b92d2cf29724c25daf0683adacc43ab5ad15dc0e9b69b464f8/sphinx_rtd_theme-0.1.9-py3-none-any.whl (693kB)
Collecting Jinja2>=2.3 (from sphinx==1.3.1->-r dev-requirements.txt (line 6))
  Downloading https://files.pythonhosted.org/packages/80/21/ae597efc7ed8caaa43fb35062288baaf99a7d43ff0cf66452ddf47604ee6/Jinja2-3.0.1-py3-none-any.whl (133kB)
Collecting Pygments>=2.0 (from sphinx==1.3.1->-r dev-requirements.txt (line 6))
  Downloading https://files.pythonhosted.org/packages/a6/c9/be11fce9810793676017f79ffab3c6cb18575844a6c7b8d4ed92f95de604/Pygments-2.9.0-py3-none-any.whl (1.0MB)
Requirement already satisfied (use --upgrade to upgrade): requests in /home/travis/virtualenv/python3.4.2/lib/python3.4/site-packages (from twine==1.5->-r dev-requirements.txt (line 11))
Collecting pkginfo (from twine==1.5->-r dev-requirements.txt (line 11))
  Downloading https://files.pythonhosted.org/packages/b0/9a/d78e7c299eb5659bc3a036e5a968a399c62bfe0b2aa18baf7d13f43373ba/pkginfo-1.7.0-py2.py3-none-any.whl
Collecting importlib-metadata>=0.12 (from virtualenv>=1.11.2->tox==2.1.1->-r dev-requirements.txt (line 2))
  Downloading https://files.pythonhosted.org/packages/e2/51/3af0db7c4caa1a5a43d506a848f63b56926fdf4f585d227a8a85a0671bbb/importlib_metadata-4.3.1-py3-none-any.whl
Collecting distlib<1,>=0.3.1 (from virtualenv>=1.11.2->tox==2.1.1->-r dev-requirements.txt (line 2))
  Downloading https://files.pythonhosted.org/packages/87/26/f6a23dd3e578132cf924e0dd5d4e055af0cd4ab43e2a9f10b7568bfb39d9/distlib-0.3.2-py2.py3-none-any.whl (338kB)
Collecting filelock<4,>=3.0.0 (from virtualenv>=1.11.2->tox==2.1.1->-r dev-requirements.txt (line 2))
  Downloading https://files.pythonhosted.org/packages/93/83/71a2ee6158bb9f39a90c0dea1637f81d5eef866e188e1971a1b1ab01a35a/filelock-3.0.12-py3-none-any.whl
Collecting appdirs<2,>=1.4.3 (from virtualenv>=1.11.2->tox==2.1.1->-r dev-requirements.txt (line 2))
  Downloading https://files.pythonhosted.org/packages/3b/00/2344469e2084fb287c2e0b57b72910309874c3245463acd6cf5e3db69324/appdirs-1.4.4-py2.py3-none-any.whl
Collecting importlib-resources>=1.0 (from virtualenv>=1.11.2->tox==2.1.1->-r dev-requirements.txt (line 2))
  Downloading https://files.pythonhosted.org/packages/a4/30/b230b6586bcf6b80752ae42979f3b0da70bbde977d2b73eafd20c693b3db/importlib_resources-5.1.4-py3-none-any.whl
Collecting pytz>=2015.7 (from babel>=1.3->sphinx==1.3.1->-r dev-requirements.txt (line 6))
  Downloading https://files.pythonhosted.org/packages/70/94/784178ca5dd892a98f113cdd923372024dc04b8d40abe77ca76b5fb90ca6/pytz-2021.1-py2.py3-none-any.whl (510kB)
Collecting MarkupSafe>=2.0 (from Jinja2>=2.3->sphinx==1.3.1->-r dev-requirements.txt (line 6))
  Downloading https://files.pythonhosted.org/packages/bf/10/ff66fea6d1788c458663a84d88787bae15d45daa16f6b3ef33322a51fc7e/MarkupSafe-2.0.1.tar.gz
  Requested MarkupSafe>=2.0 (from Jinja2>=2.3->sphinx==1.3.1->-r dev-requirements.txt (line 6)), but installing version None
Requirement already satisfied (use --upgrade to upgrade): urllib3<1.27,>=1.21.1 in /home/travis/virtualenv/python3.4.2/lib/python3.4/site-packages (from requests->twine==1.5->-r dev-requirements.txt (line 11))
Requirement already satisfied (use --upgrade to upgrade): certifi>=2017.4.17 in /home/travis/virtualenv/python3.4.2/lib/python3.4/site-packages (from requests->twine==1.5->-r dev-requirements.txt (line 11))
Requirement already satisfied (use --upgrade to upgrade): idna<3,>=2.5 in /home/travis/virtualenv/python3.4.2/lib/python3.4/site-packages (from requests->twine==1.5->-r dev-requirements.txt (line 11))
Requirement already satisfied (use --upgrade to upgrade): chardet<5,>=3.0.2 in /home/travis/virtualenv/python3.4.2/lib/python3.4/site-packages (from requests->twine==1.5->-r dev-requirements.txt (line 11))
Collecting typing-extensions>=3.6.4 (from importlib-metadata>=0.12->virtualenv>=1.11.2->tox==2.1.1->-r dev-requirements.txt (line 2))
  Downloading https://files.pythonhosted.org/packages/2e/35/6c4fff5ab443b57116cb1aad46421fb719bed2825664e8fe77d66d99bcbc/typing_extensions-3.10.0.0-py3-none-any.whl
Collecting zipp>=0.5 (from importlib-metadata>=0.12->virtualenv>=1.11.2->tox==2.1.1->-r dev-requirements.txt (line 2))
  Downloading https://files.pythonhosted.org/packages/0f/8c/715c54e9e34c0c4820f616a913a7de3337d0cd79074dd1bed4dd840f16ae/zipp-3.4.1-py3-none-any.whl
Collecting typing>=3.7.4 (from typing-extensions>=3.6.4->importlib-metadata>=0.12->virtualenv>=1.11.2->tox==2.1.1->-r dev-requirements.txt (line 2))
  Downloading https://files.pythonhosted.org/packages/f2/5d/865e17349564eb1772688d8afc5e3081a5964c640d64d1d2880ebaed002d/typing-3.10.0.0-py3-none-any.whl
Installing collected packages: typing, zipp, typing-extensions, MarkupSafe, pytz, importlib-resources, appdirs, filelock, distlib, importlib-metadata, pkginfo, Pygments, Jinja2, sphinx-rtd-theme, babel, snowballstemmer, docutils, pluggy, virtualenv, twine, semantic-version, releases, alabaster, sphinx, invocations, invoke, tox



  Running setup.py install for MarkupSafe
    building 'markupsafe._speedups' extension
    gcc -pthread -Wno-unused-result -DNDEBUG -g -fwrapv -O3 -Wall -Wstrict-prototypes -g -fstack-protector --param=ssp-buffer-size=4 -Wformat -Werror=format-security -fPIC -I/opt/python/3.4.2/include/python3.4m -c src/markupsafe/_speedups.c -o build/temp.linux-x86_64-3.4/src/markupsafe/_speedups.o
    gcc -pthread -shared -L/opt/python/3.4.2/lib -Wl,-rpath=/opt/python/3.4.2/lib build/temp.linux-x86_64-3.4/src/markupsafe/_speedups.o -L/opt/python/3.4.2/lib -lpython3.4m -o build/lib.linux-x86_64-3.4/markupsafe/_speedups.cpython-34m.so

  
  
  
  




  
  
  
  


  
  
  
  

  
  
  
  
  
  
  
  
  
  
  
  
  
  
  
  
  
  
  
  
  
  
  
  
  
  
  
  
  
  
  
  
  
  
  
  
  
  
  
  









  Running setup.py install for releases
  Running setup.py install for alabaster


  
  
  
  
  
    File "/tmp/pip-build-8rd_it6v/invoke/invoke/vendor/yaml2/resolver.py", line 171
      re.compile(ur'''^(?:yes|Yes|YES|no|No|NO
                      |true|True|TRUE|false|False|FALSE
                      |on|On|ON|off|Off|OFF)$''', re.X),
                                              
                                                       
                                               ^
  
  
  
  


Successfully installed Jinja2-3.0.1 MarkupSafe-0.0.0 Pygments-2.9.0 alabaster-0.7.6 appdirs-1.4.4 babel-2.9.1 distlib-0.3.2 docutils-0.17.1 filelock-3.0.12 importlib-metadata-4.3.1 importlib-resources-5.1.4 invocations-0.11.0 invoke-0.11.1 pkginfo-1.7.0 pluggy-0.3.1 pytz-2021.1 releases-0.7.0 semantic-version-2.4.2 snowballstemmer-2.1.0 sphinx-1.3.1 sphinx-rtd-theme-0.1.9 tox-2.1.1 twine-1.5.0 typing-3.10.0.0 typing-extensions-3.10.0.0 virtualenv-20.4.7 zipp-3.4.1

travis_time:end:1cca64a2:start=1622292101965056751,finish=1622292120058732989,duration=18093676238[0Ktravis_fold:end:install.3[0Ktravis_time:start:1c0ec79a[0K$ invoke coverage
Traceback (most recent call last):
  File "test.py", line 30, in <module>
    import paramiko
  File "/home/travis/build/failed/paramiko/paramiko/paramiko/__init__.py", line 30, in <module>
    from paramiko.transport import SecurityOptions, Transport
  File "/home/travis/build/failed/paramiko/paramiko/paramiko/transport.py", line 53, in <module>
    from paramiko.ecdsakey import ECDSAKey
  File "/home/travis/build/failed/paramiko/paramiko/paramiko/ecdsakey.py", line 26, in <module>
    from ecdsa.test_pyecdsa import ECDSA
  File "/home/travis/virtualenv/python3.4.2/lib/python3.4/site-packages/ecdsa/test_pyecdsa.py", line 17, in <module>
    from hypothesis import given
ImportError: No module named 'hypothesis'

travis_time:end:1c0ec79a:start=1622292120068778995,finish=1622292123819582589,duration=3750803594[0K
[31;1mThe command "invoke coverage" exited with 1.[0m
travis_time:start:142f6a34[0K$ invoke docs -o -W www -o -W
WARNING: stdin is not a pty; falling back to non-pty execution!
Traceback (most recent call last):
  File "/home/travis/virtualenv/python3.4.2/bin/sphinx-build", line 11, in <module>
    sys.exit(main())
  File "/home/travis/virtualenv/python3.4.2/lib/python3.4/site-packages/sphinx/__init__.py", line 51, in main
    sys.exit(build_main(argv))
  File "/home/travis/virtualenv/python3.4.2/lib/python3.4/site-packages/sphinx/__init__.py", line 61, in build_main
    from sphinx import cmdline
  File "/home/travis/virtualenv/python3.4.2/lib/python3.4/site-packages/sphinx/cmdline.py", line 23, in <module>
    from sphinx.application import Sphinx
  File "/home/travis/virtualenv/python3.4.2/lib/python3.4/site-packages/sphinx/application.py", line 31, in <module>
    from sphinx.roles import XRefRole
  File "/home/travis/virtualenv/python3.4.2/lib/python3.4/site-packages/sphinx/roles.py", line 21, in <module>
    from sphinx.util import ws_re
  File "/home/travis/virtualenv/python3.4.2/lib/python3.4/site-packages/sphinx/util/__init__.py", line 29, in <module>
    import jinja2
  File "/home/travis/virtualenv/python3.4.2/lib/python3.4/site-packages/jinja2/__init__.py", line 5, in <module>
    from .bccache import BytecodeCache as BytecodeCache
  File "/home/travis/virtualenv/python3.4.2/lib/python3.4/site-packages/jinja2/bccache.py", line 61
    self.code: t.Optional[CodeType] = None
             ^
SyntaxError: invalid syntax

travis_time:end:142f6a34:start=1622292123829079512,finish=1622292124209020233,duration=379940721[0K
[31;1mThe command "invoke docs -o -W www -o -W" exited with 1.[0m

Done. Your build exited with 1.
