travis_fold:start:system_info[0K[33;1mBuild system information[0m
Build language: python
Build group: stable
Build dist: trusty
Build id: ''
Job id: ''
[34m[1mBuild image provisioning date and time[0m
Tue Aug 29 02:50:02 UTC 2017
[34m[1mOperating System Details[0m
Distributor ID:	Ubuntu
Description:	Ubuntu 14.04.5 LTS
Release:	14.04
Codename:	trusty
[34m[1mCookbooks Version[0m
4642454 https://github.com/travis-ci/travis-cookbooks/tree/4642454
[34m[1mgit version[0m
git version 2.14.1
[34m[1mbash version[0m
GNU bash, version 4.3.11(1)-release (x86_64-pc-linux-gnu)
[34m[1mgcc version[0m
gcc (Ubuntu 4.8.4-2ubuntu1~14.04.3) 4.8.4
Copyright (C) 2013 Free Software Foundation, Inc.
This is free software; see the source for copying conditions.  There is NO
warranty; not even for MERCHANTABILITY or FITNESS FOR A PARTICULAR PURPOSE.

[34m[1mdocker version[0m
Client:
 Version:      17.03.1-ce
 API version:  1.27
 Go version:   go1.7.5
 Git commit:   c6d412e
 Built:        Mon Mar 27 16:58:30 2017
 OS/Arch:      linux/amd64
[34m[1mclang version[0m
clang version 3.9.0 (tags/RELEASE_390/final)
Target: x86_64-unknown-linux-gnu
Thread model: posix
InstalledDir: /usr/local/clang-3.9.0/bin
[34m[1mjq version[0m
jq-1.5
[34m[1mbats version[0m
Bats 0.4.0
[34m[1mshellcheck version[0m
0.4.6
[34m[1mshfmt version[0m
v1.3.1
[34m[1mccache version[0m
ccache version 3.1.9

Copyright (C) 2002-2007 Andrew Tridgell
Copyright (C) 2009-2011 Joel Rosdahl

This program is free software; you can redistribute it and/or modify it under
the terms of the GNU General Public License as published by the Free Software
Foundation; either version 3 of the License, or (at your option) any later
version.
[34m[1mcmake version[0m
cmake version 3.2.2

CMake suite maintained and supported by Kitware (kitware.com/cmake).
[34m[1mheroku version[0m
heroku-cli/6.13.19-6cd27b3 (linux-x64) node-v8.3.0
[34m[1mimagemagick version[0m
Version: ImageMagick 6.7.7-10 2017-07-31 Q16 http://www.imagemagick.org
[34m[1mmd5deep version[0m
4.2
[34m[1mmercurial version[0m
Mercurial Distributed SCM (version 4.2.2)
(see https://mercurial-scm.org for more information)

Copyright (C) 2005-2017 Matt Mackall and others
This is free software; see the source for copying conditions. There is NO
warranty; not even for MERCHANTABILITY or FITNESS FOR A PARTICULAR PURPOSE.
[34m[1mmysql version[0m
mysql  Ver 14.14 Distrib 5.6.33, for debian-linux-gnu (x86_64) using  EditLine wrapper
[34m[1mopenssl version[0m
OpenSSL 1.0.1f 6 Jan 2014
[34m[1mpacker version[0m
Packer v1.0.2

Your version of Packer is out of date! The latest version
is 1.0.4. You can update by downloading from www.packer.io
[34m[1mpostgresql client version[0m
psql (PostgreSQL) 9.6.4
[34m[1mragel version[0m
Ragel State Machine Compiler version 6.8 Feb 2013
Copyright (c) 2001-2009 by Adrian Thurston
[34m[1msubversion version[0m
svn, version 1.8.8 (r1568071)
   compiled Aug 10 2017, 17:20:39 on x86_64-pc-linux-gnu

Copyright (C) 2013 The Apache Software Foundation.
This software consists of contributions made by many people;
see the NOTICE file for more information.
Subversion is open source software, see http://subversion.apache.org/

The following repository access (RA) modules are available:

* ra_svn : Module for accessing a repository using the svn network protocol.
  - with Cyrus SASL authentication
  - handles 'svn' scheme
* ra_local : Module for accessing a repository on local disk.
  - handles 'file' scheme
* ra_serf : Module for accessing a repository via WebDAV protocol using serf.
  - using serf 1.3.3
  - handles 'http' scheme
  - handles 'https' scheme

[34m[1msudo version[0m
Sudo version 1.8.9p5
Configure options: --prefix=/usr -v --with-all-insults --with-pam --with-fqdn --with-logging=syslog --with-logfac=authpriv --with-env-editor --with-editor=/usr/bin/editor --with-timeout=15 --with-password-timeout=0 --with-passprompt=[sudo] password for %p:  --without-lecture --with-tty-tickets --disable-root-mailer --enable-admin-flag --with-sendmail=/usr/sbin/sendmail --with-timedir=/var/lib/sudo --mandir=/usr/share/man --libexecdir=/usr/lib/sudo --with-sssd --with-sssd-lib=/usr/lib/x86_64-linux-gnu --with-selinux
Sudoers policy plugin version 1.8.9p5
Sudoers file grammar version 43

Sudoers path: /etc/sudoers
Authentication methods: 'pam'
Syslog facility if syslog is being used for logging: authpriv
Syslog priority to use when user authenticates successfully: notice
Syslog priority to use when user authenticates unsuccessfully: alert
Send mail if the user is not in sudoers
Use a separate timestamp for each user/tty combo
Lecture user the first time they run sudo
Root may run sudo
Allow some information gathering to give useful error messages
Require fully-qualified hostnames in the sudoers file
Visudo will honor the EDITOR environment variable
Set the LOGNAME and USER environment variables
Length at which to wrap log file lines (0 for no wrap): 80
Authentication timestamp timeout: 15.0 minutes
Password prompt timeout: 0.0 minutes
Number of tries to enter a password: 3
Umask to use or 0777 to use user's: 022
Path to mail program: /usr/sbin/sendmail
Flags for mail program: -t
Address to send mail to: root
Subject line for mail messages: *** SECURITY information for %h ***
Incorrect password message: Sorry, try again.
Path to authentication timestamp dir: /var/lib/sudo
Default password prompt: [sudo] password for %p: 
Default user to run commands as: root
Value to override user's $PATH with: /usr/local/sbin:/usr/local/bin:/usr/sbin:/usr/bin:/sbin:/bin:/snap/bin
Path to the editor for use by visudo: /usr/bin/editor
When to require a password for 'list' pseudocommand: any
When to require a password for 'verify' pseudocommand: all
File descriptors >= 3 will be closed before executing a command
Environment variables to check for sanity:
	TZ
	TERM
	LINGUAS
	LC_*
	LANGUAGE
	LANG
	COLORTERM
Environment variables to remove:
	RUBYOPT
	RUBYLIB
	PYTHONUSERBASE
	PYTHONINSPECT
	PYTHONPATH
	PYTHONHOME
	TMPPREFIX
	ZDOTDIR
	READNULLCMD
	NULLCMD
	FPATH
	PERL5DB
	PERL5OPT
	PERL5LIB
	PERLLIB
	PERLIO_DEBUG 
	JAVA_TOOL_OPTIONS
	SHELLOPTS
	GLOBIGNORE
	PS4
	BASH_ENV
	ENV
	TERMCAP
	TERMPATH
	TERMINFO_DIRS
	TERMINFO
	_RLD*
	LD_*
	PATH_LOCALE
	NLSPATH
	HOSTALIASES
	RES_OPTIONS
	LOCALDOMAIN
	CDPATH
	IFS
Environment variables to preserve:
	JAVA_HOME
	TRAVIS
	CI
	DEBIAN_FRONTEND
	XAUTHORIZATION
	XAUTHORITY
	PS2
	PS1
	PATH
	LS_COLORS
	KRB5CCNAME
	HOSTNAME
	HOME
	DISPLAY
	COLORS
Locale to use while parsing sudoers: C
Directory in which to store input/output logs: /var/log/sudo-io
File in which to store the input/output log: %{seq}
Add an entry to the utmp/utmpx file when allocating a pty
PAM service name to use
PAM service name to use for login shells
Create a new PAM session for the command to run in
Maximum I/O log sequence number: 0

Local IP address and netmask pairs:
	172.17.0.2/255.255.0.0

Sudoers I/O plugin version 1.8.9p5
[34m[1mgzip version[0m
gzip 1.6
Copyright (C) 2007, 2010, 2011 Free Software Foundation, Inc.
Copyright (C) 1993 Jean-loup Gailly.
This is free software.  You may redistribute copies of it under the terms of
the GNU General Public License <http://www.gnu.org/licenses/gpl.html>.
There is NO WARRANTY, to the extent permitted by law.

Written by Jean-loup Gailly.
[34m[1mzip version[0m
Copyright (c) 1990-2008 Info-ZIP - Type 'zip "-L"' for software license.
This is Zip 3.0 (July 5th 2008), by Info-ZIP.
Currently maintained by E. Gordon.  Please send bug reports to
the authors using the web page at www.info-zip.org; see README for details.

Latest sources and executables are at ftp://ftp.info-zip.org/pub/infozip,
as of above date; see http://www.info-zip.org/ for other sites.

Compiled with gcc 4.8.2 for Unix (Linux ELF) on Oct 21 2013.

Zip special compilation options:
	USE_EF_UT_TIME       (store Universal Time)
	BZIP2_SUPPORT        (bzip2 library version 1.0.6, 6-Sept-2010)
	    bzip2 code and library copyright (c) Julian R Seward
	    (See the bzip2 license for terms of use)
	SYMLINK_SUPPORT      (symbolic links supported)
	LARGE_FILE_SUPPORT   (can read and write large files on file system)
	ZIP64_SUPPORT        (use Zip64 to store large files in archives)
	UNICODE_SUPPORT      (store and read UTF-8 Unicode paths)
	STORE_UNIX_UIDs_GIDs (store UID/GID sizes/values using new extra field)
	UIDGID_NOT_16BIT     (old Unix 16-bit UID/GID extra field not used)
	[encryption, version 2.91 of 05 Jan 2007] (modified for Zip 3)

Encryption notice:
	The encryption code of this program is not copyrighted and is
	put in the public domain.  It was originally written in Europe
	and, to the best of our knowledge, can be freely distributed
	in both source and object forms from any country, including
	the USA under License Exception TSU of the U.S. Export
	Administration Regulations (section 740.13(e)) of 6 June 2002.

Zip environment options:
             ZIP:  [none]
          ZIPOPT:  [none]
[34m[1mvim version[0m
VIM - Vi IMproved 7.4 (2013 Aug 10, compiled Nov 24 2016 16:43:18)
Included patches: 1-52
Extra patches: 8.0.0056
Modified by pkg-vim-maintainers@lists.alioth.debian.org
Compiled by buildd@
Huge version without GUI.  Features included (+) or not (-):
+acl             +farsi           +mouse_netterm   +syntax
+arabic          +file_in_path    +mouse_sgr       +tag_binary
+autocmd         +find_in_path    -mouse_sysmouse  +tag_old_static
-balloon_eval    +float           +mouse_urxvt     -tag_any_white
-browse          +folding         +mouse_xterm     -tcl
++builtin_terms  -footer          +multi_byte      +terminfo
+byte_offset     +fork()          +multi_lang      +termresponse
+cindent         +gettext         -mzscheme        +textobjects
-clientserver    -hangul_input    +netbeans_intg   +title
-clipboard       +iconv           +path_extra      -toolbar
+cmdline_compl   +insert_expand   -perl            +user_commands
+cmdline_hist    +jumplist        +persistent_undo +vertsplit
+cmdline_info    +keymap          +postscript      +virtualedit
+comments        +langmap         +printer         +visual
+conceal         +libcall         +profile         +visualextra
+cryptv          +linebreak       +python          +viminfo
+cscope          +lispindent      -python3         +vreplace
+cursorbind      +listcmds        +quickfix        +wildignore
+cursorshape     +localmap        +reltime         +wildmenu
+dialog_con      -lua             +rightleft       +windows
+diff            +menu            -ruby            +writebackup
+digraphs        +mksession       +scrollbind      -X11
-dnd             +modify_fname    +signs           -xfontset
-ebcdic          +mouse           +smartindent     -xim
+emacs_tags      -mouseshape      -sniff           -xsmp
+eval            +mouse_dec       +startuptime     -xterm_clipboard
+ex_extra        +mouse_gpm       +statusline      -xterm_save
+extra_search    -mouse_jsbterm   -sun_workshop    -xpm
   system vimrc file: "$VIM/vimrc"
     user vimrc file: "$HOME/.vimrc"
 2nd user vimrc file: "~/.vim/vimrc"
      user exrc file: "$HOME/.exrc"
  fall-back for $VIM: "/usr/share/vim"
Compilation: gcc -c -I. -Iproto -DHAVE_CONFIG_H     -g -O2 -fstack-protector --param=ssp-buffer-size=4 -Wformat -Werror=format-security -U_FORTIFY_SOURCE -D_FORTIFY_SOURCE=1      
Linking: gcc   -Wl,-Bsymbolic-functions -Wl,-z,relro -Wl,--as-needed -o vim        -lm -ltinfo -lnsl  -lselinux  -lacl -lattr -lgpm -ldl    -L/usr/lib/python2.7/config-x86_64-linux-gnu -lpython2.7 -lpthread -ldl -lutil -lm -Xlinker -export-dynamic -Wl,-O1 -Wl,-Bsymbolic-functions      
[34m[1miptables version[0m
iptables v1.4.21
[34m[1mcurl version[0m
curl 7.35.0 (x86_64-pc-linux-gnu) libcurl/7.35.0 OpenSSL/1.0.1f zlib/1.2.8 libidn/1.28 librtmp/2.3
[34m[1mwget version[0m
GNU Wget 1.15 built on linux-gnu.
[34m[1mrsync version[0m
rsync  version 3.1.0  protocol version 31
[34m[1mgimme version[0m
v1.2.0
[34m[1mnvm version[0m
0.33.2
[34m[1mperlbrew version[0m
/home/travis/perl5/perlbrew/bin/perlbrew  - App::perlbrew/0.80
[34m[1mphpenv version[0m
rbenv 1.1.1-4-g4ebd1bd
[34m[1mrvm version[0m
rvm 1.29.2 (latest) by Michal Papis, Piotr Kuczynski, Wayne E. Seguin [https://rvm.io/]
[34m[1mdefault ruby version[0m
ruby 2.4.1p111 (2017-03-22 revision 58053) [x86_64-linux]
[34m[1mCouchDB version[0m
couchdb 1.6.1
[34m[1mElasticSearch version[0m
5.5.0
[34m[1mInstalled Firefox version[0m
firefox 55.0.2
[34m[1mMongoDB version[0m
MongoDB 3.2.16
[34m[1mPre-installed PostgreSQL versions[0m
9.2.22
9.3.18
9.4.13
9.5.8
9.6.4
[34m[1mRabbitMQ Version[0m
3.6.11
[34m[1mRedis version[0m
redis-server 4.0.1
[34m[1mriak version[0m
2.2.3
[34m[1mPre-installed Go versions[0m
1.7.4
[34m[1mant version[0m
Apache Ant(TM) version 1.9.3 compiled on April 8 2014
[34m[1mmvn version[0m
Apache Maven 3.5.0 (ff8f5e7444045639af65f6095c62210b5713f426; 2017-04-03T19:39:06Z)
Maven home: /usr/local/maven-3.5.0
Java version: 1.8.0_144, vendor: Oracle Corporation
Java home: /usr/lib/jvm/java-8-oracle/jre
Default locale: en_US, platform encoding: UTF-8
OS name: "linux", version: "4.4.0-92-generic", arch: "amd64", family: "unix"
[34m[1mgradle version[0m

------------------------------------------------------------
Gradle 4.0.1
------------------------------------------------------------

Build time:   2017-07-07 14:02:41 UTC
Revision:     38e5dc0f772daecca1d2681885d3d85414eb6826

Groovy:       2.4.11
Ant:          Apache Ant(TM) version 1.9.6 compiled on June 29 2015
JVM:          1.8.0_144 (Oracle Corporation 25.144-b01)
OS:           Linux 4.4.0-92-generic amd64

[34m[1mlein version[0m
WARNING: You're currently running as root; probably by accident.
Press control-C to abort or Enter to continue as root.
Set LEIN_ROOT to disable this warning.
Leiningen 2.7.1 on Java 1.8.0_144 Java HotSpot(TM) 64-Bit Server VM
[34m[1mPre-installed Node.js versions[0m
v4.8.4
v6.11.2
v6.9.4
v7.4.0
v8.4
[34m[1mphpenv versions[0m
  system
  5.6
* 5.6.31 (set by /home/travis/.phpenv/version)
  7.0
  7.0.22
  hhvm
  hhvm-stable
[34m[1mcomposer --version[0m
Composer version 1.4.2 2017-05-17 08:17:52
[34m[1mPre-installed Ruby versions[0m
ruby-2.2.7
ruby-2.3.4
ruby-2.4.1
travis_fold:end:system_info[0K
grep: /etc/apt/sources.list.d/*: No such file or directory
sed: cannot rename /etc/hosts: Device or resource busy
sed: cannot rename /etc/hosts: Device or resource busy
$ cd failed/spesmilo/electrum
travis_time:start:27c662af[0K$ source ~/virtualenv/python3.5/bin/activate

travis_time:end:27c662af:start=1622312827682489676,finish=1622312827698347528,duration=15857852[0K$ python --version
Python 3.5.3
$ pip --version
pip 9.0.1 from /home/travis/virtualenv/python3.5.3/lib/python3.5/site-packages (python 3.5)
travis_fold:start:install.1[0Ktravis_time:start:064e4651[0K$ pip install tox==2.9.1
Collecting tox==2.9.1
  Downloading https://files.pythonhosted.org/packages/1d/4e/20c679f8c5948f7c48591fde33d442e716af66a31a88f5791850a75041eb/tox-2.9.1-py2.py3-none-any.whl (73kB)
Collecting virtualenv>=1.11.2; python_version != "3.2" (from tox==2.9.1)
  Downloading https://files.pythonhosted.org/packages/03/08/f819421002e85a71d58368f7bffbe0b1921325e0e8ca7857cb5fb0e1f7c1/virtualenv-20.4.7-py2.py3-none-any.whl (7.2MB)
Requirement already satisfied: six in /home/travis/virtualenv/python3.5.3/lib/python3.5/site-packages (from tox==2.9.1)
Requirement already satisfied: py>=1.4.17 in /home/travis/virtualenv/python3.5.3/lib/python3.5/site-packages (from tox==2.9.1)
Collecting pluggy<1.0,>=0.3.0 (from tox==2.9.1)
  Downloading https://files.pythonhosted.org/packages/a0/28/85c7aa31b80d150b772fbe4a229487bc6644da9ccb7e427dd8cc60cb8a62/pluggy-0.13.1-py2.py3-none-any.whl
Collecting importlib-metadata>=0.12; python_version < "3.8" (from virtualenv>=1.11.2; python_version != "3.2"->tox==2.9.1)
  Downloading https://files.pythonhosted.org/packages/98/b8/8ec57a8ef46fbe7f185318c7ff7df9a06c9df451d9a59a067bfa851bb828/importlib_metadata-2.1.1-py2.py3-none-any.whl
Collecting filelock<4,>=3.0.0 (from virtualenv>=1.11.2; python_version != "3.2"->tox==2.9.1)
  Downloading https://files.pythonhosted.org/packages/93/83/71a2ee6158bb9f39a90c0dea1637f81d5eef866e188e1971a1b1ab01a35a/filelock-3.0.12-py3-none-any.whl
Collecting importlib-resources>=1.0; python_version < "3.7" (from virtualenv>=1.11.2; python_version != "3.2"->tox==2.9.1)
  Downloading https://files.pythonhosted.org/packages/e6/b5/ca7ff4e244ae51e70f603889fcd67ee142050b539b3e2f40fbbd8ca316b5/importlib_resources-3.2.1-py2.py3-none-any.whl
Collecting appdirs<2,>=1.4.3 (from virtualenv>=1.11.2; python_version != "3.2"->tox==2.9.1)
  Downloading https://files.pythonhosted.org/packages/3b/00/2344469e2084fb287c2e0b57b72910309874c3245463acd6cf5e3db69324/appdirs-1.4.4-py2.py3-none-any.whl
Collecting distlib<1,>=0.3.1 (from virtualenv>=1.11.2; python_version != "3.2"->tox==2.9.1)
  Downloading https://files.pythonhosted.org/packages/87/26/f6a23dd3e578132cf924e0dd5d4e055af0cd4ab43e2a9f10b7568bfb39d9/distlib-0.3.2-py2.py3-none-any.whl (338kB)
Collecting zipp>=0.5 (from importlib-metadata>=0.12; python_version < "3.8"->virtualenv>=1.11.2; python_version != "3.2"->tox==2.9.1)
  Downloading https://files.pythonhosted.org/packages/96/0a/67556e9b7782df7118c1f49bdc494da5e5e429c93aa77965f33e81287c8c/zipp-1.2.0-py2.py3-none-any.whl
Installing collected packages: zipp, importlib-metadata, filelock, importlib-resources, appdirs, distlib, virtualenv, pluggy, tox
Successfully installed appdirs-1.4.4 distlib-0.3.2 filelock-3.0.12 importlib-metadata-2.1.1 importlib-resources-3.2.1 pluggy-0.13.1 tox-2.9.1 virtualenv-20.4.7 zipp-1.2.0

travis_time:end:064e4651:start=1622312828479911657,finish=1622312833633106171,duration=5153194514[0Ktravis_fold:end:install.1[0Ktravis_fold:start:install.2[0Ktravis_time:start:0a21b26c[0K$ pip install tox-travis==0.8
Collecting tox-travis==0.8
  Downloading https://files.pythonhosted.org/packages/1f/b5/030fcb9c925c5096bb5dad662789167b496bf19cb8449eb7ecc454cc9206/tox_travis-0.8-py2.py3-none-any.whl
Requirement already satisfied: tox>=2.0 in /home/travis/virtualenv/python3.5.3/lib/python3.5/site-packages (from tox-travis==0.8)
Requirement already satisfied: pluggy<1.0,>=0.3.0 in /home/travis/virtualenv/python3.5.3/lib/python3.5/site-packages (from tox>=2.0->tox-travis==0.8)
Requirement already satisfied: six in /home/travis/virtualenv/python3.5.3/lib/python3.5/site-packages (from tox>=2.0->tox-travis==0.8)
Requirement already satisfied: virtualenv>=1.11.2; python_version != "3.2" in /home/travis/virtualenv/python3.5.3/lib/python3.5/site-packages (from tox>=2.0->tox-travis==0.8)
Requirement already satisfied: py>=1.4.17 in /home/travis/virtualenv/python3.5.3/lib/python3.5/site-packages (from tox>=2.0->tox-travis==0.8)
Requirement already satisfied: importlib-metadata>=0.12; python_version < "3.8" in /home/travis/virtualenv/python3.5.3/lib/python3.5/site-packages (from pluggy<1.0,>=0.3.0->tox>=2.0->tox-travis==0.8)
Requirement already satisfied: distlib<1,>=0.3.1 in /home/travis/virtualenv/python3.5.3/lib/python3.5/site-packages (from virtualenv>=1.11.2; python_version != "3.2"->tox>=2.0->tox-travis==0.8)
Requirement already satisfied: appdirs<2,>=1.4.3 in /home/travis/virtualenv/python3.5.3/lib/python3.5/site-packages (from virtualenv>=1.11.2; python_version != "3.2"->tox>=2.0->tox-travis==0.8)
Requirement already satisfied: filelock<4,>=3.0.0 in /home/travis/virtualenv/python3.5.3/lib/python3.5/site-packages (from virtualenv>=1.11.2; python_version != "3.2"->tox>=2.0->tox-travis==0.8)
Requirement already satisfied: importlib-resources>=1.0; python_version < "3.7" in /home/travis/virtualenv/python3.5.3/lib/python3.5/site-packages (from virtualenv>=1.11.2; python_version != "3.2"->tox>=2.0->tox-travis==0.8)
Requirement already satisfied: zipp>=0.5 in /home/travis/virtualenv/python3.5.3/lib/python3.5/site-packages (from importlib-metadata>=0.12; python_version < "3.8"->pluggy<1.0,>=0.3.0->tox>=2.0->tox-travis==0.8)
Installing collected packages: tox-travis
Successfully installed tox-travis-0.8

travis_time:end:0a21b26c:start=1622312833651130998,finish=1622312835072166533,duration=1421035535[0Ktravis_fold:end:install.2[0Ktravis_time:start:04cee0f8[0K$ tox
GLOB sdist-make: /home/travis/build/failed/spesmilo/electrum/setup.py
py35 create: /home/travis/build/failed/spesmilo/electrum/.tox/py35
py35 installdeps: pytest, coverage
py35 inst: /home/travis/build/failed/spesmilo/electrum/.tox/dist/Electrum-3.0.zip
py35 installed: DEPRECATION: Python 3.5 reached the end of its life on September 13th, 2020. Please upgrade your Python as Python 3.5 is no longer maintained. pip 21.0 will drop support for Python 3.5 in January 2021. pip 21.0 will remove support for this functionality.,attrs==21.2.0,certifi==2020.12.5,chardet==4.0.0,coverage==5.5,dnspython==1.16.0,ecdsa==0.17.0,Electrum @ file:///home/travis/build/failed/spesmilo/electrum/.tox/dist/Electrum-3.0.zip,idna==2.10,importlib-metadata==2.1.1,iniconfig==1.1.1,jsonrpclib-pelix==0.4.2,packaging==20.9,pathlib2==2.3.5,pbkdf2==1.3,pluggy==0.13.1,protobuf==3.17.1,py==1.10.0,pyaes==1.6.1,pyparsing==2.4.7,PySocks==1.7.1,pytest==6.1.2,qrcode==6.1,requests==2.25.1,six==1.16.0,toml==0.10.2,urllib3==1.26.5,zipp==1.2.0
py35 runtests: PYTHONHASHSEED='1549598785'
py35 runtests: commands[0] | coverage run --source=lib -m py.test -v
============================= test session starts ==============================
platform linux -- Python 3.5.3, pytest-6.1.2, py-1.10.0, pluggy-0.13.1 -- /home/travis/build/failed/spesmilo/electrum/.tox/py35/bin/python
cachedir: .pytest_cache
rootdir: /home/travis/build/failed/spesmilo/electrum
collecting ... collected 107 items

lib/tests/test_account.py::Test_Account::test_bip32_account PASSED       [  0%]
lib/tests/test_account.py::Test_Account::test_old_account PASSED         [  1%]
lib/tests/test_bitcoin.py::Test_bitcoin::test_address_to_script PASSED   [  2%]
lib/tests/test_bitcoin.py::Test_bitcoin::test_aes_decode_with_invalid_password PASSED [  3%]
lib/tests/test_bitcoin.py::Test_bitcoin::test_aes_deencode_without_password PASSED [  4%]
lib/tests/test_bitcoin.py::Test_bitcoin::test_aes_encode_without_password PASSED [  5%]
lib/tests/test_bitcoin.py::Test_bitcoin::test_aes_homomorphic PASSED     [  6%]
lib/tests/test_bitcoin.py::Test_bitcoin::test_crypto PASSED              [  7%]
lib/tests/test_bitcoin.py::Test_bitcoin::test_hash PASSED                [  8%]
lib/tests/test_bitcoin.py::Test_bitcoin::test_msg_signing PASSED         [  9%]
lib/tests/test_bitcoin.py::Test_bitcoin::test_op_push PASSED             [ 10%]
lib/tests/test_bitcoin.py::Test_bitcoin::test_var_int PASSED             [ 11%]
lib/tests/test_bitcoin.py::Test_xprv_xpub::test_bip32 PASSED             [ 12%]
lib/tests/test_bitcoin.py::Test_xprv_xpub::test_is_bip32_derivation PASSED [ 13%]
lib/tests/test_bitcoin.py::Test_xprv_xpub::test_is_xprv PASSED           [ 14%]
lib/tests/test_bitcoin.py::Test_xprv_xpub::test_is_xpub PASSED           [ 14%]
lib/tests/test_bitcoin.py::Test_xprv_xpub::test_xpub_from_xprv PASSED    [ 15%]
lib/tests/test_bitcoin.py::Test_xprv_xpub::test_xpub_type PASSED         [ 16%]
lib/tests/test_bitcoin.py::Test_keyImport::test_address_from_private_key PASSED [ 17%]
lib/tests/test_bitcoin.py::Test_keyImport::test_address_to_scripthash PASSED [ 18%]
lib/tests/test_bitcoin.py::Test_keyImport::test_is_compressed PASSED     [ 19%]
lib/tests/test_bitcoin.py::Test_keyImport::test_is_minikey PASSED        [ 20%]
lib/tests/test_bitcoin.py::Test_keyImport::test_is_private_key PASSED    [ 21%]
lib/tests/test_bitcoin.py::Test_keyImport::test_is_valid_address PASSED  [ 22%]
lib/tests/test_bitcoin.py::Test_keyImport::test_public_key_from_private_key PASSED [ 23%]
lib/tests/test_bitcoin.py::Test_keyImport::test_serialize_privkey PASSED [ 24%]
lib/tests/test_bitcoin.py::Test_seeds::test_new_seed PASSED              [ 25%]
lib/tests/test_bitcoin.py::Test_seeds::test_old_seed PASSED              [ 26%]
lib/tests/test_interface.py::TestInterface::test_check_host_name PASSED  [ 27%]
lib/tests/test_interface.py::TestInterface::test_match_host_name PASSED  [ 28%]
lib/tests/test_mnemonic.py::Test_NewMnemonic::test_random_seeds PASSED   [ 28%]
lib/tests/test_mnemonic.py::Test_NewMnemonic::test_to_seed PASSED        [ 29%]
lib/tests/test_mnemonic.py::Test_OldMnemonic::test PASSED                [ 30%]
lib/tests/test_mnemonic.py::Test_BIP39Checksum::test PASSED              [ 31%]
lib/tests/test_simple_config.py::Test_SimpleConfig::test_can_set_options_from_system_config PASSED [ 32%]
lib/tests/test_simple_config.py::Test_SimpleConfig::test_can_set_options_from_system_config_if_portable PASSED [ 33%]
lib/tests/test_simple_config.py::Test_SimpleConfig::test_can_set_options_set_in_user_config PASSED [ 34%]
lib/tests/test_simple_config.py::Test_SimpleConfig::test_cannot_set_options_passed_by_command_line PASSED [ 35%]
lib/tests/test_simple_config.py::Test_SimpleConfig::test_simple_config_command_line_overrides_everything PASSED [ 36%]
lib/tests/test_simple_config.py::Test_SimpleConfig::test_simple_config_key_rename PASSED [ 37%]
lib/tests/test_simple_config.py::Test_SimpleConfig::test_simple_config_system_config_ignored_if_portable PASSED [ 38%]
lib/tests/test_simple_config.py::Test_SimpleConfig::test_simple_config_user_config_is_used_if_others_arent_specified PASSED [ 39%]
lib/tests/test_simple_config.py::Test_SimpleConfig::test_simple_config_user_config_overrides_system_config PASSED [ 40%]
lib/tests/test_simple_config.py::Test_SimpleConfig::test_user_config_is_not_written_with_read_only_config PASSED [ 41%]
lib/tests/test_simple_config.py::TestSystemConfig::test_read_system_config_file_does_not_exist PASSED [ 42%]
lib/tests/test_simple_config.py::TestSystemConfig::test_read_system_config_file_no_sections PASSED [ 42%]
lib/tests/test_simple_config.py::TestSystemConfig::test_read_system_config_file_returns_file_options PASSED [ 43%]
lib/tests/test_simple_config.py::TestUserConfig::test_no_path_means_no_result PASSED [ 44%]
lib/tests/test_simple_config.py::TestUserConfig::test_path_with_reprd_object PASSED [ 45%]
lib/tests/test_simple_config.py::TestUserConfig::test_path_without_config_file PASSED [ 46%]
lib/tests/test_storage_upgrade.py::TestStorageUpgrade::test_upgrade_from_client_1_9_8_mixed FAILED [ 47%]
lib/tests/test_storage_upgrade.py::TestStorageUpgrade::test_upgrade_from_client_1_9_8_seeded PASSED [ 48%]
lib/tests/test_storage_upgrade.py::TestStorageUpgrade::test_upgrade_from_client_2_0_4_importedkeys FAILED [ 49%]
lib/tests/test_storage_upgrade.py::TestStorageUpgrade::test_upgrade_from_client_2_0_4_seeded PASSED [ 50%]
lib/tests/test_storage_upgrade.py::TestStorageUpgrade::test_upgrade_from_client_2_1_1_importedkeys FAILED [ 51%]
lib/tests/test_storage_upgrade.py::TestStorageUpgrade::test_upgrade_from_client_2_1_1_seeded PASSED [ 52%]
lib/tests/test_storage_upgrade.py::TestStorageUpgrade::test_upgrade_from_client_2_2_0_importedkeys FAILED [ 53%]
lib/tests/test_storage_upgrade.py::TestStorageUpgrade::test_upgrade_from_client_2_2_0_seeded PASSED [ 54%]
lib/tests/test_storage_upgrade.py::TestStorageUpgrade::test_upgrade_from_client_2_3_2_importedkeys FAILED [ 55%]
lib/tests/test_storage_upgrade.py::TestStorageUpgrade::test_upgrade_from_client_2_3_2_seeded PASSED [ 56%]
lib/tests/test_storage_upgrade.py::TestStorageUpgrade::test_upgrade_from_client_2_4_3_importedkeys FAILED [ 57%]
lib/tests/test_storage_upgrade.py::TestStorageUpgrade::test_upgrade_from_client_2_4_3_seeded PASSED [ 57%]
lib/tests/test_storage_upgrade.py::TestStorageUpgrade::test_upgrade_from_client_2_5_4_importedkeys FAILED [ 58%]
lib/tests/test_storage_upgrade.py::TestStorageUpgrade::test_upgrade_from_client_2_5_4_seeded PASSED [ 59%]
lib/tests/test_storage_upgrade.py::TestStorageUpgrade::test_upgrade_from_client_2_6_4_importedkeys FAILED [ 60%]
lib/tests/test_storage_upgrade.py::TestStorageUpgrade::test_upgrade_from_client_2_6_4_seeded PASSED [ 61%]
lib/tests/test_storage_upgrade.py::TestStorageUpgrade::test_upgrade_from_client_2_7_18_importedkeys FAILED [ 62%]
lib/tests/test_storage_upgrade.py::TestStorageUpgrade::test_upgrade_from_client_2_7_18_seeded PASSED [ 63%]
lib/tests/test_storage_upgrade.py::TestStorageUpgrade::test_upgrade_from_client_2_8_3_importedkeys PASSED [ 64%]
lib/tests/test_storage_upgrade.py::TestStorageUpgrade::test_upgrade_from_client_2_8_3_seeded PASSED [ 65%]
lib/tests/test_storage_upgrade.py::TestStorageUpgrade::test_upgrade_from_client_2_9_3_importedkeys PASSED [ 66%]
lib/tests/test_storage_upgrade.py::TestStorageUpgrade::test_upgrade_from_client_2_9_3_seeded PASSED [ 67%]
lib/tests/test_transaction.py::TestBCDataStream::test_bytes PASSED       [ 68%]
lib/tests/test_transaction.py::TestBCDataStream::test_compact_size PASSED [ 69%]
lib/tests/test_transaction.py::TestBCDataStream::test_string PASSED      [ 70%]
lib/tests/test_transaction.py::TestTransaction::test_errors PASSED       [ 71%]
lib/tests/test_transaction.py::TestTransaction::test_parse_xpub PASSED   [ 71%]
lib/tests/test_transaction.py::TestTransaction::test_tx_signed PASSED    [ 72%]
lib/tests/test_transaction.py::TestTransaction::test_tx_signed_segwit PASSED [ 73%]
lib/tests/test_transaction.py::TestTransaction::test_tx_unsigned PASSED  [ 74%]
lib/tests/test_transaction.py::TestTransaction::test_version_field PASSED [ 75%]
lib/tests/test_util.py::TestUtil::test_format_satoshis PASSED            [ 76%]
lib/tests/test_util.py::TestUtil::test_format_satoshis_diff_negative PASSED [ 77%]
lib/tests/test_util.py::TestUtil::test_format_satoshis_diff_positive PASSED [ 78%]
lib/tests/test_util.py::TestUtil::test_parse_URI_address PASSED          [ 79%]
lib/tests/test_util.py::TestUtil::test_parse_URI_address_amount PASSED   [ 80%]
lib/tests/test_util.py::TestUtil::test_parse_URI_address_label PASSED    [ 81%]
lib/tests/test_util.py::TestUtil::test_parse_URI_address_message PASSED  [ 82%]
lib/tests/test_util.py::TestUtil::test_parse_URI_address_request_url PASSED [ 83%]
lib/tests/test_util.py::TestUtil::test_parse_URI_ignore_args PASSED      [ 84%]
lib/tests/test_util.py::TestUtil::test_parse_URI_invalid PASSED          [ 85%]
lib/tests/test_util.py::TestUtil::test_parse_URI_invalid_address PASSED  [ 85%]
lib/tests/test_util.py::TestUtil::test_parse_URI_multiple_args PASSED    [ 86%]
lib/tests/test_util.py::TestUtil::test_parse_URI_no_address_request_url PASSED [ 87%]
lib/tests/test_util.py::TestUtil::test_parse_URI_only_address PASSED     [ 88%]
lib/tests/test_util.py::TestUtil::test_parse_URI_parameter_polution PASSED [ 89%]
lib/tests/test_wallet.py::TestWalletStorage::test_read_dictionary_from_file PASSED [ 90%]
lib/tests/test_wallet.py::TestWalletStorage::test_write_dictionary_to_file PASSED [ 91%]
lib/tests/test_wallet_vertical.py::TestWalletKeystoreAddressIntegrity::test_bip39_multisig_seed_bip44_standard PASSED [ 92%]
lib/tests/test_wallet_vertical.py::TestWalletKeystoreAddressIntegrity::test_bip39_multisig_seed_bip49_p2sh_segwit PASSED [ 93%]
lib/tests/test_wallet_vertical.py::TestWalletKeystoreAddressIntegrity::test_bip39_seed_bip44_standard PASSED [ 94%]
lib/tests/test_wallet_vertical.py::TestWalletKeystoreAddressIntegrity::test_bip39_seed_bip49_p2sh_segwit PASSED [ 95%]
lib/tests/test_wallet_vertical.py::TestWalletKeystoreAddressIntegrity::test_electrum_multisig_seed_segwit PASSED [ 96%]
lib/tests/test_wallet_vertical.py::TestWalletKeystoreAddressIntegrity::test_electrum_multisig_seed_standard PASSED [ 97%]
lib/tests/test_wallet_vertical.py::TestWalletKeystoreAddressIntegrity::test_electrum_seed_old PASSED [ 98%]
lib/tests/test_wallet_vertical.py::TestWalletKeystoreAddressIntegrity::test_electrum_seed_segwit PASSED [ 99%]
lib/tests/test_wallet_vertical.py::TestWalletKeystoreAddressIntegrity::test_electrum_seed_standard PASSED [100%]

=================================== FAILURES ===================================
___________ TestStorageUpgrade.test_upgrade_from_client_1_9_8_mixed ____________

self = <lib.tests.test_storage_upgrade.TestStorageUpgrade testMethod=test_upgrade_from_client_1_9_8_mixed>

    def test_upgrade_from_client_1_9_8_mixed(self):
        # seed words: flirt angel five creation swim bridge chocolate sport another hill secret whatever
        wallet_str = "{'addr_history':{'15V7MsQK2vjF5aEXLVG11qi2eZPZsXdnYc':[],'177hEYTccmuYH8u68pYfaLteTxwJrVgvJj':[],'1DjtUCcQwwzA3GSPA7Kd79PMnri7tLDPYC':[],'1PGEgaPG1XJqmuSj68GouotWeYkCtwo4wm':[],'1PAgpPxnL42Hp3cWxmSfdChPqqGiM8g7zj':[],'1DgrwN2JCDZ6uPMSvSz8dPeUtaxLxWM2kf':[],'1H3mPXHFzA8UbvhQVabcDjYw3CPb3djvxs':[],'1HocPduHmQUJerpdaLG8DnmxvnDCVQwWsa':[]},'accounts_expanded':{},'master_public_key':'756d1fe6ded28d43d4fea902a9695feb785447514d6e6c3bdf369f7c3432fdde4409e4efbffbcf10084d57c5a98d1f34d20ac1f133bdb64fa02abf4f7bde1dfb','use_encryption':False,'seed':'2605aafe50a45bdf2eb155302437e678','accounts':{0:{0:['1DjtUCcQwwzA3GSPA7Kd79PMnri7tLDPYC','1PAgpPxnL42Hp3cWxmSfdChPqqGiM8g7zj','177hEYTccmuYH8u68pYfaLteTxwJrVgvJj','1PGEgaPG1XJqmuSj68GouotWeYkCtwo4wm','15V7MsQK2vjF5aEXLVG11qi2eZPZsXdnYc'],1:['1H3mPXHFzA8UbvhQVabcDjYw3CPb3djvxs','1HocPduHmQUJerpdaLG8DnmxvnDCVQwWsa','1DgrwN2JCDZ6uPMSvSz8dPeUtaxLxWM2kf'],'mpk':'756d1fe6ded28d43d4fea902a9695feb785447514d6e6c3bdf369f7c3432fdde4409e4efbffbcf10084d57c5a98d1f34d20ac1f133bdb64fa02abf4f7bde1dfb'}},'imported_keys':{'15CyDgLffJsJgQrhcyooFH4gnVDG82pUrA':'5JyVyXU1LiRXATvRTQvR9Kp8Rx1X84j2x49iGkjSsXipydtByUq','1Exet2BhHsFxKTwhnfdsBMkPYLGvobxuW6':'L3Gi6EQLvYw8gEEUckmqawkevfj9s8hxoQDFveQJGZHTfyWnbk1U','1364Js2VG66BwRdkaoxAaFtdPb1eQgn8Dr':'L2sED74axVXC4H8szBJ4rQJrkfem7UMc6usLCPUoEWxDCFGUaGUM'},'seed_version':4}"
>       self._upgrade_storage(wallet_str, accounts=2)

lib/tests/test_storage_upgrade.py:18: 
_ _ _ _ _ _ _ _ _ _ _ _ _ _ _ _ _ _ _ _ _ _ _ _ _ _ _ _ _ _ _ _ _ _ _ _ _ _ _ _ 
lib/tests/test_storage_upgrade.py:109: in _upgrade_storage
    self.assertTrue(storage.requires_split())
E   AssertionError: False is not true
----------------------------- Captured stderr call -----------------------------
[WalletStorage] wallet path /tmp/tmprqs6qqdk/somewallet
________ TestStorageUpgrade.test_upgrade_from_client_2_0_4_importedkeys ________

self = <lib.tests.test_storage_upgrade.TestStorageUpgrade testMethod=test_upgrade_from_client_2_0_4_importedkeys>

    def test_upgrade_from_client_2_0_4_importedkeys(self):
        wallet_str = '{"accounts":{"/x":{"imported":{"1364Js2VG66BwRdkaoxAaFtdPb1eQgn8Dr":["0344b1588589958b0bcab03435061539e9bcf54677c104904044e4f8901f4ebdf5","L2sED74axVXC4H8szBJ4rQJrkfem7UMc6usLCPUoEWxDCFGUaGUM"],"15CyDgLffJsJgQrhcyooFH4gnVDG82pUrA":["04575f52b82f159fa649d2a4c353eb7435f30206f0a6cb9674fbd659f45082c37d559ffd19bea9c0d3b7dcc07a7b79f4cffb76026d5d4dff35341efe99056e22d2","5JyVyXU1LiRXATvRTQvR9Kp8Rx1X84j2x49iGkjSsXipydtByUq"],"1Exet2BhHsFxKTwhnfdsBMkPYLGvobxuW6":["0389508c13999d08ffae0f434a085f4185922d64765c0bff2f66e36ad7f745cc5f","L3Gi6EQLvYw8gEEUckmqawkevfj9s8hxoQDFveQJGZHTfyWnbk1U"]}}},"accounts_expanded":{},"use_encryption":false,"wallet_type":"imported"}'
>       self._upgrade_storage(wallet_str)

lib/tests/test_storage_upgrade.py:26: 
_ _ _ _ _ _ _ _ _ _ _ _ _ _ _ _ _ _ _ _ _ _ _ _ _ _ _ _ _ _ _ _ _ _ _ _ _ _ _ _ 
lib/tests/test_storage_upgrade.py:106: in _upgrade_storage
    storage.upgrade()
lib/storage.py:260: in upgrade
    self.convert_version_14()
_ _ _ _ _ _ _ _ _ _ _ _ _ _ _ _ _ _ _ _ _ _ _ _ _ _ _ _ _ _ _ _ _ _ _ _ _ _ _ _ 

self = <lib.storage.WalletStorage object at 0x7fc8c77b22e8>

    def convert_version_14(self):
        # convert imported wallets for 3.0
        if self.get_seed_version() >= 14:
            return
        if self.get('wallet_type') =='imported':
            addresses = self.get('addresses')
            if type(addresses) is list:
                addresses = dict([(x, None) for x in addresses])
                self.put('addresses', addresses)
        elif self.get('wallet_type') == 'standard':
            if self.get('keystore').get('type')=='imported':
>               addresses = set(self.get('addresses').get('receiving'))
E               AttributeError: 'NoneType' object has no attribute 'get'

lib/storage.py:362: AttributeError
----------------------------- Captured stderr call -----------------------------
[WalletStorage] wallet path /tmp/tmprmxszay3/somewallet
[WalletStorage] upgrading wallet format
________ TestStorageUpgrade.test_upgrade_from_client_2_1_1_importedkeys ________

self = <lib.tests.test_storage_upgrade.TestStorageUpgrade testMethod=test_upgrade_from_client_2_1_1_importedkeys>

    def test_upgrade_from_client_2_1_1_importedkeys(self):
        wallet_str = '{"accounts":{"/x":{"imported":{"1364Js2VG66BwRdkaoxAaFtdPb1eQgn8Dr":["0344b1588589958b0bcab03435061539e9bcf54677c104904044e4f8901f4ebdf5","L2sED74axVXC4H8szBJ4rQJrkfem7UMc6usLCPUoEWxDCFGUaGUM"],"15CyDgLffJsJgQrhcyooFH4gnVDG82pUrA":["04575f52b82f159fa649d2a4c353eb7435f30206f0a6cb9674fbd659f45082c37d559ffd19bea9c0d3b7dcc07a7b79f4cffb76026d5d4dff35341efe99056e22d2","5JyVyXU1LiRXATvRTQvR9Kp8Rx1X84j2x49iGkjSsXipydtByUq"],"1Exet2BhHsFxKTwhnfdsBMkPYLGvobxuW6":["0389508c13999d08ffae0f434a085f4185922d64765c0bff2f66e36ad7f745cc5f","L3Gi6EQLvYw8gEEUckmqawkevfj9s8hxoQDFveQJGZHTfyWnbk1U"]}}},"accounts_expanded":{},"pruned_txo":{},"transactions":{},"txi":{},"txo":{},"use_encryption":false,"wallet_type":"imported"}'
>       self._upgrade_storage(wallet_str)

lib/tests/test_storage_upgrade.py:34: 
_ _ _ _ _ _ _ _ _ _ _ _ _ _ _ _ _ _ _ _ _ _ _ _ _ _ _ _ _ _ _ _ _ _ _ _ _ _ _ _ 
lib/tests/test_storage_upgrade.py:106: in _upgrade_storage
    storage.upgrade()
lib/storage.py:260: in upgrade
    self.convert_version_14()
_ _ _ _ _ _ _ _ _ _ _ _ _ _ _ _ _ _ _ _ _ _ _ _ _ _ _ _ _ _ _ _ _ _ _ _ _ _ _ _ 

self = <lib.storage.WalletStorage object at 0x7fc8c76ae390>

    def convert_version_14(self):
        # convert imported wallets for 3.0
        if self.get_seed_version() >= 14:
            return
        if self.get('wallet_type') =='imported':
            addresses = self.get('addresses')
            if type(addresses) is list:
                addresses = dict([(x, None) for x in addresses])
                self.put('addresses', addresses)
        elif self.get('wallet_type') == 'standard':
            if self.get('keystore').get('type')=='imported':
>               addresses = set(self.get('addresses').get('receiving'))
E               AttributeError: 'NoneType' object has no attribute 'get'

lib/storage.py:362: AttributeError
----------------------------- Captured stderr call -----------------------------
[WalletStorage] wallet path /tmp/tmphx1hlfi4/somewallet
[WalletStorage] upgrading wallet format
________ TestStorageUpgrade.test_upgrade_from_client_2_2_0_importedkeys ________

self = <lib.tests.test_storage_upgrade.TestStorageUpgrade testMethod=test_upgrade_from_client_2_2_0_importedkeys>

    def test_upgrade_from_client_2_2_0_importedkeys(self):
        wallet_str = '{"accounts":{"/x":{"imported":{"1364Js2VG66BwRdkaoxAaFtdPb1eQgn8Dr":["0344b1588589958b0bcab03435061539e9bcf54677c104904044e4f8901f4ebdf5","L2sED74axVXC4H8szBJ4rQJrkfem7UMc6usLCPUoEWxDCFGUaGUM"],"15CyDgLffJsJgQrhcyooFH4gnVDG82pUrA":["04575f52b82f159fa649d2a4c353eb7435f30206f0a6cb9674fbd659f45082c37d559ffd19bea9c0d3b7dcc07a7b79f4cffb76026d5d4dff35341efe99056e22d2","5JyVyXU1LiRXATvRTQvR9Kp8Rx1X84j2x49iGkjSsXipydtByUq"],"1Exet2BhHsFxKTwhnfdsBMkPYLGvobxuW6":["0389508c13999d08ffae0f434a085f4185922d64765c0bff2f66e36ad7f745cc5f","L3Gi6EQLvYw8gEEUckmqawkevfj9s8hxoQDFveQJGZHTfyWnbk1U"]}}},"accounts_expanded":{},"pruned_txo":{},"stored_height":489714,"transactions":{},"txi":{},"txo":{},"use_encryption":false,"wallet_type":"imported"}'
>       self._upgrade_storage(wallet_str)

lib/tests/test_storage_upgrade.py:42: 
_ _ _ _ _ _ _ _ _ _ _ _ _ _ _ _ _ _ _ _ _ _ _ _ _ _ _ _ _ _ _ _ _ _ _ _ _ _ _ _ 
lib/tests/test_storage_upgrade.py:106: in _upgrade_storage
    storage.upgrade()
lib/storage.py:260: in upgrade
    self.convert_version_14()
_ _ _ _ _ _ _ _ _ _ _ _ _ _ _ _ _ _ _ _ _ _ _ _ _ _ _ _ _ _ _ _ _ _ _ _ _ _ _ _ 

self = <lib.storage.WalletStorage object at 0x7fc8c77cc390>

    def convert_version_14(self):
        # convert imported wallets for 3.0
        if self.get_seed_version() >= 14:
            return
        if self.get('wallet_type') =='imported':
            addresses = self.get('addresses')
            if type(addresses) is list:
                addresses = dict([(x, None) for x in addresses])
                self.put('addresses', addresses)
        elif self.get('wallet_type') == 'standard':
            if self.get('keystore').get('type')=='imported':
>               addresses = set(self.get('addresses').get('receiving'))
E               AttributeError: 'NoneType' object has no attribute 'get'

lib/storage.py:362: AttributeError
----------------------------- Captured stderr call -----------------------------
[WalletStorage] wallet path /tmp/tmp85od60fq/somewallet
[WalletStorage] upgrading wallet format
________ TestStorageUpgrade.test_upgrade_from_client_2_3_2_importedkeys ________

self = <lib.tests.test_storage_upgrade.TestStorageUpgrade testMethod=test_upgrade_from_client_2_3_2_importedkeys>

    def test_upgrade_from_client_2_3_2_importedkeys(self):
        wallet_str = '{"accounts":{"/x":{"imported":{"1364Js2VG66BwRdkaoxAaFtdPb1eQgn8Dr":["0344b1588589958b0bcab03435061539e9bcf54677c104904044e4f8901f4ebdf5","L2sED74axVXC4H8szBJ4rQJrkfem7UMc6usLCPUoEWxDCFGUaGUM"],"15CyDgLffJsJgQrhcyooFH4gnVDG82pUrA":["04575f52b82f159fa649d2a4c353eb7435f30206f0a6cb9674fbd659f45082c37d559ffd19bea9c0d3b7dcc07a7b79f4cffb76026d5d4dff35341efe99056e22d2","5JyVyXU1LiRXATvRTQvR9Kp8Rx1X84j2x49iGkjSsXipydtByUq"],"1Exet2BhHsFxKTwhnfdsBMkPYLGvobxuW6":["0389508c13999d08ffae0f434a085f4185922d64765c0bff2f66e36ad7f745cc5f","L3Gi6EQLvYw8gEEUckmqawkevfj9s8hxoQDFveQJGZHTfyWnbk1U"]}}},"accounts_expanded":{},"pruned_txo":{},"stored_height":489715,"transactions":{},"txi":{},"txo":{},"use_encryption":false,"wallet_type":"imported"}'
>       self._upgrade_storage(wallet_str)

lib/tests/test_storage_upgrade.py:50: 
_ _ _ _ _ _ _ _ _ _ _ _ _ _ _ _ _ _ _ _ _ _ _ _ _ _ _ _ _ _ _ _ _ _ _ _ _ _ _ _ 
lib/tests/test_storage_upgrade.py:106: in _upgrade_storage
    storage.upgrade()
lib/storage.py:260: in upgrade
    self.convert_version_14()
_ _ _ _ _ _ _ _ _ _ _ _ _ _ _ _ _ _ _ _ _ _ _ _ _ _ _ _ _ _ _ _ _ _ _ _ _ _ _ _ 

self = <lib.storage.WalletStorage object at 0x7fc8c763ab70>

    def convert_version_14(self):
        # convert imported wallets for 3.0
        if self.get_seed_version() >= 14:
            return
        if self.get('wallet_type') =='imported':
            addresses = self.get('addresses')
            if type(addresses) is list:
                addresses = dict([(x, None) for x in addresses])
                self.put('addresses', addresses)
        elif self.get('wallet_type') == 'standard':
            if self.get('keystore').get('type')=='imported':
>               addresses = set(self.get('addresses').get('receiving'))
E               AttributeError: 'NoneType' object has no attribute 'get'

lib/storage.py:362: AttributeError
----------------------------- Captured stderr call -----------------------------
[WalletStorage] wallet path /tmp/tmpncghqwxt/somewallet
[WalletStorage] upgrading wallet format
________ TestStorageUpgrade.test_upgrade_from_client_2_4_3_importedkeys ________

self = <lib.tests.test_storage_upgrade.TestStorageUpgrade testMethod=test_upgrade_from_client_2_4_3_importedkeys>

    def test_upgrade_from_client_2_4_3_importedkeys(self):
        wallet_str = '{"accounts":{"/x":{"imported":{"1364Js2VG66BwRdkaoxAaFtdPb1eQgn8Dr":["0344b1588589958b0bcab03435061539e9bcf54677c104904044e4f8901f4ebdf5","L2sED74axVXC4H8szBJ4rQJrkfem7UMc6usLCPUoEWxDCFGUaGUM"],"15CyDgLffJsJgQrhcyooFH4gnVDG82pUrA":["04575f52b82f159fa649d2a4c353eb7435f30206f0a6cb9674fbd659f45082c37d559ffd19bea9c0d3b7dcc07a7b79f4cffb76026d5d4dff35341efe99056e22d2","5JyVyXU1LiRXATvRTQvR9Kp8Rx1X84j2x49iGkjSsXipydtByUq"],"1Exet2BhHsFxKTwhnfdsBMkPYLGvobxuW6":["0389508c13999d08ffae0f434a085f4185922d64765c0bff2f66e36ad7f745cc5f","L3Gi6EQLvYw8gEEUckmqawkevfj9s8hxoQDFveQJGZHTfyWnbk1U"]}}},"accounts_expanded":{},"stored_height":477636,"use_encryption":false,"wallet_type":"imported"}'
>       self._upgrade_storage(wallet_str)

lib/tests/test_storage_upgrade.py:58: 
_ _ _ _ _ _ _ _ _ _ _ _ _ _ _ _ _ _ _ _ _ _ _ _ _ _ _ _ _ _ _ _ _ _ _ _ _ _ _ _ 
lib/tests/test_storage_upgrade.py:106: in _upgrade_storage
    storage.upgrade()
lib/storage.py:260: in upgrade
    self.convert_version_14()
_ _ _ _ _ _ _ _ _ _ _ _ _ _ _ _ _ _ _ _ _ _ _ _ _ _ _ _ _ _ _ _ _ _ _ _ _ _ _ _ 

self = <lib.storage.WalletStorage object at 0x7fc8c77cc6a0>

    def convert_version_14(self):
        # convert imported wallets for 3.0
        if self.get_seed_version() >= 14:
            return
        if self.get('wallet_type') =='imported':
            addresses = self.get('addresses')
            if type(addresses) is list:
                addresses = dict([(x, None) for x in addresses])
                self.put('addresses', addresses)
        elif self.get('wallet_type') == 'standard':
            if self.get('keystore').get('type')=='imported':
>               addresses = set(self.get('addresses').get('receiving'))
E               AttributeError: 'NoneType' object has no attribute 'get'

lib/storage.py:362: AttributeError
----------------------------- Captured stderr call -----------------------------
[WalletStorage] wallet path /tmp/tmp24a6cntk/somewallet
[WalletStorage] upgrading wallet format
________ TestStorageUpgrade.test_upgrade_from_client_2_5_4_importedkeys ________

self = <lib.tests.test_storage_upgrade.TestStorageUpgrade testMethod=test_upgrade_from_client_2_5_4_importedkeys>

    def test_upgrade_from_client_2_5_4_importedkeys(self):
        wallet_str = '{"accounts":{"/x":{"imported":{"1364Js2VG66BwRdkaoxAaFtdPb1eQgn8Dr":["0344b1588589958b0bcab03435061539e9bcf54677c104904044e4f8901f4ebdf5","L2sED74axVXC4H8szBJ4rQJrkfem7UMc6usLCPUoEWxDCFGUaGUM"],"15CyDgLffJsJgQrhcyooFH4gnVDG82pUrA":["04575f52b82f159fa649d2a4c353eb7435f30206f0a6cb9674fbd659f45082c37d559ffd19bea9c0d3b7dcc07a7b79f4cffb76026d5d4dff35341efe99056e22d2","5JyVyXU1LiRXATvRTQvR9Kp8Rx1X84j2x49iGkjSsXipydtByUq"],"1Exet2BhHsFxKTwhnfdsBMkPYLGvobxuW6":["0389508c13999d08ffae0f434a085f4185922d64765c0bff2f66e36ad7f745cc5f","L3Gi6EQLvYw8gEEUckmqawkevfj9s8hxoQDFveQJGZHTfyWnbk1U"]}}},"accounts_expanded":{},"addr_history":{},"pruned_txo":{},"stored_height":489716,"transactions":{},"txi":{},"txo":{},"use_encryption":false,"wallet_type":"imported","winpos-qt":[595,261,840,400]}'
>       self._upgrade_storage(wallet_str)

lib/tests/test_storage_upgrade.py:66: 
_ _ _ _ _ _ _ _ _ _ _ _ _ _ _ _ _ _ _ _ _ _ _ _ _ _ _ _ _ _ _ _ _ _ _ _ _ _ _ _ 
lib/tests/test_storage_upgrade.py:106: in _upgrade_storage
    storage.upgrade()
lib/storage.py:260: in upgrade
    self.convert_version_14()
_ _ _ _ _ _ _ _ _ _ _ _ _ _ _ _ _ _ _ _ _ _ _ _ _ _ _ _ _ _ _ _ _ _ _ _ _ _ _ _ 

self = <lib.storage.WalletStorage object at 0x7fc8c76aea58>

    def convert_version_14(self):
        # convert imported wallets for 3.0
        if self.get_seed_version() >= 14:
            return
        if self.get('wallet_type') =='imported':
            addresses = self.get('addresses')
            if type(addresses) is list:
                addresses = dict([(x, None) for x in addresses])
                self.put('addresses', addresses)
        elif self.get('wallet_type') == 'standard':
            if self.get('keystore').get('type')=='imported':
>               addresses = set(self.get('addresses').get('receiving'))
E               AttributeError: 'NoneType' object has no attribute 'get'

lib/storage.py:362: AttributeError
----------------------------- Captured stderr call -----------------------------
[WalletStorage] wallet path /tmp/tmpfzm7ay8c/somewallet
[WalletStorage] upgrading wallet format
________ TestStorageUpgrade.test_upgrade_from_client_2_6_4_importedkeys ________

self = <lib.tests.test_storage_upgrade.TestStorageUpgrade testMethod=test_upgrade_from_client_2_6_4_importedkeys>

    def test_upgrade_from_client_2_6_4_importedkeys(self):
        wallet_str = '{"accounts":{"/x":{"imported":{"1364Js2VG66BwRdkaoxAaFtdPb1eQgn8Dr":["0344b1588589958b0bcab03435061539e9bcf54677c104904044e4f8901f4ebdf5","L2sED74axVXC4H8szBJ4rQJrkfem7UMc6usLCPUoEWxDCFGUaGUM"],"15CyDgLffJsJgQrhcyooFH4gnVDG82pUrA":["04575f52b82f159fa649d2a4c353eb7435f30206f0a6cb9674fbd659f45082c37d559ffd19bea9c0d3b7dcc07a7b79f4cffb76026d5d4dff35341efe99056e22d2","5JyVyXU1LiRXATvRTQvR9Kp8Rx1X84j2x49iGkjSsXipydtByUq"],"1Exet2BhHsFxKTwhnfdsBMkPYLGvobxuW6":["0389508c13999d08ffae0f434a085f4185922d64765c0bff2f66e36ad7f745cc5f","L3Gi6EQLvYw8gEEUckmqawkevfj9s8hxoQDFveQJGZHTfyWnbk1U"]}}},"accounts_expanded":{},"addr_history":{},"pruned_txo":{},"stored_height":489716,"transactions":{},"txi":{},"txo":{},"use_encryption":false,"wallet_type":"imported","winpos-qt":[510,338,840,400]}'
>       self._upgrade_storage(wallet_str)

lib/tests/test_storage_upgrade.py:74: 
_ _ _ _ _ _ _ _ _ _ _ _ _ _ _ _ _ _ _ _ _ _ _ _ _ _ _ _ _ _ _ _ _ _ _ _ _ _ _ _ 
lib/tests/test_storage_upgrade.py:106: in _upgrade_storage
    storage.upgrade()
lib/storage.py:260: in upgrade
    self.convert_version_14()
_ _ _ _ _ _ _ _ _ _ _ _ _ _ _ _ _ _ _ _ _ _ _ _ _ _ _ _ _ _ _ _ _ _ _ _ _ _ _ _ 

self = <lib.storage.WalletStorage object at 0x7fc8c75fb240>

    def convert_version_14(self):
        # convert imported wallets for 3.0
        if self.get_seed_version() >= 14:
            return
        if self.get('wallet_type') =='imported':
            addresses = self.get('addresses')
            if type(addresses) is list:
                addresses = dict([(x, None) for x in addresses])
                self.put('addresses', addresses)
        elif self.get('wallet_type') == 'standard':
            if self.get('keystore').get('type')=='imported':
>               addresses = set(self.get('addresses').get('receiving'))
E               AttributeError: 'NoneType' object has no attribute 'get'

lib/storage.py:362: AttributeError
----------------------------- Captured stderr call -----------------------------
[WalletStorage] wallet path /tmp/tmp16yx_o7x/somewallet
[WalletStorage] upgrading wallet format
_______ TestStorageUpgrade.test_upgrade_from_client_2_7_18_importedkeys ________

self = <lib.tests.test_storage_upgrade.TestStorageUpgrade testMethod=test_upgrade_from_client_2_7_18_importedkeys>

    def test_upgrade_from_client_2_7_18_importedkeys(self):
        wallet_str = '{"addr_history":{"1364Js2VG66BwRdkaoxAaFtdPb1eQgn8Dr":[],"15CyDgLffJsJgQrhcyooFH4gnVDG82pUrA":[],"1Exet2BhHsFxKTwhnfdsBMkPYLGvobxuW6":[]},"keystore":{"keypairs":{"0344b1588589958b0bcab03435061539e9bcf54677c104904044e4f8901f4ebdf5":"L2sED74axVXC4H8szBJ4rQJrkfem7UMc6usLCPUoEWxDCFGUaGUM","0389508c13999d08ffae0f434a085f4185922d64765c0bff2f66e36ad7f745cc5f":"L3Gi6EQLvYw8gEEUckmqawkevfj9s8hxoQDFveQJGZHTfyWnbk1U","04575f52b82f159fa649d2a4c353eb7435f30206f0a6cb9674fbd659f45082c37d559ffd19bea9c0d3b7dcc07a7b79f4cffb76026d5d4dff35341efe99056e22d2":"5JyVyXU1LiRXATvRTQvR9Kp8Rx1X84j2x49iGkjSsXipydtByUq"},"type":"imported"},"pruned_txo":{},"pubkeys":{"change":[],"receiving":["0344b1588589958b0bcab03435061539e9bcf54677c104904044e4f8901f4ebdf5","0389508c13999d08ffae0f434a085f4185922d64765c0bff2f66e36ad7f745cc5f","04575f52b82f159fa649d2a4c353eb7435f30206f0a6cb9674fbd659f45082c37d559ffd19bea9c0d3b7dcc07a7b79f4cffb76026d5d4dff35341efe99056e22d2"]},"seed_version":13,"stored_height":0,"transactions":{},"tx_fees":{},"txi":{},"txo":{},"use_encryption":false,"verified_tx3":{},"wallet_type":"standard","winpos-qt":[420,312,840,405]}'
>       self._upgrade_storage(wallet_str)

lib/tests/test_storage_upgrade.py:82: 
_ _ _ _ _ _ _ _ _ _ _ _ _ _ _ _ _ _ _ _ _ _ _ _ _ _ _ _ _ _ _ _ _ _ _ _ _ _ _ _ 
lib/tests/test_storage_upgrade.py:106: in _upgrade_storage
    storage.upgrade()
lib/storage.py:260: in upgrade
    self.convert_version_14()
_ _ _ _ _ _ _ _ _ _ _ _ _ _ _ _ _ _ _ _ _ _ _ _ _ _ _ _ _ _ _ _ _ _ _ _ _ _ _ _ 

self = <lib.storage.WalletStorage object at 0x7fc8c7647080>

    def convert_version_14(self):
        # convert imported wallets for 3.0
        if self.get_seed_version() >= 14:
            return
        if self.get('wallet_type') =='imported':
            addresses = self.get('addresses')
            if type(addresses) is list:
                addresses = dict([(x, None) for x in addresses])
                self.put('addresses', addresses)
        elif self.get('wallet_type') == 'standard':
            if self.get('keystore').get('type')=='imported':
>               addresses = set(self.get('addresses').get('receiving'))
E               AttributeError: 'NoneType' object has no attribute 'get'

lib/storage.py:362: AttributeError
----------------------------- Captured stderr call -----------------------------
[WalletStorage] wallet path /tmp/tmpcj5qu0kf/somewallet
[WalletStorage] upgrading wallet format
=============================== warnings summary ===============================
lib/plugins.py:29
  /home/travis/build/failed/spesmilo/electrum/lib/plugins.py:29: PendingDeprecationWarning: the imp module is deprecated in favour of importlib; see the module's documentation for alternative uses
    import imp

-- Docs: https://docs.pytest.org/en/stable/warnings.html
=========================== short test summary info ============================
FAILED lib/tests/test_storage_upgrade.py::TestStorageUpgrade::test_upgrade_from_client_1_9_8_mixed
FAILED lib/tests/test_storage_upgrade.py::TestStorageUpgrade::test_upgrade_from_client_2_0_4_importedkeys
FAILED lib/tests/test_storage_upgrade.py::TestStorageUpgrade::test_upgrade_from_client_2_1_1_importedkeys
FAILED lib/tests/test_storage_upgrade.py::TestStorageUpgrade::test_upgrade_from_client_2_2_0_importedkeys
FAILED lib/tests/test_storage_upgrade.py::TestStorageUpgrade::test_upgrade_from_client_2_3_2_importedkeys
FAILED lib/tests/test_storage_upgrade.py::TestStorageUpgrade::test_upgrade_from_client_2_4_3_importedkeys
FAILED lib/tests/test_storage_upgrade.py::TestStorageUpgrade::test_upgrade_from_client_2_5_4_importedkeys
FAILED lib/tests/test_storage_upgrade.py::TestStorageUpgrade::test_upgrade_from_client_2_6_4_importedkeys
FAILED lib/tests/test_storage_upgrade.py::TestStorageUpgrade::test_upgrade_from_client_2_7_18_importedkeys
=================== 9 failed, 98 passed, 1 warning in 6.61s ====================
ERROR: InvocationError: '/home/travis/build/failed/spesmilo/electrum/.tox/py35/bin/coverage run --source=lib -m py.test -v'
___________________________________ summary ____________________________________
ERROR:   py35: commands failed

travis_time:end:04cee0f8:start=1622312835083599003,finish=1622312871608586014,duration=36524987011[0K
[31;1mThe command "tox" exited with 1.[0m

Done. Your build exited with 1.
