travis_fold:start:system_info[0K[33;1mBuild system information[0m
Build language: java
Build id: ''
Job id: ''
[34m[1mBuild image provisioning date and time[0m
Thu Feb  5 15:09:33 UTC 2015
[34m[1mOperating System Details[0m
Distributor ID:	Ubuntu
Description:	Ubuntu 12.04.5 LTS
Release:	12.04
Codename:	precise
[34m[1mLinux Version[0m
3.13.0-29-generic
[34m[1mCookbooks Version[0m
a68419e https://github.com/travis-ci/travis-cookbooks/tree/a68419e
[34m[1mGCC version[0m
gcc (Ubuntu/Linaro 4.6.3-1ubuntu5) 4.6.3
Copyright (C) 2011 Free Software Foundation, Inc.
This is free software; see the source for copying conditions.  There is NO
warranty; not even for MERCHANTABILITY or FITNESS FOR A PARTICULAR PURPOSE.

[34m[1mLLVM version[0m
clang version 3.4 (tags/RELEASE_34/final)
Target: x86_64-unknown-linux-gnu
Thread model: posix
[34m[1mPre-installed Ruby versions[0m
ruby-1.9.3-p551
[34m[1mPre-installed Node.js versions[0m
v0.10.36
[34m[1mPre-installed Go versions[0m
1.4.1
[34m[1mRedis version[0m
redis-server 2.8.19
[34m[1mriak version[0m
2.0.2
[34m[1mMongoDB version[0m
MongoDB 2.4.12
[34m[1mCouchDB version[0m
couchdb 1.6.1
[34m[1mNeo4j version[0m
1.9.4
[34m[1mRabbitMQ Version[0m
3.4.3
[34m[1mElasticSearch version[0m
1.4.0
[34m[1mInstalled Sphinx versions[0m
2.0.10
2.1.9
2.2.6
[34m[1mDefault Sphinx version[0m
2.2.6
[34m[1mInstalled Firefox version[0m
firefox 31.0esr
[34m[1mPhantomJS version[0m
1.9.8
[34m[1mant -version[0m
Apache Ant(TM) version 1.8.2 compiled on December 3 2011
[34m[1mmvn -version[0m
Apache Maven 3.2.5 (12a6b3acb947671f09b81f49094c53f426d8cea1; 2014-12-14T17:29:23+00:00)
Maven home: /usr/local/maven
Java version: 1.7.0_76, vendor: Oracle Corporation
Java home: /usr/lib/jvm/java-7-oracle/jre
Default locale: en_US, platform encoding: ANSI_X3.4-1968
OS name: "linux", version: "3.13.0-29-generic", arch: "amd64", family: "unix"
travis_fold:end:system_info[0K
W: Failed to fetch http://apt.postgresql.org/pub/repos/apt/dists/precise-pgdg/main/binary-amd64/Packages  404  Not Found [IP: 72.32.157.246 80]

W: Failed to fetch http://apt.postgresql.org/pub/repos/apt/dists/precise-pgdg/main/binary-i386/Packages  404  Not Found [IP: 72.32.157.246 80]

W: Failed to fetch http://us.archive.ubuntu.com/ubuntu/dists/precise/main/source/Sources  404  Not Found [IP: 91.189.91.38 80]

W: Failed to fetch http://us.archive.ubuntu.com/ubuntu/dists/precise/restricted/source/Sources  404  Not Found [IP: 91.189.91.38 80]

W: Failed to fetch http://us.archive.ubuntu.com/ubuntu/dists/precise/universe/source/Sources  404  Not Found [IP: 91.189.91.38 80]

W: Failed to fetch http://us.archive.ubuntu.com/ubuntu/dists/precise/multiverse/source/Sources  404  Not Found [IP: 91.189.91.38 80]

W: Failed to fetch http://us.archive.ubuntu.com/ubuntu/dists/precise/main/binary-amd64/Packages  404  Not Found [IP: 91.189.91.38 80]

W: Failed to fetch http://us.archive.ubuntu.com/ubuntu/dists/precise/restricted/binary-amd64/Packages  404  Not Found [IP: 91.189.91.38 80]

W: Failed to fetch http://us.archive.ubuntu.com/ubuntu/dists/precise/universe/binary-amd64/Packages  404  Not Found [IP: 91.189.91.38 80]

W: Failed to fetch http://us.archive.ubuntu.com/ubuntu/dists/precise/multiverse/binary-amd64/Packages  404  Not Found [IP: 91.189.91.38 80]

W: Failed to fetch http://us.archive.ubuntu.com/ubuntu/dists/precise/main/binary-i386/Packages  404  Not Found [IP: 91.189.91.38 80]

W: Failed to fetch http://us.archive.ubuntu.com/ubuntu/dists/precise/restricted/binary-i386/Packages  404  Not Found [IP: 91.189.91.38 80]

W: Failed to fetch http://us.archive.ubuntu.com/ubuntu/dists/precise/universe/binary-i386/Packages  404  Not Found [IP: 91.189.91.38 80]

W: Failed to fetch http://us.archive.ubuntu.com/ubuntu/dists/precise/multiverse/binary-i386/Packages  404  Not Found [IP: 91.189.91.38 80]

W: Failed to fetch http://us.archive.ubuntu.com/ubuntu/dists/precise-updates/main/source/Sources  404  Not Found [IP: 91.189.91.38 80]

W: Failed to fetch http://us.archive.ubuntu.com/ubuntu/dists/precise-updates/restricted/source/Sources  404  Not Found [IP: 91.189.91.38 80]

W: Failed to fetch http://us.archive.ubuntu.com/ubuntu/dists/precise-updates/universe/source/Sources  404  Not Found [IP: 91.189.91.38 80]

W: Failed to fetch http://us.archive.ubuntu.com/ubuntu/dists/precise-updates/multiverse/source/Sources  404  Not Found [IP: 91.189.91.38 80]

W: Failed to fetch http://us.archive.ubuntu.com/ubuntu/dists/precise-updates/main/binary-amd64/Packages  404  Not Found [IP: 91.189.91.38 80]

W: Failed to fetch http://us.archive.ubuntu.com/ubuntu/dists/precise-updates/restricted/binary-amd64/Packages  404  Not Found [IP: 91.189.91.38 80]

W: Failed to fetch http://us.archive.ubuntu.com/ubuntu/dists/precise-updates/universe/binary-amd64/Packages  404  Not Found [IP: 91.189.91.38 80]

W: Failed to fetch http://us.archive.ubuntu.com/ubuntu/dists/precise-updates/multiverse/binary-amd64/Packages  404  Not Found [IP: 91.189.91.38 80]

W: Failed to fetch http://us.archive.ubuntu.com/ubuntu/dists/precise-updates/main/binary-i386/Packages  404  Not Found [IP: 91.189.91.38 80]

W: Failed to fetch http://us.archive.ubuntu.com/ubuntu/dists/precise-updates/restricted/binary-i386/Packages  404  Not Found [IP: 91.189.91.38 80]

W: Failed to fetch http://us.archive.ubuntu.com/ubuntu/dists/precise-updates/universe/binary-i386/Packages  404  Not Found [IP: 91.189.91.38 80]

W: Failed to fetch http://us.archive.ubuntu.com/ubuntu/dists/precise-updates/multiverse/binary-i386/Packages  404  Not Found [IP: 91.189.91.38 80]

W: Failed to fetch http://security.ubuntu.com/ubuntu/dists/precise-security/main/source/Sources  404  Not Found [IP: 91.189.91.39 80]

W: Failed to fetch http://security.ubuntu.com/ubuntu/dists/precise-security/restricted/source/Sources  404  Not Found [IP: 91.189.91.39 80]

W: Failed to fetch http://security.ubuntu.com/ubuntu/dists/precise-security/universe/source/Sources  404  Not Found [IP: 91.189.91.39 80]

W: Failed to fetch http://security.ubuntu.com/ubuntu/dists/precise-security/multiverse/source/Sources  404  Not Found [IP: 91.189.91.39 80]

W: Failed to fetch http://security.ubuntu.com/ubuntu/dists/precise-security/main/binary-amd64/Packages  404  Not Found [IP: 91.189.91.39 80]

W: Failed to fetch http://security.ubuntu.com/ubuntu/dists/precise-security/restricted/binary-amd64/Packages  404  Not Found [IP: 91.189.91.39 80]

W: Failed to fetch http://security.ubuntu.com/ubuntu/dists/precise-security/universe/binary-amd64/Packages  404  Not Found [IP: 91.189.91.39 80]

W: Failed to fetch http://security.ubuntu.com/ubuntu/dists/precise-security/multiverse/binary-amd64/Packages  404  Not Found [IP: 91.189.91.39 80]

W: Failed to fetch http://security.ubuntu.com/ubuntu/dists/precise-security/main/binary-i386/Packages  404  Not Found [IP: 91.189.91.39 80]

W: Failed to fetch http://security.ubuntu.com/ubuntu/dists/precise-security/restricted/binary-i386/Packages  404  Not Found [IP: 91.189.91.39 80]

W: Failed to fetch http://security.ubuntu.com/ubuntu/dists/precise-security/universe/binary-i386/Packages  404  Not Found [IP: 91.189.91.39 80]

W: Failed to fetch http://security.ubuntu.com/ubuntu/dists/precise-security/multiverse/binary-i386/Packages  404  Not Found [IP: 91.189.91.39 80]

W: Failed to fetch http://us.archive.ubuntu.com/ubuntu/dists/precise-backports/main/source/Sources  404  Not Found [IP: 91.189.91.38 80]

W: Failed to fetch http://us.archive.ubuntu.com/ubuntu/dists/precise-backports/restricted/source/Sources  404  Not Found [IP: 91.189.91.38 80]

W: Failed to fetch http://us.archive.ubuntu.com/ubuntu/dists/precise-backports/universe/source/Sources  404  Not Found [IP: 91.189.91.38 80]

W: Failed to fetch http://us.archive.ubuntu.com/ubuntu/dists/precise-backports/multiverse/source/Sources  404  Not Found [IP: 91.189.91.38 80]

W: Failed to fetch http://us.archive.ubuntu.com/ubuntu/dists/precise-backports/main/binary-amd64/Packages  404  Not Found [IP: 91.189.91.38 80]

W: Failed to fetch http://us.archive.ubuntu.com/ubuntu/dists/precise-backports/restricted/binary-amd64/Packages  404  Not Found [IP: 91.189.91.38 80]

W: Failed to fetch http://us.archive.ubuntu.com/ubuntu/dists/precise-backports/universe/binary-amd64/Packages  404  Not Found [IP: 91.189.91.38 80]

W: Failed to fetch http://us.archive.ubuntu.com/ubuntu/dists/precise-backports/multiverse/binary-amd64/Packages  404  Not Found [IP: 91.189.91.38 80]

W: Failed to fetch http://us.archive.ubuntu.com/ubuntu/dists/precise-backports/main/binary-i386/Packages  404  Not Found [IP: 91.189.91.38 80]

W: Failed to fetch http://us.archive.ubuntu.com/ubuntu/dists/precise-backports/restricted/binary-i386/Packages  404  Not Found [IP: 91.189.91.38 80]

W: Failed to fetch http://us.archive.ubuntu.com/ubuntu/dists/precise-backports/universe/binary-i386/Packages  404  Not Found [IP: 91.189.91.38 80]

W: Failed to fetch http://us.archive.ubuntu.com/ubuntu/dists/precise-backports/multiverse/binary-i386/Packages  404  Not Found [IP: 91.189.91.38 80]

W: Failed to fetch http://ppa.launchpad.net/travis-ci/zero-mq/ubuntu/dists/precise/main/binary-amd64/Packages  403  Forbidden

W: Failed to fetch http://ppa.launchpad.net/travis-ci/zero-mq/ubuntu/dists/precise/main/binary-i386/Packages  403  Forbidden

W: Failed to fetch http://downloads-distro.mongodb.org/repo/debian-sysvinit/dists/dist/10gen/binary-amd64/Packages  Undetermined Error [IP: 52.21.89.200 80]

W: Failed to fetch http://downloads-distro.mongodb.org/repo/debian-sysvinit/dists/dist/10gen/binary-i386/Packages  Undetermined Error [IP: 52.21.89.200 80]

E: Some index files failed to download. They have been ignored, or old ones used instead.
sed: cannot rename /etc/hosts: Device or resource busy
sed: cannot rename /etc/hosts: Device or resource busy
$ jdk_switcher use oraclejdk8
Switching to Oracle JDK8 (java-8-oracle), JAVA_HOME will be set to /usr/lib/jvm/java-8-oracle
$ cd passed/ethereum/ethereumj

[33;1mSetting environment variables from .travis.yml[0m
$ export JAVA_OPTS="-XX:+UseConcMarkSweepGC -XX:+CMSClassUnloadingEnabled"
$ export ORG_GRADLE_PROJECT_bintrayUser=[secure]
$ export ORG_GRADLE_PROJECT_bintrayKey=[secure]

$ export TERM=dumb
travis_fold:start:cache.1[0KSetting up build cache
$ export CASHER_DIR=$HOME/.casher
travis_time:start:0389cca8[0K$ Installing caching utilities

travis_time:end:0389cca8:start=1623871944401341359,finish=1623871944615092449,duration=213751090[0Ktravis_time:start:131f1130[0K
travis_time:end:131f1130:start=1623871944626802462,finish=1623871944635096600,duration=8294138[0Ktravis_time:start:0c144e5e[0K/home/travis/.casher/bin/casher:213:in `cache_archive_name': undefined method `[]' for nil:NilClass (NoMethodError)
	from /home/travis/.casher/bin/casher:65:in `block in fetch'
	from /home/travis/.casher/bin/casher:64:in `each'
	from /home/travis/.casher/bin/casher:64:in `fetch'
	from /home/travis/.casher/bin/casher:53:in `block in run'
	from /home/travis/.rvm/rubies/ruby-1.9.3-p551/lib/ruby/1.9.1/timeout.rb:69:in `timeout'
	from /home/travis/.casher/bin/casher:53:in `run'
	from /home/travis/.casher/bin/casher:263:in `<main>'
[32;1mattempting to download cache archive[0m

travis_time:end:0c144e5e:start=1623871944645055649,finish=1623871945381384855,duration=736329206[0Ktravis_time:start:002eb356[0K
travis_time:end:002eb356:start=1623871945390387608,finish=1623871945399337630,duration=8950022[0Ktravis_time:start:08f87420[0K[32;1madding /home/travis/.gradle to cache[0m
[32;1mcreating directory /home/travis/.gradle[0m

travis_time:end:08f87420:start=1623871945409923708,finish=1623871946190983596,duration=781059888[0Ktravis_fold:end:cache.1[0K$ java -Xmx32m -version
java version "1.8.0_31"
Java(TM) SE Runtime Environment (build 1.8.0_31-b13)
Java HotSpot(TM) 64-Bit Server VM (build 25.31-b07, mixed mode)
$ javac -J-Xmx32m -version
javac 1.8.0_31
travis_fold:start:install[0Ktravis_time:start:0df17d35[0K$ ./gradlew assemble
Downloading https://services.gradle.org/distributions/gradle-2.3-rc-4-all.zip
..................................................................................................................................................................................................................................................................................................................................................................................................................................................................................................................................................................................................................................................................................................................................................................................................................................................................................................................................................................................................................................................................................................................................................................................................................................................................................................................................................................................................................................................................................................................................................................................................................................................................................................................................................................................................................................................................................................................................................................................................................................................................................................................................................................................................................................................................................................................................................................................................................................................................................................................................................................................................................................................................................................................................................................................................................................................................................................................................................................................................................................................................................................................................
Unzipping /home/travis/.gradle/wrapper/dists/gradle-2.3-rc-4-all/3e3fqskcixwwmy2j7a2xoyz55/gradle-2.3-rc-4-all.zip to /home/travis/.gradle/wrapper/dists/gradle-2.3-rc-4-all/3e3fqskcixwwmy2j7a2xoyz55
Set executable permissions for: /home/travis/.gradle/wrapper/dists/gradle-2.3-rc-4-all/3e3fqskcixwwmy2j7a2xoyz55/gradle-2.3-rc-4/bin/gradle
Download https://repo.spring.io/plugins-release-local/org/springframework/build/gradle/propdeps-plugin/0.0.7/propdeps-plugin-0.0.7.pom
Download https://jcenter.bintray.com/org/jfrog/buildinfo/build-info-extractor-gradle/3.0.1/build-info-extractor-gradle-3.0.1.pom
Download https://jcenter.bintray.com/com/github/jengelman/gradle/plugins/shadow/1.2.0/shadow-1.2.0.pom
Download https://jcenter.bintray.com/me/champeau/gradle/antlr4-gradle-plugin/0.1/antlr4-gradle-plugin-0.1.pom
Download https://jcenter.bintray.com/org/kt3k/gradle/plugin/coveralls-gradle-plugin/2.0.1x/coveralls-gradle-plugin-2.0.1x.pom
Download https://jcenter.bintray.com/com/jfrog/bintray/gradle/gradle-bintray-plugin/1.0/gradle-bintray-plugin-1.0.pom
Download https://jcenter.bintray.com/commons-io/commons-io/2.0.1/commons-io-2.0.1.pom
Download https://jcenter.bintray.com/org/apache/commons/commons-parent/15/commons-parent-15.pom
Download https://jcenter.bintray.com/org/apache/apache/7/apache-7.pom
Download https://jcenter.bintray.com/org/apache/ivy/ivy/2.2.0/ivy-2.2.0.pom
Download https://jcenter.bintray.com/commons-logging/commons-logging/1.1.1/commons-logging-1.1.1.pom
Download https://jcenter.bintray.com/org/apache/commons/commons-parent/5/commons-parent-5.pom
Download https://jcenter.bintray.com/org/apache/apache/4/apache-4.pom
Download https://jcenter.bintray.com/org/jfrog/buildinfo/build-info-extractor/2.3.0/build-info-extractor-2.3.0.pom
Download https://jcenter.bintray.com/javax/annotation/jsr250-api/1.0/jsr250-api-1.0.pom
Download https://jcenter.bintray.com/commons-lang/commons-lang/2.4/commons-lang-2.4.pom
Download https://jcenter.bintray.com/org/apache/commons/commons-parent/9/commons-parent-9.pom
Download https://jcenter.bintray.com/org/jdom/jdom2/2.0.5/jdom2-2.0.5.pom
Download https://jcenter.bintray.com/org/ow2/asm/asm/5.0.3/asm-5.0.3.pom
Download https://jcenter.bintray.com/org/ow2/asm/asm-parent/5.0.3/asm-parent-5.0.3.pom
Download https://jcenter.bintray.com/org/ow2/ow2/1.3/ow2-1.3.pom
Download https://jcenter.bintray.com/org/ow2/asm/asm-commons/5.0.3/asm-commons-5.0.3.pom
Download https://jcenter.bintray.com/org/apache/ant/ant/1.9.4/ant-1.9.4.pom
Download https://jcenter.bintray.com/org/apache/ant/ant-parent/1.9.4/ant-parent-1.9.4.pom
Download https://jcenter.bintray.com/org/apache/httpcomponents/httpmime/4.1/httpmime-4.1.pom
Download https://jcenter.bintray.com/org/apache/httpcomponents/httpcomponents-client/4.1/httpcomponents-client-4.1.pom
Download https://jcenter.bintray.com/org/apache/httpcomponents/project/4.1.1/project-4.1.1.pom
Download https://jcenter.bintray.com/org/codehaus/groovy/modules/http-builder/http-builder/0.7.1/http-builder-0.7.1.pom
Download https://jcenter.bintray.com/com/google/guava/guava/10.0.1/guava-10.0.1.pom
Download https://jcenter.bintray.com/com/google/guava/guava-parent/10.0.1/guava-parent-10.0.1.pom
Download https://jcenter.bintray.com/org/sonatype/oss/oss-parent/7/oss-parent-7.pom
Download https://jcenter.bintray.com/org/jfrog/buildinfo/build-info-client/2.3.0/build-info-client-2.3.0.pom
Download https://jcenter.bintray.com/com/thoughtworks/xstream/xstream/1.3.1/xstream-1.3.1.pom
Download https://jcenter.bintray.com/com/thoughtworks/xstream/xstream-parent/1.3.1/xstream-parent-1.3.1.pom
Download https://jcenter.bintray.com/org/ow2/asm/asm-tree/5.0.3/asm-tree-5.0.3.pom
Download https://jcenter.bintray.com/org/apache/ant/ant-launcher/1.9.4/ant-launcher-1.9.4.pom
Download https://jcenter.bintray.com/org/apache/httpcomponents/httpcore/4.1/httpcore-4.1.pom
Download https://jcenter.bintray.com/org/apache/httpcomponents/httpcomponents-core/4.1/httpcomponents-core-4.1.pom
Download https://jcenter.bintray.com/com/google/code/findbugs/jsr305/1.3.9/jsr305-1.3.9.pom
Download https://jcenter.bintray.com/commons-codec/commons-codec/1.8/commons-codec-1.8.pom
Download https://jcenter.bintray.com/org/apache/commons/commons-parent/28/commons-parent-28.pom
Download https://jcenter.bintray.com/org/apache/apache/13/apache-13.pom
Download https://jcenter.bintray.com/org/codehaus/jackson/jackson-mapper-asl/1.9.12/jackson-mapper-asl-1.9.12.pom
Download https://jcenter.bintray.com/org/apache/httpcomponents/httpclient/4.2.5/httpclient-4.2.5.pom
Download https://jcenter.bintray.com/org/apache/httpcomponents/httpcomponents-client/4.2.5/httpcomponents-client-4.2.5.pom
Download https://jcenter.bintray.com/org/apache/httpcomponents/project/6/project-6.pom
Download https://jcenter.bintray.com/org/jfrog/buildinfo/build-info-api/2.3.0/build-info-api-2.3.0.pom
Download https://jcenter.bintray.com/xpp3/xpp3_min/1.1.4c/xpp3_min-1.1.4c.pom
Download https://jcenter.bintray.com/org/codehaus/jackson/jackson-core-asl/1.9.12/jackson-core-asl-1.9.12.pom
Download https://jcenter.bintray.com/commons-io/commons-io/2.4/commons-io-2.4.pom
Download https://jcenter.bintray.com/org/apache/commons/commons-parent/25/commons-parent-25.pom
Download https://jcenter.bintray.com/org/apache/apache/9/apache-9.pom
Download https://jcenter.bintray.com/org/codehaus/groovy/modules/http-builder/http-builder/0.7.2/http-builder-0.7.2.pom
Download https://jcenter.bintray.com/net/sf/json-lib/json-lib/2.3/json-lib-2.3.pom
Download https://jcenter.bintray.com/net/sourceforge/nekohtml/nekohtml/1.9.16/nekohtml-1.9.16.pom
Download https://jcenter.bintray.com/xml-resolver/xml-resolver/1.2/xml-resolver-1.2.pom
Download https://jcenter.bintray.com/org/apache/apache/3/apache-3.pom
Download https://jcenter.bintray.com/commons-beanutils/commons-beanutils/1.8.0/commons-beanutils-1.8.0.pom
Download https://jcenter.bintray.com/org/apache/commons/commons-parent/11/commons-parent-11.pom
Download https://jcenter.bintray.com/commons-collections/commons-collections/3.2.1/commons-collections-3.2.1.pom
Download https://jcenter.bintray.com/net/sf/ezmorph/ezmorph/1.0.6/ezmorph-1.0.6.pom
Download https://jcenter.bintray.com/xerces/xercesImpl/2.9.1/xercesImpl-2.9.1.pom
Download https://jcenter.bintray.com/org/apache/httpcomponents/httpcore/4.2.4/httpcore-4.2.4.pom
Download https://jcenter.bintray.com/org/apache/httpcomponents/httpcomponents-core/4.2.4/httpcomponents-core-4.2.4.pom
Download https://repo.spring.io/plugins-release-local/org/springframework/build/gradle/propdeps-plugin/0.0.7/propdeps-plugin-0.0.7.jar
Download https://jcenter.bintray.com/org/jfrog/buildinfo/build-info-extractor-gradle/3.0.1/build-info-extractor-gradle-3.0.1.jar
Download https://jcenter.bintray.com/com/github/jengelman/gradle/plugins/shadow/1.2.0/shadow-1.2.0.jar
Download https://jcenter.bintray.com/me/champeau/gradle/antlr4-gradle-plugin/0.1/antlr4-gradle-plugin-0.1.jar
Download https://jcenter.bintray.com/org/kt3k/gradle/plugin/coveralls-gradle-plugin/2.0.1x/coveralls-gradle-plugin-2.0.1x.jar
Download https://jcenter.bintray.com/com/jfrog/bintray/gradle/gradle-bintray-plugin/1.0/gradle-bintray-plugin-1.0.jar
Download https://jcenter.bintray.com/org/apache/ivy/ivy/2.2.0/ivy-2.2.0.jar
Download https://jcenter.bintray.com/commons-logging/commons-logging/1.1.1/commons-logging-1.1.1.jar
Download https://jcenter.bintray.com/org/jfrog/buildinfo/build-info-extractor/2.3.0/build-info-extractor-2.3.0.jar
Download https://jcenter.bintray.com/javax/annotation/jsr250-api/1.0/jsr250-api-1.0.jar
Download https://jcenter.bintray.com/commons-lang/commons-lang/2.4/commons-lang-2.4.jar
Download https://jcenter.bintray.com/org/jdom/jdom2/2.0.5/jdom2-2.0.5.jar
Download https://jcenter.bintray.com/org/ow2/asm/asm/5.0.3/asm-5.0.3.jar
Download https://jcenter.bintray.com/org/ow2/asm/asm-commons/5.0.3/asm-commons-5.0.3.jar
Download https://jcenter.bintray.com/org/apache/ant/ant/1.9.4/ant-1.9.4.jar
Download https://jcenter.bintray.com/org/apache/httpcomponents/httpmime/4.1/httpmime-4.1.jar
Download https://jcenter.bintray.com/com/google/guava/guava/10.0.1/guava-10.0.1.jar
Download https://jcenter.bintray.com/org/jfrog/buildinfo/build-info-client/2.3.0/build-info-client-2.3.0.jar
Download https://jcenter.bintray.com/com/thoughtworks/xstream/xstream/1.3.1/xstream-1.3.1.jar
Download https://jcenter.bintray.com/org/ow2/asm/asm-tree/5.0.3/asm-tree-5.0.3.jar
Download https://jcenter.bintray.com/org/apache/ant/ant-launcher/1.9.4/ant-launcher-1.9.4.jar
Download https://jcenter.bintray.com/com/google/code/findbugs/jsr305/1.3.9/jsr305-1.3.9.jar
Download https://jcenter.bintray.com/commons-codec/commons-codec/1.8/commons-codec-1.8.jar
Download https://jcenter.bintray.com/org/codehaus/jackson/jackson-mapper-asl/1.9.12/jackson-mapper-asl-1.9.12.jar
Download https://jcenter.bintray.com/org/apache/httpcomponents/httpclient/4.2.5/httpclient-4.2.5.jar
Download https://jcenter.bintray.com/org/jfrog/buildinfo/build-info-api/2.3.0/build-info-api-2.3.0.jar
Download https://jcenter.bintray.com/xpp3/xpp3_min/1.1.4c/xpp3_min-1.1.4c.jar
Download https://jcenter.bintray.com/org/codehaus/jackson/jackson-core-asl/1.9.12/jackson-core-asl-1.9.12.jar
Download https://jcenter.bintray.com/commons-io/commons-io/2.4/commons-io-2.4.jar
Download https://jcenter.bintray.com/org/codehaus/groovy/modules/http-builder/http-builder/0.7.2/http-builder-0.7.2.jar
Download https://jcenter.bintray.com/net/sf/json-lib/json-lib/2.3/json-lib-2.3-jdk15.jar
Download https://jcenter.bintray.com/net/sourceforge/nekohtml/nekohtml/1.9.16/nekohtml-1.9.16.jar
Download https://jcenter.bintray.com/xml-resolver/xml-resolver/1.2/xml-resolver-1.2.jar
Download https://jcenter.bintray.com/commons-beanutils/commons-beanutils/1.8.0/commons-beanutils-1.8.0.jar
Download https://jcenter.bintray.com/commons-collections/commons-collections/3.2.1/commons-collections-3.2.1.jar
Download https://jcenter.bintray.com/net/sf/ezmorph/ezmorph/1.0.6/ezmorph-1.0.6.jar
Download https://jcenter.bintray.com/xerces/xercesImpl/2.9.1/xercesImpl-2.9.1.jar
Download https://jcenter.bintray.com/org/apache/httpcomponents/httpcore/4.2.4/httpcore-4.2.4.jar
publishing if master current branch: 
[buildinfo] Properties file path was not found! (Relevant only for builds running on a CI Server)
:ethereumj-core:antlr4
Download https://jcenter.bintray.com/org/antlr/antlr4/4.2.2/antlr4-4.2.2.pom
Download https://jcenter.bintray.com/org/antlr/antlr4-master/4.2.2/antlr4-master-4.2.2.pom
Download https://jcenter.bintray.com/org/antlr/antlr4-runtime/4.2.2/antlr4-runtime-4.2.2.pom
Download https://jcenter.bintray.com/org/antlr/antlr4-annotations/4.2.2/antlr4-annotations-4.2.2.pom
Download https://jcenter.bintray.com/org/antlr/antlr-runtime/3.5.2/antlr-runtime-3.5.2.pom
Download https://jcenter.bintray.com/org/antlr/antlr-master/3.5.2/antlr-master-3.5.2.pom
Download https://jcenter.bintray.com/org/sonatype/oss/oss-parent/9/oss-parent-9.pom
Download https://jcenter.bintray.com/org/antlr/ST4/4.0.8/ST4-4.0.8.pom
Download https://jcenter.bintray.com/org/abego/treelayout/org.abego.treelayout.core/1.0.1/org.abego.treelayout.core-1.0.1.pom
Download https://jcenter.bintray.com/org/antlr/antlr4/4.2.2/antlr4-4.2.2.jar
Download https://jcenter.bintray.com/org/antlr/antlr4-runtime/4.2.2/antlr4-runtime-4.2.2.jar
Download https://jcenter.bintray.com/org/antlr/antlr4-annotations/4.2.2/antlr4-annotations-4.2.2.jar
Download https://jcenter.bintray.com/org/antlr/antlr-runtime/3.5.2/antlr-runtime-3.5.2.jar
Download https://jcenter.bintray.com/org/antlr/ST4/4.0.8/ST4-4.0.8.jar
Download https://jcenter.bintray.com/org/abego/treelayout/org.abego.treelayout.core/1.0.1/org.abego.treelayout.core-1.0.1.jar
:ethereumj-core:compileJava
Download https://jcenter.bintray.com/io/netty/netty-all/4.0.23.Final/netty-all-4.0.23.Final.pom
Download https://jcenter.bintray.com/io/netty/netty-parent/4.0.23.Final/netty-parent-4.0.23.Final.pom
Download https://jcenter.bintray.com/com/madgag/spongycastle/core/1.51.0.0/core-1.51.0.0.pom
Download https://jcenter.bintray.com/com/madgag/spongycastle/prov/1.51.0.0/prov-1.51.0.0.pom
Download https://jcenter.bintray.com/org/iq80/leveldb/leveldb/0.7/leveldb-0.7.pom
Download https://jcenter.bintray.com/org/iq80/leveldb/leveldb-project/0.7/leveldb-project-0.7.pom
Download https://jcenter.bintray.com/com/cedarsoftware/java-util/1.8.0/java-util-1.8.0.pom
Download https://jcenter.bintray.com/org/antlr/antlr4-runtime/4.5/antlr4-runtime-4.5.pom
Download https://jcenter.bintray.com/com/yuvalshavit/antlr-denter/1.1/antlr-denter-1.1.pom
Download https://jcenter.bintray.com/org/javassist/javassist/3.15.0-GA/javassist-3.15.0-GA.pom
Download https://jcenter.bintray.com/org/slf4j/slf4j-api/1.7.7/slf4j-api-1.7.7.pom
Download https://jcenter.bintray.com/org/slf4j/slf4j-parent/1.7.7/slf4j-parent-1.7.7.pom
Download https://jcenter.bintray.com/log4j/log4j/1.2.17/log4j-1.2.17.pom
Download https://jcenter.bintray.com/org/codehaus/jackson/jackson-mapper-asl/1.9.13/jackson-mapper-asl-1.9.13.pom
Download https://jcenter.bintray.com/com/google/code/findbugs/jsr305/3.0.0/jsr305-3.0.0.pom
Download https://jcenter.bintray.com/com/fasterxml/jackson/core/jackson-databind/2.2.0/jackson-databind-2.2.0.pom
Download https://jcenter.bintray.com/com/fasterxml/oss-parent/10/oss-parent-10.pom
Download https://jcenter.bintray.com/org/apache/commons/commons-collections4/4.0/commons-collections4-4.0.pom
Download https://jcenter.bintray.com/org/apache/commons/commons-parent/32/commons-parent-32.pom
Download https://jcenter.bintray.com/commons-codec/commons-codec/1.10/commons-codec-1.10.pom
Download https://jcenter.bintray.com/org/apache/commons/commons-parent/35/commons-parent-35.pom
Download https://jcenter.bintray.com/org/apache/apache/15/apache-15.pom
Download https://jcenter.bintray.com/org/springframework/spring-context/4.1.2.RELEASE/spring-context-4.1.2.RELEASE.pom
Download https://jcenter.bintray.com/org/springframework/spring-tx/4.1.2.RELEASE/spring-tx-4.1.2.RELEASE.pom
Download https://jcenter.bintray.com/org/springframework/spring-orm/4.1.2.RELEASE/spring-orm-4.1.2.RELEASE.pom
Download https://jcenter.bintray.com/org/hsqldb/hsqldb/1.8.0.10/hsqldb-1.8.0.10.pom
Download https://jcenter.bintray.com/org/hibernate/hibernate-core/4.3.7.Final/hibernate-core-4.3.7.Final.pom
Download https://jcenter.bintray.com/org/hibernate/hibernate-entitymanager/4.3.7.Final/hibernate-entitymanager-4.3.7.Final.pom
Download https://jcenter.bintray.com/commons-dbcp/commons-dbcp/1.4/commons-dbcp-1.4.pom
Download https://jcenter.bintray.com/org/apache/commons/commons-parent/12/commons-parent-12.pom
Download https://jcenter.bintray.com/redis/clients/jedis/2.6.0/jedis-2.6.0.pom
Download https://jcenter.bintray.com/com/googlecode/json-simple/json-simple/1.1.1/json-simple-1.1.1.pom
Download https://jcenter.bintray.com/commons-logging/commons-logging/1.0/commons-logging-1.0.pom
Download https://jcenter.bintray.com/org/slf4j/jcl-over-slf4j/1.7.7/jcl-over-slf4j-1.7.7.pom
Download https://jcenter.bintray.com/org/slf4j/slf4j-log4j12/1.7.7/slf4j-log4j12-1.7.7.pom
Download https://jcenter.bintray.com/log4j/apache-log4j-extras/1.2.17/apache-log4j-extras-1.2.17.pom
Download https://jcenter.bintray.com/org/iq80/leveldb/leveldb-api/0.7/leveldb-api-0.7.pom
Download https://jcenter.bintray.com/com/google/guava/guava/16.0.1/guava-16.0.1.pom
Download https://jcenter.bintray.com/com/google/guava/guava-parent/16.0.1/guava-parent-16.0.1.pom
Download https://jcenter.bintray.com/com/cedarsoftware/json-io/2.4.1/json-io-2.4.1.pom
Download https://jcenter.bintray.com/org/codehaus/jackson/jackson-core-asl/1.9.13/jackson-core-asl-1.9.13.pom
Download https://jcenter.bintray.com/com/fasterxml/jackson/core/jackson-annotations/2.2.0/jackson-annotations-2.2.0.pom
Download https://jcenter.bintray.com/com/fasterxml/oss-parent/9/oss-parent-9.pom
Download https://jcenter.bintray.com/com/fasterxml/jackson/core/jackson-core/2.2.0/jackson-core-2.2.0.pom
Download https://jcenter.bintray.com/org/springframework/spring-aop/4.1.2.RELEASE/spring-aop-4.1.2.RELEASE.pom
Download https://jcenter.bintray.com/org/springframework/spring-beans/4.1.2.RELEASE/spring-beans-4.1.2.RELEASE.pom
Download https://jcenter.bintray.com/org/springframework/spring-core/4.1.2.RELEASE/spring-core-4.1.2.RELEASE.pom
Download https://jcenter.bintray.com/org/springframework/spring-expression/4.1.2.RELEASE/spring-expression-4.1.2.RELEASE.pom
Download https://jcenter.bintray.com/org/springframework/spring-jdbc/4.1.2.RELEASE/spring-jdbc-4.1.2.RELEASE.pom
Download https://jcenter.bintray.com/org/jboss/logging/jboss-logging/3.1.3.GA/jboss-logging-3.1.3.GA.pom
Download https://jcenter.bintray.com/org/jboss/jboss-parent/9/jboss-parent-9.pom
Download https://jcenter.bintray.com/org/jboss/logging/jboss-logging-annotations/1.2.0.Beta1/jboss-logging-annotations-1.2.0.Beta1.pom
Download https://jcenter.bintray.com/org/jboss/logging/jboss-logging-tools-parent/1.2.0.Beta1/jboss-logging-tools-parent-1.2.0.Beta1.pom
Download https://jcenter.bintray.com/org/jboss/jboss-parent/10/jboss-parent-10.pom
Download https://jcenter.bintray.com/org/jboss/spec/javax/transaction/jboss-transaction-api_1.2_spec/1.0.0.Final/jboss-transaction-api_1.2_spec-1.0.0.Final.pom
Download https://jcenter.bintray.com/dom4j/dom4j/1.6.1/dom4j-1.6.1.pom
Download https://jcenter.bintray.com/org/hibernate/common/hibernate-commons-annotations/4.0.5.Final/hibernate-commons-annotations-4.0.5.Final.pom
Download https://jcenter.bintray.com/org/hibernate/javax/persistence/hibernate-jpa-2.1-api/1.0.0.Final/hibernate-jpa-2.1-api-1.0.0.Final.pom
Download https://jcenter.bintray.com/antlr/antlr/2.7.7/antlr-2.7.7.pom
Download https://jcenter.bintray.com/org/jboss/jandex/1.1.0.Final/jandex-1.1.0.Final.pom
Download https://jcenter.bintray.com/org/jboss/jboss-parent/5/jboss-parent-5.pom
Download https://jcenter.bintray.com/commons-pool/commons-pool/1.5.4/commons-pool-1.5.4.pom
Download https://jcenter.bintray.com/org/apache/commons/commons-pool2/2.0/commons-pool2-2.0.pom
Download https://jcenter.bintray.com/aopalliance/aopalliance/1.0/aopalliance-1.0.pom
Download https://jcenter.bintray.com/xml-apis/xml-apis/1.0.b2/xml-apis-1.0.b2.pom
Download https://jcenter.bintray.com/commons-logging/commons-logging/1.1.3/commons-logging-1.1.3.pom
Download https://jcenter.bintray.com/org/javassist/javassist/3.18.1-GA/javassist-3.18.1-GA.pom
Download https://jcenter.bintray.com/io/netty/netty-all/4.0.23.Final/netty-all-4.0.23.Final.jar
Download https://jcenter.bintray.com/com/madgag/spongycastle/core/1.51.0.0/core-1.51.0.0.jar
Download https://jcenter.bintray.com/com/madgag/spongycastle/prov/1.51.0.0/prov-1.51.0.0.jar
Download https://jcenter.bintray.com/org/iq80/leveldb/leveldb/0.7/leveldb-0.7.jar
Download https://jcenter.bintray.com/com/cedarsoftware/java-util/1.8.0/java-util-1.8.0.jar
Download https://jcenter.bintray.com/org/antlr/antlr4-runtime/4.5/antlr4-runtime-4.5.jar
Download https://jcenter.bintray.com/com/yuvalshavit/antlr-denter/1.1/antlr-denter-1.1.jar
Download https://jcenter.bintray.com/org/slf4j/slf4j-api/1.7.7/slf4j-api-1.7.7.jar
Download https://jcenter.bintray.com/log4j/log4j/1.2.17/log4j-1.2.17.jar
Download https://jcenter.bintray.com/org/codehaus/jackson/jackson-mapper-asl/1.9.13/jackson-mapper-asl-1.9.13.jar
Download https://jcenter.bintray.com/com/google/code/findbugs/jsr305/3.0.0/jsr305-3.0.0.jar
Download https://jcenter.bintray.com/com/fasterxml/jackson/core/jackson-databind/2.2.0/jackson-databind-2.2.0.jar
Download https://jcenter.bintray.com/org/apache/commons/commons-collections4/4.0/commons-collections4-4.0.jar
Download https://jcenter.bintray.com/commons-codec/commons-codec/1.10/commons-codec-1.10.jar
Download https://jcenter.bintray.com/org/springframework/spring-context/4.1.2.RELEASE/spring-context-4.1.2.RELEASE.jar
Download https://jcenter.bintray.com/org/springframework/spring-tx/4.1.2.RELEASE/spring-tx-4.1.2.RELEASE.jar
Download https://jcenter.bintray.com/org/springframework/spring-orm/4.1.2.RELEASE/spring-orm-4.1.2.RELEASE.jar
Download https://jcenter.bintray.com/org/hsqldb/hsqldb/1.8.0.10/hsqldb-1.8.0.10.jar
Download https://jcenter.bintray.com/org/hibernate/hibernate-core/4.3.7.Final/hibernate-core-4.3.7.Final.jar
Download https://jcenter.bintray.com/org/hibernate/hibernate-entitymanager/4.3.7.Final/hibernate-entitymanager-4.3.7.Final.jar
Download https://jcenter.bintray.com/commons-dbcp/commons-dbcp/1.4/commons-dbcp-1.4.jar
Download https://jcenter.bintray.com/redis/clients/jedis/2.6.0/jedis-2.6.0.jar
Download https://jcenter.bintray.com/com/googlecode/json-simple/json-simple/1.1.1/json-simple-1.1.1.jar
Download https://jcenter.bintray.com/org/slf4j/jcl-over-slf4j/1.7.7/jcl-over-slf4j-1.7.7.jar
Download https://jcenter.bintray.com/org/slf4j/slf4j-log4j12/1.7.7/slf4j-log4j12-1.7.7.jar
Download https://jcenter.bintray.com/log4j/apache-log4j-extras/1.2.17/apache-log4j-extras-1.2.17.jar
Download https://jcenter.bintray.com/org/iq80/leveldb/leveldb-api/0.7/leveldb-api-0.7.jar
Download https://jcenter.bintray.com/com/google/guava/guava/16.0.1/guava-16.0.1.jar
Download https://jcenter.bintray.com/com/cedarsoftware/json-io/2.4.1/json-io-2.4.1.jar
Download https://jcenter.bintray.com/org/codehaus/jackson/jackson-core-asl/1.9.13/jackson-core-asl-1.9.13.jar
Download https://jcenter.bintray.com/com/fasterxml/jackson/core/jackson-annotations/2.2.0/jackson-annotations-2.2.0.jar
Download https://jcenter.bintray.com/com/fasterxml/jackson/core/jackson-core/2.2.0/jackson-core-2.2.0.jar
Download https://jcenter.bintray.com/org/springframework/spring-aop/4.1.2.RELEASE/spring-aop-4.1.2.RELEASE.jar
Download https://jcenter.bintray.com/org/springframework/spring-beans/4.1.2.RELEASE/spring-beans-4.1.2.RELEASE.jar
Download https://jcenter.bintray.com/org/springframework/spring-core/4.1.2.RELEASE/spring-core-4.1.2.RELEASE.jar
Download https://jcenter.bintray.com/org/springframework/spring-expression/4.1.2.RELEASE/spring-expression-4.1.2.RELEASE.jar
Download https://jcenter.bintray.com/org/springframework/spring-jdbc/4.1.2.RELEASE/spring-jdbc-4.1.2.RELEASE.jar
Download https://jcenter.bintray.com/org/jboss/logging/jboss-logging/3.1.3.GA/jboss-logging-3.1.3.GA.jar
Download https://jcenter.bintray.com/org/jboss/logging/jboss-logging-annotations/1.2.0.Beta1/jboss-logging-annotations-1.2.0.Beta1.jar
Download https://jcenter.bintray.com/org/jboss/spec/javax/transaction/jboss-transaction-api_1.2_spec/1.0.0.Final/jboss-transaction-api_1.2_spec-1.0.0.Final.jar
Download https://jcenter.bintray.com/dom4j/dom4j/1.6.1/dom4j-1.6.1.jar
Download https://jcenter.bintray.com/org/hibernate/common/hibernate-commons-annotations/4.0.5.Final/hibernate-commons-annotations-4.0.5.Final.jar
Download https://jcenter.bintray.com/org/hibernate/javax/persistence/hibernate-jpa-2.1-api/1.0.0.Final/hibernate-jpa-2.1-api-1.0.0.Final.jar
Download https://jcenter.bintray.com/antlr/antlr/2.7.7/antlr-2.7.7.jar
Download https://jcenter.bintray.com/org/jboss/jandex/1.1.0.Final/jandex-1.1.0.Final.jar
Download https://jcenter.bintray.com/commons-pool/commons-pool/1.5.4/commons-pool-1.5.4.jar
Download https://jcenter.bintray.com/org/apache/commons/commons-pool2/2.0/commons-pool2-2.0.jar
Download https://jcenter.bintray.com/aopalliance/aopalliance/1.0/aopalliance-1.0.jar
Download https://jcenter.bintray.com/xml-apis/xml-apis/1.0.b2/xml-apis-1.0.b2.jar
Download https://jcenter.bintray.com/commons-logging/commons-logging/1.1.3/commons-logging-1.1.3.jar
Download https://jcenter.bintray.com/org/javassist/javassist/3.18.1-GA/javassist-3.18.1-GA.jar
warning: [options] bootstrap class path not set in conjunction with -source 1.7
/home/travis/build/passed/ethereum/ethereumj/ethereumj-core/src/gen/java/org/ethereum/serpent/SerpentBaseListener.java:696: warning: parameter ctx annotated with NotNull overrides a parameter that is not annotated
	@Override public void enterEveryRule(@NotNull ParserRuleContext ctx) { }
	                                     ^
/home/travis/build/passed/ethereum/ethereumj/ethereumj-core/src/gen/java/org/ethereum/serpent/SerpentBaseListener.java:702: warning: parameter ctx annotated with NotNull overrides a parameter that is not annotated
	@Override public void exitEveryRule(@NotNull ParserRuleContext ctx) { }
	                                    ^
/home/travis/build/passed/ethereum/ethereumj/ethereumj-core/src/gen/java/org/ethereum/serpent/SerpentBaseListener.java:708: warning: parameter node annotated with NotNull overrides a parameter that is not annotated
	@Override public void visitTerminal(@NotNull TerminalNode node) { }
	                                    ^
/home/travis/build/passed/ethereum/ethereumj/ethereumj-core/src/gen/java/org/ethereum/serpent/SerpentBaseListener.java:714: warning: parameter node annotated with NotNull overrides a parameter that is not annotated
	@Override public void visitErrorNode(@NotNull ErrorNode node) { }
	                                     ^
Note: Some input files use or override a deprecated API.
Note: Recompile with -Xlint:deprecation for details.
4 warnings
:ethereumj-core:processResources
:ethereumj-core:classes
:ethereumj-core:jar
:ethereumj-core:startScripts
:ethereumj-core:distTar
:ethereumj-core:distZip
:ethereumj-core:javadoc
Download https://jcenter.bintray.com/commons-logging/commons-logging/1.0/commons-logging-1.0.jar
:ethereumj-core:javadocJar
:ethereumj-core:sourcesJar
:ethereumj-core:assemble
:ethereumj-studio:compileJava
Download https://jcenter.bintray.com/com/maxmind/geoip/geoip-api/1.2.11/geoip-api-1.2.11.pom
Download https://jcenter.bintray.com/com/maxmind/geoip2/geoip2/0.6.0/geoip2-0.6.0.pom
Download https://jcenter.bintray.com/com/fifesoft/rsyntaxtextarea/2.5.0/rsyntaxtextarea-2.5.0.pom
Download https://jcenter.bintray.com/com/fifesoft/rtext-root-pom/3/rtext-root-pom-3.pom
Download https://jcenter.bintray.com/com/maxmind/db/maxminddb/0.3.0/maxminddb-0.3.0.pom
Download https://jcenter.bintray.com/com/google/http-client/google-http-client/1.17.0-rc/google-http-client-1.17.0-rc.pom
Download https://jcenter.bintray.com/com/google/http-client/google-http-client-parent/1.17.0-rc/google-http-client-parent-1.17.0-rc.pom
Download https://jcenter.bintray.com/org/apache/httpcomponents/httpclient/4.0.1/httpclient-4.0.1.pom
Download https://jcenter.bintray.com/org/apache/httpcomponents/httpcomponents-client/4.0.1/httpcomponents-client-4.0.1.pom
Download https://jcenter.bintray.com/org/apache/httpcomponents/project/4.0/project-4.0.pom
Download https://jcenter.bintray.com/org/apache/httpcomponents/httpcore/4.0.1/httpcore-4.0.1.pom
Download https://jcenter.bintray.com/org/apache/httpcomponents/httpcomponents-core/4.0.1/httpcomponents-core-4.0.1.pom
Download https://jcenter.bintray.com/com/maxmind/geoip/geoip-api/1.2.11/geoip-api-1.2.11.jar
Download https://jcenter.bintray.com/com/maxmind/geoip2/geoip2/0.6.0/geoip2-0.6.0.jar
Download https://jcenter.bintray.com/com/fifesoft/rsyntaxtextarea/2.5.0/rsyntaxtextarea-2.5.0.jar
Download https://jcenter.bintray.com/com/maxmind/db/maxminddb/0.3.0/maxminddb-0.3.0.jar
Download https://jcenter.bintray.com/com/google/http-client/google-http-client/1.17.0-rc/google-http-client-1.17.0-rc.jar
Download https://jcenter.bintray.com/org/apache/httpcomponents/httpclient/4.0.1/httpclient-4.0.1.jar
Download https://jcenter.bintray.com/org/apache/httpcomponents/httpcore/4.0.1/httpcore-4.0.1.jar
:ethereumj-studio:processResources
:ethereumj-studio:classes
:ethereumj-studio:jar
:ethereumj-studio:startScripts
:ethereumj-studio:distTar
:ethereumj-studio:distZip
:ethereumj-studio:assemble

BUILD SUCCESSFUL

Total time: 1 mins 41.367 secs

travis_time:end:0df17d35:start=1623871946539747651,finish=1623872048494672609,duration=101954924958[0Ktravis_fold:end:install[0Ktravis_time:start:0fffc530[0K$ ./gradlew clean build publish jacocoTestReport coveralls
publishing if master current branch: 
[buildinfo] Properties file path was not found! (Relevant only for builds running on a CI Server)
:ethereumj-core:clean
:ethereumj-studio:clean
:ethereumj-core:antlr4 UP-TO-DATE
:ethereumj-core:compileJavawarning: [options] bootstrap class path not set in conjunction with -source 1.7
/home/travis/build/passed/ethereum/ethereumj/ethereumj-core/src/gen/java/org/ethereum/serpent/SerpentBaseListener.java:696: warning: parameter ctx annotated with NotNull overrides a parameter that is not annotated
	@Override public void enterEveryRule(@NotNull ParserRuleContext ctx) { }
	                                     ^
/home/travis/build/passed/ethereum/ethereumj/ethereumj-core/src/gen/java/org/ethereum/serpent/SerpentBaseListener.java:702: warning: parameter ctx annotated with NotNull overrides a parameter that is not annotated
	@Override public void exitEveryRule(@NotNull ParserRuleContext ctx) { }
	                                    ^
/home/travis/build/passed/ethereum/ethereumj/ethereumj-core/src/gen/java/org/ethereum/serpent/SerpentBaseListener.java:708: warning: parameter node annotated with NotNull overrides a parameter that is not annotated
	@Override public void visitTerminal(@NotNull TerminalNode node) { }
	                                    ^
/home/travis/build/passed/ethereum/ethereumj/ethereumj-core/src/gen/java/org/ethereum/serpent/SerpentBaseListener.java:714: warning: parameter node annotated with NotNull overrides a parameter that is not annotated
	@Override public void visitErrorNode(@NotNull ErrorNode node) { }
	                                     ^
Note: Some input files use or override a deprecated API.
Note: Recompile with -Xlint:deprecation for details.
4 warnings

:ethereumj-core:processResources
:ethereumj-core:classes
:ethereumj-core:jar
:ethereumj-core:startScripts
:ethereumj-core:distTar
:ethereumj-core:distZip
:ethereumj-core:javadoc
:ethereumj-core:javadocJar
:ethereumj-core:sourcesJar
:ethereumj-core:assemble
:ethereumj-core:compileTestJava
Download https://jcenter.bintray.com/junit/junit/4.11/junit-4.11.pom
Download https://jcenter.bintray.com/org/springframework/spring-test/4.1.2.RELEASE/spring-test-4.1.2.RELEASE.pom
Download https://jcenter.bintray.com/org/hamcrest/hamcrest-core/1.3/hamcrest-core-1.3.pom
Download https://jcenter.bintray.com/org/hamcrest/hamcrest-parent/1.3/hamcrest-parent-1.3.pom
Download https://jcenter.bintray.com/junit/junit/4.11/junit-4.11.jar
Download https://jcenter.bintray.com/org/springframework/spring-test/4.1.2.RELEASE/spring-test-4.1.2.RELEASE.jar
Download https://jcenter.bintray.com/org/hamcrest/hamcrest-core/1.3/hamcrest-core-1.3.jar
warning: [options] bootstrap class path not set in conjunction with -source 1.7
:ethereumj-core:processTestResources
:ethereumj-core:testClasses
:ethereumj-core:test
Download https://jcenter.bintray.com/org/jacoco/org.jacoco.agent/0.7.1.201405082137/org.jacoco.agent-0.7.1.201405082137.pom
Download https://jcenter.bintray.com/org/jacoco/org.jacoco.build/0.7.1.201405082137/org.jacoco.build-0.7.1.201405082137.pom
Download https://jcenter.bintray.com/org/jacoco/org.jacoco.agent/0.7.1.201405082137/org.jacoco.agent-0.7.1.201405082137.jar
:ethereumj-core:check
:ethereumj-core:build
:ethereumj-studio:compileJava
:ethereumj-studio:processResources
:ethereumj-studio:classes
:ethereumj-studio:jar
:ethereumj-studio:startScripts
:ethereumj-studio:distTar
:ethereumj-studio:distZip
:ethereumj-studio:assemble
:ethereumj-studio:compileTestJava UP-TO-DATE
:ethereumj-studio:processTestResources UP-TO-DATE
:ethereumj-studio:testClasses UP-TO-DATE
:ethereumj-studio:test UP-TO-DATE
:ethereumj-studio:check UP-TO-DATE
:ethereumj-studio:build
:ethereumj-core:install
:ethereumj-core:artifactoryPublish SKIPPED
:ethereumj-core:bintrayUpload SKIPPED
:ethereumj-core:publish UP-TO-DATE
:ethereumj-core:jacocoTestReport SKIPPED
:ethereumj-core:coveralls
service name: travis-ci
service job id: 
repo token: null
No report file available: [/home/travis/build/passed/ethereum/ethereumj/ethereumj-core/build/reports/cobertura/coverage.xml, /home/travis/build/passed/ethereum/ethereumj/ethereumj-core/build/reports/jacoco/test/jacocoTestReport.xml]

BUILD SUCCESSFUL

Total time: 39.238 secs

travis_time:end:0fffc530:start=1623872048504955674,finish=1623872090992392734,duration=42487437060[0K
[32;1mThe command "./gradlew clean build publish jacocoTestReport coveralls" exited with 0.[0m
travis_fold:start:cache.2[0Kstore build cache
travis_time:start:28cc83c2[0K
travis_time:end:28cc83c2:start=1623872091002681354,finish=1623872091012911326,duration=10229972[0Ktravis_time:start:036a0fb4[0K/home/travis/.casher/bin/casher:190: warning: Insecure world writable dir /home/travis/build/passed/ethereum/ethereumj/. in PATH, mode 040777
[32;1mchanges detected, packing new archive[0m
/home/travis/.casher/bin/casher:213:in `cache_archive_name': undefined method `[]' for nil:NilClass (NoMethodError)
	from /home/travis/.casher/bin/casher:143:in `push'
	from /home/travis/.casher/bin/casher:53:in `block in run'
	from /home/travis/.rvm/rubies/ruby-1.9.3-p551/lib/ruby/1.9.1/timeout.rb:69:in `timeout'
	from /home/travis/.casher/bin/casher:53:in `run'
	from /home/travis/.casher/bin/casher:263:in `<main>'
.
.

travis_time:end:036a0fb4:start=1623872091024954148,finish=1623872101949533543,duration=10924579395[0Ktravis_fold:end:cache.2[0K
Done. Your build exited with 0.
