travis_fold:start:system_info[0K[33;1mBuild system information[0m
Build language: java
Build group: stable
Build dist: precise
Build id: ''
Job id: ''
[34m[1mBuild image provisioning date and time[0m
Thu Feb  5 15:09:33 UTC 2015
[34m[1mOperating System Details[0m
Distributor ID:	Ubuntu
Description:	Ubuntu 12.04.5 LTS
Release:	12.04
Codename:	precise
[34m[1mLinux Version[0m
3.13.0-29-generic
[34m[1mCookbooks Version[0m
a68419e https://github.com/travis-ci/travis-cookbooks/tree/a68419e
[34m[1mGCC version[0m
gcc (Ubuntu/Linaro 4.6.3-1ubuntu5) 4.6.3
Copyright (C) 2011 Free Software Foundation, Inc.
This is free software; see the source for copying conditions.  There is NO
warranty; not even for MERCHANTABILITY or FITNESS FOR A PARTICULAR PURPOSE.

[34m[1mLLVM version[0m
clang version 3.4 (tags/RELEASE_34/final)
Target: x86_64-unknown-linux-gnu
Thread model: posix
[34m[1mPre-installed Ruby versions[0m
ruby-1.9.3-p551
[34m[1mPre-installed Node.js versions[0m
v0.10.36
[34m[1mPre-installed Go versions[0m
1.4.1
[34m[1mRedis version[0m
redis-server 2.8.19
[34m[1mriak version[0m
2.0.2
[34m[1mMongoDB version[0m
MongoDB 2.4.12
[34m[1mCouchDB version[0m
couchdb 1.6.1
[34m[1mNeo4j version[0m
1.9.4
[34m[1mRabbitMQ Version[0m
3.4.3
[34m[1mElasticSearch version[0m
1.4.0
[34m[1mInstalled Sphinx versions[0m
2.0.10
2.1.9
2.2.6
[34m[1mDefault Sphinx version[0m
2.2.6
[34m[1mInstalled Firefox version[0m
firefox 31.0esr
[34m[1mPhantomJS version[0m
1.9.8
[34m[1mant -version[0m
Apache Ant(TM) version 1.8.2 compiled on December 3 2011
[34m[1mmvn -version[0m
Apache Maven 3.2.5 (12a6b3acb947671f09b81f49094c53f426d8cea1; 2014-12-14T17:29:23+00:00)
Maven home: /usr/local/maven
Java version: 1.7.0_76, vendor: Oracle Corporation
Java home: /usr/lib/jvm/java-7-oracle/jre
Default locale: en_US, platform encoding: ANSI_X3.4-1968
OS name: "linux", version: "3.13.0-29-generic", arch: "amd64", family: "unix"
travis_fold:end:system_info[0K
W: Failed to fetch http://security.ubuntu.com/ubuntu/dists/precise-security/main/source/Sources  404  Not Found [IP: 91.189.91.38 80]

W: Failed to fetch http://security.ubuntu.com/ubuntu/dists/precise-security/restricted/source/Sources  404  Not Found [IP: 91.189.91.38 80]

W: Failed to fetch http://security.ubuntu.com/ubuntu/dists/precise-security/universe/source/Sources  404  Not Found [IP: 91.189.91.38 80]

W: Failed to fetch http://security.ubuntu.com/ubuntu/dists/precise-security/multiverse/source/Sources  404  Not Found [IP: 91.189.91.38 80]

W: Failed to fetch http://security.ubuntu.com/ubuntu/dists/precise-security/main/binary-amd64/Packages  404  Not Found [IP: 91.189.91.38 80]

W: Failed to fetch http://security.ubuntu.com/ubuntu/dists/precise-security/restricted/binary-amd64/Packages  404  Not Found [IP: 91.189.91.38 80]

W: Failed to fetch http://security.ubuntu.com/ubuntu/dists/precise-security/universe/binary-amd64/Packages  404  Not Found [IP: 91.189.91.38 80]

W: Failed to fetch http://security.ubuntu.com/ubuntu/dists/precise-security/multiverse/binary-amd64/Packages  404  Not Found [IP: 91.189.91.38 80]

W: Failed to fetch http://security.ubuntu.com/ubuntu/dists/precise-security/main/binary-i386/Packages  404  Not Found [IP: 91.189.91.38 80]

W: Failed to fetch http://security.ubuntu.com/ubuntu/dists/precise-security/restricted/binary-i386/Packages  404  Not Found [IP: 91.189.91.38 80]

W: Failed to fetch http://security.ubuntu.com/ubuntu/dists/precise-security/universe/binary-i386/Packages  404  Not Found [IP: 91.189.91.38 80]

W: Failed to fetch http://security.ubuntu.com/ubuntu/dists/precise-security/multiverse/binary-i386/Packages  404  Not Found [IP: 91.189.91.38 80]

W: Failed to fetch http://us.archive.ubuntu.com/ubuntu/dists/precise/main/source/Sources  404  Not Found [IP: 91.189.91.39 80]

W: Failed to fetch http://us.archive.ubuntu.com/ubuntu/dists/precise/restricted/source/Sources  404  Not Found [IP: 91.189.91.39 80]

W: Failed to fetch http://us.archive.ubuntu.com/ubuntu/dists/precise/universe/source/Sources  404  Not Found [IP: 91.189.91.39 80]

W: Failed to fetch http://us.archive.ubuntu.com/ubuntu/dists/precise/multiverse/source/Sources  404  Not Found [IP: 91.189.91.39 80]

W: Failed to fetch http://us.archive.ubuntu.com/ubuntu/dists/precise/main/binary-amd64/Packages  404  Not Found [IP: 91.189.91.39 80]

W: Failed to fetch http://us.archive.ubuntu.com/ubuntu/dists/precise/restricted/binary-amd64/Packages  404  Not Found [IP: 91.189.91.39 80]

W: Failed to fetch http://us.archive.ubuntu.com/ubuntu/dists/precise/universe/binary-amd64/Packages  404  Not Found [IP: 91.189.91.39 80]

W: Failed to fetch http://us.archive.ubuntu.com/ubuntu/dists/precise/multiverse/binary-amd64/Packages  404  Not Found [IP: 91.189.91.39 80]

W: Failed to fetch http://us.archive.ubuntu.com/ubuntu/dists/precise/main/binary-i386/Packages  404  Not Found [IP: 91.189.91.39 80]

W: Failed to fetch http://us.archive.ubuntu.com/ubuntu/dists/precise/restricted/binary-i386/Packages  404  Not Found [IP: 91.189.91.39 80]

W: Failed to fetch http://us.archive.ubuntu.com/ubuntu/dists/precise/universe/binary-i386/Packages  404  Not Found [IP: 91.189.91.39 80]

W: Failed to fetch http://us.archive.ubuntu.com/ubuntu/dists/precise/multiverse/binary-i386/Packages  404  Not Found [IP: 91.189.91.39 80]

W: Failed to fetch http://us.archive.ubuntu.com/ubuntu/dists/precise-updates/main/source/Sources  404  Not Found [IP: 91.189.91.39 80]

W: Failed to fetch http://us.archive.ubuntu.com/ubuntu/dists/precise-updates/restricted/source/Sources  404  Not Found [IP: 91.189.91.39 80]

W: Failed to fetch http://us.archive.ubuntu.com/ubuntu/dists/precise-updates/universe/source/Sources  404  Not Found [IP: 91.189.91.39 80]

W: Failed to fetch http://us.archive.ubuntu.com/ubuntu/dists/precise-updates/multiverse/source/Sources  404  Not Found [IP: 91.189.91.39 80]

W: Failed to fetch http://us.archive.ubuntu.com/ubuntu/dists/precise-updates/main/binary-amd64/Packages  404  Not Found [IP: 91.189.91.39 80]

W: Failed to fetch http://us.archive.ubuntu.com/ubuntu/dists/precise-updates/restricted/binary-amd64/Packages  404  Not Found [IP: 91.189.91.39 80]

W: Failed to fetch http://us.archive.ubuntu.com/ubuntu/dists/precise-updates/universe/binary-amd64/Packages  404  Not Found [IP: 91.189.91.39 80]

W: Failed to fetch http://us.archive.ubuntu.com/ubuntu/dists/precise-updates/multiverse/binary-amd64/Packages  404  Not Found [IP: 91.189.91.39 80]

W: Failed to fetch http://us.archive.ubuntu.com/ubuntu/dists/precise-updates/main/binary-i386/Packages  404  Not Found [IP: 91.189.91.39 80]

W: Failed to fetch http://us.archive.ubuntu.com/ubuntu/dists/precise-updates/restricted/binary-i386/Packages  404  Not Found [IP: 91.189.91.39 80]

W: Failed to fetch http://us.archive.ubuntu.com/ubuntu/dists/precise-updates/universe/binary-i386/Packages  404  Not Found [IP: 91.189.91.39 80]

W: Failed to fetch http://us.archive.ubuntu.com/ubuntu/dists/precise-updates/multiverse/binary-i386/Packages  404  Not Found [IP: 91.189.91.39 80]

W: Failed to fetch http://us.archive.ubuntu.com/ubuntu/dists/precise-backports/main/source/Sources  404  Not Found [IP: 91.189.91.39 80]

W: Failed to fetch http://us.archive.ubuntu.com/ubuntu/dists/precise-backports/restricted/source/Sources  404  Not Found [IP: 91.189.91.39 80]

W: Failed to fetch http://us.archive.ubuntu.com/ubuntu/dists/precise-backports/universe/source/Sources  404  Not Found [IP: 91.189.91.39 80]

W: Failed to fetch http://us.archive.ubuntu.com/ubuntu/dists/precise-backports/multiverse/source/Sources  404  Not Found [IP: 91.189.91.39 80]

W: Failed to fetch http://us.archive.ubuntu.com/ubuntu/dists/precise-backports/main/binary-amd64/Packages  404  Not Found [IP: 91.189.91.39 80]

W: Failed to fetch http://us.archive.ubuntu.com/ubuntu/dists/precise-backports/restricted/binary-amd64/Packages  404  Not Found [IP: 91.189.91.39 80]

W: Failed to fetch http://us.archive.ubuntu.com/ubuntu/dists/precise-backports/universe/binary-amd64/Packages  404  Not Found [IP: 91.189.91.39 80]

W: Failed to fetch http://us.archive.ubuntu.com/ubuntu/dists/precise-backports/multiverse/binary-amd64/Packages  404  Not Found [IP: 91.189.91.39 80]

W: Failed to fetch http://us.archive.ubuntu.com/ubuntu/dists/precise-backports/main/binary-i386/Packages  404  Not Found [IP: 91.189.91.39 80]

W: Failed to fetch http://us.archive.ubuntu.com/ubuntu/dists/precise-backports/restricted/binary-i386/Packages  404  Not Found [IP: 91.189.91.39 80]

W: Failed to fetch http://us.archive.ubuntu.com/ubuntu/dists/precise-backports/universe/binary-i386/Packages  404  Not Found [IP: 91.189.91.39 80]

W: Failed to fetch http://us.archive.ubuntu.com/ubuntu/dists/precise-backports/multiverse/binary-i386/Packages  404  Not Found [IP: 91.189.91.39 80]

W: Failed to fetch http://apt.postgresql.org/pub/repos/apt/dists/precise-pgdg/main/binary-amd64/Packages  404  Not Found [IP: 72.32.157.246 80]

W: Failed to fetch http://apt.postgresql.org/pub/repos/apt/dists/precise-pgdg/main/binary-i386/Packages  404  Not Found [IP: 72.32.157.246 80]

W: Failed to fetch http://ppa.launchpad.net/travis-ci/zero-mq/ubuntu/dists/precise/main/binary-amd64/Packages  403  Forbidden

W: Failed to fetch http://ppa.launchpad.net/travis-ci/zero-mq/ubuntu/dists/precise/main/binary-i386/Packages  403  Forbidden

W: Failed to fetch http://downloads-distro.mongodb.org/repo/debian-sysvinit/dists/dist/10gen/binary-amd64/Packages  Undetermined Error [IP: 54.175.147.155 80]

W: Failed to fetch http://downloads-distro.mongodb.org/repo/debian-sysvinit/dists/dist/10gen/binary-i386/Packages  Undetermined Error [IP: 54.175.147.155 80]

E: Some index files failed to download. They have been ignored, or old ones used instead.
sed: cannot rename /etc/hosts: Device or resource busy
sed: cannot rename /etc/hosts: Device or resource busy
$ jdk_switcher use oraclejdk8
Switching to Oracle JDK8 (java-8-oracle), JAVA_HOME will be set to /usr/lib/jvm/java-8-oracle
$ cd failed/galenframework/galen
travis_fold:start:install_firefox[0K$ export FIREFOX_SOURCE_URL='https://download.mozilla.org/?product=firefox-45.4.0esr&lang=en-US&os=linux64'
[33;1mInstalling Firefox 45.4.0esr[0m
travis_time:start:06b36739[0K$ wget -O /tmp/firefox-45.4.0esr.tar.bz2 $FIREFOX_SOURCE_URL
--2021-06-17 12:31:00--  https://download.mozilla.org/?product=firefox-45.4.0esr&lang=en-US&os=linux64
Resolving download.mozilla.org (download.mozilla.org)... 44.224.224.29, 52.38.156.212, 34.215.61.199
Connecting to download.mozilla.org (download.mozilla.org)|44.224.224.29|:443... connected.
HTTP request sent, awaiting response... 302 Found
Location: https://download-installer.cdn.mozilla.net/pub/firefox/releases/45.4.0esr/linux-x86_64/en-US/firefox-45.4.0esr.tar.bz2 [following]
--2021-06-17 12:31:02--  https://download-installer.cdn.mozilla.net/pub/firefox/releases/45.4.0esr/linux-x86_64/en-US/firefox-45.4.0esr.tar.bz2
Resolving download-installer.cdn.mozilla.net (download-installer.cdn.mozilla.net)... 13.224.26.58, 2600:9000:2164:fa00:e:19d6:1546:5981, 2600:9000:2164:e000:e:19d6:1546:5981, ...
Connecting to download-installer.cdn.mozilla.net (download-installer.cdn.mozilla.net)|13.224.26.58|:443... connected.
HTTP request sent, awaiting response... 200 OK
Length: 51666458 (49M) [application/x-tar]
Saving to: `/tmp/firefox-45.4.0esr.tar.bz2'

     0K .......... .......... .......... .......... ..........  0%  351K 2m24s
    50K .......... .......... .......... .......... ..........  0% 2.09M 84s
   100K .......... .......... .......... .......... ..........  0%  947K 73s
   150K .......... .......... .......... .......... ..........  0% 3.30M 59s
   200K .......... .......... .......... .......... ..........  0%  951K 57s
   250K .......... .......... .......... .......... ..........  0% 13.8M 48s
   300K .......... .......... .......... .......... ..........  0% 13.9M 42s
   350K .......... .......... .......... .......... ..........  0% 11.1M 37s
   400K .......... .......... .......... .......... ..........  0% 3.69M 35s
   450K .......... .......... .......... .......... ..........  0% 1.02M 36s
   500K .......... .......... .......... .......... ..........  1% 20.3M 33s
   550K .......... .......... .......... .......... ..........  1% 17.6M 30s
   600K .......... .......... .......... .......... ..........  1% 23.9M 28s
   650K .......... .......... .......... .......... ..........  1% 25.2M 26s
   700K .......... .......... .......... .......... ..........  1% 16.3M 25s
   750K .......... .......... .......... .......... ..........  1% 24.1M 23s
   800K .......... .......... .......... .......... ..........  1% 18.5M 22s
   850K .......... .......... .......... .......... ..........  1% 6.70M 21s
   900K .......... .......... .......... .......... ..........  1% 1.04M 22s
   950K .......... .......... .......... .......... ..........  1% 94.9M 21s
  1000K .......... .......... .......... .......... ..........  2% 56.0M 20s
  1050K .......... .......... .......... .......... ..........  2% 46.4M 19s
  1100K .......... .......... .......... .......... ..........  2% 59.3M 19s
  1150K .......... .......... .......... .......... ..........  2% 51.5M 18s
  1200K .......... .......... .......... .......... ..........  2% 54.0M 17s
  1250K .......... .......... .......... .......... ..........  2% 71.6M 16s
  1300K .......... .......... .......... .......... ..........  2% 50.9M 16s
  1350K .......... .......... .......... .......... ..........  2% 60.9M 15s
  1400K .......... .......... .......... .......... ..........  2% 52.8M 15s
  1450K .......... .......... .......... .......... ..........  2% 91.2M 14s
  1500K .......... .......... .......... .......... ..........  3% 52.1M 14s
  1550K .......... .......... .......... .......... ..........  3% 47.3M 13s
  1600K .......... .......... .......... .......... ..........  3% 5.35M 13s
  1650K .......... .......... .......... .......... ..........  3%  111M 13s
  1700K .......... .......... .......... .......... ..........  3% 89.9M 13s
  1750K .......... .......... .......... .......... ..........  3% 10.7M 12s
  1800K .......... .......... .......... .......... ..........  3% 37.8M 12s
  1850K .......... .......... .......... .......... ..........  3% 1.06M 13s
  1900K .......... .......... .......... .......... ..........  3% 64.6M 13s
  1950K .......... .......... .......... .......... ..........  3%  129M 12s
  2000K .......... .......... .......... .......... ..........  4%  131M 12s
  2050K .......... .......... .......... .......... ..........  4%  119M 12s
  2100K .......... .......... .......... .......... ..........  4%  138M 11s
  2150K .......... .......... .......... .......... ..........  4%  138M 11s
  2200K .......... .......... .......... .......... ..........  4%  107M 11s
  2250K .......... .......... .......... .......... ..........  4% 83.3M 11s
  2300K .......... .......... .......... .......... ..........  4% 94.1M 10s
  2350K .......... .......... .......... .......... ..........  4% 80.0M 10s
  2400K .......... .......... .......... .......... ..........  4%  139M 10s
  2450K .......... .......... .......... .......... ..........  4%  137M 10s
  2500K .......... .......... .......... .......... ..........  5% 29.9M 10s
  2550K .......... .......... .......... .......... ..........  5% 82.1M 9s
  2600K .......... .......... .......... .......... ..........  5% 82.1M 9s
  2650K .......... .......... .......... .......... ..........  5% 80.3M 9s
  2700K .......... .......... .......... .......... ..........  5% 87.1M 9s
  2750K .......... .......... .......... .......... ..........  5% 91.3M 9s
  2800K .......... .......... .......... .......... ..........  5%  131M 9s
  2850K .......... .......... .......... .......... ..........  5% 4.92M 9s
  2900K .......... .......... .......... .......... ..........  5%  121M 8s
  2950K .......... .......... .......... .......... ..........  5%  128M 8s
  3000K .......... .......... .......... .......... ..........  6%  108M 8s
  3050K .......... .......... .......... .......... ..........  6% 98.4M 8s
  3100K .......... .......... .......... .......... ..........  6%  116M 8s
  3150K .......... .......... .......... .......... ..........  6%  116M 8s
  3200K .......... .......... .......... .......... ..........  6% 86.0M 8s
  3250K .......... .......... .......... .......... ..........  6% 88.4M 8s
  3300K .......... .......... .......... .......... ..........  6% 82.2M 7s
  3350K .......... .......... .......... .......... ..........  6% 92.1M 7s
  3400K .......... .......... .......... .......... ..........  6%  108M 7s
  3450K .......... .......... .......... .......... ..........  6%  114M 7s
  3500K .......... .......... .......... .......... ..........  7%  132M 7s
  3550K .......... .......... .......... .......... ..........  7%  103M 7s
  3600K .......... .......... .......... .......... ..........  7%  127M 7s
  3650K .......... .......... .......... .......... ..........  7%  128M 7s
  3700K .......... .......... .......... .......... ..........  7% 1.11M 7s
  3750K .......... .......... .......... .......... ..........  7% 49.8M 7s
  3800K .......... .......... .......... .......... ..........  7%  157M 7s
  3850K .......... .......... .......... .......... ..........  7% 20.7M 7s
  3900K .......... .......... .......... .......... ..........  7%  118M 7s
  3950K .......... .......... .......... .......... ..........  7% 61.7M 7s
  4000K .......... .......... .......... .......... ..........  8% 91.8M 7s
  4050K .......... .......... .......... .......... ..........  8%  179M 7s
  4100K .......... .......... .......... .......... ..........  8%  154M 6s
  4150K .......... .......... .......... .......... ..........  8% 97.8M 6s
  4200K .......... .......... .......... .......... ..........  8% 86.9M 6s
  4250K .......... .......... .......... .......... ..........  8%  102M 6s
  4300K .......... .......... .......... .......... ..........  8%  120M 6s
  4350K .......... .......... .......... .......... ..........  8%  131M 6s
  4400K .......... .......... .......... .......... ..........  8%  123M 6s
  4450K .......... .......... .......... .......... ..........  8%  130M 6s
  4500K .......... .......... .......... .......... ..........  9%  113M 6s
  4550K .......... .......... .......... .......... ..........  9%  100M 6s
  4600K .......... .......... .......... .......... ..........  9%  125M 6s
  4650K .......... .......... .......... .......... ..........  9%  108M 6s
  4700K .......... .......... .......... .......... ..........  9%  115M 6s
  4750K .......... .......... .......... .......... ..........  9%  122M 6s
  4800K .......... .......... .......... .......... ..........  9%  114M 6s
  4850K .......... .......... .......... .......... ..........  9%  109M 5s
  4900K .......... .......... .......... .......... ..........  9%  117M 5s
  4950K .......... .......... .......... .......... ..........  9%  110M 5s
  5000K .......... .......... .......... .......... .......... 10%  126M 5s
  5050K .......... .......... .......... .......... .......... 10%  104M 5s
  5100K .......... .......... .......... .......... .......... 10%  140M 5s
  5150K .......... .......... .......... .......... .......... 10% 95.8M 5s
  5200K .......... .......... .......... .......... .......... 10%  110M 5s
  5250K .......... .......... .......... .......... .......... 10%  114M 5s
  5300K .......... .......... .......... .......... .......... 10%  101M 5s
  5350K .......... .......... .......... .......... .......... 10%  103M 5s
  5400K .......... .......... .......... .......... .......... 10%  183M 5s
  5450K .......... .......... .......... .......... .......... 10% 69.7M 5s
  5500K .......... .......... .......... .......... .......... 10% 85.7M 5s
  5550K .......... .......... .......... .......... .......... 11%  125M 5s
  5600K .......... .......... .......... .......... .......... 11%  127M 5s
  5650K .......... .......... .......... .......... .......... 11%  123M 5s
  5700K .......... .......... .......... .......... .......... 11%  111M 5s
  5750K .......... .......... .......... .......... .......... 11%  139M 5s
  5800K .......... .......... .......... .......... .......... 11%  104M 5s
  5850K .......... .......... .......... .......... .......... 11%  141M 4s
  5900K .......... .......... .......... .......... .......... 11%  138M 4s
  5950K .......... .......... .......... .......... .......... 11%  106M 4s
  6000K .......... .......... .......... .......... .......... 11%  109M 4s
  6050K .......... .......... .......... .......... .......... 12%  114M 4s
  6100K .......... .......... .......... .......... .......... 12% 28.4M 4s
  6150K .......... .......... .......... .......... .......... 12%  103M 4s
  6200K .......... .......... .......... .......... .......... 12% 91.6M 4s
  6250K .......... .......... .......... .......... .......... 12%  118M 4s
  6300K .......... .......... .......... .......... .......... 12% 1.04M 4s
  6350K .......... .......... .......... .......... .......... 12%  123M 4s
  6400K .......... .......... .......... .......... .......... 12% 70.7M 4s
  6450K .......... .......... .......... .......... .......... 12% 86.8M 4s
  6500K .......... .......... .......... .......... .......... 12% 80.8M 4s
  6550K .......... .......... .......... .......... .......... 13%  131M 4s
  6600K .......... .......... .......... .......... .......... 13%  132M 4s
  6650K .......... .......... .......... .......... .......... 13%  142M 4s
  6700K .......... .......... .......... .......... .......... 13%  137M 4s
  6750K .......... .......... .......... .......... .......... 13%  138M 4s
  6800K .......... .......... .......... .......... .......... 13%  129M 4s
  6850K .......... .......... .......... .......... .......... 13%  128M 4s
  6900K .......... .......... .......... .......... .......... 13%  120M 4s
  6950K .......... .......... .......... .......... .......... 13%  104M 4s
  7000K .......... .......... .......... .......... .......... 13%  111M 4s
  7050K .......... .......... .......... .......... .......... 14%  125M 4s
  7100K .......... .......... .......... .......... .......... 14%  104M 4s
  7150K .......... .......... .......... .......... .......... 14%  112M 4s
  7200K .......... .......... .......... .......... .......... 14% 83.7M 4s
  7250K .......... .......... .......... .......... .......... 14% 76.5M 4s
  7300K .......... .......... .......... .......... .......... 14%  129M 4s
  7350K .......... .......... .......... .......... .......... 14%  125M 4s
  7400K .......... .......... .......... .......... .......... 14%  121M 4s
  7450K .......... .......... .......... .......... .......... 14%  130M 4s
  7500K .......... .......... .......... .......... .......... 14%  139M 4s
  7550K .......... .......... .......... .......... .......... 15%  110M 4s
  7600K .......... .......... .......... .......... .......... 15% 87.1M 4s
  7650K .......... .......... .......... .......... .......... 15%  115M 4s
  7700K .......... .......... .......... .......... .......... 15%  164M 4s
  7750K .......... .......... .......... .......... .......... 15%  123M 4s
  7800K .......... .......... .......... .......... .......... 15%  103M 4s
  7850K .......... .......... .......... .......... .......... 15%  109M 4s
  7900K .......... .......... .......... .......... .......... 15%  122M 4s
  7950K .......... .......... .......... .......... .......... 15% 86.1M 4s
  8000K .......... .......... .......... .......... .......... 15%  122M 3s
  8050K .......... .......... .......... .......... .......... 16% 98.0M 3s
  8100K .......... .......... .......... .......... .......... 16% 86.2M 3s
  8150K .......... .......... .......... .......... .......... 16% 75.6M 3s
  8200K .......... .......... .......... .......... .......... 16%  121M 3s
  8250K .......... .......... .......... .......... .......... 16%  123M 3s
  8300K .......... .......... .......... .......... .......... 16%  125M 3s
  8350K .......... .......... .......... .......... .......... 16%  113M 3s
  8400K .......... .......... .......... .......... .......... 16%  112M 3s
  8450K .......... .......... .......... .......... .......... 16%  133M 3s
  8500K .......... .......... .......... .......... .......... 16%  120M 3s
  8550K .......... .......... .......... .......... .......... 17%  128M 3s
  8600K .......... .......... .......... .......... .......... 17%  139M 3s
  8650K .......... .......... .......... .......... .......... 17%  121M 3s
  8700K .......... .......... .......... .......... .......... 17% 11.9M 3s
  8750K .......... .......... .......... .......... .......... 17% 79.1M 3s
  8800K .......... .......... .......... .......... .......... 17% 71.5M 3s
  8850K .......... .......... .......... .......... .......... 17% 1.06M 3s
  8900K .......... .......... .......... .......... .......... 17% 98.7M 3s
  8950K .......... .......... .......... .......... .......... 17% 69.9M 3s
  9000K .......... .......... .......... .......... .......... 17% 74.0M 3s
  9050K .......... .......... .......... .......... .......... 18% 71.8M 3s
  9100K .......... .......... .......... .......... .......... 18%  132M 3s
  9150K .......... .......... .......... .......... .......... 18%  112M 3s
  9200K .......... .......... .......... .......... .......... 18%  129M 3s
  9250K .......... .......... .......... .......... .......... 18%  136M 3s
  9300K .......... .......... .......... .......... .......... 18%  107M 3s
  9350K .......... .......... .......... .......... .......... 18%  111M 3s
  9400K .......... .......... .......... .......... .......... 18%  116M 3s
  9450K .......... .......... .......... .......... .......... 18%  105M 3s
  9500K .......... .......... .......... .......... .......... 18% 89.4M 3s
  9550K .......... .......... .......... .......... .......... 19%  101M 3s
  9600K .......... .......... .......... .......... .......... 19%  116M 3s
  9650K .......... .......... .......... .......... .......... 19%  152M 3s
  9700K .......... .......... .......... .......... .......... 19%  114M 3s
  9750K .......... .......... .......... .......... .......... 19%  124M 3s
  9800K .......... .......... .......... .......... .......... 19%  123M 3s
  9850K .......... .......... .......... .......... .......... 19%  118M 3s
  9900K .......... .......... .......... .......... .......... 19% 98.6M 3s
  9950K .......... .......... .......... .......... .......... 19%  122M 3s
 10000K .......... .......... .......... .......... .......... 19% 96.7M 3s
 10050K .......... .......... .......... .......... .......... 20% 94.8M 3s
 10100K .......... .......... .......... .......... .......... 20%  125M 3s
 10150K .......... .......... .......... .......... .......... 20%  136M 3s
 10200K .......... .......... .......... .......... .......... 20%  108M 3s
 10250K .......... .......... .......... .......... .......... 20% 81.6M 3s
 10300K .......... .......... .......... .......... .......... 20%  134M 3s
 10350K .......... .......... .......... .......... .......... 20%  130M 3s
 10400K .......... .......... .......... .......... .......... 20%  113M 3s
 10450K .......... .......... .......... .......... .......... 20%  123M 3s
 10500K .......... .......... .......... .......... .......... 20%  117M 3s
 10550K .......... .......... .......... .......... .......... 21%  104M 3s
 10600K .......... .......... .......... .......... .......... 21%  122M 3s
 10650K .......... .......... .......... .......... .......... 21%  105M 3s
 10700K .......... .......... .......... .......... .......... 21%  139M 3s
 10750K .......... .......... .......... .......... .......... 21% 90.5M 3s
 10800K .......... .......... .......... .......... .......... 21%  144M 3s
 10850K .......... .......... .......... .......... .......... 21% 85.5M 3s
 10900K .......... .......... .......... .......... .......... 21%  101M 3s
 10950K .......... .......... .......... .......... .......... 21%  101M 3s
 11000K .......... .......... .......... .......... .......... 21%  137M 3s
 11050K .......... .......... .......... .......... .......... 21%  114M 3s
 11100K .......... .......... .......... .......... .......... 22% 96.8M 3s
 11150K .......... .......... .......... .......... .......... 22% 91.2M 3s
 11200K .......... .......... .......... .......... .......... 22%  116M 3s
 11250K .......... .......... .......... .......... .......... 22% 15.8M 3s
 11300K .......... .......... .......... .......... .......... 22% 45.8M 3s
 11350K .......... .......... .......... .......... .......... 22%  121M 3s
 11400K .......... .......... .......... .......... .......... 22% 1.06M 3s
 11450K .......... .......... .......... .......... .......... 22% 16.3M 3s
 11500K .......... .......... .......... .......... .......... 22%  112M 3s
 11550K .......... .......... .......... .......... .......... 22% 83.2M 3s
 11600K .......... .......... .......... .......... .......... 23%  134M 3s
 11650K .......... .......... .......... .......... .......... 23% 89.0M 3s
 11700K .......... .......... .......... .......... .......... 23%  107M 3s
 11750K .......... .......... .......... .......... .......... 23%  156M 3s
 11800K .......... .......... .......... .......... .......... 23%  179M 3s
 11850K .......... .......... .......... .......... .......... 23% 84.3M 3s
 11900K .......... .......... .......... .......... .......... 23%  120M 3s
 11950K .......... .......... .......... .......... .......... 23% 86.7M 3s
 12000K .......... .......... .......... .......... .......... 23% 95.6M 3s
 12050K .......... .......... .......... .......... .......... 23%  110M 3s
 12100K .......... .......... .......... .......... .......... 24%  114M 3s
 12150K .......... .......... .......... .......... .......... 24% 91.8M 3s
 12200K .......... .......... .......... .......... .......... 24%  115M 2s
 12250K .......... .......... .......... .......... .......... 24%  107M 2s
 12300K .......... .......... .......... .......... .......... 24%  111M 2s
 12350K .......... .......... .......... .......... .......... 24%  111M 2s
 12400K .......... .......... .......... .......... .......... 24%  114M 2s
 12450K .......... .......... .......... .......... .......... 24%  101M 2s
 12500K .......... .......... .......... .......... .......... 24%  182M 2s
 12550K .......... .......... .......... .......... .......... 24%  159M 2s
 12600K .......... .......... .......... .......... .......... 25%  107M 2s
 12650K .......... .......... .......... .......... .......... 25%  132M 2s
 12700K .......... .......... .......... .......... .......... 25%  103M 2s
 12750K .......... .......... .......... .......... .......... 25%  131M 2s
 12800K .......... .......... .......... .......... .......... 25%  112M 2s
 12850K .......... .......... .......... .......... .......... 25% 88.9M 2s
 12900K .......... .......... .......... .......... .......... 25% 96.7M 2s
 12950K .......... .......... .......... .......... .......... 25%  158M 2s
 13000K .......... .......... .......... .......... .......... 25%  130M 2s
 13050K .......... .......... .......... .......... .......... 25% 87.1M 2s
 13100K .......... .......... .......... .......... .......... 26% 97.7M 2s
 13150K .......... .......... .......... .......... .......... 26%  141M 2s
 13200K .......... .......... .......... .......... .......... 26%  123M 2s
 13250K .......... .......... .......... .......... .......... 26%  128M 2s
 13300K .......... .......... .......... .......... .......... 26%  105M 2s
 13350K .......... .......... .......... .......... .......... 26% 91.8M 2s
 13400K .......... .......... .......... .......... .......... 26%  135M 2s
 13450K .......... .......... .......... .......... .......... 26%  122M 2s
 13500K .......... .......... .......... .......... .......... 26%  121M 2s
 13550K .......... .......... .......... .......... .......... 26% 69.4M 2s
 13600K .......... .......... .......... .......... .......... 27% 92.5M 2s
 13650K .......... .......... .......... .......... .......... 27%  150M 2s
 13700K .......... .......... .......... .......... .......... 27%  175M 2s
 13750K .......... .......... .......... .......... .......... 27%  107M 2s
 13800K .......... .......... .......... .......... .......... 27% 22.4M 2s
 13850K .......... .......... .......... .......... .......... 27% 46.8M 2s
 13900K .......... .......... .......... .......... .......... 27%  110M 2s
 13950K .......... .......... .......... .......... .......... 27% 91.2M 2s
 14000K .......... .......... .......... .......... .......... 27% 1.07M 2s
 14050K .......... .......... .......... .......... .......... 27%  130M 2s
 14100K .......... .......... .......... .......... .......... 28% 56.7M 2s
 14150K .......... .......... .......... .......... .......... 28% 27.8M 2s
 14200K .......... .......... .......... .......... .......... 28%  104M 2s
 14250K .......... .......... .......... .......... .......... 28%  107M 2s
 14300K .......... .......... .......... .......... .......... 28%  126M 2s
 14350K .......... .......... .......... .......... .......... 28%  144M 2s
 14400K .......... .......... .......... .......... .......... 28%  107M 2s
 14450K .......... .......... .......... .......... .......... 28% 94.2M 2s
 14500K .......... .......... .......... .......... .......... 28%  139M 2s
 14550K .......... .......... .......... .......... .......... 28% 97.4M 2s
 14600K .......... .......... .......... .......... .......... 29%  106M 2s
 14650K .......... .......... .......... .......... .......... 29%  102M 2s
 14700K .......... .......... .......... .......... .......... 29%  134M 2s
 14750K .......... .......... .......... .......... .......... 29%  105M 2s
 14800K .......... .......... .......... .......... .......... 29%  108M 2s
 14850K .......... .......... .......... .......... .......... 29%  105M 2s
 14900K .......... .......... .......... .......... .......... 29%  139M 2s
 14950K .......... .......... .......... .......... .......... 29%  101M 2s
 15000K .......... .......... .......... .......... .......... 29%  104M 2s
 15050K .......... .......... .......... .......... .......... 29%  121M 2s
 15100K .......... .......... .......... .......... .......... 30%  115M 2s
 15150K .......... .......... .......... .......... .......... 30%  115M 2s
 15200K .......... .......... .......... .......... .......... 30%  109M 2s
 15250K .......... .......... .......... .......... .......... 30%  128M 2s
 15300K .......... .......... .......... .......... .......... 30% 80.3M 2s
 15350K .......... .......... .......... .......... .......... 30% 94.0M 2s
 15400K .......... .......... .......... .......... .......... 30%  114M 2s
 15450K .......... .......... .......... .......... .......... 30%  112M 2s
 15500K .......... .......... .......... .......... .......... 30%  149M 2s
 15550K .......... .......... .......... .......... .......... 30%  121M 2s
 15600K .......... .......... .......... .......... .......... 31% 76.7M 2s
 15650K .......... .......... .......... .......... .......... 31% 81.0M 2s
 15700K .......... .......... .......... .......... .......... 31% 84.3M 2s
 15750K .......... .......... .......... .......... .......... 31%  115M 2s
 15800K .......... .......... .......... .......... .......... 31%  115M 2s
 15850K .......... .......... .......... .......... .......... 31%  115M 2s
 15900K .......... .......... .......... .......... .......... 31%  117M 2s
 15950K .......... .......... .......... .......... .......... 31%  129M 2s
 16000K .......... .......... .......... .......... .......... 31%  145M 2s
 16050K .......... .......... .......... .......... .......... 31%  112M 2s
 16100K .......... .......... .......... .......... .......... 32%  146M 2s
 16150K .......... .......... .......... .......... .......... 32% 1.98M 2s
 16200K .......... .......... .......... .......... .......... 32%  245M 2s
 16250K .......... .......... .......... .......... .......... 32%  249M 2s
 16300K .......... .......... .......... .......... .......... 32%  251M 2s
 16350K .......... .......... .......... .......... .......... 32%  271M 2s
 16400K .......... .......... .......... .......... .......... 32%  235M 2s
 16450K .......... .......... .......... .......... .......... 32%  288M 2s
 16500K .......... .......... .......... .......... .......... 32%  254M 2s
 16550K .......... .......... .......... .......... .......... 32% 1.92M 2s
 16600K .......... .......... .......... .......... .......... 32% 81.0M 2s
 16650K .......... .......... .......... .......... .......... 33% 74.2M 2s
 16700K .......... .......... .......... .......... .......... 33% 79.7M 2s
 16750K .......... .......... .......... .......... .......... 33%  116M 2s
 16800K .......... .......... .......... .......... .......... 33%  130M 2s
 16850K .......... .......... .......... .......... .......... 33%  124M 2s
 16900K .......... .......... .......... .......... .......... 33%  130M 2s
 16950K .......... .......... .......... .......... .......... 33%  118M 2s
 17000K .......... .......... .......... .......... .......... 33%  120M 2s
 17050K .......... .......... .......... .......... .......... 33%  102M 2s
 17100K .......... .......... .......... .......... .......... 33%  107M 2s
 17150K .......... .......... .......... .......... .......... 34%  114M 2s
 17200K .......... .......... .......... .......... .......... 34%  114M 2s
 17250K .......... .......... .......... .......... .......... 34% 84.4M 2s
 17300K .......... .......... .......... .......... .......... 34%  136M 2s
 17350K .......... .......... .......... .......... .......... 34%  118M 2s
 17400K .......... .......... .......... .......... .......... 34%  128M 2s
 17450K .......... .......... .......... .......... .......... 34% 93.8M 2s
 17500K .......... .......... .......... .......... .......... 34%  122M 2s
 17550K .......... .......... .......... .......... .......... 34%  104M 2s
 17600K .......... .......... .......... .......... .......... 34% 98.3M 2s
 17650K .......... .......... .......... .......... .......... 35% 64.9M 2s
 17700K .......... .......... .......... .......... .......... 35% 57.3M 2s
 17750K .......... .......... .......... .......... .......... 35%  102M 2s
 17800K .......... .......... .......... .......... .......... 35%  112M 2s
 17850K .......... .......... .......... .......... .......... 35%  108M 2s
 17900K .......... .......... .......... .......... .......... 35% 96.9M 2s
 17950K .......... .......... .......... .......... .......... 35%  105M 2s
 18000K .......... .......... .......... .......... .......... 35%  111M 2s
 18050K .......... .......... .......... .......... .......... 35% 87.0M 2s
 18100K .......... .......... .......... .......... .......... 35%  105M 2s
 18150K .......... .......... .......... .......... .......... 36%  111M 2s
 18200K .......... .......... .......... .......... .......... 36%  113M 2s
 18250K .......... .......... .......... .......... .......... 36%  119M 2s
 18300K .......... .......... .......... .......... .......... 36%  104M 2s
 18350K .......... .......... .......... .......... .......... 36%  120M 2s
 18400K .......... .......... .......... .......... .......... 36% 90.4M 2s
 18450K .......... .......... .......... .......... .......... 36%  114M 2s
 18500K .......... .......... .......... .......... .......... 36%  123M 2s
 18550K .......... .......... .......... .......... .......... 36%  106M 2s
 18600K .......... .......... .......... .......... .......... 36%  130M 2s
 18650K .......... .......... .......... .......... .......... 37%  147M 2s
 18700K .......... .......... .......... .......... .......... 37%  173M 2s
 18750K .......... .......... .......... .......... .......... 37%  196M 2s
 18800K .......... .......... .......... .......... .......... 37%  161M 2s
 18850K .......... .......... .......... .......... .......... 37%  219M 2s
 18900K .......... .......... .......... .......... .......... 37%  249M 2s
 18950K .......... .......... .......... .......... .......... 37% 12.8M 2s
 19000K .......... .......... .......... .......... .......... 37% 39.5M 2s
 19050K .......... .......... .......... .......... .......... 37%  101M 2s
 19100K .......... .......... .......... .......... .......... 37%  131M 2s
 19150K .......... .......... .......... .......... .......... 38% 1.01M 2s
 19200K .......... .......... .......... .......... .......... 38% 77.0M 2s
 19250K .......... .......... .......... .......... .......... 38% 90.1M 2s
 19300K .......... .......... .......... .......... .......... 38%  123M 2s
 19350K .......... .......... .......... .......... .......... 38%  111M 2s
 19400K .......... .......... .......... .......... .......... 38%  103M 2s
 19450K .......... .......... .......... .......... .......... 38%  119M 2s
 19500K .......... .......... .......... .......... .......... 38%  107M 2s
 19550K .......... .......... .......... .......... .......... 38%  211M 2s
 19600K .......... .......... .......... .......... .......... 38%  180M 2s
 19650K .......... .......... .......... .......... .......... 39%  116M 2s
 19700K .......... .......... .......... .......... .......... 39%  104M 2s
 19750K .......... .......... .......... .......... .......... 39% 94.4M 2s
 19800K .......... .......... .......... .......... .......... 39%  139M 2s
 19850K .......... .......... .......... .......... .......... 39%  116M 2s
 19900K .......... .......... .......... .......... .......... 39%  109M 2s
 19950K .......... .......... .......... .......... .......... 39%  103M 2s
 20000K .......... .......... .......... .......... .......... 39%  103M 2s
 20050K .......... .......... .......... .......... .......... 39%  125M 2s
 20100K .......... .......... .......... .......... .......... 39%  109M 2s
 20150K .......... .......... .......... .......... .......... 40% 99.4M 2s
 20200K .......... .......... .......... .......... .......... 40%  112M 2s
 20250K .......... .......... .......... .......... .......... 40%  119M 2s
 20300K .......... .......... .......... .......... .......... 40% 90.1M 2s
 20350K .......... .......... .......... .......... .......... 40% 75.3M 2s
 20400K .......... .......... .......... .......... .......... 40% 72.9M 2s
 20450K .......... .......... .......... .......... .......... 40% 79.3M 1s
 20500K .......... .......... .......... .......... .......... 40% 75.7M 1s
 20550K .......... .......... .......... .......... .......... 40% 66.0M 1s
 20600K .......... .......... .......... .......... .......... 40% 72.3M 1s
 20650K .......... .......... .......... .......... .......... 41% 84.2M 1s
 20700K .......... .......... .......... .......... .......... 41%  121M 1s
 20750K .......... .......... .......... .......... .......... 41%  123M 1s
 20800K .......... .......... .......... .......... .......... 41%  136M 1s
 20850K .......... .......... .......... .......... .......... 41%  205M 1s
 20900K .......... .......... .......... .......... .......... 41%  234M 1s
 20950K .......... .......... .......... .......... .......... 41%  212M 1s
 21000K .......... .......... .......... .......... .......... 41%  249M 1s
 21050K .......... .......... .......... .......... .......... 41%  234M 1s
 21100K .......... .......... .......... .......... .......... 41%  204M 1s
 21150K .......... .......... .......... .......... .......... 42%  247M 1s
 21200K .......... .......... .......... .......... .......... 42%  108M 1s
 21250K .......... .......... .......... .......... .......... 42% 96.9M 1s
 21300K .......... .......... .......... .......... .......... 42%  122M 1s
 21350K .......... .......... .......... .......... .......... 42%  111M 1s
 21400K .......... .......... .......... .......... .......... 42% 98.5M 1s
 21450K .......... .......... .......... .......... .......... 42%  115M 1s
 21500K .......... .......... .......... .......... .......... 42% 44.0M 1s
 21550K .......... .......... .......... .......... .......... 42% 23.7M 1s
 21600K .......... .......... .......... .......... .......... 42% 89.9M 1s
 21650K .......... .......... .......... .......... .......... 43%  130M 1s
 21700K .......... .......... .......... .......... .......... 43% 1.08M 1s
 21750K .......... .......... .......... .......... .......... 43% 56.7M 1s
 21800K .......... .......... .......... .......... .......... 43% 58.4M 1s
 21850K .......... .......... .......... .......... .......... 43% 68.7M 1s
 21900K .......... .......... .......... .......... .......... 43%  122M 1s
 21950K .......... .......... .......... .......... .......... 43%  108M 1s
 22000K .......... .......... .......... .......... .......... 43%  106M 1s
 22050K .......... .......... .......... .......... .......... 43%  100M 1s
 22100K .......... .......... .......... .......... .......... 43%  141M 1s
 22150K .......... .......... .......... .......... .......... 43%  107M 1s
 22200K .......... .......... .......... .......... .......... 44%  103M 1s
 22250K .......... .......... .......... .......... .......... 44%  111M 1s
 22300K .......... .......... .......... .......... .......... 44%  101M 1s
 22350K .......... .......... .......... .......... .......... 44%  111M 1s
 22400K .......... .......... .......... .......... .......... 44%  100M 1s
 22450K .......... .......... .......... .......... .......... 44%  131M 1s
 22500K .......... .......... .......... .......... .......... 44%  103M 1s
 22550K .......... .......... .......... .......... .......... 44%  109M 1s
 22600K .......... .......... .......... .......... .......... 44%  130M 1s
 22650K .......... .......... .......... .......... .......... 44%  115M 1s
 22700K .......... .......... .......... .......... .......... 45%  100M 1s
 22750K .......... .......... .......... .......... .......... 45%  107M 1s
 22800K .......... .......... .......... .......... .......... 45%  137M 1s
 22850K .......... .......... .......... .......... .......... 45% 99.8M 1s
 22900K .......... .......... .......... .......... .......... 45%  107M 1s
 22950K .......... .......... .......... .......... .......... 45%  126M 1s
 23000K .......... .......... .......... .......... .......... 45% 87.5M 1s
 23050K .......... .......... .......... .......... .......... 45%  147M 1s
 23100K .......... .......... .......... .......... .......... 45%  104M 1s
 23150K .......... .......... .......... .......... .......... 45%  105M 1s
 23200K .......... .......... .......... .......... .......... 46%  122M 1s
 23250K .......... .......... .......... .......... .......... 46%  104M 1s
 23300K .......... .......... .......... .......... .......... 46%  114M 1s
 23350K .......... .......... .......... .......... .......... 46%  115M 1s
 23400K .......... .......... .......... .......... .......... 46% 97.1M 1s
 23450K .......... .......... .......... .......... .......... 46%  122M 1s
 23500K .......... .......... .......... .......... .......... 46%  114M 1s
 23550K .......... .......... .......... .......... .......... 46% 90.4M 1s
 23600K .......... .......... .......... .......... .......... 46%  121M 1s
 23650K .......... .......... .......... .......... .......... 46% 82.5M 1s
 23700K .......... .......... .......... .......... .......... 47%  148M 1s
 23750K .......... .......... .......... .......... .......... 47%  153M 1s
 23800K .......... .......... .......... .......... .......... 47%  111M 1s
 23850K .......... .......... .......... .......... .......... 47% 94.3M 1s
 23900K .......... .......... .......... .......... .......... 47%  130M 1s
 23950K .......... .......... .......... .......... .......... 47%  111M 1s
 24000K .......... .......... .......... .......... .......... 47%  109M 1s
 24050K .......... .......... .......... .......... .......... 47%  143M 1s
 24100K .......... .......... .......... .......... .......... 47% 15.5M 1s
 24150K .......... .......... .......... .......... .......... 47% 45.4M 1s
 24200K .......... .......... .......... .......... .......... 48% 68.0M 1s
 24250K .......... .......... .......... .......... .......... 48% 1.08M 1s
 24300K .......... .......... .......... .......... .......... 48% 33.3M 1s
 24350K .......... .......... .......... .......... .......... 48%  119M 1s
 24400K .......... .......... .......... .......... .......... 48%  105M 1s
 24450K .......... .......... .......... .......... .......... 48%  123M 1s
 24500K .......... .......... .......... .......... .......... 48%  108M 1s
 24550K .......... .......... .......... .......... .......... 48%  146M 1s
 24600K .......... .......... .......... .......... .......... 48% 84.7M 1s
 24650K .......... .......... .......... .......... .......... 48% 85.0M 1s
 24700K .......... .......... .......... .......... .......... 49%  135M 1s
 24750K .......... .......... .......... .......... .......... 49%  108M 1s
 24800K .......... .......... .......... .......... .......... 49% 96.6M 1s
 24850K .......... .......... .......... .......... .......... 49%  110M 1s
 24900K .......... .......... .......... .......... .......... 49%  140M 1s
 24950K .......... .......... .......... .......... .......... 49%  103M 1s
 25000K .......... .......... .......... .......... .......... 49%  125M 1s
 25050K .......... .......... .......... .......... .......... 49% 88.2M 1s
 25100K .......... .......... .......... .......... .......... 49%  139M 1s
 25150K .......... .......... .......... .......... .......... 49%  107M 1s
 25200K .......... .......... .......... .......... .......... 50%  118M 1s
 25250K .......... .......... .......... .......... .......... 50%  103M 1s
 25300K .......... .......... .......... .......... .......... 50%  141M 1s
 25350K .......... .......... .......... .......... .......... 50%  112M 1s
 25400K .......... .......... .......... .......... .......... 50% 89.6M 1s
 25450K .......... .......... .......... .......... .......... 50%  118M 1s
 25500K .......... .......... .......... .......... .......... 50%  101M 1s
 25550K .......... .......... .......... .......... .......... 50%  146M 1s
 25600K .......... .......... .......... .......... .......... 50%  108M 1s
 25650K .......... .......... .......... .......... .......... 50%  111M 1s
 25700K .......... .......... .......... .......... .......... 51%  114M 1s
 25750K .......... .......... .......... .......... .......... 51%  113M 1s
 25800K .......... .......... .......... .......... .......... 51%  124M 1s
 25850K .......... .......... .......... .......... .......... 51%  101M 1s
 25900K .......... .......... .......... .......... .......... 51%  107M 1s
 25950K .......... .......... .......... .......... .......... 51%  100M 1s
 26000K .......... .......... .......... .......... .......... 51%  134M 1s
 26050K .......... .......... .......... .......... .......... 51% 96.4M 1s
 26100K .......... .......... .......... .......... .......... 51%  131M 1s
 26150K .......... .......... .......... .......... .......... 51% 99.3M 1s
 26200K .......... .......... .......... .......... .......... 52%  106M 1s
 26250K .......... .......... .......... .......... .......... 52%  133M 1s
 26300K .......... .......... .......... .......... .......... 52%  103M 1s
 26350K .......... .......... .......... .......... .......... 52%  121M 1s
 26400K .......... .......... .......... .......... .......... 52% 98.8M 1s
 26450K .......... .......... .......... .......... .......... 52%  102M 1s
 26500K .......... .......... .......... .......... .......... 52%  123M 1s
 26550K .......... .......... .......... .......... .......... 52%  114M 1s
 26600K .......... .......... .......... .......... .......... 52%  107M 1s
 26650K .......... .......... .......... .......... .......... 52% 15.2M 1s
 26700K .......... .......... .......... .......... .......... 53% 50.3M 1s
 26750K .......... .......... .......... .......... .......... 53% 38.7M 1s
 26800K .......... .......... .......... .......... .......... 53%  114M 1s
 26850K .......... .......... .......... .......... .......... 53% 1.07M 1s
 26900K .......... .......... .......... .......... .......... 53% 33.5M 1s
 26950K .......... .......... .......... .......... .......... 53% 32.1M 1s
 27000K .......... .......... .......... .......... .......... 53%  114M 1s
 27050K .......... .......... .......... .......... .......... 53%  135M 1s
 27100K .......... .......... .......... .......... .......... 53%  111M 1s
 27150K .......... .......... .......... .......... .......... 53%  104M 1s
 27200K .......... .......... .......... .......... .......... 54%  141M 1s
 27250K .......... .......... .......... .......... .......... 54%  102M 1s
 27300K .......... .......... .......... .......... .......... 54% 91.2M 1s
 27350K .......... .......... .......... .......... .......... 54%  146M 1s
 27400K .......... .......... .......... .......... .......... 54%  110M 1s
 27450K .......... .......... .......... .......... .......... 54%  114M 1s
 27500K .......... .......... .......... .......... .......... 54%  120M 1s
 27550K .......... .......... .......... .......... .......... 54%  110M 1s
 27600K .......... .......... .......... .......... .......... 54%  123M 1s
 27650K .......... .......... .......... .......... .......... 54%  106M 1s
 27700K .......... .......... .......... .......... .......... 54%  106M 1s
 27750K .......... .......... .......... .......... .......... 55%  106M 1s
 27800K .......... .......... .......... .......... .......... 55%  120M 1s
 27850K .......... .......... .......... .......... .......... 55%  116M 1s
 27900K .......... .......... .......... .......... .......... 55%  104M 1s
 27950K .......... .......... .......... .......... .......... 55% 95.3M 1s
 28000K .......... .......... .......... .......... .......... 55%  136M 1s
 28050K .......... .......... .......... .......... .......... 55%  111M 1s
 28100K .......... .......... .......... .......... .......... 55%  123M 1s
 28150K .......... .......... .......... .......... .......... 55% 85.7M 1s
 28200K .......... .......... .......... .......... .......... 55%  113M 1s
 28250K .......... .......... .......... .......... .......... 56% 86.1M 1s
 28300K .......... .......... .......... .......... .......... 56%  150M 1s
 28350K .......... .......... .......... .......... .......... 56%  128M 1s
 28400K .......... .......... .......... .......... .......... 56%  126M 1s
 28450K .......... .......... .......... .......... .......... 56%  104M 1s
 28500K .......... .......... .......... .......... .......... 56%  118M 1s
 28550K .......... .......... .......... .......... .......... 56%  102M 1s
 28600K .......... .......... .......... .......... .......... 56%  126M 1s
 28650K .......... .......... .......... .......... .......... 56%  116M 1s
 28700K .......... .......... .......... .......... .......... 56%  124M 1s
 28750K .......... .......... .......... .......... .......... 57% 91.7M 1s
 28800K .......... .......... .......... .......... .......... 57%  117M 1s
 28850K .......... .......... .......... .......... .......... 57%  108M 1s
 28900K .......... .......... .......... .......... .......... 57%  113M 1s
 28950K .......... .......... .......... .......... .......... 57%  109M 1s
 29000K .......... .......... .......... .......... .......... 57% 97.0M 1s
 29050K .......... .......... .......... .......... .......... 57%  113M 1s
 29100K .......... .......... .......... .......... .......... 57%  106M 1s
 29150K .......... .......... .......... .......... .......... 57% 80.0M 1s
 29200K .......... .......... .......... .......... .......... 57%  185M 1s
 29250K .......... .......... .......... .......... .......... 58% 13.4M 1s
 29300K .......... .......... .......... .......... .......... 58%  136M 1s
 29350K .......... .......... .......... .......... .......... 58%  106M 1s
 29400K .......... .......... .......... .......... .......... 58% 1.08M 1s
 29450K .......... .......... .......... .......... .......... 58% 59.5M 1s
 29500K .......... .......... .......... .......... .......... 58% 16.3M 1s
 29550K .......... .......... .......... .......... .......... 58%  109M 1s
 29600K .......... .......... .......... .......... .......... 58%  136M 1s
 29650K .......... .......... .......... .......... .......... 58% 95.2M 1s
 29700K .......... .......... .......... .......... .......... 58%  121M 1s
 29750K .......... .......... .......... .......... .......... 59%  108M 1s
 29800K .......... .......... .......... .......... .......... 59%  125M 1s
 29850K .......... .......... .......... .......... .......... 59% 99.1M 1s
 29900K .......... .......... .......... .......... .......... 59%  123M 1s
 29950K .......... .......... .......... .......... .......... 59%  122M 1s
 30000K .......... .......... .......... .......... .......... 59%  102M 1s
 30050K .......... .......... .......... .......... .......... 59%  103M 1s
 30100K .......... .......... .......... .......... .......... 59%  107M 1s
 30150K .......... .......... .......... .......... .......... 59%  121M 1s
 30200K .......... .......... .......... .......... .......... 59%  120M 1s
 30250K .......... .......... .......... .......... .......... 60%  107M 1s
 30300K .......... .......... .......... .......... .......... 60%  112M 1s
 30350K .......... .......... .......... .......... .......... 60%  102M 1s
 30400K .......... .......... .......... .......... .......... 60%  126M 1s
 30450K .......... .......... .......... .......... .......... 60%  109M 1s
 30500K .......... .......... .......... .......... .......... 60% 96.1M 1s
 30550K .......... .......... .......... .......... .......... 60%  135M 1s
 30600K .......... .......... .......... .......... .......... 60%  114M 1s
 30650K .......... .......... .......... .......... .......... 60%  106M 1s
 30700K .......... .......... .......... .......... .......... 60%  112M 1s
 30750K .......... .......... .......... .......... .......... 61% 96.2M 1s
 30800K .......... .......... .......... .......... .......... 61%  116M 1s
 30850K .......... .......... .......... .......... .......... 61% 96.9M 1s
 30900K .......... .......... .......... .......... .......... 61%  129M 1s
 30950K .......... .......... .......... .......... .......... 61% 99.7M 1s
 31000K .......... .......... .......... .......... .......... 61%  114M 1s
 31050K .......... .......... .......... .......... .......... 61%  115M 1s
 31100K .......... .......... .......... .......... .......... 61%  102M 1s
 31150K .......... .......... .......... .......... .......... 61%  127M 1s
 31200K .......... .......... .......... .......... .......... 61% 87.6M 1s
 31250K .......... .......... .......... .......... .......... 62%  117M 1s
 31300K .......... .......... .......... .......... .......... 62%  129M 1s
 31350K .......... .......... .......... .......... .......... 62%  108M 1s
 31400K .......... .......... .......... .......... .......... 62% 99.5M 1s
 31450K .......... .......... .......... .......... .......... 62%  114M 1s
 31500K .......... .......... .......... .......... .......... 62%  113M 1s
 31550K .......... .......... .......... .......... .......... 62%  124M 1s
 31600K .......... .......... .......... .......... .......... 62%  111M 1s
 31650K .......... .......... .......... .......... .......... 62%  105M 1s
 31700K .......... .......... .......... .......... .......... 62% 97.6M 1s
 31750K .......... .......... .......... .......... .......... 63%  113M 1s
 31800K .......... .......... .......... .......... .......... 63% 88.8M 1s
 31850K .......... .......... .......... .......... .......... 63% 40.1M 1s
 31900K .......... .......... .......... .......... .......... 63% 58.1M 1s
 31950K .......... .......... .......... .......... .......... 63% 1.09M 1s
 32000K .......... .......... .......... .......... .......... 63% 26.5M 1s
 32050K .......... .......... .......... .......... .......... 63% 27.2M 1s
 32100K .......... .......... .......... .......... .......... 63% 70.0M 1s
 32150K .......... .......... .......... .......... .......... 63% 37.5M 1s
 32200K .......... .......... .......... .......... .......... 63% 96.0M 1s
 32250K .......... .......... .......... .......... .......... 64% 62.7M 1s
 32300K .......... .......... .......... .......... .......... 64% 93.3M 1s
 32350K .......... .......... .......... .......... .......... 64% 73.1M 1s
 32400K .......... .......... .......... .......... .......... 64% 90.5M 1s
 32450K .......... .......... .......... .......... .......... 64% 95.9M 1s
 32500K .......... .......... .......... .......... .......... 64% 77.0M 1s
 32550K .......... .......... .......... .......... .......... 64% 97.2M 1s
 32600K .......... .......... .......... .......... .......... 64%  121M 1s
 32650K .......... .......... .......... .......... .......... 64% 81.9M 1s
 32700K .......... .......... .......... .......... .......... 64% 98.9M 1s
 32750K .......... .......... .......... .......... .......... 65%  105M 1s
 32800K .......... .......... .......... .......... .......... 65%  108M 1s
 32850K .......... .......... .......... .......... .......... 65% 77.9M 1s
 32900K .......... .......... .......... .......... .......... 65% 64.0M 1s
 32950K .......... .......... .......... .......... .......... 65% 42.2M 1s
 33000K .......... .......... .......... .......... .......... 65% 82.4M 1s
 33050K .......... .......... .......... .......... .......... 65%  142M 1s
 33100K .......... .......... .......... .......... .......... 65% 93.2M 1s
 33150K .......... .......... .......... .......... .......... 65% 81.8M 1s
 33200K .......... .......... .......... .......... .......... 65%  104M 1s
 33250K .......... .......... .......... .......... .......... 65%  142M 1s
 33300K .......... .......... .......... .......... .......... 66% 68.4M 1s
 33350K .......... .......... .......... .......... .......... 66%  108M 1s
 33400K .......... .......... .......... .......... .......... 66%  101M 1s
 33450K .......... .......... .......... .......... .......... 66%  132M 1s
 33500K .......... .......... .......... .......... .......... 66%  113M 1s
 33550K .......... .......... .......... .......... .......... 66% 82.8M 1s
 33600K .......... .......... .......... .......... .......... 66%  130M 1s
 33650K .......... .......... .......... .......... .......... 66% 75.5M 1s
 33700K .......... .......... .......... .......... .......... 66% 82.7M 1s
 33750K .......... .......... .......... .......... .......... 66% 61.0M 1s
 33800K .......... .......... .......... .......... .......... 67% 96.2M 1s
 33850K .......... .......... .......... .......... .......... 67%  117M 1s
 33900K .......... .......... .......... .......... .......... 67%  105M 1s
 33950K .......... .......... .......... .......... .......... 67% 86.8M 1s
 34000K .......... .......... .......... .......... .......... 67%  105M 1s
 34050K .......... .......... .......... .......... .......... 67%  108M 1s
 34100K .......... .......... .......... .......... .......... 67%  117M 1s
 34150K .......... .......... .......... .......... .......... 67% 92.2M 1s
 34200K .......... .......... .......... .......... .......... 67%  101M 1s
 34250K .......... .......... .......... .......... .......... 67%  120M 1s
 34300K .......... .......... .......... .......... .......... 68% 77.7M 1s
 34350K .......... .......... .......... .......... .......... 68% 44.8M 1s
 34400K .......... .......... .......... .......... .......... 68% 72.5M 1s
 34450K .......... .......... .......... .......... .......... 68%  109M 1s
 34500K .......... .......... .......... .......... .......... 68% 87.2M 1s
 34550K .......... .......... .......... .......... .......... 68% 1.17M 1s
 34600K .......... .......... .......... .......... .......... 68% 28.4M 1s
 34650K .......... .......... .......... .......... .......... 68% 64.8M 1s
 34700K .......... .......... .......... .......... .......... 68% 77.8M 1s
 34750K .......... .......... .......... .......... .......... 68%  108M 1s
 34800K .......... .......... .......... .......... .......... 69% 69.3M 1s
 34850K .......... .......... .......... .......... .......... 69% 69.2M 1s
 34900K .......... .......... .......... .......... .......... 69% 88.0M 1s
 34950K .......... .......... .......... .......... .......... 69%  104M 1s
 35000K .......... .......... .......... .......... .......... 69%  148M 1s
 35050K .......... .......... .......... .......... .......... 69% 87.3M 1s
 35100K .......... .......... .......... .......... .......... 69%  139M 1s
 35150K .......... .......... .......... .......... .......... 69% 79.7M 1s
 35200K .......... .......... .......... .......... .......... 69% 98.7M 1s
 35250K .......... .......... .......... .......... .......... 69%  111M 1s
 35300K .......... .......... .......... .......... .......... 70%  124M 1s
 35350K .......... .......... .......... .......... .......... 70% 95.8M 1s
 35400K .......... .......... .......... .......... .......... 70%  122M 1s
 35450K .......... .......... .......... .......... .......... 70%  102M 1s
 35500K .......... .......... .......... .......... .......... 70%  121M 1s
 35550K .......... .......... .......... .......... .......... 70%  102M 1s
 35600K .......... .......... .......... .......... .......... 70%  114M 1s
 35650K .......... .......... .......... .......... .......... 70%  107M 1s
 35700K .......... .......... .......... .......... .......... 70% 97.9M 1s
 35750K .......... .......... .......... .......... .......... 70%  130M 1s
 35800K .......... .......... .......... .......... .......... 71%  110M 1s
 35850K .......... .......... .......... .......... .......... 71% 98.3M 1s
 35900K .......... .......... .......... .......... .......... 71%  100M 1s
 35950K .......... .......... .......... .......... .......... 71%  159M 1s
 36000K .......... .......... .......... .......... .......... 71% 48.0M 1s
 36050K .......... .......... .......... .......... .......... 71% 40.6M 1s
 36100K .......... .......... .......... .......... .......... 71% 35.5M 1s
 36150K .......... .......... .......... .......... .......... 71% 39.2M 1s
 36200K .......... .......... .......... .......... .......... 71% 92.0M 1s
 36250K .......... .......... .......... .......... .......... 71%  144M 1s
 36300K .......... .......... .......... .......... .......... 72%  127M 1s
 36350K .......... .......... .......... .......... .......... 72%  138M 1s
 36400K .......... .......... .......... .......... .......... 72%  131M 1s
 36450K .......... .......... .......... .......... .......... 72%  133M 1s
 36500K .......... .......... .......... .......... .......... 72%  148M 1s
 36550K .......... .......... .......... .......... .......... 72%  147M 1s
 36600K .......... .......... .......... .......... .......... 72%  145M 1s
 36650K .......... .......... .......... .......... .......... 72%  180M 1s
 36700K .......... .......... .......... .......... .......... 72%  225M 1s
 36750K .......... .......... .......... .......... .......... 72%  195M 1s
 36800K .......... .......... .......... .......... .......... 73%  158M 1s
 36850K .......... .......... .......... .......... .......... 73%  185M 1s
 36900K .......... .......... .......... .......... .......... 73%  169M 1s
 36950K .......... .......... .......... .......... .......... 73%  217M 1s
 37000K .......... .......... .......... .......... .......... 73% 29.1M 1s
 37050K .......... .......... .......... .......... .......... 73% 70.7M 1s
 37100K .......... .......... .......... .......... .......... 73% 1.10M 1s
 37150K .......... .......... .......... .......... .......... 73% 26.9M 1s
 37200K .......... .......... .......... .......... .......... 73% 28.0M 1s
 37250K .......... .......... .......... .......... .......... 73%  106M 1s
 37300K .......... .......... .......... .......... .......... 74%  111M 1s
 37350K .......... .......... .......... .......... .......... 74%  116M 1s
 37400K .......... .......... .......... .......... .......... 74%  112M 1s
 37450K .......... .......... .......... .......... .......... 74%  115M 1s
 37500K .......... .......... .......... .......... .......... 74% 76.8M 1s
 37550K .......... .......... .......... .......... .......... 74%  135M 1s
 37600K .......... .......... .......... .......... .......... 74% 65.7M 1s
 37650K .......... .......... .......... .......... .......... 74%  124M 1s
 37700K .......... .......... .......... .......... .......... 74% 95.9M 1s
 37750K .......... .......... .......... .......... .......... 74%  133M 1s
 37800K .......... .......... .......... .......... .......... 75%  125M 1s
 37850K .......... .......... .......... .......... .......... 75% 91.7M 1s
 37900K .......... .......... .......... .......... .......... 75% 73.0M 1s
 37950K .......... .......... .......... .......... .......... 75% 93.7M 0s
 38000K .......... .......... .......... .......... .......... 75%  116M 0s
 38050K .......... .......... .......... .......... .......... 75% 67.2M 0s
 38100K .......... .......... .......... .......... .......... 75% 91.7M 0s
 38150K .......... .......... .......... .......... .......... 75% 77.6M 0s
 38200K .......... .......... .......... .......... .......... 75%  112M 0s
 38250K .......... .......... .......... .......... .......... 75%  114M 0s
 38300K .......... .......... .......... .......... .......... 76%  122M 0s
 38350K .......... .......... .......... .......... .......... 76%  104M 0s
 38400K .......... .......... .......... .......... .......... 76%  108M 0s
 38450K .......... .......... .......... .......... .......... 76%  113M 0s
 38500K .......... .......... .......... .......... .......... 76%  129M 0s
 38550K .......... .......... .......... .......... .......... 76%  112M 0s
 38600K .......... .......... .......... .......... .......... 76% 94.0M 0s
 38650K .......... .......... .......... .......... .......... 76%  110M 0s
 38700K .......... .......... .......... .......... .......... 76%  114M 0s
 38750K .......... .......... .......... .......... .......... 76%  118M 0s
 38800K .......... .......... .......... .......... .......... 76%  108M 0s
 38850K .......... .......... .......... .......... .......... 77%  122M 0s
 38900K .......... .......... .......... .......... .......... 77%  100M 0s
 38950K .......... .......... .......... .......... .......... 77%  117M 0s
 39000K .......... .......... .......... .......... .......... 77%  105M 0s
 39050K .......... .......... .......... .......... .......... 77%  109M 0s
 39100K .......... .......... .......... .......... .......... 77% 90.1M 0s
 39150K .......... .......... .......... .......... .......... 77% 97.7M 0s
 39200K .......... .......... .......... .......... .......... 77%  120M 0s
 39250K .......... .......... .......... .......... .......... 77% 95.9M 0s
 39300K .......... .......... .......... .......... .......... 77%  115M 0s
 39350K .......... .......... .......... .......... .......... 78% 97.2M 0s
 39400K .......... .......... .......... .......... .......... 78% 82.8M 0s
 39450K .......... .......... .......... .......... .......... 78%  109M 0s
 39500K .......... .......... .......... .......... .......... 78% 28.0M 0s
 39550K .......... .......... .......... .......... .......... 78% 16.8M 0s
 39600K .......... .......... .......... .......... .......... 78%  103M 0s
 39650K .......... .......... .......... .......... .......... 78%  132M 0s
 39700K .......... .......... .......... .......... .......... 78% 1.11M 0s
 39750K .......... .......... .......... .......... .......... 78% 71.5M 0s
 39800K .......... .......... .......... .......... .......... 78% 97.3M 0s
 39850K .......... .......... .......... .......... .......... 79%  116M 0s
 39900K .......... .......... .......... .......... .......... 79% 46.9M 0s
 39950K .......... .......... .......... .......... .......... 79%  125M 0s
 40000K .......... .......... .......... .......... .......... 79% 44.0M 0s
 40050K .......... .......... .......... .......... .......... 79% 90.3M 0s
 40100K .......... .......... .......... .......... .......... 79% 99.3M 0s
 40150K .......... .......... .......... .......... .......... 79%  128M 0s
 40200K .......... .......... .......... .......... .......... 79% 43.3M 0s
 40250K .......... .......... .......... .......... .......... 79%  112M 0s
 40300K .......... .......... .......... .......... .......... 79%  108M 0s
 40350K .......... .......... .......... .......... .......... 80% 31.1M 0s
 40400K .......... .......... .......... .......... .......... 80%  121M 0s
 40450K .......... .......... .......... .......... .......... 80% 59.6M 0s
 40500K .......... .......... .......... .......... .......... 80%  136M 0s
 40550K .......... .......... .......... .......... .......... 80% 56.4M 0s
 40600K .......... .......... .......... .......... .......... 80%  125M 0s
 40650K .......... .......... .......... .......... .......... 80%  109M 0s
 40700K .......... .......... .......... .......... .......... 80%  123M 0s
 40750K .......... .......... .......... .......... .......... 80% 87.8M 0s
 40800K .......... .......... .......... .......... .......... 80%  136M 0s
 40850K .......... .......... .......... .......... .......... 81%  102M 0s
 40900K .......... .......... .......... .......... .......... 81% 81.9M 0s
 40950K .......... .......... .......... .......... .......... 81%  111M 0s
 41000K .......... .......... .......... .......... .......... 81%  112M 0s
 41050K .......... .......... .......... .......... .......... 81%  105M 0s
 41100K .......... .......... .......... .......... .......... 81%  124M 0s
 41150K .......... .......... .......... .......... .......... 81% 53.8M 0s
 41200K .......... .......... .......... .......... .......... 81%  110M 0s
 41250K .......... .......... .......... .......... .......... 81% 93.2M 0s
 41300K .......... .......... .......... .......... .......... 81%  106M 0s
 41350K .......... .......... .......... .......... .......... 82%  112M 0s
 41400K .......... .......... .......... .......... .......... 82%  109M 0s
 41450K .......... .......... .......... .......... .......... 82%  112M 0s
 41500K .......... .......... .......... .......... .......... 82% 37.1M 0s
 41550K .......... .......... .......... .......... .......... 82% 56.5M 0s
 41600K .......... .......... .......... .......... .......... 82% 74.4M 0s
 41650K .......... .......... .......... .......... .......... 82% 96.5M 0s
 41700K .......... .......... .......... .......... .......... 82%  100M 0s
 41750K .......... .......... .......... .......... .......... 82%  105M 0s
 41800K .......... .......... .......... .......... .......... 82% 82.3M 0s
 41850K .......... .......... .......... .......... .......... 83%  107M 0s
 41900K .......... .......... .......... .......... .......... 83%  109M 0s
 41950K .......... .......... .......... .......... .......... 83% 96.5M 0s
 42000K .......... .......... .......... .......... .......... 83%  117M 0s
 42050K .......... .......... .......... .......... .......... 83%  152M 0s
 42100K .......... .......... .......... .......... .......... 83% 89.8M 0s
 42150K .......... .......... .......... .......... .......... 83%  113M 0s
 42200K .......... .......... .......... .......... .......... 83%  136M 0s
 42250K .......... .......... .......... .......... .......... 83% 1.16M 0s
 42300K .......... .......... .......... .......... .......... 83% 25.4M 0s
 42350K .......... .......... .......... .......... .......... 84% 40.1M 0s
 42400K .......... .......... .......... .......... .......... 84% 56.3M 0s
 42450K .......... .......... .......... .......... .......... 84%  105M 0s
 42500K .......... .......... .......... .......... .......... 84%  133M 0s
 42550K .......... .......... .......... .......... .......... 84% 17.8M 0s
 42600K .......... .......... .......... .......... .......... 84% 64.0M 0s
 42650K .......... .......... .......... .......... .......... 84%  109M 0s
 42700K .......... .......... .......... .......... .......... 84%  117M 0s
 42750K .......... .......... .......... .......... .......... 84%  114M 0s
 42800K .......... .......... .......... .......... .......... 84%  111M 0s
 42850K .......... .......... .......... .......... .......... 85% 87.0M 0s
 42900K .......... .......... .......... .......... .......... 85%  121M 0s
 42950K .......... .......... .......... .......... .......... 85%  106M 0s
 43000K .......... .......... .......... .......... .......... 85%  127M 0s
 43050K .......... .......... .......... .......... .......... 85% 90.2M 0s
 43100K .......... .......... .......... .......... .......... 85% 93.8M 0s
 43150K .......... .......... .......... .......... .......... 85%  116M 0s
 43200K .......... .......... .......... .......... .......... 85%  113M 0s
 43250K .......... .......... .......... .......... .......... 85%  130M 0s
 43300K .......... .......... .......... .......... .......... 85% 97.2M 0s
 43350K .......... .......... .......... .......... .......... 86%  120M 0s
 43400K .......... .......... .......... .......... .......... 86% 95.4M 0s
 43450K .......... .......... .......... .......... .......... 86% 53.6M 0s
 43500K .......... .......... .......... .......... .......... 86% 53.3M 0s
 43550K .......... .......... .......... .......... .......... 86% 97.7M 0s
 43600K .......... .......... .......... .......... .......... 86%  109M 0s
 43650K .......... .......... .......... .......... .......... 86%  120M 0s
 43700K .......... .......... .......... .......... .......... 86%  114M 0s
 43750K .......... .......... .......... .......... .......... 86%  108M 0s
 43800K .......... .......... .......... .......... .......... 86%  125M 0s
 43850K .......... .......... .......... .......... .......... 87%  104M 0s
 43900K .......... .......... .......... .......... .......... 87% 94.7M 0s
 43950K .......... .......... .......... .......... .......... 87%  122M 0s
 44000K .......... .......... .......... .......... .......... 87%  113M 0s
 44050K .......... .......... .......... .......... .......... 87%  125M 0s
 44100K .......... .......... .......... .......... .......... 87% 94.4M 0s
 44150K .......... .......... .......... .......... .......... 87%  113M 0s
 44200K .......... .......... .......... .......... .......... 87%  149M 0s
 44250K .......... .......... .......... .......... .......... 87% 93.6M 0s
 44300K .......... .......... .......... .......... .......... 87%  108M 0s
 44350K .......... .......... .......... .......... .......... 87%  132M 0s
 44400K .......... .......... .......... .......... .......... 88% 86.0M 0s
 44450K .......... .......... .......... .......... .......... 88%  113M 0s
 44500K .......... .......... .......... .......... .......... 88%  113M 0s
 44550K .......... .......... .......... .......... .......... 88% 77.4M 0s
 44600K .......... .......... .......... .......... .......... 88%  113M 0s
 44650K .......... .......... .......... .......... .......... 88% 56.6M 0s
 44700K .......... .......... .......... .......... .......... 88% 87.3M 0s
 44750K .......... .......... .......... .......... .......... 88%  123M 0s
 44800K .......... .......... .......... .......... .......... 88% 1.15M 0s
 44850K .......... .......... .......... .......... .......... 88% 30.0M 0s
 44900K .......... .......... .......... .......... .......... 89% 47.6M 0s
 44950K .......... .......... .......... .......... .......... 89% 61.2M 0s
 45000K .......... .......... .......... .......... .......... 89%  127M 0s
 45050K .......... .......... .......... .......... .......... 89% 97.1M 0s
 45100K .......... .......... .......... .......... .......... 89% 57.6M 0s
 45150K .......... .......... .......... .......... .......... 89% 81.2M 0s
 45200K .......... .......... .......... .......... .......... 89% 42.3M 0s
 45250K .......... .......... .......... .......... .......... 89% 20.0M 0s
 45300K .......... .......... .......... .......... .......... 89% 88.5M 0s
 45350K .......... .......... .......... .......... .......... 89% 87.8M 0s
 45400K .......... .......... .......... .......... .......... 90%  103M 0s
 45450K .......... .......... .......... .......... .......... 90% 78.1M 0s
 45500K .......... .......... .......... .......... .......... 90% 90.3M 0s
 45550K .......... .......... .......... .......... .......... 90% 88.8M 0s
 45600K .......... .......... .......... .......... .......... 90%  107M 0s
 45650K .......... .......... .......... .......... .......... 90% 27.5M 0s
 45700K .......... .......... .......... .......... .......... 90%  105M 0s
 45750K .......... .......... .......... .......... .......... 90% 73.3M 0s
 45800K .......... .......... .......... .......... .......... 90%  117M 0s
 45850K .......... .......... .......... .......... .......... 90% 45.0M 0s
 45900K .......... .......... .......... .......... .......... 91%  109M 0s
 45950K .......... .......... .......... .......... .......... 91% 66.5M 0s
 46000K .......... .......... .......... .......... .......... 91% 71.8M 0s
 46050K .......... .......... .......... .......... .......... 91% 89.7M 0s
 46100K .......... .......... .......... .......... .......... 91%  107M 0s
 46150K .......... .......... .......... .......... .......... 91%  123M 0s
 46200K .......... .......... .......... .......... .......... 91%  120M 0s
 46250K .......... .......... .......... .......... .......... 91% 88.9M 0s
 46300K .......... .......... .......... .......... .......... 91%  118M 0s
 46350K .......... .......... .......... .......... .......... 91%  115M 0s
 46400K .......... .......... .......... .......... .......... 92%  122M 0s
 46450K .......... .......... .......... .......... .......... 92% 94.8M 0s
 46500K .......... .......... .......... .......... .......... 92%  127M 0s
 46550K .......... .......... .......... .......... .......... 92%  111M 0s
 46600K .......... .......... .......... .......... .......... 92%  132M 0s
 46650K .......... .......... .......... .......... .......... 92%  117M 0s
 46700K .......... .......... .......... .......... .......... 92% 96.5M 0s
 46750K .......... .......... .......... .......... .......... 92%  113M 0s
 46800K .......... .......... .......... .......... .......... 92%  114M 0s
 46850K .......... .......... .......... .......... .......... 92%  103M 0s
 46900K .......... .......... .......... .......... .......... 93%  128M 0s
 46950K .......... .......... .......... .......... .......... 93%  115M 0s
 47000K .......... .......... .......... .......... .......... 93%  101M 0s
 47050K .......... .......... .......... .......... .......... 93% 53.6M 0s
 47100K .......... .......... .......... .......... .......... 93%  104M 0s
 47150K .......... .......... .......... .......... .......... 93%  115M 0s
 47200K .......... .......... .......... .......... .......... 93%  123M 0s
 47250K .......... .......... .......... .......... .......... 93%  106M 0s
 47300K .......... .......... .......... .......... .......... 93%  109M 0s
 47350K .......... .......... .......... .......... .......... 93%  111M 0s
 47400K .......... .......... .......... .......... .......... 94% 1.17M 0s
 47450K .......... .......... .......... .......... .......... 94% 55.6M 0s
 47500K .......... .......... .......... .......... .......... 94% 18.2M 0s
 47550K .......... .......... .......... .......... .......... 94%  127M 0s
 47600K .......... .......... .......... .......... .......... 94% 53.2M 0s
 47650K .......... .......... .......... .......... .......... 94%  123M 0s
 47700K .......... .......... .......... .......... .......... 94% 60.9M 0s
 47750K .......... .......... .......... .......... .......... 94% 53.6M 0s
 47800K .......... .......... .......... .......... .......... 94% 74.4M 0s
 47850K .......... .......... .......... .......... .......... 94% 69.2M 0s
 47900K .......... .......... .......... .......... .......... 95%  116M 0s
 47950K .......... .......... .......... .......... .......... 95%  112M 0s
 48000K .......... .......... .......... .......... .......... 95%  141M 0s
 48050K .......... .......... .......... .......... .......... 95% 24.0M 0s
 48100K .......... .......... .......... .......... .......... 95% 79.8M 0s
 48150K .......... .......... .......... .......... .......... 95% 86.5M 0s
 48200K .......... .......... .......... .......... .......... 95% 76.4M 0s
 48250K .......... .......... .......... .......... .......... 95% 64.5M 0s
 48300K .......... .......... .......... .......... .......... 95% 78.1M 0s
 48350K .......... .......... .......... .......... .......... 95%  106M 0s
 48400K .......... .......... .......... .......... .......... 96% 90.8M 0s
 48450K .......... .......... .......... .......... .......... 96% 57.8M 0s
 48500K .......... .......... .......... .......... .......... 96% 50.8M 0s
 48550K .......... .......... .......... .......... .......... 96% 47.3M 0s
 48600K .......... .......... .......... .......... .......... 96% 75.0M 0s
 48650K .......... .......... .......... .......... .......... 96% 70.1M 0s
 48700K .......... .......... .......... .......... .......... 96%  150M 0s
 48750K .......... .......... .......... .......... .......... 96%  148M 0s
 48800K .......... .......... .......... .......... .......... 96%  157M 0s
 48850K .......... .......... .......... .......... .......... 96%  154M 0s
 48900K .......... .......... .......... .......... .......... 97%  173M 0s
 48950K .......... .......... .......... .......... .......... 97%  172M 0s
 49000K .......... .......... .......... .......... .......... 97%  150M 0s
 49050K .......... .......... .......... .......... .......... 97%  181M 0s
 49100K .......... .......... .......... .......... .......... 97%  180M 0s
 49150K .......... .......... .......... .......... .......... 97%  169M 0s
 49200K .......... .......... .......... .......... .......... 97%  183M 0s
 49250K .......... .......... .......... .......... .......... 97%  175M 0s
 49300K .......... .......... .......... .......... .......... 97%  141M 0s
 49350K .......... .......... .......... .......... .......... 97%  190M 0s
 49400K .......... .......... .......... .......... .......... 98%  202M 0s
 49450K .......... .......... .......... .......... .......... 98%  150M 0s
 49500K .......... .......... .......... .......... .......... 98%  150M 0s
 49550K .......... .......... .......... .......... .......... 98%  158M 0s
 49600K .......... .......... .......... .......... .......... 98%  118M 0s
 49650K .......... .......... .......... .......... .......... 98%  128M 0s
 49700K .......... .......... .......... .......... .......... 98% 80.9M 0s
 49750K .......... .......... .......... .......... .......... 98% 29.3M 0s
 49800K .......... .......... .......... .......... .......... 98%  129M 0s
 49850K .......... .......... .......... .......... .......... 98% 88.3M 0s
 49900K .......... .......... .......... .......... .......... 98%  104M 0s
 49950K .......... .......... .......... .......... .......... 99% 1.18M 0s
 50000K .......... .......... .......... .......... .......... 99% 20.8M 0s
 50050K .......... .......... .......... .......... .......... 99% 56.3M 0s
 50100K .......... .......... .......... .......... .......... 99%  114M 0s
 50150K .......... .......... .......... .......... .......... 99% 95.1M 0s
 50200K .......... .......... .......... .......... .......... 99% 82.7M 0s
 50250K .......... .......... .......... .......... .......... 99%  126M 0s
 50300K .......... .......... .......... .......... .......... 99% 73.0M 0s
 50350K .......... .......... .......... .......... .......... 99%  118M 0s
 50400K .......... .......... .......... .......... .......... 99%  113M 0s
 50450K .....                                                 100%  101M=1.9s

2021-06-17 12:31:04 (26.2 MB/s) - `/tmp/firefox-45.4.0esr.tar.bz2' saved [51666458/51666458]


travis_time:end:06b36739:start=1623933059881005147,finish=1623933064411519803,duration=4530514656[0K$ export PATH=$HOME/firefox-45.4.0esr/firefox:$PATH
travis_fold:end:install_firefox[0K
[33;1mSetting environment variables from .travis.yml[0m
$ export DISPLAY=:99

$ java -Xmx32m -version
java version "1.8.0_31"
Java(TM) SE Runtime Environment (build 1.8.0_31-b13)
Java HotSpot(TM) 64-Bit Server VM (build 25.31-b07, mixed mode)
$ javac -J-Xmx32m -version
javac 1.8.0_31
travis_fold:start:before_install.1[0Ktravis_time:start:0223b216[0K$ wget https://github.com/mozilla/geckodriver/releases/download/v0.11.1/geckodriver-v0.11.1-linux64.tar.gz
--2021-06-17 12:31:14--  https://github.com/mozilla/geckodriver/releases/download/v0.11.1/geckodriver-v0.11.1-linux64.tar.gz
Resolving github.com (github.com)... 192.30.255.112
Connecting to github.com (github.com)|192.30.255.112|:443... connected.
HTTP request sent, awaiting response... 302 Found
Location: https://github-releases.githubusercontent.com/25354393/41cecaf2-8ee8-11e6-82f4-6b74b02d025d?X-Amz-Algorithm=AWS4-HMAC-SHA256&X-Amz-Credential=AKIAIWNJYAX4CSVEH53A%2F20210617%2Fus-east-1%2Fs3%2Faws4_request&X-Amz-Date=20210617T123114Z&X-Amz-Expires=300&X-Amz-Signature=6a1315f7637129085db561314fcf64739741ffbf2b7b2b09f26b9efc329ccd43&X-Amz-SignedHeaders=host&actor_id=0&key_id=0&repo_id=25354393&response-content-disposition=attachment%3B%20filename%3Dgeckodriver-v0.11.1-linux64.tar.gz&response-content-type=application%2Foctet-stream [following]
--2021-06-17 12:31:14--  https://github-releases.githubusercontent.com/25354393/41cecaf2-8ee8-11e6-82f4-6b74b02d025d?X-Amz-Algorithm=AWS4-HMAC-SHA256&X-Amz-Credential=AKIAIWNJYAX4CSVEH53A%2F20210617%2Fus-east-1%2Fs3%2Faws4_request&X-Amz-Date=20210617T123114Z&X-Amz-Expires=300&X-Amz-Signature=6a1315f7637129085db561314fcf64739741ffbf2b7b2b09f26b9efc329ccd43&X-Amz-SignedHeaders=host&actor_id=0&key_id=0&repo_id=25354393&response-content-disposition=attachment%3B%20filename%3Dgeckodriver-v0.11.1-linux64.tar.gz&response-content-type=application%2Foctet-stream
Resolving github-releases.githubusercontent.com (github-releases.githubusercontent.com)... 185.199.109.154, 185.199.110.154, 185.199.108.154, ...
Connecting to github-releases.githubusercontent.com (github-releases.githubusercontent.com)|185.199.109.154|:443... connected.
ERROR: no certificate subject alternative name matches
	requested host name `github-releases.githubusercontent.com'.
To connect to github-releases.githubusercontent.com insecurely, use `--no-check-certificate'.

travis_time:end:0223b216:start=1623933074246172901,finish=1623933074558857889,duration=312684988[0K
[31;1mThe command "wget https://github.com/mozilla/geckodriver/releases/download/v0.11.1/geckodriver-v0.11.1-linux64.tar.gz" failed and exited with 5 during .[0m

Your build has been stopped.
