travis_fold:start:system_info[0K[33;1mBuild system information[0m
Build language: java
Build group: stable
Build dist: precise
Build id: ''
Job id: ''
[34m[1mBuild image provisioning date and time[0m
Thu Feb  5 15:09:33 UTC 2015
[34m[1mOperating System Details[0m
Distributor ID:	Ubuntu
Description:	Ubuntu 12.04.5 LTS
Release:	12.04
Codename:	precise
[34m[1mLinux Version[0m
3.13.0-29-generic
[34m[1mCookbooks Version[0m
a68419e https://github.com/travis-ci/travis-cookbooks/tree/a68419e
[34m[1mGCC version[0m
gcc (Ubuntu/Linaro 4.6.3-1ubuntu5) 4.6.3
Copyright (C) 2011 Free Software Foundation, Inc.
This is free software; see the source for copying conditions.  There is NO
warranty; not even for MERCHANTABILITY or FITNESS FOR A PARTICULAR PURPOSE.

[34m[1mLLVM version[0m
clang version 3.4 (tags/RELEASE_34/final)
Target: x86_64-unknown-linux-gnu
Thread model: posix
[34m[1mPre-installed Ruby versions[0m
ruby-1.9.3-p551
[34m[1mPre-installed Node.js versions[0m
v0.10.36
[34m[1mPre-installed Go versions[0m
1.4.1
[34m[1mRedis version[0m
redis-server 2.8.19
[34m[1mriak version[0m
2.0.2
[34m[1mMongoDB version[0m
MongoDB 2.4.12
[34m[1mCouchDB version[0m
couchdb 1.6.1
[34m[1mNeo4j version[0m
1.9.4
[34m[1mRabbitMQ Version[0m
3.4.3
[34m[1mElasticSearch version[0m
1.4.0
[34m[1mInstalled Sphinx versions[0m
2.0.10
2.1.9
2.2.6
[34m[1mDefault Sphinx version[0m
2.2.6
[34m[1mInstalled Firefox version[0m
firefox 31.0esr
[34m[1mPhantomJS version[0m
1.9.8
[34m[1mant -version[0m
Apache Ant(TM) version 1.8.2 compiled on December 3 2011
[34m[1mmvn -version[0m
Apache Maven 3.2.5 (12a6b3acb947671f09b81f49094c53f426d8cea1; 2014-12-14T17:29:23+00:00)
Maven home: /usr/local/maven
Java version: 1.7.0_76, vendor: Oracle Corporation
Java home: /usr/lib/jvm/java-7-oracle/jre
Default locale: en_US, platform encoding: ANSI_X3.4-1968
OS name: "linux", version: "3.13.0-29-generic", arch: "amd64", family: "unix"
travis_fold:end:system_info[0K
W: Failed to fetch http://apt.postgresql.org/pub/repos/apt/dists/precise-pgdg/main/binary-amd64/Packages  404  Not Found [IP: 72.32.157.246 80]

W: Failed to fetch http://apt.postgresql.org/pub/repos/apt/dists/precise-pgdg/main/binary-i386/Packages  404  Not Found [IP: 72.32.157.246 80]

W: Failed to fetch http://us.archive.ubuntu.com/ubuntu/dists/precise/main/source/Sources  404  Not Found [IP: 91.189.91.38 80]

W: Failed to fetch http://us.archive.ubuntu.com/ubuntu/dists/precise/restricted/source/Sources  404  Not Found [IP: 91.189.91.38 80]

W: Failed to fetch http://us.archive.ubuntu.com/ubuntu/dists/precise/universe/source/Sources  404  Not Found [IP: 91.189.91.38 80]

W: Failed to fetch http://us.archive.ubuntu.com/ubuntu/dists/precise/multiverse/source/Sources  404  Not Found [IP: 91.189.91.38 80]

W: Failed to fetch http://us.archive.ubuntu.com/ubuntu/dists/precise/main/binary-amd64/Packages  404  Not Found [IP: 91.189.91.38 80]

W: Failed to fetch http://us.archive.ubuntu.com/ubuntu/dists/precise/restricted/binary-amd64/Packages  404  Not Found [IP: 91.189.91.38 80]

W: Failed to fetch http://us.archive.ubuntu.com/ubuntu/dists/precise/universe/binary-amd64/Packages  404  Not Found [IP: 91.189.91.38 80]

W: Failed to fetch http://us.archive.ubuntu.com/ubuntu/dists/precise/multiverse/binary-amd64/Packages  404  Not Found [IP: 91.189.91.38 80]

W: Failed to fetch http://us.archive.ubuntu.com/ubuntu/dists/precise/main/binary-i386/Packages  404  Not Found [IP: 91.189.91.38 80]

W: Failed to fetch http://us.archive.ubuntu.com/ubuntu/dists/precise/restricted/binary-i386/Packages  404  Not Found [IP: 91.189.91.38 80]

W: Failed to fetch http://us.archive.ubuntu.com/ubuntu/dists/precise/universe/binary-i386/Packages  404  Not Found [IP: 91.189.91.38 80]

W: Failed to fetch http://us.archive.ubuntu.com/ubuntu/dists/precise/multiverse/binary-i386/Packages  404  Not Found [IP: 91.189.91.38 80]

W: Failed to fetch http://us.archive.ubuntu.com/ubuntu/dists/precise-updates/main/source/Sources  404  Not Found [IP: 91.189.91.38 80]

W: Failed to fetch http://us.archive.ubuntu.com/ubuntu/dists/precise-updates/restricted/source/Sources  404  Not Found [IP: 91.189.91.38 80]

W: Failed to fetch http://us.archive.ubuntu.com/ubuntu/dists/precise-updates/universe/source/Sources  404  Not Found [IP: 91.189.91.38 80]

W: Failed to fetch http://us.archive.ubuntu.com/ubuntu/dists/precise-updates/multiverse/source/Sources  404  Not Found [IP: 91.189.91.38 80]

W: Failed to fetch http://us.archive.ubuntu.com/ubuntu/dists/precise-updates/main/binary-amd64/Packages  404  Not Found [IP: 91.189.91.38 80]

W: Failed to fetch http://us.archive.ubuntu.com/ubuntu/dists/precise-updates/restricted/binary-amd64/Packages  404  Not Found [IP: 91.189.91.38 80]

W: Failed to fetch http://us.archive.ubuntu.com/ubuntu/dists/precise-updates/universe/binary-amd64/Packages  404  Not Found [IP: 91.189.91.38 80]

W: Failed to fetch http://us.archive.ubuntu.com/ubuntu/dists/precise-updates/multiverse/binary-amd64/Packages  404  Not Found [IP: 91.189.91.38 80]

W: Failed to fetch http://us.archive.ubuntu.com/ubuntu/dists/precise-updates/main/binary-i386/Packages  404  Not Found [IP: 91.189.91.38 80]

W: Failed to fetch http://us.archive.ubuntu.com/ubuntu/dists/precise-updates/restricted/binary-i386/Packages  404  Not Found [IP: 91.189.91.38 80]

W: Failed to fetch http://us.archive.ubuntu.com/ubuntu/dists/precise-updates/universe/binary-i386/Packages  404  Not Found [IP: 91.189.91.38 80]

W: Failed to fetch http://us.archive.ubuntu.com/ubuntu/dists/precise-updates/multiverse/binary-i386/Packages  404  Not Found [IP: 91.189.91.38 80]

W: Failed to fetch http://security.ubuntu.com/ubuntu/dists/precise-security/main/source/Sources  404  Not Found [IP: 91.189.91.39 80]

W: Failed to fetch http://security.ubuntu.com/ubuntu/dists/precise-security/restricted/source/Sources  404  Not Found [IP: 91.189.91.39 80]

W: Failed to fetch http://security.ubuntu.com/ubuntu/dists/precise-security/universe/source/Sources  404  Not Found [IP: 91.189.91.39 80]

W: Failed to fetch http://security.ubuntu.com/ubuntu/dists/precise-security/multiverse/source/Sources  404  Not Found [IP: 91.189.91.39 80]

W: Failed to fetch http://security.ubuntu.com/ubuntu/dists/precise-security/main/binary-amd64/Packages  404  Not Found [IP: 91.189.91.39 80]

W: Failed to fetch http://security.ubuntu.com/ubuntu/dists/precise-security/restricted/binary-amd64/Packages  404  Not Found [IP: 91.189.91.39 80]

W: Failed to fetch http://security.ubuntu.com/ubuntu/dists/precise-security/universe/binary-amd64/Packages  404  Not Found [IP: 91.189.91.39 80]

W: Failed to fetch http://security.ubuntu.com/ubuntu/dists/precise-security/multiverse/binary-amd64/Packages  404  Not Found [IP: 91.189.91.39 80]

W: Failed to fetch http://security.ubuntu.com/ubuntu/dists/precise-security/main/binary-i386/Packages  404  Not Found [IP: 91.189.91.39 80]

W: Failed to fetch http://security.ubuntu.com/ubuntu/dists/precise-security/restricted/binary-i386/Packages  404  Not Found [IP: 91.189.91.39 80]

W: Failed to fetch http://security.ubuntu.com/ubuntu/dists/precise-security/universe/binary-i386/Packages  404  Not Found [IP: 91.189.91.39 80]

W: Failed to fetch http://security.ubuntu.com/ubuntu/dists/precise-security/multiverse/binary-i386/Packages  404  Not Found [IP: 91.189.91.39 80]

W: Failed to fetch http://us.archive.ubuntu.com/ubuntu/dists/precise-backports/main/source/Sources  404  Not Found [IP: 91.189.91.38 80]

W: Failed to fetch http://us.archive.ubuntu.com/ubuntu/dists/precise-backports/restricted/source/Sources  404  Not Found [IP: 91.189.91.38 80]

W: Failed to fetch http://us.archive.ubuntu.com/ubuntu/dists/precise-backports/universe/source/Sources  404  Not Found [IP: 91.189.91.38 80]

W: Failed to fetch http://us.archive.ubuntu.com/ubuntu/dists/precise-backports/multiverse/source/Sources  404  Not Found [IP: 91.189.91.38 80]

W: Failed to fetch http://us.archive.ubuntu.com/ubuntu/dists/precise-backports/main/binary-amd64/Packages  404  Not Found [IP: 91.189.91.38 80]

W: Failed to fetch http://us.archive.ubuntu.com/ubuntu/dists/precise-backports/restricted/binary-amd64/Packages  404  Not Found [IP: 91.189.91.38 80]

W: Failed to fetch http://us.archive.ubuntu.com/ubuntu/dists/precise-backports/universe/binary-amd64/Packages  404  Not Found [IP: 91.189.91.38 80]

W: Failed to fetch http://us.archive.ubuntu.com/ubuntu/dists/precise-backports/multiverse/binary-amd64/Packages  404  Not Found [IP: 91.189.91.38 80]

W: Failed to fetch http://us.archive.ubuntu.com/ubuntu/dists/precise-backports/main/binary-i386/Packages  404  Not Found [IP: 91.189.91.38 80]

W: Failed to fetch http://us.archive.ubuntu.com/ubuntu/dists/precise-backports/restricted/binary-i386/Packages  404  Not Found [IP: 91.189.91.38 80]

W: Failed to fetch http://us.archive.ubuntu.com/ubuntu/dists/precise-backports/universe/binary-i386/Packages  404  Not Found [IP: 91.189.91.38 80]

W: Failed to fetch http://us.archive.ubuntu.com/ubuntu/dists/precise-backports/multiverse/binary-i386/Packages  404  Not Found [IP: 91.189.91.38 80]

W: Failed to fetch http://ppa.launchpad.net/travis-ci/zero-mq/ubuntu/dists/precise/main/binary-amd64/Packages  403  Forbidden

W: Failed to fetch http://ppa.launchpad.net/travis-ci/zero-mq/ubuntu/dists/precise/main/binary-i386/Packages  403  Forbidden

W: Failed to fetch http://downloads-distro.mongodb.org/repo/debian-sysvinit/dists/dist/10gen/binary-amd64/Packages  Undetermined Error [IP: 54.175.147.155 80]

W: Failed to fetch http://downloads-distro.mongodb.org/repo/debian-sysvinit/dists/dist/10gen/binary-i386/Packages  Undetermined Error [IP: 54.175.147.155 80]

E: Some index files failed to download. They have been ignored, or old ones used instead.
sed: cannot rename /etc/hosts: Device or resource busy
sed: cannot rename /etc/hosts: Device or resource busy
$ jdk_switcher use oraclejdk8
Switching to Oracle JDK8 (java-8-oracle), JAVA_HOME will be set to /usr/lib/jvm/java-8-oracle
$ cd passed/spring-projects/spring-amqp
travis_fold:start:services[0Ktravis_time:start:1177e098[0K$ sudo service rabbitmq-server start
 * Starting message broker rabbitmq-server
initctl: Unable to connect to Upstart: Failed to connect to socket /com/ubuntu/upstart: Connection refused

travis_time:end:1177e098:start=1623944994648755929,finish=1623945055361975895,duration=60713219966[0Ktravis_fold:end:services[0K
[33;1mSetting environment variables from .travis.yml[0m
$ export TERM=dumb

$ export TERM=dumb
$ java -Xmx32m -version
java version "1.8.0_31"
Java(TM) SE Runtime Environment (build 1.8.0_31-b13)
Java HotSpot(TM) 64-Bit Server VM (build 25.31-b07, mixed mode)
$ javac -J-Xmx32m -version
javac 1.8.0_31
travis_fold:start:install[0Ktravis_time:start:2f214eca[0K$ ./gradlew assemble
Downloading https://services.gradle.org/distributions/gradle-2.5-all.zip
...................................................................................................................................................................................................................................................................................................................................................................................................................................................................................................................................................................................................................................................................................................................................................................................................................................................................................................................................................................................................................................................................................................................................................................................................................................................................................................................................................................................................................................................................................................................................................................................................................................................................................................................................................................................................................................................................................................................................................................................................................................................................................................................................................................................................................................................................................................................................................................................................................................................................................................................................................................................................................................................................................................................................................................................................................................................................................................................................................................................................................................................................................................................................................................................................................................................................................................................................................................................
Unzipping /home/travis/.gradle/wrapper/dists/gradle-2.5-all/d3xh0kipe7wr2bvnx5sk0hao8/gradle-2.5-all.zip to /home/travis/.gradle/wrapper/dists/gradle-2.5-all/d3xh0kipe7wr2bvnx5sk0hao8
Set executable permissions for: /home/travis/.gradle/wrapper/dists/gradle-2.5-all/d3xh0kipe7wr2bvnx5sk0hao8/gradle-2.5/bin/gradle
Download https://repo.spring.io/plugins-release/io/spring/gradle/docbook-reference-plugin/0.3.1/docbook-reference-plugin-0.3.1.pom
Download https://plugins.gradle.org/m2/org/asciidoctor/asciidoctor-gradle-plugin/1.5.0/asciidoctor-gradle-plugin-1.5.0.pom
Download https://repo.spring.io/plugins-release/me/champeau/gradle/gradle-javadoc-hotfix-plugin/0.1/gradle-javadoc-hotfix-plugin-0.1.pom
Download https://repo.spring.io/plugins-release/io/spring/gradle/spring-io-plugin/0.0.4.RELEASE/spring-io-plugin-0.0.4.RELEASE.pom
Download https://plugins.gradle.org/m2/org/apache/xmlgraphics/batik-dom/1.7/batik-dom-1.7.pom
Download https://repo.spring.io/plugins-release/org/apache/xerces/xercesImpl/2.9.1/xercesImpl-2.9.1.pom
Download https://plugins.gradle.org/m2/saxon/saxon/6.5.3/saxon-6.5.3.pom
Download https://plugins.gradle.org/m2/org/apache/xmlgraphics/batik-bridge/1.7/batik-bridge-1.7.pom
Download https://plugins.gradle.org/m2/org/apache/xmlgraphics/batik-css/1.7/batik-css-1.7.pom
Download https://plugins.gradle.org/m2/org/apache/xmlgraphics/fop/0.95-1/fop-0.95-1.pom
Download https://plugins.gradle.org/m2/org/apache/avalon/framework/avalon-framework-api/4.3.1/avalon-framework-api-4.3.1.pom
Download https://plugins.gradle.org/m2/org/apache/avalon/avalon-framework/1/avalon-framework-1.pom
Download https://plugins.gradle.org/m2/org/apache/excalibur/excalibur/1/excalibur-1.pom
Download https://plugins.gradle.org/m2/org/apache/apache/3/apache-3.pom
Download https://plugins.gradle.org/m2/org/apache/xmlgraphics/batik-util/1.7/batik-util-1.7.pom
Download https://plugins.gradle.org/m2/org/apache/xmlgraphics/batik-svg-dom/1.7/batik-svg-dom-1.7.pom
Download https://plugins.gradle.org/m2/net/sf/docbook/docbook-xsl/1.78.1/docbook-xsl-1.78.1.pom
Download https://plugins.gradle.org/m2/net/sf/docbook/docbook/5.0-2/docbook-5.0-2.pom
Download https://plugins.gradle.org/m2/org/sonatype/oss/oss-parent/7/oss-parent-7.pom
Download https://plugins.gradle.org/m2/net/sf/docbook/docbook-xml/5.0/docbook-xml-5.0.pom
Download https://plugins.gradle.org/m2/net/sf/docbook/docbook/5.0/docbook-5.0.pom
Download https://plugins.gradle.org/m2/net/sf/xslthl/xslthl/2.0.1/xslthl-2.0.1.pom
Download https://plugins.gradle.org/m2/org/apache/xmlgraphics/xmlgraphics-commons/1.3/xmlgraphics-commons-1.3.pom
Download https://repo.spring.io/plugins-release/org/apache/xerces/resolver/2.9.1/resolver-2.9.1.pom
Download https://plugins.gradle.org/m2/net/sf/docbook/docbook-xsl-saxon/1.0.0/docbook-xsl-saxon-1.0.0.pom
Download https://plugins.gradle.org/m2/io/spring/gradle/dependency-management-plugin/0.5.3.RELEASE/dependency-management-plugin-0.5.3.RELEASE.pom
Download https://plugins.gradle.org/m2/org/apache/xmlgraphics/batik-ext/1.7/batik-ext-1.7.pom
Download https://plugins.gradle.org/m2/org/apache/xmlgraphics/batik-xml/1.7/batik-xml-1.7.pom
Download https://plugins.gradle.org/m2/xalan/xalan/2.6.0/xalan-2.6.0.pom
Download https://plugins.gradle.org/m2/xml-apis/xml-apis/1.3.04/xml-apis-1.3.04.pom
Download https://plugins.gradle.org/m2/xml-apis/xml-apis-ext/1.3.04/xml-apis-ext-1.3.04.pom
Download https://plugins.gradle.org/m2/org/apache/xmlgraphics/batik-anim/1.7/batik-anim-1.7.pom
Download https://plugins.gradle.org/m2/org/apache/xmlgraphics/batik-awt-util/1.7/batik-awt-util-1.7.pom
Download https://plugins.gradle.org/m2/org/apache/xmlgraphics/batik-gvt/1.7/batik-gvt-1.7.pom
Download https://plugins.gradle.org/m2/org/apache/xmlgraphics/batik-parser/1.7/batik-parser-1.7.pom
Download https://plugins.gradle.org/m2/org/apache/xmlgraphics/batik-script/1.7/batik-script-1.7.pom
Download https://plugins.gradle.org/m2/org/apache/xmlgraphics/batik-transcoder/1.7/batik-transcoder-1.7.pom
Download https://plugins.gradle.org/m2/org/apache/xmlgraphics/batik-extension/1.7/batik-extension-1.7.pom
Download https://plugins.gradle.org/m2/commons-logging/commons-logging/1.0.4/commons-logging-1.0.4.pom
Download https://plugins.gradle.org/m2/commons-io/commons-io/1.3.1/commons-io-1.3.1.pom
Download https://plugins.gradle.org/m2/org/apache/avalon/framework/avalon-framework-impl/4.3.1/avalon-framework-impl-4.3.1.pom
Download https://plugins.gradle.org/m2/org/apache/xmlgraphics/batik-js/1.7/batik-js-1.7.pom
Download https://plugins.gradle.org/m2/org/apache/xmlgraphics/batik-svggen/1.7/batik-svggen-1.7.pom
Download https://plugins.gradle.org/m2/org/apache/xmlgraphics/xmlgraphics-commons/1.3.1/xmlgraphics-commons-1.3.1.pom
Download https://plugins.gradle.org/m2/xml-apis/xml-apis/2.0.2/xml-apis-2.0.2.pom
POM relocation to an other version number is not fully supported in Gradle : xml-apis#xml-apis;2.0.2 relocated to xml-apis#xml-apis;1.0.b2.
Please update your dependency to directly use the correct version 'xml-apis#xml-apis;1.0.b2'.
Resolution will only pick dependencies of the relocated element.  Artifacts and other metadata will be ignored.
Download https://plugins.gradle.org/m2/xml-apis/xml-apis/1.0.b2/xml-apis-1.0.b2.pom
Download https://repo.spring.io/plugins-release/io/spring/gradle/docbook-reference-plugin/0.3.1/docbook-reference-plugin-0.3.1.jar
Download https://plugins.gradle.org/m2/org/asciidoctor/asciidoctor-gradle-plugin/1.5.0/asciidoctor-gradle-plugin-1.5.0.jar
Download https://repo.spring.io/plugins-release/me/champeau/gradle/gradle-javadoc-hotfix-plugin/0.1/gradle-javadoc-hotfix-plugin-0.1.jar
Download https://repo.spring.io/plugins-release/io/spring/gradle/spring-io-plugin/0.0.4.RELEASE/spring-io-plugin-0.0.4.RELEASE.jar
Download https://plugins.gradle.org/m2/org/apache/xmlgraphics/batik-dom/1.7/batik-dom-1.7.jar
Download https://plugins.gradle.org/m2/xml-apis/xml-apis/2.0.2/xml-apis-2.0.2.jar
Download https://plugins.gradle.org/m2/org/apache/xmlgraphics/batik-xml/1.7/batik-xml-1.7.jar
Download https://plugins.gradle.org/m2/xalan/xalan/2.6.0/xalan-2.6.0.jar
Download https://plugins.gradle.org/m2/xml-apis/xml-apis-ext/1.3.04/xml-apis-ext-1.3.04.jar
Download https://repo.spring.io/plugins-release/org/apache/xerces/xercesImpl/2.9.1/xercesImpl-2.9.1.jar
Download https://plugins.gradle.org/m2/saxon/saxon/6.5.3/saxon-6.5.3.jar
Download https://plugins.gradle.org/m2/org/apache/xmlgraphics/batik-bridge/1.7/batik-bridge-1.7.jar
Download https://plugins.gradle.org/m2/org/apache/xmlgraphics/batik-ext/1.7/batik-ext-1.7.jar
Download https://plugins.gradle.org/m2/org/apache/xmlgraphics/batik-css/1.7/batik-css-1.7.jar
Download https://plugins.gradle.org/m2/org/apache/xmlgraphics/batik-anim/1.7/batik-anim-1.7.jar
Download https://plugins.gradle.org/m2/org/apache/xmlgraphics/batik-awt-util/1.7/batik-awt-util-1.7.jar
Download https://plugins.gradle.org/m2/org/apache/xmlgraphics/fop/0.95-1/fop-0.95-1.jar
Download https://plugins.gradle.org/m2/org/apache/avalon/framework/avalon-framework-api/4.3.1/avalon-framework-api-4.3.1.jar
Download https://plugins.gradle.org/m2/org/apache/xmlgraphics/batik-util/1.7/batik-util-1.7.jar
Download https://plugins.gradle.org/m2/org/apache/xmlgraphics/batik-gvt/1.7/batik-gvt-1.7.jar
Download https://plugins.gradle.org/m2/org/apache/xmlgraphics/batik-parser/1.7/batik-parser-1.7.jar
Download https://plugins.gradle.org/m2/org/apache/xmlgraphics/batik-script/1.7/batik-script-1.7.jar
Download https://plugins.gradle.org/m2/org/apache/xmlgraphics/batik-svg-dom/1.7/batik-svg-dom-1.7.jar
Download https://plugins.gradle.org/m2/org/apache/xmlgraphics/batik-transcoder/1.7/batik-transcoder-1.7.jar
Download https://plugins.gradle.org/m2/org/apache/xmlgraphics/batik-extension/1.7/batik-extension-1.7.jar
Download https://plugins.gradle.org/m2/commons-logging/commons-logging/1.0.4/commons-logging-1.0.4.jar
Download https://plugins.gradle.org/m2/commons-io/commons-io/1.3.1/commons-io-1.3.1.jar
Download https://plugins.gradle.org/m2/org/apache/avalon/framework/avalon-framework-impl/4.3.1/avalon-framework-impl-4.3.1.jar
Download https://plugins.gradle.org/m2/net/sf/docbook/docbook-xsl/1.78.1/docbook-xsl-1.78.1-resources.zip
Download https://plugins.gradle.org/m2/org/apache/xmlgraphics/batik-js/1.7/batik-js-1.7.jar
Download https://plugins.gradle.org/m2/net/sf/docbook/docbook-xml/5.0/docbook-xml-5.0-xsd-resources.zip
Download https://plugins.gradle.org/m2/net/sf/xslthl/xslthl/2.0.1/xslthl-2.0.1.jar
Download https://plugins.gradle.org/m2/org/apache/xmlgraphics/batik-svggen/1.7/batik-svggen-1.7.jar
Download https://repo.spring.io/plugins-release/org/apache/xerces/resolver/2.9.1/resolver-2.9.1.jar
Download https://plugins.gradle.org/m2/net/sf/docbook/docbook-xsl-saxon/1.0.0/docbook-xsl-saxon-1.0.0.jar
Download https://plugins.gradle.org/m2/org/apache/xmlgraphics/xmlgraphics-commons/1.3.1/xmlgraphics-commons-1.3.1.jar
Download https://plugins.gradle.org/m2/io/spring/gradle/dependency-management-plugin/0.5.3.RELEASE/dependency-management-plugin-0.5.3.RELEASE.jar
Defining custom 'build' task when using the standard Gradle lifecycle plugins has been deprecated and is scheduled to be removed in Gradle 3.0
:spring-amqp:compileJava
Download https://repo1.maven.org/maven2/org/springframework/spring-core/4.2.4.RELEASE/spring-core-4.2.4.RELEASE.pom
Download https://repo1.maven.org/maven2/org/springframework/spring-messaging/4.2.4.RELEASE/spring-messaging-4.2.4.RELEASE.pom
Download https://repo1.maven.org/maven2/org/springframework/spring-oxm/4.2.4.RELEASE/spring-oxm-4.2.4.RELEASE.pom
Download https://repo1.maven.org/maven2/org/springframework/spring-context/4.2.4.RELEASE/spring-context-4.2.4.RELEASE.pom
Download https://repo1.maven.org/maven2/org/codehaus/jackson/jackson-core-asl/1.9.13/jackson-core-asl-1.9.13.pom
Download https://repo1.maven.org/maven2/org/codehaus/jackson/jackson-mapper-asl/1.9.13/jackson-mapper-asl-1.9.13.pom
Download https://repo1.maven.org/maven2/com/fasterxml/jackson/core/jackson-core/2.3.2/jackson-core-2.3.2.pom
Download https://repo1.maven.org/maven2/com/fasterxml/oss-parent/12/oss-parent-12.pom
Download https://repo1.maven.org/maven2/com/fasterxml/jackson/core/jackson-databind/2.3.2/jackson-databind-2.3.2.pom
Download https://repo1.maven.org/maven2/commons-logging/commons-logging/1.2/commons-logging-1.2.pom
Download https://repo1.maven.org/maven2/org/apache/commons/commons-parent/34/commons-parent-34.pom
Download https://repo1.maven.org/maven2/org/apache/apache/13/apache-13.pom
Download https://repo1.maven.org/maven2/org/springframework/spring-beans/4.2.4.RELEASE/spring-beans-4.2.4.RELEASE.pom
Download https://repo1.maven.org/maven2/org/springframework/spring-aop/4.2.4.RELEASE/spring-aop-4.2.4.RELEASE.pom
Download https://repo1.maven.org/maven2/org/springframework/spring-expression/4.2.4.RELEASE/spring-expression-4.2.4.RELEASE.pom
Download https://repo1.maven.org/maven2/com/fasterxml/jackson/core/jackson-annotations/2.3.0/jackson-annotations-2.3.0.pom
Download https://repo1.maven.org/maven2/com/fasterxml/oss-parent/11/oss-parent-11.pom
Download https://repo1.maven.org/maven2/aopalliance/aopalliance/1.0/aopalliance-1.0.pom
Download https://repo1.maven.org/maven2/org/springframework/spring-core/4.2.4.RELEASE/spring-core-4.2.4.RELEASE.jar
Download https://repo1.maven.org/maven2/org/springframework/spring-messaging/4.2.4.RELEASE/spring-messaging-4.2.4.RELEASE.jar
Download https://repo1.maven.org/maven2/org/springframework/spring-oxm/4.2.4.RELEASE/spring-oxm-4.2.4.RELEASE.jar
Download https://repo1.maven.org/maven2/org/springframework/spring-context/4.2.4.RELEASE/spring-context-4.2.4.RELEASE.jar
Download https://repo1.maven.org/maven2/org/springframework/spring-aop/4.2.4.RELEASE/spring-aop-4.2.4.RELEASE.jar
Download https://repo1.maven.org/maven2/org/codehaus/jackson/jackson-core-asl/1.9.13/jackson-core-asl-1.9.13.jar
Download https://repo1.maven.org/maven2/org/codehaus/jackson/jackson-mapper-asl/1.9.13/jackson-mapper-asl-1.9.13.jar
Download https://repo1.maven.org/maven2/com/fasterxml/jackson/core/jackson-core/2.3.2/jackson-core-2.3.2.jar
Download https://repo1.maven.org/maven2/com/fasterxml/jackson/core/jackson-databind/2.3.2/jackson-databind-2.3.2.jar
Download https://repo1.maven.org/maven2/commons-logging/commons-logging/1.2/commons-logging-1.2.jar
Download https://repo1.maven.org/maven2/org/springframework/spring-expression/4.2.4.RELEASE/spring-expression-4.2.4.RELEASE.jar
Download https://repo1.maven.org/maven2/org/springframework/spring-beans/4.2.4.RELEASE/spring-beans-4.2.4.RELEASE.jar
Download https://repo1.maven.org/maven2/com/fasterxml/jackson/core/jackson-annotations/2.3.0/jackson-annotations-2.3.0.jar
Download https://repo1.maven.org/maven2/aopalliance/aopalliance/1.0/aopalliance-1.0.jar
:spring-amqp:processResources UP-TO-DATE
:spring-amqp:classes
:spring-amqp:jar
:spring-rabbit:compileJava
Download https://repo1.maven.org/maven2/com/rabbitmq/amqp-client/3.6.0/amqp-client-3.6.0.pom
Download https://repo1.maven.org/maven2/com/rabbitmq/http-client/1.0.0.RELEASE/http-client-1.0.0.RELEASE.pom
Download https://repo1.maven.org/maven2/org/springframework/spring-tx/4.2.4.RELEASE/spring-tx-4.2.4.RELEASE.pom
Download https://repo1.maven.org/maven2/org/springframework/spring-web/4.2.4.RELEASE/spring-web-4.2.4.RELEASE.pom
Download https://repo1.maven.org/maven2/org/springframework/retry/spring-retry/1.1.2.RELEASE/spring-retry-1.1.2.RELEASE.pom
Download https://repo1.maven.org/maven2/org/springframework/spring-framework-bom/4.0.4.RELEASE/spring-framework-bom-4.0.4.RELEASE.pom
Download https://repo1.maven.org/maven2/log4j/log4j/1.2.17/log4j-1.2.17.pom
Download https://repo1.maven.org/maven2/ch/qos/logback/logback-classic/1.1.2/logback-classic-1.1.2.pom
Download https://repo1.maven.org/maven2/ch/qos/logback/logback-parent/1.1.2/logback-parent-1.1.2.pom
Download https://repo1.maven.org/maven2/org/apache/logging/log4j/log4j-core/2.4.1/log4j-core-2.4.1.pom
Download https://repo1.maven.org/maven2/org/apache/logging/log4j/log4j/2.4.1/log4j-2.4.1.pom
Download https://repo1.maven.org/maven2/org/apache/apache/9/apache-9.pom
Download https://repo1.maven.org/maven2/org/apache/httpcomponents/httpclient/4.3.6/httpclient-4.3.6.pom
Download https://repo1.maven.org/maven2/org/apache/httpcomponents/httpcomponents-client/4.3.6/httpcomponents-client-4.3.6.pom
Download https://repo1.maven.org/maven2/org/apache/httpcomponents/project/7/project-7.pom
Download https://repo1.maven.org/maven2/ch/qos/logback/logback-core/1.1.2/logback-core-1.1.2.pom
Download https://repo1.maven.org/maven2/org/slf4j/slf4j-api/1.7.6/slf4j-api-1.7.6.pom
Download https://repo1.maven.org/maven2/org/slf4j/slf4j-parent/1.7.6/slf4j-parent-1.7.6.pom
Download https://repo1.maven.org/maven2/org/apache/logging/log4j/log4j-api/2.4.1/log4j-api-2.4.1.pom
Download https://repo1.maven.org/maven2/org/apache/httpcomponents/httpcore/4.3.3/httpcore-4.3.3.pom
Download https://repo1.maven.org/maven2/org/apache/httpcomponents/httpcomponents-core/4.3.3/httpcomponents-core-4.3.3.pom
Download https://repo1.maven.org/maven2/commons-logging/commons-logging/1.1.3/commons-logging-1.1.3.pom
Download https://repo1.maven.org/maven2/org/apache/commons/commons-parent/28/commons-parent-28.pom
Download https://repo1.maven.org/maven2/commons-codec/commons-codec/1.6/commons-codec-1.6.pom
Download https://repo1.maven.org/maven2/org/apache/commons/commons-parent/22/commons-parent-22.pom
Download https://repo1.maven.org/maven2/com/fasterxml/jackson/core/jackson-databind/2.5.1/jackson-databind-2.5.1.pom
Download https://repo1.maven.org/maven2/com/fasterxml/jackson/jackson-parent/2.5/jackson-parent-2.5.pom
Download https://repo1.maven.org/maven2/com/fasterxml/oss-parent/18/oss-parent-18.pom
Download https://repo1.maven.org/maven2/com/fasterxml/jackson/core/jackson-annotations/2.5.0/jackson-annotations-2.5.0.pom
Download https://repo1.maven.org/maven2/com/fasterxml/jackson/core/jackson-core/2.5.1/jackson-core-2.5.1.pom
Download https://repo1.maven.org/maven2/org/slf4j/slf4j-api/1.7.6/slf4j-api-1.7.6.jar
Download https://repo1.maven.org/maven2/com/rabbitmq/amqp-client/3.6.0/amqp-client-3.6.0.jar
Download https://repo1.maven.org/maven2/org/apache/logging/log4j/log4j-api/2.4.1/log4j-api-2.4.1.jar
Download https://repo1.maven.org/maven2/com/rabbitmq/http-client/1.0.0.RELEASE/http-client-1.0.0.RELEASE.jar
Download https://repo1.maven.org/maven2/org/apache/httpcomponents/httpcore/4.3.3/httpcore-4.3.3.jar
Download https://repo1.maven.org/maven2/org/springframework/spring-tx/4.2.4.RELEASE/spring-tx-4.2.4.RELEASE.jar
Download https://repo1.maven.org/maven2/org/springframework/spring-web/4.2.4.RELEASE/spring-web-4.2.4.RELEASE.jar
Download https://repo1.maven.org/maven2/org/springframework/retry/spring-retry/1.1.2.RELEASE/spring-retry-1.1.2.RELEASE.jar
Download https://repo1.maven.org/maven2/log4j/log4j/1.2.17/log4j-1.2.17.jar
Download https://repo1.maven.org/maven2/commons-codec/commons-codec/1.6/commons-codec-1.6.jar
Download https://repo1.maven.org/maven2/ch/qos/logback/logback-classic/1.1.2/logback-classic-1.1.2.jar
Download https://repo1.maven.org/maven2/org/apache/logging/log4j/log4j-core/2.4.1/log4j-core-2.4.1.jar
Download https://repo1.maven.org/maven2/com/fasterxml/jackson/core/jackson-databind/2.5.1/jackson-databind-2.5.1.jar
Download https://repo1.maven.org/maven2/org/apache/httpcomponents/httpclient/4.3.6/httpclient-4.3.6.jar
Download https://repo1.maven.org/maven2/com/fasterxml/jackson/core/jackson-annotations/2.5.0/jackson-annotations-2.5.0.jar
Download https://repo1.maven.org/maven2/com/fasterxml/jackson/core/jackson-core/2.5.1/jackson-core-2.5.1.jar
Download https://repo1.maven.org/maven2/ch/qos/logback/logback-core/1.1.2/logback-core-1.1.2.jar
warning: No processor claimed any of these annotations: org.springframework.jmx.export.annotation.ManagedMetric,org.springframework.context.annotation.Import,org.springframework.messaging.handler.annotation.MessageMapping,org.springframework.context.annotation.Configuration,org.springframework.context.annotation.Role,java.lang.annotation.Repeatable,org.springframework.context.annotation.Bean,org.springframework.jmx.export.annotation.ManagedAttribute,org.springframework.jmx.export.annotation.ManagedOperation,org.springframework.jmx.export.annotation.ManagedResource
/home/travis/build/passed/spring-projects/spring-amqp/spring-rabbit/src/main/java/org/springframework/amqp/rabbit/support/PublisherCallbackChannelImpl.java:215: warning: [deprecation] clearFlowListeners() in Channel has been deprecated
	public void clearFlowListeners() {
	            ^
/home/travis/build/passed/spring-projects/spring-amqp/spring-rabbit/src/main/java/org/springframework/amqp/rabbit/support/PublisherCallbackChannelImpl.java:209: warning: [deprecation] removeFlowListener(FlowListener) in Channel has been deprecated
	public boolean removeFlowListener(FlowListener listener) {
	               ^
/home/travis/build/passed/spring-projects/spring-amqp/spring-rabbit/src/main/java/org/springframework/amqp/rabbit/support/PublisherCallbackChannelImpl.java:203: warning: [deprecation] addFlowListener(FlowListener) in Channel has been deprecated
	public void addFlowListener(FlowListener listener) {
	            ^
4 warnings
:spring-rabbit:processResources
:spring-rabbit:classes
:spring-rabbit:jar
:api
Download https://repo1.maven.org/maven2/junit/junit/4.11/junit-4.11.pom
Download https://repo1.maven.org/maven2/org/hamcrest/hamcrest-all/1.3/hamcrest-all-1.3.pom
Download https://repo1.maven.org/maven2/org/hamcrest/hamcrest-parent/1.3/hamcrest-parent-1.3.pom
Download https://repo1.maven.org/maven2/org/mockito/mockito-core/1.9.5/mockito-core-1.9.5.pom
Download https://repo1.maven.org/maven2/org/objenesis/objenesis/1.0/objenesis-1.0.pom
Download https://repo1.maven.org/maven2/junit/junit/4.11/junit-4.11.jar
Download https://repo1.maven.org/maven2/org/hamcrest/hamcrest-all/1.3/hamcrest-all-1.3.jar
Download https://repo1.maven.org/maven2/org/mockito/mockito-core/1.9.5/mockito-core-1.9.5.jar
Download https://repo1.maven.org/maven2/org/objenesis/objenesis/1.0/objenesis-1.0.jar
:asciidoctor
Download https://repo1.maven.org/maven2/org/asciidoctor/asciidoctorj/1.5.0/asciidoctorj-1.5.0.pom
Download https://repo1.maven.org/maven2/org/slf4j/slf4j-api/1.7.5/slf4j-api-1.7.5.pom
Download https://repo1.maven.org/maven2/org/slf4j/slf4j-parent/1.7.5/slf4j-parent-1.7.5.pom
Download https://repo1.maven.org/maven2/org/jruby/jruby-complete/1.7.9/jruby-complete-1.7.9.pom
Download https://repo1.maven.org/maven2/org/jruby/jruby-artifacts/1.7.9/jruby-artifacts-1.7.9.pom
Download https://repo1.maven.org/maven2/org/jruby/jruby-parent/1.7.9/jruby-parent-1.7.9.pom
Download https://repo1.maven.org/maven2/com/beust/jcommander/1.32/jcommander-1.32.pom
Download https://repo1.maven.org/maven2/org/sonatype/oss/oss-parent/3/oss-parent-3.pom
Download https://repo1.maven.org/maven2/org/asciidoctor/asciidoctorj/1.5.0/asciidoctorj-1.5.0.jar
Download https://repo1.maven.org/maven2/org/slf4j/slf4j-api/1.7.5/slf4j-api-1.7.5.jar
Download https://repo1.maven.org/maven2/org/jruby/jruby-complete/1.7.9/jruby-complete-1.7.9.jar
Download https://repo1.maven.org/maven2/com/beust/jcommander/1.32/jcommander-1.32.jar
Converting /home/travis/build/passed/spring-projects/spring-amqp/src/reference/asciidoc/index.adoc
Converting /home/travis/build/passed/spring-projects/spring-amqp/src/reference/asciidoc/index.adoc
:referenceEpub
:referenceHtmlMulti
:referenceHtmlSingle
:referencePdf
Font 'Symbol,normal,700' not found. Substituting with 'Symbol,normal,400'.
Font 'ZapfDingbats,normal,700' not found. Substituting with 'ZapfDingbats,normal,400'.
Font 'ZapfDingbats,italic,400' not found. Substituting with 'ZapfDingbats,normal,400'.
Line 1 of a paragraph overflows the available area by 18886mpt. (fo:block, location: 710/1151)
Line 1 of a paragraph overflows the available area by 31486mpt. (fo:block, location: 711/1067)
Font 'ZapfDingbats,italic,700' not found. Substituting with 'any,italic,700'.
:reference
:docsZip
:schemaZip
:spring-amqp:javadoc
:spring-amqp:javadocJar
:spring-amqp:sourcesJar
:spring-rabbit:javadoc
:spring-rabbit:javadocJar
:spring-rabbit:sourcesJar
:spring-rabbit-test:compileJavawarning: No processor claimed any of these annotations: org.springframework.amqp.rabbit.annotation.EnableRabbit,org.springframework.context.annotation.Configuration,org.springframework.context.annotation.Role,org.springframework.context.annotation.Import,org.springframework.context.annotation.Bean
1 warning

:spring-rabbit-test:processResources UP-TO-DATE
:spring-rabbit-test:classes
:spring-rabbit-test:jar
:spring-rabbit-test:javadoc
:spring-rabbit-test:javadocJar
:spring-rabbit-test:sourcesJar
:distZip
:assemble
:spring-amqp:assemble
:spring-rabbit:assemble
:spring-rabbit-test:assemble

BUILD SUCCESSFUL

Total time: 2 mins 8.828 secs

travis_time:end:2f214eca:start=1623945059477101027,finish=1623945188979937971,duration=129502836944[0Ktravis_fold:end:install[0Ktravis_time:start:0b0a6fba[0K$ ./gradlew check
Defining custom 'build' task when using the standard Gradle lifecycle plugins has been deprecated and is scheduled to be removed in Gradle 3.0
:check UP-TO-DATE
:spring-amqp:compileJava UP-TO-DATE
:spring-amqp:processResources UP-TO-DATE
:spring-amqp:classes UP-TO-DATE
:spring-amqp:checkstyleMain
Download https://repo1.maven.org/maven2/com/puppycrawl/tools/checkstyle/5.9/checkstyle-5.9.pom
Download https://repo1.maven.org/maven2/antlr/antlr/2.7.7/antlr-2.7.7.pom
Download https://repo1.maven.org/maven2/commons-beanutils/commons-beanutils-core/1.8.3/commons-beanutils-core-1.8.3.pom
Download https://repo1.maven.org/maven2/org/apache/apache/4/apache-4.pom
Download https://repo1.maven.org/maven2/commons-cli/commons-cli/1.2/commons-cli-1.2.pom
Download https://repo1.maven.org/maven2/org/apache/commons/commons-parent/11/commons-parent-11.pom
Download https://repo1.maven.org/maven2/com/google/guava/guava-jdk5/14.0.1/guava-jdk5-14.0.1.pom
Download https://repo1.maven.org/maven2/com/google/guava/guava-parent-jdk5/14.0.1/guava-parent-jdk5-14.0.1.pom
Download https://repo1.maven.org/maven2/com/puppycrawl/tools/checkstyle/5.9/checkstyle-5.9.jar
Download https://repo1.maven.org/maven2/antlr/antlr/2.7.7/antlr-2.7.7.jar
Download https://repo1.maven.org/maven2/commons-beanutils/commons-beanutils-core/1.8.3/commons-beanutils-core-1.8.3.jar
Download https://repo1.maven.org/maven2/commons-cli/commons-cli/1.2/commons-cli-1.2.jar
Download https://repo1.maven.org/maven2/com/google/guava/guava-jdk5/14.0.1/guava-jdk5-14.0.1.jar
:spring-amqp:compileTestJava
Download https://repo1.maven.org/maven2/cglib/cglib-nodep/3.1/cglib-nodep-3.1.pom
Download https://repo1.maven.org/maven2/org/springframework/spring-test/4.2.4.RELEASE/spring-test-4.2.4.RELEASE.pom
Download https://repo1.maven.org/maven2/cglib/cglib-nodep/3.1/cglib-nodep-3.1.jar
Download https://repo1.maven.org/maven2/org/springframework/spring-test/4.2.4.RELEASE/spring-test-4.2.4.RELEASE.jar
:spring-amqp:processTestResources
:spring-amqp:testClasses
:spring-amqp:checkstyleTest
:spring-amqp:checkTestConfigs
:spring-amqp:test
Download https://repo1.maven.org/maven2/org/jacoco/org.jacoco.agent/0.7.2.201409121644/org.jacoco.agent-0.7.2.201409121644.pom
Download https://repo1.maven.org/maven2/org/jacoco/org.jacoco.build/0.7.2.201409121644/org.jacoco.build-0.7.2.201409121644.pom
Download https://repo1.maven.org/maven2/org/jacoco/org.jacoco.agent/0.7.2.201409121644/org.jacoco.agent-0.7.2.201409121644.jar
:spring-amqp:check
:spring-amqp:jar UP-TO-DATE
:spring-rabbit:compileJava UP-TO-DATE
:spring-rabbit:processResources UP-TO-DATE
:spring-rabbit:classes UP-TO-DATE
:spring-rabbit:checkstyleMain
:spring-rabbit:compileTestJavawarning: No processor claimed any of these annotations: org.springframework.test.annotation.DirtiesContext,org.springframework.amqp.rabbit.annotation.EnableRabbit,org.springframework.context.annotation.Primary,org.springframework.amqp.rabbit.annotation.RabbitHandler,org.junit.BeforeClass,org.mockito.Mock,org.junit.runner.RunWith,org.junit.runners.Parameterized.Parameters,org.springframework.beans.factory.annotation.Autowired,org.springframework.context.annotation.PropertySource,org.springframework.transaction.annotation.EnableTransactionManagement,org.mockito.Captor,org.springframework.context.annotation.Scope,org.springframework.test.context.TestExecutionListeners,javax.annotation.PreDestroy,org.springframework.messaging.handler.annotation.SendTo,org.junit.After,org.springframework.beans.factory.annotation.Qualifier,org.junit.ClassRule,org.junit.Before,org.springframework.amqp.rabbit.annotation.RabbitListener,org.springframework.amqp.rabbit.annotation.RabbitListenerAnnotationBeanPostProcessorTests.FooListener,org.springframework.validation.annotation.Validated,org.junit.AfterClass,org.springframework.messaging.handler.annotation.Header,org.springframework.context.event.EventListener,org.junit.Test,org.springframework.context.annotation.Configuration,org.springframework.stereotype.Component,org.springframework.test.annotation.Repeat,org.junit.Rule,org.springframework.amqp.rabbit.annotation.RabbitListeners,org.junit.Ignore,org.springframework.messaging.handler.annotation.Headers,org.springframework.test.context.ContextConfiguration,org.springframework.messaging.handler.annotation.Payload,org.springframework.context.annotation.Lazy,org.springframework.context.annotation.Bean,org.springframework.transaction.annotation.Transactional
1 warning

:spring-rabbit:processTestResources
:spring-rabbit:testClasses
:spring-rabbit:checkstyleTest
:spring-rabbit:checkTestConfigs
:spring-rabbit:test
:spring-rabbit:check
:spring-rabbit:jar UP-TO-DATE
:spring-rabbit-test:compileJava UP-TO-DATE
:spring-rabbit-test:processResources UP-TO-DATE
:spring-rabbit-test:classes UP-TO-DATE
:spring-rabbit-test:checkstyleMain
:spring-rabbit-test:compileTestJavawarning: No processor claimed any of these annotations: org.springframework.amqp.rabbit.annotation.EnableRabbit,org.springframework.test.annotation.DirtiesContext,org.springframework.amqp.rabbit.annotation.RabbitListener,org.springframework.amqp.rabbit.test.RabbitListenerTest,org.springframework.amqp.rabbit.annotation.RabbitHandler,org.springframework.messaging.handler.annotation.Header,org.junit.runner.RunWith,org.springframework.beans.factory.annotation.Autowired,org.junit.Test,org.springframework.context.annotation.Configuration,org.springframework.stereotype.Component,org.springframework.amqp.rabbit.annotation.RabbitListeners,org.junit.Rule,org.springframework.test.context.ContextConfiguration,org.springframework.messaging.handler.annotation.Payload,org.springframework.context.annotation.Bean
1 warning

:spring-rabbit-test:processTestResources
:spring-rabbit-test:testClasses
:spring-rabbit-test:checkstyleTest
:spring-rabbit-test:checkTestConfigs
:spring-rabbit-test:test
:spring-rabbit-test:check

BUILD SUCCESSFUL

Total time: 4 mins 16.492 secs

travis_time:end:0b0a6fba:start=1623945188990180131,finish=1623945446034212651,duration=257044032520[0K
[32;1mThe command "./gradlew check" exited with 0.[0m

Done. Your build exited with 0.
