travis_fold:start:system_info[0K[33;1mBuild system information[0m
Build language: python
Build id: ''
Job id: ''
[34m[1mBuild image provisioning date and time[0m
Thu Feb  5 15:09:33 UTC 2015
[34m[1mOperating System Details[0m
Distributor ID:	Ubuntu
Description:	Ubuntu 12.04.5 LTS
Release:	12.04
Codename:	precise
[34m[1mLinux Version[0m
3.13.0-29-generic
[34m[1mCookbooks Version[0m
a68419e https://github.com/travis-ci/travis-cookbooks/tree/a68419e
[34m[1mGCC version[0m
gcc (Ubuntu/Linaro 4.6.3-1ubuntu5) 4.6.3
Copyright (C) 2011 Free Software Foundation, Inc.
This is free software; see the source for copying conditions.  There is NO
warranty; not even for MERCHANTABILITY or FITNESS FOR A PARTICULAR PURPOSE.

[34m[1mLLVM version[0m
clang version 3.4 (tags/RELEASE_34/final)
Target: x86_64-unknown-linux-gnu
Thread model: posix
[34m[1mPre-installed Ruby versions[0m
ruby-1.9.3-p551
[34m[1mPre-installed Node.js versions[0m
v0.10.36
[34m[1mPre-installed Go versions[0m
1.4.1
[34m[1mRedis version[0m
redis-server 2.8.19
[34m[1mriak version[0m
2.0.2
[34m[1mMongoDB version[0m
MongoDB 2.4.12
[34m[1mCouchDB version[0m
couchdb 1.6.1
[34m[1mNeo4j version[0m
1.9.4
[34m[1mRabbitMQ Version[0m
3.4.3
[34m[1mElasticSearch version[0m
1.4.0
[34m[1mInstalled Sphinx versions[0m
2.0.10
2.1.9
2.2.6
[34m[1mDefault Sphinx version[0m
2.2.6
[34m[1mInstalled Firefox version[0m
firefox 31.0esr
[34m[1mPhantomJS version[0m
1.9.8
[34m[1mant -version[0m
Apache Ant(TM) version 1.8.2 compiled on December 3 2011
[34m[1mmvn -version[0m
Apache Maven 3.2.5 (12a6b3acb947671f09b81f49094c53f426d8cea1; 2014-12-14T17:29:23+00:00)
Maven home: /usr/local/maven
Java version: 1.7.0_76, vendor: Oracle Corporation
Java home: /usr/lib/jvm/java-7-oracle/jre
Default locale: en_US, platform encoding: ANSI_X3.4-1968
OS name: "linux", version: "3.13.0-29-generic", arch: "amd64", family: "unix"
travis_fold:end:system_info[0K
grep: /etc/apt/sources.list.d/*: No such file or directory
sed: cannot rename /etc/hosts: Device or resource busy
sed: cannot rename /etc/hosts: Device or resource busy
$ cd failed/ccnmtl/dmt
travis_fold:start:install_firefox[0K$ export FIREFOX_SOURCE_URL='https://download.mozilla.org/?product=firefox-28.0&lang=en-US&os=linux64'
[33;1mInstalling Firefox 28.0[0m
travis_time:start:11668957[0K$ wget -O /tmp/firefox-28.0.tar.bz2 $FIREFOX_SOURCE_URL
--2020-12-16 05:15:43--  https://download.mozilla.org/?product=firefox-28.0&lang=en-US&os=linux64
Resolving download.mozilla.org (download.mozilla.org)... 44.240.219.147, 52.35.254.181, 52.37.138.27
Connecting to download.mozilla.org (download.mozilla.org)|44.240.219.147|:443... connected.
HTTP request sent, awaiting response... 302 Found
Location: https://download-installer.cdn.mozilla.net/pub/firefox/releases/28.0/linux-x86_64/en-US/firefox-28.0.tar.bz2 [following]
--2020-12-16 05:15:44--  https://download-installer.cdn.mozilla.net/pub/firefox/releases/28.0/linux-x86_64/en-US/firefox-28.0.tar.bz2
Resolving download-installer.cdn.mozilla.net (download-installer.cdn.mozilla.net)... 13.224.26.58, 2600:9000:2164:1000:e:19d6:1546:5981, 2600:9000:2164:e000:e:19d6:1546:5981, ...
Connecting to download-installer.cdn.mozilla.net (download-installer.cdn.mozilla.net)|13.224.26.58|:443... connected.
HTTP request sent, awaiting response... 200 OK
Length: 30503247 (29M) [application/x-tar]
Saving to: `/tmp/firefox-28.0.tar.bz2'

     0K .......... .......... .......... .......... ..........  0% 1.95M 15s
    50K .......... .......... .......... .......... ..........  0% 1.63M 16s
   100K .......... .......... .......... .......... ..........  0% 2.23M 15s
   150K .......... .......... .......... .......... ..........  0% 1.37M 17s
   200K .......... .......... .......... .......... ..........  0% 9.88M 14s
   250K .......... .......... .......... .......... ..........  1% 7.22M 12s
   300K .......... .......... .......... .......... ..........  1% 7.64M 11s
   350K .......... .......... .......... .......... ..........  1% 9.21M 10s
   400K .......... .......... .......... .......... ..........  1% 8.92M 9s
   450K .......... .......... .......... .......... ..........  1% 1.07M 11s
   500K .......... .......... .......... .......... ..........  1% 15.1M 10s
   550K .......... .......... .......... .......... ..........  2% 24.9M 9s
   600K .......... .......... .......... .......... ..........  2% 29.5M 9s
   650K .......... .......... .......... .......... ..........  2% 20.8M 8s
   700K .......... .......... .......... .......... ..........  2% 28.8M 8s
   750K .......... .......... .......... .......... ..........  2% 20.4M 7s
   800K .......... .......... .......... .......... ..........  2% 25.7M 7s
   850K .......... .......... .......... .......... ..........  3% 9.75M 7s
   900K .......... .......... .......... .......... ..........  3% 19.6M 6s
   950K .......... .......... .......... .......... ..........  3% 1.62M 7s
  1000K .......... .......... .......... .......... ..........  3% 60.5M 7s
  1050K .......... .......... .......... .......... ..........  3% 46.7M 6s
  1100K .......... .......... .......... .......... ..........  3% 32.9M 6s
  1150K .......... .......... .......... .......... ..........  4% 49.4M 6s
  1200K .......... .......... .......... .......... ..........  4% 42.8M 6s
  1250K .......... .......... .......... .......... ..........  4% 51.5M 5s
  1300K .......... .......... .......... .......... ..........  4% 39.2M 5s
  1350K .......... .......... .......... .......... ..........  4% 34.7M 5s
  1400K .......... .......... .......... .......... ..........  4% 50.9M 5s
  1450K .......... .......... .......... .......... ..........  5% 37.0M 5s
  1500K .......... .......... .......... .......... ..........  5% 60.3M 5s
  1550K .......... .......... .......... .......... ..........  5% 40.1M 4s
  1600K .......... .......... .......... .......... ..........  5% 36.3M 4s
  1650K .......... .......... .......... .......... ..........  5% 45.0M 4s
  1700K .......... .......... .......... .......... ..........  5% 12.2M 4s
  1750K .......... .......... .......... .......... ..........  6% 45.3M 4s
  1800K .......... .......... .......... .......... ..........  6% 40.2M 4s
  1850K .......... .......... .......... .......... ..........  6% 36.2M 4s
  1900K .......... .......... .......... .......... ..........  6% 47.4M 4s
  1950K .......... .......... .......... .......... ..........  6% 2.11M 4s
  2000K .......... .......... .......... .......... ..........  6% 2.92M 4s
  2050K .......... .......... .......... .......... ..........  7% 34.9M 4s
  2100K .......... .......... .......... .......... ..........  7%  101M 4s
  2150K .......... .......... .......... .......... ..........  7% 15.8M 4s
  2200K .......... .......... .......... .......... ..........  7% 91.3M 4s
  2250K .......... .......... .......... .......... ..........  7%  118M 4s
  2300K .......... .......... .......... .......... ..........  7% 37.3M 4s
  2350K .......... .......... .......... .......... ..........  8% 99.2M 4s
  2400K .......... .......... .......... .......... ..........  8% 93.0M 3s
  2450K .......... .......... .......... .......... ..........  8% 54.3M 3s
  2500K .......... .......... .......... .......... ..........  8% 96.8M 3s
  2550K .......... .......... .......... .......... ..........  8%  108M 3s
  2600K .......... .......... .......... .......... ..........  8%  142M 3s
  2650K .......... .......... .......... .......... ..........  9% 95.7M 3s
  2700K .......... .......... .......... .......... ..........  9% 27.3M 3s
  2750K .......... .......... .......... .......... ..........  9% 18.1M 3s
  2800K .......... .......... .......... .......... ..........  9% 19.6M 3s
  2850K .......... .......... .......... .......... ..........  9% 48.1M 3s
  2900K .......... .......... .......... .......... ..........  9% 46.1M 3s
  2950K .......... .......... .......... .......... .......... 10% 76.0M 3s
  3000K .......... .......... .......... .......... .......... 10% 22.0M 3s
  3050K .......... .......... .......... .......... .......... 10% 44.2M 3s
  3100K .......... .......... .......... .......... .......... 10% 38.7M 3s
  3150K .......... .......... .......... .......... .......... 10% 45.8M 3s
  3200K .......... .......... .......... .......... .......... 10% 48.1M 3s
  3250K .......... .......... .......... .......... .......... 11% 26.3M 3s
  3300K .......... .......... .......... .......... .......... 11% 21.4M 3s
  3350K .......... .......... .......... .......... .......... 11% 35.0M 3s
  3400K .......... .......... .......... .......... .......... 11% 37.3M 3s
  3450K .......... .......... .......... .......... .......... 11% 34.4M 3s
  3500K .......... .......... .......... .......... .......... 11% 41.9M 3s
  3550K .......... .......... .......... .......... .......... 12% 68.0M 2s
  3600K .......... .......... .......... .......... .......... 12% 50.9M 2s
  3650K .......... .......... .......... .......... .......... 12% 62.9M 2s
  3700K .......... .......... .......... .......... .......... 12%  116M 2s
  3750K .......... .......... .......... .......... .......... 12%  107M 2s
  3800K .......... .......... .......... .......... .......... 12% 76.5M 2s
  3850K .......... .......... .......... .......... .......... 13% 29.8M 2s
  3900K .......... .......... .......... .......... .......... 13% 13.1M 2s
  3950K .......... .......... .......... .......... .......... 13% 89.0M 2s
  4000K .......... .......... .......... .......... .......... 13% 80.5M 2s
  4050K .......... .......... .......... .......... .......... 13% 3.23M 2s
  4100K .......... .......... .......... .......... .......... 13%  123M 2s
  4150K .......... .......... .......... .......... .......... 14% 26.8M 2s
  4200K .......... .......... .......... .......... .......... 14% 51.9M 2s
  4250K .......... .......... .......... .......... .......... 14% 90.9M 2s
  4300K .......... .......... .......... .......... .......... 14%  113M 2s
  4350K .......... .......... .......... .......... .......... 14% 94.0M 2s
  4400K .......... .......... .......... .......... .......... 14% 94.3M 2s
  4450K .......... .......... .......... .......... .......... 15% 95.4M 2s
  4500K .......... .......... .......... .......... .......... 15% 71.2M 2s
  4550K .......... .......... .......... .......... .......... 15% 53.3M 2s
  4600K .......... .......... .......... .......... .......... 15% 57.8M 2s
  4650K .......... .......... .......... .......... .......... 15% 67.5M 2s
  4700K .......... .......... .......... .......... .......... 15% 37.5M 2s
  4750K .......... .......... .......... .......... .......... 16% 20.7M 2s
  4800K .......... .......... .......... .......... .......... 16% 28.9M 2s
  4850K .......... .......... .......... .......... .......... 16%  117M 2s
  4900K .......... .......... .......... .......... .......... 16% 85.1M 2s
  4950K .......... .......... .......... .......... .......... 16% 99.7M 2s
  5000K .......... .......... .......... .......... .......... 16% 95.9M 2s
  5050K .......... .......... .......... .......... .......... 17%  158M 2s
  5100K .......... .......... .......... .......... .......... 17%  147M 2s
  5150K .......... .......... .......... .......... .......... 17% 99.0M 2s
  5200K .......... .......... .......... .......... .......... 17% 99.9M 2s
  5250K .......... .......... .......... .......... .......... 17% 74.8M 2s
  5300K .......... .......... .......... .......... .......... 17%  133M 2s
  5350K .......... .......... .......... .......... .......... 18%  119M 2s
  5400K .......... .......... .......... .......... .......... 18%  131M 2s
  5450K .......... .......... .......... .......... .......... 18%  133M 2s
  5500K .......... .......... .......... .......... .......... 18%  116M 2s
  5550K .......... .......... .......... .......... .......... 18%  138M 2s
  5600K .......... .......... .......... .......... .......... 18%  107M 2s
  5650K .......... .......... .......... .......... .......... 19%  112M 2s
  5700K .......... .......... .......... .......... .......... 19% 86.4M 2s
  5750K .......... .......... .......... .......... .......... 19%  102M 2s
  5800K .......... .......... .......... .......... .......... 19%  120M 2s
  5850K .......... .......... .......... .......... .......... 19%  110M 2s
  5900K .......... .......... .......... .......... .......... 19%  158M 2s
  5950K .......... .......... .......... .......... .......... 20%  120M 2s
  6000K .......... .......... .......... .......... .......... 20%  112M 2s
  6050K .......... .......... .......... .......... .......... 20% 85.1M 2s
  6100K .......... .......... .......... .......... .......... 20%  123M 2s
  6150K .......... .......... .......... .......... .......... 20%  146M 1s
  6200K .......... .......... .......... .......... .......... 20%  103M 1s
  6250K .......... .......... .......... .......... .......... 21% 96.0M 1s
  6300K .......... .......... .......... .......... .......... 21%  145M 1s
  6350K .......... .......... .......... .......... .......... 21%  125M 1s
  6400K .......... .......... .......... .......... .......... 21% 94.8M 1s
  6450K .......... .......... .......... .......... .......... 21%  115M 1s
  6500K .......... .......... .......... .......... .......... 21%  112M 1s
  6550K .......... .......... .......... .......... .......... 22%  115M 1s
  6600K .......... .......... .......... .......... .......... 22% 2.54M 1s
  6650K .......... .......... .......... .......... .......... 22% 2.81M 1s
  6700K .......... .......... .......... .......... .......... 22%  123M 1s
  6750K .......... .......... .......... .......... .......... 22%  129M 1s
  6800K .......... .......... .......... .......... .......... 22%  133M 1s
  6850K .......... .......... .......... .......... .......... 23% 89.0M 1s
  6900K .......... .......... .......... .......... .......... 23%  103M 1s
  6950K .......... .......... .......... .......... .......... 23%  153M 1s
  7000K .......... .......... .......... .......... .......... 23%  134M 1s
  7050K .......... .......... .......... .......... .......... 23%  109M 1s
  7100K .......... .......... .......... .......... .......... 24% 85.6M 1s
  7150K .......... .......... .......... .......... .......... 24% 91.8M 1s
  7200K .......... .......... .......... .......... .......... 24%  124M 1s
  7250K .......... .......... .......... .......... .......... 24%  111M 1s
  7300K .......... .......... .......... .......... .......... 24%  122M 1s
  7350K .......... .......... .......... .......... .......... 24%  125M 1s
  7400K .......... .......... .......... .......... .......... 25%  103M 1s
  7450K .......... .......... .......... .......... .......... 25%  124M 1s
  7500K .......... .......... .......... .......... .......... 25%  126M 1s
  7550K .......... .......... .......... .......... .......... 25%  101M 1s
  7600K .......... .......... .......... .......... .......... 25% 99.7M 1s
  7650K .......... .......... .......... .......... .......... 25%  125M 1s
  7700K .......... .......... .......... .......... .......... 26% 97.2M 1s
  7750K .......... .......... .......... .......... .......... 26%  110M 1s
  7800K .......... .......... .......... .......... .......... 26%  116M 1s
  7850K .......... .......... .......... .......... .......... 26%  119M 1s
  7900K .......... .......... .......... .......... .......... 26%  101M 1s
  7950K .......... .......... .......... .......... .......... 26%  116M 1s
  8000K .......... .......... .......... .......... .......... 27%  120M 1s
  8050K .......... .......... .......... .......... .......... 27% 81.5M 1s
  8100K .......... .......... .......... .......... .......... 27%  136M 1s
  8150K .......... .......... .......... .......... .......... 27%  139M 1s
  8200K .......... .......... .......... .......... .......... 27%  103M 1s
  8250K .......... .......... .......... .......... .......... 27% 75.1M 1s
  8300K .......... .......... .......... .......... .......... 28% 88.1M 1s
  8350K .......... .......... .......... .......... .......... 28% 97.5M 1s
  8400K .......... .......... .......... .......... .......... 28% 96.4M 1s
  8450K .......... .......... .......... .......... .......... 28%  151M 1s
  8500K .......... .......... .......... .......... .......... 28%  137M 1s
  8550K .......... .......... .......... .......... .......... 28% 90.7M 1s
  8600K .......... .......... .......... .......... .......... 29%  145M 1s
  8650K .......... .......... .......... .......... .......... 29% 94.2M 1s
  8700K .......... .......... .......... .......... .......... 29%  162M 1s
  8750K .......... .......... .......... .......... .......... 29%  102M 1s
  8800K .......... .......... .......... .......... .......... 29% 96.1M 1s
  8850K .......... .......... .......... .......... .......... 29% 58.7M 1s
  8900K .......... .......... .......... .......... .......... 30%  106M 1s
  8950K .......... .......... .......... .......... .......... 30%  112M 1s
  9000K .......... .......... .......... .......... .......... 30%  114M 1s
  9050K .......... .......... .......... .......... .......... 30%  112M 1s
  9100K .......... .......... .......... .......... .......... 30%  110M 1s
  9150K .......... .......... .......... .......... .......... 30%  103M 1s
  9200K .......... .......... .......... .......... .......... 31% 1.26M 1s
  9250K .......... .......... .......... .......... .......... 31% 27.5M 1s
  9300K .......... .......... .......... .......... .......... 31% 59.9M 1s
  9350K .......... .......... .......... .......... .......... 31% 38.1M 1s
  9400K .......... .......... .......... .......... .......... 31% 24.1M 1s
  9450K .......... .......... .......... .......... .......... 31% 64.3M 1s
  9500K .......... .......... .......... .......... .......... 32% 80.1M 1s
  9550K .......... .......... .......... .......... .......... 32% 81.8M 1s
  9600K .......... .......... .......... .......... .......... 32% 68.6M 1s
  9650K .......... .......... .......... .......... .......... 32% 74.4M 1s
  9700K .......... .......... .......... .......... .......... 32%  132M 1s
  9750K .......... .......... .......... .......... .......... 32%  134M 1s
  9800K .......... .......... .......... .......... .......... 33% 72.3M 1s
  9850K .......... .......... .......... .......... .......... 33% 30.8M 1s
  9900K .......... .......... .......... .......... .......... 33%  122M 1s
  9950K .......... .......... .......... .......... .......... 33% 10.4M 1s
 10000K .......... .......... .......... .......... .......... 33% 32.7M 1s
 10050K .......... .......... .......... .......... .......... 33% 77.5M 1s
 10100K .......... .......... .......... .......... .......... 34%  120M 1s
 10150K .......... .......... .......... .......... .......... 34% 88.2M 1s
 10200K .......... .......... .......... .......... .......... 34% 15.6M 1s
 10250K .......... .......... .......... .......... .......... 34% 34.8M 1s
 10300K .......... .......... .......... .......... .......... 34% 34.5M 1s
 10350K .......... .......... .......... .......... .......... 34%  111M 1s
 10400K .......... .......... .......... .......... .......... 35% 29.9M 1s
 10450K .......... .......... .......... .......... .......... 35% 25.9M 1s
 10500K .......... .......... .......... .......... .......... 35% 49.2M 1s
 10550K .......... .......... .......... .......... .......... 35% 57.0M 1s
 10600K .......... .......... .......... .......... .......... 35% 27.2M 1s
 10650K .......... .......... .......... .......... .......... 35% 76.8M 1s
 10700K .......... .......... .......... .......... .......... 36% 66.0M 1s
 10750K .......... .......... .......... .......... .......... 36% 41.4M 1s
 10800K .......... .......... .......... .......... .......... 36% 48.5M 1s
 10850K .......... .......... .......... .......... .......... 36% 26.3M 1s
 10900K .......... .......... .......... .......... .......... 36%  111M 1s
 10950K .......... .......... .......... .......... .......... 36% 49.7M 1s
 11000K .......... .......... .......... .......... .......... 37%  118M 1s
 11050K .......... .......... .......... .......... .......... 37%  117M 1s
 11100K .......... .......... .......... .......... .......... 37%  102M 1s
 11150K .......... .......... .......... .......... .......... 37%  102M 1s
 11200K .......... .......... .......... .......... .......... 37%  113M 1s
 11250K .......... .......... .......... .......... .......... 37%  116M 1s
 11300K .......... .......... .......... .......... .......... 38%  101M 1s
 11350K .......... .......... .......... .......... .......... 38%  113M 1s
 11400K .......... .......... .......... .......... .......... 38%  116M 1s
 11450K .......... .......... .......... .......... .......... 38%  115M 1s
 11500K .......... .......... .......... .......... .......... 38%  146M 1s
 11550K .......... .......... .......... .......... .......... 38% 46.7M 1s
 11600K .......... .......... .......... .......... .......... 39% 64.2M 1s
 11650K .......... .......... .......... .......... .......... 39% 46.3M 1s
 11700K .......... .......... .......... .......... .......... 39%  123M 1s
 11750K .......... .......... .......... .......... .......... 39% 21.1M 1s
 11800K .......... .......... .......... .......... .......... 39% 2.44M 1s
 11850K .......... .......... .......... .......... .......... 39% 77.4M 1s
 11900K .......... .......... .......... .......... .......... 40%  127M 1s
 11950K .......... .......... .......... .......... .......... 40%  116M 1s
 12000K .......... .......... .......... .......... .......... 40%  116M 1s
 12050K .......... .......... .......... .......... .......... 40%  100M 1s
 12100K .......... .......... .......... .......... .......... 40%  127M 1s
 12150K .......... .......... .......... .......... .......... 40%  111M 1s
 12200K .......... .......... .......... .......... .......... 41% 97.0M 1s
 12250K .......... .......... .......... .......... .......... 41%  103M 1s
 12300K .......... .......... .......... .......... .......... 41%  125M 1s
 12350K .......... .......... .......... .......... .......... 41%  107M 1s
 12400K .......... .......... .......... .......... .......... 41%  122M 1s
 12450K .......... .......... .......... .......... .......... 41%  116M 1s
 12500K .......... .......... .......... .......... .......... 42%  108M 1s
 12550K .......... .......... .......... .......... .......... 42%  113M 1s
 12600K .......... .......... .......... .......... .......... 42%  122M 1s
 12650K .......... .......... .......... .......... .......... 42% 90.9M 1s
 12700K .......... .......... .......... .......... .......... 42%  119M 1s
 12750K .......... .......... .......... .......... .......... 42%  109M 1s
 12800K .......... .......... .......... .......... .......... 43% 22.3M 1s
 12850K .......... .......... .......... .......... .......... 43% 14.8M 1s
 12900K .......... .......... .......... .......... .......... 43%  110M 1s
 12950K .......... .......... .......... .......... .......... 43% 63.2M 1s
 13000K .......... .......... .......... .......... .......... 43%  123M 1s
 13050K .......... .......... .......... .......... .......... 43% 60.9M 1s
 13100K .......... .......... .......... .......... .......... 44%  121M 1s
 13150K .......... .......... .......... .......... .......... 44%  101M 1s
 13200K .......... .......... .......... .......... .......... 44%  117M 1s
 13250K .......... .......... .......... .......... .......... 44%  114M 1s
 13300K .......... .......... .......... .......... .......... 44%  115M 1s
 13350K .......... .......... .......... .......... .......... 44% 35.8M 1s
 13400K .......... .......... .......... .......... .......... 45% 93.9M 1s
 13450K .......... .......... .......... .......... .......... 45%  103M 1s
 13500K .......... .......... .......... .......... .......... 45% 47.5M 1s
 13550K .......... .......... .......... .......... .......... 45% 65.6M 1s
 13600K .......... .......... .......... .......... .......... 45% 49.4M 1s
 13650K .......... .......... .......... .......... .......... 45% 58.0M 1s
 13700K .......... .......... .......... .......... .......... 46%  120M 1s
 13750K .......... .......... .......... .......... .......... 46%  105M 1s
 13800K .......... .......... .......... .......... .......... 46% 79.2M 1s
 13850K .......... .......... .......... .......... .......... 46% 97.1M 1s
 13900K .......... .......... .......... .......... .......... 46%  124M 1s
 13950K .......... .......... .......... .......... .......... 46%  129M 1s
 14000K .......... .......... .......... .......... .......... 47%  108M 1s
 14050K .......... .......... .......... .......... .......... 47%  111M 1s
 14100K .......... .......... .......... .......... .......... 47% 97.2M 1s
 14150K .......... .......... .......... .......... .......... 47%  120M 1s
 14200K .......... .......... .......... .......... .......... 47%  116M 1s
 14250K .......... .......... .......... .......... .......... 48%  106M 1s
 14300K .......... .......... .......... .......... .......... 48%  110M 1s
 14350K .......... .......... .......... .......... .......... 48% 1.89M 1s
 14400K .......... .......... .......... .......... .......... 48% 28.8M 1s
 14450K .......... .......... .......... .......... .......... 48%  107M 1s
 14500K .......... .......... .......... .......... .......... 48%  135M 1s
 14550K .......... .......... .......... .......... .......... 49% 22.9M 1s
 14600K .......... .......... .......... .......... .......... 49%  112M 1s
 14650K .......... .......... .......... .......... .......... 49% 90.2M 1s
 14700K .......... .......... .......... .......... .......... 49% 89.0M 1s
 14750K .......... .......... .......... .......... .......... 49% 75.2M 1s
 14800K .......... .......... .......... .......... .......... 49%  130M 1s
 14850K .......... .......... .......... .......... .......... 50%  122M 1s
 14900K .......... .......... .......... .......... .......... 50%  104M 1s
 14950K .......... .......... .......... .......... .......... 50%  130M 1s
 15000K .......... .......... .......... .......... .......... 50%  114M 1s
 15050K .......... .......... .......... .......... .......... 50% 14.8M 1s
 15100K .......... .......... .......... .......... .......... 50% 89.6M 1s
 15150K .......... .......... .......... .......... .......... 51% 98.3M 1s
 15200K .......... .......... .......... .......... .......... 51%  123M 1s
 15250K .......... .......... .......... .......... .......... 51%  119M 1s
 15300K .......... .......... .......... .......... .......... 51%  113M 1s
 15350K .......... .......... .......... .......... .......... 51%  104M 1s
 15400K .......... .......... .......... .......... .......... 51% 89.5M 1s
 15450K .......... .......... .......... .......... .......... 52%  113M 1s
 15500K .......... .......... .......... .......... .......... 52%  106M 1s
 15550K .......... .......... .......... .......... .......... 52%  136M 1s
 15600K .......... .......... .......... .......... .......... 52%  146M 1s
 15650K .......... .......... .......... .......... .......... 52%  112M 1s
 15700K .......... .......... .......... .......... .......... 52%  108M 1s
 15750K .......... .......... .......... .......... .......... 53% 55.8M 1s
 15800K .......... .......... .......... .......... .......... 53% 97.5M 1s
 15850K .......... .......... .......... .......... .......... 53% 95.6M 1s
 15900K .......... .......... .......... .......... .......... 53% 67.3M 1s
 15950K .......... .......... .......... .......... .......... 53% 24.3M 1s
 16000K .......... .......... .......... .......... .......... 53%  137M 1s
 16050K .......... .......... .......... .......... .......... 54% 74.0M 1s
 16100K .......... .......... .......... .......... .......... 54%  151M 1s
 16150K .......... .......... .......... .......... .......... 54%  135M 1s
 16200K .......... .......... .......... .......... .......... 54%  113M 1s
 16250K .......... .......... .......... .......... .......... 54% 91.7M 1s
 16300K .......... .......... .......... .......... .......... 54%  115M 1s
 16350K .......... .......... .......... .......... .......... 55%  132M 1s
 16400K .......... .......... .......... .......... .......... 55%  113M 1s
 16450K .......... .......... .......... .......... .......... 55%  108M 1s
 16500K .......... .......... .......... .......... .......... 55%  107M 1s
 16550K .......... .......... .......... .......... .......... 55%  132M 1s
 16600K .......... .......... .......... .......... .......... 55% 88.2M 1s
 16650K .......... .......... .......... .......... .......... 56%  122M 1s
 16700K .......... .......... .......... .......... .......... 56%  114M 1s
 16750K .......... .......... .......... .......... .......... 56%  109M 1s
 16800K .......... .......... .......... .......... .......... 56%  119M 1s
 16850K .......... .......... .......... .......... .......... 56% 99.7M 0s
 16900K .......... .......... .......... .......... .......... 56% 2.43M 1s
 16950K .......... .......... .......... .......... .......... 57% 3.62M 1s
 17000K .......... .......... .......... .......... .......... 57% 89.8M 1s
 17050K .......... .......... .......... .......... .......... 57% 30.4M 1s
 17100K .......... .......... .......... .......... .......... 57% 51.3M 1s
 17150K .......... .......... .......... .......... .......... 57% 40.6M 1s
 17200K .......... .......... .......... .......... .......... 57% 32.0M 1s
 17250K .......... .......... .......... .......... .......... 58% 39.8M 0s
 17300K .......... .......... .......... .......... .......... 58% 20.1M 0s
 17350K .......... .......... .......... .......... .......... 58% 21.7M 0s
 17400K .......... .......... .......... .......... .......... 58% 13.4M 0s
 17450K .......... .......... .......... .......... .......... 58% 13.4M 0s
 17500K .......... .......... .......... .......... .......... 58% 21.4M 0s
 17550K .......... .......... .......... .......... .......... 59% 71.2M 0s
 17600K .......... .......... .......... .......... .......... 59% 61.1M 0s
 17650K .......... .......... .......... .......... .......... 59% 91.0M 0s
 17700K .......... .......... .......... .......... .......... 59%  114M 0s
 17750K .......... .......... .......... .......... .......... 59%  127M 0s
 17800K .......... .......... .......... .......... .......... 59%  108M 0s
 17850K .......... .......... .......... .......... .......... 60% 97.6M 0s
 17900K .......... .......... .......... .......... .......... 60% 74.4M 0s
 17950K .......... .......... .......... .......... .......... 60%  151M 0s
 18000K .......... .......... .......... .......... .......... 60%  136M 0s
 18050K .......... .......... .......... .......... .......... 60%  141M 0s
 18100K .......... .......... .......... .......... .......... 60%  106M 0s
 18150K .......... .......... .......... .......... .......... 61%  112M 0s
 18200K .......... .......... .......... .......... .......... 61%  115M 0s
 18250K .......... .......... .......... .......... .......... 61%  118M 0s
 18300K .......... .......... .......... .......... .......... 61%  118M 0s
 18350K .......... .......... .......... .......... .......... 61% 98.5M 0s
 18400K .......... .......... .......... .......... .......... 61% 86.4M 0s
 18450K .......... .......... .......... .......... .......... 62%  108M 0s
 18500K .......... .......... .......... .......... .......... 62%  137M 0s
 18550K .......... .......... .......... .......... .......... 62%  123M 0s
 18600K .......... .......... .......... .......... .......... 62%  123M 0s
 18650K .......... .......... .......... .......... .......... 62%  110M 0s
 18700K .......... .......... .......... .......... .......... 62%  113M 0s
 18750K .......... .......... .......... .......... .......... 63%  114M 0s
 18800K .......... .......... .......... .......... .......... 63%  114M 0s
 18850K .......... .......... .......... .......... .......... 63% 43.1M 0s
 18900K .......... .......... .......... .......... .......... 63%  102M 0s
 18950K .......... .......... .......... .......... .......... 63%  122M 0s
 19000K .......... .......... .......... .......... .......... 63%  110M 0s
 19050K .......... .......... .......... .......... .......... 64% 55.3M 0s
 19100K .......... .......... .......... .......... .......... 64% 99.7M 0s
 19150K .......... .......... .......... .......... .......... 64%  113M 0s
 19200K .......... .......... .......... .......... .......... 64%  122M 0s
 19250K .......... .......... .......... .......... .......... 64%  108M 0s
 19300K .......... .......... .......... .......... .......... 64%  109M 0s
 19350K .......... .......... .......... .......... .......... 65%  116M 0s
 19400K .......... .......... .......... .......... .......... 65% 17.0M 0s
 19450K .......... .......... .......... .......... .......... 65% 54.4M 0s
 19500K .......... .......... .......... .......... .......... 65% 2.27M 0s
 19550K .......... .......... .......... .......... .......... 65%  116M 0s
 19600K .......... .......... .......... .......... .......... 65%  113M 0s
 19650K .......... .......... .......... .......... .......... 66%  120M 0s
 19700K .......... .......... .......... .......... .......... 66%  115M 0s
 19750K .......... .......... .......... .......... .......... 66% 94.4M 0s
 19800K .......... .......... .......... .......... .......... 66% 75.0M 0s
 19850K .......... .......... .......... .......... .......... 66%  143M 0s
 19900K .......... .......... .......... .......... .......... 66% 60.1M 0s
 19950K .......... .......... .......... .......... .......... 67% 78.7M 0s
 20000K .......... .......... .......... .......... .......... 67% 76.4M 0s
 20050K .......... .......... .......... .......... .......... 67% 81.3M 0s
 20100K .......... .......... .......... .......... .......... 67%  103M 0s
 20150K .......... .......... .......... .......... .......... 67%  122M 0s
 20200K .......... .......... .......... .......... .......... 67%  136M 0s
 20250K .......... .......... .......... .......... .......... 68%  106M 0s
 20300K .......... .......... .......... .......... .......... 68%  115M 0s
 20350K .......... .......... .......... .......... .......... 68%  128M 0s
 20400K .......... .......... .......... .......... .......... 68%  115M 0s
 20450K .......... .......... .......... .......... .......... 68%  126M 0s
 20500K .......... .......... .......... .......... .......... 68%  138M 0s
 20550K .......... .......... .......... .......... .......... 69% 93.4M 0s
 20600K .......... .......... .......... .......... .......... 69%  140M 0s
 20650K .......... .......... .......... .......... .......... 69% 90.6M 0s
 20700K .......... .......... .......... .......... .......... 69%  138M 0s
 20750K .......... .......... .......... .......... .......... 69% 67.1M 0s
 20800K .......... .......... .......... .......... .......... 69%  104M 0s
 20850K .......... .......... .......... .......... .......... 70% 51.3M 0s
 20900K .......... .......... .......... .......... .......... 70%  105M 0s
 20950K .......... .......... .......... .......... .......... 70%  122M 0s
 21000K .......... .......... .......... .......... .......... 70%  109M 0s
 21050K .......... .......... .......... .......... .......... 70% 88.4M 0s
 21100K .......... .......... .......... .......... .......... 71%  102M 0s
 21150K .......... .......... .......... .......... .......... 71%  124M 0s
 21200K .......... .......... .......... .......... .......... 71%  106M 0s
 21250K .......... .......... .......... .......... .......... 71% 69.2M 0s
 21300K .......... .......... .......... .......... .......... 71%  114M 0s
 21350K .......... .......... .......... .......... .......... 71% 60.8M 0s
 21400K .......... .......... .......... .......... .......... 72% 52.8M 0s
 21450K .......... .......... .......... .......... .......... 72% 78.1M 0s
 21500K .......... .......... .......... .......... .......... 72%  115M 0s
 21550K .......... .......... .......... .......... .......... 72% 46.3M 0s
 21600K .......... .......... .......... .......... .......... 72%  132M 0s
 21650K .......... .......... .......... .......... .......... 72%  114M 0s
 21700K .......... .......... .......... .......... .......... 73% 87.1M 0s
 21750K .......... .......... .......... .......... .......... 73%  113M 0s
 21800K .......... .......... .......... .......... .......... 73%  103M 0s
 21850K .......... .......... .......... .......... .......... 73% 95.9M 0s
 21900K .......... .......... .......... .......... .......... 73%  114M 0s
 21950K .......... .......... .......... .......... .......... 73%  165M 0s
 22000K .......... .......... .......... .......... .......... 74% 98.0M 0s
 22050K .......... .......... .......... .......... .......... 74% 2.44M 0s
 22100K .......... .......... .......... .......... .......... 74% 2.90M 0s
 22150K .......... .......... .......... .......... .......... 74% 73.4M 0s
 22200K .......... .......... .......... .......... .......... 74%  123M 0s
 22250K .......... .......... .......... .......... .......... 74% 70.9M 0s
 22300K .......... .......... .......... .......... .......... 75% 59.0M 0s
 22350K .......... .......... .......... .......... .......... 75%  106M 0s
 22400K .......... .......... .......... .......... .......... 75%  129M 0s
 22450K .......... .......... .......... .......... .......... 75%  124M 0s
 22500K .......... .......... .......... .......... .......... 75%  106M 0s
 22550K .......... .......... .......... .......... .......... 75%  105M 0s
 22600K .......... .......... .......... .......... .......... 76%  131M 0s
 22650K .......... .......... .......... .......... .......... 76%  119M 0s
 22700K .......... .......... .......... .......... .......... 76%  107M 0s
 22750K .......... .......... .......... .......... .......... 76%  127M 0s
 22800K .......... .......... .......... .......... .......... 76% 88.2M 0s
 22850K .......... .......... .......... .......... .......... 76% 70.8M 0s
 22900K .......... .......... .......... .......... .......... 77% 80.5M 0s
 22950K .......... .......... .......... .......... .......... 77% 32.3M 0s
 23000K .......... .......... .......... .......... .......... 77%  117M 0s
 23050K .......... .......... .......... .......... .......... 77%  126M 0s
 23100K .......... .......... .......... .......... .......... 77%  108M 0s
 23150K .......... .......... .......... .......... .......... 77%  100M 0s
 23200K .......... .......... .......... .......... .......... 78%  106M 0s
 23250K .......... .......... .......... .......... .......... 78% 95.1M 0s
 23300K .......... .......... .......... .......... .......... 78%  143M 0s
 23350K .......... .......... .......... .......... .......... 78% 98.7M 0s
 23400K .......... .......... .......... .......... .......... 78%  107M 0s
 23450K .......... .......... .......... .......... .......... 78%  154M 0s
 23500K .......... .......... .......... .......... .......... 79%  106M 0s
 23550K .......... .......... .......... .......... .......... 79%  123M 0s
 23600K .......... .......... .......... .......... .......... 79% 93.9M 0s
 23650K .......... .......... .......... .......... .......... 79% 84.9M 0s
 23700K .......... .......... .......... .......... .......... 79%  142M 0s
 23750K .......... .......... .......... .......... .......... 79%  150M 0s
 23800K .......... .......... .......... .......... .......... 80% 94.8M 0s
 23850K .......... .......... .......... .......... .......... 80%  113M 0s
 23900K .......... .......... .......... .......... .......... 80%  118M 0s
 23950K .......... .......... .......... .......... .......... 80%  121M 0s
 24000K .......... .......... .......... .......... .......... 80%  117M 0s
 24050K .......... .......... .......... .......... .......... 80% 98.0M 0s
 24100K .......... .......... .......... .......... .......... 81%  123M 0s
 24150K .......... .......... .......... .......... .......... 81%  108M 0s
 24200K .......... .......... .......... .......... .......... 81%  128M 0s
 24250K .......... .......... .......... .......... .......... 81%  108M 0s
 24300K .......... .......... .......... .......... .......... 81%  103M 0s
 24350K .......... .......... .......... .......... .......... 81%  104M 0s
 24400K .......... .......... .......... .......... .......... 82%  112M 0s
 24450K .......... .......... .......... .......... .......... 82% 99.5M 0s
 24500K .......... .......... .......... .......... .......... 82%  132M 0s
 24550K .......... .......... .......... .......... .......... 82%  128M 0s
 24600K .......... .......... .......... .......... .......... 82%  109M 0s
 24650K .......... .......... .......... .......... .......... 82% 1.23M 0s
 24700K .......... .......... .......... .......... .......... 83% 43.9M 0s
 24750K .......... .......... .......... .......... .......... 83% 28.9M 0s
 24800K .......... .......... .......... .......... .......... 83% 97.2M 0s
 24850K .......... .......... .......... .......... .......... 83%  119M 0s
 24900K .......... .......... .......... .......... .......... 83% 14.8M 0s
 24950K .......... .......... .......... .......... .......... 83% 24.9M 0s
 25000K .......... .......... .......... .......... .......... 84% 86.5M 0s
 25050K .......... .......... .......... .......... .......... 84% 87.1M 0s
 25100K .......... .......... .......... .......... .......... 84%  121M 0s
 25150K .......... .......... .......... .......... .......... 84%  125M 0s
 25200K .......... .......... .......... .......... .......... 84% 97.1M 0s
 25250K .......... .......... .......... .......... .......... 84%  158M 0s
 25300K .......... .......... .......... .......... .......... 85% 45.5M 0s
 25350K .......... .......... .......... .......... .......... 85%  122M 0s
 25400K .......... .......... .......... .......... .......... 85%  104M 0s
 25450K .......... .......... .......... .......... .......... 85% 99.1M 0s
 25500K .......... .......... .......... .......... .......... 85%  120M 0s
 25550K .......... .......... .......... .......... .......... 85% 72.8M 0s
 25600K .......... .......... .......... .......... .......... 86% 88.0M 0s
 25650K .......... .......... .......... .......... .......... 86% 88.1M 0s
 25700K .......... .......... .......... .......... .......... 86%  125M 0s
 25750K .......... .......... .......... .......... .......... 86% 20.1M 0s
 25800K .......... .......... .......... .......... .......... 86% 99.6M 0s
 25850K .......... .......... .......... .......... .......... 86%  121M 0s
 25900K .......... .......... .......... .......... .......... 87%  110M 0s
 25950K .......... .......... .......... .......... .......... 87%  122M 0s
 26000K .......... .......... .......... .......... .......... 87% 88.2M 0s
 26050K .......... .......... .......... .......... .......... 87%  122M 0s
 26100K .......... .......... .......... .......... .......... 87%  112M 0s
 26150K .......... .......... .......... .......... .......... 87% 17.1M 0s
 26200K .......... .......... .......... .......... .......... 88%  119M 0s
 26250K .......... .......... .......... .......... .......... 88% 98.4M 0s
 26300K .......... .......... .......... .......... .......... 88%  118M 0s
 26350K .......... .......... .......... .......... .......... 88%  108M 0s
 26400K .......... .......... .......... .......... .......... 88%  126M 0s
 26450K .......... .......... .......... .......... .......... 88%  110M 0s
 26500K .......... .......... .......... .......... .......... 89%  119M 0s
 26550K .......... .......... .......... .......... .......... 89% 96.1M 0s
 26600K .......... .......... .......... .......... .......... 89%  116M 0s
 26650K .......... .......... .......... .......... .......... 89%  109M 0s
 26700K .......... .......... .......... .......... .......... 89%  115M 0s
 26750K .......... .......... .......... .......... .......... 89%  100M 0s
 26800K .......... .......... .......... .......... .......... 90%  117M 0s
 26850K .......... .......... .......... .......... .......... 90%  115M 0s
 26900K .......... .......... .......... .......... .......... 90%  113M 0s
 26950K .......... .......... .......... .......... .......... 90%  118M 0s
 27000K .......... .......... .......... .......... .......... 90%  107M 0s
 27050K .......... .......... .......... .......... .......... 90%  124M 0s
 27100K .......... .......... .......... .......... .......... 91%  111M 0s
 27150K .......... .......... .......... .......... .......... 91% 93.9M 0s
 27200K .......... .......... .......... .......... .......... 91% 3.91M 0s
 27250K .......... .......... .......... .......... .......... 91% 2.81M 0s
 27300K .......... .......... .......... .......... .......... 91%  109M 0s
 27350K .......... .......... .......... .......... .......... 91% 23.9M 0s
 27400K .......... .......... .......... .......... .......... 92%  128M 0s
 27450K .......... .......... .......... .......... .......... 92%  104M 0s
 27500K .......... .......... .......... .......... .......... 92% 96.7M 0s
 27550K .......... .......... .......... .......... .......... 92% 80.7M 0s
 27600K .......... .......... .......... .......... .......... 92% 90.8M 0s
 27650K .......... .......... .......... .......... .......... 92%  149M 0s
 27700K .......... .......... .......... .......... .......... 93%  125M 0s
 27750K .......... .......... .......... .......... .......... 93%  119M 0s
 27800K .......... .......... .......... .......... .......... 93%  150M 0s
 27850K .......... .......... .......... .......... .......... 93%  112M 0s
 27900K .......... .......... .......... .......... .......... 93%  124M 0s
 27950K .......... .......... .......... .......... .......... 93%  123M 0s
 28000K .......... .......... .......... .......... .......... 94%  114M 0s
 28050K .......... .......... .......... .......... .......... 94% 72.3M 0s
 28100K .......... .......... .......... .......... .......... 94%  134M 0s
 28150K .......... .......... .......... .......... .......... 94%  110M 0s
 28200K .......... .......... .......... .......... .......... 94%  117M 0s
 28250K .......... .......... .......... .......... .......... 95%  129M 0s
 28300K .......... .......... .......... .......... .......... 95%  120M 0s
 28350K .......... .......... .......... .......... .......... 95%  121M 0s
 28400K .......... .......... .......... .......... .......... 95%  111M 0s
 28450K .......... .......... .......... .......... .......... 95%  106M 0s
 28500K .......... .......... .......... .......... .......... 95% 99.2M 0s
 28550K .......... .......... .......... .......... .......... 96%  113M 0s
 28600K .......... .......... .......... .......... .......... 96%  106M 0s
 28650K .......... .......... .......... .......... .......... 96%  146M 0s
 28700K .......... .......... .......... .......... .......... 96%  122M 0s
 28750K .......... .......... .......... .......... .......... 96% 84.9M 0s
 28800K .......... .......... .......... .......... .......... 96%  115M 0s
 28850K .......... .......... .......... .......... .......... 97%  118M 0s
 28900K .......... .......... .......... .......... .......... 97%  120M 0s
 28950K .......... .......... .......... .......... .......... 97%  109M 0s
 29000K .......... .......... .......... .......... .......... 97% 29.7M 0s
 29050K .......... .......... .......... .......... .......... 97%  122M 0s
 29100K .......... .......... .......... .......... .......... 97% 94.3M 0s
 29150K .......... .......... .......... .......... .......... 98%  129M 0s
 29200K .......... .......... .......... .......... .......... 98%  109M 0s
 29250K .......... .......... .......... .......... .......... 98%  113M 0s
 29300K .......... .......... .......... .......... .......... 98%  105M 0s
 29350K .......... .......... .......... .......... .......... 98%  118M 0s
 29400K .......... .......... .......... .......... .......... 98%  121M 0s
 29450K .......... .......... .......... .......... .......... 99%  111M 0s
 29500K .......... .......... .......... .......... .......... 99%  111M 0s
 29550K .......... .......... .......... .......... .......... 99% 99.8M 0s
 29600K .......... .......... .......... .......... .......... 99%  110M 0s
 29650K .......... .......... .......... .......... .......... 99%  115M 0s
 29700K .......... .......... .......... .......... .......... 99% 95.8M 0s
 29750K .......... .......... .......... ........             100%  136M=1.0s

2020-12-16 05:15:45 (30.2 MB/s) - `/tmp/firefox-28.0.tar.bz2' saved [30503247/30503247]


travis_time:end:11668957:start=1608095743052986668,finish=1608095745566252864,duration=2513266196[0K$ export PATH=$HOME/firefox-28.0/firefox:$PATH
travis_fold:end:install_firefox[0Ktravis_fold:start:postgresql[0K[33;1mStarting PostgreSQL v9.3[0m
travis_time:start:024b2b9a[0K$ sudo service postgresql stop
 * Stopping PostgreSQL 9.1 database server
   ...done.
 * Stopping PostgreSQL 9.2 database server
   ...done.
 * Stopping PostgreSQL 9.3 database server
   ...done.
 * Stopping PostgreSQL 9.4 database server
   ...done.

travis_time:end:024b2b9a:start=1608095749774098791,finish=1608095762749533348,duration=12975434557[0Ktravis_time:start:04267ad2[0K$ sudo service postgresql start 9.3
 * Starting PostgreSQL 9.3 database server
   ...done.

travis_time:end:04267ad2:start=1608095762760387250,finish=1608095765474755366,duration=2714368116[0Ktravis_time:start:1a090720[0K$ sudo -u postgres createuser -s -p 5432 travis &>/dev/null

travis_time:end:1a090720:start=1608095765486498757,finish=1608095765656162379,duration=169663622[0Ktravis_time:start:0e78d750[0K$ sudo -u postgres createdb -O travis -p 5432 travis &>/dev/null

travis_time:end:0e78d750:start=1608095765667449831,finish=1608095765960273543,duration=292823712[0Ktravis_time:start:0cdfa34b[0K$ sudo -u postgres createuser -s -p 5433 travis &>/dev/null

travis_time:end:0cdfa34b:start=1608095765970801925,finish=1608095766027012400,duration=56210475[0Ktravis_time:start:02171498[0K$ sudo -u postgres createdb -O travis -p 5433 travis &>/dev/null

travis_time:end:02171498:start=1608095766037236219,finish=1608095766092894923,duration=55658704[0Ktravis_fold:end:postgresql[0Ktravis_time:start:03d6bf10[0K$ source ~/virtualenv/python2.7/bin/activate

travis_time:end:03d6bf10:start=1608095766111389915,finish=1608095766122197982,duration=10808067[0K$ python --version
Python 2.7.9
$ pip --version
pip 6.0.7 from /home/travis/virtualenv/python2.7.9/lib/python2.7/site-packages (python 2.7)
travis_fold:start:before_install.1[0Ktravis_time:start:0cf0cc88[0K$ export DISPLAY=:99.0

travis_time:end:0cf0cc88:start=1608095766411200702,finish=1608095766420278038,duration=9077336[0Ktravis_fold:end:before_install.1[0Ktravis_fold:start:before_install.2[0Ktravis_time:start:21c410be[0K$ sh -e /etc/init.d/xvfb start
Starting virtual X frame buffer: Xvfb.

travis_time:end:21c410be:start=1608095766430402381,finish=1608095766582027308,duration=151624927[0Ktravis_fold:end:before_install.2[0Ktravis_fold:start:install[0Ktravis_time:start:27ddd713[0K$ ./bootstrap.py
Using real prefix '/opt/python/2.7.9'
New python executable in /home/travis/build/failed/ccnmtl/dmt/ve/bin/python
Installing setuptools, pip...done.
Collecting wheel==0.24.0
  Retrying (Retry(total=4, connect=None, read=None, redirect=None)) after connection broken by 'ProtocolError('Connection aborted.', gaierror(-2, 'Name or service not known'))': /wheel/
  Retrying (Retry(total=3, connect=None, read=None, redirect=None)) after connection broken by 'ProtocolError('Connection aborted.', gaierror(-2, 'Name or service not known'))': /wheel/
  Retrying (Retry(total=2, connect=None, read=None, redirect=None)) after connection broken by 'ProtocolError('Connection aborted.', gaierror(-2, 'Name or service not known'))': /wheel/
  Retrying (Retry(total=1, connect=None, read=None, redirect=None)) after connection broken by 'ProtocolError('Connection aborted.', gaierror(-2, 'Name or service not known'))': /wheel/
  Retrying (Retry(total=0, connect=None, read=None, redirect=None)) after connection broken by 'ProtocolError('Connection aborted.', gaierror(-2, 'Name or service not known'))': /wheel/
  DEPRECATION: Failed to find 'wheel' at https://pypi.ccnmtl.columbia.edu/wheel/. It is suggested to upgrade your index to support normalized names as the name in /simple/{name}.
  Retrying (Retry(total=4, connect=None, read=None, redirect=None)) after connection broken by 'ProtocolError('Connection aborted.', gaierror(-2, 'Name or service not known'))': /
  Retrying (Retry(total=3, connect=None, read=None, redirect=None)) after connection broken by 'ProtocolError('Connection aborted.', gaierror(-2, 'Name or service not known'))': /
  Retrying (Retry(total=2, connect=None, read=None, redirect=None)) after connection broken by 'ProtocolError('Connection aborted.', gaierror(-2, 'Name or service not known'))': /
  Retrying (Retry(total=1, connect=None, read=None, redirect=None)) after connection broken by 'ProtocolError('Connection aborted.', gaierror(-2, 'Name or service not known'))': /
  Retrying (Retry(total=0, connect=None, read=None, redirect=None)) after connection broken by 'ProtocolError('Connection aborted.', gaierror(-2, 'Name or service not known'))': /
  Cannot fetch index base URL https://pypi.ccnmtl.columbia.edu/
  Retrying (Retry(total=4, connect=None, read=None, redirect=None)) after connection broken by 'ProtocolError('Connection aborted.', gaierror(-2, 'Name or service not known'))': /wheel/
  Retrying (Retry(total=3, connect=None, read=None, redirect=None)) after connection broken by 'ProtocolError('Connection aborted.', gaierror(-2, 'Name or service not known'))': /wheel/
  Retrying (Retry(total=2, connect=None, read=None, redirect=None)) after connection broken by 'ProtocolError('Connection aborted.', gaierror(-2, 'Name or service not known'))': /wheel/
  Retrying (Retry(total=1, connect=None, read=None, redirect=None)) after connection broken by 'ProtocolError('Connection aborted.', gaierror(-2, 'Name or service not known'))': /wheel/
  Retrying (Retry(total=0, connect=None, read=None, redirect=None)) after connection broken by 'ProtocolError('Connection aborted.', gaierror(-2, 'Name or service not known'))': /wheel/
  Could not find a version that satisfies the requirement wheel==0.24.0 (from versions: )
No matching distribution found for wheel==0.24.0

travis_time:end:27ddd713:start=1608095766594258293,finish=1608095794493661912,duration=27899403619[0K
[31;1mThe command "./bootstrap.py" failed and exited with 1 during .[0m

Your build has been stopped.
