travis_fold:start:system_info[0K[33;1mBuild system information[0m
Build language: python
Build id: ''
Job id: ''
[34m[1mBuild image provisioning date and time[0m
Thu Feb  5 15:09:33 UTC 2015
[34m[1mOperating System Details[0m
Distributor ID:	Ubuntu
Description:	Ubuntu 12.04.5 LTS
Release:	12.04
Codename:	precise
[34m[1mLinux Version[0m
3.13.0-29-generic
[34m[1mCookbooks Version[0m
a68419e https://github.com/travis-ci/travis-cookbooks/tree/a68419e
[34m[1mGCC version[0m
gcc (Ubuntu/Linaro 4.6.3-1ubuntu5) 4.6.3
Copyright (C) 2011 Free Software Foundation, Inc.
This is free software; see the source for copying conditions.  There is NO
warranty; not even for MERCHANTABILITY or FITNESS FOR A PARTICULAR PURPOSE.

[34m[1mLLVM version[0m
clang version 3.4 (tags/RELEASE_34/final)
Target: x86_64-unknown-linux-gnu
Thread model: posix
[34m[1mPre-installed Ruby versions[0m
ruby-1.9.3-p551
[34m[1mPre-installed Node.js versions[0m
v0.10.36
[34m[1mPre-installed Go versions[0m
1.4.1
[34m[1mRedis version[0m
redis-server 2.8.19
[34m[1mriak version[0m
2.0.2
[34m[1mMongoDB version[0m
MongoDB 2.4.12
[34m[1mCouchDB version[0m
couchdb 1.6.1
[34m[1mNeo4j version[0m
1.9.4
[34m[1mRabbitMQ Version[0m
3.4.3
[34m[1mElasticSearch version[0m
1.4.0
[34m[1mInstalled Sphinx versions[0m
2.0.10
2.1.9
2.2.6
[34m[1mDefault Sphinx version[0m
2.2.6
[34m[1mInstalled Firefox version[0m
firefox 31.0esr
[34m[1mPhantomJS version[0m
1.9.8
[34m[1mant -version[0m
Apache Ant(TM) version 1.8.2 compiled on December 3 2011
[34m[1mmvn -version[0m
Apache Maven 3.2.5 (12a6b3acb947671f09b81f49094c53f426d8cea1; 2014-12-14T17:29:23+00:00)
Maven home: /usr/local/maven
Java version: 1.7.0_76, vendor: Oracle Corporation
Java home: /usr/lib/jvm/java-7-oracle/jre
Default locale: en_US, platform encoding: ANSI_X3.4-1968
OS name: "linux", version: "3.13.0-29-generic", arch: "amd64", family: "unix"
travis_fold:end:system_info[0K
grep: /etc/apt/sources.list.d/*: No such file or directory
sed: cannot rename /etc/hosts: Device or resource busy
sed: cannot rename /etc/hosts: Device or resource busy
$ cd passed/ccnmtl/dmt
travis_fold:start:install_firefox[0K$ export FIREFOX_SOURCE_URL='https://download.mozilla.org/?product=firefox-28.0&lang=en-US&os=linux64'
[33;1mInstalling Firefox 28.0[0m
travis_time:start:22558bb2[0K$ wget -O /tmp/firefox-28.0.tar.bz2 $FIREFOX_SOURCE_URL
--2020-12-16 05:16:42--  https://download.mozilla.org/?product=firefox-28.0&lang=en-US&os=linux64
Resolving download.mozilla.org (download.mozilla.org)... 44.240.219.147, 52.35.254.181, 52.37.138.27
Connecting to download.mozilla.org (download.mozilla.org)|44.240.219.147|:443... connected.
HTTP request sent, awaiting response... 302 Found
Location: https://download-installer.cdn.mozilla.net/pub/firefox/releases/28.0/linux-x86_64/en-US/firefox-28.0.tar.bz2 [following]
--2020-12-16 05:16:42--  https://download-installer.cdn.mozilla.net/pub/firefox/releases/28.0/linux-x86_64/en-US/firefox-28.0.tar.bz2
Resolving download-installer.cdn.mozilla.net (download-installer.cdn.mozilla.net)... 13.224.26.58, 2600:9000:2164:8000:e:19d6:1546:5981, 2600:9000:2164:6400:e:19d6:1546:5981, ...
Connecting to download-installer.cdn.mozilla.net (download-installer.cdn.mozilla.net)|13.224.26.58|:443... connected.
HTTP request sent, awaiting response... 200 OK
Length: 30503247 (29M) [application/x-tar]
Saving to: `/tmp/firefox-28.0.tar.bz2'

     0K .......... .......... .......... .......... ..........  0% 2.05M 14s
    50K .......... .......... .......... .......... ..........  0% 2.17M 14s
   100K .......... .......... .......... .......... ..........  0% 2.72M 13s
   150K .......... .......... .......... .......... ..........  0% 5.25M 11s
   200K .......... .......... .......... .......... ..........  0% 6.70M 10s
   250K .......... .......... .......... .......... ..........  1% 8.33M 9s
   300K .......... .......... .......... .......... ..........  1% 8.41M 8s
   350K .......... .......... .......... .......... ..........  1% 9.76M 7s
   400K .......... .......... .......... .......... ..........  1% 11.7M 7s
   450K .......... .......... .......... .......... ..........  1% 10.1M 6s
   500K .......... .......... .......... .......... ..........  1% 17.8M 6s
   550K .......... .......... .......... .......... ..........  2% 21.5M 5s
   600K .......... .......... .......... .......... ..........  2% 20.0M 5s
   650K .......... .......... .......... .......... ..........  2% 24.4M 5s
   700K .......... .......... .......... .......... ..........  2% 19.4M 5s
   750K .......... .......... .......... .......... ..........  2% 22.5M 4s
   800K .......... .......... .......... .......... ..........  2% 28.7M 4s
   850K .......... .......... .......... .......... ..........  3% 22.2M 4s
   900K .......... .......... .......... .......... ..........  3% 36.8M 4s
   950K .......... .......... .......... .......... ..........  3% 25.4M 4s
  1000K .......... .......... .......... .......... ..........  3% 36.4M 4s
  1050K .......... .......... .......... .......... ..........  3% 25.9M 3s
  1100K .......... .......... .......... .......... ..........  3% 41.3M 3s
  1150K .......... .......... .......... .......... ..........  4% 30.5M 3s
  1200K .......... .......... .......... .......... ..........  4% 30.7M 3s
  1250K .......... .......... .......... .......... ..........  4% 50.3M 3s
  1300K .......... .......... .......... .......... ..........  4% 36.0M 3s
  1350K .......... .......... .......... .......... ..........  4% 45.8M 3s
  1400K .......... .......... .......... .......... ..........  4% 36.7M 3s
  1450K .......... .......... .......... .......... ..........  5% 71.8M 3s
  1500K .......... .......... .......... .......... ..........  5% 40.6M 3s
  1550K .......... .......... .......... .......... ..........  5% 49.8M 3s
  1600K .......... .......... .......... .......... ..........  5% 53.8M 2s
  1650K .......... .......... .......... .......... ..........  5% 72.8M 2s
  1700K .......... .......... .......... .......... ..........  5% 42.5M 2s
  1750K .......... .......... .......... .......... ..........  6% 64.3M 2s
  1800K .......... .......... .......... .......... ..........  6% 56.5M 2s
  1850K .......... .......... .......... .......... ..........  6% 89.6M 2s
  1900K .......... .......... .......... .......... ..........  6% 70.6M 2s
  1950K .......... .......... .......... .......... ..........  6% 45.2M 2s
  2000K .......... .......... .......... .......... ..........  6% 74.6M 2s
  2050K .......... .......... .......... .......... ..........  7% 64.3M 2s
  2100K .......... .......... .......... .......... ..........  7% 79.2M 2s
  2150K .......... .......... .......... .......... ..........  7% 72.1M 2s
  2200K .......... .......... .......... .......... ..........  7% 58.6M 2s
  2250K .......... .......... .......... .......... ..........  7% 76.8M 2s
  2300K .......... .......... .......... .......... ..........  7% 76.9M 2s
  2350K .......... .......... .......... .......... ..........  8% 86.6M 2s
  2400K .......... .......... .......... .......... ..........  8% 62.6M 2s
  2450K .......... .......... .......... .......... ..........  8% 22.3M 2s
  2500K .......... .......... .......... .......... ..........  8% 29.9M 2s
  2550K .......... .......... .......... .......... ..........  8% 12.9M 2s
  2600K .......... .......... .......... .......... ..........  8% 11.0M 2s
  2650K .......... .......... .......... .......... ..........  9% 29.4M 2s
  2700K .......... .......... .......... .......... ..........  9% 30.2M 2s
  2750K .......... .......... .......... .......... ..........  9% 40.1M 2s
  2800K .......... .......... .......... .......... ..........  9% 34.9M 2s
  2850K .......... .......... .......... .......... ..........  9% 37.9M 2s
  2900K .......... .......... .......... .......... ..........  9% 38.6M 2s
  2950K .......... .......... .......... .......... .......... 10% 28.1M 2s
  3000K .......... .......... .......... .......... .......... 10% 30.0M 2s
  3050K .......... .......... .......... .......... .......... 10% 37.4M 2s
  3100K .......... .......... .......... .......... .......... 10% 35.1M 2s
  3150K .......... .......... .......... .......... .......... 10% 34.8M 2s
  3200K .......... .......... .......... .......... .......... 10% 15.9M 2s
  3250K .......... .......... .......... .......... .......... 11% 27.7M 2s
  3300K .......... .......... .......... .......... .......... 11% 54.1M 1s
  3350K .......... .......... .......... .......... .......... 11% 53.8M 1s
  3400K .......... .......... .......... .......... .......... 11% 41.7M 1s
  3450K .......... .......... .......... .......... .......... 11% 31.8M 1s
  3500K .......... .......... .......... .......... .......... 11% 19.8M 1s
  3550K .......... .......... .......... .......... .......... 12% 88.7M 1s
  3600K .......... .......... .......... .......... .......... 12% 88.7M 1s
  3650K .......... .......... .......... .......... .......... 12%  126M 1s
  3700K .......... .......... .......... .......... .......... 12%  112M 1s
  3750K .......... .......... .......... .......... .......... 12%  127M 1s
  3800K .......... .......... .......... .......... .......... 12%  153M 1s
  3850K .......... .......... .......... .......... .......... 13%  119M 1s
  3900K .......... .......... .......... .......... .......... 13% 87.1M 1s
  3950K .......... .......... .......... .......... .......... 13%  107M 1s
  4000K .......... .......... .......... .......... .......... 13%  168M 1s
  4050K .......... .......... .......... .......... .......... 13% 82.1M 1s
  4100K .......... .......... .......... .......... .......... 13%  119M 1s
  4150K .......... .......... .......... .......... .......... 14%  114M 1s
  4200K .......... .......... .......... .......... .......... 14%  167M 1s
  4250K .......... .......... .......... .......... .......... 14%  104M 1s
  4300K .......... .......... .......... .......... .......... 14%  114M 1s
  4350K .......... .......... .......... .......... .......... 14%  107M 1s
  4400K .......... .......... .......... .......... .......... 14%  110M 1s
  4450K .......... .......... .......... .......... .......... 15%  116M 1s
  4500K .......... .......... .......... .......... .......... 15% 98.2M 1s
  4550K .......... .......... .......... .......... .......... 15% 97.5M 1s
  4600K .......... .......... .......... .......... .......... 15%  126M 1s
  4650K .......... .......... .......... .......... .......... 15%  143M 1s
  4700K .......... .......... .......... .......... .......... 15%  101M 1s
  4750K .......... .......... .......... .......... .......... 16%  120M 1s
  4800K .......... .......... .......... .......... .......... 16% 91.3M 1s
  4850K .......... .......... .......... .......... .......... 16%  110M 1s
  4900K .......... .......... .......... .......... .......... 16%  140M 1s
  4950K .......... .......... .......... .......... .......... 16% 76.4M 1s
  5000K .......... .......... .......... .......... .......... 16% 28.3M 1s
  5050K .......... .......... .......... .......... .......... 17%  117M 1s
  5100K .......... .......... .......... .......... .......... 17% 67.6M 1s
  5150K .......... .......... .......... .......... .......... 17%  116M 1s
  5200K .......... .......... .......... .......... .......... 17% 47.1M 1s
  5250K .......... .......... .......... .......... .......... 17%  120M 1s
  5300K .......... .......... .......... .......... .......... 17%  119M 1s
  5350K .......... .......... .......... .......... .......... 18%  112M 1s
  5400K .......... .......... .......... .......... .......... 18% 97.0M 1s
  5450K .......... .......... .......... .......... .......... 18%  109M 1s
  5500K .......... .......... .......... .......... .......... 18%  162M 1s
  5550K .......... .......... .......... .......... .......... 18%  105M 1s
  5600K .......... .......... .......... .......... .......... 18% 93.6M 1s
  5650K .......... .......... .......... .......... .......... 19%  111M 1s
  5700K .......... .......... .......... .......... .......... 19%  114M 1s
  5750K .......... .......... .......... .......... .......... 19%  110M 1s
  5800K .......... .......... .......... .......... .......... 19%  116M 1s
  5850K .......... .......... .......... .......... .......... 19%  111M 1s
  5900K .......... .......... .......... .......... .......... 19%  134M 1s
  5950K .......... .......... .......... .......... .......... 20%  109M 1s
  6000K .......... .......... .......... .......... .......... 20% 95.7M 1s
  6050K .......... .......... .......... .......... .......... 20%  115M 1s
  6100K .......... .......... .......... .......... .......... 20%  115M 1s
  6150K .......... .......... .......... .......... .......... 20%  118M 1s
  6200K .......... .......... .......... .......... .......... 20%  100M 1s
  6250K .......... .......... .......... .......... .......... 21%  115M 1s
  6300K .......... .......... .......... .......... .......... 21%  118M 1s
  6350K .......... .......... .......... .......... .......... 21%  114M 1s
  6400K .......... .......... .......... .......... .......... 21%  100M 1s
  6450K .......... .......... .......... .......... .......... 21%  112M 1s
  6500K .......... .......... .......... .......... .......... 21%  121M 1s
  6550K .......... .......... .......... .......... .......... 22%  113M 1s
  6600K .......... .......... .......... .......... .......... 22%  112M 1s
  6650K .......... .......... .......... .......... .......... 22%  110M 1s
  6700K .......... .......... .......... .......... .......... 22%  111M 1s
  6750K .......... .......... .......... .......... .......... 22%  111M 1s
  6800K .......... .......... .......... .......... .......... 22% 97.8M 1s
  6850K .......... .......... .......... .......... .......... 23%  101M 1s
  6900K .......... .......... .......... .......... .......... 23%  106M 1s
  6950K .......... .......... .......... .......... .......... 23%  110M 1s
  7000K .......... .......... .......... .......... .......... 23%  131M 1s
  7050K .......... .......... .......... .......... .......... 23%  146M 1s
  7100K .......... .......... .......... .......... .......... 24%  102M 1s
  7150K .......... .......... .......... .......... .......... 24%  115M 1s
  7200K .......... .......... .......... .......... .......... 24% 98.6M 1s
  7250K .......... .......... .......... .......... .......... 24%  123M 1s
  7300K .......... .......... .......... .......... .......... 24%  109M 1s
  7350K .......... .......... .......... .......... .......... 24%  112M 1s
  7400K .......... .......... .......... .......... .......... 25%  116M 1s
  7450K .......... .......... .......... .......... .......... 25%  118M 1s
  7500K .......... .......... .......... .......... .......... 25%  108M 1s
  7550K .......... .......... .......... .......... .......... 25%  117M 1s
  7600K .......... .......... .......... .......... .......... 25% 93.7M 1s
  7650K .......... .......... .......... .......... .......... 25%  105M 1s
  7700K .......... .......... .......... .......... .......... 26%  118M 1s
  7750K .......... .......... .......... .......... .......... 26%  126M 1s
  7800K .......... .......... .......... .......... .......... 26%  100M 1s
  7850K .......... .......... .......... .......... .......... 26%  134M 1s
  7900K .......... .......... .......... .......... .......... 26%  123M 1s
  7950K .......... .......... .......... .......... .......... 26%  112M 1s
  8000K .......... .......... .......... .......... .......... 27% 93.9M 1s
  8050K .......... .......... .......... .......... .......... 27%  109M 1s
  8100K .......... .......... .......... .......... .......... 27%  120M 1s
  8150K .......... .......... .......... .......... .......... 27%  112M 1s
  8200K .......... .......... .......... .......... .......... 27%  107M 1s
  8250K .......... .......... .......... .......... .......... 27%  123M 1s
  8300K .......... .......... .......... .......... .......... 28%  108M 1s
  8350K .......... .......... .......... .......... .......... 28%  121M 1s
  8400K .......... .......... .......... .......... .......... 28% 95.6M 1s
  8450K .......... .......... .......... .......... .......... 28%  115M 1s
  8500K .......... .......... .......... .......... .......... 28%  120M 1s
  8550K .......... .......... .......... .......... .......... 28%  106M 1s
  8600K .......... .......... .......... .......... .......... 29%  116M 1s
  8650K .......... .......... .......... .......... .......... 29%  120M 1s
  8700K .......... .......... .......... .......... .......... 29%  102M 1s
  8750K .......... .......... .......... .......... .......... 29%  117M 1s
  8800K .......... .......... .......... .......... .......... 29% 84.3M 1s
  8850K .......... .......... .......... .......... .......... 29%  122M 1s
  8900K .......... .......... .......... .......... .......... 30%  141M 1s
  8950K .......... .......... .......... .......... .......... 30%  102M 1s
  9000K .......... .......... .......... .......... .......... 30%  110M 1s
  9050K .......... .......... .......... .......... .......... 30%  111M 1s
  9100K .......... .......... .......... .......... .......... 30%  122M 1s
  9150K .......... .......... .......... .......... .......... 30%  126M 1s
  9200K .......... .......... .......... .......... .......... 31% 82.6M 1s
  9250K .......... .......... .......... .......... .......... 31%  105M 1s
  9300K .......... .......... .......... .......... .......... 31%  109M 1s
  9350K .......... .......... .......... .......... .......... 31%  161M 1s
  9400K .......... .......... .......... .......... .......... 31%  113M 1s
  9450K .......... .......... .......... .......... .......... 31%  112M 1s
  9500K .......... .......... .......... .......... .......... 32%  117M 1s
  9550K .......... .......... .......... .......... .......... 32%  114M 1s
  9600K .......... .......... .......... .......... .......... 32% 81.5M 1s
  9650K .......... .......... .......... .......... .......... 32%  122M 1s
  9700K .......... .......... .......... .......... .......... 32%  152M 1s
  9750K .......... .......... .......... .......... .......... 32%  112M 1s
  9800K .......... .......... .......... .......... .......... 33%  118M 1s
  9850K .......... .......... .......... .......... .......... 33% 91.3M 1s
  9900K .......... .......... .......... .......... .......... 33%  108M 1s
  9950K .......... .......... .......... .......... .......... 33%  110M 1s
 10000K .......... .......... .......... .......... .......... 33%  116M 1s
 10050K .......... .......... .......... .......... .......... 33%  124M 0s
 10100K .......... .......... .......... .......... .......... 34% 80.2M 0s
 10150K .......... .......... .......... .......... .......... 34%  128M 0s
 10200K .......... .......... .......... .......... .......... 34%  159M 0s
 10250K .......... .......... .......... .......... .......... 34%  110M 0s
 10300K .......... .......... .......... .......... .......... 34%  101M 0s
 10350K .......... .......... .......... .......... .......... 34%  132M 0s
 10400K .......... .......... .......... .......... .......... 35% 99.5M 0s
 10450K .......... .......... .......... .......... .......... 35%  117M 0s
 10500K .......... .......... .......... .......... .......... 35%  116M 0s
 10550K .......... .......... .......... .......... .......... 35%  109M 0s
 10600K .......... .......... .......... .......... .......... 35% 96.2M 0s
 10650K .......... .......... .......... .......... .......... 35%  121M 0s
 10700K .......... .......... .......... .......... .......... 36%  144M 0s
 10750K .......... .......... .......... .......... .......... 36%  114M 0s
 10800K .......... .......... .......... .......... .......... 36% 97.6M 0s
 10850K .......... .......... .......... .......... .......... 36%  111M 0s
 10900K .......... .......... .......... .......... .......... 36%  105M 0s
 10950K .......... .......... .......... .......... .......... 36%  130M 0s
 11000K .......... .......... .......... .......... .......... 37%  104M 0s
 11050K .......... .......... .......... .......... .......... 37%  123M 0s
 11100K .......... .......... .......... .......... .......... 37%  112M 0s
 11150K .......... .......... .......... .......... .......... 37%  122M 0s
 11200K .......... .......... .......... .......... .......... 37% 76.3M 0s
 11250K .......... .......... .......... .......... .......... 37%  150M 0s
 11300K .......... .......... .......... .......... .......... 38%  122M 0s
 11350K .......... .......... .......... .......... .......... 38%  122M 0s
 11400K .......... .......... .......... .......... .......... 38%  101M 0s
 11450K .......... .......... .......... .......... .......... 38%  100M 0s
 11500K .......... .......... .......... .......... .......... 38%  108M 0s
 11550K .......... .......... .......... .......... .......... 38%  116M 0s
 11600K .......... .......... .......... .......... .......... 39%  111M 0s
 11650K .......... .......... .......... .......... .......... 39%  115M 0s
 11700K .......... .......... .......... .......... .......... 39%  116M 0s
 11750K .......... .......... .......... .......... .......... 39%  117M 0s
 11800K .......... .......... .......... .......... .......... 39%  106M 0s
 11850K .......... .......... .......... .......... .......... 39%  117M 0s
 11900K .......... .......... .......... .......... .......... 40%  125M 0s
 11950K .......... .......... .......... .......... .......... 40%  123M 0s
 12000K .......... .......... .......... .......... .......... 40% 95.0M 0s
 12050K .......... .......... .......... .......... .......... 40%  111M 0s
 12100K .......... .......... .......... .......... .......... 40%  112M 0s
 12150K .......... .......... .......... .......... .......... 40%  108M 0s
 12200K .......... .......... .......... .......... .......... 41%  115M 0s
 12250K .......... .......... .......... .......... .......... 41%  117M 0s
 12300K .......... .......... .......... .......... .......... 41%  112M 0s
 12350K .......... .......... .......... .......... .......... 41%  112M 0s
 12400K .......... .......... .......... .......... .......... 41% 85.1M 0s
 12450K .......... .......... .......... .......... .......... 41%  110M 0s
 12500K .......... .......... .......... .......... .......... 42%  119M 0s
 12550K .......... .......... .......... .......... .......... 42%  159M 0s
 12600K .......... .......... .......... .......... .......... 42%  105M 0s
 12650K .......... .......... .......... .......... .......... 42%  117M 0s
 12700K .......... .......... .......... .......... .......... 42%  103M 0s
 12750K .......... .......... .......... .......... .......... 42%  116M 0s
 12800K .......... .......... .......... .......... .......... 43% 88.9M 0s
 12850K .......... .......... .......... .......... .......... 43%  132M 0s
 12900K .......... .......... .......... .......... .......... 43%  102M 0s
 12950K .......... .......... .......... .......... .......... 43%  114M 0s
 13000K .......... .......... .......... .......... .......... 43%  110M 0s
 13050K .......... .......... .......... .......... .......... 43%  150M 0s
 13100K .......... .......... .......... .......... .......... 44%  105M 0s
 13150K .......... .......... .......... .......... .......... 44%  120M 0s
 13200K .......... .......... .......... .......... .......... 44% 96.3M 0s
 13250K .......... .......... .......... .......... .......... 44%  121M 0s
 13300K .......... .......... .......... .......... .......... 44%  108M 0s
 13350K .......... .......... .......... .......... .......... 44%  117M 0s
 13400K .......... .......... .......... .......... .......... 45% 87.0M 0s
 13450K .......... .......... .......... .......... .......... 45% 99.3M 0s
 13500K .......... .......... .......... .......... .......... 45%  136M 0s
 13550K .......... .......... .......... .......... .......... 45%  146M 0s
 13600K .......... .......... .......... .......... .......... 45% 95.5M 0s
 13650K .......... .......... .......... .......... .......... 45%  117M 0s
 13700K .......... .......... .......... .......... .......... 46%  111M 0s
 13750K .......... .......... .......... .......... .......... 46% 96.9M 0s
 13800K .......... .......... .......... .......... .......... 46% 99.5M 0s
 13850K .......... .......... .......... .......... .......... 46%  108M 0s
 13900K .......... .......... .......... .......... .......... 46%  152M 0s
 13950K .......... .......... .......... .......... .......... 46%  143M 0s
 14000K .......... .......... .......... .......... .......... 47% 96.5M 0s
 14050K .......... .......... .......... .......... .......... 47%  116M 0s
 14100K .......... .......... .......... .......... .......... 47%  114M 0s
 14150K .......... .......... .......... .......... .......... 47%  113M 0s
 14200K .......... .......... .......... .......... .......... 47% 92.3M 0s
 14250K .......... .......... .......... .......... .......... 48%  127M 0s
 14300K .......... .......... .......... .......... .......... 48% 98.4M 0s
 14350K .......... .......... .......... .......... .......... 48%  109M 0s
 14400K .......... .......... .......... .......... .......... 48%  135M 0s
 14450K .......... .......... .......... .......... .......... 48%  102M 0s
 14500K .......... .......... .......... .......... .......... 48%  121M 0s
 14550K .......... .......... .......... .......... .......... 49%  125M 0s
 14600K .......... .......... .......... .......... .......... 49%  105M 0s
 14650K .......... .......... .......... .......... .......... 49%  118M 0s
 14700K .......... .......... .......... .......... .......... 49%  120M 0s
 14750K .......... .......... .......... .......... .......... 49%  110M 0s
 14800K .......... .......... .......... .......... .......... 49% 87.9M 0s
 14850K .......... .......... .......... .......... .......... 50%  122M 0s
 14900K .......... .......... .......... .......... .......... 50% 97.2M 0s
 14950K .......... .......... .......... .......... .......... 50%  128M 0s
 15000K .......... .......... .......... .......... .......... 50%  115M 0s
 15050K .......... .......... .......... .......... .......... 50%  115M 0s
 15100K .......... .......... .......... .......... .......... 50%  130M 0s
 15150K .......... .......... .......... .......... .......... 51%  112M 0s
 15200K .......... .......... .......... .......... .......... 51% 91.4M 0s
 15250K .......... .......... .......... .......... .......... 51%  122M 0s
 15300K .......... .......... .......... .......... .......... 51%  109M 0s
 15350K .......... .......... .......... .......... .......... 51%  116M 0s
 15400K .......... .......... .......... .......... .......... 51%  102M 0s
 15450K .......... .......... .......... .......... .......... 52%  120M 0s
 15500K .......... .......... .......... .......... .......... 52%  110M 0s
 15550K .......... .......... .......... .......... .......... 52%  119M 0s
 15600K .......... .......... .......... .......... .......... 52% 67.0M 0s
 15650K .......... .......... .......... .......... .......... 52% 68.9M 0s
 15700K .......... .......... .......... .......... .......... 52% 56.4M 0s
 15750K .......... .......... .......... .......... .......... 53% 44.9M 0s
 15800K .......... .......... .......... .......... .......... 53% 26.3M 0s
 15850K .......... .......... .......... .......... .......... 53%  103M 0s
 15900K .......... .......... .......... .......... .......... 53%  118M 0s
 15950K .......... .......... .......... .......... .......... 53% 6.01M 0s
 16000K .......... .......... .......... .......... .......... 53%  119M 0s
 16050K .......... .......... .......... .......... .......... 54%  169M 0s
 16100K .......... .......... .......... .......... .......... 54%  146M 0s
 16150K .......... .......... .......... .......... .......... 54% 3.81M 0s
 16200K .......... .......... .......... .......... .......... 54%  125M 0s
 16250K .......... .......... .......... .......... .......... 54%  138M 0s
 16300K .......... .......... .......... .......... .......... 54%  177M 0s
 16350K .......... .......... .......... .......... .......... 55%  155M 0s
 16400K .......... .......... .......... .......... .......... 55%  138M 0s
 16450K .......... .......... .......... .......... .......... 55%  173M 0s
 16500K .......... .......... .......... .......... .......... 55%  142M 0s
 16550K .......... .......... .......... .......... .......... 55%  165M 0s
 16600K .......... .......... .......... .......... .......... 55%  138M 0s
 16650K .......... .......... .......... .......... .......... 56%  185M 0s
 16700K .......... .......... .......... .......... .......... 56%  191M 0s
 16750K .......... .......... .......... .......... .......... 56%  151M 0s
 16800K .......... .......... .......... .......... .......... 56%  153M 0s
 16850K .......... .......... .......... .......... .......... 56%  167M 0s
 16900K .......... .......... .......... .......... .......... 56%  165M 0s
 16950K .......... .......... .......... .......... .......... 57%  169M 0s
 17000K .......... .......... .......... .......... .......... 57% 2.49M 0s
 17050K .......... .......... .......... .......... .......... 57% 8.77M 0s
 17100K .......... .......... .......... .......... .......... 57% 72.6M 0s
 17150K .......... .......... .......... .......... .......... 57%  152M 0s
 17200K .......... .......... .......... .......... .......... 57%  123M 0s
 17250K .......... .......... .......... .......... .......... 58%  149M 0s
 17300K .......... .......... .......... .......... .......... 58%  159M 0s
 17350K .......... .......... .......... .......... .......... 58%  180M 0s
 17400K .......... .......... .......... .......... .......... 58%  164M 0s
 17450K .......... .......... .......... .......... .......... 58%  184M 0s
 17500K .......... .......... .......... .......... .......... 58%  179M 0s
 17550K .......... .......... .......... .......... .......... 59%  178M 0s
 17600K .......... .......... .......... .......... .......... 59%  139M 0s
 17650K .......... .......... .......... .......... .......... 59%  175M 0s
 17700K .......... .......... .......... .......... .......... 59%  179M 0s
 17750K .......... .......... .......... .......... .......... 59%  180M 0s
 17800K .......... .......... .......... .......... .......... 59%  167M 0s
 17850K .......... .......... .......... .......... .......... 60%  172M 0s
 17900K .......... .......... .......... .......... .......... 60%  185M 0s
 17950K .......... .......... .......... .......... .......... 60%  185M 0s
 18000K .......... .......... .......... .......... .......... 60%  136M 0s
 18050K .......... .......... .......... .......... .......... 60%  156M 0s
 18100K .......... .......... .......... .......... .......... 60%  150M 0s
 18150K .......... .......... .......... .......... .......... 61%  143M 0s
 18200K .......... .......... .......... .......... .......... 61%  161M 0s
 18250K .......... .......... .......... .......... .......... 61%  174M 0s
 18300K .......... .......... .......... .......... .......... 61%  164M 0s
 18350K .......... .......... .......... .......... .......... 61%  170M 0s
 18400K .......... .......... .......... .......... .......... 61%  186M 0s
 18450K .......... .......... .......... .......... .......... 62%  225M 0s
 18500K .......... .......... .......... .......... .......... 62%  215M 0s
 18550K .......... .......... .......... .......... .......... 62%  243M 0s
 18600K .......... .......... .......... .......... .......... 62%  200M 0s
 18650K .......... .......... .......... .......... .......... 62%  238M 0s
 18700K .......... .......... .......... .......... .......... 62%  223M 0s
 18750K .......... .......... .......... .......... .......... 63%  208M 0s
 18800K .......... .......... .......... .......... .......... 63%  185M 0s
 18850K .......... .......... .......... .......... .......... 63%  228M 0s
 18900K .......... .......... .......... .......... .......... 63%  223M 0s
 18950K .......... .......... .......... .......... .......... 63%  247M 0s
 19000K .......... .......... .......... .......... .......... 63%  222M 0s
 19050K .......... .......... .......... .......... .......... 64%  241M 0s
 19100K .......... .......... .......... .......... .......... 64%  243M 0s
 19150K .......... .......... .......... .......... .......... 64%  220M 0s
 19200K .......... .......... .......... .......... .......... 64%  162M 0s
 19250K .......... .......... .......... .......... .......... 64%  234M 0s
 19300K .......... .......... .......... .......... .......... 64%  253M 0s
 19350K .......... .......... .......... .......... .......... 65%  236M 0s
 19400K .......... .......... .......... .......... .......... 65%  222M 0s
 19450K .......... .......... .......... .......... .......... 65%  236M 0s
 19500K .......... .......... .......... .......... .......... 65%  182M 0s
 19550K .......... .......... .......... .......... .......... 65%  177M 0s
 19600K .......... .......... .......... .......... .......... 65%  116M 0s
 19650K .......... .......... .......... .......... .......... 66%  211M 0s
 19700K .......... .......... .......... .......... .......... 66%  194M 0s
 19750K .......... .......... .......... .......... .......... 66%  189M 0s
 19800K .......... .......... .......... .......... .......... 66%  215M 0s
 19850K .......... .......... .......... .......... .......... 66%  171M 0s
 19900K .......... .......... .......... .......... .......... 66%  171M 0s
 19950K .......... .......... .......... .......... .......... 67% 10.7M 0s
 20000K .......... .......... .......... .......... .......... 67% 98.4M 0s
 20050K .......... .......... .......... .......... .......... 67% 98.3M 0s
 20100K .......... .......... .......... .......... .......... 67%  107M 0s
 20150K .......... .......... .......... .......... .......... 67%  133M 0s
 20200K .......... .......... .......... .......... .......... 67%  112M 0s
 20250K .......... .......... .......... .......... .......... 68% 89.4M 0s
 20300K .......... .......... .......... .......... .......... 68%  105M 0s
 20350K .......... .......... .......... .......... .......... 68%  115M 0s
 20400K .......... .......... .......... .......... .......... 68%  122M 0s
 20450K .......... .......... .......... .......... .......... 68%  149M 0s
 20500K .......... .......... .......... .......... .......... 68%  123M 0s
 20550K .......... .......... .......... .......... .......... 69%  122M 0s
 20600K .......... .......... .......... .......... .......... 69%  107M 0s
 20650K .......... .......... .......... .......... .......... 69%  113M 0s
 20700K .......... .......... .......... .......... .......... 69%  121M 0s
 20750K .......... .......... .......... .......... .......... 69%  102M 0s
 20800K .......... .......... .......... .......... .......... 69% 81.5M 0s
 20850K .......... .......... .......... .......... .......... 70%  153M 0s
 20900K .......... .......... .......... .......... .......... 70%  117M 0s
 20950K .......... .......... .......... .......... .......... 70%  118M 0s
 21000K .......... .......... .......... .......... .......... 70% 48.0M 0s
 21050K .......... .......... .......... .......... .......... 70%  125M 0s
 21100K .......... .......... .......... .......... .......... 71%  104M 0s
 21150K .......... .......... .......... .......... .......... 71%  103M 0s
 21200K .......... .......... .......... .......... .......... 71% 93.6M 0s
 21250K .......... .......... .......... .......... .......... 71%  153M 0s
 21300K .......... .......... .......... .......... .......... 71%  122M 0s
 21350K .......... .......... .......... .......... .......... 71%  123M 0s
 21400K .......... .......... .......... .......... .......... 72%  116M 0s
 21450K .......... .......... .......... .......... .......... 72% 90.3M 0s
 21500K .......... .......... .......... .......... .......... 72%  131M 0s
 21550K .......... .......... .......... .......... .......... 72%  116M 0s
 21600K .......... .......... .......... .......... .......... 72% 81.1M 0s
 21650K .......... .......... .......... .......... .......... 72% 69.9M 0s
 21700K .......... .......... .......... .......... .......... 73%  108M 0s
 21750K .......... .......... .......... .......... .......... 73%  111M 0s
 21800K .......... .......... .......... .......... .......... 73%  141M 0s
 21850K .......... .......... .......... .......... .......... 73%  160M 0s
 21900K .......... .......... .......... .......... .......... 73%  125M 0s
 21950K .......... .......... .......... .......... .......... 73%  135M 0s
 22000K .......... .......... .......... .......... .......... 74%  105M 0s
 22050K .......... .......... .......... .......... .......... 74%  130M 0s
 22100K .......... .......... .......... .......... .......... 74%  125M 0s
 22150K .......... .......... .......... .......... .......... 74% 54.6M 0s
 22200K .......... .......... .......... .......... .......... 74% 84.4M 0s
 22250K .......... .......... .......... .......... .......... 74%  100M 0s
 22300K .......... .......... .......... .......... .......... 75%  117M 0s
 22350K .......... .......... .......... .......... .......... 75%  148M 0s
 22400K .......... .......... .......... .......... .......... 75%  110M 0s
 22450K .......... .......... .......... .......... .......... 75%  151M 0s
 22500K .......... .......... .......... .......... .......... 75%  138M 0s
 22550K .......... .......... .......... .......... .......... 75%  146M 0s
 22600K .......... .......... .......... .......... .......... 76% 68.1M 0s
 22650K .......... .......... .......... .......... .......... 76%  106M 0s
 22700K .......... .......... .......... .......... .......... 76%  139M 0s
 22750K .......... .......... .......... .......... .......... 76% 59.3M 0s
 22800K .......... .......... .......... .......... .......... 76% 46.9M 0s
 22850K .......... .......... .......... .......... .......... 76%  116M 0s
 22900K .......... .......... .......... .......... .......... 77% 49.8M 0s
 22950K .......... .......... .......... .......... .......... 77% 97.7M 0s
 23000K .......... .......... .......... .......... .......... 77% 94.1M 0s
 23050K .......... .......... .......... .......... .......... 77%  101M 0s
 23100K .......... .......... .......... .......... .......... 77%  144M 0s
 23150K .......... .......... .......... .......... .......... 77%  146M 0s
 23200K .......... .......... .......... .......... .......... 78% 84.0M 0s
 23250K .......... .......... .......... .......... .......... 78%  110M 0s
 23300K .......... .......... .......... .......... .......... 78%  103M 0s
 23350K .......... .......... .......... .......... .......... 78%  157M 0s
 23400K .......... .......... .......... .......... .......... 78%  108M 0s
 23450K .......... .......... .......... .......... .......... 78%  107M 0s
 23500K .......... .......... .......... .......... .......... 79% 96.1M 0s
 23550K .......... .......... .......... .......... .......... 79%  123M 0s
 23600K .......... .......... .......... .......... .......... 79%  113M 0s
 23650K .......... .......... .......... .......... .......... 79%  121M 0s
 23700K .......... .......... .......... .......... .......... 79%  123M 0s
 23750K .......... .......... .......... .......... .......... 79%  121M 0s
 23800K .......... .......... .......... .......... .......... 80%  101M 0s
 23850K .......... .......... .......... .......... .......... 80%  104M 0s
 23900K .......... .......... .......... .......... .......... 80%  139M 0s
 23950K .......... .......... .......... .......... .......... 80%  125M 0s
 24000K .......... .......... .......... .......... .......... 80% 78.0M 0s
 24050K .......... .......... .......... .......... .......... 80%  114M 0s
 24100K .......... .......... .......... .......... .......... 81%  132M 0s
 24150K .......... .......... .......... .......... .......... 81% 99.4M 0s
 24200K .......... .......... .......... .......... .......... 81% 96.0M 0s
 24250K .......... .......... .......... .......... .......... 81%  152M 0s
 24300K .......... .......... .......... .......... .......... 81%  140M 0s
 24350K .......... .......... .......... .......... .......... 81%  103M 0s
 24400K .......... .......... .......... .......... .......... 82% 91.9M 0s
 24450K .......... .......... .......... .......... .......... 82%  138M 0s
 24500K .......... .......... .......... .......... .......... 82%  112M 0s
 24550K .......... .......... .......... .......... .......... 82%  105M 0s
 24600K .......... .......... .......... .......... .......... 82%  116M 0s
 24650K .......... .......... .......... .......... .......... 82% 99.2M 0s
 24700K .......... .......... .......... .......... .......... 83%  121M 0s
 24750K .......... .......... .......... .......... .......... 83%  132M 0s
 24800K .......... .......... .......... .......... .......... 83% 89.5M 0s
 24850K .......... .......... .......... .......... .......... 83%  130M 0s
 24900K .......... .......... .......... .......... .......... 83%  103M 0s
 24950K .......... .......... .......... .......... .......... 83%  110M 0s
 25000K .......... .......... .......... .......... .......... 84%  107M 0s
 25050K .......... .......... .......... .......... .......... 84%  120M 0s
 25100K .......... .......... .......... .......... .......... 84% 96.0M 0s
 25150K .......... .......... .......... .......... .......... 84% 98.8M 0s
 25200K .......... .......... .......... .......... .......... 84% 89.0M 0s
 25250K .......... .......... .......... .......... .......... 84%  146M 0s
 25300K .......... .......... .......... .......... .......... 85%  143M 0s
 25350K .......... .......... .......... .......... .......... 85%  128M 0s
 25400K .......... .......... .......... .......... .......... 85%  110M 0s
 25450K .......... .......... .......... .......... .......... 85%  118M 0s
 25500K .......... .......... .......... .......... .......... 85%  123M 0s
 25550K .......... .......... .......... .......... .......... 85%  122M 0s
 25600K .......... .......... .......... .......... .......... 86% 71.7M 0s
 25650K .......... .......... .......... .......... .......... 86%  139M 0s
 25700K .......... .......... .......... .......... .......... 86%  132M 0s
 25750K .......... .......... .......... .......... .......... 86%  123M 0s
 25800K .......... .......... .......... .......... .......... 86% 85.4M 0s
 25850K .......... .......... .......... .......... .......... 86%  116M 0s
 25900K .......... .......... .......... .......... .......... 87%  141M 0s
 25950K .......... .......... .......... .......... .......... 87%  118M 0s
 26000K .......... .......... .......... .......... .......... 87% 96.3M 0s
 26050K .......... .......... .......... .......... .......... 87%  120M 0s
 26100K .......... .......... .......... .......... .......... 87%  122M 0s
 26150K .......... .......... .......... .......... .......... 87%  109M 0s
 26200K .......... .......... .......... .......... .......... 88%  111M 0s
 26250K .......... .......... .......... .......... .......... 88%  111M 0s
 26300K .......... .......... .......... .......... .......... 88%  112M 0s
 26350K .......... .......... .......... .......... .......... 88%  104M 0s
 26400K .......... .......... .......... .......... .......... 88% 89.0M 0s
 26450K .......... .......... .......... .......... .......... 88%  146M 0s
 26500K .......... .......... .......... .......... .......... 89%  119M 0s
 26550K .......... .......... .......... .......... .......... 89%  121M 0s
 26600K .......... .......... .......... .......... .......... 89%  104M 0s
 26650K .......... .......... .......... .......... .......... 89%  111M 0s
 26700K .......... .......... .......... .......... .......... 89%  120M 0s
 26750K .......... .......... .......... .......... .......... 89%  122M 0s
 26800K .......... .......... .......... .......... .......... 90% 89.8M 0s
 26850K .......... .......... .......... .......... .......... 90%  120M 0s
 26900K .......... .......... .......... .......... .......... 90%  114M 0s
 26950K .......... .......... .......... .......... .......... 90% 93.3M 0s
 27000K .......... .......... .......... .......... .......... 90% 92.8M 0s
 27050K .......... .......... .......... .......... .......... 90%  146M 0s
 27100K .......... .......... .......... .......... .......... 91%  141M 0s
 27150K .......... .......... .......... .......... .......... 91%  108M 0s
 27200K .......... .......... .......... .......... .......... 91% 89.2M 0s
 27250K .......... .......... .......... .......... .......... 91%  112M 0s
 27300K .......... .......... .......... .......... .......... 91%  159M 0s
 27350K .......... .......... .......... .......... .......... 91%  104M 0s
 27400K .......... .......... .......... .......... .......... 92%  104M 0s
 27450K .......... .......... .......... .......... .......... 92%  130M 0s
 27500K .......... .......... .......... .......... .......... 92%  108M 0s
 27550K .......... .......... .......... .......... .......... 92%  128M 0s
 27600K .......... .......... .......... .......... .......... 92% 99.0M 0s
 27650K .......... .......... .......... .......... .......... 92%  108M 0s
 27700K .......... .......... .......... .......... .......... 93%  111M 0s
 27750K .......... .......... .......... .......... .......... 93%  109M 0s
 27800K .......... .......... .......... .......... .......... 93%  103M 0s
 27850K .......... .......... .......... .......... .......... 93%  119M 0s
 27900K .......... .......... .......... .......... .......... 93%  124M 0s
 27950K .......... .......... .......... .......... .......... 93%  120M 0s
 28000K .......... .......... .......... .......... .......... 94% 91.5M 0s
 28050K .......... .......... .......... .......... .......... 94%  126M 0s
 28100K .......... .......... .......... .......... .......... 94%  110M 0s
 28150K .......... .......... .......... .......... .......... 94%  116M 0s
 28200K .......... .......... .......... .......... .......... 94%  105M 0s
 28250K .......... .......... .......... .......... .......... 95%  128M 0s
 28300K .......... .......... .......... .......... .......... 95%  105M 0s
 28350K .......... .......... .......... .......... .......... 95%  129M 0s
 28400K .......... .......... .......... .......... .......... 95% 85.7M 0s
 28450K .......... .......... .......... .......... .......... 95%  109M 0s
 28500K .......... .......... .......... .......... .......... 95%  131M 0s
 28550K .......... .......... .......... .......... .......... 96%  114M 0s
 28600K .......... .......... .......... .......... .......... 96%  110M 0s
 28650K .......... .......... .......... .......... .......... 96%  113M 0s
 28700K .......... .......... .......... .......... .......... 96%  121M 0s
 28750K .......... .......... .......... .......... .......... 96%  112M 0s
 28800K .......... .......... .......... .......... .......... 96% 89.6M 0s
 28850K .......... .......... .......... .......... .......... 97%  106M 0s
 28900K .......... .......... .......... .......... .......... 97%  111M 0s
 28950K .......... .......... .......... .......... .......... 97%  111M 0s
 29000K .......... .......... .......... .......... .......... 97%  144M 0s
 29050K .......... .......... .......... .......... .......... 97%  125M 0s
 29100K .......... .......... .......... .......... .......... 97%  107M 0s
 29150K .......... .......... .......... .......... .......... 98%  116M 0s
 29200K .......... .......... .......... .......... .......... 98% 91.7M 0s
 29250K .......... .......... .......... .......... .......... 98%  111M 0s
 29300K .......... .......... .......... .......... .......... 98%  122M 0s
 29350K .......... .......... .......... .......... .......... 98%  117M 0s
 29400K .......... .......... .......... .......... .......... 98%  116M 0s
 29450K .......... .......... .......... .......... .......... 99%  106M 0s
 29500K .......... .......... .......... .......... .......... 99%  114M 0s
 29550K .......... .......... .......... .......... .......... 99%  106M 0s
 29600K .......... .......... .......... .......... .......... 99% 91.4M 0s
 29650K .......... .......... .......... .......... .......... 99%  139M 0s
 29700K .......... .......... .......... .......... .......... 99%  118M 0s
 29750K .......... .......... .......... ........             100%  146M=0.5s

2020-12-16 05:16:42 (61.9 MB/s) - `/tmp/firefox-28.0.tar.bz2' saved [30503247/30503247]


travis_time:end:22558bb2:start=1608095802050221263,finish=1608095802822332345,duration=772111082[0K$ export PATH=$HOME/firefox-28.0/firefox:$PATH
travis_fold:end:install_firefox[0Ktravis_fold:start:postgresql[0K[33;1mStarting PostgreSQL v9.3[0m
travis_time:start:00468d50[0K$ sudo service postgresql stop
 * Stopping PostgreSQL 9.1 database server
   ...done.
 * Stopping PostgreSQL 9.2 database server
   ...done.
 * Stopping PostgreSQL 9.3 database server
   ...done.
 * Stopping PostgreSQL 9.4 database server
   ...done.

travis_time:end:00468d50:start=1608095807035598389,finish=1608095807711031504,duration=675433115[0Ktravis_time:start:19a5947c[0K$ sudo service postgresql start 9.3
 * Starting PostgreSQL 9.3 database server
   ...done.

travis_time:end:19a5947c:start=1608095807722228575,finish=1608095809996358071,duration=2274129496[0Ktravis_time:start:0939a46e[0K$ sudo -u postgres createuser -s -p 5432 travis &>/dev/null

travis_time:end:0939a46e:start=1608095810005935146,finish=1608095810068690622,duration=62755476[0Ktravis_time:start:205ac2b6[0K$ sudo -u postgres createdb -O travis -p 5432 travis &>/dev/null

travis_time:end:205ac2b6:start=1608095810079565153,finish=1608095810362841586,duration=283276433[0Ktravis_time:start:03cdd55c[0K$ sudo -u postgres createuser -s -p 5433 travis &>/dev/null

travis_time:end:03cdd55c:start=1608095810374160273,finish=1608095810432848046,duration=58687773[0Ktravis_time:start:0044fae0[0K$ sudo -u postgres createdb -O travis -p 5433 travis &>/dev/null

travis_time:end:0044fae0:start=1608095810444132983,finish=1608095810509930087,duration=65797104[0Ktravis_fold:end:postgresql[0Ktravis_time:start:18513d10[0K$ source ~/virtualenv/python2.7/bin/activate

travis_time:end:18513d10:start=1608095810527104213,finish=1608095810536301019,duration=9196806[0K$ python --version
Python 2.7.9
$ pip --version
pip 6.0.7 from /home/travis/virtualenv/python2.7.9/lib/python2.7/site-packages (python 2.7)
travis_fold:start:before_install.1[0Ktravis_time:start:012de8df[0K$ export DISPLAY=:99.0

travis_time:end:012de8df:start=1608095810818937221,finish=1608095810828173650,duration=9236429[0Ktravis_fold:end:before_install.1[0Ktravis_fold:start:before_install.2[0Ktravis_time:start:0b24dd00[0K$ sh -e /etc/init.d/xvfb start
Starting virtual X frame buffer: Xvfb.

travis_time:end:0b24dd00:start=1608095810838993746,finish=1608095810851122769,duration=12129023[0Ktravis_fold:end:before_install.2[0Ktravis_fold:start:install[0Ktravis_time:start:0de983b4[0K$ ./bootstrap.py
Using real prefix '/opt/python/2.7.9'
New python executable in /home/travis/build/passed/ccnmtl/dmt/ve/bin/python
Installing setuptools, pip...done.
Collecting wheel==0.24.0
  Retrying (Retry(total=4, connect=None, read=None, redirect=None)) after connection broken by 'ProtocolError('Connection aborted.', gaierror(-2, 'Name or service not known'))': /wheel/
  Retrying (Retry(total=3, connect=None, read=None, redirect=None)) after connection broken by 'ProtocolError('Connection aborted.', gaierror(-2, 'Name or service not known'))': /wheel/
  Retrying (Retry(total=2, connect=None, read=None, redirect=None)) after connection broken by 'ProtocolError('Connection aborted.', gaierror(-2, 'Name or service not known'))': /wheel/
  Retrying (Retry(total=1, connect=None, read=None, redirect=None)) after connection broken by 'ProtocolError('Connection aborted.', gaierror(-2, 'Name or service not known'))': /wheel/
  Retrying (Retry(total=0, connect=None, read=None, redirect=None)) after connection broken by 'ProtocolError('Connection aborted.', gaierror(-2, 'Name or service not known'))': /wheel/
  DEPRECATION: Failed to find 'wheel' at https://pypi.ccnmtl.columbia.edu/wheel/. It is suggested to upgrade your index to support normalized names as the name in /simple/{name}.
  Retrying (Retry(total=4, connect=None, read=None, redirect=None)) after connection broken by 'ProtocolError('Connection aborted.', gaierror(-2, 'Name or service not known'))': /
  Retrying (Retry(total=3, connect=None, read=None, redirect=None)) after connection broken by 'ProtocolError('Connection aborted.', gaierror(-2, 'Name or service not known'))': /
  Retrying (Retry(total=2, connect=None, read=None, redirect=None)) after connection broken by 'ProtocolError('Connection aborted.', gaierror(-2, 'Name or service not known'))': /
  Retrying (Retry(total=1, connect=None, read=None, redirect=None)) after connection broken by 'ProtocolError('Connection aborted.', gaierror(-2, 'Name or service not known'))': /
  Retrying (Retry(total=0, connect=None, read=None, redirect=None)) after connection broken by 'ProtocolError('Connection aborted.', gaierror(-2, 'Name or service not known'))': /
  Cannot fetch index base URL https://pypi.ccnmtl.columbia.edu/
  Retrying (Retry(total=4, connect=None, read=None, redirect=None)) after connection broken by 'ProtocolError('Connection aborted.', gaierror(-2, 'Name or service not known'))': /wheel/
  Retrying (Retry(total=3, connect=None, read=None, redirect=None)) after connection broken by 'ProtocolError('Connection aborted.', gaierror(-2, 'Name or service not known'))': /wheel/
  Retrying (Retry(total=2, connect=None, read=None, redirect=None)) after connection broken by 'ProtocolError('Connection aborted.', gaierror(-2, 'Name or service not known'))': /wheel/
  Retrying (Retry(total=1, connect=None, read=None, redirect=None)) after connection broken by 'ProtocolError('Connection aborted.', gaierror(-2, 'Name or service not known'))': /wheel/
  Retrying (Retry(total=0, connect=None, read=None, redirect=None)) after connection broken by 'ProtocolError('Connection aborted.', gaierror(-2, 'Name or service not known'))': /wheel/
  Could not find a version that satisfies the requirement wheel==0.24.0 (from versions: )
No matching distribution found for wheel==0.24.0

travis_time:end:0de983b4:start=1608095810860845598,finish=1608095836836060925,duration=25975215327[0K
[31;1mThe command "./bootstrap.py" failed and exited with 1 during .[0m

Your build has been stopped.
