travis_fold:start:system_info[0K[33;1mBuild system information[0m
Build language: python
Build group: stable
Build dist: precise
Build id: ''
Job id: ''
[34m[1mBuild image provisioning date and time[0m
Thu Feb  5 15:09:33 UTC 2015
[34m[1mOperating System Details[0m
Distributor ID:	Ubuntu
Description:	Ubuntu 12.04.5 LTS
Release:	12.04
Codename:	precise
[34m[1mLinux Version[0m
3.13.0-29-generic
[34m[1mCookbooks Version[0m
a68419e https://github.com/travis-ci/travis-cookbooks/tree/a68419e
[34m[1mGCC version[0m
gcc (Ubuntu/Linaro 4.6.3-1ubuntu5) 4.6.3
Copyright (C) 2011 Free Software Foundation, Inc.
This is free software; see the source for copying conditions.  There is NO
warranty; not even for MERCHANTABILITY or FITNESS FOR A PARTICULAR PURPOSE.

[34m[1mLLVM version[0m
clang version 3.4 (tags/RELEASE_34/final)
Target: x86_64-unknown-linux-gnu
Thread model: posix
[34m[1mPre-installed Ruby versions[0m
ruby-1.9.3-p551
[34m[1mPre-installed Node.js versions[0m
v0.10.36
[34m[1mPre-installed Go versions[0m
1.4.1
[34m[1mRedis version[0m
redis-server 2.8.19
[34m[1mriak version[0m
2.0.2
[34m[1mMongoDB version[0m
MongoDB 2.4.12
[34m[1mCouchDB version[0m
couchdb 1.6.1
[34m[1mNeo4j version[0m
1.9.4
[34m[1mRabbitMQ Version[0m
3.4.3
[34m[1mElasticSearch version[0m
1.4.0
[34m[1mInstalled Sphinx versions[0m
2.0.10
2.1.9
2.2.6
[34m[1mDefault Sphinx version[0m
2.2.6
[34m[1mInstalled Firefox version[0m
firefox 31.0esr
[34m[1mPhantomJS version[0m
1.9.8
[34m[1mant -version[0m
Apache Ant(TM) version 1.8.2 compiled on December 3 2011
[34m[1mmvn -version[0m
Apache Maven 3.2.5 (12a6b3acb947671f09b81f49094c53f426d8cea1; 2014-12-14T17:29:23+00:00)
Maven home: /usr/local/maven
Java version: 1.7.0_76, vendor: Oracle Corporation
Java home: /usr/lib/jvm/java-7-oracle/jre
Default locale: en_US, platform encoding: ANSI_X3.4-1968
OS name: "linux", version: "3.13.0-29-generic", arch: "amd64", family: "unix"
travis_fold:end:system_info[0K
W: GPG error: http://apt.postgresql.org precise-pgdg Release: The following signatures were invalid: KEYEXPIRED 1562078959
W: Failed to fetch http://ppa.launchpad.net/travis-ci/zero-mq/ubuntu/dists/precise/main/binary-amd64/Packages  403  Forbidden

W: Failed to fetch http://ppa.launchpad.net/travis-ci/zero-mq/ubuntu/dists/precise/main/binary-i386/Packages  403  Forbidden

W: Failed to fetch http://downloads-distro.mongodb.org/repo/debian-sysvinit/dists/dist/10gen/binary-amd64/Packages  Undetermined Error [IP: 52.21.89.200 80]

W: Failed to fetch http://downloads-distro.mongodb.org/repo/debian-sysvinit/dists/dist/10gen/binary-i386/Packages  Undetermined Error [IP: 52.21.89.200 80]

E: Some index files failed to download. They have been ignored, or old ones used instead.
sed: cannot rename /etc/hosts: Device or resource busy
sed: cannot rename /etc/hosts: Device or resource busy
$ cd passed/ccnmtl/plexus
travis_time:start:11671b30[0K$ source ~/virtualenv/python2.7/bin/activate

travis_time:end:11671b30:start=1608096030916624299,finish=1608096030926117652,duration=9493353[0K$ python --version
Python 2.7.9
$ pip --version
pip 6.0.7 from /home/travis/virtualenv/python2.7.9/lib/python2.7/site-packages (python 2.7)
travis_fold:start:install.1[0Ktravis_time:start:0d906a39[0K$ pip install -U pip wheel
Collecting pip from https://files.pythonhosted.org/packages/54/eb/4a3642e971f404d69d4f6fa3885559d67562801b99d7592487f1ecc4e017/pip-20.3.3-py2.py3-none-any.whl#sha256=fab098c8a1758295dd9f57413c199f23571e8fde6cc39c22c78c961b4ac6286d
  Downloading https://files.pythonhosted.org/packages/54/eb/4a3642e971f404d69d4f6fa3885559d67562801b99d7592487f1ecc4e017/pip-20.3.3-py2.py3-none-any.whl (1.5MB)
Collecting wheel from https://files.pythonhosted.org/packages/65/63/39d04c74222770ed1589c0eaba06c05891801219272420b40311cd60c880/wheel-0.36.2-py2.py3-none-any.whl#sha256=78b5b185f0e5763c26ca1e324373aadd49182ca90e825f7853f4b2509215dc0e
  Downloading https://files.pythonhosted.org/packages/65/63/39d04c74222770ed1589c0eaba06c05891801219272420b40311cd60c880/wheel-0.36.2-py2.py3-none-any.whl
Installing collected packages: wheel, pip
  Found existing installation: wheel 0.24.0
    Uninstalling wheel-0.24.0:
      Successfully uninstalled wheel-0.24.0

  Found existing installation: pip 6.0.7
    Uninstalling pip-6.0.7:
      Successfully uninstalled pip-6.0.7

Successfully installed pip-20.3.3 wheel-0.36.2

travis_time:end:0d906a39:start=1608096031197828949,finish=1608096035441003632,duration=4243174683[0Ktravis_fold:end:install.1[0Ktravis_fold:start:install.2[0Ktravis_time:start:012c4206[0K$ pip install -U setuptools
DEPRECATION: Python 2.7 reached the end of its life on January 1st, 2020. Please upgrade your Python as Python 2.7 is no longer maintained. pip 21.0 will drop support for Python 2.7 in January 2021. More details about Python 2 support in pip can be found at https://pip.pypa.io/en/latest/development/release-process/#python-2-support pip 21.0 will remove support for this functionality.
Collecting setuptools
  Downloading setuptools-44.1.1-py2.py3-none-any.whl (583 kB)
Installing collected packages: setuptools
  Attempting uninstall: setuptools
    Found existing installation: setuptools 12.0.5
    Uninstalling setuptools-12.0.5:
      Successfully uninstalled setuptools-12.0.5
Successfully installed setuptools-44.1.1

travis_time:end:012c4206:start=1608096035453095402,finish=1608096038524150209,duration=3071054807[0Ktravis_fold:end:install.2[0Ktravis_fold:start:install.3[0Ktravis_time:start:027e16fc[0K$ pip install -r requirements.txt
DEPRECATION: Python 2.7 reached the end of its life on January 1st, 2020. Please upgrade your Python as Python 2.7 is no longer maintained. pip 21.0 will drop support for Python 2.7 in January 2021. More details about Python 2 support in pip can be found at https://pip.pypa.io/en/latest/development/release-process/#python-2-support pip 21.0 will remove support for this functionality.
Looking in indexes: https://pypi.ccnmtl.columbia.edu/
WARNING: Retrying (Retry(total=4, connect=None, read=None, redirect=None, status=None)) after connection broken by 'NewConnectionError('<pip._vendor.urllib3.connection.HTTPSConnection object at 0x7f9b3fe14f10>: Failed to establish a new connection: [Errno -2] Name or service not known',)': /django/
WARNING: Retrying (Retry(total=3, connect=None, read=None, redirect=None, status=None)) after connection broken by 'NewConnectionError('<pip._vendor.urllib3.connection.HTTPSConnection object at 0x7f9b3fe149d0>: Failed to establish a new connection: [Errno -2] Name or service not known',)': /django/
WARNING: Retrying (Retry(total=2, connect=None, read=None, redirect=None, status=None)) after connection broken by 'NewConnectionError('<pip._vendor.urllib3.connection.HTTPSConnection object at 0x7f9b3fdb8110>: Failed to establish a new connection: [Errno -2] Name or service not known',)': /django/
WARNING: Retrying (Retry(total=1, connect=None, read=None, redirect=None, status=None)) after connection broken by 'NewConnectionError('<pip._vendor.urllib3.connection.HTTPSConnection object at 0x7f9b3fdb82d0>: Failed to establish a new connection: [Errno -2] Name or service not known',)': /django/
WARNING: Retrying (Retry(total=0, connect=None, read=None, redirect=None, status=None)) after connection broken by 'NewConnectionError('<pip._vendor.urllib3.connection.HTTPSConnection object at 0x7f9b3fdb8490>: Failed to establish a new connection: [Errno -2] Name or service not known',)': /django/
ERROR: Could not find a version that satisfies the requirement Django==1.10.7 (from -r requirements.txt (line 2)) (from versions: none)
ERROR: No matching distribution found for Django==1.10.7 (from -r requirements.txt (line 2))

travis_time:end:027e16fc:start=1608096038535926079,finish=1608096046991859315,duration=8455933236[0K
[31;1mThe command "pip install -r requirements.txt" failed and exited with 1 during .[0m

Your build has been stopped.
