travis_fold:start:system_info[0K[33;1mBuild system information[0m
Build language: python
Build group: stable
Build dist: precise
Build id: ''
Job id: ''
[34m[1mBuild image provisioning date and time[0m
Thu Feb  5 15:09:33 UTC 2015
[34m[1mOperating System Details[0m
Distributor ID:	Ubuntu
Description:	Ubuntu 12.04.5 LTS
Release:	12.04
Codename:	precise
[34m[1mLinux Version[0m
3.13.0-29-generic
[34m[1mCookbooks Version[0m
a68419e https://github.com/travis-ci/travis-cookbooks/tree/a68419e
[34m[1mGCC version[0m
gcc (Ubuntu/Linaro 4.6.3-1ubuntu5) 4.6.3
Copyright (C) 2011 Free Software Foundation, Inc.
This is free software; see the source for copying conditions.  There is NO
warranty; not even for MERCHANTABILITY or FITNESS FOR A PARTICULAR PURPOSE.

[34m[1mLLVM version[0m
clang version 3.4 (tags/RELEASE_34/final)
Target: x86_64-unknown-linux-gnu
Thread model: posix
[34m[1mPre-installed Ruby versions[0m
ruby-1.9.3-p551
[34m[1mPre-installed Node.js versions[0m
v0.10.36
[34m[1mPre-installed Go versions[0m
1.4.1
[34m[1mRedis version[0m
redis-server 2.8.19
[34m[1mriak version[0m
2.0.2
[34m[1mMongoDB version[0m
MongoDB 2.4.12
[34m[1mCouchDB version[0m
couchdb 1.6.1
[34m[1mNeo4j version[0m
1.9.4
[34m[1mRabbitMQ Version[0m
3.4.3
[34m[1mElasticSearch version[0m
1.4.0
[34m[1mInstalled Sphinx versions[0m
2.0.10
2.1.9
2.2.6
[34m[1mDefault Sphinx version[0m
2.2.6
[34m[1mInstalled Firefox version[0m
firefox 31.0esr
[34m[1mPhantomJS version[0m
1.9.8
[34m[1mant -version[0m
Apache Ant(TM) version 1.8.2 compiled on December 3 2011
[34m[1mmvn -version[0m
Apache Maven 3.2.5 (12a6b3acb947671f09b81f49094c53f426d8cea1; 2014-12-14T17:29:23+00:00)
Maven home: /usr/local/maven
Java version: 1.7.0_76, vendor: Oracle Corporation
Java home: /usr/lib/jvm/java-7-oracle/jre
Default locale: en_US, platform encoding: ANSI_X3.4-1968
OS name: "linux", version: "3.13.0-29-generic", arch: "amd64", family: "unix"
travis_fold:end:system_info[0K
W: GPG error: http://apt.postgresql.org precise-pgdg Release: The following signatures were invalid: KEYEXPIRED 1562078959
W: Failed to fetch http://ppa.launchpad.net/travis-ci/zero-mq/ubuntu/dists/precise/main/binary-amd64/Packages  403  Forbidden

W: Failed to fetch http://ppa.launchpad.net/travis-ci/zero-mq/ubuntu/dists/precise/main/binary-i386/Packages  403  Forbidden

W: Failed to fetch http://downloads-distro.mongodb.org/repo/debian-sysvinit/dists/dist/10gen/binary-amd64/Packages  Undetermined Error [IP: 54.175.147.155 80]

W: Failed to fetch http://downloads-distro.mongodb.org/repo/debian-sysvinit/dists/dist/10gen/binary-i386/Packages  Undetermined Error [IP: 54.175.147.155 80]

E: Some index files failed to download. They have been ignored, or old ones used instead.
sed: cannot rename /etc/hosts: Device or resource busy
sed: cannot rename /etc/hosts: Device or resource busy
$ cd passed/python/mypy
travis_fold:start:git.submodule[0Ktravis_time:start:0221b47d[0K$ git submodule update --init --recursive
Submodule 'typeshed' (http://github.com/python/typeshed) registered for path 'typeshed'
Cloning into 'typeshed'...
Submodule path 'typeshed': checked out 'bd5b33f3b18fc8811ad2403d35f21ad6aae94b62'

travis_time:end:0221b47d:start=1608199670598657393,finish=1608199673061785554,duration=2463128161[0Ktravis_fold:end:git.submodule[0Ktravis_time:start:16681a04[0K$ source ~/virtualenv/python3.4/bin/activate

travis_time:end:16681a04:start=1608199673077023736,finish=1608199673086253674,duration=9229938[0K$ python --version
Python 3.4.2
$ pip --version
pip 6.0.7 from /home/travis/virtualenv/python3.4.2/lib/python3.4/site-packages (python 3.4)
travis_fold:start:install.1[0Ktravis_time:start:0622a3cd[0K$ pip install -r test-requirements.txt
Collecting flake8 (from -r test-requirements.txt (line 1))
  Downloading https://files.pythonhosted.org/packages/d4/ca/3971802ee6251da1abead1a22831d7f4743781e2f743bd266bdd2f46c19b/flake8-3.8.4-py2.py3-none-any.whl (72kB)
Collecting lxml (from -r test-requirements.txt (line 4))
  Downloading https://files.pythonhosted.org/packages/db/f7/43fecb94d66959c1e23aa53d6161231dca0e93ec500224cf31b3c4073e37/lxml-4.6.2.tar.gz (3.2MB)
    This lxml version requires Python 2.7, 3.5 or later.
    Complete output from command python setup.py egg_info:
    This lxml version requires Python 2.7, 3.5 or later.
    
    ----------------------------------------
    Command "python setup.py egg_info" failed with error code 1 in /tmp/pip-build-e5cmco56/lxml

travis_time:end:0622a3cd:start=1608199673424771585,finish=1608199675983078625,duration=2558307040[0K
[31;1mThe command "pip install -r test-requirements.txt" failed and exited with 1 during .[0m

Your build has been stopped.
