travis_fold:start:system_info[0K[33;1mBuild system information[0m
Build language: python
Build group: stable
Build dist: precise
Build id: ''
Job id: ''
[34m[1mBuild image provisioning date and time[0m
Thu Feb  5 15:09:33 UTC 2015
[34m[1mOperating System Details[0m
Distributor ID:	Ubuntu
Description:	Ubuntu 12.04.5 LTS
Release:	12.04
Codename:	precise
[34m[1mLinux Version[0m
3.13.0-29-generic
[34m[1mCookbooks Version[0m
a68419e https://github.com/travis-ci/travis-cookbooks/tree/a68419e
[34m[1mGCC version[0m
gcc (Ubuntu/Linaro 4.6.3-1ubuntu5) 4.6.3
Copyright (C) 2011 Free Software Foundation, Inc.
This is free software; see the source for copying conditions.  There is NO
warranty; not even for MERCHANTABILITY or FITNESS FOR A PARTICULAR PURPOSE.

[34m[1mLLVM version[0m
clang version 3.4 (tags/RELEASE_34/final)
Target: x86_64-unknown-linux-gnu
Thread model: posix
[34m[1mPre-installed Ruby versions[0m
ruby-1.9.3-p551
[34m[1mPre-installed Node.js versions[0m
v0.10.36
[34m[1mPre-installed Go versions[0m
1.4.1
[34m[1mRedis version[0m
redis-server 2.8.19
[34m[1mriak version[0m
2.0.2
[34m[1mMongoDB version[0m
MongoDB 2.4.12
[34m[1mCouchDB version[0m
couchdb 1.6.1
[34m[1mNeo4j version[0m
1.9.4
[34m[1mRabbitMQ Version[0m
3.4.3
[34m[1mElasticSearch version[0m
1.4.0
[34m[1mInstalled Sphinx versions[0m
2.0.10
2.1.9
2.2.6
[34m[1mDefault Sphinx version[0m
2.2.6
[34m[1mInstalled Firefox version[0m
firefox 31.0esr
[34m[1mPhantomJS version[0m
1.9.8
[34m[1mant -version[0m
Apache Ant(TM) version 1.8.2 compiled on December 3 2011
[34m[1mmvn -version[0m
Apache Maven 3.2.5 (12a6b3acb947671f09b81f49094c53f426d8cea1; 2014-12-14T17:29:23+00:00)
Maven home: /usr/local/maven
Java version: 1.7.0_76, vendor: Oracle Corporation
Java home: /usr/lib/jvm/java-7-oracle/jre
Default locale: en_US, platform encoding: ANSI_X3.4-1968
OS name: "linux", version: "3.13.0-29-generic", arch: "amd64", family: "unix"
travis_fold:end:system_info[0K
W: GPG error: http://apt.postgresql.org precise-pgdg Release: The following signatures were invalid: KEYEXPIRED 1562078959
W: Failed to fetch http://ppa.launchpad.net/travis-ci/zero-mq/ubuntu/dists/precise/main/binary-amd64/Packages  403  Forbidden

W: Failed to fetch http://ppa.launchpad.net/travis-ci/zero-mq/ubuntu/dists/precise/main/binary-i386/Packages  403  Forbidden

W: Failed to fetch http://downloads-distro.mongodb.org/repo/debian-sysvinit/dists/dist/10gen/binary-amd64/Packages  Undetermined Error [IP: 52.21.89.200 80]

W: Failed to fetch http://downloads-distro.mongodb.org/repo/debian-sysvinit/dists/dist/10gen/binary-i386/Packages  Undetermined Error [IP: 52.21.89.200 80]

E: Some index files failed to download. They have been ignored, or old ones used instead.
sed: cannot rename /etc/hosts: Device or resource busy
sed: cannot rename /etc/hosts: Device or resource busy
$ cd failed/terasolunaorg/guideline
travis_time:start:02dd7190[0K$ source ~/virtualenv/python3.4/bin/activate

travis_time:end:02dd7190:start=1608349675594481815,finish=1608349675605085946,duration=10604131[0K$ python --version
Python 3.4.2
$ pip --version
pip 6.0.7 from /home/travis/virtualenv/python3.4.2/lib/python3.4/site-packages (python 3.4)
travis_fold:start:install.1[0Ktravis_time:start:0273a620[0K$ pip install --upgrade pip
Collecting pip from https://files.pythonhosted.org/packages/54/eb/4a3642e971f404d69d4f6fa3885559d67562801b99d7592487f1ecc4e017/pip-20.3.3-py2.py3-none-any.whl#sha256=fab098c8a1758295dd9f57413c199f23571e8fde6cc39c22c78c961b4ac6286d
  Downloading https://files.pythonhosted.org/packages/54/eb/4a3642e971f404d69d4f6fa3885559d67562801b99d7592487f1ecc4e017/pip-20.3.3-py2.py3-none-any.whl (1.5MB)
Installing collected packages: pip
  Found existing installation: pip 6.0.7
    Uninstalling pip-6.0.7:
      Successfully uninstalled pip-6.0.7

Successfully installed pip-20.3.3

travis_time:end:0273a620:start=1608349675995580763,finish=1608349679178605281,duration=3183024518[0Ktravis_fold:end:install.1[0Ktravis_fold:start:install.2[0Ktravis_time:start:00280758[0K$ pip install -r requirements.txt
Traceback (most recent call last):
  File "/home/travis/virtualenv/python3.4.2/bin/pip", line 7, in <module>
    from pip._internal.cli.main import main
  File "/home/travis/virtualenv/python3.4.2/lib/python3.4/site-packages/pip/_internal/cli/main.py", line 10, in <module>
    from pip._internal.cli.autocompletion import autocomplete
  File "/home/travis/virtualenv/python3.4.2/lib/python3.4/site-packages/pip/_internal/cli/autocompletion.py", line 9, in <module>
    from pip._internal.cli.main_parser import create_main_parser
  File "/home/travis/virtualenv/python3.4.2/lib/python3.4/site-packages/pip/_internal/cli/main_parser.py", line 7, in <module>
    from pip._internal.cli import cmdoptions
  File "/home/travis/virtualenv/python3.4.2/lib/python3.4/site-packages/pip/_internal/cli/cmdoptions.py", line 25, in <module>
    from pip._internal.cli.progress_bars import BAR_TYPES
  File "/home/travis/virtualenv/python3.4.2/lib/python3.4/site-packages/pip/_internal/cli/progress_bars.py", line 12, in <module>
    from pip._internal.utils.logging import get_indentation
  File "/home/travis/virtualenv/python3.4.2/lib/python3.4/site-packages/pip/_internal/utils/logging.py", line 18, in <module>
    from pip._internal.utils.misc import ensure_dir
  File "/home/travis/virtualenv/python3.4.2/lib/python3.4/site-packages/pip/_internal/utils/misc.py", line 21, in <module>
    from pip._vendor import pkg_resources
  File "/home/travis/virtualenv/python3.4.2/lib/python3.4/site-packages/pip/_vendor/pkg_resources/__init__.py", line 92, in <module>
    raise RuntimeError("Python 3.5 or later is required")
RuntimeError: Python 3.5 or later is required

travis_time:end:00280758:start=1608349679189919251,finish=1608349679416981307,duration=227062056[0K
[31;1mThe command "pip install -r requirements.txt" failed and exited with 1 during .[0m

Your build has been stopped.
