travis_fold:start:system_info[0K[33;1mBuild system information[0m
Build language: python
Build id: ''
Job id: ''
[34m[1mBuild image provisioning date and time[0m
Thu Feb  5 15:09:33 UTC 2015
[34m[1mOperating System Details[0m
Distributor ID:	Ubuntu
Description:	Ubuntu 12.04.5 LTS
Release:	12.04
Codename:	precise
[34m[1mLinux Version[0m
3.13.0-29-generic
[34m[1mCookbooks Version[0m
a68419e https://github.com/travis-ci/travis-cookbooks/tree/a68419e
[34m[1mGCC version[0m
gcc (Ubuntu/Linaro 4.6.3-1ubuntu5) 4.6.3
Copyright (C) 2011 Free Software Foundation, Inc.
This is free software; see the source for copying conditions.  There is NO
warranty; not even for MERCHANTABILITY or FITNESS FOR A PARTICULAR PURPOSE.

[34m[1mLLVM version[0m
clang version 3.4 (tags/RELEASE_34/final)
Target: x86_64-unknown-linux-gnu
Thread model: posix
[34m[1mPre-installed Ruby versions[0m
ruby-1.9.3-p551
[34m[1mPre-installed Node.js versions[0m
v0.10.36
[34m[1mPre-installed Go versions[0m
1.4.1
[34m[1mRedis version[0m
redis-server 2.8.19
[34m[1mriak version[0m
2.0.2
[34m[1mMongoDB version[0m
MongoDB 2.4.12
[34m[1mCouchDB version[0m
couchdb 1.6.1
[34m[1mNeo4j version[0m
1.9.4
[34m[1mRabbitMQ Version[0m
3.4.3
[34m[1mElasticSearch version[0m
1.4.0
[34m[1mInstalled Sphinx versions[0m
2.0.10
2.1.9
2.2.6
[34m[1mDefault Sphinx version[0m
2.2.6
[34m[1mInstalled Firefox version[0m
firefox 31.0esr
[34m[1mPhantomJS version[0m
1.9.8
[34m[1mant -version[0m
Apache Ant(TM) version 1.8.2 compiled on December 3 2011
[34m[1mmvn -version[0m
Apache Maven 3.2.5 (12a6b3acb947671f09b81f49094c53f426d8cea1; 2014-12-14T17:29:23+00:00)
Maven home: /usr/local/maven
Java version: 1.7.0_76, vendor: Oracle Corporation
Java home: /usr/lib/jvm/java-7-oracle/jre
Default locale: en_US, platform encoding: ANSI_X3.4-1968
OS name: "linux", version: "3.13.0-29-generic", arch: "amd64", family: "unix"
travis_fold:end:system_info[0K
W: GPG error: http://apt.postgresql.org precise-pgdg Release: The following signatures were invalid: KEYEXPIRED 1562078959
W: Failed to fetch http://ppa.launchpad.net/travis-ci/zero-mq/ubuntu/dists/precise/main/binary-amd64/Packages  403  Forbidden

W: Failed to fetch http://ppa.launchpad.net/travis-ci/zero-mq/ubuntu/dists/precise/main/binary-i386/Packages  403  Forbidden

W: Failed to fetch http://downloads-distro.mongodb.org/repo/debian-sysvinit/dists/dist/10gen/binary-amd64/Packages  Undetermined Error [IP: 54.175.147.155 80]

W: Failed to fetch http://downloads-distro.mongodb.org/repo/debian-sysvinit/dists/dist/10gen/binary-i386/Packages  Undetermined Error [IP: 54.175.147.155 80]

E: Some index files failed to download. They have been ignored, or old ones used instead.
sed: cannot rename /etc/hosts: Device or resource busy
sed: cannot rename /etc/hosts: Device or resource busy
$ cd passed/ansible/ansible
travis_fold:start:git.submodule[0Ktravis_time:start:227d49f3[0K$ git submodule update --init --recursive
Submodule 'lib/ansible/modules/core' (https://github.com/ansible/ansible-modules-core) registered for path 'lib/ansible/modules/core'
Submodule 'lib/ansible/modules/extras' (https://github.com/ansible/ansible-modules-extras) registered for path 'lib/ansible/modules/extras'
Cloning into 'lib/ansible/modules/core'...
Submodule path 'lib/ansible/modules/core': checked out '34655e8e29c089e33cd505198e1356b893dfff32'
Cloning into 'lib/ansible/modules/extras'...
Submodule path 'lib/ansible/modules/extras': checked out '6a3cf6335172adc94cda8588930e4760b471551d'

travis_time:end:227d49f3:start=1615596137265071909,finish=1615596143499064888,duration=6233992979[0Ktravis_fold:end:git.submodule[0K
[33;1mSetting environment variables from .travis.yml[0m
$ export TOXENV=py34

travis_time:start:000726f0[0K$ source ~/virtualenv/python2.7/bin/activate

travis_time:end:000726f0:start=1615596143514767213,finish=1615596143522768895,duration=8001682[0K$ python --version
Python 2.7.9
$ pip --version
pip 6.0.7 from /home/travis/virtualenv/python2.7.9/lib/python2.7/site-packages (python 2.7)
travis_fold:start:install[0Ktravis_time:start:199f9e90[0K$ pip install tox PyYAML Jinja2 sphinx
Collecting tox
  Downloading https://files.pythonhosted.org/packages/ec/7e/4609fd0386d41f0b94fe952708970fb87cc1fb66e088758b1f0ab336802e/tox-3.23.0-py2.py3-none-any.whl (85kB)
  Exception:
  Traceback (most recent call last):
    File "/home/travis/virtualenv/python2.7.9/lib/python2.7/site-packages/pip/basecommand.py", line 232, in main
      status = self.run(options, args)
    File "/home/travis/virtualenv/python2.7.9/lib/python2.7/site-packages/pip/commands/install.py", line 339, in run
      requirement_set.prepare_files(finder)
    File "/home/travis/virtualenv/python2.7.9/lib/python2.7/site-packages/pip/req/req_set.py", line 436, in prepare_files
      req_to_install.extras):
    File "/home/travis/virtualenv/python2.7.9/lib/python2.7/site-packages/pip/_vendor/pkg_resources/__init__.py", line 2496, in requires
      dm = self._dep_map
    File "/home/travis/virtualenv/python2.7.9/lib/python2.7/site-packages/pip/_vendor/pkg_resources/__init__.py", line 2697, in _dep_map
      self.__dep_map = self._compute_dependencies()
    File "/home/travis/virtualenv/python2.7.9/lib/python2.7/site-packages/pip/_vendor/pkg_resources/__init__.py", line 2730, in _compute_dependencies
      common = frozenset(reqs_for_extra(None))
    File "/home/travis/virtualenv/python2.7.9/lib/python2.7/site-packages/pip/_vendor/pkg_resources/__init__.py", line 2727, in reqs_for_extra
      if req.marker_fn(override={'extra':extra}):
    File "/home/travis/virtualenv/python2.7.9/lib/python2.7/site-packages/pip/_vendor/_markerlib/markers.py", line 113, in marker_fn
      return eval(compiled_marker, environment)
    File "<environment marker>", line 1, in <module>
  NameError: name 'platform_system' is not defined


travis_time:end:199f9e90:start=1615596143808272903,finish=1615596144554517088,duration=746244185[0K
[31;1mThe command "pip install tox PyYAML Jinja2 sphinx" failed and exited with 2 during .[0m

Your build has been stopped.
