travis_fold:start:system_info[0K[33;1mBuild system information[0m
Build language: python
Build id: ''
Job id: ''
[34m[1mBuild image provisioning date and time[0m
Thu Feb  5 15:09:33 UTC 2015
[34m[1mOperating System Details[0m
Distributor ID:	Ubuntu
Description:	Ubuntu 12.04.5 LTS
Release:	12.04
Codename:	precise
[34m[1mLinux Version[0m
3.13.0-29-generic
[34m[1mCookbooks Version[0m
a68419e https://github.com/travis-ci/travis-cookbooks/tree/a68419e
[34m[1mGCC version[0m
gcc (Ubuntu/Linaro 4.6.3-1ubuntu5) 4.6.3
Copyright (C) 2011 Free Software Foundation, Inc.
This is free software; see the source for copying conditions.  There is NO
warranty; not even for MERCHANTABILITY or FITNESS FOR A PARTICULAR PURPOSE.

[34m[1mLLVM version[0m
clang version 3.4 (tags/RELEASE_34/final)
Target: x86_64-unknown-linux-gnu
Thread model: posix
[34m[1mPre-installed Ruby versions[0m
ruby-1.9.3-p551
[34m[1mPre-installed Node.js versions[0m
v0.10.36
[34m[1mPre-installed Go versions[0m
1.4.1
[34m[1mRedis version[0m
redis-server 2.8.19
[34m[1mriak version[0m
2.0.2
[34m[1mMongoDB version[0m
MongoDB 2.4.12
[34m[1mCouchDB version[0m
couchdb 1.6.1
[34m[1mNeo4j version[0m
1.9.4
[34m[1mRabbitMQ Version[0m
3.4.3
[34m[1mElasticSearch version[0m
1.4.0
[34m[1mInstalled Sphinx versions[0m
2.0.10
2.1.9
2.2.6
[34m[1mDefault Sphinx version[0m
2.2.6
[34m[1mInstalled Firefox version[0m
firefox 31.0esr
[34m[1mPhantomJS version[0m
1.9.8
[34m[1mant -version[0m
Apache Ant(TM) version 1.8.2 compiled on December 3 2011
[34m[1mmvn -version[0m
Apache Maven 3.2.5 (12a6b3acb947671f09b81f49094c53f426d8cea1; 2014-12-14T17:29:23+00:00)
Maven home: /usr/local/maven
Java version: 1.7.0_76, vendor: Oracle Corporation
Java home: /usr/lib/jvm/java-7-oracle/jre
Default locale: en_US, platform encoding: ANSI_X3.4-1968
OS name: "linux", version: "3.13.0-29-generic", arch: "amd64", family: "unix"
travis_fold:end:system_info[0K
grep: /etc/apt/sources.list.d/*: No such file or directory
sed: cannot rename /etc/hosts: Device or resource busy
sed: cannot rename /etc/hosts: Device or resource busy
$ cd failed/ccnmtl/dmt
travis_fold:start:install_firefox[0K$ export FIREFOX_SOURCE_URL='https://download.mozilla.org/?product=firefox-28.0&lang=en-US&os=linux64'
[33;1mInstalling Firefox 28.0[0m
travis_time:start:0010a2f8[0K$ wget -O /tmp/firefox-28.0.tar.bz2 $FIREFOX_SOURCE_URL
--2021-03-13 04:49:14--  https://download.mozilla.org/?product=firefox-28.0&lang=en-US&os=linux64
Resolving download.mozilla.org (download.mozilla.org)... 44.231.203.24, 52.37.215.30, 34.215.18.113
Connecting to download.mozilla.org (download.mozilla.org)|44.231.203.24|:443... connected.
HTTP request sent, awaiting response... 302 Found
Location: https://download-installer.cdn.mozilla.net/pub/firefox/releases/28.0/linux-x86_64/en-US/firefox-28.0.tar.bz2 [following]
--2021-03-13 04:49:15--  https://download-installer.cdn.mozilla.net/pub/firefox/releases/28.0/linux-x86_64/en-US/firefox-28.0.tar.bz2
Resolving download-installer.cdn.mozilla.net (download-installer.cdn.mozilla.net)... 13.224.26.58, 2600:9000:2164:7600:e:19d6:1546:5981, 2600:9000:2164:b800:e:19d6:1546:5981, ...
Connecting to download-installer.cdn.mozilla.net (download-installer.cdn.mozilla.net)|13.224.26.58|:443... connected.
HTTP request sent, awaiting response... 200 OK
Length: 30503247 (29M) [application/x-tar]
Saving to: `/tmp/firefox-28.0.tar.bz2'

     0K .......... .......... .......... .......... ..........  0% 1.59M 18s
    50K .......... .......... .......... .......... ..........  0% 2.32M 15s
   100K .......... .......... .......... .......... ..........  0% 5.95M 12s
   150K .......... .......... .......... .......... ..........  0% 5.83M 10s
   200K .......... .......... .......... .......... ..........  0% 7.62M 9s
   250K .......... .......... .......... .......... ..........  1% 7.28M 8s
   300K .......... .......... .......... .......... ..........  1% 9.63M 7s
   350K .......... .......... .......... .......... ..........  1% 9.92M 7s
   400K .......... .......... .......... .......... ..........  1% 18.9M 6s
   450K .......... .......... .......... .......... ..........  1% 17.0M 6s
   500K .......... .......... .......... .......... ..........  1% 19.5M 5s
   550K .......... .......... .......... .......... ..........  2% 14.5M 5s
   600K .......... .......... .......... .......... ..........  2% 16.1M 5s
   650K .......... .......... .......... .......... ..........  2% 28.9M 4s
   700K .......... .......... .......... .......... ..........  2% 20.3M 4s
   750K .......... .......... .......... .......... ..........  2% 17.8M 4s
   800K .......... .......... .......... .......... ..........  2% 29.6M 4s
   850K .......... .......... .......... .......... ..........  3% 21.7M 4s
   900K .......... .......... .......... .......... ..........  3% 38.8M 4s
   950K .......... .......... .......... .......... ..........  3% 27.2M 3s
  1000K .......... .......... .......... .......... ..........  3% 46.0M 3s
  1050K .......... .......... .......... .......... ..........  3% 28.4M 3s
  1100K .......... .......... .......... .......... ..........  3% 45.0M 3s
  1150K .......... .......... .......... .......... ..........  4% 30.0M 3s
  1200K .......... .......... .......... .......... ..........  4% 30.5M 3s
  1250K .......... .......... .......... .......... ..........  4% 62.2M 3s
  1300K .......... .......... .......... .......... ..........  4% 37.0M 3s
  1350K .......... .......... .......... .......... ..........  4% 39.1M 3s
  1400K .......... .......... .......... .......... ..........  4% 47.0M 3s
  1450K .......... .......... .......... .......... ..........  5% 75.3M 2s
  1500K .......... .......... .......... .......... ..........  5% 44.1M 2s
  1550K .......... .......... .......... .......... ..........  5% 44.8M 2s
  1600K .......... .......... .......... .......... ..........  5% 41.4M 2s
  1650K .......... .......... .......... .......... ..........  5%  120M 2s
  1700K .......... .......... .......... .......... ..........  5% 49.1M 2s
  1750K .......... .......... .......... .......... ..........  6% 45.5M 2s
  1800K .......... .......... .......... .......... ..........  6% 56.1M 2s
  1850K .......... .......... .......... .......... ..........  6%  109M 2s
  1900K .......... .......... .......... .......... ..........  6% 47.6M 2s
  1950K .......... .......... .......... .......... ..........  6% 52.6M 2s
  2000K .......... .......... .......... .......... ..........  6% 63.4M 2s
  2050K .......... .......... .......... .......... ..........  7% 61.4M 2s
  2100K .......... .......... .......... .......... ..........  7% 96.2M 2s
  2150K .......... .......... .......... .......... ..........  7% 59.9M 2s
  2200K .......... .......... .......... .......... ..........  7% 61.8M 2s
  2250K .......... .......... .......... .......... ..........  7% 69.2M 2s
  2300K .......... .......... .......... .......... ..........  7% 59.3M 2s
  2350K .......... .......... .......... .......... ..........  8%  105M 2s
  2400K .......... .......... .......... .......... ..........  8% 73.5M 2s
  2450K .......... .......... .......... .......... ..........  8% 70.8M 2s
  2500K .......... .......... .......... .......... ..........  8% 73.3M 2s
  2550K .......... .......... .......... .......... ..........  8%  111M 2s
  2600K .......... .......... .......... .......... ..........  8% 60.0M 2s
  2650K .......... .......... .......... .......... ..........  9% 80.1M 2s
  2700K .......... .......... .......... .......... ..........  9% 95.0M 1s
  2750K .......... .......... .......... .......... ..........  9% 75.8M 1s
  2800K .......... .......... .......... .......... ..........  9% 82.8M 1s
  2850K .......... .......... .......... .......... ..........  9%  120M 1s
  2900K .......... .......... .......... .......... ..........  9% 71.4M 1s
  2950K .......... .......... .......... .......... .......... 10% 57.6M 1s
  3000K .......... .......... .......... .......... .......... 10% 72.3M 1s
  3050K .......... .......... .......... .......... .......... 10%  117M 1s
  3100K .......... .......... .......... .......... .......... 10%  112M 1s
  3150K .......... .......... .......... .......... .......... 10% 95.6M 1s
  3200K .......... .......... .......... .......... .......... 10%  114M 1s
  3250K .......... .......... .......... .......... .......... 11%  110M 1s
  3300K .......... .......... .......... .......... .......... 11%  118M 1s
  3350K .......... .......... .......... .......... .......... 11%  117M 1s
  3400K .......... .......... .......... .......... .......... 11%  113M 1s
  3450K .......... .......... .......... .......... .......... 11%  113M 1s
  3500K .......... .......... .......... .......... .......... 11%  126M 1s
  3550K .......... .......... .......... .......... .......... 12% 88.0M 1s
  3600K .......... .......... .......... .......... .......... 12%  113M 1s
  3650K .......... .......... .......... .......... .......... 12%  130M 1s
  3700K .......... .......... .......... .......... .......... 12% 86.7M 1s
  3750K .......... .......... .......... .......... .......... 12%  113M 1s
  3800K .......... .......... .......... .......... .......... 12%  113M 1s
  3850K .......... .......... .......... .......... .......... 13%  128M 1s
  3900K .......... .......... .......... .......... .......... 13% 98.8M 1s
  3950K .......... .......... .......... .......... .......... 13%  129M 1s
  4000K .......... .......... .......... .......... .......... 13%  104M 1s
  4050K .......... .......... .......... .......... .......... 13%  119M 1s
  4100K .......... .......... .......... .......... .......... 13%  113M 1s
  4150K .......... .......... .......... .......... .......... 14%  105M 1s
  4200K .......... .......... .......... .......... .......... 14%  116M 1s
  4250K .......... .......... .......... .......... .......... 14%  112M 1s
  4300K .......... .......... .......... .......... .......... 14%  116M 1s
  4350K .......... .......... .......... .......... .......... 14% 93.5M 1s
  4400K .......... .......... .......... .......... .......... 14%  122M 1s
  4450K .......... .......... .......... .......... .......... 15%  108M 1s
  4500K .......... .......... .......... .......... .......... 15%  135M 1s
  4550K .......... .......... .......... .......... .......... 15%  117M 1s
  4600K .......... .......... .......... .......... .......... 15%  112M 1s
  4650K .......... .......... .......... .......... .......... 15%  108M 1s
  4700K .......... .......... .......... .......... .......... 15%  116M 1s
  4750K .......... .......... .......... .......... .......... 16% 86.3M 1s
  4800K .......... .......... .......... .......... .......... 16%  122M 1s
  4850K .......... .......... .......... .......... .......... 16%  117M 1s
  4900K .......... .......... .......... .......... .......... 16%  126M 1s
  4950K .......... .......... .......... .......... .......... 16%  105M 1s
  5000K .......... .......... .......... .......... .......... 16%  118M 1s
  5050K .......... .......... .......... .......... .......... 17%  112M 1s
  5100K .......... .......... .......... .......... .......... 17%  113M 1s
  5150K .......... .......... .......... .......... .......... 17% 94.0M 1s
  5200K .......... .......... .......... .......... .......... 17%  112M 1s
  5250K .......... .......... .......... .......... .......... 17%  127M 1s
  5300K .......... .......... .......... .......... .......... 17%  111M 1s
  5350K .......... .......... .......... .......... .......... 18%  110M 1s
  5400K .......... .......... .......... .......... .......... 18%  113M 1s
  5450K .......... .......... .......... .......... .......... 18%  113M 1s
  5500K .......... .......... .......... .......... .......... 18%  124M 1s
  5550K .......... .......... .......... .......... .......... 18% 92.6M 1s
  5600K .......... .......... .......... .......... .......... 18%  113M 1s
  5650K .......... .......... .......... .......... .......... 19%  113M 1s
  5700K .......... .......... .......... .......... .......... 19%  128M 1s
  5750K .......... .......... .......... .......... .......... 19%  105M 1s
  5800K .......... .......... .......... .......... .......... 19%  111M 1s
  5850K .......... .......... .......... .......... .......... 19%  118M 1s
  5900K .......... .......... .......... .......... .......... 19%  124M 1s
  5950K .......... .......... .......... .......... .......... 20% 86.5M 1s
  6000K .......... .......... .......... .......... .......... 20%  129M 1s
  6050K .......... .......... .......... .......... .......... 20%  112M 1s
  6100K .......... .......... .......... .......... .......... 20%  105M 1s
  6150K .......... .......... .......... .......... .......... 20%  122M 1s
  6200K .......... .......... .......... .......... .......... 20%  108M 1s
  6250K .......... .......... .......... .......... .......... 21%  120M 1s
  6300K .......... .......... .......... .......... .......... 21%  110M 1s
  6350K .......... .......... .......... .......... .......... 21%  111M 1s
  6400K .......... .......... .......... .......... .......... 21% 99.6M 1s
  6450K .......... .......... .......... .......... .......... 21% 94.6M 1s
  6500K .......... .......... .......... .......... .......... 21%  137M 1s
  6550K .......... .......... .......... .......... .......... 22%  118M 1s
  6600K .......... .......... .......... .......... .......... 22%  109M 1s
  6650K .......... .......... .......... .......... .......... 22%  120M 1s
  6700K .......... .......... .......... .......... .......... 22%  118M 1s
  6750K .......... .......... .......... .......... .......... 22%  113M 1s
  6800K .......... .......... .......... .......... .......... 22% 93.6M 1s
  6850K .......... .......... .......... .......... .......... 23%  113M 1s
  6900K .......... .......... .......... .......... .......... 23%  127M 1s
  6950K .......... .......... .......... .......... .......... 23%  114M 1s
  7000K .......... .......... .......... .......... .......... 23%  108M 1s
  7050K .......... .......... .......... .......... .......... 23%  124M 1s
  7100K .......... .......... .......... .......... .......... 24%  112M 1s
  7150K .......... .......... .......... .......... .......... 24% 87.5M 1s
  7200K .......... .......... .......... .......... .......... 24%  129M 1s
  7250K .......... .......... .......... .......... .......... 24%  113M 1s
  7300K .......... .......... .......... .......... .......... 24%  110M 1s
  7350K .......... .......... .......... .......... .......... 24%  122M 1s
  7400K .......... .......... .......... .......... .......... 25%  112M 1s
  7450K .......... .......... .......... .......... .......... 25%  114M 1s
  7500K .......... .......... .......... .......... .......... 25%  112M 1s
  7550K .......... .......... .......... .......... .......... 25%  112M 1s
  7600K .......... .......... .......... .......... .......... 25%  112M 1s
  7650K .......... .......... .......... .......... .......... 25%  105M 1s
  7700K .......... .......... .......... .......... .......... 26%  112M 1s
  7750K .......... .......... .......... .......... .......... 26%  109M 1s
  7800K .......... .......... .......... .......... .......... 26%  113M 1s
  7850K .......... .......... .......... .......... .......... 26%  101M 1s
  7900K .......... .......... .......... .......... .......... 26%  121M 1s
  7950K .......... .......... .......... .......... .......... 26% 99.7M 1s
  8000K .......... .......... .......... .......... .......... 27%  115M 1s
  8050K .......... .......... .......... .......... .......... 27%  104M 1s
  8100K .......... .......... .......... .......... .......... 27%  118M 1s
  8150K .......... .......... .......... .......... .......... 27%  110M 1s
  8200K .......... .......... .......... .......... .......... 27% 97.0M 1s
  8250K .......... .......... .......... .......... .......... 27%  103M 1s
  8300K .......... .......... .......... .......... .......... 28%  119M 1s
  8350K .......... .......... .......... .......... .......... 28% 89.6M 1s
  8400K .......... .......... .......... .......... .......... 28%  105M 1s
  8450K .......... .......... .......... .......... .......... 28%  114M 1s
  8500K .......... .......... .......... .......... .......... 28%  128M 1s
  8550K .......... .......... .......... .......... .......... 28%  111M 1s
  8600K .......... .......... .......... .......... .......... 29%  101M 0s
  8650K .......... .......... .......... .......... .......... 29%  111M 0s
  8700K .......... .......... .......... .......... .......... 29%  102M 0s
  8750K .......... .......... .......... .......... .......... 29%  115M 0s
  8800K .......... .......... .......... .......... .......... 29%  102M 0s
  8850K .......... .......... .......... .......... .......... 29%  116M 0s
  8900K .......... .......... .......... .......... .......... 30%  120M 0s
  8950K .......... .......... .......... .......... .......... 30%  107M 0s
  9000K .......... .......... .......... .......... .......... 30%  117M 0s
  9050K .......... .......... .......... .......... .......... 30%  107M 0s
  9100K .......... .......... .......... .......... .......... 30%  107M 0s
  9150K .......... .......... .......... .......... .......... 30%  101M 0s
  9200K .......... .......... .......... .......... .......... 31%  108M 0s
  9250K .......... .......... .......... .......... .......... 31%  148M 0s
  9300K .......... .......... .......... .......... .......... 31%  138M 0s
  9350K .......... .......... .......... .......... .......... 31%  129M 0s
  9400K .......... .......... .......... .......... .......... 31%  142M 0s
  9450K .......... .......... .......... .......... .......... 31%  116M 0s
  9500K .......... .......... .......... .......... .......... 32%  129M 0s
  9550K .......... .......... .......... .......... .......... 32%  114M 0s
  9600K .......... .......... .......... .......... .......... 32% 97.0M 0s
  9650K .......... .......... .......... .......... .......... 32%  113M 0s
  9700K .......... .......... .......... .......... .......... 32%  113M 0s
  9750K .......... .......... .......... .......... .......... 32%  116M 0s
  9800K .......... .......... .......... .......... .......... 33%  108M 0s
  9850K .......... .......... .......... .......... .......... 33%  125M 0s
  9900K .......... .......... .......... .......... .......... 33%  108M 0s
  9950K .......... .......... .......... .......... .......... 33%  106M 0s
 10000K .......... .......... .......... .......... .......... 33%  102M 0s
 10050K .......... .......... .......... .......... .......... 33%  112M 0s
 10100K .......... .......... .......... .......... .......... 34%  124M 0s
 10150K .......... .......... .......... .......... .......... 34%  108M 0s
 10200K .......... .......... .......... .......... .......... 34%  112M 0s
 10250K .......... .......... .......... .......... .......... 34%  119M 0s
 10300K .......... .......... .......... .......... .......... 34%  119M 0s
 10350K .......... .......... .......... .......... .......... 34%  113M 0s
 10400K .......... .......... .......... .......... .......... 35% 88.0M 0s
 10450K .......... .......... .......... .......... .......... 35%  120M 0s
 10500K .......... .......... .......... .......... .......... 35%  120M 0s
 10550K .......... .......... .......... .......... .......... 35%  109M 0s
 10600K .......... .......... .......... .......... .......... 35%  107M 0s
 10650K .......... .......... .......... .......... .......... 35%  128M 0s
 10700K .......... .......... .......... .......... .......... 36%  113M 0s
 10750K .......... .......... .......... .......... .......... 36%  112M 0s
 10800K .......... .......... .......... .......... .......... 36% 97.2M 0s
 10850K .......... .......... .......... .......... .......... 36%  113M 0s
 10900K .......... .......... .......... .......... .......... 36%  132M 0s
 10950K .......... .......... .......... .......... .......... 36%  106M 0s
 11000K .......... .......... .......... .......... .......... 37%  105M 0s
 11050K .......... .......... .......... .......... .......... 37%  113M 0s
 11100K .......... .......... .......... .......... .......... 37%  128M 0s
 11150K .......... .......... .......... .......... .......... 37% 88.0M 0s
 11200K .......... .......... .......... .......... .......... 37%  127M 0s
 11250K .......... .......... .......... .......... .......... 37%  112M 0s
 11300K .......... .......... .......... .......... .......... 38%  115M 0s
 11350K .......... .......... .......... .......... .......... 38%  112M 0s
 11400K .......... .......... .......... .......... .......... 38%  104M 0s
 11450K .......... .......... .......... .......... .......... 38%  128M 0s
 11500K .......... .......... .......... .......... .......... 38%  113M 0s
 11550K .......... .......... .......... .......... .......... 38%  110M 0s
 11600K .......... .......... .......... .......... .......... 39% 96.3M 0s
 11650K .......... .......... .......... .......... .......... 39%  120M 0s
 11700K .......... .......... .......... .......... .......... 39%  109M 0s
 11750K .......... .......... .......... .......... .......... 39%  122M 0s
 11800K .......... .......... .......... .......... .......... 39%  106M 0s
 11850K .......... .......... .......... .......... .......... 39%  123M 0s
 11900K .......... .......... .......... .......... .......... 40%  112M 0s
 11950K .......... .......... .......... .......... .......... 40%  115M 0s
 12000K .......... .......... .......... .......... .......... 40% 89.1M 0s
 12050K .......... .......... .......... .......... .......... 40%  123M 0s
 12100K .......... .......... .......... .......... .......... 40%  122M 0s
 12150K .......... .......... .......... .......... .......... 40%  109M 0s
 12200K .......... .......... .......... .......... .......... 41%  103M 0s
 12250K .......... .......... .......... .......... .......... 41%  129M 0s
 12300K .......... .......... .......... .......... .......... 41%  114M 0s
 12350K .......... .......... .......... .......... .......... 41%  112M 0s
 12400K .......... .......... .......... .......... .......... 41% 97.5M 0s
 12450K .......... .......... .......... .......... .......... 41%  112M 0s
 12500K .......... .......... .......... .......... .......... 42%  113M 0s
 12550K .......... .......... .......... .......... .......... 42%  127M 0s
 12600K .......... .......... .......... .......... .......... 42%  104M 0s
 12650K .......... .......... .......... .......... .......... 42%  112M 0s
 12700K .......... .......... .......... .......... .......... 42%  130M 0s
 12750K .......... .......... .......... .......... .......... 42%  109M 0s
 12800K .......... .......... .......... .......... .......... 43% 97.8M 0s
 12850K .......... .......... .......... .......... .......... 43%  112M 0s
 12900K .......... .......... .......... .......... .......... 43%  113M 0s
 12950K .......... .......... .......... .......... .......... 43%  114M 0s
 13000K .......... .......... .......... .......... .......... 43%  103M 0s
 13050K .......... .......... .......... .......... .......... 43%  129M 0s
 13100K .......... .......... .......... .......... .......... 44%  113M 0s
 13150K .......... .......... .......... .......... .......... 44% 99.9M 0s
 13200K .......... .......... .......... .......... .......... 44%  109M 0s
 13250K .......... .......... .......... .......... .......... 44%  114M 0s
 13300K .......... .......... .......... .......... .......... 44%  123M 0s
 13350K .......... .......... .......... .......... .......... 44%  106M 0s
 13400K .......... .......... .......... .......... .......... 45%  117M 0s
 13450K .......... .......... .......... .......... .......... 45%  110M 0s
 13500K .......... .......... .......... .......... .......... 45%  122M 0s
 13550K .......... .......... .......... .......... .......... 45%  108M 0s
 13600K .......... .......... .......... .......... .......... 45%  104M 0s
 13650K .......... .......... .......... .......... .......... 45%  110M 0s
 13700K .......... .......... .......... .......... .......... 46%  120M 0s
 13750K .......... .......... .......... .......... .......... 46%  107M 0s
 13800K .......... .......... .......... .......... .......... 46%  114M 0s
 13850K .......... .......... .......... .......... .......... 46%  108M 0s
 13900K .......... .......... .......... .......... .......... 46%  120M 0s
 13950K .......... .......... .......... .......... .......... 46%  115M 0s
 14000K .......... .......... .......... .......... .......... 47% 97.3M 0s
 14050K .......... .......... .......... .......... .......... 47%  113M 0s
 14100K .......... .......... .......... .......... .......... 47%  113M 0s
 14150K .......... .......... .......... .......... .......... 47%  127M 0s
 14200K .......... .......... .......... .......... .......... 47%  104M 0s
 14250K .......... .......... .......... .......... .......... 48%  113M 0s
 14300K .......... .......... .......... .......... .......... 48%  112M 0s
 14350K .......... .......... .......... .......... .......... 48%  109M 0s
 14400K .......... .......... .......... .......... .......... 48%  117M 0s
 14450K .......... .......... .......... .......... .......... 48%  112M 0s
 14500K .......... .......... .......... .......... .......... 48%  109M 0s
 14550K .......... .......... .......... .......... .......... 49% 98.1M 0s
 14600K .......... .......... .......... .......... .......... 49%  134M 0s
 14650K .......... .......... .......... .......... .......... 49%  110M 0s
 14700K .......... .......... .......... .......... .......... 49%  115M 0s
 14750K .......... .......... .......... .......... .......... 49% 97.2M 0s
 14800K .......... .......... .......... .......... .......... 49%  112M 0s
 14850K .......... .......... .......... .......... .......... 50%  114M 0s
 14900K .......... .......... .......... .......... .......... 50%  112M 0s
 14950K .......... .......... .......... .......... .......... 50%  117M 0s
 15000K .......... .......... .......... .......... .......... 50%  112M 0s
 15050K .......... .......... .......... .......... .......... 50%  112M 0s
 15100K .......... .......... .......... .......... .......... 50%  129M 0s
 15150K .......... .......... .......... .......... .......... 51% 88.8M 0s
 15200K .......... .......... .......... .......... .......... 51%  130M 0s
 15250K .......... .......... .......... .......... .......... 51%  110M 0s
 15300K .......... .......... .......... .......... .......... 51%  106M 0s
 15350K .......... .......... .......... .......... .......... 51%  108M 0s
 15400K .......... .......... .......... .......... .......... 51%  125M 0s
 15450K .......... .......... .......... .......... .......... 52%  109M 0s
 15500K .......... .......... .......... .......... .......... 52%  121M 0s
 15550K .......... .......... .......... .......... .......... 52%  100M 0s
 15600K .......... .......... .......... .......... .......... 52%  102M 0s
 15650K .......... .......... .......... .......... .......... 52%  121M 0s
 15700K .......... .......... .......... .......... .......... 52%  120M 0s
 15750K .......... .......... .......... .......... .......... 53%  119M 0s
 15800K .......... .......... .......... .......... .......... 53%  102M 0s
 15850K .......... .......... .......... .......... .......... 53%  113M 0s
 15900K .......... .......... .......... .......... .......... 53%  116M 0s
 15950K .......... .......... .......... .......... .......... 53%  126M 0s
 16000K .......... .......... .......... .......... .......... 53% 86.5M 0s
 16050K .......... .......... .......... .......... .......... 54%  108M 0s
 16100K .......... .......... .......... .......... .......... 54%  137M 0s
 16150K .......... .......... .......... .......... .......... 54%  102M 0s
 16200K .......... .......... .......... .......... .......... 54% 34.8M 0s
 16250K .......... .......... .......... .......... .......... 54%  110M 0s
 16300K .......... .......... .......... .......... .......... 54% 87.1M 0s
 16350K .......... .......... .......... .......... .......... 55% 72.7M 0s
 16400K .......... .......... .......... .......... .......... 55%  132M 0s
 16450K .......... .......... .......... .......... .......... 55%  122M 0s
 16500K .......... .......... .......... .......... .......... 55%  105M 0s
 16550K .......... .......... .......... .......... .......... 55%  113M 0s
 16600K .......... .......... .......... .......... .......... 55%  107M 0s
 16650K .......... .......... .......... .......... .......... 56%  112M 0s
 16700K .......... .......... .......... .......... .......... 56%  102M 0s
 16750K .......... .......... .......... .......... .......... 56% 46.1M 0s
 16800K .......... .......... .......... .......... .......... 56% 84.4M 0s
 16850K .......... .......... .......... .......... .......... 56% 81.9M 0s
 16900K .......... .......... .......... .......... .......... 56% 66.3M 0s
 16950K .......... .......... .......... .......... .......... 57%  116M 0s
 17000K .......... .......... .......... .......... .......... 57%  106M 0s
 17050K .......... .......... .......... .......... .......... 57%  126M 0s
 17100K .......... .......... .......... .......... .......... 57% 71.1M 0s
 17150K .......... .......... .......... .......... .......... 57% 63.1M 0s
 17200K .......... .......... .......... .......... .......... 57%  108M 0s
 17250K .......... .......... .......... .......... .......... 58% 81.1M 0s
 17300K .......... .......... .......... .......... .......... 58% 81.0M 0s
 17350K .......... .......... .......... .......... .......... 58% 52.9M 0s
 17400K .......... .......... .......... .......... .......... 58%  114M 0s
 17450K .......... .......... .......... .......... .......... 58% 93.0M 0s
 17500K .......... .......... .......... .......... .......... 58%  111M 0s
 17550K .......... .......... .......... .......... .......... 59%  101M 0s
 17600K .......... .......... .......... .......... .......... 59% 95.9M 0s
 17650K .......... .......... .......... .......... .......... 59% 47.8M 0s
 17700K .......... .......... .......... .......... .......... 59%  113M 0s
 17750K .......... .......... .......... .......... .......... 59%  115M 0s
 17800K .......... .......... .......... .......... .......... 59% 46.2M 0s
 17850K .......... .......... .......... .......... .......... 60% 75.8M 0s
 17900K .......... .......... .......... .......... .......... 60%  115M 0s
 17950K .......... .......... .......... .......... .......... 60% 92.2M 0s
 18000K .......... .......... .......... .......... .......... 60%  110M 0s
 18050K .......... .......... .......... .......... .......... 60%  120M 0s
 18100K .......... .......... .......... .......... .......... 60%  108M 0s
 18150K .......... .......... .......... .......... .......... 61%  114M 0s
 18200K .......... .......... .......... .......... .......... 61%  121M 0s
 18250K .......... .......... .......... .......... .......... 61%  110M 0s
 18300K .......... .......... .......... .......... .......... 61%  120M 0s
 18350K .......... .......... .......... .......... .......... 61% 93.6M 0s
 18400K .......... .......... .......... .......... .......... 61%  109M 0s
 18450K .......... .......... .......... .......... .......... 62%  114M 0s
 18500K .......... .......... .......... .......... .......... 62%  126M 0s
 18550K .......... .......... .......... .......... .......... 62%  109M 0s
 18600K .......... .......... .......... .......... .......... 62%  105M 0s
 18650K .......... .......... .......... .......... .......... 62%  135M 0s
 18700K .......... .......... .......... .......... .......... 62%  114M 0s
 18750K .......... .......... .......... .......... .......... 63% 95.7M 0s
 18800K .......... .......... .......... .......... .......... 63%  113M 0s
 18850K .......... .......... .......... .......... .......... 63%  113M 0s
 18900K .......... .......... .......... .......... .......... 63%  112M 0s
 18950K .......... .......... .......... .......... .......... 63%  108M 0s
 19000K .......... .......... .......... .......... .......... 63%  123M 0s
 19050K .......... .......... .......... .......... .......... 64%  112M 0s
 19100K .......... .......... .......... .......... .......... 64%  111M 0s
 19150K .......... .......... .......... .......... .......... 64%  114M 0s
 19200K .......... .......... .......... .......... .......... 64%  108M 0s
 19250K .......... .......... .......... .......... .......... 64% 99.4M 0s
 19300K .......... .......... .......... .......... .......... 64%  128M 0s
 19350K .......... .......... .......... .......... .......... 65%  112M 0s
 19400K .......... .......... .......... .......... .......... 65%  107M 0s
 19450K .......... .......... .......... .......... .......... 65%  116M 0s
 19500K .......... .......... .......... .......... .......... 65%  129M 0s
 19550K .......... .......... .......... .......... .......... 65% 85.0M 0s
 19600K .......... .......... .......... .......... .......... 65%  112M 0s
 19650K .......... .......... .......... .......... .......... 66%  129M 0s
 19700K .......... .......... .......... .......... .......... 66%  114M 0s
 19750K .......... .......... .......... .......... .......... 66%  115M 0s
 19800K .......... .......... .......... .......... .......... 66%  109M 0s
 19850K .......... .......... .......... .......... .......... 66%  121M 0s
 19900K .......... .......... .......... .......... .......... 66%  109M 0s
 19950K .......... .......... .......... .......... .......... 67%  121M 0s
 20000K .......... .......... .......... .......... .......... 67% 91.5M 0s
 20050K .......... .......... .......... .......... .......... 67%  121M 0s
 20100K .......... .......... .......... .......... .......... 67%  109M 0s
 20150K .......... .......... .......... .......... .......... 67%  116M 0s
 20200K .......... .......... .......... .......... .......... 67%  118M 0s
 20250K .......... .......... .......... .......... .......... 68%  110M 0s
 20300K .......... .......... .......... .......... .......... 68%  110M 0s
 20350K .......... .......... .......... .......... .......... 68%  119M 0s
 20400K .......... .......... .......... .......... .......... 68% 99.7M 0s
 20450K .......... .......... .......... .......... .......... 68%  112M 0s
 20500K .......... .......... .......... .......... .......... 68%  113M 0s
 20550K .......... .......... .......... .......... .......... 69%  113M 0s
 20600K .......... .......... .......... .......... .......... 69%  108M 0s
 20650K .......... .......... .......... .......... .......... 69%  122M 0s
 20700K .......... .......... .......... .......... .......... 69%  117M 0s
 20750K .......... .......... .......... .......... .......... 69%  110M 0s
 20800K .......... .......... .......... .......... .......... 69% 95.5M 0s
 20850K .......... .......... .......... .......... .......... 70%  113M 0s
 20900K .......... .......... .......... .......... .......... 70%  109M 0s
 20950K .......... .......... .......... .......... .......... 70%  123M 0s
 21000K .......... .......... .......... .......... .......... 70%  113M 0s
 21050K .......... .......... .......... .......... .......... 70%  113M 0s
 21100K .......... .......... .......... .......... .......... 71%  128M 0s
 21150K .......... .......... .......... .......... .......... 71% 93.4M 0s
 21200K .......... .......... .......... .......... .......... 71%  112M 0s
 21250K .......... .......... .......... .......... .......... 71%  114M 0s
 21300K .......... .......... .......... .......... .......... 71%  112M 0s
 21350K .......... .......... .......... .......... .......... 71%  105M 0s
 21400K .......... .......... .......... .......... .......... 72%  129M 0s
 21450K .......... .......... .......... .......... .......... 72%  112M 0s
 21500K .......... .......... .......... .......... .......... 72%  110M 0s
 21550K .......... .......... .......... .......... .......... 72%  112M 0s
 21600K .......... .......... .......... .......... .......... 72%  101M 0s
 21650K .......... .......... .......... .......... .......... 72%  108M 0s
 21700K .......... .......... .......... .......... .......... 73%  141M 0s
 21750K .......... .......... .......... .......... .......... 73%  101M 0s
 21800K .......... .......... .......... .......... .......... 73%  103M 0s
 21850K .......... .......... .......... .......... .......... 73%  133M 0s
 21900K .......... .......... .......... .......... .......... 73%  117M 0s
 21950K .......... .......... .......... .......... .......... 73% 85.8M 0s
 22000K .......... .......... .......... .......... .......... 74%  121M 0s
 22050K .......... .......... .......... .......... .......... 74%  122M 0s
 22100K .......... .......... .......... .......... .......... 74%  109M 0s
 22150K .......... .......... .......... .......... .......... 74%  113M 0s
 22200K .......... .......... .......... .......... .......... 74%  112M 0s
 22250K .......... .......... .......... .......... .......... 74%  122M 0s
 22300K .......... .......... .......... .......... .......... 75% 87.9M 0s
 22350K .......... .......... .......... .......... .......... 75%  149M 0s
 22400K .......... .......... .......... .......... .......... 75%  101M 0s
 22450K .......... .......... .......... .......... .......... 75%  128M 0s
 22500K .......... .......... .......... .......... .......... 75%  113M 0s
 22550K .......... .......... .......... .......... .......... 75%  109M 0s
 22600K .......... .......... .......... .......... .......... 76%  112M 0s
 22650K .......... .......... .......... .......... .......... 76%  112M 0s
 22700K .......... .......... .......... .......... .......... 76%  119M 0s
 22750K .......... .......... .......... .......... .......... 76% 87.5M 0s
 22800K .......... .......... .......... .......... .......... 76%  113M 0s
 22850K .......... .......... .......... .......... .......... 76%  128M 0s
 22900K .......... .......... .......... .......... .......... 77%  113M 0s
 22950K .......... .......... .......... .......... .......... 77%  108M 0s
 23000K .......... .......... .......... .......... .......... 77%  112M 0s
 23050K .......... .......... .......... .......... .......... 77%  129M 0s
 23100K .......... .......... .......... .......... .......... 77%  113M 0s
 23150K .......... .......... .......... .......... .......... 77%  111M 0s
 23200K .......... .......... .......... .......... .......... 78% 94.1M 0s
 23250K .......... .......... .......... .......... .......... 78%  113M 0s
 23300K .......... .......... .......... .......... .......... 78%  113M 0s
 23350K .......... .......... .......... .......... .......... 78%  117M 0s
 23400K .......... .......... .......... .......... .......... 78%  112M 0s
 23450K .......... .......... .......... .......... .......... 78%  121M 0s
 23500K .......... .......... .......... .......... .......... 79%  109M 0s
 23550K .......... .......... .......... .......... .......... 79% 93.9M 0s
 23600K .......... .......... .......... .......... .......... 79%  122M 0s
 23650K .......... .......... .......... .......... .......... 79%  108M 0s
 23700K .......... .......... .......... .......... .......... 79%  121M 0s
 23750K .......... .......... .......... .......... .......... 79%  122M 0s
 23800K .......... .......... .......... .......... .......... 80%  101M 0s
 23850K .......... .......... .......... .......... .......... 80%  123M 0s
 23900K .......... .......... .......... .......... .......... 80%  119M 0s
 23950K .......... .......... .......... .......... .......... 80% 85.3M 0s
 24000K .......... .......... .......... .......... .......... 80%  128M 0s
 24050K .......... .......... .......... .......... .......... 80%  113M 0s
 24100K .......... .......... .......... .......... .......... 81%  113M 0s
 24150K .......... .......... .......... .......... .......... 81%  118M 0s
 24200K .......... .......... .......... .......... .......... 81%  112M 0s
 24250K .......... .......... .......... .......... .......... 81%  117M 0s
 24300K .......... .......... .......... .......... .......... 81%  113M 0s
 24350K .......... .......... .......... .......... .......... 81%  112M 0s
 24400K .......... .......... .......... .......... .......... 82% 94.0M 0s
 24450K .......... .......... .......... .......... .......... 82%  112M 0s
 24500K .......... .......... .......... .......... .......... 82%  128M 0s
 24550K .......... .......... .......... .......... .......... 82%  106M 0s
 24600K .......... .......... .......... .......... .......... 82%  128M 0s
 24650K .......... .......... .......... .......... .......... 82%  100M 0s
 24700K .......... .......... .......... .......... .......... 83%  129M 0s
 24750K .......... .......... .......... .......... .......... 83% 93.3M 0s
 24800K .......... .......... .......... .......... .......... 83%  113M 0s
 24850K .......... .......... .......... .......... .......... 83%  113M 0s
 24900K .......... .......... .......... .......... .......... 83%  113M 0s
 24950K .......... .......... .......... .......... .......... 83%  112M 0s
 25000K .......... .......... .......... .......... .......... 84%  121M 0s
 25050K .......... .......... .......... .......... .......... 84%  113M 0s
 25100K .......... .......... .......... .......... .......... 84%  113M 0s
 25150K .......... .......... .......... .......... .......... 84%  110M 0s
 25200K .......... .......... .......... .......... .......... 84% 94.1M 0s
 25250K .......... .......... .......... .......... .......... 84%  122M 0s
 25300K .......... .......... .......... .......... .......... 85%  120M 0s
 25350K .......... .......... .......... .......... .......... 85%  108M 0s
 25400K .......... .......... .......... .......... .......... 85%  106M 0s
 25450K .......... .......... .......... .......... .......... 85%  116M 0s
 25500K .......... .......... .......... .......... .......... 85%  113M 0s
 25550K .......... .......... .......... .......... .......... 85% 89.0M 0s
 25600K .......... .......... .......... .......... .......... 86% 90.1M 0s
 25650K .......... .......... .......... .......... .......... 86%  120M 0s
 25700K .......... .......... .......... .......... .......... 86%  154M 0s
 25750K .......... .......... .......... .......... .......... 86%  139M 0s
 25800K .......... .......... .......... .......... .......... 86%  113M 0s
 25850K .......... .......... .......... .......... .......... 86% 92.9M 0s
 25900K .......... .......... .......... .......... .......... 87%  116M 0s
 25950K .......... .......... .......... .......... .......... 87%  109M 0s
 26000K .......... .......... .......... .......... .......... 87%  105M 0s
 26050K .......... .......... .......... .......... .......... 87%  114M 0s
 26100K .......... .......... .......... .......... .......... 87%  121M 0s
 26150K .......... .......... .......... .......... .......... 87%  121M 0s
 26200K .......... .......... .......... .......... .......... 88%  113M 0s
 26250K .......... .......... .......... .......... .......... 88%  109M 0s
 26300K .......... .......... .......... .......... .......... 88%  121M 0s
 26350K .......... .......... .......... .......... .......... 88% 92.0M 0s
 26400K .......... .......... .......... .......... .......... 88%  117M 0s
 26450K .......... .......... .......... .......... .......... 88%  123M 0s
 26500K .......... .......... .......... .......... .......... 89%  108M 0s
 26550K .......... .......... .......... .......... .......... 89%  113M 0s
 26600K .......... .......... .......... .......... .......... 89%  120M 0s
 26650K .......... .......... .......... .......... .......... 89% 96.2M 0s
 26700K .......... .......... .......... .......... .......... 89%  110M 0s
 26750K .......... .......... .......... .......... .......... 89% 87.1M 0s
 26800K .......... .......... .......... .......... .......... 90% 99.2M 0s
 26850K .......... .......... .......... .......... .......... 90%  115M 0s
 26900K .......... .......... .......... .......... .......... 90%  112M 0s
 26950K .......... .......... .......... .......... .......... 90% 97.8M 0s
 27000K .......... .......... .......... .......... .......... 90%  103M 0s
 27050K .......... .......... .......... .......... .......... 90%  112M 0s
 27100K .......... .......... .......... .......... .......... 91% 99.2M 0s
 27150K .......... .......... .......... .......... .......... 91% 96.9M 0s
 27200K .......... .......... .......... .......... .......... 91% 92.2M 0s
 27250K .......... .......... .......... .......... .......... 91% 90.0M 0s
 27300K .......... .......... .......... .......... .......... 91%  113M 0s
 27350K .......... .......... .......... .......... .......... 91% 93.2M 0s
 27400K .......... .......... .......... .......... .......... 92% 92.1M 0s
 27450K .......... .......... .......... .......... .......... 92%  113M 0s
 27500K .......... .......... .......... .......... .......... 92%  105M 0s
 27550K .......... .......... .......... .......... .......... 92% 91.8M 0s
 27600K .......... .......... .......... .......... .......... 92%  116M 0s
 27650K .......... .......... .......... .......... .......... 92%  105M 0s
 27700K .......... .......... .......... .......... .......... 93%  160M 0s
 27750K .......... .......... .......... .......... .......... 93%  206M 0s
 27800K .......... .......... .......... .......... .......... 93%  257M 0s
 27850K .......... .......... .......... .......... .......... 93%  239M 0s
 27900K .......... .......... .......... .......... .......... 93%  186M 0s
 27950K .......... .......... .......... .......... .......... 93% 88.4M 0s
 28000K .......... .......... .......... .......... .......... 94%  128M 0s
 28050K .......... .......... .......... .......... .......... 94%  112M 0s
 28100K .......... .......... .......... .......... .......... 94%  114M 0s
 28150K .......... .......... .......... .......... .......... 94%  110M 0s
 28200K .......... .......... .......... .......... .......... 94%  122M 0s
 28250K .......... .......... .......... .......... .......... 95%  114M 0s
 28300K .......... .......... .......... .......... .......... 95% 93.2M 0s
 28350K .......... .......... .......... .......... .......... 95%  112M 0s
 28400K .......... .......... .......... .......... .......... 95%  129M 0s
 28450K .......... .......... .......... .......... .......... 95%  100M 0s
 28500K .......... .......... .......... .......... .......... 95%  128M 0s
 28550K .......... .......... .......... .......... .......... 96%  112M 0s
 28600K .......... .......... .......... .......... .......... 96%  108M 0s
 28650K .......... .......... .......... .......... .......... 96%  113M 0s
 28700K .......... .......... .......... .......... .......... 96%  126M 0s
 28750K .......... .......... .......... .......... .......... 96% 92.9M 0s
 28800K .......... .......... .......... .......... .......... 96%  108M 0s
 28850K .......... .......... .......... .......... .......... 97%  122M 0s
 28900K .......... .......... .......... .......... .......... 97%  108M 0s
 28950K .......... .......... .......... .......... .......... 97%  117M 0s
 29000K .......... .......... .......... .......... .......... 97%  107M 0s
 29050K .......... .......... .......... .......... .......... 97%  116M 0s
 29100K .......... .......... .......... .......... .......... 97%  122M 0s
 29150K .......... .......... .......... .......... .......... 98% 93.3M 0s
 29200K .......... .......... .......... .......... .......... 98%  109M 0s
 29250K .......... .......... .......... .......... .......... 98%  121M 0s
 29300K .......... .......... .......... .......... .......... 98%  109M 0s
 29350K .......... .......... .......... .......... .......... 98%  121M 0s
 29400K .......... .......... .......... .......... .......... 98%  117M 0s
 29450K .......... .......... .......... .......... .......... 99%  108M 0s
 29500K .......... .......... .......... .......... .......... 99%  116M 0s
 29550K .......... .......... .......... .......... .......... 99% 93.1M 0s
 29600K .......... .......... .......... .......... .......... 99%  113M 0s
 29650K .......... .......... .......... .......... .......... 99%  128M 0s
 29700K .......... .......... .......... .......... .......... 99%  113M 0s
 29750K .......... .......... .......... ........             100%  131M=0.4s

2021-03-13 04:49:15 (73.8 MB/s) - `/tmp/firefox-28.0.tar.bz2' saved [30503247/30503247]


travis_time:end:0010a2f8:start=1615610954681526049,finish=1615610955672388434,duration=990862385[0K$ export PATH=$HOME/firefox-28.0/firefox:$PATH
travis_fold:end:install_firefox[0Ktravis_fold:start:postgresql[0K[33;1mStarting PostgreSQL v9.3[0m
travis_time:start:16f4f334[0K$ sudo service postgresql stop
 * Stopping PostgreSQL 9.1 database server
   ...done.
 * Stopping PostgreSQL 9.2 database server
   ...done.
 * Stopping PostgreSQL 9.3 database server
   ...done.
 * Stopping PostgreSQL 9.4 database server
   ...done.

travis_time:end:16f4f334:start=1615610959978791607,finish=1615610965548909280,duration=5570117673[0Ktravis_time:start:0270a000[0K$ sudo service postgresql start 9.3
 * Starting PostgreSQL 9.3 database server
   ...done.

travis_time:end:0270a000:start=1615610965559491011,finish=1615610968185712379,duration=2626221368[0Ktravis_time:start:2303dcfc[0K$ sudo -u postgres createuser -s -p 5432 travis &>/dev/null

travis_time:end:2303dcfc:start=1615610968196623424,finish=1615610968370258573,duration=173635149[0Ktravis_time:start:21399ba6[0K$ sudo -u postgres createdb -O travis -p 5432 travis &>/dev/null

travis_time:end:21399ba6:start=1615610968381111551,finish=1615610968686892301,duration=305780750[0Ktravis_time:start:35de1e04[0K$ sudo -u postgres createuser -s -p 5433 travis &>/dev/null

travis_time:end:35de1e04:start=1615610968698072493,finish=1615610968755585749,duration=57513256[0Ktravis_time:start:07f288fe[0K$ sudo -u postgres createdb -O travis -p 5433 travis &>/dev/null

travis_time:end:07f288fe:start=1615610968767136244,finish=1615610968818187206,duration=51050962[0Ktravis_fold:end:postgresql[0Ktravis_time:start:0706b204[0K$ source ~/virtualenv/python2.7/bin/activate

travis_time:end:0706b204:start=1615610968835570507,finish=1615610968846139539,duration=10569032[0K$ python --version
Python 2.7.9
$ pip --version
pip 6.0.7 from /home/travis/virtualenv/python2.7.9/lib/python2.7/site-packages (python 2.7)
travis_fold:start:before_install.1[0Ktravis_time:start:03168863[0K$ export DISPLAY=:99.0

travis_time:end:03168863:start=1615610969144381812,finish=1615610969153077169,duration=8695357[0Ktravis_fold:end:before_install.1[0Ktravis_fold:start:before_install.2[0Ktravis_time:start:107893e6[0K$ sh -e /etc/init.d/xvfb start
Starting virtual X frame buffer: Xvfb.

travis_time:end:107893e6:start=1615610969163893838,finish=1615610969229943695,duration=66049857[0Ktravis_fold:end:before_install.2[0Ktravis_fold:start:install[0Ktravis_time:start:094bff33[0K$ ./bootstrap.py
Using real prefix '/opt/python/2.7.9'
New python executable in /home/travis/build/failed/ccnmtl/dmt/ve/bin/python
Installing setuptools, pip...done.
Collecting wheel==0.24.0
  Retrying (Retry(total=4, connect=None, read=None, redirect=None)) after connection broken by 'ProtocolError('Connection aborted.', gaierror(-2, 'Name or service not known'))': /wheel/
  Retrying (Retry(total=3, connect=None, read=None, redirect=None)) after connection broken by 'ProtocolError('Connection aborted.', gaierror(-2, 'Name or service not known'))': /wheel/
  Retrying (Retry(total=2, connect=None, read=None, redirect=None)) after connection broken by 'ProtocolError('Connection aborted.', gaierror(-2, 'Name or service not known'))': /wheel/
  Retrying (Retry(total=1, connect=None, read=None, redirect=None)) after connection broken by 'ProtocolError('Connection aborted.', gaierror(-2, 'Name or service not known'))': /wheel/
  Retrying (Retry(total=0, connect=None, read=None, redirect=None)) after connection broken by 'ProtocolError('Connection aborted.', gaierror(-2, 'Name or service not known'))': /wheel/
  DEPRECATION: Failed to find 'wheel' at https://pypi.ccnmtl.columbia.edu/wheel/. It is suggested to upgrade your index to support normalized names as the name in /simple/{name}.
  Retrying (Retry(total=4, connect=None, read=None, redirect=None)) after connection broken by 'ProtocolError('Connection aborted.', gaierror(-2, 'Name or service not known'))': /
  Retrying (Retry(total=3, connect=None, read=None, redirect=None)) after connection broken by 'ProtocolError('Connection aborted.', gaierror(-2, 'Name or service not known'))': /
  Retrying (Retry(total=2, connect=None, read=None, redirect=None)) after connection broken by 'ProtocolError('Connection aborted.', gaierror(-2, 'Name or service not known'))': /
  Retrying (Retry(total=1, connect=None, read=None, redirect=None)) after connection broken by 'ProtocolError('Connection aborted.', gaierror(-2, 'Name or service not known'))': /
  Retrying (Retry(total=0, connect=None, read=None, redirect=None)) after connection broken by 'ProtocolError('Connection aborted.', gaierror(-2, 'Name or service not known'))': /
  Cannot fetch index base URL https://pypi.ccnmtl.columbia.edu/
  Retrying (Retry(total=4, connect=None, read=None, redirect=None)) after connection broken by 'ProtocolError('Connection aborted.', gaierror(-2, 'Name or service not known'))': /wheel/
  Retrying (Retry(total=3, connect=None, read=None, redirect=None)) after connection broken by 'ProtocolError('Connection aborted.', gaierror(-2, 'Name or service not known'))': /wheel/
  Retrying (Retry(total=2, connect=None, read=None, redirect=None)) after connection broken by 'ProtocolError('Connection aborted.', gaierror(-2, 'Name or service not known'))': /wheel/
  Retrying (Retry(total=1, connect=None, read=None, redirect=None)) after connection broken by 'ProtocolError('Connection aborted.', gaierror(-2, 'Name or service not known'))': /wheel/
  Retrying (Retry(total=0, connect=None, read=None, redirect=None)) after connection broken by 'ProtocolError('Connection aborted.', gaierror(-2, 'Name or service not known'))': /wheel/
  Could not find a version that satisfies the requirement wheel==0.24.0 (from versions: )
No matching distribution found for wheel==0.24.0

travis_time:end:094bff33:start=1615610969240541163,finish=1615610998083571727,duration=28843030564[0K
[31;1mThe command "./bootstrap.py" failed and exited with 1 during .[0m

Your build has been stopped.
