travis_fold:start:system_info[0K[33;1mBuild system information[0m
Build language: java
Build group: stable
Build dist: precise
Build id: ''
Job id: ''
[34m[1mBuild image provisioning date and time[0m
Thu Feb  5 15:09:33 UTC 2015
[34m[1mOperating System Details[0m
Distributor ID:	Ubuntu
Description:	Ubuntu 12.04.5 LTS
Release:	12.04
Codename:	precise
[34m[1mLinux Version[0m
3.13.0-29-generic
[34m[1mCookbooks Version[0m
a68419e https://github.com/travis-ci/travis-cookbooks/tree/a68419e
[34m[1mGCC version[0m
gcc (Ubuntu/Linaro 4.6.3-1ubuntu5) 4.6.3
Copyright (C) 2011 Free Software Foundation, Inc.
This is free software; see the source for copying conditions.  There is NO
warranty; not even for MERCHANTABILITY or FITNESS FOR A PARTICULAR PURPOSE.

[34m[1mLLVM version[0m
clang version 3.4 (tags/RELEASE_34/final)
Target: x86_64-unknown-linux-gnu
Thread model: posix
[34m[1mPre-installed Ruby versions[0m
ruby-1.9.3-p551
[34m[1mPre-installed Node.js versions[0m
v0.10.36
[34m[1mPre-installed Go versions[0m
1.4.1
[34m[1mRedis version[0m
redis-server 2.8.19
[34m[1mriak version[0m
2.0.2
[34m[1mMongoDB version[0m
MongoDB 2.4.12
[34m[1mCouchDB version[0m
couchdb 1.6.1
[34m[1mNeo4j version[0m
1.9.4
[34m[1mRabbitMQ Version[0m
3.4.3
[34m[1mElasticSearch version[0m
1.4.0
[34m[1mInstalled Sphinx versions[0m
2.0.10
2.1.9
2.2.6
[34m[1mDefault Sphinx version[0m
2.2.6
[34m[1mInstalled Firefox version[0m
firefox 31.0esr
[34m[1mPhantomJS version[0m
1.9.8
[34m[1mant -version[0m
Apache Ant(TM) version 1.8.2 compiled on December 3 2011
[34m[1mmvn -version[0m
Apache Maven 3.2.5 (12a6b3acb947671f09b81f49094c53f426d8cea1; 2014-12-14T17:29:23+00:00)
Maven home: /usr/local/maven
Java version: 1.7.0_76, vendor: Oracle Corporation
Java home: /usr/lib/jvm/java-7-oracle/jre
Default locale: en_US, platform encoding: ANSI_X3.4-1968
OS name: "linux", version: "3.13.0-29-generic", arch: "amd64", family: "unix"
travis_fold:end:system_info[0K
W: GPG error: http://apt.postgresql.org precise-pgdg Release: The following signatures were invalid: KEYEXPIRED 1562078959
W: Failed to fetch http://ppa.launchpad.net/travis-ci/zero-mq/ubuntu/dists/precise/main/binary-amd64/Packages  403  Forbidden

W: Failed to fetch http://ppa.launchpad.net/travis-ci/zero-mq/ubuntu/dists/precise/main/binary-i386/Packages  403  Forbidden

W: Failed to fetch http://downloads-distro.mongodb.org/repo/debian-sysvinit/dists/dist/10gen/binary-amd64/Packages  Undetermined Error [IP: 52.206.222.245 80]

W: Failed to fetch http://downloads-distro.mongodb.org/repo/debian-sysvinit/dists/dist/10gen/binary-i386/Packages  Undetermined Error [IP: 52.206.222.245 80]

E: Some index files failed to download. They have been ignored, or old ones used instead.
sed: cannot rename /etc/hosts: Device or resource busy
sed: cannot rename /etc/hosts: Device or resource busy
$ jdk_switcher use oraclejdk8
Switching to Oracle JDK8 (java-8-oracle), JAVA_HOME will be set to /usr/lib/jvm/java-8-oracle
$ cd failed/galenframework/galen
travis_fold:start:install_firefox[0K$ export FIREFOX_SOURCE_URL='https://download.mozilla.org/?product=firefox-45.4.0esr&lang=en-US&os=linux64'
[33;1mInstalling Firefox 45.4.0esr[0m
travis_time:start:1f2d9337[0K$ wget -O /tmp/firefox-45.4.0esr.tar.bz2 $FIREFOX_SOURCE_URL
--2021-03-13 14:57:50--  https://download.mozilla.org/?product=firefox-45.4.0esr&lang=en-US&os=linux64
Resolving download.mozilla.org (download.mozilla.org)... 52.37.215.30, 34.215.18.113, 44.231.203.24
Connecting to download.mozilla.org (download.mozilla.org)|52.37.215.30|:443... connected.
HTTP request sent, awaiting response... 302 Found
Location: https://download-installer.cdn.mozilla.net/pub/firefox/releases/45.4.0esr/linux-x86_64/en-US/firefox-45.4.0esr.tar.bz2 [following]
--2021-03-13 14:57:51--  https://download-installer.cdn.mozilla.net/pub/firefox/releases/45.4.0esr/linux-x86_64/en-US/firefox-45.4.0esr.tar.bz2
Resolving download-installer.cdn.mozilla.net (download-installer.cdn.mozilla.net)... 13.224.26.58, 2600:9000:2164:6800:e:19d6:1546:5981, 2600:9000:2164:5400:e:19d6:1546:5981, ...
Connecting to download-installer.cdn.mozilla.net (download-installer.cdn.mozilla.net)|13.224.26.58|:443... connected.
HTTP request sent, awaiting response... 200 OK
Length: 51666458 (49M) [application/x-tar]
Saving to: `/tmp/firefox-45.4.0esr.tar.bz2'

     0K .......... .......... .......... .......... ..........  0%  816K 62s
    50K .......... .......... .......... .......... ..........  0% 2.47M 41s
   100K .......... .......... .......... .......... ..........  0% 1.18M 41s
   150K .......... .......... .......... .......... ..........  0% 8.46M 32s
   200K .......... .......... .......... .......... ..........  0% 3.64M 28s
   250K .......... .......... .......... .......... ..........  0% 7.19M 25s
   300K .......... .......... .......... .......... ..........  0% 1.32M 27s
   350K .......... .......... .......... .......... ..........  0% 18.3M 24s
   400K .......... .......... .......... .......... ..........  0% 17.3M 21s
   450K .......... .......... .......... .......... ..........  0% 17.6M 19s
   500K .......... .......... .......... .......... ..........  1% 13.6M 18s
   550K .......... .......... .......... .......... ..........  1% 17.4M 17s
   600K .......... .......... .......... .......... ..........  1% 8.49M 16s
   650K .......... .......... .......... .......... ..........  1% 1.16M 18s
   700K .......... .......... .......... .......... ..........  1% 54.6M 17s
   750K .......... .......... .......... .......... ..........  1% 47.9M 16s
   800K .......... .......... .......... .......... ..........  1% 36.8M 15s
   850K .......... .......... .......... .......... ..........  1% 58.9M 14s
   900K .......... .......... .......... .......... ..........  1% 28.1M 13s
   950K .......... .......... .......... .......... ..........  1% 47.7M 13s
  1000K .......... .......... .......... .......... ..........  2% 72.4M 12s
  1050K .......... .......... .......... .......... ..........  2% 34.3M 12s
  1100K .......... .......... .......... .......... ..........  2% 34.7M 11s
  1150K .......... .......... .......... .......... ..........  2% 46.0M 11s
  1200K .......... .......... .......... .......... ..........  2% 36.1M 10s
  1250K .......... .......... .......... .......... ..........  2% 5.54M 10s
  1300K .......... .......... .......... .......... ..........  2% 47.9M 10s
  1350K .......... .......... .......... .......... ..........  2% 38.1M 10s
  1400K .......... .......... .......... .......... ..........  2% 1.24M 11s
  1450K .......... .......... .......... .......... ..........  2% 44.8M 10s
  1500K .......... .......... .......... .......... ..........  3% 93.9M 10s
  1550K .......... .......... .......... .......... ..........  3% 96.4M 10s
  1600K .......... .......... .......... .......... ..........  3% 85.3M 9s
  1650K .......... .......... .......... .......... ..........  3%  105M 9s
  1700K .......... .......... .......... .......... ..........  3% 51.5M 9s
  1750K .......... .......... .......... .......... ..........  3% 59.0M 9s
  1800K .......... .......... .......... .......... ..........  3%  115M 8s
  1850K .......... .......... .......... .......... ..........  3%  117M 8s
  1900K .......... .......... .......... .......... ..........  3%  105M 8s
  1950K .......... .......... .......... .......... ..........  3% 63.4M 8s
  2000K .......... .......... .......... .......... ..........  4% 85.5M 8s
  2050K .......... .......... .......... .......... ..........  4% 73.3M 7s
  2100K .......... .......... .......... .......... ..........  4% 91.7M 7s
  2150K .......... .......... .......... .......... ..........  4%  104M 7s
  2200K .......... .......... .......... .......... ..........  4% 73.9M 7s
  2250K .......... .......... .......... .......... ..........  4%  102M 7s
  2300K .......... .......... .......... .......... ..........  4% 69.7M 7s
  2350K .......... .......... .......... .......... ..........  4% 81.5M 6s
  2400K .......... .......... .......... .......... ..........  4% 5.16M 7s
  2450K .......... .......... .......... .......... ..........  4% 82.5M 6s
  2500K .......... .......... .......... .......... ..........  5%  133M 6s
  2550K .......... .......... .......... .......... ..........  5% 80.6M 6s
  2600K .......... .......... .......... .......... ..........  5% 78.0M 6s
  2650K .......... .......... .......... .......... ..........  5% 61.1M 6s
  2700K .......... .......... .......... .......... ..........  5% 71.2M 6s
  2750K .......... .......... .......... .......... ..........  5%  100M 6s
  2800K .......... .......... .......... .......... ..........  5%  116M 6s
  2850K .......... .......... .......... .......... ..........  5% 1.30M 6s
  2900K .......... .......... .......... .......... ..........  5% 72.2M 6s
  2950K .......... .......... .......... .......... ..........  5%  123M 6s
  3000K .......... .......... .......... .......... ..........  6% 52.3M 6s
  3050K .......... .......... .......... .......... ..........  6% 67.5M 6s
  3100K .......... .......... .......... .......... ..........  6%  105M 6s
  3150K .......... .......... .......... .......... ..........  6%  122M 6s
  3200K .......... .......... .......... .......... ..........  6%  124M 5s
  3250K .......... .......... .......... .......... ..........  6%  123M 5s
  3300K .......... .......... .......... .......... ..........  6% 99.0M 5s
  3350K .......... .......... .......... .......... ..........  6%  130M 5s
  3400K .......... .......... .......... .......... ..........  6%  109M 5s
  3450K .......... .......... .......... .......... ..........  6%  135M 5s
  3500K .......... .......... .......... .......... ..........  7%  112M 5s
  3550K .......... .......... .......... .......... ..........  7% 96.0M 5s
  3600K .......... .......... .......... .......... ..........  7%  130M 5s
  3650K .......... .......... .......... .......... ..........  7%  131M 5s
  3700K .......... .......... .......... .......... ..........  7%  109M 5s
  3750K .......... .......... .......... .......... ..........  7%  128M 5s
  3800K .......... .......... .......... .......... ..........  7%  104M 5s
  3850K .......... .......... .......... .......... ..........  7%  121M 5s
  3900K .......... .......... .......... .......... ..........  7%  132M 5s
  3950K .......... .......... .......... .......... ..........  7%  127M 4s
  4000K .......... .......... .......... .......... ..........  8%  100M 4s
  4050K .......... .......... .......... .......... ..........  8%  129M 4s
  4100K .......... .......... .......... .......... ..........  8%  114M 4s
  4150K .......... .......... .......... .......... ..........  8%  134M 4s
  4200K .......... .......... .......... .......... ..........  8% 20.2M 4s
  4250K .......... .......... .......... .......... ..........  8%  106M 4s
  4300K .......... .......... .......... .......... ..........  8%  132M 4s
  4350K .......... .......... .......... .......... ..........  8%  104M 4s
  4400K .......... .......... .......... .......... ..........  8%  122M 4s
  4450K .......... .......... .......... .......... ..........  8% 74.2M 4s
  4500K .......... .......... .......... .......... ..........  9% 80.2M 4s
  4550K .......... .......... .......... .......... ..........  9% 81.5M 4s
  4600K .......... .......... .......... .......... ..........  9%  113M 4s
  4650K .......... .......... .......... .......... ..........  9%  121M 4s
  4700K .......... .......... .......... .......... ..........  9%  125M 4s
  4750K .......... .......... .......... .......... ..........  9%  101M 4s
  4800K .......... .......... .......... .......... ..........  9%  147M 4s
  4850K .......... .......... .......... .......... ..........  9%  108M 4s
  4900K .......... .......... .......... .......... ..........  9%  130M 4s
  4950K .......... .......... .......... .......... ..........  9%  120M 4s
  5000K .......... .......... .......... .......... .......... 10%  113M 4s
  5050K .......... .......... .......... .......... .......... 10%  114M 4s
  5100K .......... .......... .......... .......... .......... 10%  114M 3s
  5150K .......... .......... .......... .......... .......... 10%  113M 3s
  5200K .......... .......... .......... .......... .......... 10%  109M 3s
  5250K .......... .......... .......... .......... .......... 10%  116M 3s
  5300K .......... .......... .......... .......... .......... 10%  105M 3s
  5350K .......... .......... .......... .......... .......... 10%  114M 3s
  5400K .......... .......... .......... .......... .......... 10%  112M 3s
  5450K .......... .......... .......... .......... .......... 10% 1.25M 4s
  5500K .......... .......... .......... .......... .......... 10% 95.4M 4s
  5550K .......... .......... .......... .......... .......... 11% 98.9M 4s
  5600K .......... .......... .......... .......... .......... 11%  113M 3s
  5650K .......... .......... .......... .......... .......... 11% 85.6M 3s
  5700K .......... .......... .......... .......... .......... 11% 71.9M 3s
  5750K .......... .......... .......... .......... .......... 11% 80.7M 3s
  5800K .......... .......... .......... .......... .......... 11%  106M 3s
  5850K .......... .......... .......... .......... .......... 11%  109M 3s
  5900K .......... .......... .......... .......... .......... 11%  101M 3s
  5950K .......... .......... .......... .......... .......... 11%  114M 3s
  6000K .......... .......... .......... .......... .......... 11%  104M 3s
  6050K .......... .......... .......... .......... .......... 12% 92.1M 3s
  6100K .......... .......... .......... .......... .......... 12%  101M 3s
  6150K .......... .......... .......... .......... .......... 12%  122M 3s
  6200K .......... .......... .......... .......... .......... 12% 94.0M 3s
  6250K .......... .......... .......... .......... .......... 12%  100M 3s
  6300K .......... .......... .......... .......... .......... 12% 92.2M 3s
  6350K .......... .......... .......... .......... .......... 12%  105M 3s
  6400K .......... .......... .......... .......... .......... 12%  106M 3s
  6450K .......... .......... .......... .......... .......... 12%  110M 3s
  6500K .......... .......... .......... .......... .......... 12% 91.6M 3s
  6550K .......... .......... .......... .......... .......... 13%  122M 3s
  6600K .......... .......... .......... .......... .......... 13% 94.9M 3s
  6650K .......... .......... .......... .......... .......... 13%  105M 3s
  6700K .......... .......... .......... .......... .......... 13% 90.1M 3s
  6750K .......... .......... .......... .......... .......... 13%  118M 3s
  6800K .......... .......... .......... .......... .......... 13%  110M 3s
  6850K .......... .......... .......... .......... .......... 13% 95.5M 3s
  6900K .......... .......... .......... .......... .......... 13%  117M 3s
  6950K .......... .......... .......... .......... .......... 13%  130M 3s
  7000K .......... .......... .......... .......... .......... 13%  206M 3s
  7050K .......... .......... .......... .......... .......... 14%  200M 3s
  7100K .......... .......... .......... .......... .......... 14%  199M 3s
  7150K .......... .......... .......... .......... .......... 14%  242M 3s
  7200K .......... .......... .......... .......... .......... 14%  289M 3s
  7250K .......... .......... .......... .......... .......... 14%  184M 3s
  7300K .......... .......... .......... .......... .......... 14%  105M 3s
  7350K .......... .......... .......... .......... .......... 14% 99.6M 3s
  7400K .......... .......... .......... .......... .......... 14%  141M 3s
  7450K .......... .......... .......... .......... .......... 14%  113M 3s
  7500K .......... .......... .......... .......... .......... 14% 74.8M 3s
  7550K .......... .......... .......... .......... .......... 15% 84.7M 3s
  7600K .......... .......... .......... .......... .......... 15%  111M 3s
  7650K .......... .......... .......... .......... .......... 15%  141M 3s
  7700K .......... .......... .......... .......... .......... 15%  119M 3s
  7750K .......... .......... .......... .......... .......... 15%  159M 3s
  7800K .......... .......... .......... .......... .......... 15%  135M 2s
  7850K .......... .......... .......... .......... .......... 15% 92.6M 2s
  7900K .......... .......... .......... .......... .......... 15% 60.0M 2s
  7950K .......... .......... .......... .......... .......... 15% 97.5M 2s
  8000K .......... .......... .......... .......... .......... 15%  152M 2s
  8050K .......... .......... .......... .......... .......... 16% 1.21M 3s
  8100K .......... .......... .......... .......... .......... 16% 59.4M 3s
  8150K .......... .......... .......... .......... .......... 16% 79.8M 3s
  8200K .......... .......... .......... .......... .......... 16%  110M 3s
  8250K .......... .......... .......... .......... .......... 16%  108M 3s
  8300K .......... .......... .......... .......... .......... 16% 81.3M 3s
  8350K .......... .......... .......... .......... .......... 16%  133M 3s
  8400K .......... .......... .......... .......... .......... 16%  123M 3s
  8450K .......... .......... .......... .......... .......... 16%  135M 2s
  8500K .......... .......... .......... .......... .......... 16%  131M 2s
  8550K .......... .......... .......... .......... .......... 17%  115M 2s
  8600K .......... .......... .......... .......... .......... 17%  113M 2s
  8650K .......... .......... .......... .......... .......... 17%  124M 2s
  8700K .......... .......... .......... .......... .......... 17%  129M 2s
  8750K .......... .......... .......... .......... .......... 17%  128M 2s
  8800K .......... .......... .......... .......... .......... 17%  108M 2s
  8850K .......... .......... .......... .......... .......... 17%  150M 2s
  8900K .......... .......... .......... .......... .......... 17%  140M 2s
  8950K .......... .......... .......... .......... .......... 17%  138M 2s
  9000K .......... .......... .......... .......... .......... 17%  137M 2s
  9050K .......... .......... .......... .......... .......... 18%  144M 2s
  9100K .......... .......... .......... .......... .......... 18%  115M 2s
  9150K .......... .......... .......... .......... .......... 18%  124M 2s
  9200K .......... .......... .......... .......... .......... 18% 56.4M 2s
  9250K .......... .......... .......... .......... .......... 18% 96.2M 2s
  9300K .......... .......... .......... .......... .......... 18%  122M 2s
  9350K .......... .......... .......... .......... .......... 18%  130M 2s
  9400K .......... .......... .......... .......... .......... 18%  127M 2s
  9450K .......... .......... .......... .......... .......... 18%  110M 2s
  9500K .......... .......... .......... .......... .......... 18%  117M 2s
  9550K .......... .......... .......... .......... .......... 19%  136M 2s
  9600K .......... .......... .......... .......... .......... 19%  113M 2s
  9650K .......... .......... .......... .......... .......... 19%  136M 2s
  9700K .......... .......... .......... .......... .......... 19%  113M 2s
  9750K .......... .......... .......... .......... .......... 19%  130M 2s
  9800K .......... .......... .......... .......... .......... 19%  127M 2s
  9850K .......... .......... .......... .......... .......... 19% 83.5M 2s
  9900K .......... .......... .......... .......... .......... 19%  130M 2s
  9950K .......... .......... .......... .......... .......... 19%  132M 2s
 10000K .......... .......... .......... .......... .......... 19% 97.9M 2s
 10050K .......... .......... .......... .......... .......... 20% 94.7M 2s
 10100K .......... .......... .......... .......... .......... 20%  127M 2s
 10150K .......... .......... .......... .......... .......... 20%  138M 2s
 10200K .......... .......... .......... .......... .......... 20%  133M 2s
 10250K .......... .......... .......... .......... .......... 20% 87.6M 2s
 10300K .......... .......... .......... .......... .......... 20%  117M 2s
 10350K .......... .......... .......... .......... .......... 20%  125M 2s
 10400K .......... .......... .......... .......... .......... 20%  120M 2s
 10450K .......... .......... .......... .......... .......... 20% 96.2M 2s
 10500K .......... .......... .......... .......... .......... 20%  110M 2s
 10550K .......... .......... .......... .......... .......... 21%  102M 2s
 10600K .......... .......... .......... .......... .......... 21% 1.18M 2s
 10650K .......... .......... .......... .......... .......... 21% 79.1M 2s
 10700K .......... .......... .......... .......... .......... 21% 96.7M 2s
 10750K .......... .......... .......... .......... .......... 21%  121M 2s
 10800K .......... .......... .......... .......... .......... 21%  125M 2s
 10850K .......... .......... .......... .......... .......... 21% 97.8M 2s
 10900K .......... .......... .......... .......... .......... 21%  117M 2s
 10950K .......... .......... .......... .......... .......... 21%  126M 2s
 11000K .......... .......... .......... .......... .......... 21%  112M 2s
 11050K .......... .......... .......... .......... .......... 21%  109M 2s
 11100K .......... .......... .......... .......... .......... 22%  127M 2s
 11150K .......... .......... .......... .......... .......... 22%  103M 2s
 11200K .......... .......... .......... .......... .......... 22% 88.0M 2s
 11250K .......... .......... .......... .......... .......... 22%  108M 2s
 11300K .......... .......... .......... .......... .......... 22%  116M 2s
 11350K .......... .......... .......... .......... .......... 22%  119M 2s
 11400K .......... .......... .......... .......... .......... 22% 98.3M 2s
 11450K .......... .......... .......... .......... .......... 22% 94.5M 2s
 11500K .......... .......... .......... .......... .......... 22%  104M 2s
 11550K .......... .......... .......... .......... .......... 22%  116M 2s
 11600K .......... .......... .......... .......... .......... 23%  101M 2s
 11650K .......... .......... .......... .......... .......... 23%  114M 2s
 11700K .......... .......... .......... .......... .......... 23%  107M 2s
 11750K .......... .......... .......... .......... .......... 23%  108M 2s
 11800K .......... .......... .......... .......... .......... 23%  102M 2s
 11850K .......... .......... .......... .......... .......... 23%  132M 2s
 11900K .......... .......... .......... .......... .......... 23%  142M 2s
 11950K .......... .......... .......... .......... .......... 23% 85.4M 2s
 12000K .......... .......... .......... .......... .......... 23% 69.5M 2s
 12050K .......... .......... .......... .......... .......... 23% 93.8M 2s
 12100K .......... .......... .......... .......... .......... 24%  116M 2s
 12150K .......... .......... .......... .......... .......... 24%  136M 2s
 12200K .......... .......... .......... .......... .......... 24%  132M 2s
 12250K .......... .......... .......... .......... .......... 24%  133M 2s
 12300K .......... .......... .......... .......... .......... 24%  133M 2s
 12350K .......... .......... .......... .......... .......... 24% 98.3M 2s
 12400K .......... .......... .......... .......... .......... 24%  149M 2s
 12450K .......... .......... .......... .......... .......... 24%  120M 2s
 12500K .......... .......... .......... .......... .......... 24%  114M 2s
 12550K .......... .......... .......... .......... .......... 24% 84.8M 2s
 12600K .......... .......... .......... .......... .......... 25% 77.5M 2s
 12650K .......... .......... .......... .......... .......... 25%  114M 2s
 12700K .......... .......... .......... .......... .......... 25%  137M 2s
 12750K .......... .......... .......... .......... .......... 25%  110M 2s
 12800K .......... .......... .......... .......... .......... 25%  125M 2s
 12850K .......... .......... .......... .......... .......... 25%  109M 2s
 12900K .......... .......... .......... .......... .......... 25%  144M 2s
 12950K .......... .......... .......... .......... .......... 25%  123M 2s
 13000K .......... .......... .......... .......... .......... 25%  137M 2s
 13050K .......... .......... .......... .......... .......... 25%  133M 2s
 13100K .......... .......... .......... .......... .......... 26% 96.0M 2s
 13150K .......... .......... .......... .......... .......... 26%  141M 2s
 13200K .......... .......... .......... .......... .......... 26% 1.20M 2s
 13250K .......... .......... .......... .......... .......... 26%  117M 2s
 13300K .......... .......... .......... .......... .......... 26%  109M 2s
 13350K .......... .......... .......... .......... .......... 26%  109M 2s
 13400K .......... .......... .......... .......... .......... 26%  118M 2s
 13450K .......... .......... .......... .......... .......... 26% 99.7M 2s
 13500K .......... .......... .......... .......... .......... 26% 94.2M 2s
 13550K .......... .......... .......... .......... .......... 26% 93.3M 2s
 13600K .......... .......... .......... .......... .......... 27%  124M 2s
 13650K .......... .......... .......... .......... .......... 27%  142M 2s
 13700K .......... .......... .......... .......... .......... 27%  125M 2s
 13750K .......... .......... .......... .......... .......... 27%  119M 2s
 13800K .......... .......... .......... .......... .......... 27% 73.3M 2s
 13850K .......... .......... .......... .......... .......... 27%  138M 2s
 13900K .......... .......... .......... .......... .......... 27%  115M 2s
 13950K .......... .......... .......... .......... .......... 27% 89.7M 2s
 14000K .......... .......... .......... .......... .......... 27% 74.1M 2s
 14050K .......... .......... .......... .......... .......... 27% 83.1M 2s
 14100K .......... .......... .......... .......... .......... 28%  105M 2s
 14150K .......... .......... .......... .......... .......... 28%  128M 2s
 14200K .......... .......... .......... .......... .......... 28%  177M 2s
 14250K .......... .......... .......... .......... .......... 28%  133M 2s
 14300K .......... .......... .......... .......... .......... 28%  181M 2s
 14350K .......... .......... .......... .......... .......... 28%  164M 2s
 14400K .......... .......... .......... .......... .......... 28%  102M 2s
 14450K .......... .......... .......... .......... .......... 28% 90.5M 2s
 14500K .......... .......... .......... .......... .......... 28%  110M 2s
 14550K .......... .......... .......... .......... .......... 28%  120M 2s
 14600K .......... .......... .......... .......... .......... 29%  131M 2s
 14650K .......... .......... .......... .......... .......... 29%  116M 2s
 14700K .......... .......... .......... .......... .......... 29% 84.4M 2s
 14750K .......... .......... .......... .......... .......... 29% 68.3M 2s
 14800K .......... .......... .......... .......... .......... 29%  156M 2s
 14850K .......... .......... .......... .......... .......... 29%  127M 2s
 14900K .......... .......... .......... .......... .......... 29%  127M 2s
 14950K .......... .......... .......... .......... .......... 29%  136M 2s
 15000K .......... .......... .......... .......... .......... 29%  144M 2s
 15050K .......... .......... .......... .......... .......... 29% 72.4M 2s
 15100K .......... .......... .......... .......... .......... 30%  124M 2s
 15150K .......... .......... .......... .......... .......... 30%  143M 1s
 15200K .......... .......... .......... .......... .......... 30%  139M 1s
 15250K .......... .......... .......... .......... .......... 30% 57.9M 1s
 15300K .......... .......... .......... .......... .......... 30% 64.8M 1s
 15350K .......... .......... .......... .......... .......... 30% 99.0M 1s
 15400K .......... .......... .......... .......... .......... 30% 90.2M 1s
 15450K .......... .......... .......... .......... .......... 30% 73.5M 1s
 15500K .......... .......... .......... .......... .......... 30%  105M 1s
 15550K .......... .......... .......... .......... .......... 30%  137M 1s
 15600K .......... .......... .......... .......... .......... 31%  132M 1s
 15650K .......... .......... .......... .......... .......... 31%  124M 1s
 15700K .......... .......... .......... .......... .......... 31%  164M 1s
 15750K .......... .......... .......... .......... .......... 31%  133M 1s
 15800K .......... .......... .......... .......... .......... 31% 1.18M 2s
 15850K .......... .......... .......... .......... .......... 31% 78.5M 2s
 15900K .......... .......... .......... .......... .......... 31% 78.2M 2s
 15950K .......... .......... .......... .......... .......... 31% 65.8M 1s
 16000K .......... .......... .......... .......... .......... 31%  103M 1s
 16050K .......... .......... .......... .......... .......... 31%  122M 1s
 16100K .......... .......... .......... .......... .......... 32% 78.5M 1s
 16150K .......... .......... .......... .......... .......... 32% 77.3M 1s
 16200K .......... .......... .......... .......... .......... 32% 89.8M 1s
 16250K .......... .......... .......... .......... .......... 32%  123M 1s
 16300K .......... .......... .......... .......... .......... 32% 39.2M 1s
 16350K .......... .......... .......... .......... .......... 32% 99.5M 1s
 16400K .......... .......... .......... .......... .......... 32% 83.4M 1s
 16450K .......... .......... .......... .......... .......... 32% 79.5M 1s
 16500K .......... .......... .......... .......... .......... 32% 87.9M 1s
 16550K .......... .......... .......... .......... .......... 32% 86.1M 1s
 16600K .......... .......... .......... .......... .......... 32%  118M 1s
 16650K .......... .......... .......... .......... .......... 33%  137M 1s
 16700K .......... .......... .......... .......... .......... 33%  118M 1s
 16750K .......... .......... .......... .......... .......... 33%  127M 1s
 16800K .......... .......... .......... .......... .......... 33%  121M 1s
 16850K .......... .......... .......... .......... .......... 33%  129M 1s
 16900K .......... .......... .......... .......... .......... 33%  115M 1s
 16950K .......... .......... .......... .......... .......... 33%  121M 1s
 17000K .......... .......... .......... .......... .......... 33%  122M 1s
 17050K .......... .......... .......... .......... .......... 33%  139M 1s
 17100K .......... .......... .......... .......... .......... 33%  118M 1s
 17150K .......... .......... .......... .......... .......... 34%  126M 1s
 17200K .......... .......... .......... .......... .......... 34%  103M 1s
 17250K .......... .......... .......... .......... .......... 34%  138M 1s
 17300K .......... .......... .......... .......... .......... 34% 96.4M 1s
 17350K .......... .......... .......... .......... .......... 34%  103M 1s
 17400K .......... .......... .......... .......... .......... 34% 73.1M 1s
 17450K .......... .......... .......... .......... .......... 34%  109M 1s
 17500K .......... .......... .......... .......... .......... 34%  136M 1s
 17550K .......... .......... .......... .......... .......... 34%  151M 1s
 17600K .......... .......... .......... .......... .......... 34%  180M 1s
 17650K .......... .......... .......... .......... .......... 35%  116M 1s
 17700K .......... .......... .......... .......... .......... 35%  108M 1s
 17750K .......... .......... .......... .......... .......... 35% 78.1M 1s
 17800K .......... .......... .......... .......... .......... 35%  121M 1s
 17850K .......... .......... .......... .......... .......... 35%  125M 1s
 17900K .......... .......... .......... .......... .......... 35% 89.3M 1s
 17950K .......... .......... .......... .......... .......... 35% 91.4M 1s
 18000K .......... .......... .......... .......... .......... 35%  105M 1s
 18050K .......... .......... .......... .......... .......... 35%  119M 1s
 18100K .......... .......... .......... .......... .......... 35%  148M 1s
 18150K .......... .......... .......... .......... .......... 36%  121M 1s
 18200K .......... .......... .......... .......... .......... 36%  142M 1s
 18250K .......... .......... .......... .......... .......... 36%  111M 1s
 18300K .......... .......... .......... .......... .......... 36%  117M 1s
 18350K .......... .......... .......... .......... .......... 36% 1.26M 1s
 18400K .......... .......... .......... .......... .......... 36% 31.1M 1s
 18450K .......... .......... .......... .......... .......... 36% 50.1M 1s
 18500K .......... .......... .......... .......... .......... 36% 75.2M 1s
 18550K .......... .......... .......... .......... .......... 36% 56.5M 1s
 18600K .......... .......... .......... .......... .......... 36% 53.3M 1s
 18650K .......... .......... .......... .......... .......... 37% 48.3M 1s
 18700K .......... .......... .......... .......... .......... 37% 31.9M 1s
 18750K .......... .......... .......... .......... .......... 37%  105M 1s
 18800K .......... .......... .......... .......... .......... 37% 68.1M 1s
 18850K .......... .......... .......... .......... .......... 37% 54.9M 1s
 18900K .......... .......... .......... .......... .......... 37% 35.8M 1s
 18950K .......... .......... .......... .......... .......... 37% 48.0M 1s
 19000K .......... .......... .......... .......... .......... 37% 48.3M 1s
 19050K .......... .......... .......... .......... .......... 37% 51.8M 1s
 19100K .......... .......... .......... .......... .......... 37% 50.6M 1s
 19150K .......... .......... .......... .......... .......... 38% 56.4M 1s
 19200K .......... .......... .......... .......... .......... 38% 44.5M 1s
 19250K .......... .......... .......... .......... .......... 38%  103M 1s
 19300K .......... .......... .......... .......... .......... 38%  107M 1s
 19350K .......... .......... .......... .......... .......... 38% 47.0M 1s
 19400K .......... .......... .......... .......... .......... 38%  103M 1s
 19450K .......... .......... .......... .......... .......... 38% 86.7M 1s
 19500K .......... .......... .......... .......... .......... 38% 59.4M 1s
 19550K .......... .......... .......... .......... .......... 38% 81.2M 1s
 19600K .......... .......... .......... .......... .......... 38%  137M 1s
 19650K .......... .......... .......... .......... .......... 39% 45.1M 1s
 19700K .......... .......... .......... .......... .......... 39%  104M 1s
 19750K .......... .......... .......... .......... .......... 39%  142M 1s
 19800K .......... .......... .......... .......... .......... 39%  114M 1s
 19850K .......... .......... .......... .......... .......... 39%  121M 1s
 19900K .......... .......... .......... .......... .......... 39% 95.7M 1s
 19950K .......... .......... .......... .......... .......... 39%  142M 1s
 20000K .......... .......... .......... .......... .......... 39% 94.7M 1s
 20050K .......... .......... .......... .......... .......... 39%  122M 1s
 20100K .......... .......... .......... .......... .......... 39% 93.2M 1s
 20150K .......... .......... .......... .......... .......... 40% 64.4M 1s
 20200K .......... .......... .......... .......... .......... 40% 82.3M 1s
 20250K .......... .......... .......... .......... .......... 40%  141M 1s
 20300K .......... .......... .......... .......... .......... 40%  160M 1s
 20350K .......... .......... .......... .......... .......... 40%  123M 1s
 20400K .......... .......... .......... .......... .......... 40%  154M 1s
 20450K .......... .......... .......... .......... .......... 40%  121M 1s
 20500K .......... .......... .......... .......... .......... 40%  121M 1s
 20550K .......... .......... .......... .......... .......... 40%  133M 1s
 20600K .......... .......... .......... .......... .......... 40%  111M 1s
 20650K .......... .......... .......... .......... .......... 41%  111M 1s
 20700K .......... .......... .......... .......... .......... 41%  135M 1s
 20750K .......... .......... .......... .......... .......... 41% 78.5M 1s
 20800K .......... .......... .......... .......... .......... 41% 99.8M 1s
 20850K .......... .......... .......... .......... .......... 41% 94.5M 1s
 20900K .......... .......... .......... .......... .......... 41% 98.3M 1s
 20950K .......... .......... .......... .......... .......... 41% 1.64M 1s
 21000K .......... .......... .......... .......... .......... 41% 77.6M 1s
 21050K .......... .......... .......... .......... .......... 41%  109M 1s
 21100K .......... .......... .......... .......... .......... 41% 75.6M 1s
 21150K .......... .......... .......... .......... .......... 42%  176M 1s
 21200K .......... .......... .......... .......... .......... 42% 95.4M 1s
 21250K .......... .......... .......... .......... .......... 42%  102M 1s
 21300K .......... .......... .......... .......... .......... 42%  125M 1s
 21350K .......... .......... .......... .......... .......... 42%  128M 1s
 21400K .......... .......... .......... .......... .......... 42% 94.2M 1s
 21450K .......... .......... .......... .......... .......... 42%  138M 1s
 21500K .......... .......... .......... .......... .......... 42%  115M 1s
 21550K .......... .......... .......... .......... .......... 42%  112M 1s
 21600K .......... .......... .......... .......... .......... 42% 88.6M 1s
 21650K .......... .......... .......... .......... .......... 43%  105M 1s
 21700K .......... .......... .......... .......... .......... 43%  124M 1s
 21750K .......... .......... .......... .......... .......... 43% 89.0M 1s
 21800K .......... .......... .......... .......... .......... 43% 89.8M 1s
 21850K .......... .......... .......... .......... .......... 43%  114M 1s
 21900K .......... .......... .......... .......... .......... 43%  120M 1s
 21950K .......... .......... .......... .......... .......... 43%  133M 1s
 22000K .......... .......... .......... .......... .......... 43%  124M 1s
 22050K .......... .......... .......... .......... .......... 43%  121M 1s
 22100K .......... .......... .......... .......... .......... 43%  114M 1s
 22150K .......... .......... .......... .......... .......... 43%  135M 1s
 22200K .......... .......... .......... .......... .......... 44%  101M 1s
 22250K .......... .......... .......... .......... .......... 44% 98.8M 1s
 22300K .......... .......... .......... .......... .......... 44% 83.3M 1s
 22350K .......... .......... .......... .......... .......... 44%  104M 1s
 22400K .......... .......... .......... .......... .......... 44%  119M 1s
 22450K .......... .......... .......... .......... .......... 44%  120M 1s
 22500K .......... .......... .......... .......... .......... 44%  156M 1s
 22550K .......... .......... .......... .......... .......... 44%  151M 1s
 22600K .......... .......... .......... .......... .......... 44% 89.2M 1s
 22650K .......... .......... .......... .......... .......... 44% 96.0M 1s
 22700K .......... .......... .......... .......... .......... 45%  116M 1s
 22750K .......... .......... .......... .......... .......... 45%  114M 1s
 22800K .......... .......... .......... .......... .......... 45%  125M 1s
 22850K .......... .......... .......... .......... .......... 45%  146M 1s
 22900K .......... .......... .......... .......... .......... 45%  125M 1s
 22950K .......... .......... .......... .......... .......... 45% 91.1M 1s
 23000K .......... .......... .......... .......... .......... 45%  132M 1s
 23050K .......... .......... .......... .......... .......... 45% 60.4M 1s
 23100K .......... .......... .......... .......... .......... 45%  139M 1s
 23150K .......... .......... .......... .......... .......... 45%  105M 1s
 23200K .......... .......... .......... .......... .......... 46%  119M 1s
 23250K .......... .......... .......... .......... .......... 46%  128M 1s
 23300K .......... .......... .......... .......... .......... 46%  122M 1s
 23350K .......... .......... .......... .......... .......... 46%  159M 1s
 23400K .......... .......... .......... .......... .......... 46%  127M 1s
 23450K .......... .......... .......... .......... .......... 46%  100M 1s
 23500K .......... .......... .......... .......... .......... 46%  120M 1s
 23550K .......... .......... .......... .......... .......... 46% 1.17M 1s
 23600K .......... .......... .......... .......... .......... 46% 59.3M 1s
 23650K .......... .......... .......... .......... .......... 46% 82.7M 1s
 23700K .......... .......... .......... .......... .......... 47%  174M 1s
 23750K .......... .......... .......... .......... .......... 47%  206M 1s
 23800K .......... .......... .......... .......... .......... 47%  159M 1s
 23850K .......... .......... .......... .......... .......... 47%  217M 1s
 23900K .......... .......... .......... .......... .......... 47%  183M 1s
 23950K .......... .......... .......... .......... .......... 47%  115M 1s
 24000K .......... .......... .......... .......... .......... 47%  104M 1s
 24050K .......... .......... .......... .......... .......... 47%  122M 1s
 24100K .......... .......... .......... .......... .......... 47%  143M 1s
 24150K .......... .......... .......... .......... .......... 47% 65.3M 1s
 24200K .......... .......... .......... .......... .......... 48% 78.6M 1s
 24250K .......... .......... .......... .......... .......... 48%  130M 1s
 24300K .......... .......... .......... .......... .......... 48%  131M 1s
 24350K .......... .......... .......... .......... .......... 48%  118M 1s
 24400K .......... .......... .......... .......... .......... 48%  143M 1s
 24450K .......... .......... .......... .......... .......... 48%  155M 1s
 24500K .......... .......... .......... .......... .......... 48%  117M 1s
 24550K .......... .......... .......... .......... .......... 48%  110M 1s
 24600K .......... .......... .......... .......... .......... 48%  121M 1s
 24650K .......... .......... .......... .......... .......... 48% 97.0M 1s
 24700K .......... .......... .......... .......... .......... 49%  158M 1s
 24750K .......... .......... .......... .......... .......... 49% 85.1M 1s
 24800K .......... .......... .......... .......... .......... 49%  108M 1s
 24850K .......... .......... .......... .......... .......... 49% 89.3M 1s
 24900K .......... .......... .......... .......... .......... 49%  132M 1s
 24950K .......... .......... .......... .......... .......... 49%  141M 1s
 25000K .......... .......... .......... .......... .......... 49%  120M 1s
 25050K .......... .......... .......... .......... .......... 49% 97.5M 1s
 25100K .......... .......... .......... .......... .......... 49%  137M 1s
 25150K .......... .......... .......... .......... .......... 49%  120M 1s
 25200K .......... .......... .......... .......... .......... 50% 94.3M 1s
 25250K .......... .......... .......... .......... .......... 50%  110M 1s
 25300K .......... .......... .......... .......... .......... 50%  122M 1s
 25350K .......... .......... .......... .......... .......... 50%  107M 1s
 25400K .......... .......... .......... .......... .......... 50%  125M 1s
 25450K .......... .......... .......... .......... .......... 50%  113M 1s
 25500K .......... .......... .......... .......... .......... 50% 93.1M 1s
 25550K .......... .......... .......... .......... .......... 50%  121M 1s
 25600K .......... .......... .......... .......... .......... 50%  122M 1s
 25650K .......... .......... .......... .......... .......... 50%  114M 1s
 25700K .......... .......... .......... .......... .......... 51%  108M 1s
 25750K .......... .......... .......... .......... .......... 51%  123M 1s
 25800K .......... .......... .......... .......... .......... 51%  108M 1s
 25850K .......... .......... .......... .......... .......... 51% 91.5M 1s
 25900K .......... .......... .......... .......... .......... 51%  127M 1s
 25950K .......... .......... .......... .......... .......... 51% 93.8M 1s
 26000K .......... .......... .......... .......... .......... 51%  158M 1s
 26050K .......... .......... .......... .......... .......... 51% 84.2M 1s
 26100K .......... .......... .......... .......... .......... 51% 1.21M 1s
 26150K .......... .......... .......... .......... .......... 51% 74.5M 1s
 26200K .......... .......... .......... .......... .......... 52% 88.4M 1s
 26250K .......... .......... .......... .......... .......... 52%  133M 1s
 26300K .......... .......... .......... .......... .......... 52%  125M 1s
 26350K .......... .......... .......... .......... .......... 52%  116M 1s
 26400K .......... .......... .......... .......... .......... 52%  143M 1s
 26450K .......... .......... .......... .......... .......... 52%  208M 1s
 26500K .......... .......... .......... .......... .......... 52% 95.3M 1s
 26550K .......... .......... .......... .......... .......... 52% 66.8M 1s
 26600K .......... .......... .......... .......... .......... 52% 83.0M 1s
 26650K .......... .......... .......... .......... .......... 52%  120M 1s
 26700K .......... .......... .......... .......... .......... 53%  139M 1s
 26750K .......... .......... .......... .......... .......... 53%  112M 1s
 26800K .......... .......... .......... .......... .......... 53%  127M 1s
 26850K .......... .......... .......... .......... .......... 53%  165M 1s
 26900K .......... .......... .......... .......... .......... 53%  109M 1s
 26950K .......... .......... .......... .......... .......... 53%  105M 1s
 27000K .......... .......... .......... .......... .......... 53%  121M 1s
 27050K .......... .......... .......... .......... .......... 53% 96.9M 1s
 27100K .......... .......... .......... .......... .......... 53%  131M 1s
 27150K .......... .......... .......... .......... .......... 53% 84.2M 1s
 27200K .......... .......... .......... .......... .......... 54%  126M 1s
 27250K .......... .......... .......... .......... .......... 54%  135M 1s
 27300K .......... .......... .......... .......... .......... 54%  117M 1s
 27350K .......... .......... .......... .......... .......... 54%  108M 1s
 27400K .......... .......... .......... .......... .......... 54%  125M 1s
 27450K .......... .......... .......... .......... .......... 54% 84.9M 1s
 27500K .......... .......... .......... .......... .......... 54%  147M 1s
 27550K .......... .......... .......... .......... .......... 54% 87.2M 1s
 27600K .......... .......... .......... .......... .......... 54%  144M 1s
 27650K .......... .......... .......... .......... .......... 54% 67.3M 1s
 27700K .......... .......... .......... .......... .......... 54% 81.4M 1s
 27750K .......... .......... .......... .......... .......... 55% 78.2M 1s
 27800K .......... .......... .......... .......... .......... 55% 74.3M 1s
 27850K .......... .......... .......... .......... .......... 55% 92.4M 1s
 27900K .......... .......... .......... .......... .......... 55%  104M 1s
 27950K .......... .......... .......... .......... .......... 55%  102M 1s
 28000K .......... .......... .......... .......... .......... 55%  113M 1s
 28050K .......... .......... .......... .......... .......... 55%  115M 1s
 28100K .......... .......... .......... .......... .......... 55%  110M 1s
 28150K .......... .......... .......... .......... .......... 55%  106M 1s
 28200K .......... .......... .......... .......... .......... 55%  176M 1s
 28250K .......... .......... .......... .......... .......... 56%  154M 1s
 28300K .......... .......... .......... .......... .......... 56%  166M 1s
 28350K .......... .......... .......... .......... .......... 56%  167M 1s
 28400K .......... .......... .......... .......... .......... 56%  158M 1s
 28450K .......... .......... .......... .......... .......... 56%  135M 1s
 28500K .......... .......... .......... .......... .......... 56%  171M 1s
 28550K .......... .......... .......... .......... .......... 56%  149M 1s
 28600K .......... .......... .......... .......... .......... 56%  102M 1s
 28650K .......... .......... .......... .......... .......... 56%  118M 1s
 28700K .......... .......... .......... .......... .......... 56% 1.06M 1s
 28750K .......... .......... .......... .......... .......... 57%  140M 1s
 28800K .......... .......... .......... .......... .......... 57%  134M 1s
 28850K .......... .......... .......... .......... .......... 57%  118M 1s
 28900K .......... .......... .......... .......... .......... 57%  130M 1s
 28950K .......... .......... .......... .......... .......... 57% 1.37M 1s
 29000K .......... .......... .......... .......... .......... 57% 89.8M 1s
 29050K .......... .......... .......... .......... .......... 57%  177M 1s
 29100K .......... .......... .......... .......... .......... 57%  153M 1s
 29150K .......... .......... .......... .......... .......... 57%  170M 1s
 29200K .......... .......... .......... .......... .......... 57% 16.5M 1s
 29250K .......... .......... .......... .......... .......... 58% 68.5M 1s
 29300K .......... .......... .......... .......... .......... 58% 93.6M 1s
 29350K .......... .......... .......... .......... .......... 58% 3.05M 1s
 29400K .......... .......... .......... .......... .......... 58%  164M 1s
 29450K .......... .......... .......... .......... .......... 58%  150M 1s
 29500K .......... .......... .......... .......... .......... 58%  224M 1s
 29550K .......... .......... .......... .......... .......... 58%  178M 1s
 29600K .......... .......... .......... .......... .......... 58%  185M 1s
 29650K .......... .......... .......... .......... .......... 58%  172M 1s
 29700K .......... .......... .......... .......... .......... 58%  215M 1s
 29750K .......... .......... .......... .......... .......... 59%  196M 1s
 29800K .......... .......... .......... .......... .......... 59%  176M 1s
 29850K .......... .......... .......... .......... .......... 59%  200M 1s
 29900K .......... .......... .......... .......... .......... 59%  197M 1s
 29950K .......... .......... .......... .......... .......... 59%  136M 1s
 30000K .......... .......... .......... .......... .......... 59%  193M 1s
 30050K .......... .......... .......... .......... .......... 59%  194M 1s
 30100K .......... .......... .......... .......... .......... 59%  189M 1s
 30150K .......... .......... .......... .......... .......... 59%  158M 1s
 30200K .......... .......... .......... .......... .......... 59%  162M 1s
 30250K .......... .......... .......... .......... .......... 60%  176M 1s
 30300K .......... .......... .......... .......... .......... 60%  165M 1s
 30350K .......... .......... .......... .......... .......... 60%  229M 1s
 30400K .......... .......... .......... .......... .......... 60%  214M 1s
 30450K .......... .......... .......... .......... .......... 60%  203M 1s
 30500K .......... .......... .......... .......... .......... 60%  202M 1s
 30550K .......... .......... .......... .......... .......... 60%  198M 1s
 30600K .......... .......... .......... .......... .......... 60%  217M 1s
 30650K .......... .......... .......... .......... .......... 60%  219M 1s
 30700K .......... .......... .......... .......... .......... 60%  203M 1s
 30750K .......... .......... .......... .......... .......... 61%  214M 1s
 30800K .......... .......... .......... .......... .......... 61%  194M 1s
 30850K .......... .......... .......... .......... .......... 61%  168M 1s
 30900K .......... .......... .......... .......... .......... 61%  199M 1s
 30950K .......... .......... .......... .......... .......... 61%  230M 1s
 31000K .......... .......... .......... .......... .......... 61%  212M 1s
 31050K .......... .......... .......... .......... .......... 61%  216M 1s
 31100K .......... .......... .......... .......... .......... 61%  224M 1s
 31150K .......... .......... .......... .......... .......... 61%  209M 1s
 31200K .......... .......... .......... .......... .......... 61%  179M 1s
 31250K .......... .......... .......... .......... .......... 62%  232M 1s
 31300K .......... .......... .......... .......... .......... 62%  198M 1s
 31350K .......... .......... .......... .......... .......... 62%  182M 1s
 31400K .......... .......... .......... .......... .......... 62%  218M 1s
 31450K .......... .......... .......... .......... .......... 62%  186M 1s
 31500K .......... .......... .......... .......... .......... 62%  208M 1s
 31550K .......... .......... .......... .......... .......... 62%  211M 1s
 31600K .......... .......... .......... .......... .......... 62%  199M 1s
 31650K .......... .......... .......... .......... .......... 62%  191M 1s
 31700K .......... .......... .......... .......... .......... 62%  176M 1s
 31750K .......... .......... .......... .......... .......... 63%  219M 1s
 31800K .......... .......... .......... .......... .......... 63%  174M 1s
 31850K .......... .......... .......... .......... .......... 63%  228M 1s
 31900K .......... .......... .......... .......... .......... 63% 5.94M 1s
 31950K .......... .......... .......... .......... .......... 63% 89.8M 1s
 32000K .......... .......... .......... .......... .......... 63%  147M 1s
 32050K .......... .......... .......... .......... .......... 63% 90.6M 1s
 32100K .......... .......... .......... .......... .......... 63%  105M 1s
 32150K .......... .......... .......... .......... .......... 63%  120M 1s
 32200K .......... .......... .......... .......... .......... 63% 92.4M 1s
 32250K .......... .......... .......... .......... .......... 64% 87.2M 1s
 32300K .......... .......... .......... .......... .......... 64%  111M 1s
 32350K .......... .......... .......... .......... .......... 64%  106M 1s
 32400K .......... .......... .......... .......... .......... 64%  113M 1s
 32450K .......... .......... .......... .......... .......... 64%  100M 1s
 32500K .......... .......... .......... .......... .......... 64%  106M 1s
 32550K .......... .......... .......... .......... .......... 64%  106M 1s
 32600K .......... .......... .......... .......... .......... 64%  124M 1s
 32650K .......... .......... .......... .......... .......... 64%  115M 1s
 32700K .......... .......... .......... .......... .......... 64%  105M 1s
 32750K .......... .......... .......... .......... .......... 65%  122M 1s
 32800K .......... .......... .......... .......... .......... 65%  124M 1s
 32850K .......... .......... .......... .......... .......... 65%  102M 1s
 32900K .......... .......... .......... .......... .......... 65%  113M 1s
 32950K .......... .......... .......... .......... .......... 65%  141M 1s
 33000K .......... .......... .......... .......... .......... 65%  123M 1s
 33050K .......... .......... .......... .......... .......... 65%  162M 1s
 33100K .......... .......... .......... .......... .......... 65%  124M 1s
 33150K .......... .......... .......... .......... .......... 65% 75.4M 1s
 33200K .......... .......... .......... .......... .......... 65%  140M 1s
 33250K .......... .......... .......... .......... .......... 65%  139M 1s
 33300K .......... .......... .......... .......... .......... 66%  126M 1s
 33350K .......... .......... .......... .......... .......... 66%  112M 1s
 33400K .......... .......... .......... .......... .......... 66%  124M 1s
 33450K .......... .......... .......... .......... .......... 66% 99.8M 1s
 33500K .......... .......... .......... .......... .......... 66%  114M 1s
 33550K .......... .......... .......... .......... .......... 66% 92.4M 1s
 33600K .......... .......... .......... .......... .......... 66%  106M 1s
 33650K .......... .......... .......... .......... .......... 66% 96.2M 1s
 33700K .......... .......... .......... .......... .......... 66%  110M 1s
 33750K .......... .......... .......... .......... .......... 66% 8.81M 1s
 33800K .......... .......... .......... .......... .......... 67% 83.4M 1s
 33850K .......... .......... .......... .......... .......... 67% 2.44M 1s
 33900K .......... .......... .......... .......... .......... 67% 21.7M 1s
 33950K .......... .......... .......... .......... .......... 67%  113M 1s
 34000K .......... .......... .......... .......... .......... 67% 86.9M 1s
 34050K .......... .......... .......... .......... .......... 67%  135M 1s
 34100K .......... .......... .......... .......... .......... 67%  100M 1s
 34150K .......... .......... .......... .......... .......... 67%  118M 1s
 34200K .......... .......... .......... .......... .......... 67%  115M 1s
 34250K .......... .......... .......... .......... .......... 67%  116M 1s
 34300K .......... .......... .......... .......... .......... 68%  123M 1s
 34350K .......... .......... .......... .......... .......... 68%  105M 1s
 34400K .......... .......... .......... .......... .......... 68%  104M 1s
 34450K .......... .......... .......... .......... .......... 68%  107M 1s
 34500K .......... .......... .......... .......... .......... 68% 57.7M 1s
 34550K .......... .......... .......... .......... .......... 68%  127M 1s
 34600K .......... .......... .......... .......... .......... 68% 99.5M 1s
 34650K .......... .......... .......... .......... .......... 68% 93.9M 1s
 34700K .......... .......... .......... .......... .......... 68%  107M 1s
 34750K .......... .......... .......... .......... .......... 68% 96.4M 1s
 34800K .......... .......... .......... .......... .......... 69% 89.6M 1s
 34850K .......... .......... .......... .......... .......... 69% 80.1M 1s
 34900K .......... .......... .......... .......... .......... 69%  112M 1s
 34950K .......... .......... .......... .......... .......... 69%  108M 1s
 35000K .......... .......... .......... .......... .......... 69% 99.2M 1s
 35050K .......... .......... .......... .......... .......... 69%  104M 1s
 35100K .......... .......... .......... .......... .......... 69%  117M 1s
 35150K .......... .......... .......... .......... .......... 69% 94.6M 0s
 35200K .......... .......... .......... .......... .......... 69%  110M 0s
 35250K .......... .......... .......... .......... .......... 69%  112M 0s
 35300K .......... .......... .......... .......... .......... 70%  109M 0s
 35350K .......... .......... .......... .......... .......... 70%  115M 0s
 35400K .......... .......... .......... .......... .......... 70%  111M 0s
 35450K .......... .......... .......... .......... .......... 70%  103M 0s
 35500K .......... .......... .......... .......... .......... 70%  117M 0s
 35550K .......... .......... .......... .......... .......... 70%  185M 0s
 35600K .......... .......... .......... .......... .......... 70%  157M 0s
 35650K .......... .......... .......... .......... .......... 70%  159M 0s
 35700K .......... .......... .......... .......... .......... 70%  163M 0s
 35750K .......... .......... .......... .......... .......... 70%  198M 0s
 35800K .......... .......... .......... .......... .......... 71%  167M 0s
 35850K .......... .......... .......... .......... .......... 71%  143M 0s
 35900K .......... .......... .......... .......... .......... 71%  118M 0s
 35950K .......... .......... .......... .......... .......... 71% 98.0M 0s
 36000K .......... .......... .......... .......... .......... 71%  154M 0s
 36050K .......... .......... .......... .......... .......... 71% 74.3M 0s
 36100K .......... .......... .......... .......... .......... 71% 89.4M 0s
 36150K .......... .......... .......... .......... .......... 71% 75.3M 0s
 36200K .......... .......... .......... .......... .......... 71% 96.8M 0s
 36250K .......... .......... .......... .......... .......... 71%  109M 0s
 36300K .......... .......... .......... .......... .......... 72% 94.2M 0s
 36350K .......... .......... .......... .......... .......... 72%  111M 0s
 36400K .......... .......... .......... .......... .......... 72%  155M 0s
 36450K .......... .......... .......... .......... .......... 72% 1.25M 0s
 36500K .......... .......... .......... .......... .......... 72%  104M 0s
 36550K .......... .......... .......... .......... .......... 72% 25.6M 0s
 36600K .......... .......... .......... .......... .......... 72%  113M 0s
 36650K .......... .......... .......... .......... .......... 72%  110M 0s
 36700K .......... .......... .......... .......... .......... 72%  123M 0s
 36750K .......... .......... .......... .......... .......... 72%  126M 0s
 36800K .......... .......... .......... .......... .......... 73% 96.0M 0s
 36850K .......... .......... .......... .......... .......... 73% 93.8M 0s
 36900K .......... .......... .......... .......... .......... 73% 66.7M 0s
 36950K .......... .......... .......... .......... .......... 73% 78.9M 0s
 37000K .......... .......... .......... .......... .......... 73%  111M 0s
 37050K .......... .......... .......... .......... .......... 73%  158M 0s
 37100K .......... .......... .......... .......... .......... 73%  123M 0s
 37150K .......... .......... .......... .......... .......... 73% 89.5M 0s
 37200K .......... .......... .......... .......... .......... 73%  118M 0s
 37250K .......... .......... .......... .......... .......... 73%  108M 0s
 37300K .......... .......... .......... .......... .......... 74%  142M 0s
 37350K .......... .......... .......... .......... .......... 74% 78.2M 0s
 37400K .......... .......... .......... .......... .......... 74% 89.1M 0s
 37450K .......... .......... .......... .......... .......... 74% 93.0M 0s
 37500K .......... .......... .......... .......... .......... 74%  141M 0s
 37550K .......... .......... .......... .......... .......... 74%  120M 0s
 37600K .......... .......... .......... .......... .......... 74% 97.7M 0s
 37650K .......... .......... .......... .......... .......... 74%  117M 0s
 37700K .......... .......... .......... .......... .......... 74%  109M 0s
 37750K .......... .......... .......... .......... .......... 74%  126M 0s
 37800K .......... .......... .......... .......... .......... 75%  111M 0s
 37850K .......... .......... .......... .......... .......... 75%  107M 0s
 37900K .......... .......... .......... .......... .......... 75%  108M 0s
 37950K .......... .......... .......... .......... .......... 75%  132M 0s
 38000K .......... .......... .......... .......... .......... 75%  118M 0s
 38050K .......... .......... .......... .......... .......... 75%  100M 0s
 38100K .......... .......... .......... .......... .......... 75%  123M 0s
 38150K .......... .......... .......... .......... .......... 75%  119M 0s
 38200K .......... .......... .......... .......... .......... 75%  122M 0s
 38250K .......... .......... .......... .......... .......... 75%  125M 0s
 38300K .......... .......... .......... .......... .......... 76%  104M 0s
 38350K .......... .......... .......... .......... .......... 76%  121M 0s
 38400K .......... .......... .......... .......... .......... 76%  126M 0s
 38450K .......... .......... .......... .......... .......... 76% 83.6M 0s
 38500K .......... .......... .......... .......... .......... 76%  103M 0s
 38550K .......... .......... .......... .......... .......... 76%  108M 0s
 38600K .......... .......... .......... .......... .......... 76%  144M 0s
 38650K .......... .......... .......... .......... .......... 76%  140M 0s
 38700K .......... .......... .......... .......... .......... 76% 98.7M 0s
 38750K .......... .......... .......... .......... .......... 76%  131M 0s
 38800K .......... .......... .......... .......... .......... 76%  121M 0s
 38850K .......... .......... .......... .......... .......... 77% 69.1M 0s
 38900K .......... .......... .......... .......... .......... 77%  105M 0s
 38950K .......... .......... .......... .......... .......... 77%  135M 0s
 39000K .......... .......... .......... .......... .......... 77%  131M 0s
 39050K .......... .......... .......... .......... .......... 77% 1.21M 0s
 39100K .......... .......... .......... .......... .......... 77%  110M 0s
 39150K .......... .......... .......... .......... .......... 77% 75.0M 0s
 39200K .......... .......... .......... .......... .......... 77%  120M 0s
 39250K .......... .......... .......... .......... .......... 77%  140M 0s
 39300K .......... .......... .......... .......... .......... 77% 70.7M 0s
 39350K .......... .......... .......... .......... .......... 78% 83.0M 0s
 39400K .......... .......... .......... .......... .......... 78% 90.8M 0s
 39450K .......... .......... .......... .......... .......... 78%  110M 0s
 39500K .......... .......... .......... .......... .......... 78% 90.0M 0s
 39550K .......... .......... .......... .......... .......... 78%  111M 0s
 39600K .......... .......... .......... .......... .......... 78%  103M 0s
 39650K .......... .......... .......... .......... .......... 78%  106M 0s
 39700K .......... .......... .......... .......... .......... 78%  124M 0s
 39750K .......... .......... .......... .......... .......... 78%  106M 0s
 39800K .......... .......... .......... .......... .......... 78%  116M 0s
 39850K .......... .......... .......... .......... .......... 79%  132M 0s
 39900K .......... .......... .......... .......... .......... 79%  109M 0s
 39950K .......... .......... .......... .......... .......... 79%  117M 0s
 40000K .......... .......... .......... .......... .......... 79%  111M 0s
 40050K .......... .......... .......... .......... .......... 79% 94.2M 0s
 40100K .......... .......... .......... .......... .......... 79% 96.9M 0s
 40150K .......... .......... .......... .......... .......... 79%  124M 0s
 40200K .......... .......... .......... .......... .......... 79%  106M 0s
 40250K .......... .......... .......... .......... .......... 79%  103M 0s
 40300K .......... .......... .......... .......... .......... 79%  103M 0s
 40350K .......... .......... .......... .......... .......... 80%  126M 0s
 40400K .......... .......... .......... .......... .......... 80%  126M 0s
 40450K .......... .......... .......... .......... .......... 80%  267M 0s
 40500K .......... .......... .......... .......... .......... 80%  224M 0s
 40550K .......... .......... .......... .......... .......... 80%  159M 0s
 40600K .......... .......... .......... .......... .......... 80%  139M 0s
 40650K .......... .......... .......... .......... .......... 80%  105M 0s
 40700K .......... .......... .......... .......... .......... 80%  120M 0s
 40750K .......... .......... .......... .......... .......... 80% 98.4M 0s
 40800K .......... .......... .......... .......... .......... 80%  122M 0s
 40850K .......... .......... .......... .......... .......... 81% 80.8M 0s
 40900K .......... .......... .......... .......... .......... 81%  113M 0s
 40950K .......... .......... .......... .......... .......... 81%  111M 0s
 41000K .......... .......... .......... .......... .......... 81%  141M 0s
 41050K .......... .......... .......... .......... .......... 81%  101M 0s
 41100K .......... .......... .......... .......... .......... 81% 96.8M 0s
 41150K .......... .......... .......... .......... .......... 81%  139M 0s
 41200K .......... .......... .......... .......... .......... 81% 97.1M 0s
 41250K .......... .......... .......... .......... .......... 81%  106M 0s
 41300K .......... .......... .......... .......... .......... 81%  110M 0s
 41350K .......... .......... .......... .......... .......... 82%  167M 0s
 41400K .......... .......... .......... .......... .......... 82% 83.6M 0s
 41450K .......... .......... .......... .......... .......... 82% 88.6M 0s
 41500K .......... .......... .......... .......... .......... 82%  115M 0s
 41550K .......... .......... .......... .......... .......... 82%  138M 0s
 41600K .......... .......... .......... .......... .......... 82% 1.21M 0s
 41650K .......... .......... .......... .......... .......... 82% 66.0M 0s
 41700K .......... .......... .......... .......... .......... 82% 72.8M 0s
 41750K .......... .......... .......... .......... .......... 82% 95.3M 0s
 41800K .......... .......... .......... .......... .......... 82%  101M 0s
 41850K .......... .......... .......... .......... .......... 83%  115M 0s
 41900K .......... .......... .......... .......... .......... 83%  106M 0s
 41950K .......... .......... .......... .......... .......... 83%  122M 0s
 42000K .......... .......... .......... .......... .......... 83%  144M 0s
 42050K .......... .......... .......... .......... .......... 83%  111M 0s
 42100K .......... .......... .......... .......... .......... 83%  108M 0s
 42150K .......... .......... .......... .......... .......... 83%  126M 0s
 42200K .......... .......... .......... .......... .......... 83%  114M 0s
 42250K .......... .......... .......... .......... .......... 83%  155M 0s
 42300K .......... .......... .......... .......... .......... 83%  125M 0s
 42350K .......... .......... .......... .......... .......... 84%  140M 0s
 42400K .......... .......... .......... .......... .......... 84%  131M 0s
 42450K .......... .......... .......... .......... .......... 84%  116M 0s
 42500K .......... .......... .......... .......... .......... 84%  143M 0s
 42550K .......... .......... .......... .......... .......... 84%  150M 0s
 42600K .......... .......... .......... .......... .......... 84% 84.1M 0s
 42650K .......... .......... .......... .......... .......... 84%  142M 0s
 42700K .......... .......... .......... .......... .......... 84% 77.3M 0s
 42750K .......... .......... .......... .......... .......... 84% 82.0M 0s
 42800K .......... .......... .......... .......... .......... 84%  109M 0s
 42850K .......... .......... .......... .......... .......... 85%  157M 0s
 42900K .......... .......... .......... .......... .......... 85%  136M 0s
 42950K .......... .......... .......... .......... .......... 85%  144M 0s
 43000K .......... .......... .......... .......... .......... 85%  137M 0s
 43050K .......... .......... .......... .......... .......... 85%  104M 0s
 43100K .......... .......... .......... .......... .......... 85%  120M 0s
 43150K .......... .......... .......... .......... .......... 85%  116M 0s
 43200K .......... .......... .......... .......... .......... 85% 96.9M 0s
 43250K .......... .......... .......... .......... .......... 85%  102M 0s
 43300K .......... .......... .......... .......... .......... 85%  145M 0s
 43350K .......... .......... .......... .......... .......... 86% 99.1M 0s
 43400K .......... .......... .......... .......... .......... 86%  120M 0s
 43450K .......... .......... .......... .......... .......... 86% 90.5M 0s
 43500K .......... .......... .......... .......... .......... 86% 90.9M 0s
 43550K .......... .......... .......... .......... .......... 86%  108M 0s
 43600K .......... .......... .......... .......... .......... 86%  139M 0s
 43650K .......... .......... .......... .......... .......... 86%  142M 0s
 43700K .......... .......... .......... .......... .......... 86%  114M 0s
 43750K .......... .......... .......... .......... .......... 86% 89.2M 0s
 43800K .......... .......... .......... .......... .......... 86%  105M 0s
 43850K .......... .......... .......... .......... .......... 87%  144M 0s
 43900K .......... .......... .......... .......... .......... 87%  110M 0s
 43950K .......... .......... .......... .......... .......... 87%  130M 0s
 44000K .......... .......... .......... .......... .......... 87%  104M 0s
 44050K .......... .......... .......... .......... .......... 87%  111M 0s
 44100K .......... .......... .......... .......... .......... 87%  127M 0s
 44150K .......... .......... .......... .......... .......... 87% 85.0M 0s
 44200K .......... .......... .......... .......... .......... 87% 1.19M 0s
 44250K .......... .......... .......... .......... .......... 87% 91.4M 0s
 44300K .......... .......... .......... .......... .......... 87%  137M 0s
 44350K .......... .......... .......... .......... .......... 87%  109M 0s
 44400K .......... .......... .......... .......... .......... 88% 96.0M 0s
 44450K .......... .......... .......... .......... .......... 88%  131M 0s
 44500K .......... .......... .......... .......... .......... 88% 91.1M 0s
 44550K .......... .......... .......... .......... .......... 88% 60.9M 0s
 44600K .......... .......... .......... .......... .......... 88% 87.7M 0s
 44650K .......... .......... .......... .......... .......... 88%  108M 0s
 44700K .......... .......... .......... .......... .......... 88%  104M 0s
 44750K .......... .......... .......... .......... .......... 88% 86.5M 0s
 44800K .......... .......... .......... .......... .......... 88% 99.2M 0s
 44850K .......... .......... .......... .......... .......... 88%  110M 0s
 44900K .......... .......... .......... .......... .......... 89%  119M 0s
 44950K .......... .......... .......... .......... .......... 89%  171M 0s
 45000K .......... .......... .......... .......... .......... 89%  153M 0s
 45050K .......... .......... .......... .......... .......... 89%  174M 0s
 45100K .......... .......... .......... .......... .......... 89%  226M 0s
 45150K .......... .......... .......... .......... .......... 89%  209M 0s
 45200K .......... .......... .......... .......... .......... 89% 96.9M 0s
 45250K .......... .......... .......... .......... .......... 89%  118M 0s
 45300K .......... .......... .......... .......... .......... 89%  151M 0s
 45350K .......... .......... .......... .......... .......... 89% 80.3M 0s
 45400K .......... .......... .......... .......... .......... 90%  118M 0s
 45450K .......... .......... .......... .......... .......... 90%  118M 0s
 45500K .......... .......... .......... .......... .......... 90%  137M 0s
 45550K .......... .......... .......... .......... .......... 90%  118M 0s
 45600K .......... .......... .......... .......... .......... 90%  105M 0s
 45650K .......... .......... .......... .......... .......... 90% 71.9M 0s
 45700K .......... .......... .......... .......... .......... 90%  115M 0s
 45750K .......... .......... .......... .......... .......... 90%  128M 0s
 45800K .......... .......... .......... .......... .......... 90%  108M 0s
 45850K .......... .......... .......... .......... .......... 90%  100M 0s
 45900K .......... .......... .......... .......... .......... 91%  122M 0s
 45950K .......... .......... .......... .......... .......... 91%  115M 0s
 46000K .......... .......... .......... .......... .......... 91%  123M 0s
 46050K .......... .......... .......... .......... .......... 91%  111M 0s
 46100K .......... .......... .......... .......... .......... 91%  127M 0s
 46150K .......... .......... .......... .......... .......... 91%  124M 0s
 46200K .......... .......... .......... .......... .......... 91% 90.4M 0s
 46250K .......... .......... .......... .......... .......... 91% 99.6M 0s
 46300K .......... .......... .......... .......... .......... 91% 99.3M 0s
 46350K .......... .......... .......... .......... .......... 91%  108M 0s
 46400K .......... .......... .......... .......... .......... 92%  145M 0s
 46450K .......... .......... .......... .......... .......... 92%  133M 0s
 46500K .......... .......... .......... .......... .......... 92%  102M 0s
 46550K .......... .......... .......... .......... .......... 92%  122M 0s
 46600K .......... .......... .......... .......... .......... 92%  130M 0s
 46650K .......... .......... .......... .......... .......... 92% 96.8M 0s
 46700K .......... .......... .......... .......... .......... 92%  116M 0s
 46750K .......... .......... .......... .......... .......... 92%  122M 0s
 46800K .......... .......... .......... .......... .......... 92% 1.13M 0s
 46850K .......... .......... .......... .......... .......... 92% 97.9M 0s
 46900K .......... .......... .......... .......... .......... 93%  123M 0s
 46950K .......... .......... .......... .......... .......... 93%  136M 0s
 47000K .......... .......... .......... .......... .......... 93% 86.0M 0s
 47050K .......... .......... .......... .......... .......... 93% 92.8M 0s
 47100K .......... .......... .......... .......... .......... 93% 92.2M 0s
 47150K .......... .......... .......... .......... .......... 93%  113M 0s
 47200K .......... .......... .......... .......... .......... 93%  103M 0s
 47250K .......... .......... .......... .......... .......... 93%  126M 0s
 47300K .......... .......... .......... .......... .......... 93%  142M 0s
 47350K .......... .......... .......... .......... .......... 93% 82.2M 0s
 47400K .......... .......... .......... .......... .......... 94%  146M 0s
 47450K .......... .......... .......... .......... .......... 94%  117M 0s
 47500K .......... .......... .......... .......... .......... 94% 93.9M 0s
 47550K .......... .......... .......... .......... .......... 94%  134M 0s
 47600K .......... .......... .......... .......... .......... 94%  114M 0s
 47650K .......... .......... .......... .......... .......... 94%  120M 0s
 47700K .......... .......... .......... .......... .......... 94%  127M 0s
 47750K .......... .......... .......... .......... .......... 94% 77.8M 0s
 47800K .......... .......... .......... .......... .......... 94% 68.3M 0s
 47850K .......... .......... .......... .......... .......... 94% 90.9M 0s
 47900K .......... .......... .......... .......... .......... 95%  106M 0s
 47950K .......... .......... .......... .......... .......... 95%  122M 0s
 48000K .......... .......... .......... .......... .......... 95%  117M 0s
 48050K .......... .......... .......... .......... .......... 95%  105M 0s
 48100K .......... .......... .......... .......... .......... 95%  119M 0s
 48150K .......... .......... .......... .......... .......... 95%  116M 0s
 48200K .......... .......... .......... .......... .......... 95%  110M 0s
 48250K .......... .......... .......... .......... .......... 95%  102M 0s
 48300K .......... .......... .......... .......... .......... 95%  110M 0s
 48350K .......... .......... .......... .......... .......... 95%  123M 0s
 48400K .......... .......... .......... .......... .......... 96%  125M 0s
 48450K .......... .......... .......... .......... .......... 96%  118M 0s
 48500K .......... .......... .......... .......... .......... 96%  108M 0s
 48550K .......... .......... .......... .......... .......... 96%  115M 0s
 48600K .......... .......... .......... .......... .......... 96%  110M 0s
 48650K .......... .......... .......... .......... .......... 96%  121M 0s
 48700K .......... .......... .......... .......... .......... 96%  109M 0s
 48750K .......... .......... .......... .......... .......... 96%  213M 0s
 48800K .......... .......... .......... .......... .......... 96%  189M 0s
 48850K .......... .......... .......... .......... .......... 96%  134M 0s
 48900K .......... .......... .......... .......... .......... 97%  101M 0s
 48950K .......... .......... .......... .......... .......... 97%  134M 0s
 49000K .......... .......... .......... .......... .......... 97% 83.2M 0s
 49050K .......... .......... .......... .......... .......... 97%  139M 0s
 49100K .......... .......... .......... .......... .......... 97%  103M 0s
 49150K .......... .......... .......... .......... .......... 97%  123M 0s
 49200K .......... .......... .......... .......... .......... 97%  105M 0s
 49250K .......... .......... .......... .......... .......... 97% 98.0M 0s
 49300K .......... .......... .......... .......... .......... 97%  122M 0s
 49350K .......... .......... .......... .......... .......... 97% 1.25M 0s
 49400K .......... .......... .......... .......... .......... 98%  137M 0s
 49450K .......... .......... .......... .......... .......... 98%  113M 0s
 49500K .......... .......... .......... .......... .......... 98% 95.8M 0s
 49550K .......... .......... .......... .......... .......... 98%  135M 0s
 49600K .......... .......... .......... .......... .......... 98%  103M 0s
 49650K .......... .......... .......... .......... .......... 98%  104M 0s
 49700K .......... .......... .......... .......... .......... 98% 88.0M 0s
 49750K .......... .......... .......... .......... .......... 98%  130M 0s
 49800K .......... .......... .......... .......... .......... 98%  122M 0s
 49850K .......... .......... .......... .......... .......... 98% 81.6M 0s
 49900K .......... .......... .......... .......... .......... 98% 62.2M 0s
 49950K .......... .......... .......... .......... .......... 99% 86.6M 0s
 50000K .......... .......... .......... .......... .......... 99% 86.8M 0s
 50050K .......... .......... .......... .......... .......... 99% 66.0M 0s
 50100K .......... .......... .......... .......... .......... 99% 78.7M 0s
 50150K .......... .......... .......... .......... .......... 99% 69.9M 0s
 50200K .......... .......... .......... .......... .......... 99% 70.4M 0s
 50250K .......... .......... .......... .......... .......... 99%  159M 0s
 50300K .......... .......... .......... .......... .......... 99%  149M 0s
 50350K .......... .......... .......... .......... .......... 99%  127M 0s
 50400K .......... .......... .......... .......... .......... 99%  167M 0s
 50450K .....                                                 100% 10539G=1.5s

2021-03-13 14:57:53 (32.3 MB/s) - `/tmp/firefox-45.4.0esr.tar.bz2' saved [51666458/51666458]


travis_time:end:1f2d9337:start=1615647470541902586,finish=1615647473398731849,duration=2856829263[0K$ export PATH=$HOME/firefox-45.4.0esr/firefox:$PATH
travis_fold:end:install_firefox[0K
[33;1mSetting environment variables from .travis.yml[0m
$ export DISPLAY=:99

$ java -Xmx32m -version
java version "1.8.0_31"
Java(TM) SE Runtime Environment (build 1.8.0_31-b13)
Java HotSpot(TM) 64-Bit Server VM (build 25.31-b07, mixed mode)
$ javac -J-Xmx32m -version
javac 1.8.0_31
travis_fold:start:before_install.1[0Ktravis_time:start:089b3698[0K$ wget https://github.com/mozilla/geckodriver/releases/download/v0.11.1/geckodriver-v0.11.1-linux64.tar.gz
--2021-03-13 14:58:02--  https://github.com/mozilla/geckodriver/releases/download/v0.11.1/geckodriver-v0.11.1-linux64.tar.gz
Resolving github.com (github.com)... 192.30.255.113
Connecting to github.com (github.com)|192.30.255.113|:443... connected.
HTTP request sent, awaiting response... 302 Found
Location: https://github-releases.githubusercontent.com/25354393/41cecaf2-8ee8-11e6-82f4-6b74b02d025d?X-Amz-Algorithm=AWS4-HMAC-SHA256&X-Amz-Credential=AKIAIWNJYAX4CSVEH53A%2F20210313%2Fus-east-1%2Fs3%2Faws4_request&X-Amz-Date=20210313T145802Z&X-Amz-Expires=300&X-Amz-Signature=0b7fe81d5efbce551b70a70ea36d423e5e5b46ba01cfe386db26fbe037643916&X-Amz-SignedHeaders=host&actor_id=0&key_id=0&repo_id=25354393&response-content-disposition=attachment%3B%20filename%3Dgeckodriver-v0.11.1-linux64.tar.gz&response-content-type=application%2Foctet-stream [following]
--2021-03-13 14:58:02--  https://github-releases.githubusercontent.com/25354393/41cecaf2-8ee8-11e6-82f4-6b74b02d025d?X-Amz-Algorithm=AWS4-HMAC-SHA256&X-Amz-Credential=AKIAIWNJYAX4CSVEH53A%2F20210313%2Fus-east-1%2Fs3%2Faws4_request&X-Amz-Date=20210313T145802Z&X-Amz-Expires=300&X-Amz-Signature=0b7fe81d5efbce551b70a70ea36d423e5e5b46ba01cfe386db26fbe037643916&X-Amz-SignedHeaders=host&actor_id=0&key_id=0&repo_id=25354393&response-content-disposition=attachment%3B%20filename%3Dgeckodriver-v0.11.1-linux64.tar.gz&response-content-type=application%2Foctet-stream
Resolving github-releases.githubusercontent.com (github-releases.githubusercontent.com)... 185.199.111.154, 185.199.108.154, 185.199.109.154, ...
Connecting to github-releases.githubusercontent.com (github-releases.githubusercontent.com)|185.199.111.154|:443... connected.
ERROR: no certificate subject alternative name matches
	requested host name `github-releases.githubusercontent.com'.
To connect to github-releases.githubusercontent.com insecurely, use `--no-check-certificate'.

travis_time:end:089b3698:start=1615647482302987015,finish=1615647482624539694,duration=321552679[0K
[31;1mThe command "wget https://github.com/mozilla/geckodriver/releases/download/v0.11.1/geckodriver-v0.11.1-linux64.tar.gz" failed and exited with 5 during .[0m

Your build has been stopped.
