travis_fold:start:system_info[0K[33;1mBuild system information[0m
Build language: java
Build group: stable
Build dist: precise
Build id: ''
Job id: ''
[34m[1mBuild image provisioning date and time[0m
Thu Feb  5 15:09:33 UTC 2015
[34m[1mOperating System Details[0m
Distributor ID:	Ubuntu
Description:	Ubuntu 12.04.5 LTS
Release:	12.04
Codename:	precise
[34m[1mLinux Version[0m
3.13.0-29-generic
[34m[1mCookbooks Version[0m
a68419e https://github.com/travis-ci/travis-cookbooks/tree/a68419e
[34m[1mGCC version[0m
gcc (Ubuntu/Linaro 4.6.3-1ubuntu5) 4.6.3
Copyright (C) 2011 Free Software Foundation, Inc.
This is free software; see the source for copying conditions.  There is NO
warranty; not even for MERCHANTABILITY or FITNESS FOR A PARTICULAR PURPOSE.

[34m[1mLLVM version[0m
clang version 3.4 (tags/RELEASE_34/final)
Target: x86_64-unknown-linux-gnu
Thread model: posix
[34m[1mPre-installed Ruby versions[0m
ruby-1.9.3-p551
[34m[1mPre-installed Node.js versions[0m
v0.10.36
[34m[1mPre-installed Go versions[0m
1.4.1
[34m[1mRedis version[0m
redis-server 2.8.19
[34m[1mriak version[0m
2.0.2
[34m[1mMongoDB version[0m
MongoDB 2.4.12
[34m[1mCouchDB version[0m
couchdb 1.6.1
[34m[1mNeo4j version[0m
1.9.4
[34m[1mRabbitMQ Version[0m
3.4.3
[34m[1mElasticSearch version[0m
1.4.0
[34m[1mInstalled Sphinx versions[0m
2.0.10
2.1.9
2.2.6
[34m[1mDefault Sphinx version[0m
2.2.6
[34m[1mInstalled Firefox version[0m
firefox 31.0esr
[34m[1mPhantomJS version[0m
1.9.8
[34m[1mant -version[0m
Apache Ant(TM) version 1.8.2 compiled on December 3 2011
[34m[1mmvn -version[0m
Apache Maven 3.2.5 (12a6b3acb947671f09b81f49094c53f426d8cea1; 2014-12-14T17:29:23+00:00)
Maven home: /usr/local/maven
Java version: 1.7.0_76, vendor: Oracle Corporation
Java home: /usr/lib/jvm/java-7-oracle/jre
Default locale: en_US, platform encoding: ANSI_X3.4-1968
OS name: "linux", version: "3.13.0-29-generic", arch: "amd64", family: "unix"
travis_fold:end:system_info[0K
W: GPG error: http://apt.postgresql.org precise-pgdg Release: The following signatures were invalid: KEYEXPIRED 1562078959
W: Failed to fetch http://ppa.launchpad.net/travis-ci/zero-mq/ubuntu/dists/precise/main/binary-amd64/Packages  403  Forbidden

W: Failed to fetch http://ppa.launchpad.net/travis-ci/zero-mq/ubuntu/dists/precise/main/binary-i386/Packages  403  Forbidden

W: Failed to fetch http://downloads-distro.mongodb.org/repo/debian-sysvinit/dists/dist/10gen/binary-amd64/Packages  Undetermined Error [IP: 52.21.89.200 80]

W: Failed to fetch http://downloads-distro.mongodb.org/repo/debian-sysvinit/dists/dist/10gen/binary-i386/Packages  Undetermined Error [IP: 52.21.89.200 80]

E: Some index files failed to download. They have been ignored, or old ones used instead.
sed: cannot rename /etc/hosts: Device or resource busy
sed: cannot rename /etc/hosts: Device or resource busy
$ jdk_switcher use oraclejdk8
Switching to Oracle JDK8 (java-8-oracle), JAVA_HOME will be set to /usr/lib/jvm/java-8-oracle
$ cd passed/galenframework/galen
travis_fold:start:install_firefox[0K$ export FIREFOX_SOURCE_URL='https://download.mozilla.org/?product=firefox-45.4.0esr&lang=en-US&os=linux64'
[33;1mInstalling Firefox 45.4.0esr[0m
travis_time:start:13f319fa[0K$ wget -O /tmp/firefox-45.4.0esr.tar.bz2 $FIREFOX_SOURCE_URL
--2021-03-13 14:59:29--  https://download.mozilla.org/?product=firefox-45.4.0esr&lang=en-US&os=linux64
Resolving download.mozilla.org (download.mozilla.org)... 34.215.18.113, 44.231.203.24, 52.37.215.30
Connecting to download.mozilla.org (download.mozilla.org)|34.215.18.113|:443... connected.
HTTP request sent, awaiting response... 302 Found
Location: https://download-installer.cdn.mozilla.net/pub/firefox/releases/45.4.0esr/linux-x86_64/en-US/firefox-45.4.0esr.tar.bz2 [following]
--2021-03-13 14:59:29--  https://download-installer.cdn.mozilla.net/pub/firefox/releases/45.4.0esr/linux-x86_64/en-US/firefox-45.4.0esr.tar.bz2
Resolving download-installer.cdn.mozilla.net (download-installer.cdn.mozilla.net)... 13.224.26.58, 2600:9000:2164:7600:e:19d6:1546:5981, 2600:9000:2164:8c00:e:19d6:1546:5981, ...
Connecting to download-installer.cdn.mozilla.net (download-installer.cdn.mozilla.net)|13.224.26.58|:443... connected.
HTTP request sent, awaiting response... 200 OK
Length: 51666458 (49M) [application/x-tar]
Saving to: `/tmp/firefox-45.4.0esr.tar.bz2'

     0K .......... .......... .......... .......... ..........  0% 1.94M 25s
    50K .......... .......... .......... .......... ..........  0% 2.04M 25s
   100K .......... .......... .......... .......... ..........  0% 4.67M 20s
   150K .......... .......... .......... .......... ..........  0% 4.34M 18s
   200K .......... .......... .......... .......... ..........  0% 5.92M 16s
   250K .......... .......... .......... .......... ..........  0% 7.07M 14s
   300K .......... .......... .......... .......... ..........  0% 12.0M 13s
   350K .......... .......... .......... .......... ..........  0% 9.16M 12s
   400K .......... .......... .......... .......... ..........  0% 14.3M 11s
   450K .......... .......... .......... .......... ..........  0% 13.5M 10s
   500K .......... .......... .......... .......... ..........  1% 15.6M 10s
   550K .......... .......... .......... .......... ..........  1% 15.7M 9s
   600K .......... .......... .......... .......... ..........  1% 17.7M 9s
   650K .......... .......... .......... .......... ..........  1% 20.9M 8s
   700K .......... .......... .......... .......... ..........  1% 20.3M 8s
   750K .......... .......... .......... .......... ..........  1% 17.4M 7s
   800K .......... .......... .......... .......... ..........  1% 36.4M 7s
   850K .......... .......... .......... .......... ..........  1% 22.8M 7s
   900K .......... .......... .......... .......... ..........  1% 40.9M 6s
   950K .......... .......... .......... .......... ..........  1% 25.2M 6s
  1000K .......... .......... .......... .......... ..........  2% 41.2M 6s
  1050K .......... .......... .......... .......... ..........  2% 28.7M 6s
  1100K .......... .......... .......... .......... ..........  2% 43.9M 6s
  1150K .......... .......... .......... .......... ..........  2% 30.7M 5s
  1200K .......... .......... .......... .......... ..........  2% 32.6M 5s
  1250K .......... .......... .......... .......... ..........  2% 58.5M 5s
  1300K .......... .......... .......... .......... ..........  2% 35.4M 5s
  1350K .......... .......... .......... .......... ..........  2% 44.3M 5s
  1400K .......... .......... .......... .......... ..........  2% 35.1M 5s
  1450K .......... .......... .......... .......... ..........  2% 64.8M 5s
  1500K .......... .......... .......... .......... ..........  3% 38.8M 4s
  1550K .......... .......... .......... .......... ..........  3% 38.7M 4s
  1600K .......... .......... .......... .......... ..........  3% 43.2M 4s
  1650K .......... .......... .......... .......... ..........  3%  117M 4s
  1700K .......... .......... .......... .......... ..........  3% 43.7M 4s
  1750K .......... .......... .......... .......... ..........  3% 44.5M 4s
  1800K .......... .......... .......... .......... ..........  3% 48.8M 4s
  1850K .......... .......... .......... .......... ..........  3%  114M 4s
  1900K .......... .......... .......... .......... ..........  3% 52.1M 4s
  1950K .......... .......... .......... .......... ..........  3% 51.9M 4s
  2000K .......... .......... .......... .......... ..........  4% 49.2M 4s
  2050K .......... .......... .......... .......... ..........  4% 57.0M 3s
  2100K .......... .......... .......... .......... ..........  4%  120M 3s
  2150K .......... .......... .......... .......... ..........  4% 59.8M 3s
  2200K .......... .......... .......... .......... ..........  4% 60.0M 3s
  2250K .......... .......... .......... .......... ..........  4% 66.5M 3s
  2300K .......... .......... .......... .......... ..........  4%  112M 3s
  2350K .......... .......... .......... .......... ..........  4% 64.4M 3s
  2400K .......... .......... .......... .......... ..........  4% 62.1M 3s
  2450K .......... .......... .......... .......... ..........  4% 74.4M 3s
  2500K .......... .......... .......... .......... ..........  5% 80.0M 3s
  2550K .......... .......... .......... .......... ..........  5% 80.3M 3s
  2600K .......... .......... .......... .......... ..........  5%  102M 3s
  2650K .......... .......... .......... .......... ..........  5% 79.9M 3s
  2700K .......... .......... .......... .......... ..........  5% 77.6M 3s
  2750K .......... .......... .......... .......... ..........  5% 83.4M 3s
  2800K .......... .......... .......... .......... ..........  5% 93.0M 3s
  2850K .......... .......... .......... .......... ..........  5%  110M 3s
  2900K .......... .......... .......... .......... ..........  5% 84.9M 3s
  2950K .......... .......... .......... .......... ..........  5% 99.5M 3s
  3000K .......... .......... .......... .......... ..........  6% 90.3M 3s
  3050K .......... .......... .......... .......... ..........  6%  108M 2s
  3100K .......... .......... .......... .......... ..........  6% 88.1M 2s
  3150K .......... .......... .......... .......... ..........  6%  112M 2s
  3200K .......... .......... .......... .......... ..........  6% 97.5M 2s
  3250K .......... .......... .......... .......... ..........  6%  108M 2s
  3300K .......... .......... .......... .......... ..........  6%  117M 2s
  3350K .......... .......... .......... .......... ..........  6%  104M 2s
  3400K .......... .......... .......... .......... ..........  6%  108M 2s
  3450K .......... .......... .......... .......... ..........  6%  121M 2s
  3500K .......... .......... .......... .......... ..........  7% 86.0M 2s
  3550K .......... .......... .......... .......... ..........  7%  107M 2s
  3600K .......... .......... .......... .......... ..........  7%  123M 2s
  3650K .......... .......... .......... .......... ..........  7% 97.2M 2s
  3700K .......... .......... .......... .......... ..........  7% 73.9M 2s
  3750K .......... .......... .......... .......... ..........  7%  113M 2s
  3800K .......... .......... .......... .......... ..........  7%  113M 2s
  3850K .......... .......... .......... .......... ..........  7%  112M 2s
  3900K .......... .......... .......... .......... ..........  7%  115M 2s
  3950K .......... .......... .......... .......... ..........  7%  119M 2s
  4000K .......... .......... .......... .......... ..........  8%  112M 2s
  4050K .......... .......... .......... .......... ..........  8%  109M 2s
  4100K .......... .......... .......... .......... ..........  8% 96.5M 2s
  4150K .......... .......... .......... .......... ..........  8%  128M 2s
  4200K .......... .......... .......... .......... ..........  8%  113M 2s
  4250K .......... .......... .......... .......... ..........  8%  115M 2s
  4300K .......... .......... .......... .......... ..........  8%  114M 2s
  4350K .......... .......... .......... .......... ..........  8%  115M 2s
  4400K .......... .......... .......... .......... ..........  8%  113M 2s
  4450K .......... .......... .......... .......... ..........  8% 93.2M 2s
  4500K .......... .......... .......... .......... ..........  9%  111M 2s
  4550K .......... .......... .......... .......... ..........  9%  131M 2s
  4600K .......... .......... .......... .......... ..........  9%  113M 2s
  4650K .......... .......... .......... .......... ..........  9%  107M 2s
  4700K .......... .......... .......... .......... ..........  9%  113M 2s
  4750K .......... .......... .......... .......... ..........  9%  129M 2s
  4800K .......... .......... .......... .......... ..........  9%  112M 2s
  4850K .......... .......... .......... .......... ..........  9% 93.4M 2s
  4900K .......... .......... .......... .......... ..........  9%  109M 2s
  4950K .......... .......... .......... .......... ..........  9%  119M 2s
  5000K .......... .......... .......... .......... .......... 10%  110M 2s
  5050K .......... .......... .......... .......... .......... 10%  116M 2s
  5100K .......... .......... .......... .......... .......... 10%  117M 2s
  5150K .......... .......... .......... .......... .......... 10%  112M 2s
  5200K .......... .......... .......... .......... .......... 10%  101M 2s
  5250K .......... .......... .......... .......... .......... 10%  108M 2s
  5300K .......... .......... .......... .......... .......... 10%  123M 2s
  5350K .......... .......... .......... .......... .......... 10%  101M 2s
  5400K .......... .......... .......... .......... .......... 10%  115M 2s
  5450K .......... .......... .......... .......... .......... 10%  111M 1s
  5500K .......... .......... .......... .......... .......... 10%  108M 1s
  5550K .......... .......... .......... .......... .......... 11%  129M 1s
  5600K .......... .......... .......... .......... .......... 11%  113M 1s
  5650K .......... .......... .......... .......... .......... 11% 92.9M 1s
  5700K .......... .......... .......... .......... .......... 11%  113M 1s
  5750K .......... .......... .......... .......... .......... 11%  129M 1s
  5800K .......... .......... .......... .......... .......... 11%  108M 1s
  5850K .......... .......... .......... .......... .......... 11%  112M 1s
  5900K .......... .......... .......... .......... .......... 11%  124M 1s
  5950K .......... .......... .......... .......... .......... 11%  116M 1s
  6000K .......... .......... .......... .......... .......... 11% 93.2M 1s
  6050K .......... .......... .......... .......... .......... 12%  111M 1s
  6100K .......... .......... .......... .......... .......... 12%  111M 1s
  6150K .......... .......... .......... .......... .......... 12%  128M 1s
  6200K .......... .......... .......... .......... .......... 12%  110M 1s
  6250K .......... .......... .......... .......... .......... 12%  112M 1s
  6300K .......... .......... .......... .......... .......... 12%  113M 1s
  6350K .......... .......... .......... .......... .......... 12%  113M 1s
  6400K .......... .......... .......... .......... .......... 12% 93.2M 1s
  6450K .......... .......... .......... .......... .......... 12%  113M 1s
  6500K .......... .......... .......... .......... .......... 12%  128M 1s
  6550K .......... .......... .......... .......... .......... 13%  113M 1s
  6600K .......... .......... .......... .......... .......... 13%  108M 1s
  6650K .......... .......... .......... .......... .......... 13%  107M 1s
  6700K .......... .......... .......... .......... .......... 13%  126M 1s
  6750K .......... .......... .......... .......... .......... 13%  122M 1s
  6800K .......... .......... .......... .......... .......... 13% 91.1M 1s
  6850K .......... .......... .......... .......... .......... 13%  121M 1s
  6900K .......... .......... .......... .......... .......... 13%  108M 1s
  6950K .......... .......... .......... .......... .......... 13%  122M 1s
  7000K .......... .......... .......... .......... .......... 13%  117M 1s
  7050K .......... .......... .......... .......... .......... 14% 91.8M 1s
  7100K .......... .......... .......... .......... .......... 14%  105M 1s
  7150K .......... .......... .......... .......... .......... 14%  130M 1s
  7200K .......... .......... .......... .......... .......... 14%  122M 1s
  7250K .......... .......... .......... .......... .......... 14%  105M 1s
  7300K .......... .......... .......... .......... .......... 14% 94.2M 1s
  7350K .......... .......... .......... .......... .......... 14%  112M 1s
  7400K .......... .......... .......... .......... .......... 14%  129M 1s
  7450K .......... .......... .......... .......... .......... 14%  109M 1s
  7500K .......... .......... .......... .......... .......... 14%  127M 1s
  7550K .......... .......... .......... .......... .......... 15%  106M 1s
  7600K .......... .......... .......... .......... .......... 15%  122M 1s
  7650K .......... .......... .......... .......... .......... 15% 92.4M 1s
  7700K .......... .......... .......... .......... .......... 15%  113M 1s
  7750K .......... .......... .......... .......... .......... 15%  113M 1s
  7800K .......... .......... .......... .......... .......... 15%  111M 1s
  7850K .......... .......... .......... .......... .......... 15%  114M 1s
  7900K .......... .......... .......... .......... .......... 15%  118M 1s
  7950K .......... .......... .......... .......... .......... 15%  109M 1s
  8000K .......... .......... .......... .......... .......... 15%  133M 1s
  8050K .......... .......... .......... .......... .......... 16% 85.2M 1s
  8100K .......... .......... .......... .......... .......... 16%  126M 1s
  8150K .......... .......... .......... .......... .......... 16%  124M 1s
  8200K .......... .......... .......... .......... .......... 16%  113M 1s
  8250K .......... .......... .......... .......... .......... 16%  114M 1s
  8300K .......... .......... .......... .......... .......... 16%  112M 1s
  8350K .......... .......... .......... .......... .......... 16% 93.9M 1s
  8400K .......... .......... .......... .......... .......... 16%  112M 1s
  8450K .......... .......... .......... .......... .......... 16%  127M 1s
  8500K .......... .......... .......... .......... .......... 16%  116M 1s
  8550K .......... .......... .......... .......... .......... 17% 97.2M 1s
  8600K .......... .......... .......... .......... .......... 17%  107M 1s
  8650K .......... .......... .......... .......... .......... 17%  124M 1s
  8700K .......... .......... .......... .......... .......... 17%  121M 1s
  8750K .......... .......... .......... .......... .......... 17%  104M 1s
  8800K .......... .......... .......... .......... .......... 17%  140M 1s
  8850K .......... .......... .......... .......... .......... 17% 82.4M 1s
  8900K .......... .......... .......... .......... .......... 17%  124M 1s
  8950K .......... .......... .......... .......... .......... 17%  121M 1s
  9000K .......... .......... .......... .......... .......... 17%  112M 1s
  9050K .......... .......... .......... .......... .......... 18%  104M 1s
  9100K .......... .......... .......... .......... .......... 18%  134M 1s
  9150K .......... .......... .......... .......... .......... 18%  113M 1s
  9200K .......... .......... .......... .......... .......... 18% 93.6M 1s
  9250K .......... .......... .......... .......... .......... 18%  112M 1s
  9300K .......... .......... .......... .......... .......... 18%  128M 1s
  9350K .......... .......... .......... .......... .......... 18%  108M 1s
  9400K .......... .......... .......... .......... .......... 18%  109M 1s
  9450K .......... .......... .......... .......... .......... 18%  118M 1s
  9500K .......... .......... .......... .......... .......... 18%  123M 1s
  9550K .......... .......... .......... .......... .......... 19% 86.4M 1s
  9600K .......... .......... .......... .......... .......... 19%  129M 1s
  9650K .......... .......... .......... .......... .......... 19%  112M 1s
  9700K .......... .......... .......... .......... .......... 19%  106M 1s
  9750K .......... .......... .......... .......... .......... 19%  129M 1s
  9800K .......... .......... .......... .......... .......... 19%  112M 1s
  9850K .......... .......... .......... .......... .......... 19%  113M 1s
  9900K .......... .......... .......... .......... .......... 19% 93.4M 1s
  9950K .......... .......... .......... .......... .......... 19%  114M 1s
 10000K .......... .......... .......... .......... .......... 19%  121M 1s
 10050K .......... .......... .......... .......... .......... 20%  129M 1s
 10100K .......... .......... .......... .......... .......... 20%  112M 1s
 10150K .......... .......... .......... .......... .......... 20%  100M 1s
 10200K .......... .......... .......... .......... .......... 20%  129M 1s
 10250K .......... .......... .......... .......... .......... 20% 84.7M 1s
 10300K .......... .......... .......... .......... .......... 20%  124M 1s
 10350K .......... .......... .......... .......... .......... 20%  117M 1s
 10400K .......... .......... .......... .......... .......... 20%  111M 1s
 10450K .......... .......... .......... .......... .......... 20% 97.2M 1s
 10500K .......... .......... .......... .......... .......... 20%  113M 1s
 10550K .......... .......... .......... .......... .......... 21%  112M 1s
 10600K .......... .......... .......... .......... .......... 21%  116M 1s
 10650K .......... .......... .......... .......... .......... 21%  113M 1s
 10700K .......... .......... .......... .......... .......... 21%  118M 1s
 10750K .......... .......... .......... .......... .......... 21%  109M 1s
 10800K .......... .......... .......... .......... .......... 21%  140M 1s
 10850K .......... .......... .......... .......... .......... 21% 84.7M 1s
 10900K .......... .......... .......... .......... .......... 21%  124M 1s
 10950K .......... .......... .......... .......... .......... 21%  109M 1s
 11000K .......... .......... .......... .......... .......... 21%  116M 1s
 11050K .......... .......... .......... .......... .......... 21%  118M 1s
 11100K .......... .......... .......... .......... .......... 22%  108M 1s
 11150K .......... .......... .......... .......... .......... 22%  126M 1s
 11200K .......... .......... .......... .......... .......... 22% 90.4M 1s
 11250K .......... .......... .......... .......... .......... 22%  123M 1s
 11300K .......... .......... .......... .......... .......... 22%  109M 1s
 11350K .......... .......... .......... .......... .......... 22%  122M 1s
 11400K .......... .......... .......... .......... .......... 22%  112M 1s
 11450K .......... .......... .......... .......... .......... 22%  112M 1s
 11500K .......... .......... .......... .......... .......... 22%  131M 1s
 11550K .......... .......... .......... .......... .......... 22% 85.0M 1s
 11600K .......... .......... .......... .......... .......... 23%  112M 1s
 11650K .......... .......... .......... .......... .......... 23%  129M 1s
 11700K .......... .......... .......... .......... .......... 23%  113M 1s
 11750K .......... .......... .......... .......... .......... 23% 99.4M 1s
 11800K .......... .......... .......... .......... .......... 23%  129M 1s
 11850K .......... .......... .......... .......... .......... 23%  113M 1s
 11900K .......... .......... .......... .......... .......... 23% 99.8M 1s
 11950K .......... .......... .......... .......... .......... 23%  113M 1s
 12000K .......... .......... .......... .......... .......... 23%  123M 1s
 12050K .......... .......... .......... .......... .......... 23%  128M 1s
 12100K .......... .......... .......... .......... .......... 24% 92.1M 1s
 12150K .......... .......... .......... .......... .......... 24%  113M 1s
 12200K .......... .......... .......... .......... .......... 24%  110M 1s
 12250K .......... .......... .......... .......... .......... 24%  145M 1s
 12300K .......... .......... .......... .......... .......... 24% 84.7M 1s
 12350K .......... .......... .......... .......... .......... 24%  129M 1s
 12400K .......... .......... .......... .......... .......... 24%  100M 1s
 12450K .......... .......... .......... .......... .......... 24%  128M 1s
 12500K .......... .......... .......... .......... .......... 24%  113M 1s
 12550K .......... .......... .......... .......... .......... 24%  112M 1s
 12600K .......... .......... .......... .......... .......... 25%  108M 1s
 12650K .......... .......... .......... .......... .......... 25%  113M 1s
 12700K .......... .......... .......... .......... .......... 25%  122M 1s
 12750K .......... .......... .......... .......... .......... 25% 90.3M 1s
 12800K .......... .......... .......... .......... .......... 25%  120M 1s
 12850K .......... .......... .......... .......... .......... 25%  122M 1s
 12900K .......... .......... .......... .......... .......... 25%  108M 1s
 12950K .......... .......... .......... .......... .......... 25%  113M 1s
 13000K .......... .......... .......... .......... .......... 25%  117M 1s
 13050K .......... .......... .......... .......... .......... 25%  101M 1s
 13100K .......... .......... .......... .......... .......... 26%  126M 1s
 13150K .......... .......... .......... .......... .......... 26%  117M 1s
 13200K .......... .......... .......... .......... .......... 26% 94.0M 1s
 13250K .......... .......... .......... .......... .......... 26%  121M 1s
 13300K .......... .......... .......... .......... .......... 26%  105M 1s
 13350K .......... .......... .......... .......... .......... 26%  113M 1s
 13400K .......... .......... .......... .......... .......... 26% 88.4M 1s
 13450K .......... .......... .......... .......... .......... 26%  112M 1s
 13500K .......... .......... .......... .......... .......... 26%  112M 1s
 13550K .......... .......... .......... .......... .......... 26%  108M 1s
 13600K .......... .......... .......... .......... .......... 27%  110M 1s
 13650K .......... .......... .......... .......... .......... 27% 95.6M 1s
 13700K .......... .......... .......... .......... .......... 27%  128M 1s
 13750K .......... .......... .......... .......... .......... 27%  113M 1s
 13800K .......... .......... .......... .......... .......... 27%  113M 1s
 13850K .......... .......... .......... .......... .......... 27%  108M 1s
 13900K .......... .......... .......... .......... .......... 27%  126M 1s
 13950K .......... .......... .......... .......... .......... 27%  102M 1s
 14000K .......... .......... .......... .......... .......... 27%  100M 1s
 14050K .......... .......... .......... .......... .......... 27%  114M 1s
 14100K .......... .......... .......... .......... .......... 28%  128M 1s
 14150K .......... .......... .......... .......... .......... 28%  108M 1s
 14200K .......... .......... .......... .......... .......... 28%  112M 1s
 14250K .......... .......... .......... .......... .......... 28%  113M 1s
 14300K .......... .......... .......... .......... .......... 28%  123M 1s
 14350K .......... .......... .......... .......... .......... 28% 96.3M 1s
 14400K .......... .......... .......... .......... .......... 28%  112M 1s
 14450K .......... .......... .......... .......... .......... 28%  114M 1s
 14500K .......... .......... .......... .......... .......... 28%  101M 1s
 14550K .......... .......... .......... .......... .......... 28%  127M 1s
 14600K .......... .......... .......... .......... .......... 29%  118M 1s
 14650K .......... .......... .......... .......... .......... 29%  119M 1s
 14700K .......... .......... .......... .......... .......... 29% 94.8M 1s
 14750K .......... .......... .......... .......... .......... 29%  121M 1s
 14800K .......... .......... .......... .......... .......... 29%  121M 1s
 14850K .......... .......... .......... .......... .......... 29%  101M 1s
 14900K .......... .......... .......... .......... .......... 29%  121M 1s
 14950K .......... .......... .......... .......... .......... 29%  124M 1s
 15000K .......... .......... .......... .......... .......... 29% 83.7M 1s
 15050K .......... .......... .......... .......... .......... 29%  125M 1s
 15100K .......... .......... .......... .......... .......... 30%  114M 1s
 15150K .......... .......... .......... .......... .......... 30%  118M 1s
 15200K .......... .......... .......... .......... .......... 30%  118M 1s
 15250K .......... .......... .......... .......... .......... 30%  110M 1s
 15300K .......... .......... .......... .......... .......... 30%  106M 1s
 15350K .......... .......... .......... .......... .......... 30% 99.7M 1s
 15400K .......... .......... .......... .......... .......... 30%  113M 1s
 15450K .......... .......... .......... .......... .......... 30%  129M 1s
 15500K .......... .......... .......... .......... .......... 30%  113M 1s
 15550K .......... .......... .......... .......... .......... 30%  118M 1s
 15600K .......... .......... .......... .......... .......... 31%  112M 1s
 15650K .......... .......... .......... .......... .......... 31% 87.3M 1s
 15700K .......... .......... .......... .......... .......... 31%  127M 1s
 15750K .......... .......... .......... .......... .......... 31%  110M 1s
 15800K .......... .......... .......... .......... .......... 31%  115M 1s
 15850K .......... .......... .......... .......... .......... 31%  122M 1s
 15900K .......... .......... .......... .......... .......... 31%  108M 1s
 15950K .......... .......... .......... .......... .......... 31%  117M 1s
 16000K .......... .......... .......... .......... .......... 31%  114M 1s
 16050K .......... .......... .......... .......... .......... 31%  102M 1s
 16100K .......... .......... .......... .......... .......... 32%  110M 1s
 16150K .......... .......... .......... .......... .......... 32%  122M 1s
 16200K .......... .......... .......... .......... .......... 32%  112M 1s
 16250K .......... .......... .......... .......... .......... 32%  113M 1s
 16300K .......... .......... .......... .......... .......... 32% 97.1M 1s
 16350K .......... .......... .......... .......... .......... 32%  113M 1s
 16400K .......... .......... .......... .......... .......... 32%  121M 1s
 16450K .......... .......... .......... .......... .......... 32%  112M 1s
 16500K .......... .......... .......... .......... .......... 32%  122M 1s
 16550K .......... .......... .......... .......... .......... 32%  113M 1s
 16600K .......... .......... .......... .......... .......... 32% 91.7M 1s
 16650K .......... .......... .......... .......... .......... 33%  107M 1s
 16700K .......... .......... .......... .......... .......... 33%  121M 1s
 16750K .......... .......... .......... .......... .......... 33%  122M 1s
 16800K .......... .......... .......... .......... .......... 33%  113M 1s
 16850K .......... .......... .......... .......... .......... 33%  108M 1s
 16900K .......... .......... .......... .......... .......... 33%  125M 1s
 16950K .......... .......... .......... .......... .......... 33% 91.5M 1s
 17000K .......... .......... .......... .......... .......... 33%  114M 1s
 17050K .......... .......... .......... .......... .......... 33%  113M 1s
 17100K .......... .......... .......... .......... .......... 33%  123M 1s
 17150K .......... .......... .......... .......... .......... 34%  108M 1s
 17200K .......... .......... .......... .......... .......... 34%  117M 1s
 17250K .......... .......... .......... .......... .......... 34%  112M 1s
 17300K .......... .......... .......... .......... .......... 34% 94.1M 1s
 17350K .......... .......... .......... .......... .......... 34%  113M 1s
 17400K .......... .......... .......... .......... .......... 34%  124M 1s
 17450K .......... .......... .......... .......... .......... 34%  115M 1s
 17500K .......... .......... .......... .......... .......... 34%  104M 1s
 17550K .......... .......... .......... .......... .......... 34%  123M 1s
 17600K .......... .......... .......... .......... .......... 34%  117M 1s
 17650K .......... .......... .......... .......... .......... 35% 92.5M 1s
 17700K .......... .......... .......... .......... .......... 35%  115M 1s
 17750K .......... .......... .......... .......... .......... 35%  112M 1s
 17800K .......... .......... .......... .......... .......... 35%  118M 1s
 17850K .......... .......... .......... .......... .......... 35%  113M 1s
 17900K .......... .......... .......... .......... .......... 35%  116M 1s
 17950K .......... .......... .......... .......... .......... 35%  123M 1s
 18000K .......... .......... .......... .......... .......... 35% 87.2M 1s
 18050K .......... .......... .......... .......... .......... 35%  129M 1s
 18100K .......... .......... .......... .......... .......... 35%  111M 1s
 18150K .......... .......... .......... .......... .......... 36%  126M 1s
 18200K .......... .......... .......... .......... .......... 36%  101M 1s
 18250K .......... .......... .......... .......... .......... 36%  122M 1s
 18300K .......... .......... .......... .......... .......... 36%  121M 1s
 18350K .......... .......... .......... .......... .......... 36% 85.8M 1s
 18400K .......... .......... .......... .......... .......... 36%  122M 1s
 18450K .......... .......... .......... .......... .......... 36%  119M 1s
 18500K .......... .......... .......... .......... .......... 36%  110M 1s
 18550K .......... .......... .......... .......... .......... 36%  113M 1s
 18600K .......... .......... .......... .......... .......... 36%  127M 1s
 18650K .......... .......... .......... .......... .......... 37%  118M 1s
 18700K .......... .......... .......... .......... .......... 37% 85.1M 1s
 18750K .......... .......... .......... .......... .......... 37%  127M 1s
 18800K .......... .......... .......... .......... .......... 37%  114M 1s
 18850K .......... .......... .......... .......... .......... 37%  114M 1s
 18900K .......... .......... .......... .......... .......... 37%  107M 1s
 18950K .......... .......... .......... .......... .......... 37%  123M 0s
 19000K .......... .......... .......... .......... .......... 37%  118M 0s
 19050K .......... .......... .......... .......... .......... 37% 93.3M 0s
 19100K .......... .......... .......... .......... .......... 37%  112M 0s
 19150K .......... .......... .......... .......... .......... 38%  128M 0s
 19200K .......... .......... .......... .......... .......... 38%  113M 0s
 19250K .......... .......... .......... .......... .......... 38%  109M 0s
 19300K .......... .......... .......... .......... .......... 38%  112M 0s
 19350K .......... .......... .......... .......... .......... 38%  124M 0s
 19400K .......... .......... .......... .......... .......... 38% 93.4M 0s
 19450K .......... .......... .......... .......... .......... 38%  111M 0s
 19500K .......... .......... .......... .......... .......... 38%  102M 0s
 19550K .......... .......... .......... .......... .......... 38%  129M 0s
 19600K .......... .......... .......... .......... .......... 38%  102M 0s
 19650K .......... .......... .......... .......... .......... 39%  114M 0s
 19700K .......... .......... .......... .......... .......... 39%  117M 0s
 19750K .......... .......... .......... .......... .......... 39%  113M 0s
 19800K .......... .......... .......... .......... .......... 39%  112M 0s
 19850K .......... .......... .......... .......... .......... 39%  104M 0s
 19900K .......... .......... .......... .......... .......... 39%  113M 0s
 19950K .......... .......... .......... .......... .......... 39%  108M 0s
 20000K .......... .......... .......... .......... .......... 39%  118M 0s
 20050K .......... .......... .......... .......... .......... 39%  121M 0s
 20100K .......... .......... .......... .......... .......... 39%  118M 0s
 20150K .......... .......... .......... .......... .......... 40% 85.7M 0s
 20200K .......... .......... .......... .......... .......... 40%  121M 0s
 20250K .......... .......... .......... .......... .......... 40%  121M 0s
 20300K .......... .......... .......... .......... .......... 40%  109M 0s
 20350K .......... .......... .......... .......... .......... 40%  112M 0s
 20400K .......... .......... .......... .......... .......... 40%  120M 0s
 20450K .......... .......... .......... .......... .......... 40%  110M 0s
 20500K .......... .......... .......... .......... .......... 40%  122M 0s
 20550K .......... .......... .......... .......... .......... 40% 89.1M 0s
 20600K .......... .......... .......... .......... .......... 40%  112M 0s
 20650K .......... .......... .......... .......... .......... 41%  128M 0s
 20700K .......... .......... .......... .......... .......... 41%  112M 0s
 20750K .......... .......... .......... .......... .......... 41%  108M 0s
 20800K .......... .......... .......... .......... .......... 41%  105M 0s
 20850K .......... .......... .......... .......... .......... 41%  112M 0s
 20900K .......... .......... .......... .......... .......... 41%  122M 0s
 20950K .......... .......... .......... .......... .......... 41%  113M 0s
 21000K .......... .......... .......... .......... .......... 41%  113M 0s
 21050K .......... .......... .......... .......... .......... 41%  121M 0s
 21100K .......... .......... .......... .......... .......... 41% 88.1M 0s
 21150K .......... .......... .......... .......... .......... 42%  125M 0s
 21200K .......... .......... .......... .......... .......... 42%  112M 0s
 21250K .......... .......... .......... .......... .......... 42%  104M 0s
 21300K .......... .......... .......... .......... .......... 42%  134M 0s
 21350K .......... .......... .......... .......... .......... 42%  113M 0s
 21400K .......... .......... .......... .......... .......... 42%  113M 0s
 21450K .......... .......... .......... .......... .......... 42% 93.6M 0s
 21500K .......... .......... .......... .......... .......... 42%  128M 0s
 21550K .......... .......... .......... .......... .......... 42%  113M 0s
 21600K .......... .......... .......... .......... .......... 42%  105M 0s
 21650K .......... .......... .......... .......... .......... 43%  113M 0s
 21700K .......... .......... .......... .......... .......... 43%  125M 0s
 21750K .......... .......... .......... .......... .......... 43%  120M 0s
 21800K .......... .......... .......... .......... .......... 43% 92.4M 0s
 21850K .......... .......... .......... .......... .......... 43%  110M 0s
 21900K .......... .......... .......... .......... .......... 43%  123M 0s
 21950K .......... .......... .......... .......... .......... 43%  109M 0s
 22000K .......... .......... .......... .......... .......... 43%  110M 0s
 22050K .......... .......... .......... .......... .......... 43%  120M 0s
 22100K .......... .......... .......... .......... .......... 43% 96.5M 0s
 22150K .......... .......... .......... .......... .......... 43%  114M 0s
 22200K .......... .......... .......... .......... .......... 44%  116M 0s
 22250K .......... .......... .......... .......... .......... 44%  110M 0s
 22300K .......... .......... .......... .......... .......... 44%  115M 0s
 22350K .......... .......... .......... .......... .......... 44%  118M 0s
 22400K .......... .......... .......... .......... .......... 44%  110M 0s
 22450K .......... .......... .......... .......... .......... 44% 86.6M 0s
 22500K .......... .......... .......... .......... .......... 44%  128M 0s
 22550K .......... .......... .......... .......... .......... 44%  101M 0s
 22600K .......... .......... .......... .......... .......... 44%  111M 0s
 22650K .......... .......... .......... .......... .......... 44%  109M 0s
 22700K .......... .......... .......... .......... .......... 45%  127M 0s
 22750K .......... .......... .......... .......... .......... 45%  113M 0s
 22800K .......... .......... .......... .......... .......... 45% 93.4M 0s
 22850K .......... .......... .......... .......... .......... 45%  113M 0s
 22900K .......... .......... .......... .......... .......... 45%  113M 0s
 22950K .......... .......... .......... .......... .......... 45%  128M 0s
 23000K .......... .......... .......... .......... .......... 45%  106M 0s
 23050K .......... .......... .......... .......... .......... 45%  124M 0s
 23100K .......... .......... .......... .......... .......... 45%  116M 0s
 23150K .......... .......... .......... .......... .......... 45% 85.0M 0s
 23200K .......... .......... .......... .......... .......... 46%  129M 0s
 23250K .......... .......... .......... .......... .......... 46%  112M 0s
 23300K .......... .......... .......... .......... .......... 46%  122M 0s
 23350K .......... .......... .......... .......... .......... 46%  113M 0s
 23400K .......... .......... .......... .......... .......... 46%  113M 0s
 23450K .......... .......... .......... .......... .......... 46%  104M 0s
 23500K .......... .......... .......... .......... .......... 46%  118M 0s
 23550K .......... .......... .......... .......... .......... 46%  105M 0s
 23600K .......... .......... .......... .......... .......... 46% 96.4M 0s
 23650K .......... .......... .......... .......... .......... 46%  115M 0s
 23700K .......... .......... .......... .......... .......... 47%  125M 0s
 23750K .......... .......... .......... .......... .......... 47%  122M 0s
 23800K .......... .......... .......... .......... .......... 47% 97.4M 0s
 23850K .......... .......... .......... .......... .......... 47%  121M 0s
 23900K .......... .......... .......... .......... .......... 47%  108M 0s
 23950K .......... .......... .......... .......... .......... 47%  122M 0s
 24000K .......... .......... .......... .......... .......... 47%  111M 0s
 24050K .......... .......... .......... .......... .......... 47% 94.5M 0s
 24100K .......... .......... .......... .......... .......... 47%  121M 0s
 24150K .......... .......... .......... .......... .......... 47%  105M 0s
 24200K .......... .......... .......... .......... .......... 48%  127M 0s
 24250K .......... .......... .......... .......... .......... 48%  105M 0s
 24300K .......... .......... .......... .......... .......... 48%  108M 0s
 24350K .......... .......... .......... .......... .......... 48%  112M 0s
 24400K .......... .......... .......... .......... .......... 48%  129M 0s
 24450K .......... .......... .......... .......... .......... 48%  109M 0s
 24500K .......... .......... .......... .......... .......... 48%  112M 0s
 24550K .......... .......... .......... .......... .......... 48%  104M 0s
 24600K .......... .......... .......... .......... .......... 48%  113M 0s
 24650K .......... .......... .......... .......... .......... 48%  113M 0s
 24700K .......... .......... .......... .......... .......... 49%  118M 0s
 24750K .......... .......... .......... .......... .......... 49%  116M 0s
 24800K .......... .......... .......... .......... .......... 49%  107M 0s
 24850K .......... .......... .......... .......... .......... 49%  129M 0s
 24900K .......... .......... .......... .......... .......... 49% 86.2M 0s
 24950K .......... .......... .......... .......... .......... 49%  128M 0s
 25000K .......... .......... .......... .......... .......... 49%  109M 0s
 25050K .......... .......... .......... .......... .......... 49%  112M 0s
 25100K .......... .......... .......... .......... .......... 49%  125M 0s
 25150K .......... .......... .......... .......... .......... 49% 96.0M 0s
 25200K .......... .......... .......... .......... .......... 50%  127M 0s
 25250K .......... .......... .......... .......... .......... 50%  113M 0s
 25300K .......... .......... .......... .......... .......... 50%  108M 0s
 25350K .......... .......... .......... .......... .......... 50%  105M 0s
 25400K .......... .......... .......... .......... .......... 50%  112M 0s
 25450K .......... .......... .......... .......... .......... 50%  108M 0s
 25500K .......... .......... .......... .......... .......... 50%  122M 0s
 25550K .......... .......... .......... .......... .......... 50%  107M 0s
 25600K .......... .......... .......... .......... .......... 50%  114M 0s
 25650K .......... .......... .......... .......... .......... 50%  125M 0s
 25700K .......... .......... .......... .......... .......... 51%  118M 0s
 25750K .......... .......... .......... .......... .......... 51% 93.1M 0s
 25800K .......... .......... .......... .......... .......... 51%  107M 0s
 25850K .......... .......... .......... .......... .......... 51%  124M 0s
 25900K .......... .......... .......... .......... .......... 51%  112M 0s
 25950K .......... .......... .......... .......... .......... 51%  112M 0s
 26000K .......... .......... .......... .......... .......... 51%  113M 0s
 26050K .......... .......... .......... .......... .......... 51%  127M 0s
 26100K .......... .......... .......... .......... .......... 51% 85.3M 0s
 26150K .......... .......... .......... .......... .......... 51%  127M 0s
 26200K .......... .......... .......... .......... .......... 52%  113M 0s
 26250K .......... .......... .......... .......... .......... 52%  103M 0s
 26300K .......... .......... .......... .......... .......... 52%  136M 0s
 26350K .......... .......... .......... .......... .......... 52%  113M 0s
 26400K .......... .......... .......... .......... .......... 52% 93.6M 0s
 26450K .......... .......... .......... .......... .......... 52%  113M 0s
 26500K .......... .......... .......... .......... .......... 52%  113M 0s
 26550K .......... .......... .......... .......... .......... 52%  113M 0s
 26600K .......... .......... .......... .......... .......... 52%  118M 0s
 26650K .......... .......... .......... .......... .......... 52%  111M 0s
 26700K .......... .......... .......... .......... .......... 53%  129M 0s
 26750K .......... .......... .......... .......... .......... 53%  113M 0s
 26800K .......... .......... .......... .......... .......... 53% 93.4M 0s
 26850K .......... .......... .......... .......... .......... 53%  112M 0s
 26900K .......... .......... .......... .......... .......... 53%  112M 0s
 26950K .......... .......... .......... .......... .......... 53%  113M 0s
 27000K .......... .......... .......... .......... .......... 53%  117M 0s
 27050K .......... .......... .......... .......... .......... 53%  108M 0s
 27100K .......... .......... .......... .......... .......... 53%  116M 0s
 27150K .......... .......... .......... .......... .......... 53%  113M 0s
 27200K .......... .......... .......... .......... .......... 54% 93.7M 0s
 27250K .......... .......... .......... .......... .......... 54%  124M 0s
 27300K .......... .......... .......... .......... .......... 54%  108M 0s
 27350K .......... .......... .......... .......... .......... 54%  122M 0s
 27400K .......... .......... .......... .......... .......... 54%  108M 0s
 27450K .......... .......... .......... .......... .......... 54%  121M 0s
 27500K .......... .......... .......... .......... .......... 54%  109M 0s
 27550K .......... .......... .......... .......... .......... 54%  120M 0s
 27600K .......... .......... .......... .......... .......... 54% 88.3M 0s
 27650K .......... .......... .......... .......... .......... 54%  122M 0s
 27700K .......... .......... .......... .......... .......... 54%  128M 0s
 27750K .......... .......... .......... .......... .......... 55% 93.1M 0s
 27800K .......... .......... .......... .......... .......... 55%  128M 0s
 27850K .......... .......... .......... .......... .......... 55%  112M 0s
 27900K .......... .......... .......... .......... .......... 55%  113M 0s
 27950K .......... .......... .......... .......... .......... 55%  118M 0s
 28000K .......... .......... .......... .......... .......... 55%  112M 0s
 28050K .......... .......... .......... .......... .......... 55%  113M 0s
 28100K .......... .......... .......... .......... .......... 55% 96.7M 0s
 28150K .......... .......... .......... .......... .......... 55%  113M 0s
 28200K .......... .......... .......... .......... .......... 55%  118M 0s
 28250K .......... .......... .......... .......... .......... 56%  112M 0s
 28300K .......... .......... .......... .......... .......... 56%  112M 0s
 28350K .......... .......... .......... .......... .......... 56%  112M 0s
 28400K .......... .......... .......... .......... .......... 56%  111M 0s
 28450K .......... .......... .......... .......... .......... 56%  108M 0s
 28500K .......... .......... .......... .......... .......... 56%  113M 0s
 28550K .......... .......... .......... .......... .......... 56%  112M 0s
 28600K .......... .......... .......... .......... .......... 56%  119M 0s
 28650K .......... .......... .......... .......... .......... 56% 70.6M 0s
 28700K .......... .......... .......... .......... .......... 56%  110M 0s
 28750K .......... .......... .......... .......... .......... 57% 79.2M 0s
 28800K .......... .......... .......... .......... .......... 57%  113M 0s
 28850K .......... .......... .......... .......... .......... 57%  112M 0s
 28900K .......... .......... .......... .......... .......... 57%  114M 0s
 28950K .......... .......... .......... .......... .......... 57%  103M 0s
 29000K .......... .......... .......... .......... .......... 57%  116M 0s
 29050K .......... .......... .......... .......... .......... 57%  117M 0s
 29100K .......... .......... .......... .......... .......... 57% 93.3M 0s
 29150K .......... .......... .......... .......... .......... 57%  123M 0s
 29200K .......... .......... .......... .......... .......... 57%  108M 0s
 29250K .......... .......... .......... .......... .......... 58%  122M 0s
 29300K .......... .......... .......... .......... .......... 58%  111M 0s
 29350K .......... .......... .......... .......... .......... 58%  113M 0s
 29400K .......... .......... .......... .......... .......... 58%  115M 0s
 29450K .......... .......... .......... .......... .......... 58% 95.0M 0s
 29500K .......... .......... .......... .......... .......... 58%  123M 0s
 29550K .......... .......... .......... .......... .......... 58%  108M 0s
 29600K .......... .......... .......... .......... .......... 58%  127M 0s
 29650K .......... .......... .......... .......... .......... 58%  108M 0s
 29700K .......... .......... .......... .......... .......... 58%  112M 0s
 29750K .......... .......... .......... .......... .......... 59% 89.9M 0s
 29800K .......... .......... .......... .......... .......... 59% 93.5M 0s
 29850K .......... .......... .......... .......... .......... 59%  113M 0s
 29900K .......... .......... .......... .......... .......... 59%  129M 0s
 29950K .......... .......... .......... .......... .......... 59%  112M 0s
 30000K .......... .......... .......... .......... .......... 59%  109M 0s
 30050K .......... .......... .......... .......... .......... 59%  113M 0s
 30100K .......... .......... .......... .......... .......... 59%  128M 0s
 30150K .......... .......... .......... .......... .......... 59% 84.7M 0s
 30200K .......... .......... .......... .......... .......... 59%  125M 0s
 30250K .......... .......... .......... .......... .......... 60%  112M 0s
 30300K .......... .......... .......... .......... .......... 60%  109M 0s
 30350K .......... .......... .......... .......... .......... 60%  127M 0s
 30400K .......... .......... .......... .......... .......... 60%  109M 0s
 30450K .......... .......... .......... .......... .......... 60%  127M 0s
 30500K .......... .......... .......... .......... .......... 60% 87.4M 0s
 30550K .......... .......... .......... .......... .......... 60%  111M 0s
 30600K .......... .......... .......... .......... .......... 60%  130M 0s
 30650K .......... .......... .......... .......... .......... 60%  108M 0s
 30700K .......... .......... .......... .......... .......... 60%  110M 0s
 30750K .......... .......... .......... .......... .......... 61%  107M 0s
 30800K .......... .......... .......... .......... .......... 61%  138M 0s
 30850K .......... .......... .......... .......... .......... 61% 91.2M 0s
 30900K .......... .......... .......... .......... .......... 61%  123M 0s
 30950K .......... .......... .......... .......... .......... 61%  108M 0s
 31000K .......... .......... .......... .......... .......... 61%  119M 0s
 31050K .......... .......... .......... .......... .......... 61% 99.3M 0s
 31100K .......... .......... .......... .......... .......... 61%  121M 0s
 31150K .......... .......... .......... .......... .......... 61%  109M 0s
 31200K .......... .......... .......... .......... .......... 61%  120M 0s
 31250K .......... .......... .......... .......... .......... 62%  108M 0s
 31300K .......... .......... .......... .......... .......... 62%  121M 0s
 31350K .......... .......... .......... .......... .......... 62%  109M 0s
 31400K .......... .......... .......... .......... .......... 62%  108M 0s
 31450K .......... .......... .......... .......... .......... 62%  117M 0s
 31500K .......... .......... .......... .......... .......... 62%  108M 0s
 31550K .......... .......... .......... .......... .......... 62%  113M 0s
 31600K .......... .......... .......... .......... .......... 62%  124M 0s
 31650K .......... .......... .......... .......... .......... 62%  116M 0s
 31700K .......... .......... .......... .......... .......... 62% 84.7M 0s
 31750K .......... .......... .......... .......... .......... 63%  125M 0s
 31800K .......... .......... .......... .......... .......... 63%  117M 0s
 31850K .......... .......... .......... .......... .......... 63% 99.7M 0s
 31900K .......... .......... .......... .......... .......... 63%  122M 0s
 31950K .......... .......... .......... .......... .......... 63%  113M 0s
 32000K .......... .......... .......... .......... .......... 63%  110M 0s
 32050K .......... .......... .......... .......... .......... 63% 93.3M 0s
 32100K .......... .......... .......... .......... .......... 63%  113M 0s
 32150K .......... .......... .......... .......... .......... 63%  128M 0s
 32200K .......... .......... .......... .......... .......... 63% 86.9M 0s
 32250K .......... .......... .......... .......... .......... 64%  113M 0s
 32300K .......... .......... .......... .......... .......... 64%  112M 0s
 32350K .......... .......... .......... .......... .......... 64%  113M 0s
 32400K .......... .......... .......... .......... .......... 64% 85.2M 0s
 32450K .......... .......... .......... .......... .......... 64% 98.5M 0s
 32500K .......... .......... .......... .......... .......... 64%  113M 0s
 32550K .......... .......... .......... .......... .......... 64% 88.0M 0s
 32600K .......... .......... .......... .......... .......... 64%  101M 0s
 32650K .......... .......... .......... .......... .......... 64%  124M 0s
 32700K .......... .......... .......... .......... .......... 64%  110M 0s
 32750K .......... .......... .......... .......... .......... 65% 91.7M 0s
 32800K .......... .......... .......... .......... .......... 65%  121M 0s
 32850K .......... .......... .......... .......... .......... 65%  122M 0s
 32900K .......... .......... .......... .......... .......... 65%  100M 0s
 32950K .......... .......... .......... .......... .......... 65%  126M 0s
 33000K .......... .......... .......... .......... .......... 65%  122M 0s
 33050K .......... .......... .......... .......... .......... 65%  102M 0s
 33100K .......... .......... .......... .......... .......... 65% 94.6M 0s
 33150K .......... .......... .......... .......... .......... 65%  132M 0s
 33200K .......... .......... .......... .......... .......... 65%  112M 0s
 33250K .......... .......... .......... .......... .......... 65%  107M 0s
 33300K .......... .......... .......... .......... .......... 66%  113M 0s
 33350K .......... .......... .......... .......... .......... 66%  100M 0s
 33400K .......... .......... .......... .......... .......... 66%  113M 0s
 33450K .......... .......... .......... .......... .......... 66% 93.4M 0s
 33500K .......... .......... .......... .......... .......... 66% 90.2M 0s
 33550K .......... .......... .......... .......... .......... 66%  112M 0s
 33600K .......... .......... .......... .......... .......... 66%  108M 0s
 33650K .......... .......... .......... .......... .......... 66%  108M 0s
 33700K .......... .......... .......... .......... .......... 66%  130M 0s
 33750K .......... .......... .......... .......... .......... 66% 96.7M 0s
 33800K .......... .......... .......... .......... .......... 67% 71.9M 0s
 33850K .......... .......... .......... .......... .......... 67% 95.6M 0s
 33900K .......... .......... .......... .......... .......... 67%  132M 0s
 33950K .......... .......... .......... .......... .......... 67%  103M 0s
 34000K .......... .......... .......... .......... .......... 67%  121M 0s
 34050K .......... .......... .......... .......... .......... 67%  113M 0s
 34100K .......... .......... .......... .......... .......... 67%  113M 0s
 34150K .......... .......... .......... .......... .......... 67%  113M 0s
 34200K .......... .......... .......... .......... .......... 67% 93.9M 0s
 34250K .......... .......... .......... .......... .......... 67%  112M 0s
 34300K .......... .......... .......... .......... .......... 68%  128M 0s
 34350K .......... .......... .......... .......... .......... 68%  118M 0s
 34400K .......... .......... .......... .......... .......... 68%  104M 0s
 34450K .......... .......... .......... .......... .......... 68%  101M 0s
 34500K .......... .......... .......... .......... .......... 68%  123M 0s
 34550K .......... .......... .......... .......... .......... 68% 96.6M 0s
 34600K .......... .......... .......... .......... .......... 68%  123M 0s
 34650K .......... .......... .......... .......... .......... 68%  116M 0s
 34700K .......... .......... .......... .......... .......... 68%  117M 0s
 34750K .......... .......... .......... .......... .......... 68% 86.8M 0s
 34800K .......... .......... .......... .......... .......... 69%  125M 0s
 34850K .......... .......... .......... .......... .......... 69% 93.4M 0s
 34900K .......... .......... .......... .......... .......... 69%  123M 0s
 34950K .......... .......... .......... .......... .......... 69%  109M 0s
 35000K .......... .......... .......... .......... .......... 69% 77.8M 0s
 35050K .......... .......... .......... .......... .......... 69% 80.0M 0s
 35100K .......... .......... .......... .......... .......... 69%  112M 0s
 35150K .......... .......... .......... .......... .......... 69% 75.1M 0s
 35200K .......... .......... .......... .......... .......... 69%  112M 0s
 35250K .......... .......... .......... .......... .......... 69% 90.8M 0s
 35300K .......... .......... .......... .......... .......... 70%  109M 0s
 35350K .......... .......... .......... .......... .......... 70%  112M 0s
 35400K .......... .......... .......... .......... .......... 70%  113M 0s
 35450K .......... .......... .......... .......... .......... 70%  102M 0s
 35500K .......... .......... .......... .......... .......... 70%  112M 0s
 35550K .......... .......... .......... .......... .......... 70%  113M 0s
 35600K .......... .......... .......... .......... .......... 70%  112M 0s
 35650K .......... .......... .......... .......... .......... 70%  122M 0s
 35700K .......... .......... .......... .......... .......... 70%  114M 0s
 35750K .......... .......... .......... .......... .......... 70% 85.9M 0s
 35800K .......... .......... .......... .......... .......... 71% 93.1M 0s
 35850K .......... .......... .......... .......... .......... 71%  112M 0s
 35900K .......... .......... .......... .......... .......... 71%  115M 0s
 35950K .......... .......... .......... .......... .......... 71% 95.6M 0s
 36000K .......... .......... .......... .......... .......... 71% 83.0M 0s
 36050K .......... .......... .......... .......... .......... 71%  117M 0s
 36100K .......... .......... .......... .......... .......... 71%  123M 0s
 36150K .......... .......... .......... .......... .......... 71% 69.4M 0s
 36200K .......... .......... .......... .......... .......... 71% 88.4M 0s
 36250K .......... .......... .......... .......... .......... 71%  122M 0s
 36300K .......... .......... .......... .......... .......... 72%  108M 0s
 36350K .......... .......... .......... .......... .......... 72%  102M 0s
 36400K .......... .......... .......... .......... .......... 72% 90.7M 0s
 36450K .......... .......... .......... .......... .......... 72%  114M 0s
 36500K .......... .......... .......... .......... .......... 72% 71.6M 0s
 36550K .......... .......... .......... .......... .......... 72% 91.4M 0s
 36600K .......... .......... .......... .......... .......... 72%  113M 0s
 36650K .......... .......... .......... .......... .......... 72%  128M 0s
 36700K .......... .......... .......... .......... .......... 72% 80.1M 0s
 36750K .......... .......... .......... .......... .......... 72% 93.1M 0s
 36800K .......... .......... .......... .......... .......... 73%  108M 0s
 36850K .......... .......... .......... .......... .......... 73% 96.9M 0s
 36900K .......... .......... .......... .......... .......... 73% 82.3M 0s
 36950K .......... .......... .......... .......... .......... 73% 90.3M 0s
 37000K .......... .......... .......... .......... .......... 73%  112M 0s
 37050K .......... .......... .......... .......... .......... 73%  113M 0s
 37100K .......... .......... .......... .......... .......... 73% 90.0M 0s
 37150K .......... .......... .......... .......... .......... 73%  110M 0s
 37200K .......... .......... .......... .......... .......... 73% 79.0M 0s
 37250K .......... .......... .......... .......... .......... 73% 75.7M 0s
 37300K .......... .......... .......... .......... .......... 74%  128M 0s
 37350K .......... .......... .......... .......... .......... 74%  104M 0s
 37400K .......... .......... .......... .......... .......... 74% 75.5M 0s
 37450K .......... .......... .......... .......... .......... 74% 93.3M 0s
 37500K .......... .......... .......... .......... .......... 74% 83.9M 0s
 37550K .......... .......... .......... .......... .......... 74%  112M 0s
 37600K .......... .......... .......... .......... .......... 74% 80.6M 0s
 37650K .......... .......... .......... .......... .......... 74%  117M 0s
 37700K .......... .......... .......... .......... .......... 74% 87.1M 0s
 37750K .......... .......... .......... .......... .......... 74%  110M 0s
 37800K .......... .......... .......... .......... .......... 75% 73.0M 0s
 37850K .......... .......... .......... .......... .......... 75% 68.6M 0s
 37900K .......... .......... .......... .......... .......... 75% 94.3M 0s
 37950K .......... .......... .......... .......... .......... 75% 70.0M 0s
 38000K .......... .......... .......... .......... .......... 75%  112M 0s
 38050K .......... .......... .......... .......... .......... 75% 81.1M 0s
 38100K .......... .......... .......... .......... .......... 75% 97.9M 0s
 38150K .......... .......... .......... .......... .......... 75% 69.3M 0s
 38200K .......... .......... .......... .......... .......... 75% 68.3M 0s
 38250K .......... .......... .......... .......... .......... 75% 94.5M 0s
 38300K .......... .......... .......... .......... .......... 76%  114M 0s
 38350K .......... .......... .......... .......... .......... 76% 72.6M 0s
 38400K .......... .......... .......... .......... .......... 76%  113M 0s
 38450K .......... .......... .......... .......... .......... 76% 67.6M 0s
 38500K .......... .......... .......... .......... .......... 76%  125M 0s
 38550K .......... .......... .......... .......... .......... 76% 66.6M 0s
 38600K .......... .......... .......... .......... .......... 76%  124M 0s
 38650K .......... .......... .......... .......... .......... 76% 62.3M 0s
 38700K .......... .......... .......... .......... .......... 76% 57.8M 0s
 38750K .......... .......... .......... .......... .......... 76%  121M 0s
 38800K .......... .......... .......... .......... .......... 76%  102M 0s
 38850K .......... .......... .......... .......... .......... 77% 50.9M 0s
 38900K .......... .......... .......... .......... .......... 77%  122M 0s
 38950K .......... .......... .......... .......... .......... 77%  115M 0s
 39000K .......... .......... .......... .......... .......... 77% 52.5M 0s
 39050K .......... .......... .......... .......... .......... 77% 82.6M 0s
 39100K .......... .......... .......... .......... .......... 77%  125M 0s
 39150K .......... .......... .......... .......... .......... 77% 57.0M 0s
 39200K .......... .......... .......... .......... .......... 77%  113M 0s
 39250K .......... .......... .......... .......... .......... 77% 51.7M 0s
 39300K .......... .......... .......... .......... .......... 77%  112M 0s
 39350K .......... .......... .......... .......... .......... 78% 43.9M 0s
 39400K .......... .......... .......... .......... .......... 78% 99.6M 0s
 39450K .......... .......... .......... .......... .......... 78%  104M 0s
 39500K .......... .......... .......... .......... .......... 78%  127M 0s
 39550K .......... .......... .......... .......... .......... 78% 49.8M 0s
 39600K .......... .......... .......... .......... .......... 78%  117M 0s
 39650K .......... .......... .......... .......... .......... 78% 48.0M 0s
 39700K .......... .......... .......... .......... .......... 78%  126M 0s
 39750K .......... .......... .......... .......... .......... 78% 97.8M 0s
 39800K .......... .......... .......... .......... .......... 78%  113M 0s
 39850K .......... .......... .......... .......... .......... 79% 49.6M 0s
 39900K .......... .......... .......... .......... .......... 79%  120M 0s
 39950K .......... .......... .......... .......... .......... 79%  123M 0s
 40000K .......... .......... .......... .......... .......... 79% 86.0M 0s
 40050K .......... .......... .......... .......... .......... 79% 80.6M 0s
 40100K .......... .......... .......... .......... .......... 79% 65.3M 0s
 40150K .......... .......... .......... .......... .......... 79%  121M 0s
 40200K .......... .......... .......... .......... .......... 79%  108M 0s
 40250K .......... .......... .......... .......... .......... 79% 51.7M 0s
 40300K .......... .......... .......... .......... .......... 79% 49.4M 0s
 40350K .......... .......... .......... .......... .......... 80% 48.3M 0s
 40400K .......... .......... .......... .......... .......... 80%  111M 0s
 40450K .......... .......... .......... .......... .......... 80% 51.7M 0s
 40500K .......... .......... .......... .......... .......... 80% 45.9M 0s
 40550K .......... .......... .......... .......... .......... 80% 49.4M 0s
 40600K .......... .......... .......... .......... .......... 80% 51.3M 0s
 40650K .......... .......... .......... .......... .......... 80%  119M 0s
 40700K .......... .......... .......... .......... .......... 80%  105M 0s
 40750K .......... .......... .......... .......... .......... 80% 49.7M 0s
 40800K .......... .......... .......... .......... .......... 80% 53.9M 0s
 40850K .......... .......... .......... .......... .......... 81% 34.4M 0s
 40900K .......... .......... .......... .......... .......... 81% 95.8M 0s
 40950K .......... .......... .......... .......... .......... 81%  113M 0s
 41000K .......... .......... .......... .......... .......... 81% 51.9M 0s
 41050K .......... .......... .......... .......... .......... 81%  113M 0s
 41100K .......... .......... .......... .......... .......... 81% 50.0M 0s
 41150K .......... .......... .......... .......... .......... 81%  113M 0s
 41200K .......... .......... .......... .......... .......... 81% 55.3M 0s
 41250K .......... .......... .......... .......... .......... 81% 45.7M 0s
 41300K .......... .......... .......... .......... .......... 81%  105M 0s
 41350K .......... .......... .......... .......... .......... 82% 51.7M 0s
 41400K .......... .......... .......... .......... .......... 82%  101M 0s
 41450K .......... .......... .......... .......... .......... 82%  122M 0s
 41500K .......... .......... .......... .......... .......... 82%  123M 0s
 41550K .......... .......... .......... .......... .......... 82% 48.8M 0s
 41600K .......... .......... .......... .......... .......... 82% 94.6M 0s
 41650K .......... .......... .......... .......... .......... 82%  123M 0s
 41700K .......... .......... .......... .......... .......... 82%  115M 0s
 41750K .......... .......... .......... .......... .......... 82% 51.0M 0s
 41800K .......... .......... .......... .......... .......... 82% 94.3M 0s
 41850K .......... .......... .......... .......... .......... 83% 60.2M 0s
 41900K .......... .......... .......... .......... .......... 83%  108M 0s
 41950K .......... .......... .......... .......... .......... 83% 44.3M 0s
 42000K .......... .......... .......... .......... .......... 83% 47.8M 0s
 42050K .......... .......... .......... .......... .......... 83% 53.0M 0s
 42100K .......... .......... .......... .......... .......... 83%  119M 0s
 42150K .......... .......... .......... .......... .......... 83%  115M 0s
 42200K .......... .......... .......... .......... .......... 83% 47.7M 0s
 42250K .......... .......... .......... .......... .......... 83% 98.2M 0s
 42300K .......... .......... .......... .......... .......... 83% 50.7M 0s
 42350K .......... .......... .......... .......... .......... 84%  121M 0s
 42400K .......... .......... .......... .......... .......... 84%  115M 0s
 42450K .......... .......... .......... .......... .......... 84% 48.8M 0s
 42500K .......... .......... .......... .......... .......... 84%  121M 0s
 42550K .......... .......... .......... .......... .......... 84% 63.1M 0s
 42600K .......... .......... .......... .......... .......... 84% 66.1M 0s
 42650K .......... .......... .......... .......... .......... 84%  122M 0s
 42700K .......... .......... .......... .......... .......... 84%  128M 0s
 42750K .......... .......... .......... .......... .......... 84% 50.5M 0s
 42800K .......... .......... .......... .......... .......... 84%  113M 0s
 42850K .......... .......... .......... .......... .......... 85% 96.0M 0s
 42900K .......... .......... .......... .......... .......... 85% 48.9M 0s
 42950K .......... .......... .......... .......... .......... 85%  113M 0s
 43000K .......... .......... .......... .......... .......... 85%  128M 0s
 43050K .......... .......... .......... .......... .......... 85% 49.1M 0s
 43100K .......... .......... .......... .......... .......... 85%  116M 0s
 43150K .......... .......... .......... .......... .......... 85%  112M 0s
 43200K .......... .......... .......... .......... .......... 85% 49.6M 0s
 43250K .......... .......... .......... .......... .......... 85%  106M 0s
 43300K .......... .......... .......... .......... .......... 85%  115M 0s
 43350K .......... .......... .......... .......... .......... 86% 48.8M 0s
 43400K .......... .......... .......... .......... .......... 86%  117M 0s
 43450K .......... .......... .......... .......... .......... 86% 52.3M 0s
 43500K .......... .......... .......... .......... .......... 86% 94.1M 0s
 43550K .......... .......... .......... .......... .......... 86% 49.0M 0s
 43600K .......... .......... .......... .......... .......... 86%  123M 0s
 43650K .......... .......... .......... .......... .......... 86%  112M 0s
 43700K .......... .......... .......... .......... .......... 86% 49.3M 0s
 43750K .......... .......... .......... .......... .......... 86% 51.5M 0s
 43800K .......... .......... .......... .......... .......... 86%  122M 0s
 43850K .......... .......... .......... .......... .......... 87% 50.4M 0s
 43900K .......... .......... .......... .......... .......... 87% 52.1M 0s
 43950K .......... .......... .......... .......... .......... 87%  106M 0s
 44000K .......... .......... .......... .......... .......... 87% 93.0M 0s
 44050K .......... .......... .......... .......... .......... 87%  108M 0s
 44100K .......... .......... .......... .......... .......... 87% 51.8M 0s
 44150K .......... .......... .......... .......... .......... 87% 66.9M 0s
 44200K .......... .......... .......... .......... .......... 87% 64.7M 0s
 44250K .......... .......... .......... .......... .......... 87%  112M 0s
 44300K .......... .......... .......... .......... .......... 87%  129M 0s
 44350K .......... .......... .......... .......... .......... 87% 48.3M 0s
 44400K .......... .......... .......... .......... .......... 88% 62.3M 0s
 44450K .......... .......... .......... .......... .......... 88%  113M 0s
 44500K .......... .......... .......... .......... .......... 88%  114M 0s
 44550K .......... .......... .......... .......... .......... 88% 69.8M 0s
 44600K .......... .......... .......... .......... .......... 88%  108M 0s
 44650K .......... .......... .......... .......... .......... 88% 55.9M 0s
 44700K .......... .......... .......... .......... .......... 88%  104M 0s
 44750K .......... .......... .......... .......... .......... 88%  117M 0s
 44800K .......... .......... .......... .......... .......... 88%  112M 0s
 44850K .......... .......... .......... .......... .......... 88% 46.1M 0s
 44900K .......... .......... .......... .......... .......... 89%  123M 0s
 44950K .......... .......... .......... .......... .......... 89% 51.4M 0s
 45000K .......... .......... .......... .......... .......... 89%  102M 0s
 45050K .......... .......... .......... .......... .......... 89% 51.4M 0s
 45100K .......... .......... .......... .......... .......... 89%  123M 0s
 45150K .......... .......... .......... .......... .......... 89% 52.9M 0s
 45200K .......... .......... .......... .......... .......... 89% 85.9M 0s
 45250K .......... .......... .......... .......... .......... 89%  120M 0s
 45300K .......... .......... .......... .......... .......... 89%  104M 0s
 45350K .......... .......... .......... .......... .......... 89% 51.4M 0s
 45400K .......... .......... .......... .......... .......... 90%  113M 0s
 45450K .......... .......... .......... .......... .......... 90%  124M 0s
 45500K .......... .......... .......... .......... .......... 90% 52.2M 0s
 45550K .......... .......... .......... .......... .......... 90% 48.8M 0s
 45600K .......... .......... .......... .......... .......... 90%  107M 0s
 45650K .......... .......... .......... .......... .......... 90%  108M 0s
 45700K .......... .......... .......... .......... .......... 90% 49.7M 0s
 45750K .......... .......... .......... .......... .......... 90%  122M 0s
 45800K .......... .......... .......... .......... .......... 90% 67.4M 0s
 45850K .......... .......... .......... .......... .......... 90% 67.0M 0s
 45900K .......... .......... .......... .......... .......... 91%  113M 0s
 45950K .......... .......... .......... .......... .......... 91% 57.1M 0s
 46000K .......... .......... .......... .......... .......... 91%  112M 0s
 46050K .......... .......... .......... .......... .......... 91% 87.2M 0s
 46100K .......... .......... .......... .......... .......... 91% 50.3M 0s
 46150K .......... .......... .......... .......... .......... 91%  120M 0s
 46200K .......... .......... .......... .......... .......... 91%  118M 0s
 46250K .......... .......... .......... .......... .......... 91% 54.9M 0s
 46300K .......... .......... .......... .......... .......... 91%  113M 0s
 46350K .......... .......... .......... .......... .......... 91% 83.9M 0s
 46400K .......... .......... .......... .......... .......... 92% 56.0M 0s
 46450K .......... .......... .......... .......... .......... 92%  108M 0s
 46500K .......... .......... .......... .......... .......... 92% 84.7M 0s
 46550K .......... .......... .......... .......... .......... 92%  121M 0s
 46600K .......... .......... .......... .......... .......... 92% 50.4M 0s
 46650K .......... .......... .......... .......... .......... 92% 89.6M 0s
 46700K .......... .......... .......... .......... .......... 92% 87.7M 0s
 46750K .......... .......... .......... .......... .......... 92% 58.9M 0s
 46800K .......... .......... .......... .......... .......... 92% 51.9M 0s
 46850K .......... .......... .......... .......... .......... 92%  104M 0s
 46900K .......... .......... .......... .......... .......... 93% 48.8M 0s
 46950K .......... .......... .......... .......... .......... 93%  128M 0s
 47000K .......... .......... .......... .......... .......... 93%  103M 0s
 47050K .......... .......... .......... .......... .......... 93% 60.3M 0s
 47100K .......... .......... .......... .......... .......... 93% 84.0M 0s
 47150K .......... .......... .......... .......... .......... 93% 70.2M 0s
 47200K .......... .......... .......... .......... .......... 93%  112M 0s
 47250K .......... .......... .......... .......... .......... 93% 69.8M 0s
 47300K .......... .......... .......... .......... .......... 93% 92.4M 0s
 47350K .......... .......... .......... .......... .......... 93%  114M 0s
 47400K .......... .......... .......... .......... .......... 94% 50.9M 0s
 47450K .......... .......... .......... .......... .......... 94%  112M 0s
 47500K .......... .......... .......... .......... .......... 94%  118M 0s
 47550K .......... .......... .......... .......... .......... 94% 52.0M 0s
 47600K .......... .......... .......... .......... .......... 94%  113M 0s
 47650K .......... .......... .......... .......... .......... 94% 45.6M 0s
 47700K .......... .......... .......... .......... .......... 94%  113M 0s
 47750K .......... .......... .......... .......... .......... 94%  112M 0s
 47800K .......... .......... .......... .......... .......... 94%  129M 0s
 47850K .......... .......... .......... .......... .......... 94% 49.6M 0s
 47900K .......... .......... .......... .......... .......... 95%  113M 0s
 47950K .......... .......... .......... .......... .......... 95%  108M 0s
 48000K .......... .......... .......... .......... .......... 95% 50.9M 0s
 48050K .......... .......... .......... .......... .......... 95% 59.5M 0s
 48100K .......... .......... .......... .......... .......... 95% 76.8M 0s
 48150K .......... .......... .......... .......... .......... 95%  107M 0s
 48200K .......... .......... .......... .......... .......... 95% 67.7M 0s
 48250K .......... .......... .......... .......... .......... 95%  112M 0s
 48300K .......... .......... .......... .......... .......... 95% 72.4M 0s
 48350K .......... .......... .......... .......... .......... 95%  121M 0s
 48400K .......... .......... .......... .......... .......... 96%  120M 0s
 48450K .......... .......... .......... .......... .......... 96% 44.8M 0s
 48500K .......... .......... .......... .......... .......... 96% 60.8M 0s
 48550K .......... .......... .......... .......... .......... 96%  113M 0s
 48600K .......... .......... .......... .......... .......... 96%  120M 0s
 48650K .......... .......... .......... .......... .......... 96% 72.7M 0s
 48700K .......... .......... .......... .......... .......... 96% 52.5M 0s
 48750K .......... .......... .......... .......... .......... 96%  113M 0s
 48800K .......... .......... .......... .......... .......... 96% 61.4M 0s
 48850K .......... .......... .......... .......... .......... 96% 81.9M 0s
 48900K .......... .......... .......... .......... .......... 97% 88.2M 0s
 48950K .......... .......... .......... .......... .......... 97% 79.0M 0s
 49000K .......... .......... .......... .......... .......... 97% 83.6M 0s
 49050K .......... .......... .......... .......... .......... 97%  111M 0s
 49100K .......... .......... .......... .......... .......... 97%  118M 0s
 49150K .......... .......... .......... .......... .......... 97% 65.9M 0s
 49200K .......... .......... .......... .......... .......... 97%  122M 0s
 49250K .......... .......... .......... .......... .......... 97% 88.5M 0s
 49300K .......... .......... .......... .......... .......... 97% 73.8M 0s
 49350K .......... .......... .......... .......... .......... 97%  112M 0s
 49400K .......... .......... .......... .......... .......... 98%  111M 0s
 49450K .......... .......... .......... .......... .......... 98% 90.0M 0s
 49500K .......... .......... .......... .......... .......... 98% 93.5M 0s
 49550K .......... .......... .......... .......... .......... 98% 77.3M 0s
 49600K .......... .......... .......... .......... .......... 98%  125M 0s
 49650K .......... .......... .......... .......... .......... 98% 82.2M 0s
 49700K .......... .......... .......... .......... .......... 98% 82.4M 0s
 49750K .......... .......... .......... .......... .......... 98%  129M 0s
 49800K .......... .......... .......... .......... .......... 98%  110M 0s
 49850K .......... .......... .......... .......... .......... 98% 62.5M 0s
 49900K .......... .......... .......... .......... .......... 98%  127M 0s
 49950K .......... .......... .......... .......... .......... 99% 49.3M 0s
 50000K .......... .......... .......... .......... .......... 99%  110M 0s
 50050K .......... .......... .......... .......... .......... 99%  112M 0s
 50100K .......... .......... .......... .......... .......... 99% 61.4M 0s
 50150K .......... .......... .......... .......... .......... 99% 44.3M 0s
 50200K .......... .......... .......... .......... .......... 99%  123M 0s
 50250K .......... .......... .......... .......... .......... 99% 66.6M 0s
 50300K .......... .......... .......... .......... .......... 99%  122M 0s
 50350K .......... .......... .......... .......... .......... 99% 55.1M 0s
 50400K .......... .......... .......... .......... .......... 99% 91.1M 0s
 50450K .....                                                 100%  133M=0.6s

2021-03-13 14:59:30 (77.8 MB/s) - `/tmp/firefox-45.4.0esr.tar.bz2' saved [51666458/51666458]


travis_time:end:13f319fa:start=1615647569275173173,finish=1615647570287757894,duration=1012584721[0K$ export PATH=$HOME/firefox-45.4.0esr/firefox:$PATH
travis_fold:end:install_firefox[0K
[33;1mSetting environment variables from .travis.yml[0m
$ export DISPLAY=:99

$ java -Xmx32m -version
java version "1.8.0_31"
Java(TM) SE Runtime Environment (build 1.8.0_31-b13)
Java HotSpot(TM) 64-Bit Server VM (build 25.31-b07, mixed mode)
$ javac -J-Xmx32m -version
javac 1.8.0_31
travis_fold:start:before_install.1[0Ktravis_time:start:0854e5b0[0K$ wget https://github.com/mozilla/geckodriver/releases/download/v0.11.1/geckodriver-v0.11.1-linux64.tar.gz
--2021-03-13 14:59:38--  https://github.com/mozilla/geckodriver/releases/download/v0.11.1/geckodriver-v0.11.1-linux64.tar.gz
Resolving github.com (github.com)... 192.30.255.112
Connecting to github.com (github.com)|192.30.255.112|:443... connected.
HTTP request sent, awaiting response... 302 Found
Location: https://github-releases.githubusercontent.com/25354393/41cecaf2-8ee8-11e6-82f4-6b74b02d025d?X-Amz-Algorithm=AWS4-HMAC-SHA256&X-Amz-Credential=AKIAIWNJYAX4CSVEH53A%2F20210313%2Fus-east-1%2Fs3%2Faws4_request&X-Amz-Date=20210313T145802Z&X-Amz-Expires=300&X-Amz-Signature=0b7fe81d5efbce551b70a70ea36d423e5e5b46ba01cfe386db26fbe037643916&X-Amz-SignedHeaders=host&actor_id=0&key_id=0&repo_id=25354393&response-content-disposition=attachment%3B%20filename%3Dgeckodriver-v0.11.1-linux64.tar.gz&response-content-type=application%2Foctet-stream [following]
--2021-03-13 14:59:38--  https://github-releases.githubusercontent.com/25354393/41cecaf2-8ee8-11e6-82f4-6b74b02d025d?X-Amz-Algorithm=AWS4-HMAC-SHA256&X-Amz-Credential=AKIAIWNJYAX4CSVEH53A%2F20210313%2Fus-east-1%2Fs3%2Faws4_request&X-Amz-Date=20210313T145802Z&X-Amz-Expires=300&X-Amz-Signature=0b7fe81d5efbce551b70a70ea36d423e5e5b46ba01cfe386db26fbe037643916&X-Amz-SignedHeaders=host&actor_id=0&key_id=0&repo_id=25354393&response-content-disposition=attachment%3B%20filename%3Dgeckodriver-v0.11.1-linux64.tar.gz&response-content-type=application%2Foctet-stream
Resolving github-releases.githubusercontent.com (github-releases.githubusercontent.com)... 185.199.108.154, 185.199.109.154, 185.199.110.154, ...
Connecting to github-releases.githubusercontent.com (github-releases.githubusercontent.com)|185.199.108.154|:443... connected.
ERROR: no certificate subject alternative name matches
	requested host name `github-releases.githubusercontent.com'.
To connect to github-releases.githubusercontent.com insecurely, use `--no-check-certificate'.

travis_time:end:0854e5b0:start=1615647578195614968,finish=1615647578380716155,duration=185101187[0K
[31;1mThe command "wget https://github.com/mozilla/geckodriver/releases/download/v0.11.1/geckodriver-v0.11.1-linux64.tar.gz" failed and exited with 5 during .[0m

Your build has been stopped.
