travis_fold:start:system_info[0K[33;1mBuild system information[0m
Build language: python
Build id: ''
Job id: ''
[34m[1mBuild image provisioning date and time[0m
Thu Feb  5 15:09:33 UTC 2015
[34m[1mOperating System Details[0m
Distributor ID:	Ubuntu
Description:	Ubuntu 12.04.5 LTS
Release:	12.04
Codename:	precise
[34m[1mLinux Version[0m
3.13.0-29-generic
[34m[1mCookbooks Version[0m
a68419e https://github.com/travis-ci/travis-cookbooks/tree/a68419e
[34m[1mGCC version[0m
gcc (Ubuntu/Linaro 4.6.3-1ubuntu5) 4.6.3
Copyright (C) 2011 Free Software Foundation, Inc.
This is free software; see the source for copying conditions.  There is NO
warranty; not even for MERCHANTABILITY or FITNESS FOR A PARTICULAR PURPOSE.

[34m[1mLLVM version[0m
clang version 3.4 (tags/RELEASE_34/final)
Target: x86_64-unknown-linux-gnu
Thread model: posix
[34m[1mPre-installed Ruby versions[0m
ruby-1.9.3-p551
[34m[1mPre-installed Node.js versions[0m
v0.10.36
[34m[1mPre-installed Go versions[0m
1.4.1
[34m[1mRedis version[0m
redis-server 2.8.19
[34m[1mriak version[0m
2.0.2
[34m[1mMongoDB version[0m
MongoDB 2.4.12
[34m[1mCouchDB version[0m
couchdb 1.6.1
[34m[1mNeo4j version[0m
1.9.4
[34m[1mRabbitMQ Version[0m
3.4.3
[34m[1mElasticSearch version[0m
1.4.0
[34m[1mInstalled Sphinx versions[0m
2.0.10
2.1.9
2.2.6
[34m[1mDefault Sphinx version[0m
2.2.6
[34m[1mInstalled Firefox version[0m
firefox 31.0esr
[34m[1mPhantomJS version[0m
1.9.8
[34m[1mant -version[0m
Apache Ant(TM) version 1.8.2 compiled on December 3 2011
[34m[1mmvn -version[0m
Apache Maven 3.2.5 (12a6b3acb947671f09b81f49094c53f426d8cea1; 2014-12-14T17:29:23+00:00)
Maven home: /usr/local/maven
Java version: 1.7.0_76, vendor: Oracle Corporation
Java home: /usr/lib/jvm/java-7-oracle/jre
Default locale: en_US, platform encoding: ANSI_X3.4-1968
OS name: "linux", version: "3.13.0-29-generic", arch: "amd64", family: "unix"
travis_fold:end:system_info[0K
grep: /etc/apt/sources.list.d/*: No such file or directory
sed: cannot rename /etc/hosts: Device or resource busy
sed: cannot rename /etc/hosts: Device or resource busy
$ cd failed/hivesolutions/appier
travis_time:start:0634e03a[0K$ source ~/virtualenv/python3.3/bin/activate

travis_time:end:0634e03a:start=1615660315321273900,finish=1615660315330164074,duration=8890174[0K$ python --version
Python 3.3.5
$ pip --version
pip 6.0.7 from /home/travis/virtualenv/python3.3.5/lib/python3.3/site-packages (python 3.3)
travis_fold:start:install.1[0Ktravis_time:start:1690fd40[0K$ pip install -r requirements.txt
You must give at least one requirement to install (see "pip help install")

travis_time:end:1690fd40:start=1615660315710080229,finish=1615660316641299189,duration=931218960[0Ktravis_fold:end:install.1[0Ktravis_fold:start:install.2[0Ktravis_time:start:04cbef68[0K$ pip install coveralls==1.0b1
Collecting coveralls==1.0b1
  Downloading https://files.pythonhosted.org/packages/e5/92/11409fb634e966c7262587b5ee7d8ba727c1b1136e087fef649624177cf6/coveralls-1.0b1-py2.py3-none-any.whl
Collecting docopt>=0.6.1 (from coveralls==1.0b1)
  Downloading https://files.pythonhosted.org/packages/a2/55/8f8cab2afd404cf578136ef2cc5dfb50baa1761b68c9da1fb1e4eed343c9/docopt-0.6.2.tar.gz
Collecting requests>=1.0.0 (from coveralls==1.0b1)
  Downloading https://files.pythonhosted.org/packages/29/c1/24814557f1d22c56d50280771a17307e6bf87b70727d975fd6b2ce6b014a/requests-2.25.1-py2.py3-none-any.whl (61kB)
Collecting coverage>=3.6 (from coveralls==1.0b1)
  Downloading https://files.pythonhosted.org/packages/38/df/d5e67851e83948def768d7fb1a0fd373665b20f56ff63ed220c6cd16cb11/coverage-5.5.tar.gz (691kB)
    /opt/python/3.3.5/lib/python3.3/distutils/dist.py:258: UserWarning: Unknown distribution option: 'project_urls'
      warnings.warn(msg)
    /opt/python/3.3.5/lib/python3.3/distutils/dist.py:258: UserWarning: Unknown distribution option: 'python_requires'
      warnings.warn(msg)
    /opt/python/3.3.5/lib/python3.3/distutils/dist.py:258: UserWarning: Unknown distribution option: 'long_description_content_type'
      warnings.warn(msg)
Collecting idna<3,>=2.5 (from requests>=1.0.0->coveralls==1.0b1)
  Downloading https://files.pythonhosted.org/packages/a2/38/928ddce2273eaa564f6f50de919327bf3a00f091b5baba8dfa9460f3a8a8/idna-2.10-py2.py3-none-any.whl (58kB)
Collecting certifi>=2017.4.17 (from requests>=1.0.0->coveralls==1.0b1)
  Downloading https://files.pythonhosted.org/packages/5e/a0/5f06e1e1d463903cf0c0eebeb751791119ed7a4b3737fdc9a77f1cdfb51f/certifi-2020.12.5-py2.py3-none-any.whl (147kB)
Collecting chardet<5,>=3.0.2 (from requests>=1.0.0->coveralls==1.0b1)
  Downloading https://files.pythonhosted.org/packages/19/c7/fa589626997dd07bd87d9269342ccb74b1720384a4d739a1872bd84fbe68/chardet-4.0.0-py2.py3-none-any.whl (178kB)
Collecting urllib3<1.27,>=1.21.1 (from requests>=1.0.0->coveralls==1.0b1)
  Downloading https://files.pythonhosted.org/packages/23/fc/8a49991f7905261f9ca9df5aa9b58363c3c821ce3e7f671895442b7100f2/urllib3-1.26.3-py2.py3-none-any.whl (137kB)
Installing collected packages: urllib3, chardet, certifi, idna, coverage, requests, docopt, coveralls




  Running setup.py install for coverage
    building 'coverage.tracer' extension
    gcc -pthread -Wno-unused-result -DNDEBUG -g -fwrapv -O3 -Wall -Wstrict-prototypes -g -fstack-protector --param=ssp-buffer-size=4 -Wformat -Werror=format-security -fPIC -I/opt/python/3.3.5/include/python3.3m -c coverage/ctracer/datastack.c -o build/temp.linux-x86_64-3.3/coverage/ctracer/datastack.o
    gcc -pthread -Wno-unused-result -DNDEBUG -g -fwrapv -O3 -Wall -Wstrict-prototypes -g -fstack-protector --param=ssp-buffer-size=4 -Wformat -Werror=format-security -fPIC -I/opt/python/3.3.5/include/python3.3m -c coverage/ctracer/filedisp.c -o build/temp.linux-x86_64-3.3/coverage/ctracer/filedisp.o
    gcc -pthread -Wno-unused-result -DNDEBUG -g -fwrapv -O3 -Wall -Wstrict-prototypes -g -fstack-protector --param=ssp-buffer-size=4 -Wformat -Werror=format-security -fPIC -I/opt/python/3.3.5/include/python3.3m -c coverage/ctracer/module.c -o build/temp.linux-x86_64-3.3/coverage/ctracer/module.o
    gcc -pthread -Wno-unused-result -DNDEBUG -g -fwrapv -O3 -Wall -Wstrict-prototypes -g -fstack-protector --param=ssp-buffer-size=4 -Wformat -Werror=format-security -fPIC -I/opt/python/3.3.5/include/python3.3m -c coverage/ctracer/tracer.c -o build/temp.linux-x86_64-3.3/coverage/ctracer/tracer.o
    gcc -pthread -shared -L/opt/python/3.3.5/lib -Wl,-rpath=/opt/python/3.3.5/lib build/temp.linux-x86_64-3.3/coverage/ctracer/datastack.o build/temp.linux-x86_64-3.3/coverage/ctracer/filedisp.o build/temp.linux-x86_64-3.3/coverage/ctracer/module.o build/temp.linux-x86_64-3.3/coverage/ctracer/tracer.o -L/opt/python/3.3.5/lib -lpython3.3m -o build/lib.linux-x86_64-3.3/coverage/tracer.cpython-33m.so
    /opt/python/3.3.5/lib/python3.3/distutils/dist.py:258: UserWarning: Unknown distribution option: 'project_urls'
      warnings.warn(msg)
    /opt/python/3.3.5/lib/python3.3/distutils/dist.py:258: UserWarning: Unknown distribution option: 'python_requires'
      warnings.warn(msg)
    /opt/python/3.3.5/lib/python3.3/distutils/dist.py:258: UserWarning: Unknown distribution option: 'long_description_content_type'
      warnings.warn(msg)
    Installing coverage script to /home/travis/virtualenv/python3.3.5/bin
    Installing coverage-3.3 script to /home/travis/virtualenv/python3.3.5/bin
    Installing coverage3 script to /home/travis/virtualenv/python3.3.5/bin

  Running setup.py install for docopt

Successfully installed certifi-2020.12.5 chardet-4.0.0 coverage-5.5 coveralls-1.0b1 docopt-0.6.2 idna-2.10 requests-2.25.1 urllib3-1.26.3

travis_time:end:04cbef68:start=1615660316652055329,finish=1615660322295671929,duration=5643616600[0Ktravis_fold:end:install.2[0Ktravis_fold:start:install.3[0Ktravis_time:start:03b89eff[0K$ pip install twine==1.5.0
Collecting twine==1.5.0
  Downloading https://files.pythonhosted.org/packages/b6/57/a4148d05bd0098c1d6d8cc4e14e766dbe93c3a5ab6723b969da27a87bac0/twine-1.5.0-py2.py3-none-any.whl
Requirement already satisfied (use --upgrade to upgrade): requests in /home/travis/virtualenv/python3.3.5/lib/python3.3/site-packages (from twine==1.5.0)
Collecting pkginfo (from twine==1.5.0)
  Downloading https://files.pythonhosted.org/packages/b0/9a/d78e7c299eb5659bc3a036e5a968a399c62bfe0b2aa18baf7d13f43373ba/pkginfo-1.7.0-py2.py3-none-any.whl
Requirement already satisfied (use --upgrade to upgrade): urllib3<1.27,>=1.21.1 in /home/travis/virtualenv/python3.3.5/lib/python3.3/site-packages (from requests->twine==1.5.0)
Requirement already satisfied (use --upgrade to upgrade): chardet<5,>=3.0.2 in /home/travis/virtualenv/python3.3.5/lib/python3.3/site-packages (from requests->twine==1.5.0)
Requirement already satisfied (use --upgrade to upgrade): idna<3,>=2.5 in /home/travis/virtualenv/python3.3.5/lib/python3.3/site-packages (from requests->twine==1.5.0)
Requirement already satisfied (use --upgrade to upgrade): certifi>=2017.4.17 in /home/travis/virtualenv/python3.3.5/lib/python3.3/site-packages (from requests->twine==1.5.0)
Installing collected packages: pkginfo, twine


Successfully installed pkginfo-1.7.0 twine-1.5.0

travis_time:end:03b89eff:start=1615660322305978282,finish=1615660323208388181,duration=902409899[0Ktravis_fold:end:install.3[0Ktravis_time:start:09e9dc52[0K$ coverage run --source=appier setup.py test
running test
running egg_info
creating src/appier.egg-info
writing dependency_links to src/appier.egg-info/dependency_links.txt
writing top-level names to src/appier.egg-info/top_level.txt
writing src/appier.egg-info/PKG-INFO
writing manifest file 'src/appier.egg-info/SOURCES.txt'
reading manifest file 'src/appier.egg-info/SOURCES.txt'
reading manifest template 'MANIFEST.in'
writing manifest file 'src/appier.egg-info/SOURCES.txt'
running build_ext
test_memory (appier.test.cache.CacheTest) ... ok
test_basic (appier.test.model.ModelTest) ... ERROR
test_mock (appier.test.request.RequestTest) ... ok
test_expire (appier.test.session.SessionTest) ... ok
test_file (appier.test.session.SessionTest) ... ok
test_memory (appier.test.session.SessionTest) ... ok
test_plain (appier.test.smtp.SmtpTest) ... ok
test_order (appier.test.structures.OrderedDictTest) ... ok
test_email_mime (appier.test.util.UtilTest) ... ok
test_email_parts (appier.test.util.UtilTest) ... ok

======================================================================
ERROR: test_basic (appier.test.model.ModelTest)
----------------------------------------------------------------------
Traceback (most recent call last):
  File "/home/travis/build/failed/hivesolutions/appier/src/appier/test/model.py", line 47, in test_basic
    person = mock.Person()
  File "/home/travis/build/failed/hivesolutions/appier/src/appier/model.py", line 218, in __new__
    instance = super(Model, cls).__new__(*args, **kwargs)
TypeError: object.__new__(): not enough arguments

----------------------------------------------------------------------
Ran 10 tests in 0.029s

FAILED (errors=1)

travis_time:end:09e9dc52:start=1615660323218548089,finish=1615660323899022024,duration=680473935[0K
[31;1mThe command "coverage run --source=appier setup.py test" exited with 1.[0m

Done. Your build exited with 1.
