travis_fold:start:system_info[0K[33;1mBuild system information[0m
Build language: python
Build group: stable
Build dist: precise
Build id: ''
Job id: ''
[34m[1mBuild image provisioning date and time[0m
Thu Feb  5 15:09:33 UTC 2015
[34m[1mOperating System Details[0m
Distributor ID:	Ubuntu
Description:	Ubuntu 12.04.5 LTS
Release:	12.04
Codename:	precise
[34m[1mLinux Version[0m
3.13.0-29-generic
[34m[1mCookbooks Version[0m
a68419e https://github.com/travis-ci/travis-cookbooks/tree/a68419e
[34m[1mGCC version[0m
gcc (Ubuntu/Linaro 4.6.3-1ubuntu5) 4.6.3
Copyright (C) 2011 Free Software Foundation, Inc.
This is free software; see the source for copying conditions.  There is NO
warranty; not even for MERCHANTABILITY or FITNESS FOR A PARTICULAR PURPOSE.

[34m[1mLLVM version[0m
clang version 3.4 (tags/RELEASE_34/final)
Target: x86_64-unknown-linux-gnu
Thread model: posix
[34m[1mPre-installed Ruby versions[0m
ruby-1.9.3-p551
[34m[1mPre-installed Node.js versions[0m
v0.10.36
[34m[1mPre-installed Go versions[0m
1.4.1
[34m[1mRedis version[0m
redis-server 2.8.19
[34m[1mriak version[0m
2.0.2
[34m[1mMongoDB version[0m
MongoDB 2.4.12
[34m[1mCouchDB version[0m
couchdb 1.6.1
[34m[1mNeo4j version[0m
1.9.4
[34m[1mRabbitMQ Version[0m
3.4.3
[34m[1mElasticSearch version[0m
1.4.0
[34m[1mInstalled Sphinx versions[0m
2.0.10
2.1.9
2.2.6
[34m[1mDefault Sphinx version[0m
2.2.6
[34m[1mInstalled Firefox version[0m
firefox 31.0esr
[34m[1mPhantomJS version[0m
1.9.8
[34m[1mant -version[0m
Apache Ant(TM) version 1.8.2 compiled on December 3 2011
[34m[1mmvn -version[0m
Apache Maven 3.2.5 (12a6b3acb947671f09b81f49094c53f426d8cea1; 2014-12-14T17:29:23+00:00)
Maven home: /usr/local/maven
Java version: 1.7.0_76, vendor: Oracle Corporation
Java home: /usr/lib/jvm/java-7-oracle/jre
Default locale: en_US, platform encoding: ANSI_X3.4-1968
OS name: "linux", version: "3.13.0-29-generic", arch: "amd64", family: "unix"
travis_fold:end:system_info[0K
grep: /etc/apt/sources.list.d/*: No such file or directory
sed: cannot rename /etc/hosts: Device or resource busy
sed: cannot rename /etc/hosts: Device or resource busy
$ cd failed/NMGRL/pychron
travis_time:start:052fd726[0K$ source ~/virtualenv/python2.7/bin/activate

travis_time:end:052fd726:start=1615561210969360903,finish=1615561210977448184,duration=8087281[0K$ python --version
Python 2.7.9
$ pip --version
pip 6.0.7 from /home/travis/virtualenv/python2.7.9/lib/python2.7/site-packages (python 2.7)
travis_fold:start:before_install.1[0Ktravis_time:start:0aa1b0a3[0K$ wget http://repo.continuum.io/miniconda/Miniconda2-latest-Linux-x86_64.sh -O miniconda.sh
--2021-03-12 15:00:11--  http://repo.continuum.io/miniconda/Miniconda2-latest-Linux-x86_64.sh
Resolving repo.continuum.io (repo.continuum.io)... 104.18.200.79, 104.18.201.79, 2606:4700::6812:c84f, ...
Connecting to repo.continuum.io (repo.continuum.io)|104.18.200.79|:80... connected.
HTTP request sent, awaiting response... 301 Moved Permanently
Location: https://repo.anaconda.com/miniconda/Miniconda2-latest-Linux-x86_64.sh [following]
--2021-03-12 15:00:11--  https://repo.anaconda.com/miniconda/Miniconda2-latest-Linux-x86_64.sh
Resolving repo.anaconda.com (repo.anaconda.com)... 104.16.130.3, 104.16.131.3, 2606:4700::6810:8203, ...
Connecting to repo.anaconda.com (repo.anaconda.com)|104.16.130.3|:443... connected.
HTTP request sent, awaiting response... 200 OK
Length: 51093759 (49M) [application/x-sh]
Saving to: `miniconda.sh'

     0K .......... .......... .......... .......... ..........  0% 9.77M 5s
    50K .......... .......... .......... .......... ..........  0% 10.1M 5s
   100K .......... .......... .......... .......... ..........  0% 29.9M 4s
   150K .......... .......... .......... .......... ..........  0% 15.0M 4s
   200K .......... .......... .......... .......... ..........  0% 40.7M 3s
   250K .......... .......... .......... .......... ..........  0% 47.2M 3s
   300K .......... .......... .......... .......... ..........  0% 46.0M 3s
   350K .......... .......... .......... .......... ..........  0% 35.3M 2s
   400K .......... .......... .......... .......... ..........  0% 41.3M 2s
   450K .......... .......... .......... .......... ..........  1% 64.6M 2s
   500K .......... .......... .......... .......... ..........  1%  121M 2s
   550K .......... .......... .......... .......... ..........  1% 70.8M 2s
   600K .......... .......... .......... .......... ..........  1% 70.8M 2s
   650K .......... .......... .......... .......... ..........  1% 84.5M 2s
   700K .......... .......... .......... .......... ..........  1%  115M 2s
   750K .......... .......... .......... .......... ..........  1% 71.0M 2s
   800K .......... .......... .......... .......... ..........  1% 88.9M 1s
   850K .......... .......... .......... .......... ..........  1% 89.0M 1s
   900K .......... .......... .......... .......... ..........  1%  121M 1s
   950K .......... .......... .......... .......... ..........  2%  104M 1s
  1000K .......... .......... .......... .......... ..........  2% 29.1M 1s
  1050K .......... .......... .......... .......... ..........  2%  123M 1s
  1100K .......... .......... .......... .......... ..........  2%  123M 1s
  1150K .......... .......... .......... .......... ..........  2% 93.8M 1s
  1200K .......... .......... .......... .......... ..........  2%  110M 1s
  1250K .......... .......... .......... .......... ..........  2%  111M 1s
  1300K .......... .......... .......... .......... ..........  2%  115M 1s
  1350K .......... .......... .......... .......... ..........  2%  116M 1s
  1400K .......... .......... .......... .......... ..........  2%  118M 1s
  1450K .......... .......... .......... .......... ..........  3%  129M 1s
  1500K .......... .......... .......... .......... ..........  3%  112M 1s
  1550K .......... .......... .......... .......... ..........  3% 93.9M 1s
  1600K .......... .......... .......... .......... ..........  3%  112M 1s
  1650K .......... .......... .......... .......... ..........  3%  113M 1s
  1700K .......... .......... .......... .......... ..........  3%  125M 1s
  1750K .......... .......... .......... .......... ..........  3%  105M 1s
  1800K .......... .......... .......... .......... ..........  3%  127M 1s
  1850K .......... .......... .......... .......... ..........  3%  112M 1s
  1900K .......... .......... .......... .......... ..........  3%  118M 1s
  1950K .......... .......... .......... .......... ..........  4% 93.7M 1s
  2000K .......... .......... .......... .......... ..........  4%  109M 1s
  2050K .......... .......... .......... .......... ..........  4%  122M 1s
  2100K .......... .......... .......... .......... ..........  4%  122M 1s
  2150K .......... .......... .......... .......... ..........  4%  116M 1s
  2200K .......... .......... .......... .......... ..........  4%  105M 1s
  2250K .......... .......... .......... .......... ..........  4%  113M 1s
  2300K .......... .......... .......... .......... ..........  4% 88.9M 1s
  2350K .......... .......... .......... .......... ..........  4% 69.5M 1s
  2400K .......... .......... .......... .......... ..........  4% 87.2M 1s
  2450K .......... .......... .......... .......... ..........  5%  103M 1s
  2500K .......... .......... .......... .......... ..........  5%  139M 1s
  2550K .......... .......... .......... .......... ..........  5%  122M 1s
  2600K .......... .......... .......... .......... ..........  5%  127M 1s
  2650K .......... .......... .......... .......... ..........  5%  134M 1s
  2700K .......... .......... .......... .......... ..........  5%  131M 1s
  2750K .......... .......... .......... .......... ..........  5%  110M 1s
  2800K .......... .......... .......... .......... ..........  5%  129M 1s
  2850K .......... .......... .......... .......... ..........  5%  135M 1s
  2900K .......... .......... .......... .......... ..........  5%  135M 1s
  2950K .......... .......... .......... .......... ..........  6%  120M 1s
  3000K .......... .......... .......... .......... ..........  6% 84.7M 1s
  3050K .......... .......... .......... .......... ..........  6%  113M 1s
  3100K .......... .......... .......... .......... ..........  6%  112M 1s
  3150K .......... .......... .......... .......... ..........  6%  117M 1s
  3200K .......... .......... .......... .......... ..........  6%  150M 1s
  3250K .......... .......... .......... .......... ..........  6% 94.6M 1s
  3300K .......... .......... .......... .......... ..........  6% 96.6M 1s
  3350K .......... .......... .......... .......... ..........  6%  102M 1s
  3400K .......... .......... .......... .......... ..........  6%  138M 1s
  3450K .......... .......... .......... .......... ..........  7%  158M 1s
  3500K .......... .......... .......... .......... ..........  7% 87.0M 1s
  3550K .......... .......... .......... .......... ..........  7% 58.0M 1s
  3600K .......... .......... .......... .......... ..........  7% 82.5M 1s
  3650K .......... .......... .......... .......... ..........  7% 89.2M 1s
  3700K .......... .......... .......... .......... ..........  7% 91.3M 1s
  3750K .......... .......... .......... .......... ..........  7% 81.1M 1s
  3800K .......... .......... .......... .......... ..........  7% 83.3M 1s
  3850K .......... .......... .......... .......... ..........  7% 81.5M 1s
  3900K .......... .......... .......... .......... ..........  7% 86.2M 1s
  3950K .......... .......... .......... .......... ..........  8% 69.9M 1s
  4000K .......... .......... .......... .......... ..........  8% 90.4M 1s
  4050K .......... .......... .......... .......... ..........  8% 88.5M 1s
  4100K .......... .......... .......... .......... ..........  8% 85.7M 1s
  4150K .......... .......... .......... .......... ..........  8% 76.3M 1s
  4200K .......... .......... .......... .......... ..........  8% 87.5M 1s
  4250K .......... .......... .......... .......... ..........  8% 89.9M 1s
  4300K .......... .......... .......... .......... ..........  8% 85.5M 1s
  4350K .......... .......... .......... .......... ..........  8% 74.7M 1s
  4400K .......... .......... .......... .......... ..........  8% 97.1M 1s
  4450K .......... .......... .......... .......... ..........  9% 93.2M 1s
  4500K .......... .......... .......... .......... ..........  9% 96.8M 1s
  4550K .......... .......... .......... .......... ..........  9% 76.9M 1s
  4600K .......... .......... .......... .......... ..........  9%  214M 1s
  4650K .......... .......... .......... .......... ..........  9%  223M 1s
  4700K .......... .......... .......... .......... ..........  9%  224M 1s
  4750K .......... .......... .......... .......... ..........  9%  194M 1s
  4800K .......... .......... .......... .......... ..........  9%  232M 1s
  4850K .......... .......... .......... .......... ..........  9%  226M 1s
  4900K .......... .......... .......... .......... ..........  9%  226M 1s
  4950K .......... .......... .......... .......... .......... 10%  209M 1s
  5000K .......... .......... .......... .......... .......... 10%  231M 1s
  5050K .......... .......... .......... .......... .......... 10%  224M 1s
  5100K .......... .......... .......... .......... .......... 10%  224M 1s
  5150K .......... .......... .......... .......... .......... 10%  188M 1s
  5200K .......... .......... .......... .......... .......... 10%  224M 1s
  5250K .......... .......... .......... .......... .......... 10%  227M 1s
  5300K .......... .......... .......... .......... .......... 10%  241M 1s
  5350K .......... .......... .......... .......... .......... 10%  199M 1s
  5400K .......... .......... .......... .......... .......... 10%  138M 1s
  5450K .......... .......... .......... .......... .......... 11%  130M 1s
  5500K .......... .......... .......... .......... .......... 11%  112M 1s
  5550K .......... .......... .......... .......... .......... 11% 84.9M 1s
  5600K .......... .......... .......... .......... .......... 11%  128M 1s
  5650K .......... .......... .......... .......... .......... 11%  113M 1s
  5700K .......... .......... .......... .......... .......... 11%  128M 1s
  5750K .......... .......... .......... .......... .......... 11%  109M 1s
  5800K .......... .......... .......... .......... .......... 11%  112M 1s
  5850K .......... .......... .......... .......... .......... 11%  114M 1s
  5900K .......... .......... .......... .......... .......... 11%  128M 1s
  5950K .......... .......... .......... .......... .......... 12% 93.3M 1s
  6000K .......... .......... .......... .......... .......... 12%  109M 1s
  6050K .......... .......... .......... .......... .......... 12%  121M 1s
  6100K .......... .......... .......... .......... .......... 12%  121M 1s
  6150K .......... .......... .......... .......... .......... 12%  105M 1s
  6200K .......... .......... .......... .......... .......... 12%  116M 1s
  6250K .......... .......... .......... .......... .......... 12%  123M 1s
  6300K .......... .......... .......... .......... .......... 12%  107M 1s
  6350K .......... .......... .......... .......... .......... 12% 94.5M 1s
  6400K .......... .......... .......... .......... .......... 12%  119M 1s
  6450K .......... .......... .......... .......... .......... 13%  124M 1s
  6500K .......... .......... .......... .......... .......... 13%  121M 1s
  6550K .......... .......... .......... .......... .......... 13%  109M 1s
  6600K .......... .......... .......... .......... .......... 13%  114M 1s
  6650K .......... .......... .......... .......... .......... 13%  107M 0s
  6700K .......... .......... .......... .......... .......... 13%  135M 0s
  6750K .......... .......... .......... .......... .......... 13% 84.0M 0s
  6800K .......... .......... .......... .......... .......... 13%  130M 0s
  6850K .......... .......... .......... .......... .......... 13%  112M 0s
  6900K .......... .......... .......... .......... .......... 13%  115M 0s
  6950K .......... .......... .......... .......... .......... 14%  118M 0s
  7000K .......... .......... .......... .......... .......... 14%  117M 0s
  7050K .......... .......... .......... .......... .......... 14%  108M 0s
  7100K .......... .......... .......... .......... .......... 14%  134M 0s
  7150K .......... .......... .......... .......... .......... 14% 83.0M 0s
  7200K .......... .......... .......... .......... .......... 14%  126M 0s
  7250K .......... .......... .......... .......... .......... 14%  114M 0s
  7300K .......... .......... .......... .......... .......... 14%  114M 0s
  7350K .......... .......... .......... .......... .......... 14%  122M 0s
  7400K .......... .......... .......... .......... .......... 14%  109M 0s
  7450K .......... .......... .......... .......... .......... 15%  116M 0s
  7500K .......... .......... .......... .......... .......... 15%  128M 0s
  7550K .......... .......... .......... .......... .......... 15% 93.6M 0s
  7600K .......... .......... .......... .......... .......... 15%  113M 0s
  7650K .......... .......... .......... .......... .......... 15%  112M 0s
  7700K .......... .......... .......... .......... .......... 15%  113M 0s
  7750K .......... .......... .......... .......... .......... 15%  123M 0s
  7800K .......... .......... .......... .......... .......... 15%  112M 0s
  7850K .......... .......... .......... .......... .......... 15%  123M 0s
  7900K .......... .......... .......... .......... .......... 15%  106M 0s
  7950K .......... .......... .......... .......... .......... 16% 94.9M 0s
  8000K .......... .......... .......... .......... .......... 16%  121M 0s
  8050K .......... .......... .......... .......... .......... 16%  122M 0s
  8100K .......... .......... .......... .......... .......... 16%  109M 0s
  8150K .......... .......... .......... .......... .......... 16%  113M 0s
  8200K .......... .......... .......... .......... .......... 16%  125M 0s
  8250K .......... .......... .......... .......... .......... 16%  105M 0s
  8300K .......... .......... .......... .......... .......... 16%  125M 0s
  8350K .......... .......... .......... .......... .......... 16% 88.1M 0s
  8400K .......... .......... .......... .......... .......... 16%  127M 0s
  8450K .......... .......... .......... .......... .......... 17%  114M 0s
  8500K .......... .......... .......... .......... .......... 17%  113M 0s
  8550K .......... .......... .......... .......... .......... 17%  118M 0s
  8600K .......... .......... .......... .......... .......... 17%  112M 0s
  8650K .......... .......... .......... .......... .......... 17%  117M 0s
  8700K .......... .......... .......... .......... .......... 17%  124M 0s
  8750K .......... .......... .......... .......... .......... 17% 86.7M 0s
  8800K .......... .......... .......... .......... .......... 17%  126M 0s
  8850K .......... .......... .......... .......... .......... 17%  115M 0s
  8900K .......... .......... .......... .......... .......... 17%  112M 0s
  8950K .......... .......... .......... .......... .......... 18%  122M 0s
  9000K .......... .......... .......... .......... .......... 18%  110M 0s
  9050K .......... .......... .......... .......... .......... 18%  112M 0s
  9100K .......... .......... .......... .......... .......... 18%  125M 0s
  9150K .......... .......... .......... .......... .......... 18% 95.2M 0s
  9200K .......... .......... .......... .......... .......... 18%  113M 0s
  9250K .......... .......... .......... .......... .......... 18%  113M 0s
  9300K .......... .......... .......... .......... .......... 18%  128M 0s
  9350K .......... .......... .......... .......... .......... 18%  108M 0s
  9400K .......... .......... .......... .......... .......... 18%  113M 0s
  9450K .......... .......... .......... .......... .......... 19%  128M 0s
  9500K .......... .......... .......... .......... .......... 19%  110M 0s
  9550K .......... .......... .......... .......... .......... 19% 95.6M 0s
  9600K .......... .......... .......... .......... .......... 19%  110M 0s
  9650K .......... .......... .......... .......... .......... 19%  122M 0s
  9700K .......... .......... .......... .......... .......... 19%  108M 0s
  9750K .......... .......... .......... .......... .......... 19%  126M 0s
  9800K .......... .......... .......... .......... .......... 19%  110M 0s
  9850K .......... .......... .......... .......... .......... 19%  125M 0s
  9900K .......... .......... .......... .......... .......... 19%  108M 0s
  9950K .......... .......... .......... .......... .......... 20% 91.8M 0s
 10000K .......... .......... .......... .......... .......... 20%  113M 0s
 10050K .......... .......... .......... .......... .......... 20%  129M 0s
 10100K .......... .......... .......... .......... .......... 20%  110M 0s
 10150K .......... .......... .......... .......... .......... 20%  113M 0s
 10200K .......... .......... .......... .......... .......... 20%  117M 0s
 10250K .......... .......... .......... .......... .......... 20%  113M 0s
 10300K .......... .......... .......... .......... .......... 20%  123M 0s
 10350K .......... .......... .......... .......... .......... 20% 96.7M 0s
 10400K .......... .......... .......... .......... .......... 20%  112M 0s
 10450K .......... .......... .......... .......... .......... 21%  111M 0s
 10500K .......... .......... .......... .......... .......... 21%  131M 0s
 10550K .......... .......... .......... .......... .......... 21%  108M 0s
 10600K .......... .......... .......... .......... .......... 21%  113M 0s
 10650K .......... .......... .......... .......... .......... 21%  128M 0s
 10700K .......... .......... .......... .......... .......... 21%  113M 0s
 10750K .......... .......... .......... .......... .......... 21% 84.9M 0s
 10800K .......... .......... .......... .......... .......... 21%  126M 0s
 10850K .......... .......... .......... .......... .......... 21%  127M 0s
 10900K .......... .......... .......... .......... .......... 21%  113M 0s
 10950K .......... .......... .......... .......... .......... 22%  108M 0s
 11000K .......... .......... .......... .......... .......... 22%  112M 0s
 11050K .......... .......... .......... .......... .......... 22%  128M 0s
 11100K .......... .......... .......... .......... .......... 22%  113M 0s
 11150K .......... .......... .......... .......... .......... 22% 92.1M 0s
 11200K .......... .......... .......... .......... .......... 22%  114M 0s
 11250K .......... .......... .......... .......... .......... 22%  128M 0s
 11300K .......... .......... .......... .......... .......... 22%  113M 0s
 11350K .......... .......... .......... .......... .......... 22%  105M 0s
 11400K .......... .......... .......... .......... .......... 22%  113M 0s
 11450K .......... .......... .......... .......... .......... 23%  126M 0s
 11500K .......... .......... .......... .......... .......... 23%  109M 0s
 11550K .......... .......... .......... .......... .......... 23% 94.0M 0s
 11600K .......... .......... .......... .......... .......... 23%  121M 0s
 11650K .......... .......... .......... .......... .......... 23%  123M 0s
 11700K .......... .......... .......... .......... .......... 23%  120M 0s
 11750K .......... .......... .......... .......... .......... 23%  102M 0s
 11800K .......... .......... .......... .......... .......... 23%  122M 0s
 11850K .......... .......... .......... .......... .......... 23%  120M 0s
 11900K .......... .......... .......... .......... .......... 23%  111M 0s
 11950K .......... .......... .......... .......... .......... 24% 92.4M 0s
 12000K .......... .......... .......... .......... .......... 24%  122M 0s
 12050K .......... .......... .......... .......... .......... 24%  111M 0s
 12100K .......... .......... .......... .......... .......... 24%  114M 0s
 12150K .......... .......... .......... .......... .......... 24%  116M 0s
 12200K .......... .......... .......... .......... .......... 24%  115M 0s
 12250K .......... .......... .......... .......... .......... 24%  112M 0s
 12300K .......... .......... .......... .......... .......... 24%  126M 0s
 12350K .......... .......... .......... .......... .......... 24% 88.9M 0s
 12400K .......... .......... .......... .......... .......... 24%  128M 0s
 12450K .......... .......... .......... .......... .......... 25%  112M 0s
 12500K .......... .......... .......... .......... .......... 25%  129M 0s
 12550K .......... .......... .......... .......... .......... 25%  109M 0s
 12600K .......... .......... .......... .......... .......... 25%  109M 0s
 12650K .......... .......... .......... .......... .......... 25%  122M 0s
 12700K .......... .......... .......... .......... .......... 25%  115M 0s
 12750K .......... .......... .......... .......... .......... 25% 87.1M 0s
 12800K .......... .......... .......... .......... .......... 25%  126M 0s
 12850K .......... .......... .......... .......... .......... 25%  115M 0s
 12900K .......... .......... .......... .......... .......... 25%  112M 0s
 12950K .......... .......... .......... .......... .......... 26%  118M 0s
 13000K .......... .......... .......... .......... .......... 26%  117M 0s
 13050K .......... .......... .......... .......... .......... 26%  114M 0s
 13100K .......... .......... .......... .......... .......... 26%  126M 0s
 13150K .......... .......... .......... .......... .......... 26% 85.2M 0s
 13200K .......... .......... .......... .......... .......... 26%  128M 0s
 13250K .......... .......... .......... .......... .......... 26%  113M 0s
 13300K .......... .......... .......... .......... .......... 26%  116M 0s
 13350K .......... .......... .......... .......... .......... 26%  113M 0s
 13400K .......... .......... .......... .......... .......... 26%  120M 0s
 13450K .......... .......... .......... .......... .......... 27%  109M 0s
 13500K .......... .......... .......... .......... .......... 27%  120M 0s
 13550K .......... .......... .......... .......... .......... 27% 94.5M 0s
 13600K .......... .......... .......... .......... .......... 27%  123M 0s
 13650K .......... .......... .......... .......... .......... 27%  121M 0s
 13700K .......... .......... .......... .......... .......... 27%  108M 0s
 13750K .......... .......... .......... .......... .......... 27%  112M 0s
 13800K .......... .......... .......... .......... .......... 27%  112M 0s
 13850K .......... .......... .......... .......... .......... 27%  132M 0s
 13900K .......... .......... .......... .......... .......... 27%  110M 0s
 13950K .......... .......... .......... .......... .......... 28% 95.2M 0s
 14000K .......... .......... .......... .......... .......... 28%  111M 0s
 14050K .......... .......... .......... .......... .......... 28%  115M 0s
 14100K .......... .......... .......... .......... .......... 28%  128M 0s
 14150K .......... .......... .......... .......... .......... 28%  103M 0s
 14200K .......... .......... .......... .......... .......... 28%  120M 0s
 14250K .......... .......... .......... .......... .......... 28%  112M 0s
 14300K .......... .......... .......... .......... .......... 28%  124M 0s
 14350K .......... .......... .......... .......... .......... 28% 87.0M 0s
 14400K .......... .......... .......... .......... .......... 28%  126M 0s
 14450K .......... .......... .......... .......... .......... 29%  115M 0s
 14500K .......... .......... .......... .......... .......... 29%  123M 0s
 14550K .......... .......... .......... .......... .......... 29%  109M 0s
 14600K .......... .......... .......... .......... .......... 29%  112M 0s
 14650K .......... .......... .......... .......... .......... 29%  123M 0s
 14700K .......... .......... .......... .......... .......... 29%  117M 0s
 14750K .......... .......... .......... .......... .......... 29% 93.0M 0s
 14800K .......... .......... .......... .......... .......... 29%  114M 0s
 14850K .......... .......... .......... .......... .......... 29%  113M 0s
 14900K .......... .......... .......... .......... .......... 29%  126M 0s
 14950K .......... .......... .......... .......... .......... 30%  109M 0s
 15000K .......... .......... .......... .......... .......... 30%  112M 0s
 15050K .......... .......... .......... .......... .......... 30%  123M 0s
 15100K .......... .......... .......... .......... .......... 30%  115M 0s
 15150K .......... .......... .......... .......... .......... 30% 91.3M 0s
 15200K .......... .......... .......... .......... .......... 30%  121M 0s
 15250K .......... .......... .......... .......... .......... 30%  120M 0s
 15300K .......... .......... .......... .......... .......... 30%  110M 0s
 15350K .......... .......... .......... .......... .......... 30%  113M 0s
 15400K .......... .......... .......... .......... .......... 30%  119M 0s
 15450K .......... .......... .......... .......... .......... 31%  108M 0s
 15500K .......... .......... .......... .......... .......... 31%  123M 0s
 15550K .......... .......... .......... .......... .......... 31% 93.3M 0s
 15600K .......... .......... .......... .......... .......... 31%  121M 0s
 15650K .......... .......... .......... .......... .......... 31%  109M 0s
 15700K .......... .......... .......... .......... .......... 31%  127M 0s
 15750K .......... .......... .......... .......... .......... 31%  105M 0s
 15800K .......... .......... .......... .......... .......... 31%  117M 0s
 15850K .......... .......... .......... .......... .......... 31%  124M 0s
 15900K .......... .......... .......... .......... .......... 31%  111M 0s
 15950K .......... .......... .......... .......... .......... 32% 96.7M 0s
 16000K .......... .......... .......... .......... .......... 32%  113M 0s
 16050K .......... .......... .......... .......... .......... 32%  114M 0s
 16100K .......... .......... .......... .......... .......... 32%  127M 0s
 16150K .......... .......... .......... .......... .......... 32%  109M 0s
 16200K .......... .......... .......... .......... .......... 32%  109M 0s
 16250K .......... .......... .......... .......... .......... 32%  127M 0s
 16300K .......... .......... .......... .......... .......... 32%  117M 0s
 16350K .......... .......... .......... .......... .......... 32% 90.7M 0s
 16400K .......... .......... .......... .......... .......... 32%  114M 0s
 16450K .......... .......... .......... .......... .......... 33%  127M 0s
 16500K .......... .......... .......... .......... .......... 33%  114M 0s
 16550K .......... .......... .......... .......... .......... 33%  107M 0s
 16600K .......... .......... .......... .......... .......... 33%  124M 0s
 16650K .......... .......... .......... .......... .......... 33%  112M 0s
 16700K .......... .......... .......... .......... .......... 33%  118M 0s
 16750K .......... .......... .......... .......... .......... 33% 93.3M 0s
 16800K .......... .......... .......... .......... .......... 33%  113M 0s
 16850K .......... .......... .......... .......... .......... 33%  127M 0s
 16900K .......... .......... .......... .......... .......... 33%  113M 0s
 16950K .......... .......... .......... .......... .......... 34%  107M 0s
 17000K .......... .......... .......... .......... .......... 34%  121M 0s
 17050K .......... .......... .......... .......... .......... 34%  121M 0s
 17100K .......... .......... .......... .......... .......... 34%  108M 0s
 17150K .......... .......... .......... .......... .......... 34% 94.1M 0s
 17200K .......... .......... .......... .......... .......... 34%  122M 0s
 17250K .......... .......... .......... .......... .......... 34%  119M 0s
 17300K .......... .......... .......... .......... .......... 34%  110M 0s
 17350K .......... .......... .......... .......... .......... 34%  112M 0s
 17400K .......... .......... .......... .......... .......... 34%  121M 0s
 17450K .......... .......... .......... .......... .......... 35%  124M 0s
 17500K .......... .......... .......... .......... .......... 35%  108M 0s
 17550K .......... .......... .......... .......... .......... 35% 93.1M 0s
 17600K .......... .......... .......... .......... .......... 35%  114M 0s
 17650K .......... .......... .......... .......... .......... 35%  126M 0s
 17700K .......... .......... .......... .......... .......... 35%  116M 0s
 17750K .......... .......... .......... .......... .......... 35%  108M 0s
 17800K .......... .......... .......... .......... .......... 35%  112M 0s
 17850K .......... .......... .......... .......... .......... 35%  123M 0s
 17900K .......... .......... .......... .......... .......... 35%  117M 0s
 17950K .......... .......... .......... .......... .......... 36% 93.8M 0s
 18000K .......... .......... .......... .......... .......... 36%  113M 0s
 18050K .......... .......... .......... .......... .......... 36%  112M 0s
 18100K .......... .......... .......... .......... .......... 36%  128M 0s
 18150K .......... .......... .......... .......... .......... 36%  105M 0s
 18200K .......... .......... .......... .......... .......... 36%  128M 0s
 18250K .......... .......... .......... .......... .......... 36%  113M 0s
 18300K .......... .......... .......... .......... .......... 36%  109M 0s
 18350K .......... .......... .......... .......... .......... 36% 94.7M 0s
 18400K .......... .......... .......... .......... .......... 36%  115M 0s
 18450K .......... .......... .......... .......... .......... 37%  129M 0s
 18500K .......... .......... .......... .......... .......... 37%  111M 0s
 18550K .......... .......... .......... .......... .......... 37%  118M 0s
 18600K .......... .......... .......... .......... .......... 37%  112M 0s
 18650K .......... .......... .......... .......... .......... 37%  112M 0s
 18700K .......... .......... .......... .......... .......... 37%  118M 0s
 18750K .......... .......... .......... .......... .......... 37% 91.5M 0s
 18800K .......... .......... .......... .......... .......... 37%  127M 0s
 18850K .......... .......... .......... .......... .......... 37%  113M 0s
 18900K .......... .......... .......... .......... .......... 37%  113M 0s
 18950K .......... .......... .......... .......... .......... 38%  117M 0s
 19000K .......... .......... .......... .......... .......... 38%  114M 0s
 19050K .......... .......... .......... .......... .......... 38%  113M 0s
 19100K .......... .......... .......... .......... .......... 38%  112M 0s
 19150K .......... .......... .......... .......... .......... 38% 96.6M 0s
 19200K .......... .......... .......... .......... .......... 38%  128M 0s
 19250K .......... .......... .......... .......... .......... 38%  112M 0s
 19300K .......... .......... .......... .......... .......... 38%  114M 0s
 19350K .......... .......... .......... .......... .......... 38%  117M 0s
 19400K .......... .......... .......... .......... .......... 38%  112M 0s
 19450K .......... .......... .......... .......... .......... 39%  108M 0s
 19500K .......... .......... .......... .......... .......... 39%  120M 0s
 19550K .......... .......... .......... .......... .......... 39% 95.0M 0s
 19600K .......... .......... .......... .......... .......... 39%  120M 0s
 19650K .......... .......... .......... .......... .......... 39%  123M 0s
 19700K .......... .......... .......... .......... .......... 39%  108M 0s
 19750K .......... .......... .......... .......... .......... 39%  113M 0s
 19800K .......... .......... .......... .......... .......... 39%  112M 0s
 19850K .......... .......... .......... .......... .......... 39%  116M 0s
 19900K .......... .......... .......... .......... .......... 39%  124M 0s
 19950K .......... .......... .......... .......... .......... 40% 93.5M 0s
 20000K .......... .......... .......... .......... .......... 40%  109M 0s
 20050K .......... .......... .......... .......... .......... 40%  129M 0s
 20100K .......... .......... .......... .......... .......... 40%  113M 0s
 20150K .......... .......... .......... .......... .......... 40%  103M 0s
 20200K .......... .......... .......... .......... .......... 40%  135M 0s
 20250K .......... .......... .......... .......... .......... 40%  113M 0s
 20300K .......... .......... .......... .......... .......... 40%  110M 0s
 20350K .......... .......... .......... .......... .......... 40% 94.2M 0s
 20400K .......... .......... .......... .......... .......... 40%  116M 0s
 20450K .......... .......... .......... .......... .......... 41%  127M 0s
 20500K .......... .......... .......... .......... .......... 41%  113M 0s
 20550K .......... .......... .......... .......... .......... 41%  105M 0s
 20600K .......... .......... .......... .......... .......... 41%  129M 0s
 20650K .......... .......... .......... .......... .......... 41%  112M 0s
 20700K .......... .......... .......... .......... .......... 41%  109M 0s
 20750K .......... .......... .......... .......... .......... 41% 96.5M 0s
 20800K .......... .......... .......... .......... .......... 41%  113M 0s
 20850K .......... .......... .......... .......... .......... 41%  128M 0s
 20900K .......... .......... .......... .......... .......... 41%  111M 0s
 20950K .......... .......... .......... .......... .......... 42%  118M 0s
 21000K .......... .......... .......... .......... .......... 42%  115M 0s
 21050K .......... .......... .......... .......... .......... 42%  117M 0s
 21100K .......... .......... .......... .......... .......... 42%  120M 0s
 21150K .......... .......... .......... .......... .......... 42% 87.9M 0s
 21200K .......... .......... .......... .......... .......... 42%  114M 0s
 21250K .......... .......... .......... .......... .......... 42%  131M 0s
 21300K .......... .......... .......... .......... .......... 42%  108M 0s
 21350K .......... .......... .......... .......... .......... 42%  114M 0s
 21400K .......... .......... .......... .......... .......... 42%  112M 0s
 21450K .......... .......... .......... .......... .......... 43%  117M 0s
 21500K .......... .......... .......... .......... .......... 43%  122M 0s
 21550K .......... .......... .......... .......... .......... 43% 93.5M 0s
 21600K .......... .......... .......... .......... .......... 43%  108M 0s
 21650K .......... .......... .......... .......... .......... 43%  119M 0s
 21700K .......... .......... .......... .......... .......... 43%  124M 0s
 21750K .......... .......... .......... .......... .......... 43%  101M 0s
 21800K .......... .......... .......... .......... .......... 43%  131M 0s
 21850K .......... .......... .......... .......... .......... 43%  113M 0s
 21900K .......... .......... .......... .......... .......... 43%  118M 0s
 21950K .......... .......... .......... .......... .......... 44% 93.4M 0s
 22000K .......... .......... .......... .......... .......... 44%  110M 0s
 22050K .......... .......... .......... .......... .......... 44%  115M 0s
 22100K .......... .......... .......... .......... .......... 44%  128M 0s
 22150K .......... .......... .......... .......... .......... 44%  102M 0s
 22200K .......... .......... .......... .......... .......... 44%  119M 0s
 22250K .......... .......... .......... .......... .......... 44%  122M 0s
 22300K .......... .......... .......... .......... .......... 44%  115M 0s
 22350K .......... .......... .......... .......... .......... 44% 94.7M 0s
 22400K .......... .......... .......... .......... .......... 44%  113M 0s
 22450K .......... .......... .......... .......... .......... 45%  124M 0s
 22500K .......... .......... .......... .......... .......... 45%  112M 0s
 22550K .......... .......... .......... .......... .......... 45%  110M 0s
 22600K .......... .......... .......... .......... .......... 45%  128M 0s
 22650K .......... .......... .......... .......... .......... 45%  114M 0s
 22700K .......... .......... .......... .......... .......... 45%  112M 0s
 22750K .......... .......... .......... .......... .......... 45% 93.9M 0s
 22800K .......... .......... .......... .......... .......... 45%  113M 0s
 22850K .......... .......... .......... .......... .......... 45%  125M 0s
 22900K .......... .......... .......... .......... .......... 45%  115M 0s
 22950K .......... .......... .......... .......... .......... 46%  105M 0s
 23000K .......... .......... .......... .......... .......... 46%  127M 0s
 23050K .......... .......... .......... .......... .......... 46%  111M 0s
 23100K .......... .......... .......... .......... .......... 46%  123M 0s
 23150K .......... .......... .......... .......... .......... 46% 92.0M 0s
 23200K .......... .......... .......... .......... .......... 46%  124M 0s
 23250K .......... .......... .......... .......... .......... 46%  109M 0s
 23300K .......... .......... .......... .......... .......... 46%  121M 0s
 23350K .......... .......... .......... .......... .......... 46%  102M 0s
 23400K .......... .......... .......... .......... .......... 46%  122M 0s
 23450K .......... .......... .......... .......... .......... 47%  121M 0s
 23500K .......... .......... .......... .......... .......... 47%  121M 0s
 23550K .......... .......... .......... .......... .......... 47% 93.7M 0s
 23600K .......... .......... .......... .......... .......... 47%  121M 0s
 23650K .......... .......... .......... .......... .......... 47%  113M 0s
 23700K .......... .......... .......... .......... .......... 47%  113M 0s
 23750K .......... .......... .......... .......... .......... 47%  107M 0s
 23800K .......... .......... .......... .......... .......... 47%  125M 0s
 23850K .......... .......... .......... .......... .......... 47%  113M 0s
 23900K .......... .......... .......... .......... .......... 47%  116M 0s
 23950K .......... .......... .......... .......... .......... 48% 93.9M 0s
 24000K .......... .......... .......... .......... .......... 48%  113M 0s
 24050K .......... .......... .......... .......... .......... 48%  126M 0s
 24100K .......... .......... .......... .......... .......... 48%  114M 0s
 24150K .......... .......... .......... .......... .......... 48%  108M 0s
 24200K .......... .......... .......... .......... .......... 48%  123M 0s
 24250K .......... .......... .......... .......... .......... 48%  116M 0s
 24300K .......... .......... .......... .......... .......... 48%  122M 0s
 24350K .......... .......... .......... .......... .......... 48% 86.7M 0s
 24400K .......... .......... .......... .......... .......... 49%  112M 0s
 24450K .......... .......... .......... .......... .......... 49%  127M 0s
 24500K .......... .......... .......... .......... .......... 49%  114M 0s
 24550K .......... .......... .......... .......... .......... 49%  108M 0s
 24600K .......... .......... .......... .......... .......... 49%  124M 0s
 24650K .......... .......... .......... .......... .......... 49%  116M 0s
 24700K .......... .......... .......... .......... .......... 49%  109M 0s
 24750K .......... .......... .......... .......... .......... 49% 96.2M 0s
 24800K .......... .......... .......... .......... .......... 49%  113M 0s
 24850K .......... .......... .......... .......... .......... 49%  129M 0s
 24900K .......... .......... .......... .......... .......... 50%  113M 0s
 24950K .......... .......... .......... .......... .......... 50%  112M 0s
 25000K .......... .......... .......... .......... .......... 50%  110M 0s
 25050K .......... .......... .......... .......... .......... 50%  121M 0s
 25100K .......... .......... .......... .......... .......... 50%  122M 0s
 25150K .......... .......... .......... .......... .......... 50% 93.7M 0s
 25200K .......... .......... .......... .......... .......... 50%  107M 0s
 25250K .......... .......... .......... .......... .......... 50%  123M 0s
 25300K .......... .......... .......... .......... .......... 50%  122M 0s
 25350K .......... .......... .......... .......... .......... 50%  111M 0s
 25400K .......... .......... .......... .......... .......... 51%  109M 0s
 25450K .......... .......... .......... .......... .......... 51%  122M 0s
 25500K .......... .......... .......... .......... .......... 51%  114M 0s
 25550K .......... .......... .......... .......... .......... 51% 93.6M 0s
 25600K .......... .......... .......... .......... .......... 51%  114M 0s
 25650K .......... .......... .......... .......... .......... 51%  128M 0s
 25700K .......... .......... .......... .......... .......... 51%  113M 0s
 25750K .......... .......... .......... .......... .......... 51%  108M 0s
 25800K .......... .......... .......... .......... .......... 51%  128M 0s
 25850K .......... .......... .......... .......... .......... 51%  113M 0s
 25900K .......... .......... .......... .......... .......... 52%  112M 0s
 25950K .......... .......... .......... .......... .......... 52% 94.0M 0s
 26000K .......... .......... .......... .......... .......... 52%  110M 0s
 26050K .......... .......... .......... .......... .......... 52%  132M 0s
 26100K .......... .......... .......... .......... .......... 52%  111M 0s
 26150K .......... .......... .......... .......... .......... 52%  120M 0s
 26200K .......... .......... .......... .......... .......... 52%  109M 0s
 26250K .......... .......... .......... .......... .......... 52%  117M 0s
 26300K .......... .......... .......... .......... .......... 52%  128M 0s
 26350K .......... .......... .......... .......... .......... 52% 84.0M 0s
 26400K .......... .......... .......... .......... .......... 53%  131M 0s
 26450K .......... .......... .......... .......... .......... 53%  111M 0s
 26500K .......... .......... .......... .......... .......... 53%  115M 0s
 26550K .......... .......... .......... .......... .......... 53%  107M 0s
 26600K .......... .......... .......... .......... .......... 53%  121M 0s
 26650K .......... .......... .......... .......... .......... 53%  116M 0s
 26700K .......... .......... .......... .......... .......... 53%  116M 0s
 26750K .......... .......... .......... .......... .......... 53% 96.7M 0s
 26800K .......... .......... .......... .......... .......... 53%  121M 0s
 26850K .......... .......... .......... .......... .......... 53%  110M 0s
 26900K .......... .......... .......... .......... .......... 54%  121M 0s
 26950K .......... .......... .......... .......... .......... 54%  113M 0s
 27000K .......... .......... .......... .......... .......... 54%  108M 0s
 27050K .......... .......... .......... .......... .......... 54%  121M 0s
 27100K .......... .......... .......... .......... .......... 54%  122M 0s
 27150K .......... .......... .......... .......... .......... 54% 92.2M 0s
 27200K .......... .......... .......... .......... .......... 54%  110M 0s
 27250K .......... .......... .......... .......... .......... 54%  122M 0s
 27300K .......... .......... .......... .......... .......... 54%  113M 0s
 27350K .......... .......... .......... .......... .......... 54%  106M 0s
 27400K .......... .......... .......... .......... .......... 55%  130M 0s
 27450K .......... .......... .......... .......... .......... 55%  115M 0s
 27500K .......... .......... .......... .......... .......... 55%  113M 0s
 27550K .......... .......... .......... .......... .......... 55% 93.5M 0s
 27600K .......... .......... .......... .......... .......... 55%  113M 0s
 27650K .......... .......... .......... .......... .......... 55%  125M 0s
 27700K .......... .......... .......... .......... .......... 55%  116M 0s
 27750K .......... .......... .......... .......... .......... 55%  117M 0s
 27800K .......... .......... .......... .......... .......... 55%  117M 0s
 27850K .......... .......... .......... .......... .......... 55%  109M 0s
 27900K .......... .......... .......... .......... .......... 56%  116M 0s
 27950K .......... .......... .......... .......... .......... 56% 92.0M 0s
 28000K .......... .......... .......... .......... .......... 56%  125M 0s
 28050K .......... .......... .......... .......... .......... 56%  115M 0s
 28100K .......... .......... .......... .......... .......... 56%  114M 0s
 28150K .......... .......... .......... .......... .......... 56%  108M 0s
 28200K .......... .......... .......... .......... .......... 56%  127M 0s
 28250K .......... .......... .......... .......... .......... 56%  114M 0s
 28300K .......... .......... .......... .......... .......... 56%  128M 0s
 28350K .......... .......... .......... .......... .......... 56% 85.1M 0s
 28400K .......... .......... .......... .......... .......... 57%  128M 0s
 28450K .......... .......... .......... .......... .......... 57%  113M 0s
 28500K .......... .......... .......... .......... .......... 57%  113M 0s
 28550K .......... .......... .......... .......... .......... 57%  117M 0s
 28600K .......... .......... .......... .......... .......... 57%  109M 0s
 28650K .......... .......... .......... .......... .......... 57%  125M 0s
 28700K .......... .......... .......... .......... .......... 57%  118M 0s
 28750K .......... .......... .......... .......... .......... 57% 93.7M 0s
 28800K .......... .......... .......... .......... .......... 57%  121M 0s
 28850K .......... .......... .......... .......... .......... 57%  109M 0s
 28900K .......... .......... .......... .......... .......... 58%  121M 0s
 28950K .......... .......... .......... .......... .......... 58%  104M 0s
 29000K .......... .......... .......... .......... .......... 58%  119M 0s
 29050K .......... .......... .......... .......... .......... 58%  125M 0s
 29100K .......... .......... .......... .......... .......... 58%  116M 0s
 29150K .......... .......... .......... .......... .......... 58% 86.9M 0s
 29200K .......... .......... .......... .......... .......... 58%  130M 0s
 29250K .......... .......... .......... .......... .......... 58%  113M 0s
 29300K .......... .......... .......... .......... .......... 58%  112M 0s
 29350K .......... .......... .......... .......... .......... 58%  123M 0s
 29400K .......... .......... .......... .......... .......... 59%  110M 0s
 29450K .......... .......... .......... .......... .......... 59%  116M 0s
 29500K .......... .......... .......... .......... .......... 59%  112M 0s
 29550K .......... .......... .......... .......... .......... 59% 92.7M 0s
 29600K .......... .......... .......... .......... .......... 59%  114M 0s
 29650K .......... .......... .......... .......... .......... 59%  128M 0s
 29700K .......... .......... .......... .......... .......... 59%  113M 0s
 29750K .......... .......... .......... .......... .......... 59%  106M 0s
 29800K .......... .......... .......... .......... .......... 59%  128M 0s
 29850K .......... .......... .......... .......... .......... 59%  113M 0s
 29900K .......... .......... .......... .......... .......... 60%  113M 0s
 29950K .......... .......... .......... .......... .......... 60% 92.8M 0s
 30000K .......... .......... .......... .......... .......... 60%  114M 0s
 30050K .......... .......... .......... .......... .......... 60%  126M 0s
 30100K .......... .......... .......... .......... .......... 60%  115M 0s
 30150K .......... .......... .......... .......... .......... 60%  104M 0s
 30200K .......... .......... .......... .......... .......... 60%  134M 0s
 30250K .......... .......... .......... .......... .......... 60%  112M 0s
 30300K .......... .......... .......... .......... .......... 60%  113M 0s
 30350K .......... .......... .......... .......... .......... 60% 94.2M 0s
 30400K .......... .......... .......... .......... .......... 61%  116M 0s
 30450K .......... .......... .......... .......... .......... 61%  122M 0s
 30500K .......... .......... .......... .......... .......... 61%  121M 0s
 30550K .......... .......... .......... .......... .......... 61%  101M 0s
 30600K .......... .......... .......... .......... .......... 61%  127M 0s
 30650K .......... .......... .......... .......... .......... 61%  117M 0s
 30700K .......... .......... .......... .......... .......... 61%  124M 0s
 30750K .......... .......... .......... .......... .......... 61% 85.5M 0s
 30800K .......... .......... .......... .......... .......... 61%  118M 0s
 30850K .......... .......... .......... .......... .......... 61%  123M 0s
 30900K .......... .......... .......... .......... .......... 62%  124M 0s
 30950K .......... .......... .......... .......... .......... 62%  102M 0s
 31000K .......... .......... .......... .......... .......... 62%  124M 0s
 31050K .......... .......... .......... .......... .......... 62%  112M 0s
 31100K .......... .......... .......... .......... .......... 62%  117M 0s
 31150K .......... .......... .......... .......... .......... 62% 93.8M 0s
 31200K .......... .......... .......... .......... .......... 62%  113M 0s
 31250K .......... .......... .......... .......... .......... 62%  127M 0s
 31300K .......... .......... .......... .......... .......... 62%  113M 0s
 31350K .......... .......... .......... .......... .......... 62%  108M 0s
 31400K .......... .......... .......... .......... .......... 63%  128M 0s
 31450K .......... .......... .......... .......... .......... 63%  109M 0s
 31500K .......... .......... .......... .......... .......... 63%  117M 0s
 31550K .......... .......... .......... .......... .......... 63% 93.5M 0s
 31600K .......... .......... .......... .......... .......... 63%  126M 0s
 31650K .......... .......... .......... .......... .......... 63%  112M 0s
 31700K .......... .......... .......... .......... .......... 63%  114M 0s
 31750K .......... .......... .......... .......... .......... 63%  105M 0s
 31800K .......... .......... .......... .......... .......... 63%  133M 0s
 31850K .......... .......... .......... .......... .......... 63%  113M 0s
 31900K .......... .......... .......... .......... .......... 64%  112M 0s
 31950K .......... .......... .......... .......... .......... 64% 94.2M 0s
 32000K .......... .......... .......... .......... .......... 64%  112M 0s
 32050K .......... .......... .......... .......... .......... 64%  128M 0s
 32100K .......... .......... .......... .......... .......... 64%  113M 0s
 32150K .......... .......... .......... .......... .......... 64%  117M 0s
 32200K .......... .......... .......... .......... .......... 64%  114M 0s
 32250K .......... .......... .......... .......... .......... 64%  116M 0s
 32300K .......... .......... .......... .......... .......... 64%  123M 0s
 32350K .......... .......... .......... .......... .......... 64% 85.4M 0s
 32400K .......... .......... .......... .......... .......... 65%  121M 0s
 32450K .......... .......... .......... .......... .......... 65%  122M 0s
 32500K .......... .......... .......... .......... .......... 65%  108M 0s
 32550K .......... .......... .......... .......... .......... 65%  113M 0s
 32600K .......... .......... .......... .......... .......... 65% 84.1M 0s
 32650K .......... .......... .......... .......... .......... 65%  119M 0s
 32700K .......... .......... .......... .......... .......... 65%  130M 0s
 32750K .......... .......... .......... .......... .......... 65%  102M 0s
 32800K .......... .......... .......... .......... .......... 65%  135M 0s
 32850K .......... .......... .......... .......... .......... 65% 99.7M 0s
 32900K .......... .......... .......... .......... .......... 66%  123M 0s
 32950K .......... .......... .......... .......... .......... 66%  120M 0s
 33000K .......... .......... .......... .......... .......... 66%  118M 0s
 33050K .......... .......... .......... .......... .......... 66%  123M 0s
 33100K .......... .......... .......... .......... .......... 66%  110M 0s
 33150K .......... .......... .......... .......... .......... 66% 97.7M 0s
 33200K .......... .......... .......... .......... .......... 66%  111M 0s
 33250K .......... .......... .......... .......... .......... 66%  130M 0s
 33300K .......... .......... .......... .......... .......... 66%  109M 0s
 33350K .......... .......... .......... .......... .......... 66%  111M 0s
 33400K .......... .......... .......... .......... .......... 67%  124M 0s
 33450K .......... .......... .......... .......... .......... 67%  114M 0s
 33500K .......... .......... .......... .......... .......... 67%  115M 0s
 33550K .......... .......... .......... .......... .......... 67% 95.7M 0s
 33600K .......... .......... .......... .......... .......... 67%  114M 0s
 33650K .......... .......... .......... .......... .......... 67%  130M 0s
 33700K .......... .......... .......... .......... .......... 67%  111M 0s
 33750K .......... .......... .......... .......... .......... 67%  104M 0s
 33800K .......... .......... .......... .......... .......... 67%  127M 0s
 33850K .......... .......... .......... .......... .......... 67%  117M 0s
 33900K .......... .......... .......... .......... .......... 68%  111M 0s
 33950K .......... .......... .......... .......... .......... 68% 95.9M 0s
 34000K .......... .......... .......... .......... .......... 68%  114M 0s
 34050K .......... .......... .......... .......... .......... 68%  129M 0s
 34100K .......... .......... .......... .......... .......... 68%  114M 0s
 34150K .......... .......... .......... .......... .......... 68%  101M 0s
 34200K .......... .......... .......... .......... .......... 68%  121M 0s
 34250K .......... .......... .......... .......... .......... 68%  120M 0s
 34300K .......... .......... .......... .......... .......... 68%  124M 0s
 34350K .......... .......... .......... .......... .......... 68% 92.8M 0s
 34400K .......... .......... .......... .......... .......... 69%  109M 0s
 34450K .......... .......... .......... .......... .......... 69%  121M 0s
 34500K .......... .......... .......... .......... .......... 69%  123M 0s
 34550K .......... .......... .......... .......... .......... 69%  105M 0s
 34600K .......... .......... .......... .......... .......... 69%  116M 0s
 34650K .......... .......... .......... .......... .......... 69%  124M 0s
 34700K .......... .......... .......... .......... .......... 69%  112M 0s
 34750K .......... .......... .......... .......... .......... 69% 93.6M 0s
 34800K .......... .......... .......... .......... .......... 69%  113M 0s
 34850K .......... .......... .......... .......... .......... 69%  128M 0s
 34900K .......... .......... .......... .......... .......... 70%  110M 0s
 34950K .......... .......... .......... .......... .......... 70%  111M 0s
 35000K .......... .......... .......... .......... .......... 70%  128M 0s
 35050K .......... .......... .......... .......... .......... 70%  113M 0s
 35100K .......... .......... .......... .......... .......... 70%  113M 0s
 35150K .......... .......... .......... .......... .......... 70% 93.6M 0s
 35200K .......... .......... .......... .......... .......... 70%  113M 0s
 35250K .......... .......... .......... .......... .......... 70%  127M 0s
 35300K .......... .......... .......... .......... .......... 70%  111M 0s
 35350K .......... .......... .......... .......... .......... 70%  108M 0s
 35400K .......... .......... .......... .......... .......... 71%  128M 0s
 35450K .......... .......... .......... .......... .......... 71%  113M 0s
 35500K .......... .......... .......... .......... .......... 71%  113M 0s
 35550K .......... .......... .......... .......... .......... 71% 93.0M 0s
 35600K .......... .......... .......... .......... .......... 71%  129M 0s
 35650K .......... .......... .......... .......... .......... 71%  113M 0s
 35700K .......... .......... .......... .......... .......... 71%  113M 0s
 35750K .......... .......... .......... .......... .......... 71%  108M 0s
 35800K .......... .......... .......... .......... .......... 71%  123M 0s
 35850K .......... .......... .......... .......... .......... 71%  117M 0s
 35900K .......... .......... .......... .......... .......... 72%  110M 0s
 35950K .......... .......... .......... .......... .......... 72%  100M 0s
 36000K .......... .......... .......... .......... .......... 72%  107M 0s
 36050K .......... .......... .......... .......... .......... 72%  121M 0s
 36100K .......... .......... .......... .......... .......... 72%  124M 0s
 36150K .......... .......... .......... .......... .......... 72%  102M 0s
 36200K .......... .......... .......... .......... .......... 72%  121M 0s
 36250K .......... .......... .......... .......... .......... 72%  123M 0s
 36300K .......... .......... .......... .......... .......... 72%  106M 0s
 36350K .......... .......... .......... .......... .......... 72% 94.8M 0s
 36400K .......... .......... .......... .......... .......... 73%  122M 0s
 36450K .......... .......... .......... .......... .......... 73%  121M 0s
 36500K .......... .......... .......... .......... .......... 73%  115M 0s
 36550K .......... .......... .......... .......... .......... 73%  108M 0s
 36600K .......... .......... .......... .......... .......... 73%  113M 0s
 36650K .......... .......... .......... .......... .......... 73%  129M 0s
 36700K .......... .......... .......... .......... .......... 73%  112M 0s
 36750K .......... .......... .......... .......... .......... 73% 93.6M 0s
 36800K .......... .......... .......... .......... .......... 73%  112M 0s
 36850K .......... .......... .......... .......... .......... 73%  114M 0s
 36900K .......... .......... .......... .......... .......... 74%  127M 0s
 36950K .......... .......... .......... .......... .......... 74%  103M 0s
 37000K .......... .......... .......... .......... .......... 74%  121M 0s
 37050K .......... .......... .......... .......... .......... 74%  123M 0s
 37100K .......... .......... .......... .......... .......... 74%  117M 0s
 37150K .......... .......... .......... .......... .......... 74% 91.7M 0s
 37200K .......... .......... .......... .......... .......... 74%  112M 0s
 37250K .......... .......... .......... .......... .......... 74%  129M 0s
 37300K .......... .......... .......... .......... .......... 74%  112M 0s
 37350K .......... .......... .......... .......... .......... 74%  107M 0s
 37400K .......... .......... .......... .......... .......... 75%  129M 0s
 37450K .......... .......... .......... .......... .......... 75%  114M 0s
 37500K .......... .......... .......... .......... .......... 75%  112M 0s
 37550K .......... .......... .......... .......... .......... 75% 93.6M 0s
 37600K .......... .......... .......... .......... .......... 75%  113M 0s
 37650K .......... .......... .......... .......... .......... 75%  128M 0s
 37700K .......... .......... .......... .......... .......... 75%  114M 0s
 37750K .......... .......... .......... .......... .......... 75%  109M 0s
 37800K .......... .......... .......... .......... .......... 75%  118M 0s
 37850K .......... .......... .......... .......... .......... 75%  125M 0s
 37900K .......... .......... .......... .......... .......... 76%  109M 0s
 37950K .......... .......... .......... .......... .......... 76% 91.6M 0s
 38000K .......... .......... .......... .......... .......... 76%  122M 0s
 38050K .......... .......... .......... .......... .......... 76%  118M 0s
 38100K .......... .......... .......... .......... .......... 76%  124M 0s
 38150K .......... .......... .......... .......... .......... 76%  101M 0s
 38200K .......... .......... .......... .......... .......... 76%  123M 0s
 38250K .......... .......... .......... .......... .......... 76%  111M 0s
 38300K .......... .......... .......... .......... .......... 76%  117M 0s
 38350K .......... .......... .......... .......... .......... 76% 96.1M 0s
 38400K .......... .......... .......... .......... .......... 77%  112M 0s
 38450K .......... .......... .......... .......... .......... 77%  114M 0s
 38500K .......... .......... .......... .......... .......... 77%  126M 0s
 38550K .......... .......... .......... .......... .......... 77%  110M 0s
 38600K .......... .......... .......... .......... .......... 77%  109M 0s
 38650K .......... .......... .......... .......... .......... 77%  129M 0s
 38700K .......... .......... .......... .......... .......... 77%  117M 0s
 38750K .......... .......... .......... .......... .......... 77% 92.9M 0s
 38800K .......... .......... .......... .......... .......... 77%  112M 0s
 38850K .......... .......... .......... .......... .......... 77%  114M 0s
 38900K .......... .......... .......... .......... .......... 78%  128M 0s
 38950K .......... .......... .......... .......... .......... 78%  105M 0s
 39000K .......... .......... .......... .......... .......... 78%  124M 0s
 39050K .......... .......... .......... .......... .......... 78%  118M 0s
 39100K .......... .......... .......... .......... .......... 78%  111M 0s
 39150K .......... .......... .......... .......... .......... 78% 94.0M 0s
 39200K .......... .......... .......... .......... .......... 78%  113M 0s
 39250K .......... .......... .......... .......... .......... 78%  128M 0s
 39300K .......... .......... .......... .......... .......... 78%  114M 0s
 39350K .......... .......... .......... .......... .......... 78%  107M 0s
 39400K .......... .......... .......... .......... .......... 79%  128M 0s
 39450K .......... .......... .......... .......... .......... 79%  113M 0s
 39500K .......... .......... .......... .......... .......... 79%  108M 0s
 39550K .......... .......... .......... .......... .......... 79% 93.4M 0s
 39600K .......... .......... .......... .......... .......... 79%  123M 0s
 39650K .......... .......... .......... .......... .......... 79%  122M 0s
 39700K .......... .......... .......... .......... .......... 79%  109M 0s
 39750K .......... .......... .......... .......... .......... 79%  112M 0s
 39800K .......... .......... .......... .......... .......... 79%  123M 0s
 39850K .......... .......... .......... .......... .......... 79%  108M 0s
 39900K .......... .......... .......... .......... .......... 80%  122M 0s
 39950K .......... .......... .......... .......... .......... 80% 93.7M 0s
 40000K .......... .......... .......... .......... .......... 80%  122M 0s
 40050K .......... .......... .......... .......... .......... 80%  120M 0s
 40100K .......... .......... .......... .......... .......... 80%  109M 0s
 40150K .......... .......... .......... .......... .......... 80%  106M 0s
 40200K .......... .......... .......... .......... .......... 80%  131M 0s
 40250K .......... .......... .......... .......... .......... 80%  112M 0s
 40300K .......... .......... .......... .......... .......... 80%  117M 0s
 40350K .......... .......... .......... .......... .......... 80% 92.7M 0s
 40400K .......... .......... .......... .......... .......... 81%  113M 0s
 40450K .......... .......... .......... .......... .......... 81%  130M 0s
 40500K .......... .......... .......... .......... .......... 81%  113M 0s
 40550K .......... .......... .......... .......... .......... 81%  109M 0s
 40600K .......... .......... .......... .......... .......... 81%  128M 0s
 40650K .......... .......... .......... .......... .......... 81%  112M 0s
 40700K .......... .......... .......... .......... .......... 81%  110M 0s
 40750K .......... .......... .......... .......... .......... 81% 95.7M 0s
 40800K .......... .......... .......... .......... .......... 81%  126M 0s
 40850K .......... .......... .......... .......... .......... 81%  113M 0s
 40900K .......... .......... .......... .......... .......... 82%  102M 0s
 40950K .......... .......... .......... .......... .......... 82%  138M 0s
 41000K .......... .......... .......... .......... .......... 82%  113M 0s
 41050K .......... .......... .......... .......... .......... 82%  108M 0s
 41100K .......... .......... .......... .......... .......... 82%  118M 0s
 41150K .......... .......... .......... .......... .......... 82% 92.9M 0s
 41200K .......... .......... .......... .......... .......... 82%  113M 0s
 41250K .......... .......... .......... .......... .......... 82%  128M 0s
 41300K .......... .......... .......... .......... .......... 82%  113M 0s
 41350K .......... .......... .......... .......... .......... 82%  104M 0s
 41400K .......... .......... .......... .......... .......... 83%  128M 0s
 41450K .......... .......... .......... .......... .......... 83%  126M 0s
 41500K .......... .......... .......... .......... .......... 83%  108M 0s
 41550K .......... .......... .......... .......... .......... 83% 91.8M 0s
 41600K .......... .......... .......... .......... .......... 83%  122M 0s
 41650K .......... .......... .......... .......... .......... 83%  120M 0s
 41700K .......... .......... .......... .......... .......... 83%  110M 0s
 41750K .......... .......... .......... .......... .......... 83%  111M 0s
 41800K .......... .......... .......... .......... .......... 83%  122M 0s
 41850K .......... .......... .......... .......... .......... 83%  121M 0s
 41900K .......... .......... .......... .......... .......... 84%  107M 0s
 41950K .......... .......... .......... .......... .......... 84% 95.1M 0s
 42000K .......... .......... .......... .......... .......... 84%  111M 0s
 42050K .......... .......... .......... .......... .......... 84%  128M 0s
 42100K .......... .......... .......... .......... .......... 84%  112M 0s
 42150K .......... .......... .......... .......... .......... 84%  105M 0s
 42200K .......... .......... .......... .......... .......... 84%  129M 0s
 42250K .......... .......... .......... .......... .......... 84%  112M 0s
 42300K .......... .......... .......... .......... .......... 84%  112M 0s
 42350K .......... .......... .......... .......... .......... 84% 97.1M 0s
 42400K .......... .......... .......... .......... .......... 85%  112M 0s
 42450K .......... .......... .......... .......... .......... 85%  128M 0s
 42500K .......... .......... .......... .......... .......... 85%  113M 0s
 42550K .......... .......... .......... .......... .......... 85%  108M 0s
 42600K .......... .......... .......... .......... .......... 85%  122M 0s
 42650K .......... .......... .......... .......... .......... 85%  112M 0s
 42700K .......... .......... .......... .......... .......... 85%  129M 0s
 42750K .......... .......... .......... .......... .......... 85% 85.9M 0s
 42800K .......... .......... .......... .......... .......... 85%  131M 0s
 42850K .......... .......... .......... .......... .......... 85%  112M 0s
 42900K .......... .......... .......... .......... .......... 86%  113M 0s
 42950K .......... .......... .......... .......... .......... 86%  105M 0s
 43000K .......... .......... .......... .......... .......... 86%  130M 0s
 43050K .......... .......... .......... .......... .......... 86%  116M 0s
 43100K .......... .......... .......... .......... .......... 86%  125M 0s
 43150K .......... .......... .......... .......... .......... 86% 86.3M 0s
 43200K .......... .......... .......... .......... .......... 86%  127M 0s
 43250K .......... .......... .......... .......... .......... 86%  117M 0s
 43300K .......... .......... .......... .......... .......... 86%  120M 0s
 43350K .......... .......... .......... .......... .......... 86%  102M 0s
 43400K .......... .......... .......... .......... .......... 87%  121M 0s
 43450K .......... .......... .......... .......... .......... 87%  121M 0s
 43500K .......... .......... .......... .......... .......... 87%  109M 0s
 43550K .......... .......... .......... .......... .......... 87% 94.3M 0s
 43600K .......... .......... .......... .......... .......... 87%  122M 0s
 43650K .......... .......... .......... .......... .......... 87%  121M 0s
 43700K .......... .......... .......... .......... .......... 87%  109M 0s
 43750K .......... .......... .......... .......... .......... 87%  112M 0s
 43800K .......... .......... .......... .......... .......... 87%  119M 0s
 43850K .......... .......... .......... .......... .......... 87%  113M 0s
 43900K .......... .......... .......... .......... .......... 88%  130M 0s
 43950K .......... .......... .......... .......... .......... 88% 86.9M 0s
 44000K .......... .......... .......... .......... .......... 88%  126M 0s
 44050K .......... .......... .......... .......... .......... 88%  113M 0s
 44100K .......... .......... .......... .......... .......... 88%  112M 0s
 44150K .......... .......... .......... .......... .......... 88%  117M 0s
 44200K .......... .......... .......... .......... .......... 88%  114M 0s
 44250K .......... .......... .......... .......... .......... 88%  118M 0s
 44300K .......... .......... .......... .......... .......... 88%  108M 0s
 44350K .......... .......... .......... .......... .......... 88% 96.3M 0s
 44400K .......... .......... .......... .......... .......... 89%  129M 0s
 44450K .......... .......... .......... .......... .......... 89%  110M 0s
 44500K .......... .......... .......... .......... .......... 89%  113M 0s
 44550K .......... .......... .......... .......... .......... 89%  122M 0s
 44600K .......... .......... .......... .......... .......... 89%  113M 0s
 44650K .......... .......... .......... .......... .......... 89%  112M 0s
 44700K .......... .......... .......... .......... .......... 89%  130M 0s
 44750K .......... .......... .......... .......... .......... 89% 85.2M 0s
 44800K .......... .......... .......... .......... .......... 89%  127M 0s
 44850K .......... .......... .......... .......... .......... 89%  114M 0s
 44900K .......... .......... .......... .......... .......... 90%  112M 0s
 44950K .......... .......... .......... .......... .......... 90%  122M 0s
 45000K .......... .......... .......... .......... .......... 90%  113M 0s
 45050K .......... .......... .......... .......... .......... 90%  106M 0s
 45100K .......... .......... .......... .......... .......... 90%  124M 0s
 45150K .......... .......... .......... .......... .......... 90% 91.9M 0s
 45200K .......... .......... .......... .......... .......... 90%  120M 0s
 45250K .......... .......... .......... .......... .......... 90%  122M 0s
 45300K .......... .......... .......... .......... .......... 90%  108M 0s
 45350K .......... .......... .......... .......... .......... 90%  113M 0s
 45400K .......... .......... .......... .......... .......... 91%  121M 0s
 45450K .......... .......... .......... .......... .......... 91%  109M 0s
 45500K .......... .......... .......... .......... .......... 91%  119M 0s
 45550K .......... .......... .......... .......... .......... 91% 94.3M 0s
 45600K .......... .......... .......... .......... .......... 91%  123M 0s
 45650K .......... .......... .......... .......... .......... 91%  120M 0s
 45700K .......... .......... .......... .......... .......... 91%  108M 0s
 45750K .......... .......... .......... .......... .......... 91%  119M 0s
 45800K .......... .......... .......... .......... .......... 91%  112M 0s
 45850K .......... .......... .......... .......... .......... 91%  114M 0s
 45900K .......... .......... .......... .......... .......... 92%  114M 0s
 45950K .......... .......... .......... .......... .......... 92% 95.9M 0s
 46000K .......... .......... .......... .......... .......... 92%  113M 0s
 46050K .......... .......... .......... .......... .......... 92%  129M 0s
 46100K .......... .......... .......... .......... .......... 92%  112M 0s
 46150K .......... .......... .......... .......... .......... 92%  104M 0s
 46200K .......... .......... .......... .......... .......... 92%  127M 0s
 46250K .......... .......... .......... .......... .......... 92%  114M 0s
 46300K .......... .......... .......... .......... .......... 92%  109M 0s
 46350K .......... .......... .......... .......... .......... 92% 97.1M 0s
 46400K .......... .......... .......... .......... .......... 93%  131M 0s
 46450K .......... .......... .......... .......... .......... 93%  112M 0s
 46500K .......... .......... .......... .......... .......... 93%  114M 0s
 46550K .......... .......... .......... .......... .......... 93%  108M 0s
 46600K .......... .......... .......... .......... .......... 93%  129M 0s
 46650K .......... .......... .......... .......... .......... 93%  112M 0s
 46700K .......... .......... .......... .......... .......... 93%  129M 0s
 46750K .......... .......... .......... .......... .......... 93% 85.2M 0s
 46800K .......... .......... .......... .......... .......... 93%  111M 0s
 46850K .......... .......... .......... .......... .......... 93%  127M 0s
 46900K .......... .......... .......... .......... .......... 94%  113M 0s
 46950K .......... .......... .......... .......... .......... 94%  124M 0s
 47000K .......... .......... .......... .......... .......... 94%  114M 0s
 47050K .......... .......... .......... .......... .......... 94%  119M 0s
 47100K .......... .......... .......... .......... .......... 94%  111M 0s
 47150K .......... .......... .......... .......... .......... 94% 90.6M 0s
 47200K .......... .......... .......... .......... .......... 94%  123M 0s
 47250K .......... .......... .......... .......... .......... 94%  122M 0s
 47300K .......... .......... .......... .......... .......... 94%  108M 0s
 47350K .......... .......... .......... .......... .......... 94%  112M 0s
 47400K .......... .......... .......... .......... .......... 95%  128M 0s
 47450K .......... .......... .......... .......... .......... 95%  106M 0s
 47500K .......... .......... .......... .......... .......... 95%  121M 0s
 47550K .......... .......... .......... .......... .......... 95% 96.7M 0s
 47600K .......... .......... .......... .......... .......... 95%  117M 0s
 47650K .......... .......... .......... .......... .......... 95%  113M 0s
 47700K .......... .......... .......... .......... .......... 95%  114M 0s
 47750K .......... .......... .......... .......... .......... 95%  118M 0s
 47800K .......... .......... .......... .......... .......... 95%  116M 0s
 47850K .......... .......... .......... .......... .......... 95%  109M 0s
 47900K .......... .......... .......... .......... .......... 96%  113M 0s
 47950K .......... .......... .......... .......... .......... 96% 95.6M 0s
 48000K .......... .......... .......... .......... .......... 96%  127M 0s
 48050K .......... .......... .......... .......... .......... 96%  114M 0s
 48100K .......... .......... .......... .......... .......... 96%  111M 0s
 48150K .......... .......... .......... .......... .......... 96%  124M 0s
 48200K .......... .......... .......... .......... .......... 96%  106M 0s
 48250K .......... .......... .......... .......... .......... 96%  117M 0s
 48300K .......... .......... .......... .......... .......... 96%  124M 0s
 48350K .......... .......... .......... .......... .......... 97% 93.4M 0s
 48400K .......... .......... .......... .......... .......... 97%  116M 0s
 48450K .......... .......... .......... .......... .......... 97%  113M 0s
 48500K .......... .......... .......... .......... .......... 97%  112M 0s
 48550K .......... .......... .......... .......... .......... 97%  123M 0s
 48600K .......... .......... .......... .......... .......... 97%  109M 0s
 48650K .......... .......... .......... .......... .......... 97%  117M 0s
 48700K .......... .......... .......... .......... .......... 97%  128M 0s
 48750K .......... .......... .......... .......... .......... 97% 84.9M 0s
 48800K .......... .......... .......... .......... .......... 97%  125M 0s
 48850K .......... .......... .......... .......... .......... 98%  121M 0s
 48900K .......... .......... .......... .......... .......... 98%  109M 0s
 48950K .......... .......... .......... .......... .......... 98%  114M 0s
 49000K .......... .......... .......... .......... .......... 98%  121M 0s
 49050K .......... .......... .......... .......... .......... 98%  109M 0s
 49100K .......... .......... .......... .......... .......... 98%  122M 0s
 49150K .......... .......... .......... .......... .......... 98% 92.8M 0s
 49200K .......... .......... .......... .......... .......... 98%  121M 0s
 49250K .......... .......... .......... .......... .......... 98%  109M 0s
 49300K .......... .......... .......... .......... .......... 98%  121M 0s
 49350K .......... .......... .......... .......... .......... 99%  113M 0s
 49400K .......... .......... .......... .......... .......... 99%  119M 0s
 49450K .......... .......... .......... .......... .......... 99%  113M 0s
 49500K .......... .......... .......... .......... .......... 99%  112M 0s
 49550K .......... .......... .......... .......... .......... 99% 93.5M 0s
 49600K .......... .......... .......... .......... .......... 99%  129M 0s
 49650K .......... .......... .......... .......... .......... 99%  113M 0s
 49700K .......... .......... .......... .......... .......... 99%  112M 0s
 49750K .......... .......... .......... .......... .......... 99%  119M 0s
 49800K .......... .......... .......... .......... .......... 99%  113M 0s
 49850K .......... .......... .......... .......... ......    100%  124M=0.5s

2021-03-12 15:00:11 (108 MB/s) - `miniconda.sh' saved [51093759/51093759]


travis_time:end:0aa1b0a3:start=1615561211381296560,finish=1615561211969652010,duration=588355450[0Ktravis_fold:end:before_install.1[0Ktravis_fold:start:before_install.2[0Ktravis_time:start:19ff9100[0K$ chmod +x miniconda.sh

travis_time:end:19ff9100:start=1615561211979473307,finish=1615561211988871379,duration=9398072[0Ktravis_fold:end:before_install.2[0Ktravis_fold:start:before_install.3[0Ktravis_time:start:097cb916[0K$ ./miniconda.sh -b
PREFIX=/home/travis/miniconda2
Unpacking payload ...
  0%|          | 0/37 [00:00<?, ?it/s]Extracting : python-2.7.18-h15b4118_1.conda:   0%|          | 0/37 [00:00<?, ?it/s]Extracting : python-2.7.18-h15b4118_1.conda:   3%|▎         | 1/37 [00:00<00:27,  1.29it/s]Extracting : _libgcc_mutex-0.1-main.conda:   3%|▎         | 1/37 [00:00<00:27,  1.29it/s]  Extracting : ca-certificates-2020.1.1-0.conda:   5%|▌         | 2/37 [00:00<00:27,  1.29it/s]Extracting : libstdcxx-ng-9.1.0-hdf63c60_0.conda:   8%|▊         | 3/37 [00:00<00:26,  1.29it/s]Extracting : libgcc-ng-9.1.0-hdf63c60_0.conda:  11%|█         | 4/37 [00:00<00:25,  1.29it/s]   Extracting : libffi-3.3-he6710b0_1.conda:  14%|█▎        | 5/37 [00:00<00:24,  1.29it/s]     Extracting : ncurses-6.2-he6710b0_1.conda:  16%|█▌        | 6/37 [00:00<00:24,  1.29it/s]Extracting : openssl-1.1.1g-h7b6447c_0.conda:  19%|█▉        | 7/37 [00:00<00:23,  1.29it/s]Extracting : yaml-0.1.7-had09818_2.conda:  22%|██▏       | 8/37 [00:00<00:22,  1.29it/s]    Extracting : zlib-1.2.11-h7b6447c_3.conda:  24%|██▍       | 9/37 [00:00<00:21,  1.29it/s]Extracting : libedit-3.1.20181209-hc058e9b_0.conda:  27%|██▋       | 10/37 [00:00<00:20,  1.29it/s]Extracting : readline-8.0-h7b6447c_0.conda:  30%|██▉       | 11/37 [00:00<00:20,  1.29it/s]        Extracting : tk-8.6.8-hbc83047_0.conda:  32%|███▏      | 12/37 [00:00<00:19,  1.29it/s]    Extracting : sqlite-3.31.1-h62c20be_1.conda:  35%|███▌      | 13/37 [00:00<00:18,  1.29it/s]Extracting : asn1crypto-1.3.0-py27_0.conda:  38%|███▊      | 14/37 [00:00<00:17,  1.29it/s] Extracting : certifi-2019.11.28-py27_0.conda:  41%|████      | 15/37 [00:00<00:17,  1.29it/s]Extracting : chardet-3.0.4-py27_1003.conda:  43%|████▎     | 16/37 [00:00<00:16,  1.29it/s]  Extracting : enum34-1.1.6-py27_1.conda:  46%|████▌     | 17/37 [00:00<00:15,  1.29it/s]    Extracting : futures-3.3.0-py27_0.conda:  49%|████▊     | 18/37 [00:00<00:14,  1.29it/s]Extracting : idna-2.8-py27_0.conda:  51%|█████▏    | 19/37 [00:00<00:13,  1.29it/s]     Extracting : ipaddress-1.0.23-py_0.conda:  54%|█████▍    | 20/37 [00:00<00:13,  1.29it/s]Extracting : pycosat-0.6.3-py27h7b6447c_0.conda:  57%|█████▋    | 21/37 [00:00<00:12,  1.29it/s]Extracting : pycparser-2.20-py_0.conda:  59%|█████▉    | 22/37 [00:00<00:11,  1.29it/s]         Extracting : pysocks-1.7.1-py27_0.conda:  62%|██████▏   | 23/37 [00:00<00:10,  1.29it/s]Extracting : ruamel_yaml-0.15.87-py27h7b6447c_0.conda:  65%|██████▍   | 24/37 [00:00<00:10,  1.29it/s]Extracting : six-1.13.0-py27_0.conda:  68%|██████▊   | 25/37 [00:00<00:09,  1.29it/s]                 Extracting : tqdm-4.46.0-py_0.conda:  70%|███████   | 26/37 [00:00<00:08,  1.29it/s] Extracting : cffi-1.14.0-py27he30daa8_1.conda:  73%|███████▎  | 27/37 [00:00<00:07,  1.29it/s]Extracting : conda-package-handling-1.6.0-py27h7b6447c_0.conda:  76%|███████▌  | 28/37 [00:00<00:06,  1.29it/s]Extracting : setuptools-44.0.0-py27_0.conda:  78%|███████▊  | 29/37 [00:00<00:06,  1.29it/s]                   Extracting : cryptography-2.8-py27h1ba5d50_0.conda:  81%|████████  | 30/37 [00:00<00:05,  1.29it/s]Extracting : wheel-0.33.6-py27_0.conda:  84%|████████▍ | 31/37 [00:00<00:04,  1.29it/s]            Extracting : pip-19.3.1-py27_0.conda:  86%|████████▋ | 32/37 [00:00<00:03,  1.29it/s]  Extracting : pyopenssl-19.1.0-py27_0.conda:  89%|████████▉ | 33/37 [00:00<00:03,  1.29it/s]Extracting : urllib3-1.25.7-py27_0.conda:  92%|█████████▏| 34/37 [00:00<00:02,  1.29it/s]  Extracting : requests-2.22.0-py27_1.conda:  95%|█████████▍| 35/37 [00:00<00:01,  1.29it/s]Extracting : conda-4.8.3-py27_0.tar.bz2:  97%|█████████▋| 36/37 [00:00<00:00,  1.29it/s]                                                                                          Collecting package metadata (current_repodata.json): ...working... done
Solving environment: ...working... done

## Package Plan ##

  environment location: /home/travis/miniconda2

  added / updated specs:
    - _libgcc_mutex==0.1=main
    - asn1crypto==1.3.0=py27_0
    - ca-certificates==2020.1.1=0
    - certifi==2019.11.28=py27_0
    - cffi==1.14.0=py27he30daa8_1
    - chardet==3.0.4=py27_1003
    - conda-package-handling==1.6.0=py27h7b6447c_0
    - conda==4.8.3=py27_0
    - cryptography==2.8=py27h1ba5d50_0
    - enum34==1.1.6=py27_1
    - futures==3.3.0=py27_0
    - idna==2.8=py27_0
    - ipaddress==1.0.23=py_0
    - libedit==3.1.20181209=hc058e9b_0
    - libffi==3.3=he6710b0_1
    - libgcc-ng==9.1.0=hdf63c60_0
    - libstdcxx-ng==9.1.0=hdf63c60_0
    - ncurses==6.2=he6710b0_1
    - openssl==1.1.1g=h7b6447c_0
    - pip==19.3.1=py27_0
    - pycosat==0.6.3=py27h7b6447c_0
    - pycparser==2.20=py_0
    - pyopenssl==19.1.0=py27_0
    - pysocks==1.7.1=py27_0
    - python==2.7.18=h15b4118_1
    - readline==8.0=h7b6447c_0
    - requests==2.22.0=py27_1
    - ruamel_yaml==0.15.87=py27h7b6447c_0
    - setuptools==44.0.0=py27_0
    - six==1.13.0=py27_0
    - sqlite==3.31.1=h62c20be_1
    - tk==8.6.8=hbc83047_0
    - tqdm==4.46.0=py_0
    - urllib3==1.25.7=py27_0
    - wheel==0.33.6=py27_0
    - yaml==0.1.7=had09818_2
    - zlib==1.2.11=h7b6447c_3


The following NEW packages will be INSTALLED:

  _libgcc_mutex      pkgs/main/linux-64::_libgcc_mutex-0.1-main
  asn1crypto         pkgs/main/linux-64::asn1crypto-1.3.0-py27_0
  ca-certificates    pkgs/main/linux-64::ca-certificates-2020.1.1-0
  certifi            pkgs/main/linux-64::certifi-2019.11.28-py27_0
  cffi               pkgs/main/linux-64::cffi-1.14.0-py27he30daa8_1
  chardet            pkgs/main/linux-64::chardet-3.0.4-py27_1003
  conda              pkgs/main/linux-64::conda-4.8.3-py27_0
  conda-package-han~ pkgs/main/linux-64::conda-package-handling-1.6.0-py27h7b6447c_0
  cryptography       pkgs/main/linux-64::cryptography-2.8-py27h1ba5d50_0
  enum34             pkgs/main/linux-64::enum34-1.1.6-py27_1
  futures            pkgs/main/linux-64::futures-3.3.0-py27_0
  idna               pkgs/main/linux-64::idna-2.8-py27_0
  ipaddress          pkgs/main/noarch::ipaddress-1.0.23-py_0
  libedit            pkgs/main/linux-64::libedit-3.1.20181209-hc058e9b_0
  libffi             pkgs/main/linux-64::libffi-3.3-he6710b0_1
  libgcc-ng          pkgs/main/linux-64::libgcc-ng-9.1.0-hdf63c60_0
  libstdcxx-ng       pkgs/main/linux-64::libstdcxx-ng-9.1.0-hdf63c60_0
  ncurses            pkgs/main/linux-64::ncurses-6.2-he6710b0_1
  openssl            pkgs/main/linux-64::openssl-1.1.1g-h7b6447c_0
  pip                pkgs/main/linux-64::pip-19.3.1-py27_0
  pycosat            pkgs/main/linux-64::pycosat-0.6.3-py27h7b6447c_0
  pycparser          pkgs/main/noarch::pycparser-2.20-py_0
  pyopenssl          pkgs/main/linux-64::pyopenssl-19.1.0-py27_0
  pysocks            pkgs/main/linux-64::pysocks-1.7.1-py27_0
  python             pkgs/main/linux-64::python-2.7.18-h15b4118_1
  readline           pkgs/main/linux-64::readline-8.0-h7b6447c_0
  requests           pkgs/main/linux-64::requests-2.22.0-py27_1
  ruamel_yaml        pkgs/main/linux-64::ruamel_yaml-0.15.87-py27h7b6447c_0
  setuptools         pkgs/main/linux-64::setuptools-44.0.0-py27_0
  six                pkgs/main/linux-64::six-1.13.0-py27_0
  sqlite             pkgs/main/linux-64::sqlite-3.31.1-h62c20be_1
  tk                 pkgs/main/linux-64::tk-8.6.8-hbc83047_0
  tqdm               pkgs/main/noarch::tqdm-4.46.0-py_0
  urllib3            pkgs/main/linux-64::urllib3-1.25.7-py27_0
  wheel              pkgs/main/linux-64::wheel-0.33.6-py27_0
  yaml               pkgs/main/linux-64::yaml-0.1.7-had09818_2
  zlib               pkgs/main/linux-64::zlib-1.2.11-h7b6447c_3


Preparing transaction: ...working... done
Executing transaction: ...working... done
installation finished.

travis_time:end:097cb916:start=1615561211998284232,finish=1615561223808538262,duration=11810254030[0Ktravis_fold:end:before_install.3[0Ktravis_fold:start:before_install.4[0Ktravis_time:start:00d9e888[0K$ export PATH=/home/travis/miniconda2/bin:$PATH

travis_time:end:00d9e888:start=1615561223819249649,finish=1615561223828180083,duration=8930434[0Ktravis_fold:end:before_install.4[0Ktravis_fold:start:before_install.5[0Ktravis_time:start:0d6b4c02[0K$ conda update --yes --quiet conda
Collecting package metadata (current_repodata.json): ...working... done
Solving environment: ...working... done

## Package Plan ##

  environment location: /home/travis/miniconda2

  added / updated specs:
    - conda


The following packages will be downloaded:

    package                    |            build
    ---------------------------|-----------------
    asn1crypto-1.4.0           |             py_0          80 KB
    ca-certificates-2021.1.19  |       h06a4308_1         118 KB
    certifi-2020.6.20          |     pyhd3eb1b0_3         155 KB
    idna-2.10                  |     pyhd3eb1b0_0          52 KB
    libedit-3.1.20191231       |       h14c3975_1         116 KB
    libffi-3.3                 |       he6710b0_2          50 KB
    openssl-1.1.1j             |       h27cfd23_0         2.5 MB
    pycparser-2.20             |             py_2          94 KB
    pyopenssl-20.0.1           |     pyhd3eb1b0_1          49 KB
    readline-8.1               |       h27cfd23_0         362 KB
    requests-2.25.1            |     pyhd3eb1b0_0          52 KB
    six-1.15.0                 |     pyhd3eb1b0_0          13 KB
    sqlite-3.33.0              |       h62c20be_0         1.1 MB
    tk-8.6.10                  |       hbc83047_0         3.0 MB
    tqdm-4.56.0                |     pyhd3eb1b0_0          80 KB
    wheel-0.36.2               |     pyhd3eb1b0_0          33 KB
    ------------------------------------------------------------
                                           Total:         7.8 MB

The following packages will be UPDATED:

  asn1crypto         pkgs/main/linux-64::asn1crypto-1.3.0-~ --> pkgs/main/noarch::asn1crypto-1.4.0-py_0
  ca-certificates                                2020.1.1-0 --> 2021.1.19-h06a4308_1
  certifi            pkgs/main/linux-64::certifi-2019.11.2~ --> pkgs/main/noarch::certifi-2020.6.20-pyhd3eb1b0_3
  idna                  pkgs/main/linux-64::idna-2.8-py27_0 --> pkgs/main/noarch::idna-2.10-pyhd3eb1b0_0
  libedit                           3.1.20181209-hc058e9b_0 --> 3.1.20191231-h14c3975_1
  libffi                                     3.3-he6710b0_1 --> 3.3-he6710b0_2
  openssl                                 1.1.1g-h7b6447c_0 --> 1.1.1j-h27cfd23_0
  pycparser                                       2.20-py_0 --> 2.20-py_2
  pyopenssl          pkgs/main/linux-64::pyopenssl-19.1.0-~ --> pkgs/main/noarch::pyopenssl-20.0.1-pyhd3eb1b0_1
  readline                                   8.0-h7b6447c_0 --> 8.1-h27cfd23_0
  requests           pkgs/main/linux-64::requests-2.22.0-p~ --> pkgs/main/noarch::requests-2.25.1-pyhd3eb1b0_0
  six                 pkgs/main/linux-64::six-1.13.0-py27_0 --> pkgs/main/noarch::six-1.15.0-pyhd3eb1b0_0
  sqlite                                  3.31.1-h62c20be_1 --> 3.33.0-h62c20be_0
  tk                                       8.6.8-hbc83047_0 --> 8.6.10-hbc83047_0
  tqdm                                          4.46.0-py_0 --> 4.56.0-pyhd3eb1b0_0
  wheel              pkgs/main/linux-64::wheel-0.33.6-py27~ --> pkgs/main/noarch::wheel-0.36.2-pyhd3eb1b0_0


Preparing transaction: ...working... done
Verifying transaction: ...working... done
Executing transaction: ...working... done

travis_time:end:0d6b4c02:start=1615561223837828558,finish=1615561239004110985,duration=15166282427[0Ktravis_fold:end:before_install.5[0Ktravis_fold:start:before_install.6[0Ktravis_time:start:0a9c56cf[0K$ export DISPLAY=:99.0

travis_time:end:0a9c56cf:start=1615561239012319854,finish=1615561239020360098,duration=8040244[0Ktravis_fold:end:before_install.6[0Ktravis_fold:start:before_install.7[0Ktravis_time:start:2cc50388[0K$ sh -e /etc/init.d/xvfb start
Starting virtual X frame buffer: Xvfb.

travis_time:end:2cc50388:start=1615561239031476191,finish=1615561239044376993,duration=12900802[0Ktravis_fold:end:before_install.7[0Ktravis_fold:start:install.1[0Ktravis_time:start:0a787b02[0K$ conda create --yes --quiet -n pychron-test python=2.7
Collecting package metadata (current_repodata.json): ...working... done
Solving environment: ...working... failed with repodata from current_repodata.json, will retry with next repodata source.
Collecting package metadata (repodata.json): ...working... done
Solving environment: ...working... done

## Package Plan ##

  environment location: /home/travis/miniconda2/envs/pychron-test

  added / updated specs:
    - python=2.7


The following NEW packages will be INSTALLED:

  _libgcc_mutex      pkgs/main/linux-64::_libgcc_mutex-0.1-main
  ca-certificates    pkgs/main/linux-64::ca-certificates-2021.1.19-h06a4308_1
  certifi            pkgs/main/noarch::certifi-2020.6.20-pyhd3eb1b0_3
  libedit            pkgs/main/linux-64::libedit-3.1.20191231-h14c3975_1
  libffi             pkgs/main/linux-64::libffi-3.3-he6710b0_2
  libgcc-ng          pkgs/main/linux-64::libgcc-ng-9.1.0-hdf63c60_0
  libstdcxx-ng       pkgs/main/linux-64::libstdcxx-ng-9.1.0-hdf63c60_0
  ncurses            pkgs/main/linux-64::ncurses-6.2-he6710b0_1
  pip                pkgs/main/linux-64::pip-19.3.1-py27_0
  python             pkgs/main/linux-64::python-2.7.18-h15b4118_1
  readline           pkgs/main/linux-64::readline-8.1-h27cfd23_0
  setuptools         pkgs/main/linux-64::setuptools-44.0.0-py27_0
  sqlite             pkgs/main/linux-64::sqlite-3.33.0-h62c20be_0
  tk                 pkgs/main/linux-64::tk-8.6.10-hbc83047_0
  wheel              pkgs/main/noarch::wheel-0.36.2-pyhd3eb1b0_0
  zlib               pkgs/main/linux-64::zlib-1.2.11-h7b6447c_3


Preparing transaction: ...working... done
Verifying transaction: ...working... done
Executing transaction: ...working... done

travis_time:end:0a787b02:start=1615561239055744929,finish=1615561261513005935,duration=22457261006[0Ktravis_fold:end:install.1[0Ktravis_fold:start:install.2[0Ktravis_time:start:108a5b64[0K$ source activate pychron-test

travis_time:end:108a5b64:start=1615561261524184654,finish=1615561261662122301,duration=137937647[0Ktravis_fold:end:install.2[0Ktravis_fold:start:install.3[0Ktravis_time:start:18aa7968[0K$ conda install --yes qt=4.8.5 pyside statsmodels PyYAML traits pyface traitsui enable chaco xlrd xlwt lxml sqlalchemy apptools
Collecting package metadata (current_repodata.json): ...working... done
Solving environment: ...working... failed with initial frozen solve. Retrying with flexible solve.
Collecting package metadata (repodata.json): ...working... done
Solving environment: ...working... failed with initial frozen solve. Retrying with flexible solve.

PackagesNotFoundError: The following packages are not available from current channels:

  - chaco
  - qt=4.8.5
  - enable
  - pyside

Current channels:

  - https://repo.anaconda.com/pkgs/main/linux-64
  - https://repo.anaconda.com/pkgs/main/noarch
  - https://repo.anaconda.com/pkgs/r/linux-64
  - https://repo.anaconda.com/pkgs/r/noarch

To search for alternate channels that may provide the conda package you're
looking for, navigate to

    https://anaconda.org

and use the search bar at the top of the page.



travis_time:end:18aa7968:start=1615561261673016238,finish=1615561269138254133,duration=7465237895[0K
[31;1mThe command "conda install --yes qt=4.8.5 pyside statsmodels PyYAML traits pyface traitsui enable chaco xlrd xlwt lxml sqlalchemy apptools" failed and exited with 1 during .[0m

Your build has been stopped.
