travis_fold:start:system_info[0K[33;1mBuild system information[0m
Build language: python
Build group: stable
Build dist: trusty
Build id: ''
Job id: ''
[34m[1mBuild image provisioning date and time[0m
Tue Dec  5 20:11:19 UTC 2017
[34m[1mOperating System Details[0m
Distributor ID:	Ubuntu
Description:	Ubuntu 14.04.5 LTS
Release:	14.04
Codename:	trusty
[34m[1mCookbooks Version[0m
7c2c6a6 https://github.com/travis-ci/travis-cookbooks/tree/7c2c6a6
[34m[1mgit version[0m
git version 2.15.1
[34m[1mbash version[0m
GNU bash, version 4.3.11(1)-release (x86_64-pc-linux-gnu)
[34m[1mgcc version[0m
gcc (Ubuntu 4.8.4-2ubuntu1~14.04.3) 4.8.4
Copyright (C) 2013 Free Software Foundation, Inc.
This is free software; see the source for copying conditions.  There is NO
warranty; not even for MERCHANTABILITY or FITNESS FOR A PARTICULAR PURPOSE.

[34m[1mdocker version[0m
Client:
 Version:      17.09.0-ce
 API version:  1.32
 Go version:   go1.8.3
 Git commit:   afdb6d4
 Built:        Tue Sep 26 22:39:28 2017
 OS/Arch:      linux/amd64
[34m[1mclang version[0m
clang version 5.0.0 (tags/RELEASE_500/final)
Target: x86_64-unknown-linux-gnu
Thread model: posix
InstalledDir: /usr/local/clang-5.0.0/bin
[34m[1mjq version[0m
jq-1.5
[34m[1mbats version[0m
Bats 0.4.0
[34m[1mshellcheck version[0m
0.4.6
[34m[1mshfmt version[0m
v2.0.0
[34m[1mccache version[0m
ccache version 3.1.9

Copyright (C) 2002-2007 Andrew Tridgell
Copyright (C) 2009-2011 Joel Rosdahl

This program is free software; you can redistribute it and/or modify it under
the terms of the GNU General Public License as published by the Free Software
Foundation; either version 3 of the License, or (at your option) any later
version.
[34m[1mcmake version[0m
cmake version 3.9.2

CMake suite maintained and supported by Kitware (kitware.com/cmake).
[34m[1mheroku version[0m
heroku-cli/6.14.39-addc925 (linux-x64) node-v9.2.0
[34m[1mimagemagick version[0m
Version: ImageMagick 6.7.7-10 2017-07-31 Q16 http://www.imagemagick.org
[34m[1mmd5deep version[0m
4.2
[34m[1mmercurial version[0m
Mercurial Distributed SCM (version 4.2.2)
(see https://mercurial-scm.org for more information)

Copyright (C) 2005-2017 Matt Mackall and others
This is free software; see the source for copying conditions. There is NO
warranty; not even for MERCHANTABILITY or FITNESS FOR A PARTICULAR PURPOSE.
[34m[1mmysql version[0m
mysql  Ver 14.14 Distrib 5.6.33, for debian-linux-gnu (x86_64) using  EditLine wrapper
[34m[1mopenssl version[0m
OpenSSL 1.0.1f 6 Jan 2014
[34m[1mpacker version[0m
Packer v1.0.2

Your version of Packer is out of date! The latest version
is 1.1.2. You can update by downloading from www.packer.io
[34m[1mpostgresql client version[0m
psql (PostgreSQL) 9.6.6
[34m[1mragel version[0m
Ragel State Machine Compiler version 6.8 Feb 2013
Copyright (c) 2001-2009 by Adrian Thurston
[34m[1msubversion version[0m
svn, version 1.8.8 (r1568071)
   compiled Aug 10 2017, 17:20:39 on x86_64-pc-linux-gnu

Copyright (C) 2013 The Apache Software Foundation.
This software consists of contributions made by many people;
see the NOTICE file for more information.
Subversion is open source software, see http://subversion.apache.org/

The following repository access (RA) modules are available:

* ra_svn : Module for accessing a repository using the svn network protocol.
  - with Cyrus SASL authentication
  - handles 'svn' scheme
* ra_local : Module for accessing a repository on local disk.
  - handles 'file' scheme
* ra_serf : Module for accessing a repository via WebDAV protocol using serf.
  - using serf 1.3.3
  - handles 'http' scheme
  - handles 'https' scheme

[34m[1msudo version[0m
Sudo version 1.8.9p5
Configure options: --prefix=/usr -v --with-all-insults --with-pam --with-fqdn --with-logging=syslog --with-logfac=authpriv --with-env-editor --with-editor=/usr/bin/editor --with-timeout=15 --with-password-timeout=0 --with-passprompt=[sudo] password for %p:  --without-lecture --with-tty-tickets --disable-root-mailer --enable-admin-flag --with-sendmail=/usr/sbin/sendmail --with-timedir=/var/lib/sudo --mandir=/usr/share/man --libexecdir=/usr/lib/sudo --with-sssd --with-sssd-lib=/usr/lib/x86_64-linux-gnu --with-selinux
Sudoers policy plugin version 1.8.9p5
Sudoers file grammar version 43

Sudoers path: /etc/sudoers
Authentication methods: 'pam'
Syslog facility if syslog is being used for logging: authpriv
Syslog priority to use when user authenticates successfully: notice
Syslog priority to use when user authenticates unsuccessfully: alert
Send mail if the user is not in sudoers
Use a separate timestamp for each user/tty combo
Lecture user the first time they run sudo
Root may run sudo
Allow some information gathering to give useful error messages
Require fully-qualified hostnames in the sudoers file
Visudo will honor the EDITOR environment variable
Set the LOGNAME and USER environment variables
Length at which to wrap log file lines (0 for no wrap): 80
Authentication timestamp timeout: 15.0 minutes
Password prompt timeout: 0.0 minutes
Number of tries to enter a password: 3
Umask to use or 0777 to use user's: 022
Path to mail program: /usr/sbin/sendmail
Flags for mail program: -t
Address to send mail to: root
Subject line for mail messages: *** SECURITY information for %h ***
Incorrect password message: Sorry, try again.
Path to authentication timestamp dir: /var/lib/sudo
Default password prompt: [sudo] password for %p: 
Default user to run commands as: root
Value to override user's $PATH with: /usr/local/sbin:/usr/local/bin:/usr/sbin:/usr/bin:/sbin:/bin:/snap/bin
Path to the editor for use by visudo: /usr/bin/editor
When to require a password for 'list' pseudocommand: any
When to require a password for 'verify' pseudocommand: all
File descriptors >= 3 will be closed before executing a command
Environment variables to check for sanity:
	TZ
	TERM
	LINGUAS
	LC_*
	LANGUAGE
	LANG
	COLORTERM
Environment variables to remove:
	RUBYOPT
	RUBYLIB
	PYTHONUSERBASE
	PYTHONINSPECT
	PYTHONPATH
	PYTHONHOME
	TMPPREFIX
	ZDOTDIR
	READNULLCMD
	NULLCMD
	FPATH
	PERL5DB
	PERL5OPT
	PERL5LIB
	PERLLIB
	PERLIO_DEBUG 
	JAVA_TOOL_OPTIONS
	SHELLOPTS
	GLOBIGNORE
	PS4
	BASH_ENV
	ENV
	TERMCAP
	TERMPATH
	TERMINFO_DIRS
	TERMINFO
	_RLD*
	LD_*
	PATH_LOCALE
	NLSPATH
	HOSTALIASES
	RES_OPTIONS
	LOCALDOMAIN
	CDPATH
	IFS
Environment variables to preserve:
	JAVA_HOME
	TRAVIS
	CI
	DEBIAN_FRONTEND
	XAUTHORIZATION
	XAUTHORITY
	PS2
	PS1
	PATH
	LS_COLORS
	KRB5CCNAME
	HOSTNAME
	HOME
	DISPLAY
	COLORS
Locale to use while parsing sudoers: C
Directory in which to store input/output logs: /var/log/sudo-io
File in which to store the input/output log: %{seq}
Add an entry to the utmp/utmpx file when allocating a pty
PAM service name to use
PAM service name to use for login shells
Create a new PAM session for the command to run in
Maximum I/O log sequence number: 0

Local IP address and netmask pairs:
	172.17.0.2/255.255.0.0

Sudoers I/O plugin version 1.8.9p5
[34m[1mgzip version[0m
gzip 1.6
Copyright (C) 2007, 2010, 2011 Free Software Foundation, Inc.
Copyright (C) 1993 Jean-loup Gailly.
This is free software.  You may redistribute copies of it under the terms of
the GNU General Public License <http://www.gnu.org/licenses/gpl.html>.
There is NO WARRANTY, to the extent permitted by law.

Written by Jean-loup Gailly.
[34m[1mzip version[0m
Copyright (c) 1990-2008 Info-ZIP - Type 'zip "-L"' for software license.
This is Zip 3.0 (July 5th 2008), by Info-ZIP.
Currently maintained by E. Gordon.  Please send bug reports to
the authors using the web page at www.info-zip.org; see README for details.

Latest sources and executables are at ftp://ftp.info-zip.org/pub/infozip,
as of above date; see http://www.info-zip.org/ for other sites.

Compiled with gcc 4.8.2 for Unix (Linux ELF) on Oct 21 2013.

Zip special compilation options:
	USE_EF_UT_TIME       (store Universal Time)
	BZIP2_SUPPORT        (bzip2 library version 1.0.6, 6-Sept-2010)
	    bzip2 code and library copyright (c) Julian R Seward
	    (See the bzip2 license for terms of use)
	SYMLINK_SUPPORT      (symbolic links supported)
	LARGE_FILE_SUPPORT   (can read and write large files on file system)
	ZIP64_SUPPORT        (use Zip64 to store large files in archives)
	UNICODE_SUPPORT      (store and read UTF-8 Unicode paths)
	STORE_UNIX_UIDs_GIDs (store UID/GID sizes/values using new extra field)
	UIDGID_NOT_16BIT     (old Unix 16-bit UID/GID extra field not used)
	[encryption, version 2.91 of 05 Jan 2007] (modified for Zip 3)

Encryption notice:
	The encryption code of this program is not copyrighted and is
	put in the public domain.  It was originally written in Europe
	and, to the best of our knowledge, can be freely distributed
	in both source and object forms from any country, including
	the USA under License Exception TSU of the U.S. Export
	Administration Regulations (section 740.13(e)) of 6 June 2002.

Zip environment options:
             ZIP:  [none]
          ZIPOPT:  [none]
[34m[1mvim version[0m
VIM - Vi IMproved 7.4 (2013 Aug 10, compiled Nov 24 2016 16:43:18)
Included patches: 1-52
Extra patches: 8.0.0056
Modified by pkg-vim-maintainers@lists.alioth.debian.org
Compiled by buildd@
Huge version without GUI.  Features included (+) or not (-):
+acl             +farsi           +mouse_netterm   +syntax
+arabic          +file_in_path    +mouse_sgr       +tag_binary
+autocmd         +find_in_path    -mouse_sysmouse  +tag_old_static
-balloon_eval    +float           +mouse_urxvt     -tag_any_white
-browse          +folding         +mouse_xterm     -tcl
++builtin_terms  -footer          +multi_byte      +terminfo
+byte_offset     +fork()          +multi_lang      +termresponse
+cindent         +gettext         -mzscheme        +textobjects
-clientserver    -hangul_input    +netbeans_intg   +title
-clipboard       +iconv           +path_extra      -toolbar
+cmdline_compl   +insert_expand   -perl            +user_commands
+cmdline_hist    +jumplist        +persistent_undo +vertsplit
+cmdline_info    +keymap          +postscript      +virtualedit
+comments        +langmap         +printer         +visual
+conceal         +libcall         +profile         +visualextra
+cryptv          +linebreak       +python          +viminfo
+cscope          +lispindent      -python3         +vreplace
+cursorbind      +listcmds        +quickfix        +wildignore
+cursorshape     +localmap        +reltime         +wildmenu
+dialog_con      -lua             +rightleft       +windows
+diff            +menu            -ruby            +writebackup
+digraphs        +mksession       +scrollbind      -X11
-dnd             +modify_fname    +signs           -xfontset
-ebcdic          +mouse           +smartindent     -xim
+emacs_tags      -mouseshape      -sniff           -xsmp
+eval            +mouse_dec       +startuptime     -xterm_clipboard
+ex_extra        +mouse_gpm       +statusline      -xterm_save
+extra_search    -mouse_jsbterm   -sun_workshop    -xpm
   system vimrc file: "$VIM/vimrc"
     user vimrc file: "$HOME/.vimrc"
 2nd user vimrc file: "~/.vim/vimrc"
      user exrc file: "$HOME/.exrc"
  fall-back for $VIM: "/usr/share/vim"
Compilation: gcc -c -I. -Iproto -DHAVE_CONFIG_H     -g -O2 -fstack-protector --param=ssp-buffer-size=4 -Wformat -Werror=format-security -U_FORTIFY_SOURCE -D_FORTIFY_SOURCE=1      
Linking: gcc   -Wl,-Bsymbolic-functions -Wl,-z,relro -Wl,--as-needed -o vim        -lm -ltinfo -lnsl  -lselinux  -lacl -lattr -lgpm -ldl    -L/usr/lib/python2.7/config-x86_64-linux-gnu -lpython2.7 -lpthread -ldl -lutil -lm -Xlinker -export-dynamic -Wl,-O1 -Wl,-Bsymbolic-functions      
[34m[1miptables version[0m
iptables v1.4.21
[34m[1mcurl version[0m
curl 7.35.0 (x86_64-pc-linux-gnu) libcurl/7.35.0 OpenSSL/1.0.1f zlib/1.2.8 libidn/1.28 librtmp/2.3
[34m[1mwget version[0m
GNU Wget 1.15 built on linux-gnu.
[34m[1mrsync version[0m
rsync  version 3.1.0  protocol version 31
[34m[1mgimme version[0m
v1.2.0
[34m[1mnvm version[0m
0.33.6
[34m[1mperlbrew version[0m
/home/travis/perl5/perlbrew/bin/perlbrew  - App::perlbrew/0.80
[34m[1mphpenv version[0m
rbenv 1.1.1-25-g6aa70b6
[34m[1mrvm version[0m
rvm 1.29.3 (latest) by Michal Papis, Piotr Kuczynski, Wayne E. Seguin [https://rvm.io]
[34m[1mdefault ruby version[0m
ruby 2.4.1p111 (2017-03-22 revision 58053) [x86_64-linux]
[34m[1mCouchDB version[0m
couchdb 1.6.1
[34m[1mElasticSearch version[0m
5.5.0
[34m[1mInstalled Firefox version[0m
firefox 56.0.2
[34m[1mMongoDB version[0m
MongoDB 3.4.10
[34m[1mPhantomJS version[0m
2.1.1
[34m[1mPre-installed PostgreSQL versions[0m
9.2.24
9.3.20
9.4.15
9.5.10
9.6.6
[34m[1mRabbitMQ Version[0m
3.6.14
[34m[1mRedis version[0m
redis-server 4.0.6
[34m[1mriak version[0m
2.2.3
[34m[1mPre-installed Go versions[0m
1.7.4
[34m[1mant version[0m
Apache Ant(TM) version 1.9.3 compiled on April 8 2014
[34m[1mmvn version[0m
Apache Maven 3.5.2 (138edd61fd100ec658bfa2d307c43b76940a5d7d; 2017-10-18T07:58:13Z)
Maven home: /usr/local/maven-3.5.2
Java version: 1.8.0_151, vendor: Oracle Corporation
Java home: /usr/lib/jvm/java-8-oracle/jre
Default locale: en_US, platform encoding: UTF-8
OS name: "linux", version: "4.4.0-101-generic", arch: "amd64", family: "unix"
[34m[1mgradle version[0m

------------------------------------------------------------
Gradle 4.0.1
------------------------------------------------------------

Build time:   2017-07-07 14:02:41 UTC
Revision:     38e5dc0f772daecca1d2681885d3d85414eb6826

Groovy:       2.4.11
Ant:          Apache Ant(TM) version 1.9.6 compiled on June 29 2015
JVM:          1.8.0_151 (Oracle Corporation 25.151-b12)
OS:           Linux 4.4.0-101-generic amd64

[34m[1mlein version[0m
Leiningen 2.8.1 on Java 1.8.0_151 Java HotSpot(TM) 64-Bit Server VM
[34m[1mPre-installed Node.js versions[0m
v4.8.6
v6.12.0
v6.12.1
v8.9
v8.9.1
[34m[1mphpenv versions[0m
  system
  5.6
* 5.6.32 (set by /home/travis/.phpenv/version)
  7.0
  7.0.25
  7.1
  7.1.11
  hhvm
  hhvm-stable
[34m[1mcomposer --version[0m
Composer version 1.5.2 2017-09-11 16:59:25
[34m[1mPre-installed Ruby versions[0m
ruby-2.2.7
ruby-2.3.4
ruby-2.4.1
travis_fold:end:system_info[0K
[33;1m3.5 is not installed; attempting download[0m
[33;1mDownloading archive: https://s3.amazonaws.com/travis-python-archives/binaries/ubuntu/14.04/x86_64/python-3.5.tar.bz2[0m
$ sudo tar xjf python-3.5.tar.bz2 --directory /
$ cd failed/getslash/slash
travis_time:start:153c6cc0[0K$ source ~/virtualenv/python3.5/bin/activate

travis_time:end:153c6cc0:start=1592082536826918102,finish=1592082536842906298,duration=15988196[0K$ python --version
Python 3.5.6
$ pip --version
pip 18.0 from /home/travis/virtualenv/python3.5.6/lib/python3.5/site-packages/pip (python 3.5)
travis_fold:start:install.1[0Ktravis_time:start:10db1fda[0K$ pip install virtualenv==15.1.0
Collecting virtualenv==15.1.0
  Downloading https://files.pythonhosted.org/packages/6f/86/3dc328ee7b1a6419ebfac7896d882fba83c48e3561d22ddddf38294d3e83/virtualenv-15.1.0-py2.py3-none-any.whl (1.8MB)
Installing collected packages: virtualenv
  Found existing installation: virtualenv 16.0.0
    Uninstalling virtualenv-16.0.0:
      Successfully uninstalled virtualenv-16.0.0
Successfully installed virtualenv-15.1.0

travis_time:end:10db1fda:start=1592082537205579991,finish=1592082538843281320,duration=1637701329[0Ktravis_fold:end:install.1[0Ktravis_fold:start:install.2[0Ktravis_time:start:046b9822[0K$ pip install codecov==2.0.10
Collecting codecov==2.0.10
  Downloading https://files.pythonhosted.org/packages/e0/5d/3ebba3f5b994fe6af69638bef91980dfbd7b8e4d16c7c5ebee4e7c2ee138/codecov-2.0.10-py2.py3-none-any.whl
Collecting coverage (from codecov==2.0.10)
  Downloading https://files.pythonhosted.org/packages/f6/33/10fd30e91f5daf9b0712dff47031e7ba29537e104585aef2a3f4b59665ea/coverage-5.1-cp35-cp35m-manylinux1_x86_64.whl (227kB)
Collecting requests>=2.7.9 (from codecov==2.0.10)
  Downloading https://files.pythonhosted.org/packages/1a/70/1935c770cb3be6e3a8b78ced23d7e0f3b187f5cbfab4749523ed65d7c9b1/requests-2.23.0-py2.py3-none-any.whl (58kB)
Collecting idna<3,>=2.5 (from requests>=2.7.9->codecov==2.0.10)
  Downloading https://files.pythonhosted.org/packages/89/e3/afebe61c546d18fb1709a61bee788254b40e736cff7271c7de5de2dc4128/idna-2.9-py2.py3-none-any.whl (58kB)
Collecting chardet<4,>=3.0.2 (from requests>=2.7.9->codecov==2.0.10)
  Downloading https://files.pythonhosted.org/packages/bc/a9/01ffebfb562e4274b6487b4bb1ddec7ca55ec7510b22e4c51f14098443b8/chardet-3.0.4-py2.py3-none-any.whl (133kB)
Collecting urllib3!=1.25.0,!=1.25.1,<1.26,>=1.21.1 (from requests>=2.7.9->codecov==2.0.10)
  Downloading https://files.pythonhosted.org/packages/e1/e5/df302e8017440f111c11cc41a6b432838672f5a70aa29227bf58149dc72f/urllib3-1.25.9-py2.py3-none-any.whl (126kB)
Requirement already satisfied: certifi>=2017.4.17 in /home/travis/virtualenv/python3.5.6/lib/python3.5/site-packages (from requests>=2.7.9->codecov==2.0.10) (2018.4.16)
Installing collected packages: coverage, idna, chardet, urllib3, requests, codecov
Successfully installed chardet-3.0.4 codecov-2.0.10 coverage-5.1 idna-2.9 requests-2.23.0 urllib3-1.25.9

travis_time:end:046b9822:start=1592082538855680236,finish=1592082541757294920,duration=2901614684[0Ktravis_fold:end:install.2[0Ktravis_time:start:00cb5593[0K$ make env
python -m virtualenv .env
Using real prefix '/opt/python/3.5.6'
New python executable in /home/travis/build/failed/getslash/slash/.env/bin/python
Installing setuptools, pip, wheel...done.
.env/bin/pip install -e .[testing] -r doc/pip_requirements.txt
Obtaining file:///home/travis/build/failed/getslash/slash
Obtaining file:///home/travis/build/failed/getslash/slash (from -r doc/pip_requirements.txt (line 2))
Collecting releases
  Downloading releases-1.6.3-py2.py3-none-any.whl (22 kB)
Collecting alabaster
  Downloading alabaster-0.7.12-py2.py3-none-any.whl (14 kB)
Collecting Sphinx>1.4
  Downloading Sphinx-3.1.0-py3-none-any.whl (2.9 MB)
Collecting arrow
  Downloading arrow-0.15.6-py2.py3-none-any.whl (47 kB)
Collecting colorama
  Downloading colorama-0.4.3-py2.py3-none-any.whl (15 kB)
Collecting confetti>=2.4.1
  Downloading confetti-2.5.3.tar.gz (6.5 kB)
Collecting dessert>=1.3.1
  Downloading dessert-1.4.1.tar.gz (33 kB)
Collecting emport>=1.1.3
  Downloading emport-1.3.1.tar.gz (5.3 kB)
Collecting gossip>=2.2.0
  Downloading gossip-2.4.0.tar.gz (64 kB)
Collecting Jinja2
  Downloading Jinja2-2.11.2-py2.py3-none-any.whl (125 kB)
Collecting Logbook>=1.1.0
  Downloading Logbook-1.5.3.tar.gz (85 kB)
Collecting orderedset>=2.0.0
  Downloading orderedset-2.0.3.tar.gz (101 kB)
Collecting requests>=1.1.0
  Using cached requests-2.23.0-py2.py3-none-any.whl (58 kB)
Collecting SQLAlchemy
  Downloading SQLAlchemy-1.3.17-cp35-cp35m-manylinux2010_x86_64.whl (1.2 MB)
Collecting tmuxp
  Downloading tmuxp-1.5.4.tar.gz (71 kB)
Collecting raven
  Downloading raven-6.10.0-py2.py3-none-any.whl (284 kB)
Collecting py>=1.5.0
  Downloading py-1.8.1-py2.py3-none-any.whl (83 kB)
Collecting pyparsing
  Downloading pyparsing-2.4.7-py2.py3-none-any.whl (67 kB)
Collecting vintage>=0.4.0
  Downloading vintage-0.4.1.tar.gz (3.9 kB)
Collecting IPython
  Downloading ipython-7.9.0-py3-none-any.whl (775 kB)
Collecting coverage
  Using cached coverage-5.1-cp35-cp35m-manylinux1_x86_64.whl (227 kB)
Collecting coveralls
  Downloading coveralls-2.0.0-py2.py3-none-any.whl (12 kB)
Collecting munch
  Downloading munch-2.5.0-py2.py3-none-any.whl (10 kB)
Collecting pytest
  Downloading pytest-5.4.3-py3-none-any.whl (248 kB)
Collecting pytest-catchlog
  Downloading pytest_catchlog-1.2.2-py2.py3-none-any.whl (10 kB)
Collecting pytest-cov
  Downloading pytest_cov-2.10.0-py2.py3-none-any.whl (19 kB)
Collecting pytest-timeout
  Downloading pytest_timeout-1.3.4-py2.py3-none-any.whl (10 kB)
Collecting pyforge
  Downloading pyforge-1.3.0.tar.gz (20 kB)
Collecting pylint>=1.7
  Downloading pylint-2.5.3-py3-none-any.whl (324 kB)
Collecting semantic-version<2.7
  Downloading semantic_version-2.6.0-py3-none-any.whl (14 kB)
Collecting snowballstemmer>=1.1
  Downloading snowballstemmer-2.0.0-py2.py3-none-any.whl (97 kB)
Requirement already satisfied: setuptools in ./.env/lib/python3.5/site-packages (from Sphinx>1.4->-r doc/pip_requirements.txt (line 5)) (47.1.1)
Collecting docutils>=0.12
  Downloading docutils-0.16-py2.py3-none-any.whl (548 kB)
Collecting sphinxcontrib-qthelp
  Downloading sphinxcontrib_qthelp-1.0.3-py2.py3-none-any.whl (90 kB)
Collecting packaging
  Downloading packaging-20.4-py2.py3-none-any.whl (37 kB)
Collecting sphinxcontrib-devhelp
  Downloading sphinxcontrib_devhelp-1.0.2-py2.py3-none-any.whl (84 kB)
Collecting Pygments>=2.0
  Downloading Pygments-2.6.1-py3-none-any.whl (914 kB)
Collecting sphinxcontrib-applehelp
  Downloading sphinxcontrib_applehelp-1.0.2-py2.py3-none-any.whl (121 kB)
Collecting sphinxcontrib-htmlhelp
  Downloading sphinxcontrib_htmlhelp-1.0.3-py2.py3-none-any.whl (96 kB)
Collecting babel>=1.3
  Downloading Babel-2.8.0-py2.py3-none-any.whl (8.6 MB)
Collecting sphinxcontrib-jsmath
  Downloading sphinxcontrib_jsmath-1.0.1-py2.py3-none-any.whl (5.1 kB)
Collecting sphinxcontrib-serializinghtml
  Downloading sphinxcontrib_serializinghtml-1.1.4-py2.py3-none-any.whl (89 kB)
Collecting imagesize
  Downloading imagesize-1.2.0-py2.py3-none-any.whl (4.8 kB)
Collecting python-dateutil
  Downloading python_dateutil-2.8.1-py2.py3-none-any.whl (227 kB)
Collecting sentinels>=0.0.5
  Downloading sentinels-1.0.0.tar.gz (4.1 kB)
Collecting six
  Downloading six-1.15.0-py2.py3-none-any.whl (10 kB)
Collecting atomicwrites>=1.0
  Downloading atomicwrites-1.4.0-py2.py3-none-any.whl (6.8 kB)
Collecting attrs
  Downloading attrs-19.3.0-py2.py3-none-any.whl (39 kB)
Collecting MarkupSafe>=0.23
  Downloading MarkupSafe-1.1.1-cp35-cp35m-manylinux1_x86_64.whl (27 kB)
Collecting urllib3!=1.25.0,!=1.25.1,<1.26,>=1.21.1
  Using cached urllib3-1.25.9-py2.py3-none-any.whl (126 kB)
Collecting idna<3,>=2.5
  Using cached idna-2.9-py2.py3-none-any.whl (58 kB)
Collecting certifi>=2017.4.17
  Downloading certifi-2020.4.5.2-py2.py3-none-any.whl (157 kB)
Collecting chardet<4,>=3.0.2
  Using cached chardet-3.0.4-py2.py3-none-any.whl (133 kB)
Collecting kaptan>=0.5.10
  Downloading kaptan-0.5.12.tar.gz (10 kB)
Collecting libtmux>=0.8<0.9
  Downloading libtmux-0.8.2.tar.gz (37 kB)
Collecting click>=7<8
  Downloading click-7.1.2-py2.py3-none-any.whl (82 kB)
Collecting jedi>=0.10
  Downloading jedi-0.17.0-py2.py3-none-any.whl (1.1 MB)
Collecting traitlets>=4.2
  Downloading traitlets-4.3.3-py2.py3-none-any.whl (75 kB)
Collecting pexpect; sys_platform != "win32"
  Downloading pexpect-4.8.0-py2.py3-none-any.whl (59 kB)
Collecting decorator
  Downloading decorator-4.4.2-py2.py3-none-any.whl (9.2 kB)
Collecting prompt-toolkit<2.1.0,>=2.0.0
  Downloading prompt_toolkit-2.0.10-py3-none-any.whl (340 kB)
Collecting pickleshare
  Downloading pickleshare-0.7.5-py2.py3-none-any.whl (6.9 kB)
Collecting backcall
  Downloading backcall-0.2.0-py2.py3-none-any.whl (11 kB)
Collecting docopt>=0.6.1
  Downloading docopt-0.6.2.tar.gz (25 kB)
Collecting wcwidth
  Downloading wcwidth-0.2.4-py2.py3-none-any.whl (30 kB)
Collecting pathlib2>=2.2.0; python_version < "3.6"
  Downloading pathlib2-2.3.5-py2.py3-none-any.whl (18 kB)
Collecting importlib-metadata>=0.12; python_version < "3.8"
  Downloading importlib_metadata-1.6.1-py2.py3-none-any.whl (31 kB)
Collecting more-itertools>=4.0.0
  Downloading more_itertools-8.3.0-py3-none-any.whl (44 kB)
Collecting pluggy<1.0,>=0.12
  Downloading pluggy-0.13.1-py2.py3-none-any.whl (18 kB)
Collecting toml>=0.7.1
  Downloading toml-0.10.1-py2.py3-none-any.whl (19 kB)
Collecting mccabe<0.7,>=0.6
  Downloading mccabe-0.6.1-py2.py3-none-any.whl (8.6 kB)
Collecting astroid<=2.5,>=2.4.0
  Downloading astroid-2.4.2-py3-none-any.whl (213 kB)
Collecting isort<5,>=4.2.5
  Downloading isort-4.3.21-py2.py3-none-any.whl (42 kB)
Collecting pytz>=2015.7
  Downloading pytz-2020.1-py2.py3-none-any.whl (510 kB)
Collecting PyYAML<6,>=3.13
  Downloading PyYAML-5.3.1.tar.gz (269 kB)
Collecting parso>=0.7.0
  Downloading parso-0.7.0-py2.py3-none-any.whl (100 kB)
Collecting ipython-genutils
  Downloading ipython_genutils-0.2.0-py2.py3-none-any.whl (26 kB)
Collecting ptyprocess>=0.5
  Downloading ptyprocess-0.6.0-py2.py3-none-any.whl (39 kB)
Collecting zipp>=0.5
  Downloading zipp-1.2.0-py2.py3-none-any.whl (4.8 kB)
Collecting lazy-object-proxy==1.4.*
  Downloading lazy_object_proxy-1.4.3-cp35-cp35m-manylinux1_x86_64.whl (55 kB)
Collecting typed-ast<1.5,>=1.4.0; implementation_name == "cpython" and python_version < "3.8"
  Downloading typed_ast-1.4.1-cp35-cp35m-manylinux1_x86_64.whl (737 kB)
Collecting wrapt~=1.11
  Downloading wrapt-1.12.1.tar.gz (27 kB)
Building wheels for collected packages: confetti, dessert, emport, gossip, Logbook, orderedset, tmuxp, vintage, pyforge, sentinels, kaptan, libtmux, docopt, PyYAML, wrapt
  Building wheel for confetti (setup.py): started
  Building wheel for confetti (setup.py): finished with status 'done'
  Created wheel for confetti: filename=confetti-2.5.3-py3-none-any.whl size=7195 sha256=611ec45adad9ec9a44944a2a215630567d4a3e929d2d5470ed929cd8b53430be
  Stored in directory: /home/travis/.cache/pip/wheels/c2/83/12/94c38beac392040cf33f8f9f85b4f4790d47cb57c38e8badf1
  Building wheel for dessert (setup.py): started
  Building wheel for dessert (setup.py): finished with status 'done'
  Created wheel for dessert: filename=dessert-1.4.1-py3-none-any.whl size=22794 sha256=da0e1b91c23cef75476fdc93d294f0e0bc77a624ee60f700d9d8099f22709257
  Stored in directory: /home/travis/.cache/pip/wheels/bb/58/73/a34b41f1ca18597fe587f0eef13066dc41f076f031ec9f0c7d
  Building wheel for emport (setup.py): started
  Building wheel for emport (setup.py): finished with status 'done'
  Created wheel for emport: filename=emport-1.3.1-py3-none-any.whl size=2951 sha256=24c579546e741d3d909a79d5b0896658b3108971bd92230639cd66773c21eaf9
  Stored in directory: /home/travis/.cache/pip/wheels/6b/fe/a4/1143bef605d816eefeaac66a74314e58818f64ec3d0fb8536f
  Building wheel for gossip (setup.py): started
  Building wheel for gossip (setup.py): finished with status 'done'
  Created wheel for gossip: filename=gossip-2.4.0-py3-none-any.whl size=14828 sha256=a5f8a5965876ac4fe18666c60425022af419f79eb6885da2db9f5326addd0262
  Stored in directory: /home/travis/.cache/pip/wheels/cc/e4/d6/d5092aa964cdcabfb35062591303dc4a54896617ff46f845c3
  Building wheel for Logbook (setup.py): started
  Building wheel for Logbook (setup.py): finished with status 'done'
  Created wheel for Logbook: filename=Logbook-1.5.3-cp35-cp35m-linux_x86_64.whl size=66383 sha256=4c049c08a2be3097d7450eb563aa2df4df19e7c27af9ef5c4be1d831bdc22676
  Stored in directory: /home/travis/.cache/pip/wheels/c1/e7/ba/2f058e795252d37a0833a55df093cc967a20fc30fd226529d4
  Building wheel for orderedset (setup.py): started
  Building wheel for orderedset (setup.py): finished with status 'done'
  Created wheel for orderedset: filename=orderedset-2.0.3-cp35-cp35m-linux_x86_64.whl size=270045 sha256=95b77d080ff2ec82290445ca34428b6cc75de3ee1fef17472b2c2bbe4d842ac6
  Stored in directory: /home/travis/.cache/pip/wheels/fe/9a/9d/7f149dd9b76e6cc911f97add03d9eaba1733f24795e606d453
  Building wheel for tmuxp (setup.py): started
  Building wheel for tmuxp (setup.py): finished with status 'done'
  Created wheel for tmuxp: filename=tmuxp-1.5.4-py3-none-any.whl size=25032 sha256=fe02b3a2e8acedd167df4fbe449b5cfdc946d704e223aff89ff0cbffc6d42b7c
  Stored in directory: /home/travis/.cache/pip/wheels/3d/94/65/8ca83bd70ee942dd10aab77625036faffdb0406980ed3a85a3
  Building wheel for vintage (setup.py): started
  Building wheel for vintage (setup.py): finished with status 'done'
  Created wheel for vintage: filename=vintage-0.4.1-py3-none-any.whl size=2831 sha256=7e1f20497832ef00ce24e2c97bdc666d46858c5a338bc3d9fef123036eac3c00
  Stored in directory: /home/travis/.cache/pip/wheels/f9/b5/c8/da15ac7b054e05cd8204dc9b8fbe8b7f0921337a2c5ff14bb1
  Building wheel for pyforge (setup.py): started
  Building wheel for pyforge (setup.py): finished with status 'done'
  Created wheel for pyforge: filename=pyforge-1.3.0-py3-none-any.whl size=23215 sha256=dce39dbe4943d0e49e72cb9fa992626a66ecaf16b31f2237d72700e90335749d
  Stored in directory: /home/travis/.cache/pip/wheels/6b/32/b6/2348695d72f40c18ce51c5d19e22827914c23d405a8020fcf1
  Building wheel for sentinels (setup.py): started
  Building wheel for sentinels (setup.py): finished with status 'done'
  Created wheel for sentinels: filename=sentinels-1.0.0-py3-none-any.whl size=3186 sha256=4491b4f44f46e5088da22e1d18791452ba20aa64d4f917301679df0e1c0b184b
  Stored in directory: /home/travis/.cache/pip/wheels/0b/d5/77/49fb1d1a6209f97f0bb762f0350403d5f69da8e453aa6bbd12
  Building wheel for kaptan (setup.py): started
  Building wheel for kaptan (setup.py): finished with status 'done'
  Created wheel for kaptan: filename=kaptan-0.5.12-py3-none-any.whl size=10974 sha256=a0ee9c675ab36e150622590ec68818763afe1949cf59af157aee3426b4acf90c
  Stored in directory: /home/travis/.cache/pip/wheels/ac/5e/c9/9b154d2beec5fcce55aede5cc1d3b7256d153f9d8a8a41c32c
  Building wheel for libtmux (setup.py): started
  Building wheel for libtmux (setup.py): finished with status 'done'
  Created wheel for libtmux: filename=libtmux-0.8.2-py3-none-any.whl size=29352 sha256=0540cc2e7b395edfe8468ab56db2bf15903273e539ed9e741f1e5a89522898bc
  Stored in directory: /home/travis/.cache/pip/wheels/e0/8f/15/547ce29ef529ffa43fc16f0f8371f98e1a483d066148caa412
  Building wheel for docopt (setup.py): started
  Building wheel for docopt (setup.py): finished with status 'done'
  Created wheel for docopt: filename=docopt-0.6.2-py2.py3-none-any.whl size=13704 sha256=51c41c0044249d57484912a3f843f6a9f0c71714283801db3c7a50d8ced927c0
  Stored in directory: /home/travis/.cache/pip/wheels/63/74/c4/1e4f0884a7ba7c26baa4a841240a507953dcfe7de606522571
  Building wheel for PyYAML (setup.py): started
  Building wheel for PyYAML (setup.py): finished with status 'done'
  Created wheel for PyYAML: filename=PyYAML-5.3.1-cp35-cp35m-linux_x86_64.whl size=418066 sha256=d2841ab6c52dd089c719b114a759363e1458fa58ff110aa3bc9ef3f9c845a873
  Stored in directory: /home/travis/.cache/pip/wheels/57/d0/2c/e2003abb5bc1a94c2e8a6fe1c03b8055d074e34c13672e7eb7
  Building wheel for wrapt (setup.py): started
  Building wheel for wrapt (setup.py): finished with status 'done'
  Created wheel for wrapt: filename=wrapt-1.12.1-cp35-cp35m-linux_x86_64.whl size=66635 sha256=a872053b3cd683448754fc6e9c6ffba5fd907a5fb41127887a57dcb8e53382dd
  Stored in directory: /home/travis/.cache/pip/wheels/b8/2d/88/2fb764a7404287819251978fbfe4cacf9b4d8a1d41fce5dd97
Successfully built confetti dessert emport gossip Logbook orderedset tmuxp vintage pyforge sentinels kaptan libtmux docopt PyYAML wrapt
Installing collected packages: snowballstemmer, urllib3, idna, certifi, chardet, requests, docutils, sphinxcontrib-qthelp, six, pyparsing, packaging, sphinxcontrib-devhelp, Pygments, MarkupSafe, Jinja2, sphinxcontrib-applehelp, sphinxcontrib-htmlhelp, pytz, babel, sphinxcontrib-jsmath, sphinxcontrib-serializinghtml, alabaster, imagesize, Sphinx, semantic-version, releases, python-dateutil, arrow, colorama, sentinels, confetti, munch, py, atomicwrites, attrs, dessert, Logbook, emport, vintage, gossip, orderedset, SQLAlchemy, PyYAML, kaptan, libtmux, click, tmuxp, raven, parso, jedi, decorator, ipython-genutils, traitlets, ptyprocess, pexpect, wcwidth, prompt-toolkit, pickleshare, backcall, IPython, coverage, docopt, coveralls, pathlib2, zipp, importlib-metadata, more-itertools, pluggy, pytest, pytest-catchlog, pytest-cov, pytest-timeout, pyforge, toml, mccabe, lazy-object-proxy, typed-ast, wrapt, astroid, isort, pylint, slash
  Running setup.py develop for slash
Successfully installed IPython-7.9.0 Jinja2-2.11.2 Logbook-1.5.3 MarkupSafe-1.1.1 PyYAML-5.3.1 Pygments-2.6.1 SQLAlchemy-1.3.17 Sphinx-3.1.0 alabaster-0.7.12 arrow-0.15.6 astroid-2.4.2 atomicwrites-1.4.0 attrs-19.3.0 babel-2.8.0 backcall-0.2.0 certifi-2020.4.5.2 chardet-3.0.4 click-7.1.2 colorama-0.4.3 confetti-2.5.3 coverage-5.1 coveralls-2.0.0 decorator-4.4.2 dessert-1.4.1 docopt-0.6.2 docutils-0.16 emport-1.3.1 gossip-2.4.0 idna-2.9 imagesize-1.2.0 importlib-metadata-1.6.1 ipython-genutils-0.2.0 isort-4.3.21 jedi-0.17.0 kaptan-0.5.12 lazy-object-proxy-1.4.3 libtmux-0.8.2 mccabe-0.6.1 more-itertools-8.3.0 munch-2.5.0 orderedset-2.0.3 packaging-20.4 parso-0.7.0 pathlib2-2.3.5 pexpect-4.8.0 pickleshare-0.7.5 pluggy-0.13.1 prompt-toolkit-2.0.10 ptyprocess-0.6.0 py-1.8.1 pyforge-1.3.0 pylint-2.5.3 pyparsing-2.4.7 pytest-5.4.3 pytest-catchlog-1.2.2 pytest-cov-2.10.0 pytest-timeout-1.3.4 python-dateutil-2.8.1 pytz-2020.1 raven-6.10.0 releases-1.6.3 requests-2.23.0 semantic-version-2.6.0 sentinels-1.0.0 six-1.15.0 slash snowballstemmer-2.0.0 sphinxcontrib-applehelp-1.0.2 sphinxcontrib-devhelp-1.0.2 sphinxcontrib-htmlhelp-1.0.3 sphinxcontrib-jsmath-1.0.1 sphinxcontrib-qthelp-1.0.3 sphinxcontrib-serializinghtml-1.1.4 tmuxp-1.5.4 toml-0.10.1 traitlets-4.3.3 typed-ast-1.4.1 urllib3-1.25.9 vintage-0.4.1 wcwidth-0.2.4 wrapt-1.12.1 zipp-1.2.0
touch .env/.up-to-date

travis_time:end:00cb5593:start=1592082541770011846,finish=1592082638757891910,duration=96987880064[0K
[32;1mThe command "make env" exited with 0.[0m
travis_time:start:1aafa560[0K$ make test
.env/bin/py.test --cov=slash --cov-report=html tests
============================= test session starts ==============================
platform linux -- Python 3.5.6, pytest-5.4.3, py-1.8.1, pluggy-0.13.1
rootdir: /home/travis/build/failed/getslash/slash, inifile: pytest.ini
plugins: catchlog-1.2.2, cov-2.10.0, timeout-1.3.4
collected 1514 items

tests/test_add_error.py ........................                         [  1%]
tests/test_app_context.py ..                                             [  1%]
tests/test_assertions.py .....................                           [  3%]
tests/test_autouse_fixtures.py ....................                      [  4%]
tests/test_cleanup_manager.py .....                                      [  4%]
tests/test_cleanups.py ................................................. [  7%]
..................                                                       [  9%]
tests/test_cli_environment.py ..............                             [ 10%]
tests/test_cli_utils.py ......                                           [ 10%]
tests/test_color_strings.py ........                                     [ 11%]
tests/test_console_log_truncation.py ..                                  [ 11%]
tests/test_console_reporter.py ........................                  [ 12%]
tests/test_context.py ........................                           [ 14%]
tests/test_coverage_plugin.py .......                                    [ 14%]
tests/test_cyclic_fixture_detection.py ........                          [ 15%]
tests/test_debugging.py ....                                             [ 15%]
tests/test_doctests.py .........................                         [ 17%]
tests/test_error_object.py .............                                 [ 18%]
tests/test_error_object_stack_trace.py ........                          [ 18%]
tests/test_exception_attributes.py ..                                    [ 18%]
tests/test_exception_handling.py .........s......................        [ 20%]
tests/test_exception_marks.py ...                                        [ 21%]
tests/test_ext_hook.py ...                                               [ 21%]
tests/test_factory_information.py ............                           [ 22%]
tests/test_facts.py ....                                                 [ 22%]
tests/test_failures.py .................                                 [ 23%]
tests/test_fixture_annotations.py ................................       [ 25%]
tests/test_fixture_exceptions.py ................                        [ 26%]
tests/test_fixture_exclusion.py .....                                    [ 26%]
tests/test_fixture_features.py ............                              [ 27%]
tests/test_fixture_mechanism.py .....................................    [ 30%]
tests/test_fixture_namespaces.py ..                                      [ 30%]
tests/test_fixture_resolution.py ...                                     [ 30%]
tests/test_fixture_scoping.py ......                                     [ 30%]
tests/test_fixture_start_end_test.py ........                            [ 31%]
tests/test_fixture_string_representation.py ....                         [ 31%]
tests/test_fixture_test_addresses.py ....                                [ 31%]
tests/test_fixtures.py ................................................. [ 35%]
                                                                         [ 35%]
tests/test_formatter.py ..........                                       [ 35%]
tests/test_function_marker.py .........                                  [ 36%]
tests/test_generator_fixture.py ........                                 [ 36%]
tests/test_global_storage.py .                                           [ 37%]
tests/test_globals.py .....                                              [ 37%]
tests/test_hook_calling.py ............................................. [ 40%]
..                                                                       [ 40%]
tests/test_hook_errors.py .....                                          [ 40%]
tests/test_hooks.py .....                                                [ 41%]
tests/test_id_space.py .                                                 [ 41%]
tests/test_interactive.py ....                                           [ 41%]
tests/test_interruptions.py ........................                     [ 43%]
tests/test_invalid_test_detection.py ....                                [ 43%]
tests/test_iteration.py ........                                         [ 43%]
tests/test_list_config.py ..                                             [ 43%]
tests/test_list_plugins.py ..                                            [ 44%]
tests/test_loader.py .........................                           [ 45%]
tests/test_local_config.py ...                                           [ 45%]
tests/test_logging.py .................................................. [ 49%]
.....................                                                    [ 50%]
tests/test_nofixtures.py ..                                              [ 50%]
tests/test_object_marker.py ............................................ [ 53%]
......................                                                   [ 55%]
tests/test_parallel.py ..................................                [ 57%]
tests/test_parametrization_ordering.py ..                                [ 57%]
tests/test_pattern_matching.py .......                                   [ 57%]
tests/test_plugin_activation.py ...................                      [ 59%]
tests/test_plugin_commandline.py ..                                      [ 59%]
tests/test_plugin_config.py .                                            [ 59%]
tests/test_plugin_dependency.py ................                         [ 60%]
tests/test_plugin_discovery.py .                                         [ 60%]
tests/test_plugin_errors.py ...                                          [ 60%]
tests/test_plugins.py .................                                  [ 61%]
tests/test_preliminary_errors.py ...                                     [ 62%]
tests/test_project_customization.py ....................                 [ 63%]
tests/test_python_utils.py .                                             [ 63%]
tests/test_repeat.py .........F........                                  [ 64%]
tests/test_reporters.py ......                                           [ 65%]
tests/test_requirements.py ............................................. [ 68%]
................................................                         [ 71%]
tests/test_result.py ............................................        [ 74%]
tests/test_result_details.py ............                                [ 74%]
tests/test_retained_logs_handler.py ..                                   [ 75%]
tests/test_running.py .................................................. [ 78%]
.........                                                                [ 78%]
tests/test_running_ad_hoc_tests.py ..                                    [ 79%]
tests/test_scope_manager.py ..                                           [ 79%]
tests/test_scoped_cleanups.py ......                                     [ 79%]
tests/test_site_customization.py ......                                  [ 79%]
tests/test_skips.py .......                                              [ 80%]
tests/test_slash_list.py ......................                          [ 81%]
tests/test_slash_resume.py .........                                     [ 82%]
tests/test_slash_run.py .................                                [ 83%]
tests/test_suite_files.py ................................               [ 85%]
tests/test_suite_writer.py ...                                           [ 85%]
tests/test_suite_writer_factories.py .                                   [ 85%]
tests/test_suite_writer_fixtures.py ....                                 [ 86%]
tests/test_suite_writer_negative.py ..                                   [ 86%]
tests/test_suite_writer_running.py ....                                  [ 86%]
tests/test_tagging.py .............................................      [ 89%]
tests/test_terminal_writer_wrapper.py ...                                [ 89%]
tests/test_test.py ......                                                [ 90%]
tests/test_test_loading.py ....                                          [ 90%]
tests/test_test_metadata.py ................................             [ 92%]
tests/test_test_parameters.py ............                               [ 93%]
tests/test_traceback_utils.py .......                                    [ 93%]
tests/test_unified_session_log.py ............                           [ 94%]
tests/test_ut_utils.py ....                                              [ 94%]
tests/test_utils.py ..                                                   [ 95%]
tests/test_variation_info.py .........                                   [ 95%]
tests/test_warning_capture.py .....                                      [ 95%]
tests/test_warnings.py ..........                                        [ 96%]
tests/test_xunit_plugin.py ............................................. [ 99%]
                                                                         [ 99%]
tests/test_yield_fixture.py ......                                       [100%]

=================================== FAILURES ===================================
____________________________ test_repeat_all_global ____________________________

suite = <tests.utils.suite_writer.suite.Suite object at 0x146a639839b0>
config_override = <function config_override.<locals>._override at 0x146a63957ae8>

    def test_repeat_all_global(suite, config_override):
        num_repetitions = 5
        config_override('run.repeat_all', num_repetitions)
        for index, test in enumerate(suite):
            test.append_line('slash.context.result.data["index"]={}'.format(index))
    
        for test in suite:
            test.expect_repetition(num_repetitions)
    
        summary = suite.run()
    
        indices = [res.data['index'] for res in summary.session.results.iter_test_results()]
>       assert indices == [x for x in range(len(suite)) for _ in range(num_repetitions)]
E       assert [0, 1, 2, 3, 4, 5, ...] == [0, 0, 0, 0, 0, 1, ...]
E         At index 1 diff: 1 != 0
E         Use -v to get the full diff

tests/test_repeat.py:41: AssertionError
----------------------------- Captured stderr call -----------------------------
[2020-06-13 21:17:33.239216] DEBUG: slash.loader: Checking /tmp/tmpwe309m9p/test_08531.py
[2020-06-13 21:17:33.243741] TRACE: emport: Creating new package for /tmp/tmpwe309m9p/test_08531.py
[2020-06-13 21:17:33.243957] TRACE: emport: After split: /tmp/tmpwe309m9p, test_08531
[2020-06-13 21:17:33.272775] TRACE: slash.core.cleanup_manager: CleanupManager: pushing scope 'session-global'
[2020-06-13 21:17:33.277704] NOTICE: slash.runner: #1: /tmp/tmpwe309m9p/test_08531.py:Test08532.test_08533
[2020-06-13 21:17:33.278140] DEBUG: slash.runner: Started test #1: <Runnable test </tmp/tmpwe309m9p/test_08531.py:Test08532.test_08533>>
[2020-06-13 21:17:33.284304] TRACE: slash.core.scope_manager: Pushed scope session
[2020-06-13 21:17:33.284417] TRACE: slash.core.cleanup_manager: CleanupManager: pushing scope 'session'
[2020-06-13 21:17:33.284503] TRACE: slash.core.scope_manager: Pushed scope module
[2020-06-13 21:17:33.284574] TRACE: slash.core.cleanup_manager: CleanupManager: pushing scope 'module'
[2020-06-13 21:17:33.284645] TRACE: slash.core.scope_manager: Pushed scope test
[2020-06-13 21:17:33.284711] TRACE: slash.core.cleanup_manager: CleanupManager: pushing scope 'test'
[2020-06-13 21:17:33.294096] TRACE: slash.core.scope_manager: Popping scope test (expected test)
[2020-06-13 21:17:33.294222] TRACE: slash.core.cleanup_manager: CleanupManager: popping scope 'test' (failure: False, interrupt: False)
[2020-06-13 21:17:33.294302] TRACE: slash.core.cleanup_manager: Calling cleanups of scope 'test' (failure=False, interrupt=False)
[2020-06-13 21:17:33.297730] TRACE: slash.core.scope_manager: Popped scope test
[2020-06-13 21:17:33.301161] NOTICE: slash.runner: #2: /tmp/tmpwe309m9p/test_08531.py:test_08534
[2020-06-13 21:17:33.301536] DEBUG: slash.runner: Started test #2: <Runnable test </tmp/tmpwe309m9p/test_08531.py:test_08534>>
[2020-06-13 21:17:33.307594] TRACE: slash.core.scope_manager: Pushed scope test
[2020-06-13 21:17:33.307706] TRACE: slash.core.cleanup_manager: CleanupManager: pushing scope 'test'
[2020-06-13 21:17:33.310871] TRACE: slash.core.scope_manager: Popping scope test (expected test)
[2020-06-13 21:17:33.310993] TRACE: slash.core.cleanup_manager: CleanupManager: popping scope 'test' (failure: False, interrupt: False)
[2020-06-13 21:17:33.311073] TRACE: slash.core.cleanup_manager: Calling cleanups of scope 'test' (failure=False, interrupt=False)
[2020-06-13 21:17:33.314678] TRACE: slash.core.scope_manager: Popped scope test
[2020-06-13 21:17:33.318415] NOTICE: slash.runner: #3: /tmp/tmpwe309m9p/test_08531.py:Test08532.test_08535
[2020-06-13 21:17:33.318780] DEBUG: slash.runner: Started test #3: <Runnable test </tmp/tmpwe309m9p/test_08531.py:Test08532.test_08535>>
[2020-06-13 21:17:33.324929] TRACE: slash.core.scope_manager: Pushed scope test
[2020-06-13 21:17:33.325038] TRACE: slash.core.cleanup_manager: CleanupManager: pushing scope 'test'
[2020-06-13 21:17:33.334591] TRACE: slash.core.scope_manager: Popping scope test (expected test)
[2020-06-13 21:17:33.334721] TRACE: slash.core.cleanup_manager: CleanupManager: popping scope 'test' (failure: False, interrupt: False)
[2020-06-13 21:17:33.334806] TRACE: slash.core.cleanup_manager: Calling cleanups of scope 'test' (failure=False, interrupt=False)
[2020-06-13 21:17:33.338399] TRACE: slash.core.scope_manager: Popped scope test
[2020-06-13 21:17:33.341859] NOTICE: slash.runner: #4: /tmp/tmpwe309m9p/test_08531.py:test_08536
[2020-06-13 21:17:33.342222] DEBUG: slash.runner: Started test #4: <Runnable test </tmp/tmpwe309m9p/test_08531.py:test_08536>>
[2020-06-13 21:17:33.349889] TRACE: slash.core.scope_manager: Pushed scope test
[2020-06-13 21:17:33.350057] TRACE: slash.core.cleanup_manager: CleanupManager: pushing scope 'test'
[2020-06-13 21:17:33.353144] TRACE: slash.core.scope_manager: Popping scope test (expected test)
[2020-06-13 21:17:33.353267] TRACE: slash.core.cleanup_manager: CleanupManager: popping scope 'test' (failure: False, interrupt: False)
[2020-06-13 21:17:33.353351] TRACE: slash.core.cleanup_manager: Calling cleanups of scope 'test' (failure=False, interrupt=False)
[2020-06-13 21:17:33.356785] TRACE: slash.core.scope_manager: Popped scope test
[2020-06-13 21:17:33.360130] NOTICE: slash.runner: #5: /tmp/tmpwe309m9p/test_08531.py:Test08532.test_08537
[2020-06-13 21:17:33.360486] DEBUG: slash.runner: Started test #5: <Runnable test </tmp/tmpwe309m9p/test_08531.py:Test08532.test_08537>>
[2020-06-13 21:17:33.366717] TRACE: slash.core.scope_manager: Pushed scope test
[2020-06-13 21:17:33.366838] TRACE: slash.core.cleanup_manager: CleanupManager: pushing scope 'test'
[2020-06-13 21:17:33.376183] TRACE: slash.core.scope_manager: Popping scope test (expected test)
[2020-06-13 21:17:33.376309] TRACE: slash.core.cleanup_manager: CleanupManager: popping scope 'test' (failure: False, interrupt: False)
[2020-06-13 21:17:33.376389] TRACE: slash.core.cleanup_manager: Calling cleanups of scope 'test' (failure=False, interrupt=False)
[2020-06-13 21:17:33.379751] TRACE: slash.core.scope_manager: Popped scope test
[2020-06-13 21:17:33.383275] NOTICE: slash.runner: #6: /tmp/tmpwe309m9p/test_08531.py:test_08538
[2020-06-13 21:17:33.383661] DEBUG: slash.runner: Started test #6: <Runnable test </tmp/tmpwe309m9p/test_08531.py:test_08538>>
[2020-06-13 21:17:33.389677] TRACE: slash.core.scope_manager: Pushed scope test
[2020-06-13 21:17:33.389789] TRACE: slash.core.cleanup_manager: CleanupManager: pushing scope 'test'
[2020-06-13 21:17:33.392933] TRACE: slash.core.scope_manager: Popping scope test (expected test)
[2020-06-13 21:17:33.393046] TRACE: slash.core.cleanup_manager: CleanupManager: popping scope 'test' (failure: False, interrupt: False)
[2020-06-13 21:17:33.393124] TRACE: slash.core.cleanup_manager: Calling cleanups of scope 'test' (failure=False, interrupt=False)
[2020-06-13 21:17:33.396610] TRACE: slash.core.scope_manager: Popped scope test
[2020-06-13 21:17:33.400015] NOTICE: slash.runner: #7: /tmp/tmpwe309m9p/test_08531.py:Test08539.test_08540
[2020-06-13 21:17:33.400365] DEBUG: slash.runner: Started test #7: <Runnable test </tmp/tmpwe309m9p/test_08531.py:Test08539.test_08540>>
[2020-06-13 21:17:33.406545] TRACE: slash.core.scope_manager: Pushed scope test
[2020-06-13 21:17:33.406661] TRACE: slash.core.cleanup_manager: CleanupManager: pushing scope 'test'
[2020-06-13 21:17:33.416102] TRACE: slash.core.scope_manager: Popping scope test (expected test)
[2020-06-13 21:17:33.416223] TRACE: slash.core.cleanup_manager: CleanupManager: popping scope 'test' (failure: False, interrupt: False)
[2020-06-13 21:17:33.416302] TRACE: slash.core.cleanup_manager: Calling cleanups of scope 'test' (failure=False, interrupt=False)
[2020-06-13 21:17:33.419708] TRACE: slash.core.scope_manager: Popped scope test
[2020-06-13 21:17:33.423402] NOTICE: slash.runner: #8: /tmp/tmpwe309m9p/test_08531.py:test_08541
[2020-06-13 21:17:33.423785] DEBUG: slash.runner: Started test #8: <Runnable test </tmp/tmpwe309m9p/test_08531.py:test_08541>>
[2020-06-13 21:17:33.430654] TRACE: slash.core.scope_manager: Pushed scope test
[2020-06-13 21:17:33.430807] TRACE: slash.core.cleanup_manager: CleanupManager: pushing scope 'test'
[2020-06-13 21:17:33.433870] TRACE: slash.core.scope_manager: Popping scope test (expected test)
[2020-06-13 21:17:33.433984] TRACE: slash.core.cleanup_manager: CleanupManager: popping scope 'test' (failure: False, interrupt: False)
[2020-06-13 21:17:33.434063] TRACE: slash.core.cleanup_manager: Calling cleanups of scope 'test' (failure=False, interrupt=False)
[2020-06-13 21:17:33.437555] TRACE: slash.core.scope_manager: Popped scope test
[2020-06-13 21:17:33.440952] NOTICE: slash.runner: #9: /tmp/tmpwe309m9p/test_08531.py:Test08539.test_08542
[2020-06-13 21:17:33.441304] DEBUG: slash.runner: Started test #9: <Runnable test </tmp/tmpwe309m9p/test_08531.py:Test08539.test_08542>>
[2020-06-13 21:17:33.447359] TRACE: slash.core.scope_manager: Pushed scope test
[2020-06-13 21:17:33.447467] TRACE: slash.core.cleanup_manager: CleanupManager: pushing scope 'test'
[2020-06-13 21:17:33.456572] TRACE: slash.core.scope_manager: Popping scope test (expected test)
[2020-06-13 21:17:33.456694] TRACE: slash.core.cleanup_manager: CleanupManager: popping scope 'test' (failure: False, interrupt: False)
[2020-06-13 21:17:33.456783] TRACE: slash.core.cleanup_manager: Calling cleanups of scope 'test' (failure=False, interrupt=False)
[2020-06-13 21:17:33.460167] TRACE: slash.core.scope_manager: Popped scope test
[2020-06-13 21:17:33.463713] NOTICE: slash.runner: #10: /tmp/tmpwe309m9p/test_08531.py:test_08543
[2020-06-13 21:17:33.464072] DEBUG: slash.runner: Started test #10: <Runnable test </tmp/tmpwe309m9p/test_08531.py:test_08543>>
[2020-06-13 21:17:33.469969] TRACE: slash.core.scope_manager: Pushed scope test
[2020-06-13 21:17:33.470080] TRACE: slash.core.cleanup_manager: CleanupManager: pushing scope 'test'
[2020-06-13 21:17:33.473148] TRACE: slash.core.scope_manager: Popping scope test (expected test)
[2020-06-13 21:17:33.473261] TRACE: slash.core.cleanup_manager: CleanupManager: popping scope 'test' (failure: False, interrupt: False)
[2020-06-13 21:17:33.473339] TRACE: slash.core.cleanup_manager: Calling cleanups of scope 'test' (failure=False, interrupt=False)
[2020-06-13 21:17:33.476726] TRACE: slash.core.scope_manager: Popped scope test
[2020-06-13 21:17:33.480129] NOTICE: slash.runner: #11: /tmp/tmpwe309m9p/test_08531.py:Test08532.test_08533
[2020-06-13 21:17:33.480480] DEBUG: slash.runner: Started test #11: <Runnable test </tmp/tmpwe309m9p/test_08531.py:Test08532.test_08533>>
[2020-06-13 21:17:33.486430] TRACE: slash.core.scope_manager: Pushed scope test
[2020-06-13 21:17:33.486540] TRACE: slash.core.cleanup_manager: CleanupManager: pushing scope 'test'
[2020-06-13 21:17:33.496026] TRACE: slash.core.scope_manager: Popping scope test (expected test)
[2020-06-13 21:17:33.496149] TRACE: slash.core.cleanup_manager: CleanupManager: popping scope 'test' (failure: False, interrupt: False)
[2020-06-13 21:17:33.496229] TRACE: slash.core.cleanup_manager: Calling cleanups of scope 'test' (failure=False, interrupt=False)
[2020-06-13 21:17:33.499497] TRACE: slash.core.scope_manager: Popped scope test
[2020-06-13 21:17:33.502860] NOTICE: slash.runner: #12: /tmp/tmpwe309m9p/test_08531.py:test_08534
[2020-06-13 21:17:33.503215] DEBUG: slash.runner: Started test #12: <Runnable test </tmp/tmpwe309m9p/test_08531.py:test_08534>>
[2020-06-13 21:17:33.510805] TRACE: slash.core.scope_manager: Pushed scope test
[2020-06-13 21:17:33.510979] TRACE: slash.core.cleanup_manager: CleanupManager: pushing scope 'test'
[2020-06-13 21:17:33.514016] TRACE: slash.core.scope_manager: Popping scope test (expected test)
[2020-06-13 21:17:33.514130] TRACE: slash.core.cleanup_manager: CleanupManager: popping scope 'test' (failure: False, interrupt: False)
[2020-06-13 21:17:33.514210] TRACE: slash.core.cleanup_manager: Calling cleanups of scope 'test' (failure=False, interrupt=False)
[2020-06-13 21:17:33.517650] TRACE: slash.core.scope_manager: Popped scope test
[2020-06-13 21:17:33.521058] NOTICE: slash.runner: #13: /tmp/tmpwe309m9p/test_08531.py:Test08532.test_08535
[2020-06-13 21:17:33.521421] DEBUG: slash.runner: Started test #13: <Runnable test </tmp/tmpwe309m9p/test_08531.py:Test08532.test_08535>>
[2020-06-13 21:17:33.527388] TRACE: slash.core.scope_manager: Pushed scope test
[2020-06-13 21:17:33.527499] TRACE: slash.core.cleanup_manager: CleanupManager: pushing scope 'test'
[2020-06-13 21:17:33.536670] TRACE: slash.core.scope_manager: Popping scope test (expected test)
[2020-06-13 21:17:33.536790] TRACE: slash.core.cleanup_manager: CleanupManager: popping scope 'test' (failure: False, interrupt: False)
[2020-06-13 21:17:33.536867] TRACE: slash.core.cleanup_manager: Calling cleanups of scope 'test' (failure=False, interrupt=False)
[2020-06-13 21:17:33.540120] TRACE: slash.core.scope_manager: Popped scope test
[2020-06-13 21:17:33.543575] NOTICE: slash.runner: #14: /tmp/tmpwe309m9p/test_08531.py:test_08536
[2020-06-13 21:17:33.543930] DEBUG: slash.runner: Started test #14: <Runnable test </tmp/tmpwe309m9p/test_08531.py:test_08536>>
[2020-06-13 21:17:33.549844] TRACE: slash.core.scope_manager: Pushed scope test
[2020-06-13 21:17:33.549953] TRACE: slash.core.cleanup_manager: CleanupManager: pushing scope 'test'
[2020-06-13 21:17:33.553012] TRACE: slash.core.scope_manager: Popping scope test (expected test)
[2020-06-13 21:17:33.553127] TRACE: slash.core.cleanup_manager: CleanupManager: popping scope 'test' (failure: False, interrupt: False)
[2020-06-13 21:17:33.553206] TRACE: slash.core.cleanup_manager: Calling cleanups of scope 'test' (failure=False, interrupt=False)
[2020-06-13 21:17:33.556756] TRACE: slash.core.scope_manager: Popped scope test
[2020-06-13 21:17:33.560091] NOTICE: slash.runner: #15: /tmp/tmpwe309m9p/test_08531.py:Test08532.test_08537
[2020-06-13 21:17:33.560446] DEBUG: slash.runner: Started test #15: <Runnable test </tmp/tmpwe309m9p/test_08531.py:Test08532.test_08537>>
[2020-06-13 21:17:33.566696] TRACE: slash.core.scope_manager: Pushed scope test
[2020-06-13 21:17:33.566805] TRACE: slash.core.cleanup_manager: CleanupManager: pushing scope 'test'
[2020-06-13 21:17:33.576099] TRACE: slash.core.scope_manager: Popping scope test (expected test)
[2020-06-13 21:17:33.576221] TRACE: slash.core.cleanup_manager: CleanupManager: popping scope 'test' (failure: False, interrupt: False)
[2020-06-13 21:17:33.576303] TRACE: slash.core.cleanup_manager: Calling cleanups of scope 'test' (failure=False, interrupt=False)
[2020-06-13 21:17:33.580937] TRACE: slash.core.scope_manager: Popped scope test
[2020-06-13 21:17:33.584972] NOTICE: slash.runner: #16: /tmp/tmpwe309m9p/test_08531.py:test_08538
[2020-06-13 21:17:33.585388] DEBUG: slash.runner: Started test #16: <Runnable test </tmp/tmpwe309m9p/test_08531.py:test_08538>>
[2020-06-13 21:17:33.592115] TRACE: slash.core.scope_manager: Pushed scope test
[2020-06-13 21:17:33.592236] TRACE: slash.core.cleanup_manager: CleanupManager: pushing scope 'test'
[2020-06-13 21:17:33.595525] TRACE: slash.core.scope_manager: Popping scope test (expected test)
[2020-06-13 21:17:33.595648] TRACE: slash.core.cleanup_manager: CleanupManager: popping scope 'test' (failure: False, interrupt: False)
[2020-06-13 21:17:33.595733] TRACE: slash.core.cleanup_manager: Calling cleanups of scope 'test' (failure=False, interrupt=False)
[2020-06-13 21:17:33.599404] TRACE: slash.core.scope_manager: Popped scope test
[2020-06-13 21:17:33.602885] NOTICE: slash.runner: #17: /tmp/tmpwe309m9p/test_08531.py:Test08539.test_08540
[2020-06-13 21:17:33.603256] DEBUG: slash.runner: Started test #17: <Runnable test </tmp/tmpwe309m9p/test_08531.py:Test08539.test_08540>>
[2020-06-13 21:17:33.609467] TRACE: slash.core.scope_manager: Pushed scope test
[2020-06-13 21:17:33.609583] TRACE: slash.core.cleanup_manager: CleanupManager: pushing scope 'test'
[2020-06-13 21:17:33.619467] TRACE: slash.core.scope_manager: Popping scope test (expected test)
[2020-06-13 21:17:33.619596] TRACE: slash.core.cleanup_manager: CleanupManager: popping scope 'test' (failure: False, interrupt: False)
[2020-06-13 21:17:33.619682] TRACE: slash.core.cleanup_manager: Calling cleanups of scope 'test' (failure=False, interrupt=False)
[2020-06-13 21:17:33.623245] TRACE: slash.core.scope_manager: Popped scope test
[2020-06-13 21:17:33.627106] NOTICE: slash.runner: #18: /tmp/tmpwe309m9p/test_08531.py:test_08541
[2020-06-13 21:17:33.627502] DEBUG: slash.runner: Started test #18: <Runnable test </tmp/tmpwe309m9p/test_08531.py:test_08541>>
[2020-06-13 21:17:33.633528] TRACE: slash.core.scope_manager: Pushed scope test
[2020-06-13 21:17:33.633639] TRACE: slash.core.cleanup_manager: CleanupManager: pushing scope 'test'
[2020-06-13 21:17:33.636716] TRACE: slash.core.scope_manager: Popping scope test (expected test)
[2020-06-13 21:17:33.636830] TRACE: slash.core.cleanup_manager: CleanupManager: popping scope 'test' (failure: False, interrupt: False)
[2020-06-13 21:17:33.636910] TRACE: slash.core.cleanup_manager: Calling cleanups of scope 'test' (failure=False, interrupt=False)
[2020-06-13 21:17:33.640325] TRACE: slash.core.scope_manager: Popped scope test
[2020-06-13 21:17:33.643759] NOTICE: slash.runner: #19: /tmp/tmpwe309m9p/test_08531.py:Test08539.test_08542
[2020-06-13 21:17:33.644121] DEBUG: slash.runner: Started test #19: <Runnable test </tmp/tmpwe309m9p/test_08531.py:Test08539.test_08542>>
[2020-06-13 21:17:33.650084] TRACE: slash.core.scope_manager: Pushed scope test
[2020-06-13 21:17:33.650195] TRACE: slash.core.cleanup_manager: CleanupManager: pushing scope 'test'
[2020-06-13 21:17:33.660854] TRACE: slash.core.scope_manager: Popping scope test (expected test)
[2020-06-13 21:17:33.661035] TRACE: slash.core.cleanup_manager: CleanupManager: popping scope 'test' (failure: False, interrupt: False)
[2020-06-13 21:17:33.661119] TRACE: slash.core.cleanup_manager: Calling cleanups of scope 'test' (failure=False, interrupt=False)
[2020-06-13 21:17:33.664383] TRACE: slash.core.scope_manager: Popped scope test
[2020-06-13 21:17:33.667740] NOTICE: slash.runner: #20: /tmp/tmpwe309m9p/test_08531.py:test_08543
[2020-06-13 21:17:33.668095] DEBUG: slash.runner: Started test #20: <Runnable test </tmp/tmpwe309m9p/test_08531.py:test_08543>>
[2020-06-13 21:17:33.674227] TRACE: slash.core.scope_manager: Pushed scope test
[2020-06-13 21:17:33.674343] TRACE: slash.core.cleanup_manager: CleanupManager: pushing scope 'test'
[2020-06-13 21:17:33.677367] TRACE: slash.core.scope_manager: Popping scope test (expected test)
[2020-06-13 21:17:33.677480] TRACE: slash.core.cleanup_manager: CleanupManager: popping scope 'test' (failure: False, interrupt: False)
[2020-06-13 21:17:33.677558] TRACE: slash.core.cleanup_manager: Calling cleanups of scope 'test' (failure=False, interrupt=False)
[2020-06-13 21:17:33.680938] TRACE: slash.core.scope_manager: Popped scope test
[2020-06-13 21:17:33.684352] NOTICE: slash.runner: #21: /tmp/tmpwe309m9p/test_08531.py:Test08532.test_08533
[2020-06-13 21:17:33.684709] DEBUG: slash.runner: Started test #21: <Runnable test </tmp/tmpwe309m9p/test_08531.py:Test08532.test_08533>>
[2020-06-13 21:17:33.690819] TRACE: slash.core.scope_manager: Pushed scope test
[2020-06-13 21:17:33.690936] TRACE: slash.core.cleanup_manager: CleanupManager: pushing scope 'test'
[2020-06-13 21:17:33.700747] TRACE: slash.core.scope_manager: Popping scope test (expected test)
[2020-06-13 21:17:33.700877] TRACE: slash.core.cleanup_manager: CleanupManager: popping scope 'test' (failure: False, interrupt: False)
[2020-06-13 21:17:33.700961] TRACE: slash.core.cleanup_manager: Calling cleanups of scope 'test' (failure=False, interrupt=False)
[2020-06-13 21:17:33.704450] TRACE: slash.core.scope_manager: Popped scope test
[2020-06-13 21:17:33.708166] NOTICE: slash.runner: #22: /tmp/tmpwe309m9p/test_08531.py:test_08534
[2020-06-13 21:17:33.708551] DEBUG: slash.runner: Started test #22: <Runnable test </tmp/tmpwe309m9p/test_08531.py:test_08534>>
[2020-06-13 21:17:33.714886] TRACE: slash.core.scope_manager: Pushed scope test
[2020-06-13 21:17:33.715005] TRACE: slash.core.cleanup_manager: CleanupManager: pushing scope 'test'
[2020-06-13 21:17:33.718259] TRACE: slash.core.scope_manager: Popping scope test (expected test)
[2020-06-13 21:17:33.718397] TRACE: slash.core.cleanup_manager: CleanupManager: popping scope 'test' (failure: False, interrupt: False)
[2020-06-13 21:17:33.718484] TRACE: slash.core.cleanup_manager: Calling cleanups of scope 'test' (failure=False, interrupt=False)
[2020-06-13 21:17:33.722138] TRACE: slash.core.scope_manager: Popped scope test
[2020-06-13 21:17:33.725763] NOTICE: slash.runner: #23: /tmp/tmpwe309m9p/test_08531.py:Test08532.test_08535
[2020-06-13 21:17:33.726134] DEBUG: slash.runner: Started test #23: <Runnable test </tmp/tmpwe309m9p/test_08531.py:Test08532.test_08535>>
[2020-06-13 21:17:33.732516] TRACE: slash.core.scope_manager: Pushed scope test
[2020-06-13 21:17:33.732633] TRACE: slash.core.cleanup_manager: CleanupManager: pushing scope 'test'
[2020-06-13 21:17:33.744048] TRACE: slash.core.scope_manager: Popping scope test (expected test)
[2020-06-13 21:17:33.744182] TRACE: slash.core.cleanup_manager: CleanupManager: popping scope 'test' (failure: False, interrupt: False)
[2020-06-13 21:17:33.744267] TRACE: slash.core.cleanup_manager: Calling cleanups of scope 'test' (failure=False, interrupt=False)
[2020-06-13 21:17:33.747753] TRACE: slash.core.scope_manager: Popped scope test
[2020-06-13 21:17:33.751334] NOTICE: slash.runner: #24: /tmp/tmpwe309m9p/test_08531.py:test_08536
[2020-06-13 21:17:33.751713] DEBUG: slash.runner: Started test #24: <Runnable test </tmp/tmpwe309m9p/test_08531.py:test_08536>>
[2020-06-13 21:17:33.758263] TRACE: slash.core.scope_manager: Pushed scope test
[2020-06-13 21:17:33.758393] TRACE: slash.core.cleanup_manager: CleanupManager: pushing scope 'test'
[2020-06-13 21:17:33.761618] TRACE: slash.core.scope_manager: Popping scope test (expected test)
[2020-06-13 21:17:33.761737] TRACE: slash.core.cleanup_manager: CleanupManager: popping scope 'test' (failure: False, interrupt: False)
[2020-06-13 21:17:33.761819] TRACE: slash.core.cleanup_manager: Calling cleanups of scope 'test' (failure=False, interrupt=False)
[2020-06-13 21:17:33.765445] TRACE: slash.core.scope_manager: Popped scope test
[2020-06-13 21:17:33.769054] NOTICE: slash.runner: #25: /tmp/tmpwe309m9p/test_08531.py:Test08532.test_08537
[2020-06-13 21:17:33.769430] DEBUG: slash.runner: Started test #25: <Runnable test </tmp/tmpwe309m9p/test_08531.py:Test08532.test_08537>>
[2020-06-13 21:17:33.775910] TRACE: slash.core.scope_manager: Pushed scope test
[2020-06-13 21:17:33.776029] TRACE: slash.core.cleanup_manager: CleanupManager: pushing scope 'test'
[2020-06-13 21:17:33.785871] TRACE: slash.core.scope_manager: Popping scope test (expected test)
[2020-06-13 21:17:33.786001] TRACE: slash.core.cleanup_manager: CleanupManager: popping scope 'test' (failure: False, interrupt: False)
[2020-06-13 21:17:33.786086] TRACE: slash.core.cleanup_manager: Calling cleanups of scope 'test' (failure=False, interrupt=False)
[2020-06-13 21:17:33.789579] TRACE: slash.core.scope_manager: Popped scope test
[2020-06-13 21:17:33.793166] NOTICE: slash.runner: #26: /tmp/tmpwe309m9p/test_08531.py:test_08538
[2020-06-13 21:17:33.793543] DEBUG: slash.runner: Started test #26: <Runnable test </tmp/tmpwe309m9p/test_08531.py:test_08538>>
[2020-06-13 21:17:33.800112] TRACE: slash.core.scope_manager: Pushed scope test
[2020-06-13 21:17:33.800234] TRACE: slash.core.cleanup_manager: CleanupManager: pushing scope 'test'
[2020-06-13 21:17:33.803479] TRACE: slash.core.scope_manager: Popping scope test (expected test)
[2020-06-13 21:17:33.803599] TRACE: slash.core.cleanup_manager: CleanupManager: popping scope 'test' (failure: False, interrupt: False)
[2020-06-13 21:17:33.803681] TRACE: slash.core.cleanup_manager: Calling cleanups of scope 'test' (failure=False, interrupt=False)
[2020-06-13 21:17:33.807315] TRACE: slash.core.scope_manager: Popped scope test
[2020-06-13 21:17:33.811036] NOTICE: slash.runner: #27: /tmp/tmpwe309m9p/test_08531.py:Test08539.test_08540
[2020-06-13 21:17:33.811413] DEBUG: slash.runner: Started test #27: <Runnable test </tmp/tmpwe309m9p/test_08531.py:Test08539.test_08540>>
[2020-06-13 21:17:33.817787] TRACE: slash.core.scope_manager: Pushed scope test
[2020-06-13 21:17:33.817904] TRACE: slash.core.cleanup_manager: CleanupManager: pushing scope 'test'
[2020-06-13 21:17:33.829102] TRACE: slash.core.scope_manager: Popping scope test (expected test)
[2020-06-13 21:17:33.829252] TRACE: slash.core.cleanup_manager: CleanupManager: popping scope 'test' (failure: False, interrupt: False)
[2020-06-13 21:17:33.829338] TRACE: slash.core.cleanup_manager: Calling cleanups of scope 'test' (failure=False, interrupt=False)
[2020-06-13 21:17:33.832841] TRACE: slash.core.scope_manager: Popped scope test
[2020-06-13 21:17:33.836380] NOTICE: slash.runner: #28: /tmp/tmpwe309m9p/test_08531.py:test_08541
[2020-06-13 21:17:33.836752] DEBUG: slash.runner: Started test #28: <Runnable test </tmp/tmpwe309m9p/test_08531.py:test_08541>>
[2020-06-13 21:17:33.843328] TRACE: slash.core.scope_manager: Pushed scope test
[2020-06-13 21:17:33.843451] TRACE: slash.core.cleanup_manager: CleanupManager: pushing scope 'test'
[2020-06-13 21:17:33.846697] TRACE: slash.core.scope_manager: Popping scope test (expected test)
[2020-06-13 21:17:33.846818] TRACE: slash.core.cleanup_manager: CleanupManager: popping scope 'test' (failure: False, interrupt: False)
[2020-06-13 21:17:33.846911] TRACE: slash.core.cleanup_manager: Calling cleanups of scope 'test' (failure=False, interrupt=False)
[2020-06-13 21:17:33.850550] TRACE: slash.core.scope_manager: Popped scope test
[2020-06-13 21:17:33.854159] NOTICE: slash.runner: #29: /tmp/tmpwe309m9p/test_08531.py:Test08539.test_08542
[2020-06-13 21:17:33.854536] DEBUG: slash.runner: Started test #29: <Runnable test </tmp/tmpwe309m9p/test_08531.py:Test08539.test_08542>>
[2020-06-13 21:17:33.860871] TRACE: slash.core.scope_manager: Pushed scope test
[2020-06-13 21:17:33.860986] TRACE: slash.core.cleanup_manager: CleanupManager: pushing scope 'test'
[2020-06-13 21:17:33.870740] TRACE: slash.core.scope_manager: Popping scope test (expected test)
[2020-06-13 21:17:33.870869] TRACE: slash.core.cleanup_manager: CleanupManager: popping scope 'test' (failure: False, interrupt: False)
[2020-06-13 21:17:33.870955] TRACE: slash.core.cleanup_manager: Calling cleanups of scope 'test' (failure=False, interrupt=False)
[2020-06-13 21:17:33.874449] TRACE: slash.core.scope_manager: Popped scope test
[2020-06-13 21:17:33.878151] NOTICE: slash.runner: #30: /tmp/tmpwe309m9p/test_08531.py:test_08543
[2020-06-13 21:17:33.878533] DEBUG: slash.runner: Started test #30: <Runnable test </tmp/tmpwe309m9p/test_08531.py:test_08543>>
[2020-06-13 21:17:33.884833] TRACE: slash.core.scope_manager: Pushed scope test
[2020-06-13 21:17:33.884949] TRACE: slash.core.cleanup_manager: CleanupManager: pushing scope 'test'
[2020-06-13 21:17:33.888197] TRACE: slash.core.scope_manager: Popping scope test (expected test)
[2020-06-13 21:17:33.888318] TRACE: slash.core.cleanup_manager: CleanupManager: popping scope 'test' (failure: False, interrupt: False)
[2020-06-13 21:17:33.888401] TRACE: slash.core.cleanup_manager: Calling cleanups of scope 'test' (failure=False, interrupt=False)
[2020-06-13 21:17:33.892014] TRACE: slash.core.scope_manager: Popped scope test
[2020-06-13 21:17:33.895624] NOTICE: slash.runner: #31: /tmp/tmpwe309m9p/test_08531.py:Test08532.test_08533
[2020-06-13 21:17:33.895991] DEBUG: slash.runner: Started test #31: <Runnable test </tmp/tmpwe309m9p/test_08531.py:Test08532.test_08533>>
[2020-06-13 21:17:33.902376] TRACE: slash.core.scope_manager: Pushed scope test
[2020-06-13 21:17:33.902494] TRACE: slash.core.cleanup_manager: CleanupManager: pushing scope 'test'
[2020-06-13 21:17:33.913637] TRACE: slash.core.scope_manager: Popping scope test (expected test)
[2020-06-13 21:17:33.913767] TRACE: slash.core.cleanup_manager: CleanupManager: popping scope 'test' (failure: False, interrupt: False)
[2020-06-13 21:17:33.913850] TRACE: slash.core.cleanup_manager: Calling cleanups of scope 'test' (failure=False, interrupt=False)
[2020-06-13 21:17:33.917312] TRACE: slash.core.scope_manager: Popped scope test
[2020-06-13 21:17:33.920755] NOTICE: slash.runner: #32: /tmp/tmpwe309m9p/test_08531.py:test_08534
[2020-06-13 21:17:33.921101] DEBUG: slash.runner: Started test #32: <Runnable test </tmp/tmpwe309m9p/test_08531.py:test_08534>>
[2020-06-13 21:17:33.927554] TRACE: slash.core.scope_manager: Pushed scope test
[2020-06-13 21:17:33.927674] TRACE: slash.core.cleanup_manager: CleanupManager: pushing scope 'test'
[2020-06-13 21:17:33.930907] TRACE: slash.core.scope_manager: Popping scope test (expected test)
[2020-06-13 21:17:33.931028] TRACE: slash.core.cleanup_manager: CleanupManager: popping scope 'test' (failure: False, interrupt: False)
[2020-06-13 21:17:33.931111] TRACE: slash.core.cleanup_manager: Calling cleanups of scope 'test' (failure=False, interrupt=False)
[2020-06-13 21:17:33.934722] TRACE: slash.core.scope_manager: Popped scope test
[2020-06-13 21:17:33.938266] NOTICE: slash.runner: #33: /tmp/tmpwe309m9p/test_08531.py:Test08532.test_08535
[2020-06-13 21:17:33.938644] DEBUG: slash.runner: Started test #33: <Runnable test </tmp/tmpwe309m9p/test_08531.py:Test08532.test_08535>>
[2020-06-13 21:17:33.945170] TRACE: slash.core.scope_manager: Pushed scope test
[2020-06-13 21:17:33.945291] TRACE: slash.core.cleanup_manager: CleanupManager: pushing scope 'test'
[2020-06-13 21:17:33.955143] TRACE: slash.core.scope_manager: Popping scope test (expected test)
[2020-06-13 21:17:33.955273] TRACE: slash.core.cleanup_manager: CleanupManager: popping scope 'test' (failure: False, interrupt: False)
[2020-06-13 21:17:33.955358] TRACE: slash.core.cleanup_manager: Calling cleanups of scope 'test' (failure=False, interrupt=False)
[2020-06-13 21:17:33.958874] TRACE: slash.core.scope_manager: Popped scope test
[2020-06-13 21:17:33.962509] NOTICE: slash.runner: #34: /tmp/tmpwe309m9p/test_08531.py:test_08536
[2020-06-13 21:17:33.962894] DEBUG: slash.runner: Started test #34: <Runnable test </tmp/tmpwe309m9p/test_08531.py:test_08536>>
[2020-06-13 21:17:33.969542] TRACE: slash.core.scope_manager: Pushed scope test
[2020-06-13 21:17:33.969667] TRACE: slash.core.cleanup_manager: CleanupManager: pushing scope 'test'
[2020-06-13 21:17:33.972944] TRACE: slash.core.scope_manager: Popping scope test (expected test)
[2020-06-13 21:17:33.973066] TRACE: slash.core.cleanup_manager: CleanupManager: popping scope 'test' (failure: False, interrupt: False)
[2020-06-13 21:17:33.973152] TRACE: slash.core.cleanup_manager: Calling cleanups of scope 'test' (failure=False, interrupt=False)
[2020-06-13 21:17:33.976804] TRACE: slash.core.scope_manager: Popped scope test
[2020-06-13 21:17:33.980486] NOTICE: slash.runner: #35: /tmp/tmpwe309m9p/test_08531.py:Test08532.test_08537
[2020-06-13 21:17:33.980874] DEBUG: slash.runner: Started test #35: <Runnable test </tmp/tmpwe309m9p/test_08531.py:Test08532.test_08537>>
[2020-06-13 21:17:33.987268] TRACE: slash.core.scope_manager: Pushed scope test
[2020-06-13 21:17:33.987386] TRACE: slash.core.cleanup_manager: CleanupManager: pushing scope 'test'
[2020-06-13 21:17:33.998681] TRACE: slash.core.scope_manager: Popping scope test (expected test)
[2020-06-13 21:17:33.998835] TRACE: slash.core.cleanup_manager: CleanupManager: popping scope 'test' (failure: False, interrupt: False)
[2020-06-13 21:17:33.998923] TRACE: slash.core.cleanup_manager: Calling cleanups of scope 'test' (failure=False, interrupt=False)
[2020-06-13 21:17:34.002431] TRACE: slash.core.scope_manager: Popped scope test
[2020-06-13 21:17:34.006030] NOTICE: slash.runner: #36: /tmp/tmpwe309m9p/test_08531.py:test_08538
[2020-06-13 21:17:34.006431] DEBUG: slash.runner: Started test #36: <Runnable test </tmp/tmpwe309m9p/test_08531.py:test_08538>>
[2020-06-13 21:17:34.013007] TRACE: slash.core.scope_manager: Pushed scope test
[2020-06-13 21:17:34.013130] TRACE: slash.core.cleanup_manager: CleanupManager: pushing scope 'test'
[2020-06-13 21:17:34.016377] TRACE: slash.core.scope_manager: Popping scope test (expected test)
[2020-06-13 21:17:34.016498] TRACE: slash.core.cleanup_manager: CleanupManager: popping scope 'test' (failure: False, interrupt: False)
[2020-06-13 21:17:34.016583] TRACE: slash.core.cleanup_manager: Calling cleanups of scope 'test' (failure=False, interrupt=False)
[2020-06-13 21:17:34.020235] TRACE: slash.core.scope_manager: Popped scope test
[2020-06-13 21:17:34.023880] NOTICE: slash.runner: #37: /tmp/tmpwe309m9p/test_08531.py:Test08539.test_08540
[2020-06-13 21:17:34.024238] DEBUG: slash.runner: Started test #37: <Runnable test </tmp/tmpwe309m9p/test_08531.py:Test08539.test_08540>>
[2020-06-13 21:17:34.030289] TRACE: slash.core.scope_manager: Pushed scope test
[2020-06-13 21:17:34.030435] TRACE: slash.core.cleanup_manager: CleanupManager: pushing scope 'test'
[2020-06-13 21:17:34.040332] TRACE: slash.core.scope_manager: Popping scope test (expected test)
[2020-06-13 21:17:34.040464] TRACE: slash.core.cleanup_manager: CleanupManager: popping scope 'test' (failure: False, interrupt: False)
[2020-06-13 21:17:34.040550] TRACE: slash.core.cleanup_manager: Calling cleanups of scope 'test' (failure=False, interrupt=False)
[2020-06-13 21:17:34.044093] TRACE: slash.core.scope_manager: Popped scope test
[2020-06-13 21:17:34.047868] NOTICE: slash.runner: #38: /tmp/tmpwe309m9p/test_08531.py:test_08541
[2020-06-13 21:17:34.048253] DEBUG: slash.runner: Started test #38: <Runnable test </tmp/tmpwe309m9p/test_08531.py:test_08541>>
[2020-06-13 21:17:34.054659] TRACE: slash.core.scope_manager: Pushed scope test
[2020-06-13 21:17:34.054777] TRACE: slash.core.cleanup_manager: CleanupManager: pushing scope 'test'
[2020-06-13 21:17:34.058042] TRACE: slash.core.scope_manager: Popping scope test (expected test)
[2020-06-13 21:17:34.058163] TRACE: slash.core.cleanup_manager: CleanupManager: popping scope 'test' (failure: False, interrupt: False)
[2020-06-13 21:17:34.058246] TRACE: slash.core.cleanup_manager: Calling cleanups of scope 'test' (failure=False, interrupt=False)
[2020-06-13 21:17:34.061887] TRACE: slash.core.scope_manager: Popped scope test
[2020-06-13 21:17:34.065522] NOTICE: slash.runner: #39: /tmp/tmpwe309m9p/test_08531.py:Test08539.test_08542
[2020-06-13 21:17:34.065898] DEBUG: slash.runner: Started test #39: <Runnable test </tmp/tmpwe309m9p/test_08531.py:Test08539.test_08542>>
[2020-06-13 21:17:34.072332] TRACE: slash.core.scope_manager: Pushed scope test
[2020-06-13 21:17:34.072450] TRACE: slash.core.cleanup_manager: CleanupManager: pushing scope 'test'
[2020-06-13 21:17:34.083666] TRACE: slash.core.scope_manager: Popping scope test (expected test)
[2020-06-13 21:17:34.083797] TRACE: slash.core.cleanup_manager: CleanupManager: popping scope 'test' (failure: False, interrupt: False)
[2020-06-13 21:17:34.083882] TRACE: slash.core.cleanup_manager: Calling cleanups of scope 'test' (failure=False, interrupt=False)
[2020-06-13 21:17:34.087251] TRACE: slash.core.scope_manager: Popped scope test
[2020-06-13 21:17:34.090765] NOTICE: slash.runner: #40: /tmp/tmpwe309m9p/test_08531.py:test_08543
[2020-06-13 21:17:34.091144] DEBUG: slash.runner: Started test #40: <Runnable test </tmp/tmpwe309m9p/test_08531.py:test_08543>>
[2020-06-13 21:17:34.097705] TRACE: slash.core.scope_manager: Pushed scope test
[2020-06-13 21:17:34.097828] TRACE: slash.core.cleanup_manager: CleanupManager: pushing scope 'test'
[2020-06-13 21:17:34.101084] TRACE: slash.core.scope_manager: Popping scope test (expected test)
[2020-06-13 21:17:34.101204] TRACE: slash.core.cleanup_manager: CleanupManager: popping scope 'test' (failure: False, interrupt: False)
[2020-06-13 21:17:34.101289] TRACE: slash.core.cleanup_manager: Calling cleanups of scope 'test' (failure=False, interrupt=False)
[2020-06-13 21:17:34.104927] TRACE: slash.core.scope_manager: Popped scope test
[2020-06-13 21:17:34.108509] NOTICE: slash.runner: #41: /tmp/tmpwe309m9p/test_08531.py:Test08532.test_08533
[2020-06-13 21:17:34.108880] DEBUG: slash.runner: Started test #41: <Runnable test </tmp/tmpwe309m9p/test_08531.py:Test08532.test_08533>>
[2020-06-13 21:17:34.115412] TRACE: slash.core.scope_manager: Pushed scope test
[2020-06-13 21:17:34.115533] TRACE: slash.core.cleanup_manager: CleanupManager: pushing scope 'test'
[2020-06-13 21:17:34.125363] TRACE: slash.core.scope_manager: Popping scope test (expected test)
[2020-06-13 21:17:34.125493] TRACE: slash.core.cleanup_manager: CleanupManager: popping scope 'test' (failure: False, interrupt: False)
[2020-06-13 21:17:34.125579] TRACE: slash.core.cleanup_manager: Calling cleanups of scope 'test' (failure=False, interrupt=False)
[2020-06-13 21:17:34.129083] TRACE: slash.core.scope_manager: Popped scope test
[2020-06-13 21:17:34.132670] NOTICE: slash.runner: #42: /tmp/tmpwe309m9p/test_08531.py:test_08534
[2020-06-13 21:17:34.133043] DEBUG: slash.runner: Started test #42: <Runnable test </tmp/tmpwe309m9p/test_08531.py:test_08534>>
[2020-06-13 21:17:34.139630] TRACE: slash.core.scope_manager: Pushed scope test
[2020-06-13 21:17:34.139753] TRACE: slash.core.cleanup_manager: CleanupManager: pushing scope 'test'
[2020-06-13 21:17:34.143008] TRACE: slash.core.scope_manager: Popping scope test (expected test)
[2020-06-13 21:17:34.143130] TRACE: slash.core.cleanup_manager: CleanupManager: popping scope 'test' (failure: False, interrupt: False)
[2020-06-13 21:17:34.143212] TRACE: slash.core.cleanup_manager: Calling cleanups of scope 'test' (failure=False, interrupt=False)
[2020-06-13 21:17:34.146862] TRACE: slash.core.scope_manager: Popped scope test
[2020-06-13 21:17:34.150511] NOTICE: slash.runner: #43: /tmp/tmpwe309m9p/test_08531.py:Test08532.test_08535
[2020-06-13 21:17:34.150895] DEBUG: slash.runner: Started test #43: <Runnable test </tmp/tmpwe309m9p/test_08531.py:Test08532.test_08535>>
[2020-06-13 21:17:34.157295] TRACE: slash.core.scope_manager: Pushed scope test
[2020-06-13 21:17:34.157413] TRACE: slash.core.cleanup_manager: CleanupManager: pushing scope 'test'
[2020-06-13 21:17:34.168550] TRACE: slash.core.scope_manager: Popping scope test (expected test)
[2020-06-13 21:17:34.168705] TRACE: slash.core.cleanup_manager: CleanupManager: popping scope 'test' (failure: False, interrupt: False)
[2020-06-13 21:17:34.168791] TRACE: slash.core.cleanup_manager: Calling cleanups of scope 'test' (failure=False, interrupt=False)
[2020-06-13 21:17:34.172294] TRACE: slash.core.scope_manager: Popped scope test
[2020-06-13 21:17:34.175876] NOTICE: slash.runner: #44: /tmp/tmpwe309m9p/test_08531.py:test_08536
[2020-06-13 21:17:34.176262] DEBUG: slash.runner: Started test #44: <Runnable test </tmp/tmpwe309m9p/test_08531.py:test_08536>>
[2020-06-13 21:17:34.182809] TRACE: slash.core.scope_manager: Pushed scope test
[2020-06-13 21:17:34.182930] TRACE: slash.core.cleanup_manager: CleanupManager: pushing scope 'test'
[2020-06-13 21:17:34.186150] TRACE: slash.core.scope_manager: Popping scope test (expected test)
[2020-06-13 21:17:34.186269] TRACE: slash.core.cleanup_manager: CleanupManager: popping scope 'test' (failure: False, interrupt: False)
[2020-06-13 21:17:34.186353] TRACE: slash.core.cleanup_manager: Calling cleanups of scope 'test' (failure=False, interrupt=False)
[2020-06-13 21:17:34.189992] TRACE: slash.core.scope_manager: Popped scope test
[2020-06-13 21:17:34.193612] NOTICE: slash.runner: #45: /tmp/tmpwe309m9p/test_08531.py:Test08532.test_08537
[2020-06-13 21:17:34.193985] DEBUG: slash.runner: Started test #45: <Runnable test </tmp/tmpwe309m9p/test_08531.py:Test08532.test_08537>>
[2020-06-13 21:17:34.200372] TRACE: slash.core.scope_manager: Pushed scope test
[2020-06-13 21:17:34.200490] TRACE: slash.core.cleanup_manager: CleanupManager: pushing scope 'test'
[2020-06-13 21:17:34.209794] TRACE: slash.core.scope_manager: Popping scope test (expected test)
[2020-06-13 21:17:34.209915] TRACE: slash.core.cleanup_manager: CleanupManager: popping scope 'test' (failure: False, interrupt: False)
[2020-06-13 21:17:34.209996] TRACE: slash.core.cleanup_manager: Calling cleanups of scope 'test' (failure=False, interrupt=False)
[2020-06-13 21:17:34.213289] TRACE: slash.core.scope_manager: Popped scope test
[2020-06-13 21:17:34.216788] NOTICE: slash.runner: #46: /tmp/tmpwe309m9p/test_08531.py:test_08538
[2020-06-13 21:17:34.217144] DEBUG: slash.runner: Started test #46: <Runnable test </tmp/tmpwe309m9p/test_08531.py:test_08538>>
[2020-06-13 21:17:34.223058] TRACE: slash.core.scope_manager: Pushed scope test
[2020-06-13 21:17:34.223170] TRACE: slash.core.cleanup_manager: CleanupManager: pushing scope 'test'
[2020-06-13 21:17:34.226200] TRACE: slash.core.scope_manager: Popping scope test (expected test)
[2020-06-13 21:17:34.226314] TRACE: slash.core.cleanup_manager: CleanupManager: popping scope 'test' (failure: False, interrupt: False)
[2020-06-13 21:17:34.226413] TRACE: slash.core.cleanup_manager: Calling cleanups of scope 'test' (failure=False, interrupt=False)
[2020-06-13 21:17:34.229800] TRACE: slash.core.scope_manager: Popped scope test
[2020-06-13 21:17:34.233187] NOTICE: slash.runner: #47: /tmp/tmpwe309m9p/test_08531.py:Test08539.test_08540
[2020-06-13 21:17:34.233533] DEBUG: slash.runner: Started test #47: <Runnable test </tmp/tmpwe309m9p/test_08531.py:Test08539.test_08540>>
[2020-06-13 21:17:34.239492] TRACE: slash.core.scope_manager: Pushed scope test
[2020-06-13 21:17:34.239603] TRACE: slash.core.cleanup_manager: CleanupManager: pushing scope 'test'
[2020-06-13 21:17:34.250066] TRACE: slash.core.scope_manager: Popping scope test (expected test)
[2020-06-13 21:17:34.250192] TRACE: slash.core.cleanup_manager: CleanupManager: popping scope 'test' (failure: False, interrupt: False)
[2020-06-13 21:17:34.250281] TRACE: slash.core.cleanup_manager: Calling cleanups of scope 'test' (failure=False, interrupt=False)
[2020-06-13 21:17:34.253545] TRACE: slash.core.scope_manager: Popped scope test
[2020-06-13 21:17:34.256911] NOTICE: slash.runner: #48: /tmp/tmpwe309m9p/test_08531.py:test_08541
[2020-06-13 21:17:34.257297] DEBUG: slash.runner: Started test #48: <Runnable test </tmp/tmpwe309m9p/test_08531.py:test_08541>>
[2020-06-13 21:17:34.263486] TRACE: slash.core.scope_manager: Pushed scope test
[2020-06-13 21:17:34.263602] TRACE: slash.core.cleanup_manager: CleanupManager: pushing scope 'test'
[2020-06-13 21:17:34.266645] TRACE: slash.core.scope_manager: Popping scope test (expected test)
[2020-06-13 21:17:34.266758] TRACE: slash.core.cleanup_manager: CleanupManager: popping scope 'test' (failure: False, interrupt: False)
[2020-06-13 21:17:34.266836] TRACE: slash.core.cleanup_manager: Calling cleanups of scope 'test' (failure=False, interrupt=False)
[2020-06-13 21:17:34.270217] TRACE: slash.core.scope_manager: Popped scope test
[2020-06-13 21:17:34.273557] NOTICE: slash.runner: #49: /tmp/tmpwe309m9p/test_08531.py:Test08539.test_08542
[2020-06-13 21:17:34.273908] DEBUG: slash.runner: Started test #49: <Runnable test </tmp/tmpwe309m9p/test_08531.py:Test08539.test_08542>>
[2020-06-13 21:17:34.279990] TRACE: slash.core.scope_manager: Pushed scope test
[2020-06-13 21:17:34.280102] TRACE: slash.core.cleanup_manager: CleanupManager: pushing scope 'test'
[2020-06-13 21:17:34.289270] TRACE: slash.core.scope_manager: Popping scope test (expected test)
[2020-06-13 21:17:34.289391] TRACE: slash.core.cleanup_manager: CleanupManager: popping scope 'test' (failure: False, interrupt: False)
[2020-06-13 21:17:34.289471] TRACE: slash.core.cleanup_manager: Calling cleanups of scope 'test' (failure=False, interrupt=False)
[2020-06-13 21:17:34.292901] TRACE: slash.core.scope_manager: Popped scope test
[2020-06-13 21:17:34.296246] NOTICE: slash.runner: #50: /tmp/tmpwe309m9p/test_08531.py:test_08543
[2020-06-13 21:17:34.296597] DEBUG: slash.runner: Started test #50: <Runnable test </tmp/tmpwe309m9p/test_08531.py:test_08543>>
[2020-06-13 21:17:34.302714] TRACE: slash.core.scope_manager: Pushed scope test
[2020-06-13 21:17:34.302827] TRACE: slash.core.cleanup_manager: CleanupManager: pushing scope 'test'
[2020-06-13 21:17:34.305842] TRACE: slash.core.scope_manager: Popping scope test (expected test)
[2020-06-13 21:17:34.305954] TRACE: slash.core.cleanup_manager: CleanupManager: popping scope 'test' (failure: False, interrupt: False)
[2020-06-13 21:17:34.306032] TRACE: slash.core.cleanup_manager: Calling cleanups of scope 'test' (failure=False, interrupt=False)
[2020-06-13 21:17:34.309419] TRACE: slash.core.scope_manager: Popped scope test
[2020-06-13 21:17:34.315445] TRACE: slash.core.scope_manager: Popping scope module (expected module)
[2020-06-13 21:17:34.315564] TRACE: slash.core.cleanup_manager: CleanupManager: popping scope 'module' (failure: False, interrupt: False)
[2020-06-13 21:17:34.315646] TRACE: slash.core.cleanup_manager: Calling cleanups of scope 'module' (failure=False, interrupt=False)
[2020-06-13 21:17:34.315732] TRACE: slash.core.scope_manager: Popped scope module
[2020-06-13 21:17:34.315803] TRACE: slash.core.scope_manager: Popping scope session (expected session)
[2020-06-13 21:17:34.315879] TRACE: slash.core.cleanup_manager: CleanupManager: popping scope 'session' (failure: False, interrupt: False)
[2020-06-13 21:17:34.315946] TRACE: slash.core.cleanup_manager: Calling cleanups of scope 'session' (failure=False, interrupt=False)
[2020-06-13 21:17:34.316022] TRACE: slash.core.scope_manager: Popped scope session
[2020-06-13 21:17:34.316606] TRACE: slash.runner: Session finished. is_success=True has_skips=False
[2020-06-13 21:17:34.319580] TRACE: slash.core.cleanup_manager: CleanupManager: popping scope 'session-global' (failure: False, interrupt: False)
[2020-06-13 21:17:34.319687] TRACE: slash.core.cleanup_manager: Calling cleanups of scope 'session-global' (failure=False, interrupt=False)
[2020-06-13 21:17:34.328131] DEBUG: slash.resuming: Saved resume state to DB

----------- coverage: platform linux, python 3.5.6-final-0 -----------
Coverage HTML written to dir htmlcov

=========================== short test summary info ============================
FAILED tests/test_repeat.py::test_repeat_all_global - assert [0, 1, 2, 3, 4, ...
===== 1 failed, 1512 passed, 1 skipped, 164 warnings in 620.26s (0:10:20) ======

travis_time:end:1aafa560:start=1592082638768968276,finish=1592083262855923210,duration=624086954934[0K
[31;1mThe command "make test" exited with 2.[0m
travis_time:start:06680580[0K$ if [[ $TRAVIS_PYTHON_VERSION == '3.6' ]]; then make pylint; fi

travis_time:end:06680580:start=1592083262869352099,finish=1592083262878901578,duration=9549479[0K
[32;1mThe command "if [[ $TRAVIS_PYTHON_VERSION == '3.6' ]]; then make pylint; fi" exited with 0.[0m
travis_fold:start:after_failure[0Ktravis_time:start:0602098a[0K$ .env/bin/pip freeze
alabaster==0.7.12
arrow==0.15.6
astroid==2.4.2
atomicwrites==1.4.0
attrs==19.3.0
Babel==2.8.0
backcall==0.2.0
certifi==2020.4.5.2
chardet==3.0.4
click==7.1.2
colorama==0.4.3
confetti==2.5.3
coverage==5.1
coveralls==2.0.0
decorator==4.4.2
dessert==1.4.1
docopt==0.6.2
docutils==0.16
emport==1.3.1
gossip==2.4.0
idna==2.9
imagesize==1.2.0
importlib-metadata==1.6.1
ipython==7.9.0
ipython-genutils==0.2.0
isort==4.3.21
jedi==0.17.0
Jinja2==2.11.2
kaptan==0.5.12
lazy-object-proxy==1.4.3
libtmux==0.8.2
Logbook==1.5.3
MarkupSafe==1.1.1
mccabe==0.6.1
more-itertools==8.3.0
munch==2.5.0
orderedset==2.0.3
packaging==20.4
parso==0.7.0
pathlib2==2.3.5
pexpect==4.8.0
pickleshare==0.7.5
pluggy==0.13.1
prompt-toolkit==2.0.10
ptyprocess==0.6.0
py==1.8.1
pyforge==1.3.0
Pygments==2.6.1
pylint==2.5.3
pyparsing==2.4.7
pytest==5.4.3
pytest-catchlog==1.2.2
pytest-cov==2.10.0
pytest-timeout==1.3.4
python-dateutil==2.8.1
pytz==2020.1
PyYAML==5.3.1
raven==6.10.0
releases==1.6.3
requests==2.23.0
semantic-version==2.6.0
sentinels==1.0.0
six==1.15.0
-e git+https://github.com/getslash/slash.git@62f0d7e80e37be06f33c1a9f12cceaaa204880c7#egg=slash
snowballstemmer==2.0.0
Sphinx==3.1.0
sphinxcontrib-applehelp==1.0.2
sphinxcontrib-devhelp==1.0.2
sphinxcontrib-htmlhelp==1.0.3
sphinxcontrib-jsmath==1.0.1
sphinxcontrib-qthelp==1.0.3
sphinxcontrib-serializinghtml==1.1.4
SQLAlchemy==1.3.17
tmuxp==1.5.4
toml==0.10.1
traitlets==4.3.3
typed-ast==1.4.1
urllib3==1.25.9
vintage==0.4.1
wcwidth==0.2.4
wrapt==1.12.1
zipp==1.2.0

travis_time:end:0602098a:start=1592083262889724723,finish=1592083263381564222,duration=491839499[0Ktravis_fold:end:after_failure[0K
Done. Your build exited with 1.
