travis_fold:start:system_info[0K[33;1mBuild system information[0m
Build language: java
Build id: ''
Job id: ''
[34m[1mBuild image provisioning date and time[0m
Fri Dec 12 23:29:11 UTC 2014
[34m[1mlsb_release -a[0m
Distributor ID:	Ubuntu
Description:	Ubuntu 12.04.5 LTS
Release:	12.04
Codename:	precise
[34m[1mCookbooks Version[0m
540230e https://github.com/travis-ci/travis-cookbooks/tree/540230e
[34m[1mGCC version[0m
gcc (Ubuntu/Linaro 4.6.3-1ubuntu5) 4.6.3
Copyright (C) 2011 Free Software Foundation, Inc.
This is free software; see the source for copying conditions.  There is NO
warranty; not even for MERCHANTABILITY or FITNESS FOR A PARTICULAR PURPOSE.

[34m[1mLLVM version[0m
clang version 3.4 (tags/RELEASE_34/final)
Target: x86_64-unknown-linux-gnu
Thread model: posix
[34m[1mPre-installed Ruby versions[0m
ruby-1.9.3-p551
[34m[1mPre-installed Node.js versions[0m
v0.10.33
[34m[1mPre-installed Go versions[0m
go1.4
[34m[1mRedis version[0m
redis-server 2.8.18
[34m[1mriak version[0m
1.4.12
[34m[1mMongoDB version[0m
MongoDB 2.4.12
[34m[1mCouchDB version[0m
couchdb 1.6.1
[34m[1mNeo4j version[0m
1.9.4
[34m[1mCassandra version[0m
2.0.9
[34m[1mRabbitMQ Version[0m
3.4.2
[34m[1mElasticSearch version[0m
1.4.0
[34m[1mInstalled Sphinx versions[0m
2.0.10
2.1.9
2.2.4
[34m[1mDefault Sphinx version[0m
2.1.9
[34m[1mInstalled Firefox version[0m
firefox 31.0esr
[34m[1mPhantomJS version[0m
1.9.8
[34m[1mant -version[0m
Apache Ant(TM) version 1.8.2 compiled on December 3 2011
[34m[1mmvn -version[0m
Apache Maven 3.2.3 (33f8c3e1027c3ddde99d3cdebad2656a31e8fdf4; 2014-08-11T20:58:10+00:00)
Maven home: /usr/local/maven
Java version: 1.7.0_72, vendor: Oracle Corporation
Java home: /usr/lib/jvm/java-7-oracle/jre
Default locale: en_US, platform encoding: ANSI_X3.4-1968
OS name: "linux", version: "3.13.0-29-generic", arch: "amd64", family: "unix"
[34m[1mgradle -version[0m

------------------------------------------------------------
Gradle 2.2.1
------------------------------------------------------------

Build time:   2014-11-24 09:45:35 UTC
Build number: none
Revision:     6fcb59c06f43a4e6b1bcb401f7686a8601a1fb4a

Groovy:       2.3.6
Ant:          Apache Ant(TM) version 1.9.3 compiled on December 23 2013
JVM:          1.7.0_72 (Oracle Corporation 24.72-b04)
OS:           Linux 3.13.0-29-generic amd64

[34m[1mlein1 version[0m
Using JLine for console I/O; install rlwrap for optimum experience.
Leiningen 1.7.1 on Java 1.7.0_72 Java HotSpot(TM) 64-Bit Server VM
[34m[1mlein2 version[0m
Leiningen 2.5.0 on Java 1.7.0_72 Java HotSpot(TM) 64-Bit Server VM
[34m[1mlein version[0m
Leiningen 2.5.0 on Java 1.7.0_72 Java HotSpot(TM) 64-Bit Server VM
travis_fold:end:system_info[0K
W: GPG error: http://apt.postgresql.org precise-pgdg Release: The following signatures were invalid: KEYEXPIRED 1562078959
W: Failed to fetch http://apt.basho.com/dists/precise/Release.gpg  Could not resolve 'apt.basho.com'

W: Failed to fetch http://ppa.launchpad.net/travis-ci/zero-mq/ubuntu/dists/precise/main/binary-amd64/Packages  403  Forbidden

W: Failed to fetch http://ppa.launchpad.net/travis-ci/zero-mq/ubuntu/dists/precise/main/binary-i386/Packages  403  Forbidden

W: Failed to fetch http://downloads-distro.mongodb.org/repo/debian-sysvinit/dists/dist/10gen/binary-amd64/Packages  Undetermined Error [IP: 54.175.147.155 80]

W: Failed to fetch http://downloads-distro.mongodb.org/repo/debian-sysvinit/dists/dist/10gen/binary-i386/Packages  Undetermined Error [IP: 54.175.147.155 80]

W: Some index files failed to download. They have been ignored, or old ones used instead.
$ jdk_switcher use oraclejdk8
Switching to Oracle JDK8 (java-8-oracle), JAVA_HOME will be set to /usr/lib/jvm/java-8-oracle
$ cd failed/puniverse/capsule

[33;1mSetting environment variables from .travis.yml[0m
$ export TERM=dumb
$ export GH_OAUTH_TOKEN=[secure]

$ export TERM=dumb
$ java -Xmx32m -version
$ javac -J-Xmx32m -version
travis_fold:start:install[0Ktravis_time:start:12780a2c[0K$ gradle -q assemble
sonatype username or password not set
sonatype username or password not set
sonatype username or password not set
100 warnings
Download https://repo1.maven.org/maven2/org/codehaus/javancss/javancss/33.54/javancss-33.54.pom
Download https://repo1.maven.org/maven2/javancss/ccl/29.50/ccl-29.50.pom
Download https://repo1.maven.org/maven2/javancss/jhbasic/29.50/jhbasic-29.50.pom
Download https://repo1.maven.org/maven2/org/codehaus/javancss/javancss/33.54/javancss-33.54.jar
Download https://repo1.maven.org/maven2/javancss/ccl/29.50/ccl-29.50.jar
Download https://repo1.maven.org/maven2/javancss/jhbasic/29.50/jhbasic-29.50.jar
[ant:javancss] Generating report
[ant:javancss] Nr.   Classes Functions      NCSS  Javadocs Package
[ant:javancss]   1         1       326      2490        91 .
[ant:javancss]     --------- --------- --------- ---------
[ant:javancss]             1       326      2490        91 Total
[ant:javancss] 
[ant:javancss]  Packages   Classes Functions      NCSS  Javadocs | per
[ant:javancss] -------------------------------------------------------------
[ant:javancss]      1.00      1.00    326.00   2490.00     91.00 | Project
[ant:javancss]                1.00    326.00   2490.00     91.00 | Package
[ant:javancss]                        326.00   2490.00     91.00 | Class
[ant:javancss]                                    7.64      0.28 | Function
64 warnings
2 warnings
[ant:javancss] Generating report
[ant:javancss] Nr.   Classes Functions      NCSS  Javadocs Package
[ant:javancss]   1         5        44       324        18 co.paralleluniverse.capsule.container
[ant:javancss]     --------- --------- --------- ---------
[ant:javancss]             5        44       324        18 Total
[ant:javancss] 
[ant:javancss]  Packages   Classes Functions      NCSS  Javadocs | per
[ant:javancss] -------------------------------------------------------------
[ant:javancss]      1.00      5.00     44.00    324.00     18.00 | Project
[ant:javancss]                5.00     44.00    324.00     18.00 | Package
[ant:javancss]                          8.80     64.80      3.60 | Class
[ant:javancss]                                    7.36      0.41 | Function
[ant:javancss] Generating report
[ant:javancss] Nr.   Classes Functions      NCSS  Javadocs Package
[ant:javancss]   1         4       108       589        73 co.paralleluniverse.capsule
[ant:javancss]   2         7        50       391         8 co.paralleluniverse.common
[ant:javancss]   3         2         9        50         0 co.paralleluniverse.filesystem
[ant:javancss]   4         1         0         3         0 co.paralleluniverse.filesystem.jimfs
[ant:javancss]     --------- --------- --------- ---------
[ant:javancss]            14       167      1033        81 Total
[ant:javancss] 
[ant:javancss]  Packages   Classes Functions      NCSS  Javadocs | per
[ant:javancss] -------------------------------------------------------------
[ant:javancss]      4.00     14.00    167.00   1033.00     81.00 | Project
[ant:javancss]                3.50     41.75    258.25     20.25 | Package
[ant:javancss]                         11.93     73.79      5.79 | Class
[ant:javancss]                                    6.19      0.49 | Function

travis_time:end:12780a2c:start=1592116571250023170,finish=1592116593201300635,duration=21951277465[0Ktravis_fold:end:install[0Ktravis_time:start:1026b6d0[0K$ gradle -i check
Starting Build
Settings evaluated using settings file '/home/travis/build/failed/puniverse/capsule/settings.gradle'.
Projects loaded. Root project using build file '/home/travis/build/failed/puniverse/capsule/build.gradle'.
Included projects: [root project 'capsule', project ':capsule', project ':capsule-container', project ':capsule-util']
Evaluating root project 'capsule' using build file '/home/travis/build/failed/puniverse/capsule/build.gradle'.
sonatype username or password not set
sonatype username or password not set
sonatype username or password not set
Evaluating project ':capsule' using empty build file.
Using PIT: 1.1.0
Evaluating project ':capsule-container' using empty build file.
Using PIT: 1.1.0
Evaluating project ':capsule-util' using empty build file.
Using PIT: 1.1.0
All projects evaluated.
Selected primary task 'check' from project :
Tasks to be executed: [task ':capsule:compileJava', task ':capsule:processResources', task ':capsule:classes', task ':capsule:jar', task ':capsule-util:compileJava', task ':capsule-util:processResources', task ':capsule-util:classes', task ':capsule-util:jar', task ':capsule:compileTestJava', task ':capsule:processTestResources', task ':capsule:testClasses', task ':capsule:test', task ':capsule:check', task ':capsule-container:compileJava', task ':capsule-container:processResources', task ':capsule-container:classes', task ':capsule-container:compileTestJava', task ':capsule-container:processTestResources', task ':capsule-container:testClasses', task ':capsule-container:test', task ':capsule-container:check', task ':capsule-util:compileTestJava', task ':capsule-util:processTestResources', task ':capsule-util:testClasses', task ':capsule-util:test', task ':capsule-util:check']
:capsule:compileJava (Thread[main,5,main]) started.
:capsule:compileJava
Skipping task ':capsule:compileJava' as it is up-to-date (took 0.033 secs).
:capsule:compileJava UP-TO-DATE
:capsule:compileJava (Thread[main,5,main]) completed. Took 0.06 secs.
:capsule:processResources (Thread[main,5,main]) started.
:capsule:processResources
Skipping task ':capsule:processResources' as it is up-to-date (took 0.004 secs).
:capsule:processResources UP-TO-DATE
:capsule:processResources (Thread[main,5,main]) completed. Took 0.008 secs.
:capsule:classes (Thread[main,5,main]) started.
:capsule:classes
Skipping task ':capsule:classes' as it has no actions.
:capsule:classes UP-TO-DATE
:capsule:classes (Thread[main,5,main]) completed. Took 0.001 secs.
:capsule:jar (Thread[main,5,main]) started.
:capsule:jar
Skipping task ':capsule:jar' as it is up-to-date (took 0.011 secs).
:capsule:jar UP-TO-DATE
:capsule:jar (Thread[main,5,main]) completed. Took 0.017 secs.
:capsule-util:compileJava (Thread[main,5,main]) started.
:capsule-util:compileJava
Skipping task ':capsule-util:compileJava' as it is up-to-date (took 0.019 secs).
:capsule-util:compileJava UP-TO-DATE
:capsule-util:compileJava (Thread[main,5,main]) completed. Took 0.021 secs.
:capsule-util:processResources (Thread[main,5,main]) started.
:capsule-util:processResources
Skipping task ':capsule-util:processResources' as it has no source files.
:capsule-util:processResources UP-TO-DATE
:capsule-util:processResources (Thread[main,5,main]) completed. Took 0.001 secs.
:capsule-util:classes (Thread[main,5,main]) started.
:capsule-util:classes
Skipping task ':capsule-util:classes' as it has no actions.
:capsule-util:classes UP-TO-DATE
:capsule-util:classes (Thread[main,5,main]) completed. Took 0.0 secs.
:capsule-util:jar (Thread[main,5,main]) started.
:capsule-util:jar
Skipping task ':capsule-util:jar' as it is up-to-date (took 0.005 secs).
:capsule-util:jar UP-TO-DATE
:capsule-util:jar (Thread[main,5,main]) completed. Took 0.006 secs.
:capsule:compileTestJava (Thread[main,5,main]) started.
:capsule:compileTestJava
Download https://repo1.maven.org/maven2/junit/junit/4.12/junit-4.12.pom
Download https://repo1.maven.org/maven2/com/google/guava/guava/18.0/guava-18.0.pom
Download https://repo1.maven.org/maven2/com/google/guava/guava-parent/18.0/guava-parent-18.0.pom
Download https://repo1.maven.org/maven2/org/truth0/truth/0.23/truth-0.23.pom
Download https://repo1.maven.org/maven2/org/truth0/truth-parent/0.23/truth-parent-0.23.pom
org.truth0#truth-parent;0.23 is relocated to com.google.truth#truth-parent;0.23. Please update your dependencies.
org.truth0#truth-parent;0.23 is relocated to com.google.truth#truth-parent;0.23. Please update your dependencies.
org.truth0#truth;0.23 is relocated to com.google.truth#truth;0.23. Please update your dependencies.
Download https://repo1.maven.org/maven2/org/mockito/mockito-all/1.10.19/mockito-all-1.10.19.pom
Download https://repo1.maven.org/maven2/com/google/jimfs/jimfs/1.0/jimfs-1.0.pom
Download https://repo1.maven.org/maven2/com/google/jimfs/jimfs-parent/1.0/jimfs-parent-1.0.pom
Download https://repo1.maven.org/maven2/org/jooq/joor/0.9.4/joor-0.9.4.pom
Download https://repo1.maven.org/maven2/org/hamcrest/hamcrest-core/1.3/hamcrest-core-1.3.pom
Download https://repo1.maven.org/maven2/org/hamcrest/hamcrest-parent/1.3/hamcrest-parent-1.3.pom
Download https://repo1.maven.org/maven2/com/google/truth/truth/0.23/truth-0.23.pom
Download https://repo1.maven.org/maven2/com/google/truth/truth-parent/0.23/truth-parent-0.23.pom
Download https://repo1.maven.org/maven2/junit/junit/4.12/junit-4.12.jar
Download https://repo1.maven.org/maven2/com/google/guava/guava/18.0/guava-18.0.jar
Download https://repo1.maven.org/maven2/org/truth0/truth/0.23/truth-0.23.jar
Download https://repo1.maven.org/maven2/org/mockito/mockito-all/1.10.19/mockito-all-1.10.19.jar
Download https://repo1.maven.org/maven2/com/google/jimfs/jimfs/1.0/jimfs-1.0.jar
Download https://repo1.maven.org/maven2/org/jooq/joor/0.9.4/joor-0.9.4.jar
Download https://repo1.maven.org/maven2/org/hamcrest/hamcrest-core/1.3/hamcrest-core-1.3.jar
Download https://repo1.maven.org/maven2/com/google/truth/truth/0.23/truth-0.23.jar
Executing task ':capsule:compileTestJava' (up-to-date check took 3.028 secs) due to:
  No history is available.
All input files are considered out-of-date for incremental task ':capsule:compileTestJava'.
Compiling with JDK Java compiler API.
:capsule:compileTestJava (Thread[main,5,main]) completed. Took 3.891 secs.
:capsule:processTestResources (Thread[main,5,main]) started.
:capsule:processTestResources
Skipping task ':capsule:processTestResources' as it has no source files.
:capsule:processTestResources UP-TO-DATE
:capsule:processTestResources (Thread[main,5,main]) completed. Took 0.001 secs.
:capsule:testClasses (Thread[main,5,main]) started.
:capsule:testClasses
Skipping task ':capsule:testClasses' as it has no actions.
:capsule:testClasses (Thread[main,5,main]) completed. Took 0.001 secs.
:capsule:test (Thread[main,5,main]) started.
:capsule:test
Executing task ':capsule:test' (up-to-date check took 0.046 secs) due to:
  No history is available.
Download https://repo1.maven.org/maven2/org/jacoco/org.jacoco.agent/0.7.1.201405082137/org.jacoco.agent-0.7.1.201405082137.pom
Download https://repo1.maven.org/maven2/org/jacoco/org.jacoco.build/0.7.1.201405082137/org.jacoco.build-0.7.1.201405082137.pom
Download https://repo1.maven.org/maven2/org/jacoco/org.jacoco.agent/0.7.1.201405082137/org.jacoco.agent-0.7.1.201405082137.jar
[ant:null] Building jar: /home/travis/.gradle/caches/2.2.1/workerMain/gradle-worker.jar
Starting process 'Gradle Test Executor 1'. Working directory: /home/travis/build/failed/puniverse/capsule/capsule Command: /usr/lib/jvm/java-8-oracle/bin/java -Djava.protocol.handler.pkgs=co.paralleluniverse.filesystem -Djava.security.manager=jarjar.org.gradle.process.internal.child.BootstrapSecurityManager -javaagent:build/tmp/expandedArchives/org.jacoco.agent-0.7.1.201405082137.jar_4oo2qgb84bu19pqprc168emt5/jacocoagent.jar=destfile=build/jacoco/test.exec,append=true,dumponexit=true,output=file,jmx=false -Dfile.encoding=UTF-8 -Duser.country=US -Duser.language=en -Duser.variant -ea -cp /home/travis/.gradle/caches/2.2.1/workerMain/gradle-worker.jar jarjar.org.gradle.process.internal.launcher.GradleWorkerMain 'Gradle Test Executor 1'
Successfully started process 'Gradle Test Executor 1'
Gradle Test Executor 1 started executing tests.
Running test: test testCapsuleJavaHome(CapsuleTest)
Running test: test testWrapperCapsuleNoMain(CapsuleTest)
Failed test testWrapperCapsuleNoMain [CapsuleTest] with exception: java.lang.Exception: Unexpected exception, expected<java.lang.IllegalArgumentException> but was<java.lang.RuntimeException>

CapsuleTest > testWrapperCapsuleNoMain FAILED
    java.lang.Exception: Unexpected exception, expected<java.lang.IllegalArgumentException> but was<java.lang.RuntimeException>

        Caused by:
        java.lang.RuntimeException: java.lang.IllegalArgumentException: Capsule jar /work/capsule.jar must either have the Application-Name manifest attribute, or the Application-Class attribute.
            at CapsuleTest.newCapsule(CapsuleTest.java:1178)
            at CapsuleTest.testWrapperCapsuleNoMain(CapsuleTest.java:978)

            Caused by:
            java.lang.IllegalArgumentException: Capsule jar /work/capsule.jar must either have the Application-Name manifest attribute, or the Application-Class attribute.
                at Capsule.buildAppId0(Capsule.java:1377)
                at Capsule.buildAppId(Capsule.java:1350)
                at MyCapsule.buildAppId(MyCapsule.java:79)
                at Capsule.initAppId(Capsule.java:709)
                at Capsule.<init>(Capsule.java:588)
                at TestCapsule.<init>(TestCapsule.java:27)
                at MyCapsule.<init>(MyCapsule.java:19)
                at sun.reflect.NativeConstructorAccessorImpl.newInstance0(Native Method)
                at sun.reflect.NativeConstructorAccessorImpl.newInstance(NativeConstructorAccessorImpl.java:62)
                at sun.reflect.DelegatingConstructorAccessorImpl.newInstance(DelegatingConstructorAccessorImpl.java:45)
                at java.lang.reflect.Constructor.newInstance(Constructor.java:408)
                at CapsuleTest.newCapsule(CapsuleTest.java:1176)
                ... 1 more
Running test: test testLogLevel(CapsuleTest)

CapsuleTest > testLogLevel STANDARD_ERROR
    CAPSULE: Jar: capsule.jar
    CAPSULE: Platform: linux
    CAPSULE: Jar: capsule.jar
    CAPSULE: Platform: linux
    CAPSULE: Jar: capsule.jar
    CAPSULE: Platform: linux
Running test: test testSimpleExtract(CapsuleTest)
Running test: test testNatives1(CapsuleTest)
Running test: test testNatives2(CapsuleTest)
Running test: test testBootClassPathWithEmbeddedDeps(CapsuleTest)
Running test: test testMode2(CapsuleTest)
Running test: test testGlob(CapsuleTest)
Running test: test testMode(CapsuleTest)
Running test: test testExpandVars1(CapsuleTest)
Running test: test testExpandVars2(CapsuleTest)
Running test: test testEmbeddedArtifact(CapsuleTest)
Running test: test testSystemProperties(CapsuleTest)
Running test: test testBootClassPath1(CapsuleTest)
Running test: test testBootClassPath2(CapsuleTest)
Running test: test testNativesWithDeps(CapsuleTest)
Running test: test testCustomCapsule(CapsuleTest)
Running test: test testCompareVersions(CapsuleTest)
Running test: test testCapsuleJavaCmd(CapsuleTest)
Running test: test testPlatformSepcific(CapsuleTest)
Running test: test testListDir(CapsuleTest)
Running test: test testExpandArgs(CapsuleTest)
Running test: test testNoExtract(CapsuleTest)
Running test: test testShortJavaVersion(CapsuleTest)
Running test: test testBootClassPathWithDeps(CapsuleTest)
Running test: test testCapsuleInClassPath(CapsuleTest)
Running test: test testJDKClassPath(CapsuleTest)

CapsuleTest > testJDKClassPath SKIPPED
Running test: test testParseJavaVersion(CapsuleTest)
Running test: test testReallyExecutableCapsule(CapsuleTest)
Running test: test testDependencies1(CapsuleTest)
Running test: test splitTest(CapsuleTest)
Running test: test testWrapperCapsule(CapsuleTest)
Gradle Test Executor 1 finished executing tests.
Failed test testWrapperCapsule [CapsuleTest] with exception: java.lang.RuntimeException: java.lang.IllegalArgumentException: Capsule jar /work/capsule.jar must either have the Application-Name manifest attribute, or the Application-Class attribute.

CapsuleTest > testWrapperCapsule FAILED
    java.lang.RuntimeException: java.lang.IllegalArgumentException: Capsule jar /work/capsule.jar must either have the Application-Name manifest attribute, or the Application-Class attribute.
        at CapsuleTest.newCapsule(CapsuleTest.java:1178)
        at CapsuleTest.testWrapperCapsule(CapsuleTest.java:875)

        Caused by:
        java.lang.IllegalArgumentException: Capsule jar /work/capsule.jar must either have the Application-Name manifest attribute, or the Application-Class attribute.
            at Capsule.buildAppId0(Capsule.java:1377)
            at Capsule.buildAppId(Capsule.java:1350)
            at Capsule.initAppId(Capsule.java:709)
            at Capsule.<init>(Capsule.java:588)
            at TestCapsule.<init>(TestCapsule.java:27)
            at sun.reflect.GeneratedConstructorAccessor2.newInstance(Unknown Source)
            at sun.reflect.DelegatingConstructorAccessorImpl.newInstance(DelegatingConstructorAccessorImpl.java:45)
            at java.lang.reflect.Constructor.newInstance(Constructor.java:408)
            at CapsuleTest.newCapsule(CapsuleTest.java:1176)
            ... 1 more
Running test: test testClassPath(CapsuleTest)
Running test: test testPathingJar(CapsuleTest)
Running test: test testWrapperCapsuleNonCapsuleApp(CapsuleTest)
Failed test testWrapperCapsuleNonCapsuleApp [CapsuleTest] with exception: java.lang.RuntimeException: java.lang.IllegalArgumentException: Capsule jar /work/capsule.jar must either have the Application-Name manifest attribute, or the Application-Class attribute.

CapsuleTest > testWrapperCapsuleNonCapsuleApp FAILED
    java.lang.RuntimeException: java.lang.IllegalArgumentException: Capsule jar /work/capsule.jar must either have the Application-Name manifest attribute, or the Application-Class attribute.
        at CapsuleTest.newCapsule(CapsuleTest.java:1178)
        at CapsuleTest.testWrapperCapsuleNonCapsuleApp(CapsuleTest.java:933)

        Caused by:
        java.lang.IllegalArgumentException: Capsule jar /work/capsule.jar must either have the Application-Name manifest attribute, or the Application-Class attribute.
            at Capsule.buildAppId0(Capsule.java:1377)
            at Capsule.buildAppId(Capsule.java:1350)
            at MyCapsule.buildAppId(MyCapsule.java:79)
            at Capsule.initAppId(Capsule.java:709)
            at Capsule.<init>(Capsule.java:588)
            at TestCapsule.<init>(TestCapsule.java:27)
            at MyCapsule.<init>(MyCapsule.java:19)
            at sun.reflect.NativeConstructorAccessorImpl.newInstance0(Native Method)
            at sun.reflect.NativeConstructorAccessorImpl.newInstance(NativeConstructorAccessorImpl.java:62)
            at sun.reflect.DelegatingConstructorAccessorImpl.newInstance(DelegatingConstructorAccessorImpl.java:45)
            at java.lang.reflect.Constructor.newInstance(Constructor.java:408)
            at CapsuleTest.newCapsule(CapsuleTest.java:1176)
            ... 1 more
Running test: test testAgents(CapsuleTest)
Running test: test testDelete(CapsuleTest)
Running test: test testScript(CapsuleTest)
Running test: test testJVMArgs(CapsuleTest)
Running test: test isJavaDir(CapsuleTest)
Running test: test testApplicationArtifact(CapsuleTest)
Finished generating test XML results (0.007 secs) into: /home/travis/build/failed/puniverse/capsule/capsule/build/test-results
Generating HTML test report...
Finished generating test html results (0.032 secs) into: /home/travis/build/failed/puniverse/capsule/capsule/build/reports/tests
:capsule:test FAILED
:capsule:test (Thread[main,5,main]) completed. Took 2.744 secs.

BUILD FAILED

Total time: 11.111 secs
Stopped 0 compiler daemon(s).

travis_time:end:1026b6d0:start=1592116593213825268,finish=1592116609987613644,duration=16773788376[0K
[31;1mThe command "gradle -i check" exited with 1.[0m

Done. Your build exited with 1.
