travis_fold:start:system_info[0K[33;1mBuild system information[0m
Build language: python
Build id: ''
Job id: ''
[34m[1mBuild image provisioning date and time[0m
Thu Feb  5 15:09:33 UTC 2015
[34m[1mOperating System Details[0m
Distributor ID:	Ubuntu
Description:	Ubuntu 12.04.5 LTS
Release:	12.04
Codename:	precise
[34m[1mLinux Version[0m
3.13.0-29-generic
[34m[1mCookbooks Version[0m
a68419e https://github.com/travis-ci/travis-cookbooks/tree/a68419e
[34m[1mGCC version[0m
gcc (Ubuntu/Linaro 4.6.3-1ubuntu5) 4.6.3
Copyright (C) 2011 Free Software Foundation, Inc.
This is free software; see the source for copying conditions.  There is NO
warranty; not even for MERCHANTABILITY or FITNESS FOR A PARTICULAR PURPOSE.

[34m[1mLLVM version[0m
clang version 3.4 (tags/RELEASE_34/final)
Target: x86_64-unknown-linux-gnu
Thread model: posix
[34m[1mPre-installed Ruby versions[0m
ruby-1.9.3-p551
[34m[1mPre-installed Node.js versions[0m
v0.10.36
[34m[1mPre-installed Go versions[0m
1.4.1
[34m[1mRedis version[0m
redis-server 2.8.19
[34m[1mriak version[0m
2.0.2
[34m[1mMongoDB version[0m
MongoDB 2.4.12
[34m[1mCouchDB version[0m
couchdb 1.6.1
[34m[1mNeo4j version[0m
1.9.4
[34m[1mRabbitMQ Version[0m
3.4.3
[34m[1mElasticSearch version[0m
1.4.0
[34m[1mInstalled Sphinx versions[0m
2.0.10
2.1.9
2.2.6
[34m[1mDefault Sphinx version[0m
2.2.6
[34m[1mInstalled Firefox version[0m
firefox 31.0esr
[34m[1mPhantomJS version[0m
1.9.8
[34m[1mant -version[0m
Apache Ant(TM) version 1.8.2 compiled on December 3 2011
[34m[1mmvn -version[0m
Apache Maven 3.2.5 (12a6b3acb947671f09b81f49094c53f426d8cea1; 2014-12-14T17:29:23+00:00)
Maven home: /usr/local/maven
Java version: 1.7.0_76, vendor: Oracle Corporation
Java home: /usr/lib/jvm/java-7-oracle/jre
Default locale: en_US, platform encoding: ANSI_X3.4-1968
OS name: "linux", version: "3.13.0-29-generic", arch: "amd64", family: "unix"
travis_fold:end:system_info[0K
$ cd passed/pydanny/cookiecutter-django
travis_time:start:00068820[0K$ source ~/virtualenv/python2.7/bin/activate

travis_time:end:00068820:start=1592117653403837943,finish=1592117653414133943,duration=10296000[0K$ python --version
$ pip --version
pip 6.0.7 from /home/travis/virtualenv/python2.7.9/lib/python2.7/site-packages (python 2.7)
travis_fold:start:install[0Ktravis_time:start:00cdd0de[0K$ pip install -r requirements.txt
Collecting git+git://github.com/mverteuil/pytest-ipdb.git (from -r requirements.txt (line 11))
  Cloning git://github.com/mverteuil/pytest-ipdb.git to /tmp/pip-kRba5F-build
Collecting cookiecutter==1.0.0 (from -r requirements.txt (line 1))
  Downloading https://files.pythonhosted.org/packages/91/fc/1521133f5785f19eb8738d59e33013980f9b32e09be793d6e54859f90082/cookiecutter-1.0.0-py2.py3-none-any.whl
Collecting flake8==2.4.1 (from -r requirements.txt (line 2))
  Downloading https://files.pythonhosted.org/packages/b4/2a/1fec6e802ced26214a27913f5b82d904b29e1a15acba06f48443b7a6faae/flake8-2.4.1-py2.py3-none-any.whl
Collecting sh==1.11 (from -r requirements.txt (line 3))
  Downloading https://files.pythonhosted.org/packages/39/ca/1db6ebefdde0a7b5fb639ebc0527d8aab1cdc6119a8e4ac7c1c0cc222ec5/sh-1.11.tar.gz
Collecting ipdb==0.8.1 (from -r requirements.txt (line 6))
  Downloading https://files.pythonhosted.org/packages/cb/ed/cf9b80923dfee3b861d18c43e68793e52a81e51a7534f81c665e71b1642d/ipdb-0.8.1.zip
Collecting ipython==3.2.1 (from -r requirements.txt (line 7))
  Downloading https://files.pythonhosted.org/packages/b6/84/41f0d87acc5b2c335733818a32b5a79b695039a42c781c0bd453d0c77153/ipython-3.2.1-py2-none-any.whl (3.4MB)
Collecting pytest==2.7.2 (from -r requirements.txt (line 10))
  Downloading https://files.pythonhosted.org/packages/35/3e/76e99f39c1cc04e9701d447a5667d9ec45f724ca11b6f5c797492339aef1/pytest-2.7.2-py2.py3-none-any.whl (127kB)
Collecting PyYAML>=3.10 (from cookiecutter==1.0.0->-r requirements.txt (line 1))
  Downloading https://files.pythonhosted.org/packages/64/c2/b80047c7ac2478f9501676c988a5411ed5572f35d1beff9cae07d321512c/PyYAML-5.3.1.tar.gz (269kB)
    /opt/python/2.7.9/lib/python2.7/distutils/dist.py:267: UserWarning: Unknown distribution option: 'python_requires'
      warnings.warn(msg)
Requirement already satisfied (use --upgrade to upgrade): mock in /home/travis/virtualenv/python2.7.9/lib/python2.7/site-packages (from cookiecutter==1.0.0->-r requirements.txt (line 1))
Collecting click<4.0 (from cookiecutter==1.0.0->-r requirements.txt (line 1))
  Downloading https://files.pythonhosted.org/packages/b7/21/ce45306a697fc80ebe0b73ce04ecc08c54488b2dbe74babc068959683fd5/click-3.3-py2.py3-none-any.whl (58kB)
Collecting binaryornot>=0.2.0 (from cookiecutter==1.0.0->-r requirements.txt (line 1))
  Downloading https://files.pythonhosted.org/packages/24/7e/f7b6f453e6481d1e233540262ccbfcf89adcd43606f44a028d7f5fae5eb2/binaryornot-0.4.4-py2.py3-none-any.whl
Collecting jinja2>=2.7 (from cookiecutter==1.0.0->-r requirements.txt (line 1))
  Downloading https://files.pythonhosted.org/packages/30/9e/f663a2aa66a09d838042ae1a2c5659828bb9b41ea3a6efa20a20fd92b121/Jinja2-2.11.2-py2.py3-none-any.whl (125kB)
Collecting pyflakes<0.9,>=0.8.1 (from flake8==2.4.1->-r requirements.txt (line 2))
  Downloading https://files.pythonhosted.org/packages/49/94/592dfa051cb674d022c8ae6306d114dc752b3b5d3e08b896acaa4b3277f8/pyflakes-0.8.1-py2.py3-none-any.whl
Collecting pep8!=1.6.0,!=1.6.1,!=1.6.2,>=1.5.7 (from flake8==2.4.1->-r requirements.txt (line 2))
  Downloading https://files.pythonhosted.org/packages/42/3f/669429ce58de2c22d8d2c542752e137ec4b9885fff398d3eceb1a7f5acb4/pep8-1.7.1-py2.py3-none-any.whl (41kB)
Collecting mccabe<0.4,>=0.2.1 (from flake8==2.4.1->-r requirements.txt (line 2))
  Downloading https://files.pythonhosted.org/packages/84/75/d7966b7280635e96a243d27ca39e5954e9af632a36a4e8eee44660e53540/mccabe-0.3.1-py2.py3-none-any.whl
Collecting py>=1.4.29 (from pytest==2.7.2->-r requirements.txt (line 10))
  Downloading https://files.pythonhosted.org/packages/99/8d/21e1767c009211a62a8e3067280bfce76e89c9f876180308515942304d2d/py-1.8.1-py2.py3-none-any.whl (83kB)
Collecting chardet>=3.0.2 (from binaryornot>=0.2.0->cookiecutter==1.0.0->-r requirements.txt (line 1))
  Downloading https://files.pythonhosted.org/packages/bc/a9/01ffebfb562e4274b6487b4bb1ddec7ca55ec7510b22e4c51f14098443b8/chardet-3.0.4-py2.py3-none-any.whl (133kB)
Collecting MarkupSafe>=0.23 (from jinja2>=2.7->cookiecutter==1.0.0->-r requirements.txt (line 1))
  Downloading https://files.pythonhosted.org/packages/b9/2e/64db92e53b86efccfaea71321f597fa2e1b2bd3853d8ce658568f7a13094/MarkupSafe-1.1.1.tar.gz
    /opt/python/2.7.9/lib/python2.7/distutils/dist.py:267: UserWarning: Unknown distribution option: 'project_urls'
      warnings.warn(msg)
    /opt/python/2.7.9/lib/python2.7/distutils/dist.py:267: UserWarning: Unknown distribution option: 'python_requires'
      warnings.warn(msg)
Installing collected packages: MarkupSafe, chardet, py, mccabe, pep8, pyflakes, jinja2, binaryornot, click, PyYAML, pytest-ipdb, pytest, ipython, ipdb, sh, flake8, cookiecutter
  Running setup.py install for MarkupSafe
    /opt/python/2.7.9/lib/python2.7/distutils/dist.py:267: UserWarning: Unknown distribution option: 'project_urls'
      warnings.warn(msg)
    /opt/python/2.7.9/lib/python2.7/distutils/dist.py:267: UserWarning: Unknown distribution option: 'python_requires'
      warnings.warn(msg)
    building 'markupsafe._speedups' extension
    gcc -pthread -fno-strict-aliasing -g -fstack-protector --param=ssp-buffer-size=4 -Wformat -Werror=format-security -DNDEBUG -g -fwrapv -O3 -Wall -Wstrict-prototypes -fPIC -I/opt/python/2.7.9/include/python2.7 -c src/markupsafe/_speedups.c -o build/temp.linux-x86_64-2.7/src/markupsafe/_speedups.o
    gcc -pthread -shared -L/opt/python/2.7.9/lib -Wl,-rpath=/opt/python/2.7.9/lib build/temp.linux-x86_64-2.7/src/markupsafe/_speedups.o -L/opt/python/2.7.9/lib -lpython2.7 -o build/lib.linux-x86_64-2.7/markupsafe/_speedups.so

  Found existing installation: py 1.4.26
    Uninstalling py-1.4.26:
      Successfully uninstalled py-1.4.26




  Compiling /tmp/pip-build-letXNb/jinja2/jinja2/asyncfilters.py
  
  Compiling /tmp/pip-build-letXNb/jinja2/jinja2/asyncsupport.py
  



  Running setup.py install for PyYAML
    /opt/python/2.7.9/lib/python2.7/distutils/dist.py:267: UserWarning: Unknown distribution option: 'python_requires'
      warnings.warn(msg)
    building '_yaml' extension
    gcc -pthread -fno-strict-aliasing -g -fstack-protector --param=ssp-buffer-size=4 -Wformat -Werror=format-security -DNDEBUG -g -fwrapv -O3 -Wall -Wstrict-prototypes -fPIC -I/opt/python/2.7.9/include/python2.7 -c ext/_yaml.c -o build/temp.linux-x86_64-2.7/ext/_yaml.o
    In file included from ext/_yaml.c:596:0:
    ext/_yaml.h:6:0: warning: "PyUnicode_FromString" redefined [enabled by default]
    /opt/python/2.7.9/include/python2.7/unicodeobject.h:281:0: note: this is the location of the previous definition
    ext/_yaml.c: In function ‘__pyx_pf_5_yaml_get_version_string’:
    ext/_yaml.c:1891:17: warning: assignment discards ‘const’ qualifier from pointer target type [enabled by default]
    ext/_yaml.c: In function ‘__pyx_pf_5_yaml_7CParser___init__’:
    ext/_yaml.c:3391:5: warning: passing argument 2 of ‘yaml_parser_set_input’ from incompatible pointer type [enabled by default]
    /usr/include/yaml.h:1367:1: note: expected ‘int (*)(void *, unsigned char *, size_t,  size_t *)’ but argument is of type ‘int (*)(void *, char *, size_t,  size_t *)’
    ext/_yaml.c:3632:5: warning: pointer targets in passing argument 2 of ‘yaml_parser_set_input_string’ differ in signedness [-Wpointer-sign]
    /usr/include/yaml.h:1341:1: note: expected ‘const unsigned char *’ but argument is of type ‘char *’
    ext/_yaml.c: In function ‘__pyx_f_5_yaml_7CParser__token_to_object’:
    ext/_yaml.c:5466:5: warning: pointer targets in passing argument 1 of ‘strlen’ differ in signedness [-Wpointer-sign]
    /usr/include/string.h:399:15: note: expected ‘const char *’ but argument is of type ‘yaml_char_t *’
    ext/_yaml.c:5466:5: warning: pointer targets in passing argument 1 of ‘PyUnicodeUCS4_DecodeUTF8’ differ in signedness [-Wpointer-sign]
    /opt/python/2.7.9/include/python2.7/unicodeobject.h:750:23: note: expected ‘const char *’ but argument is of type ‘yaml_char_t *’
    ext/_yaml.c:5478:5: warning: pointer targets in passing argument 1 of ‘strlen’ differ in signedness [-Wpointer-sign]
    /usr/include/string.h:399:15: note: expected ‘const char *’ but argument is of type ‘yaml_char_t *’
    ext/_yaml.c:5478:5: warning: pointer targets in passing argument 1 of ‘PyUnicodeUCS4_DecodeUTF8’ differ in signedness [-Wpointer-sign]
    /opt/python/2.7.9/include/python2.7/unicodeobject.h:750:23: note: expected ‘const char *’ but argument is of type ‘yaml_char_t *’
    ext/_yaml.c:6480:5: warning: pointer targets in passing argument 1 of ‘strlen’ differ in signedness [-Wpointer-sign]
    /usr/include/string.h:399:15: note: expected ‘const char *’ but argument is of type ‘yaml_char_t *’
    ext/_yaml.c:6480:5: warning: pointer targets in passing argument 1 of ‘PyUnicodeUCS4_DecodeUTF8’ differ in signedness [-Wpointer-sign]
    /opt/python/2.7.9/include/python2.7/unicodeobject.h:750:23: note: expected ‘const char *’ but argument is of type ‘yaml_char_t *’
    ext/_yaml.c:6564:5: warning: pointer targets in passing argument 1 of ‘strlen’ differ in signedness [-Wpointer-sign]
    /usr/include/string.h:399:15: note: expected ‘const char *’ but argument is of type ‘yaml_char_t *’
    ext/_yaml.c:6564:5: warning: pointer targets in passing argument 1 of ‘PyUnicodeUCS4_DecodeUTF8’ differ in signedness [-Wpointer-sign]
    /opt/python/2.7.9/include/python2.7/unicodeobject.h:750:23: note: expected ‘const char *’ but argument is of type ‘yaml_char_t *’
    ext/_yaml.c:6648:5: warning: pointer targets in passing argument 1 of ‘strlen’ differ in signedness [-Wpointer-sign]
    /usr/include/string.h:399:15: note: expected ‘const char *’ but argument is of type ‘yaml_char_t *’
    ext/_yaml.c:6648:5: warning: pointer targets in passing argument 1 of ‘PyUnicodeUCS4_DecodeUTF8’ differ in signedness [-Wpointer-sign]
    /opt/python/2.7.9/include/python2.7/unicodeobject.h:750:23: note: expected ‘const char *’ but argument is of type ‘yaml_char_t *’
    ext/_yaml.c:6660:5: warning: pointer targets in passing argument 1 of ‘strlen’ differ in signedness [-Wpointer-sign]
    /usr/include/string.h:399:15: note: expected ‘const char *’ but argument is of type ‘yaml_char_t *’
    ext/_yaml.c:6660:5: warning: pointer targets in passing argument 1 of ‘PyUnicodeUCS4_DecodeUTF8’ differ in signedness [-Wpointer-sign]
    /opt/python/2.7.9/include/python2.7/unicodeobject.h:750:23: note: expected ‘const char *’ but argument is of type ‘yaml_char_t *’
    ext/_yaml.c:6784:5: warning: pointer targets in passing argument 1 of ‘PyUnicodeUCS4_DecodeUTF8’ differ in signedness [-Wpointer-sign]
    /opt/python/2.7.9/include/python2.7/unicodeobject.h:750:23: note: expected ‘const char *’ but argument is of type ‘yaml_char_t *’
    ext/_yaml.c: In function ‘__pyx_f_5_yaml_7CParser__event_to_object’:
    ext/_yaml.c:8465:9: warning: pointer targets in passing argument 1 of ‘strlen’ differ in signedness [-Wpointer-sign]
    /usr/include/string.h:399:15: note: expected ‘const char *’ but argument is of type ‘yaml_char_t *’
    ext/_yaml.c:8465:9: warning: pointer targets in passing argument 1 of ‘PyUnicodeUCS4_DecodeUTF8’ differ in signedness [-Wpointer-sign]
    /opt/python/2.7.9/include/python2.7/unicodeobject.h:750:23: note: expected ‘const char *’ but argument is of type ‘yaml_char_t *’
    ext/_yaml.c:8477:9: warning: pointer targets in passing argument 1 of ‘strlen’ differ in signedness [-Wpointer-sign]
    /usr/include/string.h:399:15: note: expected ‘const char *’ but argument is of type ‘yaml_char_t *’
    ext/_yaml.c:8477:9: warning: pointer targets in passing argument 1 of ‘PyUnicodeUCS4_DecodeUTF8’ differ in signedness [-Wpointer-sign]
    /opt/python/2.7.9/include/python2.7/unicodeobject.h:750:23: note: expected ‘const char *’ but argument is of type ‘yaml_char_t *’
    ext/_yaml.c:8720:5: warning: pointer targets in passing argument 1 of ‘strlen’ differ in signedness [-Wpointer-sign]
    /usr/include/string.h:399:15: note: expected ‘const char *’ but argument is of type ‘yaml_char_t *’
    ext/_yaml.c:8720:5: warning: pointer targets in passing argument 1 of ‘PyUnicodeUCS4_DecodeUTF8’ differ in signedness [-Wpointer-sign]
    /opt/python/2.7.9/include/python2.7/unicodeobject.h:750:23: note: expected ‘const char *’ but argument is of type ‘yaml_char_t *’
    ext/_yaml.c:8824:7: warning: pointer targets in passing argument 1 of ‘strlen’ differ in signedness [-Wpointer-sign]
    /usr/include/string.h:399:15: note: expected ‘const char *’ but argument is of type ‘yaml_char_t *’
    ext/_yaml.c:8824:7: warning: pointer targets in passing argument 1 of ‘PyUnicodeUCS4_DecodeUTF8’ differ in signedness [-Wpointer-sign]
    /opt/python/2.7.9/include/python2.7/unicodeobject.h:750:23: note: expected ‘const char *’ but argument is of type ‘yaml_char_t *’
    ext/_yaml.c:8865:7: warning: pointer targets in passing argument 1 of ‘strlen’ differ in signedness [-Wpointer-sign]
    /usr/include/string.h:399:15: note: expected ‘const char *’ but argument is of type ‘yaml_char_t *’
    ext/_yaml.c:8865:7: warning: pointer targets in passing argument 1 of ‘PyUnicodeUCS4_DecodeUTF8’ differ in signedness [-Wpointer-sign]
    /opt/python/2.7.9/include/python2.7/unicodeobject.h:750:23: note: expected ‘const char *’ but argument is of type ‘yaml_char_t *’
    ext/_yaml.c:8886:5: warning: pointer targets in passing argument 1 of ‘PyUnicodeUCS4_DecodeUTF8’ differ in signedness [-Wpointer-sign]
    /opt/python/2.7.9/include/python2.7/unicodeobject.h:750:23: note: expected ‘const char *’ but argument is of type ‘yaml_char_t *’
    ext/_yaml.c:9227:7: warning: pointer targets in passing argument 1 of ‘strlen’ differ in signedness [-Wpointer-sign]
    /usr/include/string.h:399:15: note: expected ‘const char *’ but argument is of type ‘yaml_char_t *’
    ext/_yaml.c:9227:7: warning: pointer targets in passing argument 1 of ‘PyUnicodeUCS4_DecodeUTF8’ differ in signedness [-Wpointer-sign]
    /opt/python/2.7.9/include/python2.7/unicodeobject.h:750:23: note: expected ‘const char *’ but argument is of type ‘yaml_char_t *’
    ext/_yaml.c:9268:7: warning: pointer targets in passing argument 1 of ‘strlen’ differ in signedness [-Wpointer-sign]
    /usr/include/string.h:399:15: note: expected ‘const char *’ but argument is of type ‘yaml_char_t *’
    ext/_yaml.c:9268:7: warning: pointer targets in passing argument 1 of ‘PyUnicodeUCS4_DecodeUTF8’ differ in signedness [-Wpointer-sign]
    /opt/python/2.7.9/include/python2.7/unicodeobject.h:750:23: note: expected ‘const char *’ but argument is of type ‘yaml_char_t *’
    ext/_yaml.c:9500:7: warning: pointer targets in passing argument 1 of ‘strlen’ differ in signedness [-Wpointer-sign]
    /usr/include/string.h:399:15: note: expected ‘const char *’ but argument is of type ‘yaml_char_t *’
    ext/_yaml.c:9500:7: warning: pointer targets in passing argument 1 of ‘PyUnicodeUCS4_DecodeUTF8’ differ in signedness [-Wpointer-sign]
    /opt/python/2.7.9/include/python2.7/unicodeobject.h:750:23: note: expected ‘const char *’ but argument is of type ‘yaml_char_t *’
    ext/_yaml.c:9541:7: warning: pointer targets in passing argument 1 of ‘strlen’ differ in signedness [-Wpointer-sign]
    /usr/include/string.h:399:15: note: expected ‘const char *’ but argument is of type ‘yaml_char_t *’
    ext/_yaml.c:9541:7: warning: pointer targets in passing argument 1 of ‘PyUnicodeUCS4_DecodeUTF8’ differ in signedness [-Wpointer-sign]
    /opt/python/2.7.9/include/python2.7/unicodeobject.h:750:23: note: expected ‘const char *’ but argument is of type ‘yaml_char_t *’
    ext/_yaml.c: In function ‘__pyx_f_5_yaml_7CParser__compose_node’:
    ext/_yaml.c:11214:5: warning: pointer targets in passing argument 1 of ‘strlen’ differ in signedness [-Wpointer-sign]
    /usr/include/string.h:399:15: note: expected ‘const char *’ but argument is of type ‘yaml_char_t *’
    ext/_yaml.c:11214:5: warning: pointer targets in passing argument 1 of ‘PyUnicodeUCS4_DecodeUTF8’ differ in signedness [-Wpointer-sign]
    /opt/python/2.7.9/include/python2.7/unicodeobject.h:750:23: note: expected ‘const char *’ but argument is of type ‘yaml_char_t *’
    ext/_yaml.c:11534:5: warning: pointer targets in passing argument 1 of ‘strlen’ differ in signedness [-Wpointer-sign]
    /usr/include/string.h:399:15: note: expected ‘const char *’ but argument is of type ‘yaml_char_t *’
    ext/_yaml.c:11534:5: warning: pointer targets in passing argument 1 of ‘PyUnicodeUCS4_DecodeUTF8’ differ in signedness [-Wpointer-sign]
    /opt/python/2.7.9/include/python2.7/unicodeobject.h:750:23: note: expected ‘const char *’ but argument is of type ‘yaml_char_t *’
    ext/_yaml.c:11590:5: warning: pointer targets in passing argument 1 of ‘strlen’ differ in signedness [-Wpointer-sign]
    /usr/include/string.h:399:15: note: expected ‘const char *’ but argument is of type ‘yaml_char_t *’
    ext/_yaml.c:11590:5: warning: pointer targets in passing argument 1 of ‘PyUnicodeUCS4_DecodeUTF8’ differ in signedness [-Wpointer-sign]
    /opt/python/2.7.9/include/python2.7/unicodeobject.h:750:23: note: expected ‘const char *’ but argument is of type ‘yaml_char_t *’
    ext/_yaml.c:11646:5: warning: pointer targets in passing argument 1 of ‘strlen’ differ in signedness [-Wpointer-sign]
    /usr/include/string.h:399:15: note: expected ‘const char *’ but argument is of type ‘yaml_char_t *’
    ext/_yaml.c:11646:5: warning: pointer targets in passing argument 1 of ‘PyUnicodeUCS4_DecodeUTF8’ differ in signedness [-Wpointer-sign]
    /opt/python/2.7.9/include/python2.7/unicodeobject.h:750:23: note: expected ‘const char *’ but argument is of type ‘yaml_char_t *’
    ext/_yaml.c: In function ‘__pyx_f_5_yaml_7CParser__compose_scalar_node’:
    ext/_yaml.c:12304:3: warning: pointer targets in passing argument 1 of ‘PyUnicodeUCS4_DecodeUTF8’ differ in signedness [-Wpointer-sign]
    /opt/python/2.7.9/include/python2.7/unicodeobject.h:750:23: note: expected ‘const char *’ but argument is of type ‘yaml_char_t *’
    ext/_yaml.c:12527:5: warning: pointer targets in passing argument 1 of ‘strlen’ differ in signedness [-Wpointer-sign]
    /usr/include/string.h:399:15: note: expected ‘const char *’ but argument is of type ‘yaml_char_t *’
    ext/_yaml.c:12527:5: warning: pointer targets in passing argument 1 of ‘PyUnicodeUCS4_DecodeUTF8’ differ in signedness [-Wpointer-sign]
    /opt/python/2.7.9/include/python2.7/unicodeobject.h:750:23: note: expected ‘const char *’ but argument is of type ‘yaml_char_t *’
    ext/_yaml.c: In function ‘__pyx_f_5_yaml_7CParser__compose_sequence_node’:
    ext/_yaml.c:13065:5: warning: pointer targets in passing argument 1 of ‘strlen’ differ in signedness [-Wpointer-sign]
    /usr/include/string.h:399:15: note: expected ‘const char *’ but argument is of type ‘yaml_char_t *’
    ext/_yaml.c:13065:5: warning: pointer targets in passing argument 1 of ‘PyUnicodeUCS4_DecodeUTF8’ differ in signedness [-Wpointer-sign]
    /opt/python/2.7.9/include/python2.7/unicodeobject.h:750:23: note: expected ‘const char *’ but argument is of type ‘yaml_char_t *’
    ext/_yaml.c: In function ‘__pyx_f_5_yaml_7CParser__compose_mapping_node’:
    ext/_yaml.c:13690:5: warning: pointer targets in passing argument 1 of ‘strlen’ differ in signedness [-Wpointer-sign]
    /usr/include/string.h:399:15: note: expected ‘const char *’ but argument is of type ‘yaml_char_t *’
    ext/_yaml.c:13690:5: warning: pointer targets in passing argument 1 of ‘PyUnicodeUCS4_DecodeUTF8’ differ in signedness [-Wpointer-sign]
    /opt/python/2.7.9/include/python2.7/unicodeobject.h:750:23: note: expected ‘const char *’ but argument is of type ‘yaml_char_t *’
    ext/_yaml.c: In function ‘__pyx_pf_5_yaml_8CEmitter___init__’:
    ext/_yaml.c:15021:3: warning: passing argument 2 of ‘yaml_emitter_set_output’ from incompatible pointer type [enabled by default]
    /usr/include/yaml.h:1829:1: note: expected ‘int (*)(void *, unsigned char *, size_t)’ but argument is of type ‘int (*)(void *, char *, size_t)’
    ext/_yaml.c: In function ‘__pyx_f_5_yaml_8CEmitter__object_to_event’:
    ext/_yaml.c:16373:44: warning: pointer targets in assignment differ in signedness [-Wpointer-sign]
    ext/_yaml.c:16488:44: warning: pointer targets in assignment differ in signedness [-Wpointer-sign]
    ext/_yaml.c:16825:5: warning: pointer targets in passing argument 2 of ‘yaml_alias_event_initialize’ differ in signedness [-Wpointer-sign]
    /usr/include/yaml.h:553:1: note: expected ‘yaml_char_t *’ but argument is of type ‘char *’
    ext/_yaml.c:17540:5: warning: pointer targets in passing argument 2 of ‘yaml_scalar_event_initialize’ differ in signedness [-Wpointer-sign]
    /usr/include/yaml.h:578:1: note: expected ‘yaml_char_t *’ but argument is of type ‘char *’
    ext/_yaml.c:17540:5: warning: pointer targets in passing argument 3 of ‘yaml_scalar_event_initialize’ differ in signedness [-Wpointer-sign]
    /usr/include/yaml.h:578:1: note: expected ‘yaml_char_t *’ but argument is of type ‘char *’
    ext/_yaml.c:17540:5: warning: pointer targets in passing argument 4 of ‘yaml_scalar_event_initialize’ differ in signedness [-Wpointer-sign]
    /usr/include/yaml.h:578:1: note: expected ‘yaml_char_t *’ but argument is of type ‘char *’
    ext/_yaml.c:17974:5: warning: pointer targets in passing argument 2 of ‘yaml_sequence_start_event_initialize’ differ in signedness [-Wpointer-sign]
    /usr/include/yaml.h:601:1: note: expected ‘yaml_char_t *’ but argument is of type ‘char *’
    ext/_yaml.c:17974:5: warning: pointer targets in passing argument 3 of ‘yaml_sequence_start_event_initialize’ differ in signedness [-Wpointer-sign]
    /usr/include/yaml.h:601:1: note: expected ‘yaml_char_t *’ but argument is of type ‘char *’
    ext/_yaml.c:18408:5: warning: pointer targets in passing argument 2 of ‘yaml_mapping_start_event_initialize’ differ in signedness [-Wpointer-sign]
    /usr/include/yaml.h:633:1: note: expected ‘yaml_char_t *’ but argument is of type ‘char *’
    ext/_yaml.c:18408:5: warning: pointer targets in passing argument 3 of ‘yaml_mapping_start_event_initialize’ differ in signedness [-Wpointer-sign]
    /usr/include/yaml.h:633:1: note: expected ‘yaml_char_t *’ but argument is of type ‘char *’
    ext/_yaml.c: In function ‘__pyx_pf_5_yaml_8CEmitter_12serialize’:
    ext/_yaml.c:19978:42: warning: pointer targets in assignment differ in signedness [-Wpointer-sign]
    ext/_yaml.c:20093:42: warning: pointer targets in assignment differ in signedness [-Wpointer-sign]
    ext/_yaml.c: In function ‘__pyx_f_5_yaml_8CEmitter__serialize_node’:
    ext/_yaml.c:20950:5: warning: pointer targets in passing argument 2 of ‘yaml_alias_event_initialize’ differ in signedness [-Wpointer-sign]
    /usr/include/yaml.h:553:1: note: expected ‘yaml_char_t *’ but argument is of type ‘char *’
    ext/_yaml.c:21761:7: warning: pointer targets in passing argument 2 of ‘yaml_scalar_event_initialize’ differ in signedness [-Wpointer-sign]
    /usr/include/yaml.h:578:1: note: expected ‘yaml_char_t *’ but argument is of type ‘char *’
    ext/_yaml.c:21761:7: warning: pointer targets in passing argument 3 of ‘yaml_scalar_event_initialize’ differ in signedness [-Wpointer-sign]
    /usr/include/yaml.h:578:1: note: expected ‘yaml_char_t *’ but argument is of type ‘char *’
    ext/_yaml.c:21761:7: warning: pointer targets in passing argument 4 of ‘yaml_scalar_event_initialize’ differ in signedness [-Wpointer-sign]
    /usr/include/yaml.h:578:1: note: expected ‘yaml_char_t *’ but argument is of type ‘char *’
    ext/_yaml.c:22148:7: warning: pointer targets in passing argument 2 of ‘yaml_sequence_start_event_initialize’ differ in signedness [-Wpointer-sign]
    /usr/include/yaml.h:601:1: note: expected ‘yaml_char_t *’ but argument is of type ‘char *’
    ext/_yaml.c:22148:7: warning: pointer targets in passing argument 3 of ‘yaml_sequence_start_event_initialize’ differ in signedness [-Wpointer-sign]
    /usr/include/yaml.h:601:1: note: expected ‘yaml_char_t *’ but argument is of type ‘char *’
    ext/_yaml.c:22678:7: warning: pointer targets in passing argument 2 of ‘yaml_mapping_start_event_initialize’ differ in signedness [-Wpointer-sign]
    /usr/include/yaml.h:633:1: note: expected ‘yaml_char_t *’ but argument is of type ‘char *’
    ext/_yaml.c:22678:7: warning: pointer targets in passing argument 3 of ‘yaml_mapping_start_event_initialize’ differ in signedness [-Wpointer-sign]
    /usr/include/yaml.h:633:1: note: expected ‘yaml_char_t *’ but argument is of type ‘char *’
    gcc -pthread -shared -L/opt/python/2.7.9/lib -Wl,-rpath=/opt/python/2.7.9/lib build/temp.linux-x86_64-2.7/ext/_yaml.o -L/opt/python/2.7.9/lib -lyaml -lpython2.7 -o build/lib.linux-x86_64-2.7/_yaml.so
  Running setup.py install for pytest-ipdb
  Found existing installation: pytest 2.6.4
    Uninstalling pytest-2.6.4:
      Successfully uninstalled pytest-2.6.4


  Running setup.py install for ipdb
    Installing ipdb script to /home/travis/virtualenv/python2.7.9/bin
  Running setup.py install for sh


Successfully installed MarkupSafe-1.1.1 PyYAML-5.3.1 binaryornot-0.4.4 chardet-3.0.4 click-3.3 cookiecutter-1.0.0 flake8-2.4.1 ipdb-0.8.1 ipython-3.2.1 jinja2-2.11.2 mccabe-0.3.1 pep8-1.7.1 py-1.8.1 pyflakes-0.8.1 pytest-2.7.2 pytest-ipdb-0.1 sh-1.11

travis_time:end:00cdd0de:start=1592117653702575924,finish=1592117670111697930,duration=16409122006[0Ktravis_fold:end:install[0Ktravis_time:start:0f4bb734[0K$ py.test
============================= test session starts ==============================
platform linux2 -- Python 2.7.9 -- py-1.8.1 -- pytest-2.7.2
rootdir: /home/travis/build/passed/pydanny/cookiecutter-django, inifile: setup.cfg
plugins: ipdb
collected 2 items

tests/test_cookiecutter_substitution.py ..

=========================== 2 passed in 3.08 seconds ===========================

travis_time:end:0f4bb734:start=1592117670122216715,finish=1592117674608772385,duration=4486555670[0K
[32;1mThe command "py.test" exited with 0.[0m

Done. Your build exited with 0.
