travis_fold:start:system_info[0K[33;1mBuild system information[0m
Build language: python
Build id: ''
Job id: ''
[34m[1mBuild image provisioning date and time[0m
Thu Feb  5 15:09:33 UTC 2015
[34m[1mOperating System Details[0m
Distributor ID:	Ubuntu
Description:	Ubuntu 12.04.5 LTS
Release:	12.04
Codename:	precise
[34m[1mLinux Version[0m
3.13.0-29-generic
[34m[1mCookbooks Version[0m
a68419e https://github.com/travis-ci/travis-cookbooks/tree/a68419e
[34m[1mGCC version[0m
gcc (Ubuntu/Linaro 4.6.3-1ubuntu5) 4.6.3
Copyright (C) 2011 Free Software Foundation, Inc.
This is free software; see the source for copying conditions.  There is NO
warranty; not even for MERCHANTABILITY or FITNESS FOR A PARTICULAR PURPOSE.

[34m[1mLLVM version[0m
clang version 3.4 (tags/RELEASE_34/final)
Target: x86_64-unknown-linux-gnu
Thread model: posix
[34m[1mPre-installed Ruby versions[0m
ruby-1.9.3-p551
[34m[1mPre-installed Node.js versions[0m
v0.10.36
[34m[1mPre-installed Go versions[0m
1.4.1
[34m[1mRedis version[0m
redis-server 2.8.19
[34m[1mriak version[0m
2.0.2
[34m[1mMongoDB version[0m
MongoDB 2.4.12
[34m[1mCouchDB version[0m
couchdb 1.6.1
[34m[1mNeo4j version[0m
1.9.4
[34m[1mRabbitMQ Version[0m
3.4.3
[34m[1mElasticSearch version[0m
1.4.0
[34m[1mInstalled Sphinx versions[0m
2.0.10
2.1.9
2.2.6
[34m[1mDefault Sphinx version[0m
2.2.6
[34m[1mInstalled Firefox version[0m
firefox 31.0esr
[34m[1mPhantomJS version[0m
1.9.8
[34m[1mant -version[0m
Apache Ant(TM) version 1.8.2 compiled on December 3 2011
[34m[1mmvn -version[0m
Apache Maven 3.2.5 (12a6b3acb947671f09b81f49094c53f426d8cea1; 2014-12-14T17:29:23+00:00)
Maven home: /usr/local/maven
Java version: 1.7.0_76, vendor: Oracle Corporation
Java home: /usr/lib/jvm/java-7-oracle/jre
Default locale: en_US, platform encoding: ANSI_X3.4-1968
OS name: "linux", version: "3.13.0-29-generic", arch: "amd64", family: "unix"
travis_fold:end:system_info[0K
$ cd failed/pydanny/cookiecutter-django
travis_time:start:073b0bb5[0K$ source ~/virtualenv/python2.7/bin/activate

travis_time:end:073b0bb5:start=1592117712403226750,finish=1592117712412651215,duration=9424465[0K$ python --version
$ pip --version
pip 6.0.7 from /home/travis/virtualenv/python2.7.9/lib/python2.7/site-packages (python 2.7)
travis_fold:start:install[0Ktravis_time:start:0568ea29[0K$ pip install -r requirements.txt
Collecting git+git://github.com/mverteuil/pytest-ipdb.git (from -r requirements.txt (line 11))
  Cloning git://github.com/mverteuil/pytest-ipdb.git to /tmp/pip-zCWn9Z-build
Collecting cookiecutter==1.1.0 (from -r requirements.txt (line 1))
  Downloading https://files.pythonhosted.org/packages/27/2f/31cb0cf32074550dad5a55ce5d280d87f2181bce35acd03bb89497b5989e/cookiecutter-1.1.0-py2.py3-none-any.whl (42kB)
Collecting flake8==2.4.1 (from -r requirements.txt (line 2))
  Downloading https://files.pythonhosted.org/packages/b4/2a/1fec6e802ced26214a27913f5b82d904b29e1a15acba06f48443b7a6faae/flake8-2.4.1-py2.py3-none-any.whl
Collecting sh==1.11 (from -r requirements.txt (line 3))
  Downloading https://files.pythonhosted.org/packages/39/ca/1db6ebefdde0a7b5fb639ebc0527d8aab1cdc6119a8e4ac7c1c0cc222ec5/sh-1.11.tar.gz
Collecting ipdb==0.8.1 (from -r requirements.txt (line 6))
  Downloading https://files.pythonhosted.org/packages/cb/ed/cf9b80923dfee3b861d18c43e68793e52a81e51a7534f81c665e71b1642d/ipdb-0.8.1.zip
Collecting ipython==4.0.0 (from -r requirements.txt (line 7))
  Downloading https://files.pythonhosted.org/packages/a6/b1/b09cb059b715ec48c8c2ee971b5c244c4e097cf241a0492d83215647266e/ipython-4.0.0-py2-none-any.whl (730kB)
Collecting pytest==2.8.1 (from -r requirements.txt (line 10))
  Downloading https://files.pythonhosted.org/packages/af/76/56610fe4de86023ed0d81521973ededf7702bef7be04a7aff2a40e4d9245/pytest-2.8.1-py2.py3-none-any.whl (148kB)
Collecting pep8==1.6.2 (from -r requirements.txt (line 12))
  Downloading https://files.pythonhosted.org/packages/00/7f/96c5a5d0c1207b724236df22c5222577e645109e1c2989acda056c67cc06/pep8-1.6.2-py2.py3-none-any.whl (40kB)
Collecting pyflakes==1.0.0 (from -r requirements.txt (line 13))
  Downloading https://files.pythonhosted.org/packages/6d/65/3272c6bb4dba7974175981d8b8e64b6a1d7022a7f9412417684563650e3a/pyflakes-1.0.0-py2.py3-none-any.whl (152kB)
Collecting binaryornot>=0.2.0 (from cookiecutter==1.1.0->-r requirements.txt (line 1))
  Downloading https://files.pythonhosted.org/packages/24/7e/f7b6f453e6481d1e233540262ccbfcf89adcd43606f44a028d7f5fae5eb2/binaryornot-0.4.4-py2.py3-none-any.whl
Collecting whichcraft>=0.1.1 (from cookiecutter==1.1.0->-r requirements.txt (line 1))
  Downloading https://files.pythonhosted.org/packages/b5/a2/81887a0dae2e4d2adc70d9a3557fdda969f863ced51cd3c47b587d25bce5/whichcraft-0.6.1-py2.py3-none-any.whl
Collecting PyYAML>=3.10 (from cookiecutter==1.1.0->-r requirements.txt (line 1))
  Downloading https://files.pythonhosted.org/packages/64/c2/b80047c7ac2478f9501676c988a5411ed5572f35d1beff9cae07d321512c/PyYAML-5.3.1.tar.gz (269kB)
    /opt/python/2.7.9/lib/python2.7/distutils/dist.py:267: UserWarning: Unknown distribution option: 'python_requires'
      warnings.warn(msg)
Collecting future>=0.15.2 (from cookiecutter==1.1.0->-r requirements.txt (line 1))
  Downloading https://files.pythonhosted.org/packages/45/0b/38b06fd9b92dc2b68d58b75f900e97884c45bedd2ff83203d933cf5851c9/future-0.18.2.tar.gz (829kB)
    /opt/python/2.7.9/lib/python2.7/distutils/dist.py:267: UserWarning: Unknown distribution option: 'python_requires'
      warnings.warn(msg)
Collecting jinja2>=2.7 (from cookiecutter==1.1.0->-r requirements.txt (line 1))
  Downloading https://files.pythonhosted.org/packages/30/9e/f663a2aa66a09d838042ae1a2c5659828bb9b41ea3a6efa20a20fd92b121/Jinja2-2.11.2-py2.py3-none-any.whl (125kB)
Collecting click>=5.0 (from cookiecutter==1.1.0->-r requirements.txt (line 1))
  Downloading https://files.pythonhosted.org/packages/d2/3d/fa76db83bf75c4f8d338c2fd15c8d33fdd7ad23a9b5e57eb6c5de26b430e/click-7.1.2-py2.py3-none-any.whl (82kB)
Collecting mccabe<0.4,>=0.2.1 (from flake8==2.4.1->-r requirements.txt (line 2))
  Downloading https://files.pythonhosted.org/packages/84/75/d7966b7280635e96a243d27ca39e5954e9af632a36a4e8eee44660e53540/mccabe-0.3.1-py2.py3-none-any.whl
Collecting decorator (from ipython==4.0.0->-r requirements.txt (line 7))
  Downloading https://files.pythonhosted.org/packages/ed/1b/72a1821152d07cf1d8b6fce298aeb06a7eb90f4d6d41acec9861e7cc6df0/decorator-4.4.2-py2.py3-none-any.whl
Collecting simplegeneric>0.8 (from ipython==4.0.0->-r requirements.txt (line 7))
  Downloading https://files.pythonhosted.org/packages/3d/57/4d9c9e3ae9a255cd4e1106bb57e24056d3d0709fc01b2e3e345898e49d5b/simplegeneric-0.8.1.zip
Collecting pexpect (from ipython==4.0.0->-r requirements.txt (line 7))
  Downloading https://files.pythonhosted.org/packages/39/7b/88dbb785881c28a102619d46423cb853b46dbccc70d3ac362d99773a78ce/pexpect-4.8.0-py2.py3-none-any.whl (59kB)
Collecting traitlets (from ipython==4.0.0->-r requirements.txt (line 7))
  Downloading https://files.pythonhosted.org/packages/ca/ab/872a23e29cec3cf2594af7e857f18b687ad21039c1f9b922fac5b9b142d5/traitlets-4.3.3-py2.py3-none-any.whl (75kB)
Collecting pickleshare (from ipython==4.0.0->-r requirements.txt (line 7))
  Downloading https://files.pythonhosted.org/packages/9a/41/220f49aaea88bc6fa6cba8d05ecf24676326156c23b991e80b3f2fc24c77/pickleshare-0.7.5-py2.py3-none-any.whl
Collecting py>=1.4.29 (from pytest==2.8.1->-r requirements.txt (line 10))
  Downloading https://files.pythonhosted.org/packages/99/8d/21e1767c009211a62a8e3067280bfce76e89c9f876180308515942304d2d/py-1.8.1-py2.py3-none-any.whl (83kB)
Collecting chardet>=3.0.2 (from binaryornot>=0.2.0->cookiecutter==1.1.0->-r requirements.txt (line 1))
  Downloading https://files.pythonhosted.org/packages/bc/a9/01ffebfb562e4274b6487b4bb1ddec7ca55ec7510b22e4c51f14098443b8/chardet-3.0.4-py2.py3-none-any.whl (133kB)
Collecting MarkupSafe>=0.23 (from jinja2>=2.7->cookiecutter==1.1.0->-r requirements.txt (line 1))
  Downloading https://files.pythonhosted.org/packages/b9/2e/64db92e53b86efccfaea71321f597fa2e1b2bd3853d8ce658568f7a13094/MarkupSafe-1.1.1.tar.gz
    /opt/python/2.7.9/lib/python2.7/distutils/dist.py:267: UserWarning: Unknown distribution option: 'project_urls'
      warnings.warn(msg)
    /opt/python/2.7.9/lib/python2.7/distutils/dist.py:267: UserWarning: Unknown distribution option: 'python_requires'
      warnings.warn(msg)
Collecting ptyprocess>=0.5 (from pexpect->ipython==4.0.0->-r requirements.txt (line 7))
  Downloading https://files.pythonhosted.org/packages/d1/29/605c2cc68a9992d18dada28206eeada56ea4bd07a239669da41674648b6f/ptyprocess-0.6.0-py2.py3-none-any.whl
Collecting six (from traitlets->ipython==4.0.0->-r requirements.txt (line 7))
  Downloading https://files.pythonhosted.org/packages/ee/ff/48bde5c0f013094d729fe4b0316ba2a24774b3ff1c52d924a8a4cb04078a/six-1.15.0-py2.py3-none-any.whl
Collecting enum34 (from traitlets->ipython==4.0.0->-r requirements.txt (line 7))
  Downloading https://files.pythonhosted.org/packages/6f/2c/a9386903ece2ea85e9807e0e062174dc26fdce8b05f216d00491be29fad5/enum34-1.1.10-py2-none-any.whl
Collecting ipython-genutils (from traitlets->ipython==4.0.0->-r requirements.txt (line 7))
  Downloading https://files.pythonhosted.org/packages/fa/bc/9bd3b5c2b4774d5f33b2d544f1460be9df7df2fe42f352135381c347c69a/ipython_genutils-0.2.0-py2.py3-none-any.whl
Collecting pathlib2 (from pickleshare->ipython==4.0.0->-r requirements.txt (line 7))
  Downloading https://files.pythonhosted.org/packages/e9/45/9c82d3666af4ef9f221cbb954e1d77ddbb513faf552aea6df5f37f1a4859/pathlib2-2.3.5-py2.py3-none-any.whl
Collecting scandir (from pathlib2->pickleshare->ipython==4.0.0->-r requirements.txt (line 7))
  Downloading https://files.pythonhosted.org/packages/df/f5/9c052db7bd54d0cbf1bc0bb6554362bba1012d03e5888950a4f5c5dadc4e/scandir-1.10.0.tar.gz
    /opt/python/2.7.9/lib/python2.7/distutils/extension.py:133: UserWarning: Unknown Extension options: 'optional'
      warnings.warn(msg)
Installing collected packages: scandir, pathlib2, ipython-genutils, enum34, six, ptyprocess, MarkupSafe, chardet, py, pickleshare, traitlets, pexpect, simplegeneric, decorator, mccabe, click, jinja2, future, PyYAML, whichcraft, binaryornot, pytest-ipdb, pyflakes, pep8, pytest, ipython, ipdb, sh, flake8, cookiecutter
  Running setup.py install for scandir
    /opt/python/2.7.9/lib/python2.7/distutils/extension.py:133: UserWarning: Unknown Extension options: 'optional'
      warnings.warn(msg)
    building '_scandir' extension
    gcc -pthread -fno-strict-aliasing -g -fstack-protector --param=ssp-buffer-size=4 -Wformat -Werror=format-security -DNDEBUG -g -fwrapv -O3 -Wall -Wstrict-prototypes -fPIC -I/opt/python/2.7.9/include/python2.7 -c _scandir.c -o build/temp.linux-x86_64-2.7/_scandir.o
    gcc -pthread -shared -L/opt/python/2.7.9/lib -Wl,-rpath=/opt/python/2.7.9/lib build/temp.linux-x86_64-2.7/_scandir.o -L/opt/python/2.7.9/lib -lpython2.7 -o build/lib.linux-x86_64-2.7/_scandir.so





  Running setup.py install for MarkupSafe
    /opt/python/2.7.9/lib/python2.7/distutils/dist.py:267: UserWarning: Unknown distribution option: 'project_urls'
      warnings.warn(msg)
    /opt/python/2.7.9/lib/python2.7/distutils/dist.py:267: UserWarning: Unknown distribution option: 'python_requires'
      warnings.warn(msg)
    building 'markupsafe._speedups' extension
    gcc -pthread -fno-strict-aliasing -g -fstack-protector --param=ssp-buffer-size=4 -Wformat -Werror=format-security -DNDEBUG -g -fwrapv -O3 -Wall -Wstrict-prototypes -fPIC -I/opt/python/2.7.9/include/python2.7 -c src/markupsafe/_speedups.c -o build/temp.linux-x86_64-2.7/src/markupsafe/_speedups.o
    gcc -pthread -shared -L/opt/python/2.7.9/lib -Wl,-rpath=/opt/python/2.7.9/lib build/temp.linux-x86_64-2.7/src/markupsafe/_speedups.o -L/opt/python/2.7.9/lib -lpython2.7 -o build/lib.linux-x86_64-2.7/markupsafe/_speedups.so

  Found existing installation: py 1.4.26
    Uninstalling py-1.4.26:
      Successfully uninstalled py-1.4.26



  Compiling /tmp/pip-build-9WRtxV/pexpect/pexpect/_async.py
  

  Running setup.py install for simplegeneric



  Compiling /tmp/pip-build-9WRtxV/jinja2/jinja2/asyncfilters.py
  
  Compiling /tmp/pip-build-9WRtxV/jinja2/jinja2/asyncsupport.py
  

  Running setup.py install for future
    /opt/python/2.7.9/lib/python2.7/distutils/dist.py:267: UserWarning: Unknown distribution option: 'python_requires'
      warnings.warn(msg)
    Installing pasteurize script to /home/travis/virtualenv/python2.7.9/bin
    Installing futurize script to /home/travis/virtualenv/python2.7.9/bin
  Running setup.py install for PyYAML
    /opt/python/2.7.9/lib/python2.7/distutils/dist.py:267: UserWarning: Unknown distribution option: 'python_requires'
      warnings.warn(msg)
    building '_yaml' extension
    gcc -pthread -fno-strict-aliasing -g -fstack-protector --param=ssp-buffer-size=4 -Wformat -Werror=format-security -DNDEBUG -g -fwrapv -O3 -Wall -Wstrict-prototypes -fPIC -I/opt/python/2.7.9/include/python2.7 -c ext/_yaml.c -o build/temp.linux-x86_64-2.7/ext/_yaml.o
    In file included from ext/_yaml.c:596:0:
    ext/_yaml.h:6:0: warning: "PyUnicode_FromString" redefined [enabled by default]
    /opt/python/2.7.9/include/python2.7/unicodeobject.h:281:0: note: this is the location of the previous definition
    ext/_yaml.c: In function ‘__pyx_pf_5_yaml_get_version_string’:
    ext/_yaml.c:1891:17: warning: assignment discards ‘const’ qualifier from pointer target type [enabled by default]
    ext/_yaml.c: In function ‘__pyx_pf_5_yaml_7CParser___init__’:
    ext/_yaml.c:3391:5: warning: passing argument 2 of ‘yaml_parser_set_input’ from incompatible pointer type [enabled by default]
    /usr/include/yaml.h:1367:1: note: expected ‘int (*)(void *, unsigned char *, size_t,  size_t *)’ but argument is of type ‘int (*)(void *, char *, size_t,  size_t *)’
    ext/_yaml.c:3632:5: warning: pointer targets in passing argument 2 of ‘yaml_parser_set_input_string’ differ in signedness [-Wpointer-sign]
    /usr/include/yaml.h:1341:1: note: expected ‘const unsigned char *’ but argument is of type ‘char *’
    ext/_yaml.c: In function ‘__pyx_f_5_yaml_7CParser__token_to_object’:
    ext/_yaml.c:5466:5: warning: pointer targets in passing argument 1 of ‘strlen’ differ in signedness [-Wpointer-sign]
    /usr/include/string.h:399:15: note: expected ‘const char *’ but argument is of type ‘yaml_char_t *’
    ext/_yaml.c:5466:5: warning: pointer targets in passing argument 1 of ‘PyUnicodeUCS4_DecodeUTF8’ differ in signedness [-Wpointer-sign]
    /opt/python/2.7.9/include/python2.7/unicodeobject.h:750:23: note: expected ‘const char *’ but argument is of type ‘yaml_char_t *’
    ext/_yaml.c:5478:5: warning: pointer targets in passing argument 1 of ‘strlen’ differ in signedness [-Wpointer-sign]
    /usr/include/string.h:399:15: note: expected ‘const char *’ but argument is of type ‘yaml_char_t *’
    ext/_yaml.c:5478:5: warning: pointer targets in passing argument 1 of ‘PyUnicodeUCS4_DecodeUTF8’ differ in signedness [-Wpointer-sign]
    /opt/python/2.7.9/include/python2.7/unicodeobject.h:750:23: note: expected ‘const char *’ but argument is of type ‘yaml_char_t *’
    ext/_yaml.c:6480:5: warning: pointer targets in passing argument 1 of ‘strlen’ differ in signedness [-Wpointer-sign]
    /usr/include/string.h:399:15: note: expected ‘const char *’ but argument is of type ‘yaml_char_t *’
    ext/_yaml.c:6480:5: warning: pointer targets in passing argument 1 of ‘PyUnicodeUCS4_DecodeUTF8’ differ in signedness [-Wpointer-sign]
    /opt/python/2.7.9/include/python2.7/unicodeobject.h:750:23: note: expected ‘const char *’ but argument is of type ‘yaml_char_t *’
    ext/_yaml.c:6564:5: warning: pointer targets in passing argument 1 of ‘strlen’ differ in signedness [-Wpointer-sign]
    /usr/include/string.h:399:15: note: expected ‘const char *’ but argument is of type ‘yaml_char_t *’
    ext/_yaml.c:6564:5: warning: pointer targets in passing argument 1 of ‘PyUnicodeUCS4_DecodeUTF8’ differ in signedness [-Wpointer-sign]
    /opt/python/2.7.9/include/python2.7/unicodeobject.h:750:23: note: expected ‘const char *’ but argument is of type ‘yaml_char_t *’
    ext/_yaml.c:6648:5: warning: pointer targets in passing argument 1 of ‘strlen’ differ in signedness [-Wpointer-sign]
    /usr/include/string.h:399:15: note: expected ‘const char *’ but argument is of type ‘yaml_char_t *’
    ext/_yaml.c:6648:5: warning: pointer targets in passing argument 1 of ‘PyUnicodeUCS4_DecodeUTF8’ differ in signedness [-Wpointer-sign]
    /opt/python/2.7.9/include/python2.7/unicodeobject.h:750:23: note: expected ‘const char *’ but argument is of type ‘yaml_char_t *’
    ext/_yaml.c:6660:5: warning: pointer targets in passing argument 1 of ‘strlen’ differ in signedness [-Wpointer-sign]
    /usr/include/string.h:399:15: note: expected ‘const char *’ but argument is of type ‘yaml_char_t *’
    ext/_yaml.c:6660:5: warning: pointer targets in passing argument 1 of ‘PyUnicodeUCS4_DecodeUTF8’ differ in signedness [-Wpointer-sign]
    /opt/python/2.7.9/include/python2.7/unicodeobject.h:750:23: note: expected ‘const char *’ but argument is of type ‘yaml_char_t *’
    ext/_yaml.c:6784:5: warning: pointer targets in passing argument 1 of ‘PyUnicodeUCS4_DecodeUTF8’ differ in signedness [-Wpointer-sign]
    /opt/python/2.7.9/include/python2.7/unicodeobject.h:750:23: note: expected ‘const char *’ but argument is of type ‘yaml_char_t *’
    ext/_yaml.c: In function ‘__pyx_f_5_yaml_7CParser__event_to_object’:
    ext/_yaml.c:8465:9: warning: pointer targets in passing argument 1 of ‘strlen’ differ in signedness [-Wpointer-sign]
    /usr/include/string.h:399:15: note: expected ‘const char *’ but argument is of type ‘yaml_char_t *’
    ext/_yaml.c:8465:9: warning: pointer targets in passing argument 1 of ‘PyUnicodeUCS4_DecodeUTF8’ differ in signedness [-Wpointer-sign]
    /opt/python/2.7.9/include/python2.7/unicodeobject.h:750:23: note: expected ‘const char *’ but argument is of type ‘yaml_char_t *’
    ext/_yaml.c:8477:9: warning: pointer targets in passing argument 1 of ‘strlen’ differ in signedness [-Wpointer-sign]
    /usr/include/string.h:399:15: note: expected ‘const char *’ but argument is of type ‘yaml_char_t *’
    ext/_yaml.c:8477:9: warning: pointer targets in passing argument 1 of ‘PyUnicodeUCS4_DecodeUTF8’ differ in signedness [-Wpointer-sign]
    /opt/python/2.7.9/include/python2.7/unicodeobject.h:750:23: note: expected ‘const char *’ but argument is of type ‘yaml_char_t *’
    ext/_yaml.c:8720:5: warning: pointer targets in passing argument 1 of ‘strlen’ differ in signedness [-Wpointer-sign]
    /usr/include/string.h:399:15: note: expected ‘const char *’ but argument is of type ‘yaml_char_t *’
    ext/_yaml.c:8720:5: warning: pointer targets in passing argument 1 of ‘PyUnicodeUCS4_DecodeUTF8’ differ in signedness [-Wpointer-sign]
    /opt/python/2.7.9/include/python2.7/unicodeobject.h:750:23: note: expected ‘const char *’ but argument is of type ‘yaml_char_t *’
    ext/_yaml.c:8824:7: warning: pointer targets in passing argument 1 of ‘strlen’ differ in signedness [-Wpointer-sign]
    /usr/include/string.h:399:15: note: expected ‘const char *’ but argument is of type ‘yaml_char_t *’
    ext/_yaml.c:8824:7: warning: pointer targets in passing argument 1 of ‘PyUnicodeUCS4_DecodeUTF8’ differ in signedness [-Wpointer-sign]
    /opt/python/2.7.9/include/python2.7/unicodeobject.h:750:23: note: expected ‘const char *’ but argument is of type ‘yaml_char_t *’
    ext/_yaml.c:8865:7: warning: pointer targets in passing argument 1 of ‘strlen’ differ in signedness [-Wpointer-sign]
    /usr/include/string.h:399:15: note: expected ‘const char *’ but argument is of type ‘yaml_char_t *’
    ext/_yaml.c:8865:7: warning: pointer targets in passing argument 1 of ‘PyUnicodeUCS4_DecodeUTF8’ differ in signedness [-Wpointer-sign]
    /opt/python/2.7.9/include/python2.7/unicodeobject.h:750:23: note: expected ‘const char *’ but argument is of type ‘yaml_char_t *’
    ext/_yaml.c:8886:5: warning: pointer targets in passing argument 1 of ‘PyUnicodeUCS4_DecodeUTF8’ differ in signedness [-Wpointer-sign]
    /opt/python/2.7.9/include/python2.7/unicodeobject.h:750:23: note: expected ‘const char *’ but argument is of type ‘yaml_char_t *’
    ext/_yaml.c:9227:7: warning: pointer targets in passing argument 1 of ‘strlen’ differ in signedness [-Wpointer-sign]
    /usr/include/string.h:399:15: note: expected ‘const char *’ but argument is of type ‘yaml_char_t *’
    ext/_yaml.c:9227:7: warning: pointer targets in passing argument 1 of ‘PyUnicodeUCS4_DecodeUTF8’ differ in signedness [-Wpointer-sign]
    /opt/python/2.7.9/include/python2.7/unicodeobject.h:750:23: note: expected ‘const char *’ but argument is of type ‘yaml_char_t *’
    ext/_yaml.c:9268:7: warning: pointer targets in passing argument 1 of ‘strlen’ differ in signedness [-Wpointer-sign]
    /usr/include/string.h:399:15: note: expected ‘const char *’ but argument is of type ‘yaml_char_t *’
    ext/_yaml.c:9268:7: warning: pointer targets in passing argument 1 of ‘PyUnicodeUCS4_DecodeUTF8’ differ in signedness [-Wpointer-sign]
    /opt/python/2.7.9/include/python2.7/unicodeobject.h:750:23: note: expected ‘const char *’ but argument is of type ‘yaml_char_t *’
    ext/_yaml.c:9500:7: warning: pointer targets in passing argument 1 of ‘strlen’ differ in signedness [-Wpointer-sign]
    /usr/include/string.h:399:15: note: expected ‘const char *’ but argument is of type ‘yaml_char_t *’
    ext/_yaml.c:9500:7: warning: pointer targets in passing argument 1 of ‘PyUnicodeUCS4_DecodeUTF8’ differ in signedness [-Wpointer-sign]
    /opt/python/2.7.9/include/python2.7/unicodeobject.h:750:23: note: expected ‘const char *’ but argument is of type ‘yaml_char_t *’
    ext/_yaml.c:9541:7: warning: pointer targets in passing argument 1 of ‘strlen’ differ in signedness [-Wpointer-sign]
    /usr/include/string.h:399:15: note: expected ‘const char *’ but argument is of type ‘yaml_char_t *’
    ext/_yaml.c:9541:7: warning: pointer targets in passing argument 1 of ‘PyUnicodeUCS4_DecodeUTF8’ differ in signedness [-Wpointer-sign]
    /opt/python/2.7.9/include/python2.7/unicodeobject.h:750:23: note: expected ‘const char *’ but argument is of type ‘yaml_char_t *’
    ext/_yaml.c: In function ‘__pyx_f_5_yaml_7CParser__compose_node’:
    ext/_yaml.c:11214:5: warning: pointer targets in passing argument 1 of ‘strlen’ differ in signedness [-Wpointer-sign]
    /usr/include/string.h:399:15: note: expected ‘const char *’ but argument is of type ‘yaml_char_t *’
    ext/_yaml.c:11214:5: warning: pointer targets in passing argument 1 of ‘PyUnicodeUCS4_DecodeUTF8’ differ in signedness [-Wpointer-sign]
    /opt/python/2.7.9/include/python2.7/unicodeobject.h:750:23: note: expected ‘const char *’ but argument is of type ‘yaml_char_t *’
    ext/_yaml.c:11534:5: warning: pointer targets in passing argument 1 of ‘strlen’ differ in signedness [-Wpointer-sign]
    /usr/include/string.h:399:15: note: expected ‘const char *’ but argument is of type ‘yaml_char_t *’
    ext/_yaml.c:11534:5: warning: pointer targets in passing argument 1 of ‘PyUnicodeUCS4_DecodeUTF8’ differ in signedness [-Wpointer-sign]
    /opt/python/2.7.9/include/python2.7/unicodeobject.h:750:23: note: expected ‘const char *’ but argument is of type ‘yaml_char_t *’
    ext/_yaml.c:11590:5: warning: pointer targets in passing argument 1 of ‘strlen’ differ in signedness [-Wpointer-sign]
    /usr/include/string.h:399:15: note: expected ‘const char *’ but argument is of type ‘yaml_char_t *’
    ext/_yaml.c:11590:5: warning: pointer targets in passing argument 1 of ‘PyUnicodeUCS4_DecodeUTF8’ differ in signedness [-Wpointer-sign]
    /opt/python/2.7.9/include/python2.7/unicodeobject.h:750:23: note: expected ‘const char *’ but argument is of type ‘yaml_char_t *’
    ext/_yaml.c:11646:5: warning: pointer targets in passing argument 1 of ‘strlen’ differ in signedness [-Wpointer-sign]
    /usr/include/string.h:399:15: note: expected ‘const char *’ but argument is of type ‘yaml_char_t *’
    ext/_yaml.c:11646:5: warning: pointer targets in passing argument 1 of ‘PyUnicodeUCS4_DecodeUTF8’ differ in signedness [-Wpointer-sign]
    /opt/python/2.7.9/include/python2.7/unicodeobject.h:750:23: note: expected ‘const char *’ but argument is of type ‘yaml_char_t *’
    ext/_yaml.c: In function ‘__pyx_f_5_yaml_7CParser__compose_scalar_node’:
    ext/_yaml.c:12304:3: warning: pointer targets in passing argument 1 of ‘PyUnicodeUCS4_DecodeUTF8’ differ in signedness [-Wpointer-sign]
    /opt/python/2.7.9/include/python2.7/unicodeobject.h:750:23: note: expected ‘const char *’ but argument is of type ‘yaml_char_t *’
    ext/_yaml.c:12527:5: warning: pointer targets in passing argument 1 of ‘strlen’ differ in signedness [-Wpointer-sign]
    /usr/include/string.h:399:15: note: expected ‘const char *’ but argument is of type ‘yaml_char_t *’
    ext/_yaml.c:12527:5: warning: pointer targets in passing argument 1 of ‘PyUnicodeUCS4_DecodeUTF8’ differ in signedness [-Wpointer-sign]
    /opt/python/2.7.9/include/python2.7/unicodeobject.h:750:23: note: expected ‘const char *’ but argument is of type ‘yaml_char_t *’
    ext/_yaml.c: In function ‘__pyx_f_5_yaml_7CParser__compose_sequence_node’:
    ext/_yaml.c:13065:5: warning: pointer targets in passing argument 1 of ‘strlen’ differ in signedness [-Wpointer-sign]
    /usr/include/string.h:399:15: note: expected ‘const char *’ but argument is of type ‘yaml_char_t *’
    ext/_yaml.c:13065:5: warning: pointer targets in passing argument 1 of ‘PyUnicodeUCS4_DecodeUTF8’ differ in signedness [-Wpointer-sign]
    /opt/python/2.7.9/include/python2.7/unicodeobject.h:750:23: note: expected ‘const char *’ but argument is of type ‘yaml_char_t *’
    ext/_yaml.c: In function ‘__pyx_f_5_yaml_7CParser__compose_mapping_node’:
    ext/_yaml.c:13690:5: warning: pointer targets in passing argument 1 of ‘strlen’ differ in signedness [-Wpointer-sign]
    /usr/include/string.h:399:15: note: expected ‘const char *’ but argument is of type ‘yaml_char_t *’
    ext/_yaml.c:13690:5: warning: pointer targets in passing argument 1 of ‘PyUnicodeUCS4_DecodeUTF8’ differ in signedness [-Wpointer-sign]
    /opt/python/2.7.9/include/python2.7/unicodeobject.h:750:23: note: expected ‘const char *’ but argument is of type ‘yaml_char_t *’
    ext/_yaml.c: In function ‘__pyx_pf_5_yaml_8CEmitter___init__’:
    ext/_yaml.c:15021:3: warning: passing argument 2 of ‘yaml_emitter_set_output’ from incompatible pointer type [enabled by default]
    /usr/include/yaml.h:1829:1: note: expected ‘int (*)(void *, unsigned char *, size_t)’ but argument is of type ‘int (*)(void *, char *, size_t)’
    ext/_yaml.c: In function ‘__pyx_f_5_yaml_8CEmitter__object_to_event’:
    ext/_yaml.c:16373:44: warning: pointer targets in assignment differ in signedness [-Wpointer-sign]
    ext/_yaml.c:16488:44: warning: pointer targets in assignment differ in signedness [-Wpointer-sign]
    ext/_yaml.c:16825:5: warning: pointer targets in passing argument 2 of ‘yaml_alias_event_initialize’ differ in signedness [-Wpointer-sign]
    /usr/include/yaml.h:553:1: note: expected ‘yaml_char_t *’ but argument is of type ‘char *’
    ext/_yaml.c:17540:5: warning: pointer targets in passing argument 2 of ‘yaml_scalar_event_initialize’ differ in signedness [-Wpointer-sign]
    /usr/include/yaml.h:578:1: note: expected ‘yaml_char_t *’ but argument is of type ‘char *’
    ext/_yaml.c:17540:5: warning: pointer targets in passing argument 3 of ‘yaml_scalar_event_initialize’ differ in signedness [-Wpointer-sign]
    /usr/include/yaml.h:578:1: note: expected ‘yaml_char_t *’ but argument is of type ‘char *’
    ext/_yaml.c:17540:5: warning: pointer targets in passing argument 4 of ‘yaml_scalar_event_initialize’ differ in signedness [-Wpointer-sign]
    /usr/include/yaml.h:578:1: note: expected ‘yaml_char_t *’ but argument is of type ‘char *’
    ext/_yaml.c:17974:5: warning: pointer targets in passing argument 2 of ‘yaml_sequence_start_event_initialize’ differ in signedness [-Wpointer-sign]
    /usr/include/yaml.h:601:1: note: expected ‘yaml_char_t *’ but argument is of type ‘char *’
    ext/_yaml.c:17974:5: warning: pointer targets in passing argument 3 of ‘yaml_sequence_start_event_initialize’ differ in signedness [-Wpointer-sign]
    /usr/include/yaml.h:601:1: note: expected ‘yaml_char_t *’ but argument is of type ‘char *’
    ext/_yaml.c:18408:5: warning: pointer targets in passing argument 2 of ‘yaml_mapping_start_event_initialize’ differ in signedness [-Wpointer-sign]
    /usr/include/yaml.h:633:1: note: expected ‘yaml_char_t *’ but argument is of type ‘char *’
    ext/_yaml.c:18408:5: warning: pointer targets in passing argument 3 of ‘yaml_mapping_start_event_initialize’ differ in signedness [-Wpointer-sign]
    /usr/include/yaml.h:633:1: note: expected ‘yaml_char_t *’ but argument is of type ‘char *’
    ext/_yaml.c: In function ‘__pyx_pf_5_yaml_8CEmitter_12serialize’:
    ext/_yaml.c:19978:42: warning: pointer targets in assignment differ in signedness [-Wpointer-sign]
    ext/_yaml.c:20093:42: warning: pointer targets in assignment differ in signedness [-Wpointer-sign]
    ext/_yaml.c: In function ‘__pyx_f_5_yaml_8CEmitter__serialize_node’:
    ext/_yaml.c:20950:5: warning: pointer targets in passing argument 2 of ‘yaml_alias_event_initialize’ differ in signedness [-Wpointer-sign]
    /usr/include/yaml.h:553:1: note: expected ‘yaml_char_t *’ but argument is of type ‘char *’
    ext/_yaml.c:21761:7: warning: pointer targets in passing argument 2 of ‘yaml_scalar_event_initialize’ differ in signedness [-Wpointer-sign]
    /usr/include/yaml.h:578:1: note: expected ‘yaml_char_t *’ but argument is of type ‘char *’
    ext/_yaml.c:21761:7: warning: pointer targets in passing argument 3 of ‘yaml_scalar_event_initialize’ differ in signedness [-Wpointer-sign]
    /usr/include/yaml.h:578:1: note: expected ‘yaml_char_t *’ but argument is of type ‘char *’
    ext/_yaml.c:21761:7: warning: pointer targets in passing argument 4 of ‘yaml_scalar_event_initialize’ differ in signedness [-Wpointer-sign]
    /usr/include/yaml.h:578:1: note: expected ‘yaml_char_t *’ but argument is of type ‘char *’
    ext/_yaml.c:22148:7: warning: pointer targets in passing argument 2 of ‘yaml_sequence_start_event_initialize’ differ in signedness [-Wpointer-sign]
    /usr/include/yaml.h:601:1: note: expected ‘yaml_char_t *’ but argument is of type ‘char *’
    ext/_yaml.c:22148:7: warning: pointer targets in passing argument 3 of ‘yaml_sequence_start_event_initialize’ differ in signedness [-Wpointer-sign]
    /usr/include/yaml.h:601:1: note: expected ‘yaml_char_t *’ but argument is of type ‘char *’
    ext/_yaml.c:22678:7: warning: pointer targets in passing argument 2 of ‘yaml_mapping_start_event_initialize’ differ in signedness [-Wpointer-sign]
    /usr/include/yaml.h:633:1: note: expected ‘yaml_char_t *’ but argument is of type ‘char *’
    ext/_yaml.c:22678:7: warning: pointer targets in passing argument 3 of ‘yaml_mapping_start_event_initialize’ differ in signedness [-Wpointer-sign]
    /usr/include/yaml.h:633:1: note: expected ‘yaml_char_t *’ but argument is of type ‘char *’
    gcc -pthread -shared -L/opt/python/2.7.9/lib -Wl,-rpath=/opt/python/2.7.9/lib build/temp.linux-x86_64-2.7/ext/_yaml.o -L/opt/python/2.7.9/lib -lyaml -lpython2.7 -o build/lib.linux-x86_64-2.7/_yaml.so


  Running setup.py install for pytest-ipdb


  Found existing installation: pytest 2.6.4
    Uninstalling pytest-2.6.4:
      Successfully uninstalled pytest-2.6.4


  Running setup.py install for ipdb
    Installing ipdb script to /home/travis/virtualenv/python2.7.9/bin
  Running setup.py install for sh


Successfully installed MarkupSafe-1.1.1 PyYAML-5.3.1 binaryornot-0.4.4 chardet-3.0.4 click-7.1.2 cookiecutter-1.1.0 decorator-4.4.2 enum34-1.1.10 flake8-2.4.1 future-0.18.2 ipdb-0.8.1 ipython-4.0.0 ipython-genutils-0.2.0 jinja2-2.11.2 mccabe-0.3.1 pathlib2-2.3.5 pep8-1.6.2 pexpect-4.8.0 pickleshare-0.7.5 ptyprocess-0.6.0 py-1.8.1 pyflakes-1.0.0 pytest-2.8.1 pytest-ipdb-0.1 scandir-1.10.0 sh-1.11 simplegeneric-0.8.1 six-1.15.0 traitlets-4.3.3 whichcraft-0.6.1

travis_time:end:0568ea29:start=1592117712691009864,finish=1592117734950946816,duration=22259936952[0Ktravis_fold:end:install[0Ktravis_time:start:091e55ec[0K$ py.test
============================= test session starts ==============================
platform linux2 -- Python 2.7.9, pytest-2.8.1, py-1.8.1, pluggy-0.3.1
rootdir: /home/travis/build/failed/pydanny/cookiecutter-django, inifile: setup.cfg
plugins: ipdb-0.1
collected 5 items

tests/test_cookiecutter_substitution.py FFFFF

=================================== FAILURES ===================================
_______________ TestCookiecutterSubstitution.test_celery_enabled _______________

self = <tests.test_cookiecutter_substitution.TestCookiecutterSubstitution testMethod=test_celery_enabled>

    def test_celery_enabled(self):
>       paths = self.generate_project(extra_context={'use_celery': 'y'})

tests/test_cookiecutter_substitution.py:20: 
_ _ _ _ _ _ _ _ _ _ _ _ _ _ _ _ _ _ _ _ _ _ _ _ _ _ _ _ _ _ _ _ _ _ _ _ _ _ _ _ 
tests/base.py:55: in generate_project
    cookiecutter(template='./', checkout=None, no_input=True, extra_context=ctx)
../../../../virtualenv/python2.7.9/lib/python2.7/site-packages/cookiecutter/main.py:138: in cookiecutter
    output_dir=output_dir
../../../../virtualenv/python2.7.9/lib/python2.7/site-packages/cookiecutter/generate.py:286: in generate_files
    generate_file(project_dir, infile, context, env)
../../../../virtualenv/python2.7.9/lib/python2.7/site-packages/cookiecutter/generate.py:138: in generate_file
    tmpl = env.get_template(infile_fwd_slashes)
../../../../virtualenv/python2.7.9/lib/python2.7/site-packages/jinja2/environment.py:883: in get_template
    return self._load_template(name, self.make_globals(globals))
../../../../virtualenv/python2.7.9/lib/python2.7/site-packages/jinja2/environment.py:857: in _load_template
    template = self.loader.load(self, name, globals)
../../../../virtualenv/python2.7.9/lib/python2.7/site-packages/jinja2/loaders.py:127: in load
    code = environment.compile(source, name, filename)
../../../../virtualenv/python2.7.9/lib/python2.7/site-packages/jinja2/environment.py:638: in compile
    self.handle_exception(source=source_hint)
../../../../virtualenv/python2.7.9/lib/python2.7/site-packages/jinja2/environment.py:832: in handle_exception
    reraise(*rewrite_traceback_stack(source=source))
_ _ _ _ _ _ _ _ _ _ _ _ _ _ _ _ _ _ _ _ _ _ _ _ _ _ _ _ _ _ _ _ _ _ _ _ _ _ _ _ 

>   ???
E   TemplateSyntaxError: Encountered unknown tag 'load'.
E     File "./{{cookiecutter.repo_name}}/templates/bootstrap3/field.html", line 1
E       {% load crispy_forms_field %}

./{{cookiecutter.repo_name}}/templates/bootstrap3/field.html:1: TemplateSyntaxError
___________ TestCookiecutterSubstitution.test_default_configuration ____________

self = <tests.test_cookiecutter_substitution.TestCookiecutterSubstitution testMethod=test_default_configuration>

    def test_default_configuration(self):
        # Build a list containing absolute paths to the generated files
>       paths = self.generate_project()

tests/test_cookiecutter_substitution.py:12: 
_ _ _ _ _ _ _ _ _ _ _ _ _ _ _ _ _ _ _ _ _ _ _ _ _ _ _ _ _ _ _ _ _ _ _ _ _ _ _ _ 
tests/base.py:55: in generate_project
    cookiecutter(template='./', checkout=None, no_input=True, extra_context=ctx)
../../../../virtualenv/python2.7.9/lib/python2.7/site-packages/cookiecutter/main.py:138: in cookiecutter
    output_dir=output_dir
../../../../virtualenv/python2.7.9/lib/python2.7/site-packages/cookiecutter/generate.py:286: in generate_files
    generate_file(project_dir, infile, context, env)
../../../../virtualenv/python2.7.9/lib/python2.7/site-packages/cookiecutter/generate.py:138: in generate_file
    tmpl = env.get_template(infile_fwd_slashes)
../../../../virtualenv/python2.7.9/lib/python2.7/site-packages/jinja2/environment.py:883: in get_template
    return self._load_template(name, self.make_globals(globals))
../../../../virtualenv/python2.7.9/lib/python2.7/site-packages/jinja2/environment.py:857: in _load_template
    template = self.loader.load(self, name, globals)
../../../../virtualenv/python2.7.9/lib/python2.7/site-packages/jinja2/loaders.py:127: in load
    code = environment.compile(source, name, filename)
../../../../virtualenv/python2.7.9/lib/python2.7/site-packages/jinja2/environment.py:638: in compile
    self.handle_exception(source=source_hint)
../../../../virtualenv/python2.7.9/lib/python2.7/site-packages/jinja2/environment.py:832: in handle_exception
    reraise(*rewrite_traceback_stack(source=source))
_ _ _ _ _ _ _ _ _ _ _ _ _ _ _ _ _ _ _ _ _ _ _ _ _ _ _ _ _ _ _ _ _ _ _ _ _ _ _ _ 

>   ???
E   TemplateSyntaxError: Encountered unknown tag 'load'.
E     File "./{{cookiecutter.repo_name}}/templates/bootstrap3/field.html", line 1
E       {% load crispy_forms_field %}

./{{cookiecutter.repo_name}}/templates/bootstrap3/field.html:1: TemplateSyntaxError
_____________ TestCookiecutterSubstitution.test_flake8_compliance ______________

self = <tests.test_cookiecutter_substitution.TestCookiecutterSubstitution testMethod=test_flake8_compliance>

    def test_flake8_compliance(self):
        """generated project should pass flake8"""
>       self.generate_project()

tests/test_cookiecutter_substitution.py:29: 
_ _ _ _ _ _ _ _ _ _ _ _ _ _ _ _ _ _ _ _ _ _ _ _ _ _ _ _ _ _ _ _ _ _ _ _ _ _ _ _ 
tests/base.py:55: in generate_project
    cookiecutter(template='./', checkout=None, no_input=True, extra_context=ctx)
../../../../virtualenv/python2.7.9/lib/python2.7/site-packages/cookiecutter/main.py:138: in cookiecutter
    output_dir=output_dir
../../../../virtualenv/python2.7.9/lib/python2.7/site-packages/cookiecutter/generate.py:286: in generate_files
    generate_file(project_dir, infile, context, env)
../../../../virtualenv/python2.7.9/lib/python2.7/site-packages/cookiecutter/generate.py:138: in generate_file
    tmpl = env.get_template(infile_fwd_slashes)
../../../../virtualenv/python2.7.9/lib/python2.7/site-packages/jinja2/environment.py:883: in get_template
    return self._load_template(name, self.make_globals(globals))
../../../../virtualenv/python2.7.9/lib/python2.7/site-packages/jinja2/environment.py:857: in _load_template
    template = self.loader.load(self, name, globals)
../../../../virtualenv/python2.7.9/lib/python2.7/site-packages/jinja2/loaders.py:127: in load
    code = environment.compile(source, name, filename)
../../../../virtualenv/python2.7.9/lib/python2.7/site-packages/jinja2/environment.py:638: in compile
    self.handle_exception(source=source_hint)
../../../../virtualenv/python2.7.9/lib/python2.7/site-packages/jinja2/environment.py:832: in handle_exception
    reraise(*rewrite_traceback_stack(source=source))
_ _ _ _ _ _ _ _ _ _ _ _ _ _ _ _ _ _ _ _ _ _ _ _ _ _ _ _ _ _ _ _ _ _ _ _ _ _ _ _ 

>   ???
E   TemplateSyntaxError: Encountered unknown tag 'load'.
E     File "./{{cookiecutter.repo_name}}/templates/bootstrap3/field.html", line 1
E       {% load crispy_forms_field %}

./{{cookiecutter.repo_name}}/templates/bootstrap3/field.html:1: TemplateSyntaxError
______________ TestCookiecutterSubstitution.test_maildump_enabled ______________

self = <tests.test_cookiecutter_substitution.TestCookiecutterSubstitution testMethod=test_maildump_enabled>

    def test_maildump_enabled(self):
>       paths = self.generate_project(extra_context={'use_maildump': 'y'})

tests/test_cookiecutter_substitution.py:16: 
_ _ _ _ _ _ _ _ _ _ _ _ _ _ _ _ _ _ _ _ _ _ _ _ _ _ _ _ _ _ _ _ _ _ _ _ _ _ _ _ 
tests/base.py:55: in generate_project
    cookiecutter(template='./', checkout=None, no_input=True, extra_context=ctx)
../../../../virtualenv/python2.7.9/lib/python2.7/site-packages/cookiecutter/main.py:138: in cookiecutter
    output_dir=output_dir
../../../../virtualenv/python2.7.9/lib/python2.7/site-packages/cookiecutter/generate.py:286: in generate_files
    generate_file(project_dir, infile, context, env)
../../../../virtualenv/python2.7.9/lib/python2.7/site-packages/cookiecutter/generate.py:138: in generate_file
    tmpl = env.get_template(infile_fwd_slashes)
../../../../virtualenv/python2.7.9/lib/python2.7/site-packages/jinja2/environment.py:883: in get_template
    return self._load_template(name, self.make_globals(globals))
../../../../virtualenv/python2.7.9/lib/python2.7/site-packages/jinja2/environment.py:857: in _load_template
    template = self.loader.load(self, name, globals)
../../../../virtualenv/python2.7.9/lib/python2.7/site-packages/jinja2/loaders.py:127: in load
    code = environment.compile(source, name, filename)
../../../../virtualenv/python2.7.9/lib/python2.7/site-packages/jinja2/environment.py:638: in compile
    self.handle_exception(source=source_hint)
../../../../virtualenv/python2.7.9/lib/python2.7/site-packages/jinja2/environment.py:832: in handle_exception
    reraise(*rewrite_traceback_stack(source=source))
_ _ _ _ _ _ _ _ _ _ _ _ _ _ _ _ _ _ _ _ _ _ _ _ _ _ _ _ _ _ _ _ _ _ _ _ _ _ _ _ 

>   ???
E   TemplateSyntaxError: Encountered unknown tag 'load'.
E     File "./{{cookiecutter.repo_name}}/templates/bootstrap3/field.html", line 1
E       {% load crispy_forms_field %}

./{{cookiecutter.repo_name}}/templates/bootstrap3/field.html:1: TemplateSyntaxError
______________ TestCookiecutterSubstitution.test_windows_enabled _______________

self = <tests.test_cookiecutter_substitution.TestCookiecutterSubstitution testMethod=test_windows_enabled>

    def test_windows_enabled(self):
>       paths = self.generate_project(extra_context={'windows': 'y'})

tests/test_cookiecutter_substitution.py:24: 
_ _ _ _ _ _ _ _ _ _ _ _ _ _ _ _ _ _ _ _ _ _ _ _ _ _ _ _ _ _ _ _ _ _ _ _ _ _ _ _ 
tests/base.py:55: in generate_project
    cookiecutter(template='./', checkout=None, no_input=True, extra_context=ctx)
../../../../virtualenv/python2.7.9/lib/python2.7/site-packages/cookiecutter/main.py:138: in cookiecutter
    output_dir=output_dir
../../../../virtualenv/python2.7.9/lib/python2.7/site-packages/cookiecutter/generate.py:286: in generate_files
    generate_file(project_dir, infile, context, env)
../../../../virtualenv/python2.7.9/lib/python2.7/site-packages/cookiecutter/generate.py:138: in generate_file
    tmpl = env.get_template(infile_fwd_slashes)
../../../../virtualenv/python2.7.9/lib/python2.7/site-packages/jinja2/environment.py:883: in get_template
    return self._load_template(name, self.make_globals(globals))
../../../../virtualenv/python2.7.9/lib/python2.7/site-packages/jinja2/environment.py:857: in _load_template
    template = self.loader.load(self, name, globals)
../../../../virtualenv/python2.7.9/lib/python2.7/site-packages/jinja2/loaders.py:127: in load
    code = environment.compile(source, name, filename)
../../../../virtualenv/python2.7.9/lib/python2.7/site-packages/jinja2/environment.py:638: in compile
    self.handle_exception(source=source_hint)
../../../../virtualenv/python2.7.9/lib/python2.7/site-packages/jinja2/environment.py:832: in handle_exception
    reraise(*rewrite_traceback_stack(source=source))
_ _ _ _ _ _ _ _ _ _ _ _ _ _ _ _ _ _ _ _ _ _ _ _ _ _ _ _ _ _ _ _ _ _ _ _ _ _ _ _ 

>   ???
E   TemplateSyntaxError: Encountered unknown tag 'load'.
E     File "./{{cookiecutter.repo_name}}/templates/bootstrap3/field.html", line 1
E       {% load crispy_forms_field %}

./{{cookiecutter.repo_name}}/templates/bootstrap3/field.html:1: TemplateSyntaxError
=========================== 5 failed in 3.47 seconds ===========================

travis_time:end:091e55ec:start=1592117734961626693,finish=1592117739494542766,duration=4532916073[0K
[31;1mThe command "py.test" exited with 1.[0m

Done. Your build exited with 1.
