travis_fold:start:system_info[0K[33;1mBuild system information[0m
Build language: java
Build group: stable
Build dist: precise
Build id: ''
Job id: ''
[34m[1mBuild image provisioning date and time[0m
Thu Feb  5 15:09:33 UTC 2015
[34m[1mOperating System Details[0m
Distributor ID:	Ubuntu
Description:	Ubuntu 12.04.5 LTS
Release:	12.04
Codename:	precise
[34m[1mLinux Version[0m
3.13.0-29-generic
[34m[1mCookbooks Version[0m
a68419e https://github.com/travis-ci/travis-cookbooks/tree/a68419e
[34m[1mGCC version[0m
gcc (Ubuntu/Linaro 4.6.3-1ubuntu5) 4.6.3
Copyright (C) 2011 Free Software Foundation, Inc.
This is free software; see the source for copying conditions.  There is NO
warranty; not even for MERCHANTABILITY or FITNESS FOR A PARTICULAR PURPOSE.

[34m[1mLLVM version[0m
clang version 3.4 (tags/RELEASE_34/final)
Target: x86_64-unknown-linux-gnu
Thread model: posix
[34m[1mPre-installed Ruby versions[0m
ruby-1.9.3-p551
[34m[1mPre-installed Node.js versions[0m
v0.10.36
[34m[1mPre-installed Go versions[0m
1.4.1
[34m[1mRedis version[0m
redis-server 2.8.19
[34m[1mriak version[0m
2.0.2
[34m[1mMongoDB version[0m
MongoDB 2.4.12
[34m[1mCouchDB version[0m
couchdb 1.6.1
[34m[1mNeo4j version[0m
1.9.4
[34m[1mRabbitMQ Version[0m
3.4.3
[34m[1mElasticSearch version[0m
1.4.0
[34m[1mInstalled Sphinx versions[0m
2.0.10
2.1.9
2.2.6
[34m[1mDefault Sphinx version[0m
2.2.6
[34m[1mInstalled Firefox version[0m
firefox 31.0esr
[34m[1mPhantomJS version[0m
1.9.8
[34m[1mant -version[0m
Apache Ant(TM) version 1.8.2 compiled on December 3 2011
[34m[1mmvn -version[0m
Apache Maven 3.2.5 (12a6b3acb947671f09b81f49094c53f426d8cea1; 2014-12-14T17:29:23+00:00)
Maven home: /usr/local/maven
Java version: 1.7.0_76, vendor: Oracle Corporation
Java home: /usr/lib/jvm/java-7-oracle/jre
Default locale: en_US, platform encoding: ANSI_X3.4-1968
OS name: "linux", version: "3.13.0-29-generic", arch: "amd64", family: "unix"
travis_fold:end:system_info[0K
W: GPG error: http://apt.postgresql.org precise-pgdg Release: The following signatures were invalid: KEYEXPIRED 1562078959
W: Failed to fetch http://ppa.launchpad.net/travis-ci/zero-mq/ubuntu/dists/precise/main/binary-amd64/Packages  403  Forbidden

W: Failed to fetch http://ppa.launchpad.net/travis-ci/zero-mq/ubuntu/dists/precise/main/binary-i386/Packages  403  Forbidden

W: Failed to fetch http://downloads-distro.mongodb.org/repo/debian-sysvinit/dists/dist/10gen/binary-amd64/Packages  Undetermined Error [IP: 54.175.147.155 80]

W: Failed to fetch http://downloads-distro.mongodb.org/repo/debian-sysvinit/dists/dist/10gen/binary-i386/Packages  Undetermined Error [IP: 54.175.147.155 80]

E: Some index files failed to download. They have been ignored, or old ones used instead.
$ jdk_switcher use oraclejdk8
Switching to Oracle JDK8 (java-8-oracle), JAVA_HOME will be set to /usr/lib/jvm/java-8-oracle
$ cd failed/stagemonitor/stagemonitor

[33;1mSetting environment variables from .travis.yml[0m
$ export GH_TOKEN=[secure]
$ export COVERITY_SCAN_TOKEN=[secure]
$ export TERM=dumb

$ export TERM=dumb
travis_fold:start:cache.1[0KSetting up build cache
$ export CASHER_DIR=$HOME/.casher
travis_time:start:1abd2dc8[0K$ Installing caching utilities

travis_time:end:1abd2dc8:start=1592184357814897699,finish=1592184359604894265,duration=1789996566[0Ktravis_time:start:09230ea7[0K
travis_time:end:09230ea7:start=1592184359616808379,finish=1592184359624270666,duration=7462287[0Ktravis_time:start:04f39b6c[0K[32;1mattempting to download cache archive[0m

travis_time:end:04f39b6c:start=1592184359632430175,finish=1592184360347291588,duration=714861413[0Ktravis_time:start:05179ec0[0K
travis_time:end:05179ec0:start=1592184360356879883,finish=1592184360367075875,duration=10195992[0Ktravis_time:start:0992df44[0K[32;1madding /home/travis/.m2 to cache[0m
[32;1madding /home/travis/.gradle to cache[0m
[32;1mcreating directory /home/travis/.gradle[0m

travis_time:end:0992df44:start=1592184360378725884,finish=1592184361143688712,duration=764962828[0Ktravis_fold:end:cache.1[0K$ java -Xmx32m -version
$ javac -J-Xmx32m -version
travis_fold:start:install[0Ktravis_time:start:14203080[0K$ ./gradlew assemble --stacktrace
Downloading https://services.gradle.org/distributions/gradle-2.12-all.zip
...................................................................................................................................................................................................................................................................................................................................................................................................................................................................................................................................................................................................................................................................................................................................................................................................................................................................................................................................................................................................................................................................................................................................................................................................................................................................................................................................................................................................................................................................................................................................................................................................................................................................................................................................................................................................................................................................................................................................................................................................................................................................................................................................................................................................................................................................................................................................................................................................................................................................................................................................................................................................................................................................................................................................................................................................................................................................................................................................................................................................................................................................................................................................................................................................................................................................................................................................................................................................................................................................................................................................................................................................................
Unzipping /home/travis/.gradle/wrapper/dists/gradle-2.12-all/8ywkdai6puj5z81fume4e7njw/gradle-2.12-all.zip to /home/travis/.gradle/wrapper/dists/gradle-2.12-all/8ywkdai6puj5z81fume4e7njw
Set executable permissions for: /home/travis/.gradle/wrapper/dists/gradle-2.12-all/8ywkdai6puj5z81fume4e7njw/gradle-2.12/bin/gradle
Download https://repo1.maven.org/maven2/net/saliman/gradle-cobertura-plugin/2.3.0/gradle-cobertura-plugin-2.3.0.pom
Download https://repo1.maven.org/maven2/org/kt3k/gradle/plugin/coveralls-gradle-plugin/2.6.3/coveralls-gradle-plugin-2.6.3.pom
Download https://repo1.maven.org/maven2/com/bmuschko/gradle-nexus-plugin/2.3.1/gradle-nexus-plugin-2.3.1.pom
Download https://jcenter.bintray.com/com/github/ben-manes/gradle-versions-plugin/0.12.0/gradle-versions-plugin-0.12.0.pom
Download https://repo1.maven.org/maven2/net/researchgate/gradle-release/2.3.5/gradle-release-2.3.5.pom
Download https://repo1.maven.org/maven2/org/apache/httpcomponents/httpmime/4.3/httpmime-4.3.pom
Download https://repo1.maven.org/maven2/org/apache/httpcomponents/httpcomponents-client/4.3/httpcomponents-client-4.3.pom
Download https://repo1.maven.org/maven2/org/apache/httpcomponents/project/7/project-7.pom
Download https://repo1.maven.org/maven2/org/apache/apache/13/apache-13.pom
Download https://repo1.maven.org/maven2/org/eclipse/jgit/org.eclipse.jgit/3.6.0.201412230720-r/org.eclipse.jgit-3.6.0.201412230720-r.pom
Download https://repo1.maven.org/maven2/org/eclipse/jgit/org.eclipse.jgit-parent/3.6.0.201412230720-r/org.eclipse.jgit-parent-3.6.0.201412230720-r.pom
Download https://repo1.maven.org/maven2/org/codehaus/groovy/modules/http-builder/http-builder/0.7.1/http-builder-0.7.1.pom
Download https://repo1.maven.org/maven2/com/thoughtworks/xstream/xstream/1.4.7/xstream-1.4.7.pom
Download https://repo1.maven.org/maven2/com/thoughtworks/xstream/xstream-parent/1.4.7/xstream-parent-1.4.7.pom
Download https://repo1.maven.org/maven2/org/codehaus/codehaus-parent/3/codehaus-parent-3.pom
Download https://repo1.maven.org/maven2/org/apache/httpcomponents/httpclient/4.3/httpclient-4.3.pom
Download https://repo1.maven.org/maven2/com/jcraft/jsch/0.1.50/jsch-0.1.50.pom
Download https://repo1.maven.org/maven2/org/sonatype/oss/oss-parent/6/oss-parent-6.pom
Download https://repo1.maven.org/maven2/com/googlecode/javaewah/JavaEWAH/0.7.9/JavaEWAH-0.7.9.pom
Download https://repo1.maven.org/maven2/org/sonatype/oss/oss-parent/5/oss-parent-5.pom
Download https://repo1.maven.org/maven2/net/sf/json-lib/json-lib/2.3/json-lib-2.3.pom
Download https://repo1.maven.org/maven2/net/sourceforge/nekohtml/nekohtml/1.9.16/nekohtml-1.9.16.pom
Download https://repo1.maven.org/maven2/xml-resolver/xml-resolver/1.2/xml-resolver-1.2.pom
Download https://repo1.maven.org/maven2/org/apache/apache/3/apache-3.pom
Download https://repo1.maven.org/maven2/xmlpull/xmlpull/1.1.3.1/xmlpull-1.1.3.1.pom
Download https://repo1.maven.org/maven2/xpp3/xpp3_min/1.1.4c/xpp3_min-1.1.4c.pom
Download https://repo1.maven.org/maven2/commons-beanutils/commons-beanutils/1.8.0/commons-beanutils-1.8.0.pom
Download https://repo1.maven.org/maven2/org/apache/commons/commons-parent/11/commons-parent-11.pom
Download https://repo1.maven.org/maven2/org/apache/apache/4/apache-4.pom
Download https://repo1.maven.org/maven2/commons-collections/commons-collections/3.2.1/commons-collections-3.2.1.pom
Download https://repo1.maven.org/maven2/org/apache/commons/commons-parent/9/commons-parent-9.pom
Download https://repo1.maven.org/maven2/commons-lang/commons-lang/2.4/commons-lang-2.4.pom
Download https://repo1.maven.org/maven2/commons-logging/commons-logging/1.1.1/commons-logging-1.1.1.pom
Download https://repo1.maven.org/maven2/org/apache/commons/commons-parent/5/commons-parent-5.pom
Download https://repo1.maven.org/maven2/net/sf/ezmorph/ezmorph/1.0.6/ezmorph-1.0.6.pom
Download https://repo1.maven.org/maven2/xerces/xercesImpl/2.9.1/xercesImpl-2.9.1.pom
Download https://repo1.maven.org/maven2/xml-apis/xml-apis/1.3.04/xml-apis-1.3.04.pom
Download https://repo1.maven.org/maven2/org/apache/httpcomponents/httpcore/4.3/httpcore-4.3.pom
Download https://repo1.maven.org/maven2/org/apache/httpcomponents/httpcomponents-core/4.3/httpcomponents-core-4.3.pom
Download https://repo1.maven.org/maven2/commons-codec/commons-codec/1.6/commons-codec-1.6.pom
Download https://repo1.maven.org/maven2/org/apache/commons/commons-parent/22/commons-parent-22.pom
Download https://repo1.maven.org/maven2/org/apache/apache/9/apache-9.pom
Download https://repo1.maven.org/maven2/commons-logging/commons-logging/1.1.3/commons-logging-1.1.3.pom
Download https://repo1.maven.org/maven2/org/apache/commons/commons-parent/28/commons-parent-28.pom
Download https://repo1.maven.org/maven2/net/saliman/gradle-cobertura-plugin/2.3.0/gradle-cobertura-plugin-2.3.0.jar
Download https://repo1.maven.org/maven2/org/kt3k/gradle/plugin/coveralls-gradle-plugin/2.6.3/coveralls-gradle-plugin-2.6.3.jar
Download https://repo1.maven.org/maven2/com/bmuschko/gradle-nexus-plugin/2.3.1/gradle-nexus-plugin-2.3.1.jar
Download https://jcenter.bintray.com/com/github/ben-manes/gradle-versions-plugin/0.12.0/gradle-versions-plugin-0.12.0.jar
Download https://repo1.maven.org/maven2/net/researchgate/gradle-release/2.3.5/gradle-release-2.3.5.jar
Download https://repo1.maven.org/maven2/org/apache/httpcomponents/httpmime/4.3/httpmime-4.3.jar
Download https://repo1.maven.org/maven2/org/eclipse/jgit/org.eclipse.jgit/3.6.0.201412230720-r/org.eclipse.jgit-3.6.0.201412230720-r.jar
Download https://repo1.maven.org/maven2/org/codehaus/groovy/modules/http-builder/http-builder/0.7.1/http-builder-0.7.1.jar
Download https://repo1.maven.org/maven2/com/thoughtworks/xstream/xstream/1.4.7/xstream-1.4.7.jar
Download https://repo1.maven.org/maven2/org/apache/httpcomponents/httpclient/4.3/httpclient-4.3.jar
Download https://repo1.maven.org/maven2/com/jcraft/jsch/0.1.50/jsch-0.1.50.jar
Download https://repo1.maven.org/maven2/com/googlecode/javaewah/JavaEWAH/0.7.9/JavaEWAH-0.7.9.jar
Download https://repo1.maven.org/maven2/net/sf/json-lib/json-lib/2.3/json-lib-2.3-jdk15.jar
Download https://repo1.maven.org/maven2/net/sourceforge/nekohtml/nekohtml/1.9.16/nekohtml-1.9.16.jar
Download https://repo1.maven.org/maven2/xml-resolver/xml-resolver/1.2/xml-resolver-1.2.jar
Download https://repo1.maven.org/maven2/xmlpull/xmlpull/1.1.3.1/xmlpull-1.1.3.1.jar
Download https://repo1.maven.org/maven2/xpp3/xpp3_min/1.1.4c/xpp3_min-1.1.4c.jar
Download https://repo1.maven.org/maven2/commons-beanutils/commons-beanutils/1.8.0/commons-beanutils-1.8.0.jar
Download https://repo1.maven.org/maven2/commons-collections/commons-collections/3.2.1/commons-collections-3.2.1.jar
Download https://repo1.maven.org/maven2/commons-lang/commons-lang/2.4/commons-lang-2.4.jar
Download https://repo1.maven.org/maven2/net/sf/ezmorph/ezmorph/1.0.6/ezmorph-1.0.6.jar
Download https://repo1.maven.org/maven2/xerces/xercesImpl/2.9.1/xercesImpl-2.9.1.jar
Download https://repo1.maven.org/maven2/xml-apis/xml-apis/1.3.04/xml-apis-1.3.04.jar
Download https://repo1.maven.org/maven2/org/apache/httpcomponents/httpcore/4.3/httpcore-4.3.jar
Download https://repo1.maven.org/maven2/commons-codec/commons-codec/1.6/commons-codec-1.6.jar
Download https://repo1.maven.org/maven2/commons-logging/commons-logging/1.1.3/commons-logging-1.1.3.jar
Incremental java compilation is an incubating feature.
Download https://plugins.gradle.org/m2/gradle/plugin/me/champeau/gradle/jmh-gradle-plugin/0.3.0/jmh-gradle-plugin-0.3.0.pom
Download https://plugins.gradle.org/m2/gradle/plugin/me/champeau/gradle/jmh-gradle-plugin/0.3.0/jmh-gradle-plugin-0.3.0.jar
Download https://plugins.gradle.org/m2/com/moowork/gradle/gradle-node-plugin/0.12/gradle-node-plugin-0.12.pom
Download https://plugins.gradle.org/m2/com/moowork/gradle/gradle-node-plugin/0.12/gradle-node-plugin-0.12.jar
Defining custom 'build' task when using the standard Gradle lifecycle plugins has been deprecated and is scheduled to be removed in Gradle 3.0
:compileJava UP-TO-DATE
:processResources UP-TO-DATE
:classes UP-TO-DATE
:jar
:assemble
:stagemonitor-dispatcher:compileJava
:stagemonitor-dispatcher:compileJava - is not incremental (e.g. outputs have changed, no previous execution, etc.).
:stagemonitor-dispatcher:processResources UP-TO-DATE
:stagemonitor-dispatcher:classes
:stagemonitor-dispatcher:jar
:stagemonitor-core:compileJava
Download https://repo1.maven.org/maven2/org/slf4j/slf4j-api/1.7.21/slf4j-api-1.7.21.pom
Download https://repo1.maven.org/maven2/org/slf4j/slf4j-parent/1.7.21/slf4j-parent-1.7.21.pom
Download https://repo1.maven.org/maven2/io/dropwizard/metrics/metrics-core/3.1.2/metrics-core-3.1.2.pom
Download https://repo1.maven.org/maven2/io/dropwizard/metrics/metrics-parent/3.1.2/metrics-parent-3.1.2.pom
Download https://repo1.maven.org/maven2/io/dropwizard/metrics/metrics-graphite/3.1.2/metrics-graphite-3.1.2.pom
Download https://repo1.maven.org/maven2/io/dropwizard/metrics/metrics-annotation/3.1.2/metrics-annotation-3.1.2.pom
Download https://repo1.maven.org/maven2/io/dropwizard/metrics/metrics-json/3.1.2/metrics-json-3.1.2.pom
Download https://repo1.maven.org/maven2/com/fasterxml/jackson/core/jackson-databind/2.7.4/jackson-databind-2.7.4.pom
Download https://repo1.maven.org/maven2/com/fasterxml/jackson/jackson-parent/2.7/jackson-parent-2.7.pom
Download https://repo1.maven.org/maven2/com/fasterxml/oss-parent/25/oss-parent-25.pom
Download https://repo1.maven.org/maven2/com/fasterxml/jackson/module/jackson-module-afterburner/2.7.4/jackson-module-afterburner-2.7.4.pom
Download https://repo1.maven.org/maven2/com/fasterxml/jackson/module/jackson-modules-base/2.7.4/jackson-modules-base-2.7.4.pom
Download https://repo1.maven.org/maven2/net/bytebuddy/byte-buddy/1.4.1/byte-buddy-1.4.1.pom
Download https://repo1.maven.org/maven2/net/bytebuddy/byte-buddy-parent/1.4.1/byte-buddy-parent-1.4.1.pom
Download https://repo1.maven.org/maven2/net/bytebuddy/byte-buddy-agent/1.4.1/byte-buddy-agent-1.4.1.pom
Download https://repo1.maven.org/maven2/io/prometheus/simpleclient/0.0.14/simpleclient-0.0.14.pom
Download https://repo1.maven.org/maven2/io/prometheus/parent/0.0.14/parent-0.0.14.pom
Download https://repo1.maven.org/maven2/org/sonatype/oss/oss-parent/7/oss-parent-7.pom
Download https://repo1.maven.org/maven2/com/fasterxml/jackson/core/jackson-core/2.7.4/jackson-core-2.7.4.pom
Download https://repo1.maven.org/maven2/com/fasterxml/jackson/core/jackson-annotations/2.7.0/jackson-annotations-2.7.0.pom
Download https://repo1.maven.org/maven2/org/slf4j/slf4j-api/1.7.21/slf4j-api-1.7.21.jar
Download https://repo1.maven.org/maven2/io/dropwizard/metrics/metrics-core/3.1.2/metrics-core-3.1.2.jar
Download https://repo1.maven.org/maven2/io/dropwizard/metrics/metrics-graphite/3.1.2/metrics-graphite-3.1.2.jar
Download https://repo1.maven.org/maven2/io/dropwizard/metrics/metrics-annotation/3.1.2/metrics-annotation-3.1.2.jar
Download https://repo1.maven.org/maven2/io/dropwizard/metrics/metrics-json/3.1.2/metrics-json-3.1.2.jar
Download https://repo1.maven.org/maven2/com/fasterxml/jackson/core/jackson-databind/2.7.4/jackson-databind-2.7.4.jar
Download https://repo1.maven.org/maven2/com/fasterxml/jackson/module/jackson-module-afterburner/2.7.4/jackson-module-afterburner-2.7.4.jar
Download https://repo1.maven.org/maven2/net/bytebuddy/byte-buddy/1.4.1/byte-buddy-1.4.1.jar
Download https://repo1.maven.org/maven2/net/bytebuddy/byte-buddy-agent/1.4.1/byte-buddy-agent-1.4.1.jar
Download https://repo1.maven.org/maven2/io/prometheus/simpleclient/0.0.14/simpleclient-0.0.14.jar
Download https://repo1.maven.org/maven2/com/fasterxml/jackson/core/jackson-core/2.7.4/jackson-core-2.7.4.jar
Download https://repo1.maven.org/maven2/com/fasterxml/jackson/core/jackson-annotations/2.7.0/jackson-annotations-2.7.0.jar
:stagemonitor-core:compileJava - is not incremental (e.g. outputs have changed, no previous execution, etc.).
:stagemonitor-core:compileJava FAILED

BUILD FAILED

Total time: 1 mins 12.161 secs

travis_time:end:14203080:start=1592184361441434913,finish=1592184435896646049,duration=74455211136[0K
[31;1mThe command "./gradlew assemble --stacktrace" failed and exited with 1 during .[0m

Your build has been stopped.
