travis_fold:start:system_info[0K[33;1mBuild system information[0m
Build language: java
Build group: stable
Build dist: precise
Build id: ''
Job id: ''
Runtime kernel version: 4.15.0-91-generic
[34m[1mBuild image provisioning date and time[0m
Thu Feb  5 15:09:33 UTC 2015
[34m[1mOperating System Details[0m
Distributor ID:	Ubuntu
Description:	Ubuntu 12.04.5 LTS
Release:	12.04
Codename:	precise
[34m[1mLinux Version[0m
3.13.0-29-generic
[34m[1mCookbooks Version[0m
a68419e https://github.com/travis-ci/travis-cookbooks/tree/a68419e
[34m[1mGCC version[0m
gcc (Ubuntu/Linaro 4.6.3-1ubuntu5) 4.6.3
Copyright (C) 2011 Free Software Foundation, Inc.
This is free software; see the source for copying conditions.  There is NO
warranty; not even for MERCHANTABILITY or FITNESS FOR A PARTICULAR PURPOSE.

[34m[1mLLVM version[0m
clang version 3.4 (tags/RELEASE_34/final)
Target: x86_64-unknown-linux-gnu
Thread model: posix
[34m[1mPre-installed Ruby versions[0m
ruby-1.9.3-p551
[34m[1mPre-installed Node.js versions[0m
v0.10.36
[34m[1mPre-installed Go versions[0m
1.4.1
[34m[1mRedis version[0m
redis-server 2.8.19
[34m[1mriak version[0m
2.0.2
[34m[1mMongoDB version[0m
MongoDB 2.4.12
[34m[1mCouchDB version[0m
couchdb 1.6.1
[34m[1mNeo4j version[0m
1.9.4
[34m[1mRabbitMQ Version[0m
3.4.3
[34m[1mElasticSearch version[0m
1.4.0
[34m[1mInstalled Sphinx versions[0m
2.0.10
2.1.9
2.2.6
[34m[1mDefault Sphinx version[0m
2.2.6
[34m[1mInstalled Firefox version[0m
firefox 31.0esr
[34m[1mPhantomJS version[0m
1.9.8
[34m[1mant -version[0m
Apache Ant(TM) version 1.8.2 compiled on December 3 2011
[34m[1mmvn -version[0m
Apache Maven 3.2.5 (12a6b3acb947671f09b81f49094c53f426d8cea1; 2014-12-14T17:29:23+00:00)
Maven home: /usr/local/maven
Java version: 1.7.0_76, vendor: Oracle Corporation
Java home: /usr/lib/jvm/java-7-oracle/jre
Default locale: en_US, platform encoding: ANSI_X3.4-1968
OS name: "linux", version: "3.13.0-29-generic", arch: "amd64", family: "unix"
travis_fold:end:system_info[0K
[31;1mTimeout waiting for network availability.[0m
travis_fold:start:docker_mtu[0Ktravis_fold:end:docker_mtu[0K
$ cd failed/SynBioDex/libSBOLj

$ java -Xmx32m -version
$ javac -J-Xmx32m -version
travis_fold:start:install[0Ktravis_time:start:2670afdd[0K$ mvn install -DskipTests=true -Dmaven.javadoc.skip=true -B -V
Apache Maven 3.2.5 (12a6b3acb947671f09b81f49094c53f426d8cea1; 2014-12-14T17:29:23+00:00)
Maven home: /usr/local/maven
Java version: 1.7.0_76, vendor: Oracle Corporation
Java home: /usr/lib/jvm/java-7-oracle/jre
Default locale: en_US, platform encoding: UTF-8
OS name: "linux", version: "4.15.0-91-generic", arch: "amd64", family: "unix"
[INFO] Scanning for projects...
[INFO] Downloading: http://repo.maven.apache.org/maven2/org/sbolstandard/libSBOLj-parent/2.0.0/libSBOLj-parent-2.0.0.pom
[INFO] Downloading: https://oss.sonatype.org/content/repositories/releases/org/sbolstandard/libSBOLj-parent/2.0.0/libSBOLj-parent-2.0.0.pom
[INFO] Downloading: https://repository.apache.org/content/repositories/releases/org/sbolstandard/libSBOLj-parent/2.0.0/libSBOLj-parent-2.0.0.pom
[INFO] Downloading: https://repo.maven.apache.org/maven2/org/sonatype/plugins/nexus-staging-maven-plugin/1.6.2/nexus-staging-maven-plugin-1.6.2.pom
[ERROR] The build could not read 2 projects -> [Help 1]
[ERROR]   
[ERROR]   The project org.sbolstandard:libSBOLj-deprecated:1.0.0 (/home/travis/build/failed/SynBioDex/libSBOLj/core/pom.xml) has 1 error
[ERROR]     Non-resolvable parent POM: Could not transfer artifact org.sbolstandard:libSBOLj-parent:pom:2.0.0 from/to central (http://repo.maven.apache.org/maven2): Failed to transfer file: http://repo.maven.apache.org/maven2/org/sbolstandard/libSBOLj-parent/2.0.0/libSBOLj-parent-2.0.0.pom. Return code is: 501 , ReasonPhrase:HTTPS Required. and 'parent.relativePath' points at wrong local POM @ line 6, column 13 -> [Help 2]
[ERROR]   
[ERROR]   The project org.sbolstandard:libSBOLj-parent:2.1.1-SNAPSHOT (/home/travis/build/failed/SynBioDex/libSBOLj/pom.xml) has 1 error
[ERROR]     Unresolveable build extension: Plugin org.sonatype.plugins:nexus-staging-maven-plugin:1.6.2 or one of its dependencies could not be resolved: Failed to read artifact descriptor for org.sonatype.plugins:nexus-staging-maven-plugin:jar:1.6.2: Could not transfer artifact org.sonatype.plugins:nexus-staging-maven-plugin:pom:1.6.2 from/to central (https://repo.maven.apache.org/maven2): Received fatal alert: protocol_version -> [Help 3]
[ERROR] 
[ERROR] To see the full stack trace of the errors, re-run Maven with the -e switch.
[ERROR] Re-run Maven using the -X switch to enable full debug logging.
[ERROR] 
[ERROR] For more information about the errors and possible solutions, please read the following articles:
[ERROR] [Help 1] http://cwiki.apache.org/confluence/display/MAVEN/ProjectBuildingException
[ERROR] [Help 2] http://cwiki.apache.org/confluence/display/MAVEN/UnresolvableModelException
[ERROR] [Help 3] http://cwiki.apache.org/confluence/display/MAVEN/PluginResolutionException
Apache Maven 3.2.5 (12a6b3acb947671f09b81f49094c53f426d8cea1; 2014-12-14T17:29:23+00:00)
Maven home: /usr/local/maven
Java version: 1.7.0_76, vendor: Oracle Corporation
Java home: /usr/lib/jvm/java-7-oracle/jre
Default locale: en_US, platform encoding: UTF-8
OS name: "linux", version: "4.15.0-91-generic", arch: "amd64", family: "unix"
[INFO] Scanning for projects...
[INFO] Downloading: http://repo.maven.apache.org/maven2/org/sbolstandard/libSBOLj-parent/2.0.0/libSBOLj-parent-2.0.0.pom
[INFO] Downloading: https://oss.sonatype.org/content/repositories/releases/org/sbolstandard/libSBOLj-parent/2.0.0/libSBOLj-parent-2.0.0.pom
[INFO] Downloading: https://repository.apache.org/content/repositories/releases/org/sbolstandard/libSBOLj-parent/2.0.0/libSBOLj-parent-2.0.0.pom
[INFO] Downloading: https://repo.maven.apache.org/maven2/org/sonatype/plugins/nexus-staging-maven-plugin/1.6.2/nexus-staging-maven-plugin-1.6.2.pom
[ERROR] The build could not read 2 projects -> [Help 1]
[ERROR]   
[ERROR]   The project org.sbolstandard:libSBOLj-deprecated:1.0.0 (/home/travis/build/failed/SynBioDex/libSBOLj/core/pom.xml) has 1 error
[ERROR]     Non-resolvable parent POM: Could not transfer artifact org.sbolstandard:libSBOLj-parent:pom:2.0.0 from/to central (http://repo.maven.apache.org/maven2): Failed to transfer file: http://repo.maven.apache.org/maven2/org/sbolstandard/libSBOLj-parent/2.0.0/libSBOLj-parent-2.0.0.pom. Return code is: 501 , ReasonPhrase:HTTPS Required. and 'parent.relativePath' points at wrong local POM @ line 6, column 13 -> [Help 2]
[ERROR]   
[ERROR]   The project org.sbolstandard:libSBOLj-parent:2.1.1-SNAPSHOT (/home/travis/build/failed/SynBioDex/libSBOLj/pom.xml) has 1 error
[ERROR]     Unresolveable build extension: Plugin org.sonatype.plugins:nexus-staging-maven-plugin:1.6.2 or one of its dependencies could not be resolved: Failed to read artifact descriptor for org.sonatype.plugins:nexus-staging-maven-plugin:jar:1.6.2: Could not transfer artifact org.sonatype.plugins:nexus-staging-maven-plugin:pom:1.6.2 from/to central (https://repo.maven.apache.org/maven2): Received fatal alert: protocol_version -> [Help 3]
[ERROR] 
[ERROR] To see the full stack trace of the errors, re-run Maven with the -e switch.
[ERROR] Re-run Maven using the -X switch to enable full debug logging.
[ERROR] 
[ERROR] For more information about the errors and possible solutions, please read the following articles:
[ERROR] [Help 1] http://cwiki.apache.org/confluence/display/MAVEN/ProjectBuildingException
[ERROR] [Help 2] http://cwiki.apache.org/confluence/display/MAVEN/UnresolvableModelException
[ERROR] [Help 3] http://cwiki.apache.org/confluence/display/MAVEN/PluginResolutionException
Apache Maven 3.2.5 (12a6b3acb947671f09b81f49094c53f426d8cea1; 2014-12-14T17:29:23+00:00)
Maven home: /usr/local/maven
Java version: 1.7.0_76, vendor: Oracle Corporation
Java home: /usr/lib/jvm/java-7-oracle/jre
Default locale: en_US, platform encoding: UTF-8
OS name: "linux", version: "4.15.0-91-generic", arch: "amd64", family: "unix"
[INFO] Scanning for projects...
[INFO] Downloading: http://repo.maven.apache.org/maven2/org/sbolstandard/libSBOLj-parent/2.0.0/libSBOLj-parent-2.0.0.pom
[INFO] Downloading: https://oss.sonatype.org/content/repositories/releases/org/sbolstandard/libSBOLj-parent/2.0.0/libSBOLj-parent-2.0.0.pom
[INFO] Downloading: https://repository.apache.org/content/repositories/releases/org/sbolstandard/libSBOLj-parent/2.0.0/libSBOLj-parent-2.0.0.pom
[INFO] Downloading: https://repo.maven.apache.org/maven2/org/sonatype/plugins/nexus-staging-maven-plugin/1.6.2/nexus-staging-maven-plugin-1.6.2.pom
[ERROR] The build could not read 2 projects -> [Help 1]
[ERROR]   
[ERROR]   The project org.sbolstandard:libSBOLj-deprecated:1.0.0 (/home/travis/build/failed/SynBioDex/libSBOLj/core/pom.xml) has 1 error
[ERROR]     Non-resolvable parent POM: Could not transfer artifact org.sbolstandard:libSBOLj-parent:pom:2.0.0 from/to central (http://repo.maven.apache.org/maven2): Failed to transfer file: http://repo.maven.apache.org/maven2/org/sbolstandard/libSBOLj-parent/2.0.0/libSBOLj-parent-2.0.0.pom. Return code is: 501 , ReasonPhrase:HTTPS Required. and 'parent.relativePath' points at wrong local POM @ line 6, column 13 -> [Help 2]
[ERROR]   
[ERROR]   The project org.sbolstandard:libSBOLj-parent:2.1.1-SNAPSHOT (/home/travis/build/failed/SynBioDex/libSBOLj/pom.xml) has 1 error
[ERROR]     Unresolveable build extension: Plugin org.sonatype.plugins:nexus-staging-maven-plugin:1.6.2 or one of its dependencies could not be resolved: Failed to read artifact descriptor for org.sonatype.plugins:nexus-staging-maven-plugin:jar:1.6.2: Could not transfer artifact org.sonatype.plugins:nexus-staging-maven-plugin:pom:1.6.2 from/to central (https://repo.maven.apache.org/maven2): Received fatal alert: protocol_version -> [Help 3]
[ERROR] 
[ERROR] To see the full stack trace of the errors, re-run Maven with the -e switch.
[ERROR] Re-run Maven using the -X switch to enable full debug logging.
[ERROR] 
[ERROR] For more information about the errors and possible solutions, please read the following articles:
[ERROR] [Help 1] http://cwiki.apache.org/confluence/display/MAVEN/ProjectBuildingException
[ERROR] [Help 2] http://cwiki.apache.org/confluence/display/MAVEN/UnresolvableModelException
[ERROR] [Help 3] http://cwiki.apache.org/confluence/display/MAVEN/PluginResolutionException
travis_time:end:2670afdd:start=1592042954462542388,finish=1592042966082083793,duration=11619541405[0K[31;1mThe command "mvn install -DskipTests=true -Dmaven.javadoc.skip=true -B -V" failed and exited with 1 during .[0m

Your build has been stopped.
