travis_fold:start:system_info[0K[33;1mBuild system information[0m
Build language: python
Build id: ''
Job id: ''
[34m[1mBuild image provisioning date and time[0m
Thu Feb  5 15:09:33 UTC 2015
[34m[1mOperating System Details[0m
Distributor ID:	Ubuntu
Description:	Ubuntu 12.04.5 LTS
Release:	12.04
Codename:	precise
[34m[1mLinux Version[0m
3.13.0-29-generic
[34m[1mCookbooks Version[0m
a68419e https://github.com/travis-ci/travis-cookbooks/tree/a68419e
[34m[1mGCC version[0m
gcc (Ubuntu/Linaro 4.6.3-1ubuntu5) 4.6.3
Copyright (C) 2011 Free Software Foundation, Inc.
This is free software; see the source for copying conditions.  There is NO
warranty; not even for MERCHANTABILITY or FITNESS FOR A PARTICULAR PURPOSE.

[34m[1mLLVM version[0m
clang version 3.4 (tags/RELEASE_34/final)
Target: x86_64-unknown-linux-gnu
Thread model: posix
[34m[1mPre-installed Ruby versions[0m
ruby-1.9.3-p551
[34m[1mPre-installed Node.js versions[0m
v0.10.36
[34m[1mPre-installed Go versions[0m
1.4.1
[34m[1mRedis version[0m
redis-server 2.8.19
[34m[1mriak version[0m
2.0.2
[34m[1mMongoDB version[0m
MongoDB 2.4.12
[34m[1mCouchDB version[0m
couchdb 1.6.1
[34m[1mNeo4j version[0m
1.9.4
[34m[1mRabbitMQ Version[0m
3.4.3
[34m[1mElasticSearch version[0m
1.4.0
[34m[1mInstalled Sphinx versions[0m
2.0.10
2.1.9
2.2.6
[34m[1mDefault Sphinx version[0m
2.2.6
[34m[1mInstalled Firefox version[0m
firefox 31.0esr
[34m[1mPhantomJS version[0m
1.9.8
[34m[1mant -version[0m
Apache Ant(TM) version 1.8.2 compiled on December 3 2011
[34m[1mmvn -version[0m
Apache Maven 3.2.5 (12a6b3acb947671f09b81f49094c53f426d8cea1; 2014-12-14T17:29:23+00:00)
Maven home: /usr/local/maven
Java version: 1.7.0_76, vendor: Oracle Corporation
Java home: /usr/lib/jvm/java-7-oracle/jre
Default locale: en_US, platform encoding: ANSI_X3.4-1968
OS name: "linux", version: "3.13.0-29-generic", arch: "amd64", family: "unix"
travis_fold:end:system_info[0K
grep: /etc/apt/sources.list.d/*: No such file or directory
sed: cannot rename /etc/hosts: Device or resource busy
sed: cannot rename /etc/hosts: Device or resource busy
$ cd passed/ccnmtl/dmt
travis_fold:start:install_firefox[0K$ export FIREFOX_SOURCE_URL='https://download.mozilla.org/?product=firefox-28.0&lang=en-US&os=linux64'
[33;1mInstalling Firefox 28.0[0m
travis_time:start:1c5ed373[0K$ wget -O /tmp/firefox-28.0.tar.bz2 $FIREFOX_SOURCE_URL
--2020-11-27 03:02:23--  https://download.mozilla.org/?product=firefox-28.0&lang=en-US&os=linux64
Resolving download.mozilla.org (download.mozilla.org)... 52.37.138.27, 44.240.219.147, 52.35.254.181
Connecting to download.mozilla.org (download.mozilla.org)|52.37.138.27|:443... connected.
HTTP request sent, awaiting response... 302 Found
Location: https://download-installer.cdn.mozilla.net/pub/firefox/releases/28.0/linux-x86_64/en-US/firefox-28.0.tar.bz2 [following]
--2020-11-27 03:02:23--  https://download-installer.cdn.mozilla.net/pub/firefox/releases/28.0/linux-x86_64/en-US/firefox-28.0.tar.bz2
Resolving download-installer.cdn.mozilla.net (download-installer.cdn.mozilla.net)... 13.224.26.58, 2600:9000:2164:a600:e:19d6:1546:5981, 2600:9000:2164:8800:e:19d6:1546:5981, ...
Connecting to download-installer.cdn.mozilla.net (download-installer.cdn.mozilla.net)|13.224.26.58|:443... connected.
HTTP request sent, awaiting response... 200 OK
Length: 30503247 (29M) [application/x-tar]
Saving to: `/tmp/firefox-28.0.tar.bz2'

     0K .......... .......... .......... .......... ..........  0% 1.93M 15s
    50K .......... .......... .......... .......... ..........  0% 1.86M 15s
   100K .......... .......... .......... .......... ..........  0% 2.59M 14s
   150K .......... .......... .......... .......... ..........  0% 5.34M 12s
   200K .......... .......... .......... .......... ..........  0% 6.23M 10s
   250K .......... .......... .......... .......... ..........  1% 7.85M 9s
   300K .......... .......... .......... .......... ..........  1% 8.04M 8s
   350K .......... .......... .......... .......... ..........  1% 6.95M 8s
   400K .......... .......... .......... .......... ..........  1% 12.4M 7s
   450K .......... .......... .......... .......... ..........  1% 12.1M 7s
   500K .......... .......... .......... .......... ..........  1% 17.5M 6s
   550K .......... .......... .......... .......... ..........  2% 18.2M 6s
   600K .......... .......... .......... .......... ..........  2% 19.1M 5s
   650K .......... .......... .......... .......... ..........  2% 22.2M 5s
   700K .......... .......... .......... .......... ..........  2% 21.0M 5s
   750K .......... .......... .......... .......... ..........  2% 24.4M 5s
   800K .......... .......... .......... .......... ..........  2% 18.7M 4s
   850K .......... .......... .......... .......... ..........  3% 20.9M 4s
   900K .......... .......... .......... .......... ..........  3% 35.2M 4s
   950K .......... .......... .......... .......... ..........  3% 23.7M 4s
  1000K .......... .......... .......... .......... ..........  3% 33.7M 4s
  1050K .......... .......... .......... .......... ..........  3% 24.4M 4s
  1100K .......... .......... .......... .......... ..........  3% 47.2M 4s
  1150K .......... .......... .......... .......... ..........  4% 26.5M 3s
  1200K .......... .......... .......... .......... ..........  4% 27.1M 3s
  1250K .......... .......... .......... .......... ..........  4% 51.6M 3s
  1300K .......... .......... .......... .......... ..........  4% 32.3M 3s
  1350K .......... .......... .......... .......... ..........  4% 47.1M 3s
  1400K .......... .......... .......... .......... ..........  4% 34.0M 3s
  1450K .......... .......... .......... .......... ..........  5% 67.7M 3s
  1500K .......... .......... .......... .......... ..........  5% 40.2M 3s
  1550K .......... .......... .......... .......... ..........  5% 43.5M 3s
  1600K .......... .......... .......... .......... ..........  5% 38.5M 3s
  1650K .......... .......... .......... .......... ..........  5%  120M 3s
  1700K .......... .......... .......... .......... ..........  5% 45.9M 3s
  1750K .......... .......... .......... .......... ..........  6% 48.0M 2s
  1800K .......... .......... .......... .......... ..........  6% 50.9M 2s
  1850K .......... .......... .......... .......... ..........  6%  108M 2s
  1900K .......... .......... .......... .......... ..........  6% 52.3M 2s
  1950K .......... .......... .......... .......... ..........  6% 54.3M 2s
  2000K .......... .......... .......... .......... ..........  6% 51.2M 2s
  2050K .......... .......... .......... .......... ..........  7% 58.0M 2s
  2100K .......... .......... .......... .......... ..........  7%  119M 2s
  2150K .......... .......... .......... .......... ..........  7% 1.29M 3s
  2200K .......... .......... .......... .......... ..........  7% 74.8M 2s
  2250K .......... .......... .......... .......... ..........  7% 97.8M 2s
  2300K .......... .......... .......... .......... ..........  7% 98.1M 2s
  2350K .......... .......... .......... .......... ..........  8%  106M 2s
  2400K .......... .......... .......... .......... ..........  8% 88.6M 2s
  2450K .......... .......... .......... .......... ..........  8%  107M 2s
  2500K .......... .......... .......... .......... ..........  8%  103M 2s
  2550K .......... .......... .......... .......... ..........  8%  110M 2s
  2600K .......... .......... .......... .......... ..........  8%  105M 2s
  2650K .......... .......... .......... .......... ..........  9%  116M 2s
  2700K .......... .......... .......... .......... ..........  9%  113M 2s
  2750K .......... .......... .......... .......... ..........  9%  145M 2s
  2800K .......... .......... .......... .......... ..........  9% 10.2M 2s
  2850K .......... .......... .......... .......... ..........  9%  131M 2s
  2900K .......... .......... .......... .......... ..........  9%  108M 2s
  2950K .......... .......... .......... .......... .......... 10%  121M 2s
  3000K .......... .......... .......... .......... .......... 10%  113M 2s
  3050K .......... .......... .......... .......... .......... 10%  109M 2s
  3100K .......... .......... .......... .......... .......... 10%  121M 2s
  3150K .......... .......... .......... .......... .......... 10%  119M 2s
  3200K .......... .......... .......... .......... .......... 10% 16.1M 2s
  3250K .......... .......... .......... .......... .......... 11%  124M 2s
  3300K .......... .......... .......... .......... .......... 11%  107M 2s
  3350K .......... .......... .......... .......... .......... 11%  113M 2s
  3400K .......... .......... .......... .......... .......... 11%  115M 2s
  3450K .......... .......... .......... .......... .......... 11%  109M 2s
  3500K .......... .......... .......... .......... .......... 11%  123M 2s
  3550K .......... .......... .......... .......... .......... 12% 3.13M 2s
  3600K .......... .......... .......... .......... .......... 12%  101M 2s
  3650K .......... .......... .......... .......... .......... 12%  108M 2s
  3700K .......... .......... .......... .......... .......... 12%  116M 2s
  3750K .......... .......... .......... .......... .......... 12%  128M 2s
  3800K .......... .......... .......... .......... .......... 12% 99.5M 2s
  3850K .......... .......... .......... .......... .......... 13%  122M 2s
  3900K .......... .......... .......... .......... .......... 13%  109M 2s
  3950K .......... .......... .......... .......... .......... 13% 2.20M 2s
  4000K .......... .......... .......... .......... .......... 13% 95.7M 2s
  4050K .......... .......... .......... .......... .......... 13%  105M 2s
  4100K .......... .......... .......... .......... .......... 13%  119M 2s
  4150K .......... .......... .......... .......... .......... 14%  123M 2s
  4200K .......... .......... .......... .......... .......... 14%  103M 2s
  4250K .......... .......... .......... .......... .......... 14%  122M 2s
  4300K .......... .......... .......... .......... .......... 14%  114M 2s
  4350K .......... .......... .......... .......... .......... 14%  115M 2s
  4400K .......... .......... .......... .......... .......... 14% 96.0M 2s
  4450K .......... .......... .......... .......... .......... 15% 2.71M 2s
  4500K .......... .......... .......... .......... .......... 15%  111M 2s
  4550K .......... .......... .......... .......... .......... 15%  103M 2s
  4600K .......... .......... .......... .......... .......... 15%  106M 2s
  4650K .......... .......... .......... .......... .......... 15%  105M 2s
  4700K .......... .......... .......... .......... .......... 15%  115M 2s
  4750K .......... .......... .......... .......... .......... 16% 90.4M 1s
  4800K .......... .......... .......... .......... .......... 16%  109M 1s
  4850K .......... .......... .......... .......... .......... 16%  137M 1s
  4900K .......... .......... .......... .......... .......... 16% 3.24M 2s
  4950K .......... .......... .......... .......... .......... 16%  120M 1s
  5000K .......... .......... .......... .......... .......... 16%  108M 1s
  5050K .......... .......... .......... .......... .......... 17%  117M 1s
  5100K .......... .......... .......... .......... .......... 17%  115M 1s
  5150K .......... .......... .......... .......... .......... 17% 92.0M 1s
  5200K .......... .......... .......... .......... .......... 17% 2.97M 1s
  5250K .......... .......... .......... .......... .......... 17%  110M 1s
  5300K .......... .......... .......... .......... .......... 17% 91.6M 1s
  5350K .......... .......... .......... .......... .......... 18% 94.1M 1s
  5400K .......... .......... .......... .......... .......... 18% 81.4M 1s
  5450K .......... .......... .......... .......... .......... 18% 90.3M 1s
  5500K .......... .......... .......... .......... .......... 18% 96.5M 1s
  5550K .......... .......... .......... .......... .......... 18% 93.3M 1s
  5600K .......... .......... .......... .......... .......... 18% 71.3M 1s
  5650K .......... .......... .......... .......... .......... 19%  162M 1s
  5700K .......... .......... .......... .......... .......... 19%  164M 1s
  5750K .......... .......... .......... .......... .......... 19% 26.6M 1s
  5800K .......... .......... .......... .......... .......... 19% 80.9M 1s
  5850K .......... .......... .......... .......... .......... 19% 88.8M 1s
  5900K .......... .......... .......... .......... .......... 19% 87.8M 1s
  5950K .......... .......... .......... .......... .......... 20% 94.9M 1s
  6000K .......... .......... .......... .......... .......... 20% 77.1M 1s
  6050K .......... .......... .......... .......... .......... 20%  167M 1s
  6100K .......... .......... .......... .......... .......... 20% 17.1M 1s
  6150K .......... .......... .......... .......... .......... 20%  106M 1s
  6200K .......... .......... .......... .......... .......... 20%  120M 1s
  6250K .......... .......... .......... .......... .......... 21%  111M 1s
  6300K .......... .......... .......... .......... .......... 21%  121M 1s
  6350K .......... .......... .......... .......... .......... 21% 91.7M 1s
  6400K .......... .......... .......... .......... .......... 21%  119M 1s
  6450K .......... .......... .......... .......... .......... 21%  109M 1s
  6500K .......... .......... .......... .......... .......... 21% 18.4M 1s
  6550K .......... .......... .......... .......... .......... 22%  108M 1s
  6600K .......... .......... .......... .......... .......... 22%  102M 1s
  6650K .......... .......... .......... .......... .......... 22%  121M 1s
  6700K .......... .......... .......... .......... .......... 22%  108M 1s
  6750K .......... .......... .......... .......... .......... 22% 1.29M 1s
  6800K .......... .......... .......... .......... .......... 22%  111M 1s
  6850K .......... .......... .......... .......... .......... 23%  122M 1s
  6900K .......... .......... .......... .......... .......... 23%  121M 1s
  6950K .......... .......... .......... .......... .......... 23% 84.9M 1s
  7000K .......... .......... .......... .......... .......... 23%  123M 1s
  7050K .......... .......... .......... .......... .......... 23% 2.21M 1s
  7100K .......... .......... .......... .......... .......... 24% 85.2M 1s
  7150K .......... .......... .......... .......... .......... 24% 88.4M 1s
  7200K .......... .......... .......... .......... .......... 24% 70.9M 1s
  7250K .......... .......... .......... .......... .......... 24% 82.1M 1s
  7300K .......... .......... .......... .......... .......... 24% 87.0M 1s
  7350K .......... .......... .......... .......... .......... 24% 89.2M 1s
  7400K .......... .......... .......... .......... .......... 25% 82.1M 1s
  7450K .......... .......... .......... .......... .......... 25% 87.5M 1s
  7500K .......... .......... .......... .......... .......... 25% 89.1M 1s
  7550K .......... .......... .......... .......... .......... 25% 87.8M 1s
  7600K .......... .......... .......... .......... .......... 25% 70.3M 1s
  7650K .......... .......... .......... .......... .......... 25% 83.1M 1s
  7700K .......... .......... .......... .......... .......... 26% 90.2M 1s
  7750K .......... .......... .......... .......... .......... 26% 90.0M 1s
  7800K .......... .......... .......... .......... .......... 26% 83.6M 1s
  7850K .......... .......... .......... .......... .......... 26% 90.1M 1s
  7900K .......... .......... .......... .......... .......... 26% 90.7M 1s
  7950K .......... .......... .......... .......... .......... 26%  104M 1s
  8000K .......... .......... .......... .......... .......... 27%  245M 1s
  8050K .......... .......... .......... .......... .......... 27%  292M 1s
  8100K .......... .......... .......... .......... .......... 27%  297M 1s
  8150K .......... .......... .......... .......... .......... 27%  293M 1s
  8200K .......... .......... .......... .......... .......... 27%  271M 1s
  8250K .......... .......... .......... .......... .......... 27% 6.95M 1s
  8300K .......... .......... .......... .......... .......... 28%  112M 1s
  8350K .......... .......... .......... .......... .......... 28% 84.7M 1s
  8400K .......... .......... .......... .......... .......... 28%  130M 1s
  8450K .......... .......... .......... .......... .......... 28%  112M 1s
  8500K .......... .......... .......... .......... .......... 28%  115M 1s
  8550K .......... .......... .......... .......... .......... 28%  102M 1s
  8600K .......... .......... .......... .......... .......... 29%  116M 1s
  8650K .......... .......... .......... .......... .......... 29%  120M 1s
  8700K .......... .......... .......... .......... .......... 29%  110M 1s
  8750K .......... .......... .......... .......... .......... 29% 94.4M 1s
  8800K .......... .......... .......... .......... .......... 29%  122M 1s
  8850K .......... .......... .......... .......... .......... 29%  113M 1s
  8900K .......... .......... .......... .......... .......... 30%  117M 1s
  8950K .......... .......... .......... .......... .......... 30%  111M 1s
  9000K .......... .......... .......... .......... .......... 30%  106M 1s
  9050K .......... .......... .......... .......... .......... 30%  116M 1s
  9100K .......... .......... .......... .......... .......... 30%  125M 1s
  9150K .......... .......... .......... .......... .......... 30% 89.5M 1s
  9200K .......... .......... .......... .......... .......... 31%  127M 1s
  9250K .......... .......... .......... .......... .......... 31%  106M 1s
  9300K .......... .......... .......... .......... .......... 31%  121M 1s
  9350K .......... .......... .......... .......... .......... 31%  103M 1s
  9400K .......... .......... .......... .......... .......... 31%  124M 1s
  9450K .......... .......... .......... .......... .......... 31%  112M 1s
  9500K .......... .......... .......... .......... .......... 32%  116M 1s
  9550K .......... .......... .......... .......... .......... 32% 99.1M 1s
  9600K .......... .......... .......... .......... .......... 32%  105M 1s
  9650K .......... .......... .......... .......... .......... 32%  111M 1s
  9700K .......... .......... .......... .......... .......... 32%  119M 1s
  9750K .......... .......... .......... .......... .......... 32%  125M 1s
  9800K .......... .......... .......... .......... .......... 33% 8.07M 1s
  9850K .......... .......... .......... .......... .......... 33%  127M 1s
  9900K .......... .......... .......... .......... .......... 33%  105M 1s
  9950K .......... .......... .......... .......... .......... 33%  126M 1s
 10000K .......... .......... .......... .......... .......... 33% 91.4M 1s
 10050K .......... .......... .......... .......... .......... 33%  121M 1s
 10100K .......... .......... .......... .......... .......... 34%  109M 1s
 10150K .......... .......... .......... .......... .......... 34%  121M 1s
 10200K .......... .......... .......... .......... .......... 34%  105M 1s
 10250K .......... .......... .......... .......... .......... 34%  121M 1s
 10300K .......... .......... .......... .......... .......... 34%  111M 1s
 10350K .......... .......... .......... .......... .......... 34% 20.7M 1s
 10400K .......... .......... .......... .......... .......... 35%  108M 1s
 10450K .......... .......... .......... .......... .......... 35%  109M 1s
 10500K .......... .......... .......... .......... .......... 35%  121M 1s
 10550K .......... .......... .......... .......... .......... 35%  114M 1s
 10600K .......... .......... .......... .......... .......... 35% 93.4M 1s
 10650K .......... .......... .......... .......... .......... 35%  114M 1s
 10700K .......... .......... .......... .......... .......... 36%  119M 1s
 10750K .......... .......... .......... .......... .......... 36%  113M 1s
 10800K .......... .......... .......... .......... .......... 36%  107M 1s
 10850K .......... .......... .......... .......... .......... 36%  117M 1s
 10900K .......... .......... .......... .......... .......... 36%  120M 1s
 10950K .......... .......... .......... .......... .......... 36%  122M 1s
 11000K .......... .......... .......... .......... .......... 37% 91.5M 1s
 11050K .......... .......... .......... .......... .......... 37%  109M 1s
 11100K .......... .......... .......... .......... .......... 37%  120M 1s
 11150K .......... .......... .......... .......... .......... 37%  117M 1s
 11200K .......... .......... .......... .......... .......... 37%  109M 1s
 11250K .......... .......... .......... .......... .......... 37%  110M 1s
 11300K .......... .......... .......... .......... .......... 38%  111M 1s
 11350K .......... .......... .......... .......... .......... 38%  105M 1s
 11400K .......... .......... .......... .......... .......... 38% 96.8M 1s
 11450K .......... .......... .......... .......... .......... 38%  118M 1s
 11500K .......... .......... .......... .......... .......... 38%  107M 1s
 11550K .......... .......... .......... .......... .......... 38%  156M 1s
 11600K .......... .......... .......... .......... .......... 39%  118M 1s
 11650K .......... .......... .......... .......... .......... 39%  112M 1s
 11700K .......... .......... .......... .......... .......... 39%  117M 1s
 11750K .......... .......... .......... .......... .......... 39%  114M 1s
 11800K .......... .......... .......... .......... .......... 39%  108M 1s
 11850K .......... .......... .......... .......... .......... 39%  117M 1s
 11900K .......... .......... .......... .......... .......... 40%  109M 1s
 11950K .......... .......... .......... .......... .......... 40%  112M 1s
 12000K .......... .......... .......... .......... .......... 40% 96.7M 1s
 12050K .......... .......... .......... .......... .......... 40%  110M 1s
 12100K .......... .......... .......... .......... .......... 40%  121M 1s
 12150K .......... .......... .......... .......... .......... 40%  117M 1s
 12200K .......... .......... .......... .......... .......... 41%  109M 1s
 12250K .......... .......... .......... .......... .......... 41%  120M 1s
 12300K .......... .......... .......... .......... .......... 41%  109M 1s
 12350K .......... .......... .......... .......... .......... 41%  121M 1s
 12400K .......... .......... .......... .......... .......... 41% 91.5M 1s
 12450K .......... .......... .......... .......... .......... 41%  119M 1s
 12500K .......... .......... .......... .......... .......... 42%  111M 1s
 12550K .......... .......... .......... .......... .......... 42%  119M 1s
 12600K .......... .......... .......... .......... .......... 42%  108M 1s
 12650K .......... .......... .......... .......... .......... 42%  122M 1s
 12700K .......... .......... .......... .......... .......... 42%  110M 1s
 12750K .......... .......... .......... .......... .......... 42%  115M 1s
 12800K .......... .......... .......... .......... .......... 43% 93.9M 1s
 12850K .......... .......... .......... .......... .......... 43% 30.4M 1s
 12900K .......... .......... .......... .......... .......... 43% 93.0M 1s
 12950K .......... .......... .......... .......... .......... 43%  112M 1s
 13000K .......... .......... .......... .......... .......... 43%  126M 1s
 13050K .......... .......... .......... .......... .......... 43%  114M 1s
 13100K .......... .......... .......... .......... .......... 44% 93.8M 1s
 13150K .......... .......... .......... .......... .......... 44%  110M 1s
 13200K .......... .......... .......... .......... .......... 44%  115M 1s
 13250K .......... .......... .......... .......... .......... 44%  126M 1s
 13300K .......... .......... .......... .......... .......... 44%  105M 1s
 13350K .......... .......... .......... .......... .......... 44%  114M 1s
 13400K .......... .......... .......... .......... .......... 45%  113M 1s
 13450K .......... .......... .......... .......... .......... 45%  127M 1s
 13500K .......... .......... .......... .......... .......... 45% 87.7M 1s
 13550K .......... .......... .......... .......... .......... 45%  112M 1s
 13600K .......... .......... .......... .......... .......... 45%  111M 1s
 13650K .......... .......... .......... .......... .......... 45%  131M 1s
 13700K .......... .......... .......... .......... .......... 46%  113M 1s
 13750K .......... .......... .......... .......... .......... 46%  113M 1s
 13800K .......... .......... .......... .......... .......... 46%  108M 1s
 13850K .......... .......... .......... .......... .......... 46%  125M 1s
 13900K .......... .......... .......... .......... .......... 46%  118M 1s
 13950K .......... .......... .......... .......... .......... 46%  111M 1s
 14000K .......... .......... .......... .......... .......... 47% 91.6M 1s
 14050K .......... .......... .......... .......... .......... 47%  106M 1s
 14100K .......... .......... .......... .......... .......... 47%  124M 1s
 14150K .......... .......... .......... .......... .......... 47%  119M 1s
 14200K .......... .......... .......... .......... .......... 47%  113M 1s
 14250K .......... .......... .......... .......... .......... 48%  108M 1s
 14300K .......... .......... .......... .......... .......... 48%  122M 1s
 14350K .......... .......... .......... .......... .......... 48%  107M 1s
 14400K .......... .......... .......... .......... .......... 48% 95.5M 1s
 14450K .......... .......... .......... .......... .......... 48%  137M 1s
 14500K .......... .......... .......... .......... .......... 48%  112M 1s
 14550K .......... .......... .......... .......... .......... 49% 95.7M 1s
 14600K .......... .......... .......... .......... .......... 49%  113M 1s
 14650K .......... .......... .......... .......... .......... 49%  112M 0s
 14700K .......... .......... .......... .......... .......... 49%  114M 0s
 14750K .......... .......... .......... .......... .......... 49%  136M 0s
 14800K .......... .......... .......... .......... .......... 49% 86.0M 0s
 14850K .......... .......... .......... .......... .......... 50%  131M 0s
 14900K .......... .......... .......... .......... .......... 50%  112M 0s
 14950K .......... .......... .......... .......... .......... 50%  111M 0s
 15000K .......... .......... .......... .......... .......... 50%  107M 0s
 15050K .......... .......... .......... .......... .......... 50%  129M 0s
 15100K .......... .......... .......... .......... .......... 50%  113M 0s
 15150K .......... .......... .......... .......... .......... 51%  113M 0s
 15200K .......... .......... .......... .......... .......... 51% 92.6M 0s
 15250K .......... .......... .......... .......... .......... 51%  112M 0s
 15300K .......... .......... .......... .......... .......... 51%  114M 0s
 15350K .......... .......... .......... .......... .......... 51%  123M 0s
 15400K .......... .......... .......... .......... .......... 51%  109M 0s
 15450K .......... .......... .......... .......... .......... 52%  113M 0s
 15500K .......... .......... .......... .......... .......... 52%  112M 0s
 15550K .......... .......... .......... .......... .......... 52%  113M 0s
 15600K .......... .......... .......... .......... .......... 52% 96.1M 0s
 15650K .......... .......... .......... .......... .......... 52%  123M 0s
 15700K .......... .......... .......... .......... .......... 52%  107M 0s
 15750K .......... .......... .......... .......... .......... 53%  124M 0s
 15800K .......... .......... .......... .......... .......... 53%  101M 0s
 15850K .......... .......... .......... .......... .......... 53%  125M 0s
 15900K .......... .......... .......... .......... .......... 53%  115M 0s
 15950K .......... .......... .......... .......... .......... 53%  113M 0s
 16000K .......... .......... .......... .......... .......... 53% 92.0M 0s
 16050K .......... .......... .......... .......... .......... 54%  120M 0s
 16100K .......... .......... .......... .......... .......... 54%  109M 0s
 16150K .......... .......... .......... .......... .......... 54%  120M 0s
 16200K .......... .......... .......... .......... .......... 54%  104M 0s
 16250K .......... .......... .......... .......... .......... 54%  134M 0s
 16300K .......... .......... .......... .......... .......... 54%  113M 0s
 16350K .......... .......... .......... .......... .......... 55%  113M 0s
 16400K .......... .......... .......... .......... .......... 55% 92.9M 0s
 16450K .......... .......... .......... .......... .......... 55%  112M 0s
 16500K .......... .......... .......... .......... .......... 55%  114M 0s
 16550K .......... .......... .......... .......... .......... 55%  118M 0s
 16600K .......... .......... .......... .......... .......... 55%  112M 0s
 16650K .......... .......... .......... .......... .......... 56%  117M 0s
 16700K .......... .......... .......... .......... .......... 56%  125M 0s
 16750K .......... .......... .......... .......... .......... 56% 86.7M 0s
 16800K .......... .......... .......... .......... .......... 56%  124M 0s
 16850K .......... .......... .......... .......... .......... 56%  113M 0s
 16900K .......... .......... .......... .......... .......... 56%  113M 0s
 16950K .......... .......... .......... .......... .......... 57%  107M 0s
 17000K .......... .......... .......... .......... .......... 57%  129M 0s
 17050K .......... .......... .......... .......... .......... 57%  110M 0s
 17100K .......... .......... .......... .......... .......... 57%  113M 0s
 17150K .......... .......... .......... .......... .......... 57% 95.5M 0s
 17200K .......... .......... .......... .......... .......... 57%  113M 0s
 17250K .......... .......... .......... .......... .......... 58%  113M 0s
 17300K .......... .......... .......... .......... .......... 58%  128M 0s
 17350K .......... .......... .......... .......... .......... 58%  108M 0s
 17400K .......... .......... .......... .......... .......... 58%  105M 0s
 17450K .......... .......... .......... .......... .......... 58%  125M 0s
 17500K .......... .......... .......... .......... .......... 58%  121M 0s
 17550K .......... .......... .......... .......... .......... 59% 85.7M 0s
 17600K .......... .......... .......... .......... .......... 59%  121M 0s
 17650K .......... .......... .......... .......... .......... 59%  119M 0s
 17700K .......... .......... .......... .......... .......... 59%  110M 0s
 17750K .......... .......... .......... .......... .......... 59%  113M 0s
 17800K .......... .......... .......... .......... .......... 59%  107M 0s
 17850K .......... .......... .......... .......... .......... 60%  121M 0s
 17900K .......... .......... .......... .......... .......... 60%  122M 0s
 17950K .......... .......... .......... .......... .......... 60% 94.2M 0s
 18000K .......... .......... .......... .......... .......... 60%  112M 0s
 18050K .......... .......... .......... .......... .......... 60%  114M 0s
 18100K .......... .......... .......... .......... .......... 60%  112M 0s
 18150K .......... .......... .......... .......... .......... 61%  122M 0s
 18200K .......... .......... .......... .......... .......... 61%  113M 0s
 18250K .......... .......... .......... .......... .......... 61%  114M 0s
 18300K .......... .......... .......... .......... .......... 61%  112M 0s
 18350K .......... .......... .......... .......... .......... 61% 93.4M 0s
 18400K .......... .......... .......... .......... .......... 61%  114M 0s
 18450K .......... .......... .......... .......... .......... 62%  112M 0s
 18500K .......... .......... .......... .......... .......... 62%  128M 0s
 18550K .......... .......... .......... .......... .......... 62%  108M 0s
 18600K .......... .......... .......... .......... .......... 62%  110M 0s
 18650K .......... .......... .......... .......... .......... 62%  109M 0s
 18700K .......... .......... .......... .......... .......... 62%  133M 0s
 18750K .......... .......... .......... .......... .......... 63% 84.8M 0s
 18800K .......... .......... .......... .......... .......... 63%  129M 0s
 18850K .......... .......... .......... .......... .......... 63%  112M 0s
 18900K .......... .......... .......... .......... .......... 63%  113M 0s
 18950K .......... .......... .......... .......... .......... 63%  109M 0s
 19000K .......... .......... .......... .......... .......... 63%  111M 0s
 19050K .......... .......... .......... .......... .......... 64%  128M 0s
 19100K .......... .......... .......... .......... .......... 64%  108M 0s
 19150K .......... .......... .......... .......... .......... 64%  118M 0s
 19200K .......... .......... .......... .......... .......... 64% 92.8M 0s
 19250K .......... .......... .......... .......... .......... 64%  118M 0s
 19300K .......... .......... .......... .......... .......... 64%  108M 0s
 19350K .......... .......... .......... .......... .......... 65%  122M 0s
 19400K .......... .......... .......... .......... .......... 65%  113M 0s
 19450K .......... .......... .......... .......... .......... 65%  108M 0s
 19500K .......... .......... .......... .......... .......... 65%  123M 0s
 19550K .......... .......... .......... .......... .......... 65%  107M 0s
 19600K .......... .......... .......... .......... .......... 65% 92.7M 0s
 19650K .......... .......... .......... .......... .......... 66%  124M 0s
 19700K .......... .......... .......... .......... .......... 66%  122M 0s
 19750K .......... .......... .......... .......... .......... 66%  108M 0s
 19800K .......... .......... .......... .......... .......... 66%  111M 0s
 19850K .......... .......... .......... .......... .......... 66%  112M 0s
 19900K .......... .......... .......... .......... .......... 66%  129M 0s
 19950K .......... .......... .......... .......... .......... 67%  113M 0s
 20000K .......... .......... .......... .......... .......... 67% 93.0M 0s
 20050K .......... .......... .......... .......... .......... 67%  112M 0s
 20100K .......... .......... .......... .......... .......... 67%  113M 0s
 20150K .......... .......... .......... .......... .......... 67%  108M 0s
 20200K .......... .......... .......... .......... .......... 67%  124M 0s
 20250K .......... .......... .......... .......... .......... 68%  116M 0s
 20300K .......... .......... .......... .......... .......... 68%  113M 0s
 20350K .......... .......... .......... .......... .......... 68% 93.1M 0s
 20400K .......... .......... .......... .......... .......... 68%  110M 0s
 20450K .......... .......... .......... .......... .......... 68%  113M 0s
 20500K .......... .......... .......... .......... .......... 68%  128M 0s
 20550K .......... .......... .......... .......... .......... 69%  108M 0s
 20600K .......... .......... .......... .......... .......... 69%  113M 0s
 20650K .......... .......... .......... .......... .......... 69%  113M 0s
 20700K .......... .......... .......... .......... .......... 69%  121M 0s
 20750K .......... .......... .......... .......... .......... 69% 88.4M 0s
 20800K .......... .......... .......... .......... .......... 69%  126M 0s
 20850K .......... .......... .......... .......... .......... 70%  114M 0s
 20900K .......... .......... .......... .......... .......... 70%  113M 0s
 20950K .......... .......... .......... .......... .......... 70%  108M 0s
 21000K .......... .......... .......... .......... .......... 70%  113M 0s
 21050K .......... .......... .......... .......... .......... 70%  129M 0s
 21100K .......... .......... .......... .......... .......... 71%  106M 0s
 21150K .......... .......... .......... .......... .......... 71%  122M 0s
 21200K .......... .......... .......... .......... .......... 71% 93.2M 0s
 21250K .......... .......... .......... .......... .......... 71%  121M 0s
 21300K .......... .......... .......... .......... .......... 71%  109M 0s
 21350K .......... .......... .......... .......... .......... 71%  113M 0s
 21400K .......... .......... .......... .......... .......... 72%  107M 0s
 21450K .......... .......... .......... .......... .......... 72%  126M 0s
 21500K .......... .......... .......... .......... .......... 72%  106M 0s
 21550K .......... .......... .......... .......... .......... 72%  102M 0s
 21600K .......... .......... .......... .......... .......... 72%  106M 0s
 21650K .......... .......... .......... .......... .......... 72%  113M 0s
 21700K .......... .......... .......... .......... .......... 73%  127M 0s
 21750K .......... .......... .......... .......... .......... 73%  106M 0s
 21800K .......... .......... .......... .......... .......... 73%  113M 0s
 21850K .......... .......... .......... .......... .......... 73%  116M 0s
 21900K .......... .......... .......... .......... .......... 73%  129M 0s
 21950K .......... .......... .......... .......... .......... 73% 84.9M 0s
 22000K .......... .......... .......... .......... .......... 74%  125M 0s
 22050K .......... .......... .......... .......... .......... 74%  115M 0s
 22100K .......... .......... .......... .......... .......... 74%  114M 0s
 22150K .......... .......... .......... .......... .......... 74%  121M 0s
 22200K .......... .......... .......... .......... .......... 74%  112M 0s
 22250K .......... .......... .......... .......... .......... 74%  110M 0s
 22300K .......... .......... .......... .......... .......... 75%  113M 0s
 22350K .......... .......... .......... .......... .......... 75% 92.8M 0s
 22400K .......... .......... .......... .......... .......... 75%  114M 0s
 22450K .......... .......... .......... .......... .......... 75%  113M 0s
 22500K .......... .......... .......... .......... .......... 75%  127M 0s
 22550K .......... .......... .......... .......... .......... 75%  105M 0s
 22600K .......... .......... .......... .......... .......... 76%  116M 0s
 22650K .......... .......... .......... .......... .......... 76%  110M 0s
 22700K .......... .......... .......... .......... .......... 76%  132M 0s
 22750K .......... .......... .......... .......... .......... 76% 84.2M 0s
 22800K .......... .......... .......... .......... .......... 76%  115M 0s
 22850K .......... .......... .......... .......... .......... 76%  127M 0s
 22900K .......... .......... .......... .......... .......... 77%  121M 0s
 22950K .......... .......... .......... .......... .......... 77%  102M 0s
 23000K .......... .......... .......... .......... .......... 77%  121M 0s
 23050K .......... .......... .......... .......... .......... 77%  109M 0s
 23100K .......... .......... .......... .......... .......... 77%  121M 0s
 23150K .......... .......... .......... .......... .......... 77% 93.3M 0s
 23200K .......... .......... .......... .......... .......... 78%  121M 0s
 23250K .......... .......... .......... .......... .......... 78%  109M 0s
 23300K .......... .......... .......... .......... .......... 78%  123M 0s
 23350K .......... .......... .......... .......... .......... 78%  104M 0s
 23400K .......... .......... .......... .......... .......... 78%  118M 0s
 23450K .......... .......... .......... .......... .......... 78%  117M 0s
 23500K .......... .......... .......... .......... .......... 79%  109M 0s
 23550K .......... .......... .......... .......... .......... 79% 96.0M 0s
 23600K .......... .......... .......... .......... .......... 79%  113M 0s
 23650K .......... .......... .......... .......... .......... 79%  127M 0s
 23700K .......... .......... .......... .......... .......... 79%  113M 0s
 23750K .......... .......... .......... .......... .......... 79%  114M 0s
 23800K .......... .......... .......... .......... .......... 80%  107M 0s
 23850K .......... .......... .......... .......... .......... 80%  113M 0s
 23900K .......... .......... .......... .......... .......... 80%  128M 0s
 23950K .......... .......... .......... .......... .......... 80%  113M 0s
 24000K .......... .......... .......... .......... .......... 80% 92.8M 0s
 24050K .......... .......... .......... .......... .......... 80%  111M 0s
 24100K .......... .......... .......... .......... .......... 81%  112M 0s
 24150K .......... .......... .......... .......... .......... 81%  126M 0s
 24200K .......... .......... .......... .......... .......... 81%  110M 0s
 24250K .......... .......... .......... .......... .......... 81%  114M 0s
 24300K .......... .......... .......... .......... .......... 81%  112M 0s
 24350K .......... .......... .......... .......... .......... 81%  124M 0s
 24400K .......... .......... .......... .......... .......... 82% 94.6M 0s
 24450K .......... .......... .......... .......... .......... 82%  113M 0s
 24500K .......... .......... .......... .......... .......... 82%  112M 0s
 24550K .......... .......... .......... .......... .......... 82%  115M 0s
 24600K .......... .......... .......... .......... .......... 82%  107M 0s
 24650K .......... .......... .......... .......... .......... 82%  129M 0s
 24700K .......... .......... .......... .......... .......... 83%  102M 0s
 24750K .......... .......... .......... .......... .......... 83%  122M 0s
 24800K .......... .......... .......... .......... .......... 83% 93.4M 0s
 24850K .......... .......... .......... .......... .......... 83%  120M 0s
 24900K .......... .......... .......... .......... .......... 83%  109M 0s
 24950K .......... .......... .......... .......... .......... 83%  123M 0s
 25000K .......... .......... .......... .......... .......... 84%  104M 0s
 25050K .......... .......... .......... .......... .......... 84%  118M 0s
 25100K .......... .......... .......... .......... .......... 84%  122M 0s
 25150K .......... .......... .......... .......... .......... 84%  112M 0s
 25200K .......... .......... .......... .......... .......... 84% 91.6M 0s
 25250K .......... .......... .......... .......... .......... 84%  114M 0s
 25300K .......... .......... .......... .......... .......... 85%  128M 0s
 25350K .......... .......... .......... .......... .......... 85%  113M 0s
 25400K .......... .......... .......... .......... .......... 85%  108M 0s
 25450K .......... .......... .......... .......... .......... 85%  113M 0s
 25500K .......... .......... .......... .......... .......... 85%  121M 0s
 25550K .......... .......... .......... .......... .......... 85%  118M 0s
 25600K .......... .......... .......... .......... .......... 86% 84.9M 0s
 25650K .......... .......... .......... .......... .......... 86%  128M 0s
 25700K .......... .......... .......... .......... .......... 86%  112M 0s
 25750K .......... .......... .......... .......... .......... 86%  114M 0s
 25800K .......... .......... .......... .......... .......... 86%  119M 0s
 25850K .......... .......... .......... .......... .......... 86%  116M 0s
 25900K .......... .......... .......... .......... .......... 87%  110M 0s
 25950K .......... .......... .......... .......... .......... 87%  124M 0s
 26000K .......... .......... .......... .......... .......... 87% 86.1M 0s
 26050K .......... .......... .......... .......... .......... 87%  129M 0s
 26100K .......... .......... .......... .......... .......... 87%  113M 0s
 26150K .......... .......... .......... .......... .......... 87%  113M 0s
 26200K .......... .......... .......... .......... .......... 88%  108M 0s
 26250K .......... .......... .......... .......... .......... 88%  113M 0s
 26300K .......... .......... .......... .......... .......... 88%  123M 0s
 26350K .......... .......... .......... .......... .......... 88%  117M 0s
 26400K .......... .......... .......... .......... .......... 88% 93.2M 0s
 26450K .......... .......... .......... .......... .......... 88%  112M 0s
 26500K .......... .......... .......... .......... .......... 89%  117M 0s
 26550K .......... .......... .......... .......... .......... 89%  121M 0s
 26600K .......... .......... .......... .......... .......... 89%  105M 0s
 26650K .......... .......... .......... .......... .......... 89%  117M 0s
 26700K .......... .......... .......... .......... .......... 89%  112M 0s
 26750K .......... .......... .......... .......... .......... 89%  122M 0s
 26800K .......... .......... .......... .......... .......... 90% 91.3M 0s
 26850K .......... .......... .......... .......... .......... 90%  121M 0s
 26900K .......... .......... .......... .......... .......... 90%  109M 0s
 26950K .......... .......... .......... .......... .......... 90%  121M 0s
 27000K .......... .......... .......... .......... .......... 90%  102M 0s
 27050K .......... .......... .......... .......... .......... 90%  117M 0s
 27100K .......... .......... .......... .......... .......... 91%  134M 0s
 27150K .......... .......... .......... .......... .......... 91%  109M 0s
 27200K .......... .......... .......... .......... .......... 91% 96.0M 0s
 27250K .......... .......... .......... .......... .......... 91%  112M 0s
 27300K .......... .......... .......... .......... .......... 91%  111M 0s
 27350K .......... .......... .......... .......... .......... 91%  115M 0s
 27400K .......... .......... .......... .......... .......... 92%  122M 0s
 27450K .......... .......... .......... .......... .......... 92%  113M 0s
 27500K .......... .......... .......... .......... .......... 92%  113M 0s
 27550K .......... .......... .......... .......... .......... 92%  112M 0s
 27600K .......... .......... .......... .......... .......... 92% 93.4M 0s
 27650K .......... .......... .......... .......... .......... 92%  113M 0s
 27700K .......... .......... .......... .......... .......... 93%  124M 0s
 27750K .......... .......... .......... .......... .......... 93%  113M 0s
 27800K .......... .......... .......... .......... .......... 93% 98.7M 0s
 27850K .......... .......... .......... .......... .......... 93%  125M 0s
 27900K .......... .......... .......... .......... .......... 93%  114M 0s
 27950K .......... .......... .......... .......... .......... 93%  128M 0s
 28000K .......... .......... .......... .......... .......... 94% 84.6M 0s
 28050K .......... .......... .......... .......... .......... 94%  128M 0s
 28100K .......... .......... .......... .......... .......... 94%  113M 0s
 28150K .......... .......... .......... .......... .......... 94%  113M 0s
 28200K .......... .......... .......... .......... .......... 94%  107M 0s
 28250K .......... .......... .......... .......... .......... 95%  130M 0s
 28300K .......... .......... .......... .......... .......... 95%  108M 0s
 28350K .......... .......... .......... .......... .......... 95%  122M 0s
 28400K .......... .......... .......... .......... .......... 95% 92.8M 0s
 28450K .......... .......... .......... .......... .......... 95%  109M 0s
 28500K .......... .......... .......... .......... .......... 95%  120M 0s
 28550K .......... .......... .......... .......... .......... 96%  109M 0s
 28600K .......... .......... .......... .......... .......... 96%  114M 0s
 28650K .......... .......... .......... .......... .......... 96%  121M 0s
 28700K .......... .......... .......... .......... .......... 96%  107M 0s
 28750K .......... .......... .......... .......... .......... 96%  126M 0s
 28800K .......... .......... .......... .......... .......... 96% 91.8M 0s
 28850K .......... .......... .......... .......... .......... 97%  108M 0s
 28900K .......... .......... .......... .......... .......... 97%  125M 0s
 28950K .......... .......... .......... .......... .......... 97%  114M 0s
 29000K .......... .......... .......... .......... .......... 97%  108M 0s
 29050K .......... .......... .......... .......... .......... 97%  127M 0s
 29100K .......... .......... .......... .......... .......... 97%  113M 0s
 29150K .......... .......... .......... .......... .......... 98%  113M 0s
 29200K .......... .......... .......... .......... .......... 98% 93.0M 0s
 29250K .......... .......... .......... .......... .......... 98%  113M 0s
 29300K .......... .......... .......... .......... .......... 98%  114M 0s
 29350K .......... .......... .......... .......... .......... 98%  127M 0s
 29400K .......... .......... .......... .......... .......... 98%  108M 0s
 29450K .......... .......... .......... .......... .......... 99%  110M 0s
 29500K .......... .......... .......... .......... .......... 99%  113M 0s
 29550K .......... .......... .......... .......... .......... 99%  129M 0s
 29600K .......... .......... .......... .......... .......... 99% 85.0M 0s
 29650K .......... .......... .......... .......... .......... 99%  127M 0s
 29700K .......... .......... .......... .......... .......... 99%  112M 0s
 29750K .......... .......... .......... ........             100%  134M=0.6s

2020-11-27 03:02:24 (47.1 MB/s) - `/tmp/firefox-28.0.tar.bz2' saved [30503247/30503247]


travis_time:end:1c5ed373:start=1606446143171961137,finish=1606446144243798190,duration=1071837053[0K$ export PATH=$HOME/firefox-28.0/firefox:$PATH
travis_fold:end:install_firefox[0Ktravis_fold:start:postgresql[0K[33;1mStarting PostgreSQL v9.3[0m
travis_time:start:042b4fe9[0K$ sudo service postgresql stop
 * Stopping PostgreSQL 9.1 database server
   ...done.
 * Stopping PostgreSQL 9.2 database server
   ...done.
 * Stopping PostgreSQL 9.3 database server
   ...done.
 * Stopping PostgreSQL 9.4 database server
   ...done.

travis_time:end:042b4fe9:start=1606446148356436086,finish=1606446149006035705,duration=649599619[0Ktravis_time:start:1917772e[0K$ sudo service postgresql start 9.3
 * Starting PostgreSQL 9.3 database server
   ...done.

travis_time:end:1917772e:start=1606446149015944184,finish=1606446158319104402,duration=9303160218[0Ktravis_time:start:02ea5804[0K$ sudo -u postgres createuser -s -p 5432 travis &>/dev/null

travis_time:end:02ea5804:start=1606446158330793509,finish=1606446158392801012,duration=62007503[0Ktravis_time:start:254320fe[0K$ sudo -u postgres createdb -O travis -p 5432 travis &>/dev/null

travis_time:end:254320fe:start=1606446158404173805,finish=1606446158689035746,duration=284861941[0Ktravis_time:start:11135d7e[0K$ sudo -u postgres createuser -s -p 5433 travis &>/dev/null

travis_time:end:11135d7e:start=1606446158699010058,finish=1606446158751970019,duration=52959961[0Ktravis_time:start:146ce4b8[0K$ sudo -u postgres createdb -O travis -p 5433 travis &>/dev/null

travis_time:end:146ce4b8:start=1606446158762452688,finish=1606446158819895035,duration=57442347[0Ktravis_fold:end:postgresql[0Ktravis_time:start:229b4a64[0K$ source ~/virtualenv/python2.7/bin/activate

travis_time:end:229b4a64:start=1606446159309051613,finish=1606446159319091376,duration=10039763[0K$ python --version
Python 2.7.9
$ pip --version
pip 6.0.7 from /home/travis/virtualenv/python2.7.9/lib/python2.7/site-packages (python 2.7)
travis_fold:start:before_install.1[0Ktravis_time:start:064a11c8[0K$ export DISPLAY=:99.0

travis_time:end:064a11c8:start=1606446159599686815,finish=1606446159609020860,duration=9334045[0Ktravis_fold:end:before_install.1[0Ktravis_fold:start:before_install.2[0Ktravis_time:start:07828fe3[0K$ sh -e /etc/init.d/xvfb start
Starting virtual X frame buffer: Xvfb.

travis_time:end:07828fe3:start=1606446159620866029,finish=1606446159633666501,duration=12800472[0Ktravis_fold:end:before_install.2[0Ktravis_fold:start:install[0Ktravis_time:start:194658c0[0K$ ./bootstrap.py
Using real prefix '/opt/python/2.7.9'
New python executable in /home/travis/build/passed/ccnmtl/dmt/ve/bin/python
Installing setuptools, pip...done.
Collecting wheel==0.24.0
  Retrying (Retry(total=4, connect=None, read=None, redirect=None)) after connection broken by 'ProtocolError('Connection aborted.', gaierror(-2, 'Name or service not known'))': /wheel/
  Retrying (Retry(total=3, connect=None, read=None, redirect=None)) after connection broken by 'ProtocolError('Connection aborted.', gaierror(-2, 'Name or service not known'))': /wheel/
  Retrying (Retry(total=2, connect=None, read=None, redirect=None)) after connection broken by 'ProtocolError('Connection aborted.', gaierror(-2, 'Name or service not known'))': /wheel/
  Retrying (Retry(total=1, connect=None, read=None, redirect=None)) after connection broken by 'ProtocolError('Connection aborted.', gaierror(-2, 'Name or service not known'))': /wheel/
  Retrying (Retry(total=0, connect=None, read=None, redirect=None)) after connection broken by 'ProtocolError('Connection aborted.', gaierror(-2, 'Name or service not known'))': /wheel/
  DEPRECATION: Failed to find 'wheel' at https://pypi.ccnmtl.columbia.edu/wheel/. It is suggested to upgrade your index to support normalized names as the name in /simple/{name}.
  Retrying (Retry(total=4, connect=None, read=None, redirect=None)) after connection broken by 'ProtocolError('Connection aborted.', gaierror(-2, 'Name or service not known'))': /
  Retrying (Retry(total=3, connect=None, read=None, redirect=None)) after connection broken by 'ProtocolError('Connection aborted.', gaierror(-2, 'Name or service not known'))': /
  Retrying (Retry(total=2, connect=None, read=None, redirect=None)) after connection broken by 'ProtocolError('Connection aborted.', gaierror(-2, 'Name or service not known'))': /
  Retrying (Retry(total=1, connect=None, read=None, redirect=None)) after connection broken by 'ProtocolError('Connection aborted.', gaierror(-2, 'Name or service not known'))': /
  Retrying (Retry(total=0, connect=None, read=None, redirect=None)) after connection broken by 'ProtocolError('Connection aborted.', gaierror(-2, 'Name or service not known'))': /
  Cannot fetch index base URL https://pypi.ccnmtl.columbia.edu/
  Retrying (Retry(total=4, connect=None, read=None, redirect=None)) after connection broken by 'ProtocolError('Connection aborted.', gaierror(-2, 'Name or service not known'))': /wheel/
  Retrying (Retry(total=3, connect=None, read=None, redirect=None)) after connection broken by 'ProtocolError('Connection aborted.', gaierror(-2, 'Name or service not known'))': /wheel/
  Retrying (Retry(total=2, connect=None, read=None, redirect=None)) after connection broken by 'ProtocolError('Connection aborted.', gaierror(-2, 'Name or service not known'))': /wheel/
  Retrying (Retry(total=1, connect=None, read=None, redirect=None)) after connection broken by 'ProtocolError('Connection aborted.', gaierror(-2, 'Name or service not known'))': /wheel/
  Retrying (Retry(total=0, connect=None, read=None, redirect=None)) after connection broken by 'ProtocolError('Connection aborted.', gaierror(-2, 'Name or service not known'))': /wheel/
  Could not find a version that satisfies the requirement wheel==0.24.0 (from versions: )
No matching distribution found for wheel==0.24.0

travis_time:end:194658c0:start=1606446159644816950,finish=1606446185632822445,duration=25988005495[0K
[31;1mThe command "./bootstrap.py" failed and exited with 1 during .[0m

Your build has been stopped.
