travis_fold:start:system_info[0K[33;1mBuild system information[0m
Build language: python
Build group: stable
Build dist: precise
Build id: ''
Job id: ''
[34m[1mBuild image provisioning date and time[0m
Thu Feb  5 15:09:33 UTC 2015
[34m[1mOperating System Details[0m
Distributor ID:	Ubuntu
Description:	Ubuntu 12.04.5 LTS
Release:	12.04
Codename:	precise
[34m[1mLinux Version[0m
3.13.0-29-generic
[34m[1mCookbooks Version[0m
a68419e https://github.com/travis-ci/travis-cookbooks/tree/a68419e
[34m[1mGCC version[0m
gcc (Ubuntu/Linaro 4.6.3-1ubuntu5) 4.6.3
Copyright (C) 2011 Free Software Foundation, Inc.
This is free software; see the source for copying conditions.  There is NO
warranty; not even for MERCHANTABILITY or FITNESS FOR A PARTICULAR PURPOSE.

[34m[1mLLVM version[0m
clang version 3.4 (tags/RELEASE_34/final)
Target: x86_64-unknown-linux-gnu
Thread model: posix
[34m[1mPre-installed Ruby versions[0m
ruby-1.9.3-p551
[34m[1mPre-installed Node.js versions[0m
v0.10.36
[34m[1mPre-installed Go versions[0m
1.4.1
[34m[1mRedis version[0m
redis-server 2.8.19
[34m[1mriak version[0m
2.0.2
[34m[1mMongoDB version[0m
MongoDB 2.4.12
[34m[1mCouchDB version[0m
couchdb 1.6.1
[34m[1mNeo4j version[0m
1.9.4
[34m[1mRabbitMQ Version[0m
3.4.3
[34m[1mElasticSearch version[0m
1.4.0
[34m[1mInstalled Sphinx versions[0m
2.0.10
2.1.9
2.2.6
[34m[1mDefault Sphinx version[0m
2.2.6
[34m[1mInstalled Firefox version[0m
firefox 31.0esr
[34m[1mPhantomJS version[0m
1.9.8
[34m[1mant -version[0m
Apache Ant(TM) version 1.8.2 compiled on December 3 2011
[34m[1mmvn -version[0m
Apache Maven 3.2.5 (12a6b3acb947671f09b81f49094c53f426d8cea1; 2014-12-14T17:29:23+00:00)
Maven home: /usr/local/maven
Java version: 1.7.0_76, vendor: Oracle Corporation
Java home: /usr/lib/jvm/java-7-oracle/jre
Default locale: en_US, platform encoding: ANSI_X3.4-1968
OS name: "linux", version: "3.13.0-29-generic", arch: "amd64", family: "unix"
travis_fold:end:system_info[0K
grep: /etc/apt/sources.list.d/*: No such file or directory
sed: cannot rename /etc/hosts: Device or resource busy
sed: cannot rename /etc/hosts: Device or resource busy
$ cd passed/NMGRL/pychron
travis_time:start:2599feb0[0K$ source ~/virtualenv/python2.7/bin/activate

travis_time:end:2599feb0:start=1606394310548607437,finish=1606394310559510860,duration=10903423[0K$ python --version
Python 2.7.9
$ pip --version
pip 6.0.7 from /home/travis/virtualenv/python2.7.9/lib/python2.7/site-packages (python 2.7)
travis_fold:start:before_install.1[0Ktravis_time:start:01477402[0K$ wget http://repo.continuum.io/miniconda/Miniconda2-latest-Linux-x86_64.sh -O miniconda.sh
--2020-11-26 12:38:30--  http://repo.continuum.io/miniconda/Miniconda2-latest-Linux-x86_64.sh
Resolving repo.continuum.io (repo.continuum.io)... 104.18.200.79, 104.18.201.79, 2606:4700::6812:c84f, ...
Connecting to repo.continuum.io (repo.continuum.io)|104.18.200.79|:80... connected.
HTTP request sent, awaiting response... 301 Moved Permanently
Location: https://repo.anaconda.com/miniconda/Miniconda2-latest-Linux-x86_64.sh [following]
--2020-11-26 12:38:30--  https://repo.anaconda.com/miniconda/Miniconda2-latest-Linux-x86_64.sh
Resolving repo.anaconda.com (repo.anaconda.com)... 104.16.131.3, 104.16.130.3, 2606:4700::6810:8303, ...
Connecting to repo.anaconda.com (repo.anaconda.com)|104.16.131.3|:443... connected.
HTTP request sent, awaiting response... 200 OK
Length: 51093759 (49M) [application/x-sh]
Saving to: `miniconda.sh'

     0K .......... .......... .......... .......... ..........  0% 48.7M 1s
    50K .......... .......... .......... .......... ..........  0% 20.6M 2s
   100K .......... .......... .......... .......... ..........  0% 27.4M 2s
   150K .......... .......... .......... .......... ..........  0% 56.7M 1s
   200K .......... .......... .......... .......... ..........  0% 51.7M 1s
   250K .......... .......... .......... .......... ..........  0% 31.2M 1s
   300K .......... .......... .......... .......... ..........  0%  110M 1s
   350K .......... .......... .......... .......... ..........  0% 46.8M 1s
   400K .......... .......... .......... .......... ..........  0%  104M 1s
   450K .......... .......... .......... .......... ..........  1% 51.7M 1s
   500K .......... .......... .......... .......... ..........  1% 50.5M 1s
   550K .......... .......... .......... .......... ..........  1% 98.4M 1s
   600K .......... .......... .......... .......... ..........  1%  113M 1s
   650K .......... .......... .......... .......... ..........  1%  119M 1s
   700K .......... .......... .......... .......... ..........  1% 37.3M 1s
   750K .......... .......... .......... .......... ..........  1% 69.8M 1s
   800K .......... .......... .......... .......... ..........  1%  111M 1s
   850K .......... .......... .......... .......... ..........  1%  121M 1s
   900K .......... .......... .......... .......... ..........  1% 50.4M 1s
   950K .......... .......... .......... .......... ..........  2%  104M 1s
  1000K .......... .......... .......... .......... ..........  2%  122M 1s
  1050K .......... .......... .......... .......... ..........  2%  121M 1s
  1100K .......... .......... .......... .......... ..........  2%  113M 1s
  1150K .......... .......... .......... .......... ..........  2% 88.6M 1s
  1200K .......... .......... .......... .......... ..........  2%  112M 1s
  1250K .......... .......... .......... .......... ..........  2%  108M 1s
  1300K .......... .......... .......... .......... ..........  2% 33.8M 1s
  1350K .......... .......... .......... .......... ..........  2%  111M 1s
  1400K .......... .......... .......... .......... ..........  2%  111M 1s
  1450K .......... .......... .......... .......... ..........  3% 50.1M 1s
  1500K .......... .......... .......... .......... ..........  3% 49.1M 1s
  1550K .......... .......... .......... .......... ..........  3% 94.6M 1s
  1600K .......... .......... .......... .......... ..........  3%  115M 1s
  1650K .......... .......... .......... .......... ..........  3%  125M 1s
  1700K .......... .......... .......... .......... ..........  3% 50.7M 1s
  1750K .......... .......... .......... .......... ..........  3%  102M 1s
  1800K .......... .......... .......... .......... ..........  3%  113M 1s
  1850K .......... .......... .......... .......... ..........  3%  108M 1s
  1900K .......... .......... .......... .......... ..........  3%  117M 1s
  1950K .......... .......... .......... .......... ..........  4% 57.2M 1s
  2000K .......... .......... .......... .......... ..........  4% 83.0M 1s
  2050K .......... .......... .......... .......... ..........  4% 94.3M 1s
  2100K .......... .......... .......... .......... ..........  4% 57.4M 1s
  2150K .......... .......... .......... .......... ..........  4% 96.1M 1s
  2200K .......... .......... .......... .......... ..........  4%  124M 1s
  2250K .......... .......... .......... .......... ..........  4% 50.1M 1s
  2300K .......... .......... .......... .......... ..........  4%  106M 1s
  2350K .......... .......... .......... .......... ..........  4% 91.5M 1s
  2400K .......... .......... .......... .......... ..........  4%  108M 1s
  2450K .......... .......... .......... .......... ..........  5% 32.8M 1s
  2500K .......... .......... .......... .......... ..........  5%  124M 1s
  2550K .......... .......... .......... .......... ..........  5%  113M 1s
  2600K .......... .......... .......... .......... ..........  5%  122M 1s
  2650K .......... .......... .......... .......... ..........  5%  100M 1s
  2700K .......... .......... .......... .......... ..........  5% 66.5M 1s
  2750K .......... .......... .......... .......... ..........  5% 37.7M 1s
  2800K .......... .......... .......... .......... ..........  5%  118M 1s
  2850K .......... .......... .......... .......... ..........  5%  117M 1s
  2900K .......... .......... .......... .......... ..........  5%  122M 1s
  2950K .......... .......... .......... .......... ..........  6%  101M 1s
  3000K .......... .......... .......... .......... ..........  6%  110M 1s
  3050K .......... .......... .......... .......... ..........  6%  115M 1s
  3100K .......... .......... .......... .......... ..........  6%  128M 1s
  3150K .......... .......... .......... .......... ..........  6% 94.8M 1s
  3200K .......... .......... .......... .......... ..........  6%  115M 1s
  3250K .......... .......... .......... .......... ..........  6%  119M 1s
  3300K .......... .......... .......... .......... ..........  6% 93.0M 1s
  3350K .......... .......... .......... .......... ..........  6%  127M 1s
  3400K .......... .......... .......... .......... ..........  6%  108M 1s
  3450K .......... .......... .......... .......... ..........  7%  112M 1s
  3500K .......... .......... .......... .......... ..........  7%  135M 1s
  3550K .......... .......... .......... .......... ..........  7% 84.0M 1s
  3600K .......... .......... .......... .......... ..........  7%  118M 1s
  3650K .......... .......... .......... .......... ..........  7%  116M 1s
  3700K .......... .......... .......... .......... ..........  7%  114M 1s
  3750K .......... .......... .......... .......... ..........  7%  113M 1s
  3800K .......... .......... .......... .......... ..........  7%  120M 1s
  3850K .......... .......... .......... .......... ..........  7%  119M 1s
  3900K .......... .......... .......... .......... ..........  7%  108M 1s
  3950K .......... .......... .......... .......... ..........  8%  102M 1s
  4000K .......... .......... .......... .......... ..........  8%  112M 1s
  4050K .......... .......... .......... .......... ..........  8%  125M 1s
  4100K .......... .......... .......... .......... ..........  8%  114M 1s
  4150K .......... .......... .......... .......... ..........  8% 98.8M 1s
  4200K .......... .......... .......... .......... ..........  8%  118M 1s
  4250K .......... .......... .......... .......... ..........  8%  117M 1s
  4300K .......... .......... .......... .......... ..........  8%  139M 1s
  4350K .......... .......... .......... .......... ..........  8% 89.9M 1s
  4400K .......... .......... .......... .......... ..........  8%  103M 1s
  4450K .......... .......... .......... .......... ..........  9%  121M 1s
  4500K .......... .......... .......... .......... ..........  9%  112M 1s
  4550K .......... .......... .......... .......... ..........  9%  129M 1s
  4600K .......... .......... .......... .......... ..........  9%  108M 1s
  4650K .......... .......... .......... .......... ..........  9%  120M 1s
  4700K .......... .......... .......... .......... ..........  9%  110M 1s
  4750K .......... .......... .......... .......... ..........  9% 84.8M 1s
  4800K .......... .......... .......... .......... ..........  9%  135M 1s
  4850K .......... .......... .......... .......... ..........  9%  115M 1s
  4900K .......... .......... .......... .......... ..........  9% 41.7M 1s
  4950K .......... .......... .......... .......... .......... 10% 62.3M 1s
  5000K .......... .......... .......... .......... .......... 10%  117M 1s
  5050K .......... .......... .......... .......... .......... 10% 53.5M 1s
  5100K .......... .......... .......... .......... .......... 10% 98.3M 1s
  5150K .......... .......... .......... .......... .......... 10% 46.0M 1s
  5200K .......... .......... .......... .......... .......... 10% 57.5M 1s
  5250K .......... .......... .......... .......... .......... 10% 42.8M 1s
  5300K .......... .......... .......... .......... .......... 10% 51.9M 1s
  5350K .......... .......... .......... .......... .......... 10% 47.8M 1s
  5400K .......... .......... .......... .......... .......... 10%  111M 1s
  5450K .......... .......... .......... .......... .......... 11%  113M 1s
  5500K .......... .......... .......... .......... .......... 11% 97.7M 1s
  5550K .......... .......... .......... .......... .......... 11% 31.9M 1s
  5600K .......... .......... .......... .......... .......... 11%  120M 1s
  5650K .......... .......... .......... .......... .......... 11%  110M 1s
  5700K .......... .......... .......... .......... .......... 11%  121M 1s
  5750K .......... .......... .......... .......... .......... 11% 46.9M 1s
  5800K .......... .......... .......... .......... .......... 11% 96.8M 1s
  5850K .......... .......... .......... .......... .......... 11%  101M 1s
  5900K .......... .......... .......... .......... .......... 11%  119M 1s
  5950K .......... .......... .......... .......... .......... 12% 52.4M 1s
  6000K .......... .......... .......... .......... .......... 12% 51.5M 1s
  6050K .......... .......... .......... .......... .......... 12% 57.1M 1s
  6100K .......... .......... .......... .......... .......... 12% 43.1M 1s
  6150K .......... .......... .......... .......... .......... 12% 95.7M 1s
  6200K .......... .......... .......... .......... .......... 12%  134M 1s
  6250K .......... .......... .......... .......... .......... 12%  124M 1s
  6300K .......... .......... .......... .......... .......... 12% 50.2M 1s
  6350K .......... .......... .......... .......... .......... 12% 44.9M 1s
  6400K .......... .......... .......... .......... .......... 12% 49.2M 1s
  6450K .......... .......... .......... .......... .......... 13%  120M 1s
  6500K .......... .......... .......... .......... .......... 13%  114M 1s
  6550K .......... .......... .......... .......... .......... 13% 46.4M 1s
  6600K .......... .......... .......... .......... .......... 13% 58.6M 1s
  6650K .......... .......... .......... .......... .......... 13%  109M 1s
  6700K .......... .......... .......... .......... .......... 13%  124M 1s
  6750K .......... .......... .......... .......... .......... 13% 92.3M 1s
  6800K .......... .......... .......... .......... .......... 13% 94.0M 1s
  6850K .......... .......... .......... .......... .......... 13% 49.8M 1s
  6900K .......... .......... .......... .......... .......... 13% 31.8M 1s
  6950K .......... .......... .......... .......... .......... 14% 97.5M 1s
  7000K .......... .......... .......... .......... .......... 14%  105M 1s
  7050K .......... .......... .......... .......... .......... 14%  100M 1s
  7100K .......... .......... .......... .......... .......... 14% 34.9M 1s
  7150K .......... .......... .......... .......... .......... 14% 46.0M 1s
  7200K .......... .......... .......... .......... .......... 14%  113M 1s
  7250K .......... .......... .......... .......... .......... 14%  114M 1s
  7300K .......... .......... .......... .......... .......... 14% 35.1M 1s
  7350K .......... .......... .......... .......... .......... 14% 41.6M 1s
  7400K .......... .......... .......... .......... .......... 14%  114M 1s
  7450K .......... .......... .......... .......... .......... 15% 51.1M 1s
  7500K .......... .......... .......... .......... .......... 15%  109M 1s
  7550K .......... .......... .......... .......... .......... 15% 82.0M 1s
  7600K .......... .......... .......... .......... .......... 15% 94.9M 1s
  7650K .......... .......... .......... .......... .......... 15% 63.4M 1s
  7700K .......... .......... .......... .......... .......... 15%  109M 1s
  7750K .......... .......... .......... .......... .......... 15% 49.0M 1s
  7800K .......... .......... .......... .......... .......... 15% 51.4M 1s
  7850K .......... .......... .......... .......... .......... 15% 73.7M 1s
  7900K .......... .......... .......... .......... .......... 15% 70.7M 1s
  7950K .......... .......... .......... .......... .......... 16% 82.2M 1s
  8000K .......... .......... .......... .......... .......... 16%  117M 1s
  8050K .......... .......... .......... .......... .......... 16% 49.6M 1s
  8100K .......... .......... .......... .......... .......... 16%  119M 1s
  8150K .......... .......... .......... .......... .......... 16% 49.7M 1s
  8200K .......... .......... .......... .......... .......... 16% 78.8M 1s
  8250K .......... .......... .......... .......... .......... 16% 62.1M 1s
  8300K .......... .......... .......... .......... .......... 16%  107M 1s
  8350K .......... .......... .......... .......... .......... 16% 97.0M 1s
  8400K .......... .......... .......... .......... .......... 16% 47.9M 1s
  8450K .......... .......... .......... .......... .......... 17% 52.0M 1s
  8500K .......... .......... .......... .......... .......... 17% 71.6M 1s
  8550K .......... .......... .......... .......... .......... 17% 65.0M 1s
  8600K .......... .......... .......... .......... .......... 17%  120M 1s
  8650K .......... .......... .......... .......... .......... 17%  112M 1s
  8700K .......... .......... .......... .......... .......... 17%  117M 1s
  8750K .......... .......... .......... .......... .......... 17% 45.9M 1s
  8800K .......... .......... .......... .......... .......... 17%  109M 1s
  8850K .......... .......... .......... .......... .......... 17%  111M 1s
  8900K .......... .......... .......... .......... .......... 17% 50.6M 1s
  8950K .......... .......... .......... .......... .......... 18% 48.6M 1s
  9000K .......... .......... .......... .......... .......... 18%  121M 1s
  9050K .......... .......... .......... .......... .......... 18%  115M 1s
  9100K .......... .......... .......... .......... .......... 18% 49.5M 1s
  9150K .......... .......... .......... .......... .......... 18% 79.9M 1s
  9200K .......... .......... .......... .......... .......... 18% 33.3M 1s
  9250K .......... .......... .......... .......... .......... 18%  122M 1s
  9300K .......... .......... .......... .......... .......... 18%  111M 1s
  9350K .......... .......... .......... .......... .......... 18%  112M 1s
  9400K .......... .......... .......... .......... .......... 18%  109M 1s
  9450K .......... .......... .......... .......... .......... 19%  117M 1s
  9500K .......... .......... .......... .......... .......... 19%  118M 1s
  9550K .......... .......... .......... .......... .......... 19% 91.5M 1s
  9600K .......... .......... .......... .......... .......... 19%  114M 1s
  9650K .......... .......... .......... .......... .......... 19%  116M 1s
  9700K .......... .......... .......... .......... .......... 19%  115M 1s
  9750K .......... .......... .......... .......... .......... 19%  106M 1s
  9800K .......... .......... .......... .......... .......... 19%  120M 1s
  9850K .......... .......... .......... .......... .......... 19%  106M 1s
  9900K .......... .......... .......... .......... .......... 19%  105M 1s
  9950K .......... .......... .......... .......... .......... 20% 54.4M 1s
 10000K .......... .......... .......... .......... .......... 20%  107M 1s
 10050K .......... .......... .......... .......... .......... 20%  121M 1s
 10100K .......... .......... .......... .......... .......... 20%  121M 1s
 10150K .......... .......... .......... .......... .......... 20%  119M 1s
 10200K .......... .......... .......... .......... .......... 20%  108M 1s
 10250K .......... .......... .......... .......... .......... 20%  110M 1s
 10300K .......... .......... .......... .......... .......... 20%  110M 1s
 10350K .......... .......... .......... .......... .......... 20%  101M 1s
 10400K .......... .......... .......... .......... .......... 20%  134M 1s
 10450K .......... .......... .......... .......... .......... 21%  108M 1s
 10500K .......... .......... .......... .......... .......... 21%  115M 1s
 10550K .......... .......... .......... .......... .......... 21%  111M 0s
 10600K .......... .......... .......... .......... .......... 21%  122M 0s
 10650K .......... .......... .......... .......... .......... 21%  120M 0s
 10700K .......... .......... .......... .......... .......... 21%  118M 0s
 10750K .......... .......... .......... .......... .......... 21% 95.0M 0s
 10800K .......... .......... .......... .......... .......... 21%  107M 0s
 10850K .......... .......... .......... .......... .......... 21%  131M 0s
 10900K .......... .......... .......... .......... .......... 21%  115M 0s
 10950K .......... .......... .......... .......... .......... 22%  103M 0s
 11000K .......... .......... .......... .......... .......... 22%  124M 0s
 11050K .......... .......... .......... .......... .......... 22%  108M 0s
 11100K .......... .......... .......... .......... .......... 22%  122M 0s
 11150K .......... .......... .......... .......... .......... 22% 91.5M 0s
 11200K .......... .......... .......... .......... .......... 22%  131M 0s
 11250K .......... .......... .......... .......... .......... 22%  107M 0s
 11300K .......... .......... .......... .......... .......... 22% 47.8M 0s
 11350K .......... .......... .......... .......... .......... 22% 50.7M 0s
 11400K .......... .......... .......... .......... .......... 22% 51.5M 0s
 11450K .......... .......... .......... .......... .......... 23%  110M 0s
 11500K .......... .......... .......... .......... .......... 23% 50.6M 0s
 11550K .......... .......... .......... .......... .......... 23% 39.4M 0s
 11600K .......... .......... .......... .......... .......... 23% 61.9M 0s
 11650K .......... .......... .......... .......... .......... 23% 50.5M 0s
 11700K .......... .......... .......... .......... .......... 23%  112M 0s
 11750K .......... .......... .......... .......... .......... 23%  103M 0s
 11800K .......... .......... .......... .......... .......... 23%  125M 0s
 11850K .......... .......... .......... .......... .......... 23% 51.4M 0s
 11900K .......... .......... .......... .......... .......... 23%  123M 0s
 11950K .......... .......... .......... .......... .......... 24% 36.0M 0s
 12000K .......... .......... .......... .......... .......... 24%  105M 0s
 12050K .......... .......... .......... .......... .......... 24% 72.1M 0s
 12100K .......... .......... .......... .......... .......... 24%  114M 0s
 12150K .......... .......... .......... .......... .......... 24% 49.4M 0s
 12200K .......... .......... .......... .......... .......... 24%  108M 0s
 12250K .......... .......... .......... .......... .......... 24% 68.0M 0s
 12300K .......... .......... .......... .......... .......... 24% 76.0M 0s
 12350K .......... .......... .......... .......... .......... 24% 44.0M 0s
 12400K .......... .......... .......... .......... .......... 24%  105M 0s
 12450K .......... .......... .......... .......... .......... 25% 62.2M 0s
 12500K .......... .......... .......... .......... .......... 25%  111M 0s
 12550K .......... .......... .......... .......... .......... 25% 44.1M 0s
 12600K .......... .......... .......... .......... .......... 25%  102M 0s
 12650K .......... .......... .......... .......... .......... 25%  123M 0s
 12700K .......... .......... .......... .......... .......... 25% 51.6M 0s
 12750K .......... .......... .......... .......... .......... 25% 52.7M 0s
 12800K .......... .......... .......... .......... .......... 25% 88.5M 0s
 12850K .......... .......... .......... .......... .......... 25% 49.7M 0s
 12900K .......... .......... .......... .......... .......... 25%  108M 0s
 12950K .......... .......... .......... .......... .......... 26%  119M 0s
 13000K .......... .......... .......... .......... .......... 26%  122M 0s
 13050K .......... .......... .......... .......... .......... 26% 31.9M 0s
 13100K .......... .......... .......... .......... .......... 26%  119M 0s
 13150K .......... .......... .......... .......... .......... 26% 46.5M 0s
 13200K .......... .......... .......... .......... .......... 26%  107M 0s
 13250K .......... .......... .......... .......... .......... 26% 49.3M 0s
 13300K .......... .......... .......... .......... .......... 26%  120M 0s
 13350K .......... .......... .......... .......... .......... 26%  104M 0s
 13400K .......... .......... .......... .......... .......... 26%  103M 0s
 13450K .......... .......... .......... .......... .......... 27%  158M 0s
 13500K .......... .......... .......... .......... .......... 27%  112M 0s
 13550K .......... .......... .......... .......... .......... 27% 94.1M 0s
 13600K .......... .......... .......... .......... .......... 27% 49.7M 0s
 13650K .......... .......... .......... .......... .......... 27% 50.5M 0s
 13700K .......... .......... .......... .......... .......... 27%  120M 0s
 13750K .......... .......... .......... .......... .......... 27% 23.3M 0s
 13800K .......... .......... .......... .......... .......... 27%  105M 0s
 13850K .......... .......... .......... .......... .......... 27% 23.9M 0s
 13900K .......... .......... .......... .......... .......... 27%  119M 0s
 13950K .......... .......... .......... .......... .......... 28% 96.7M 0s
 14000K .......... .......... .......... .......... .......... 28% 49.5M 0s
 14050K .......... .......... .......... .......... .......... 28%  105M 0s
 14100K .......... .......... .......... .......... .......... 28% 52.4M 0s
 14150K .......... .......... .......... .......... .......... 28% 94.5M 0s
 14200K .......... .......... .......... .......... .......... 28%  113M 0s
 14250K .......... .......... .......... .......... .......... 28%  146M 0s
 14300K .......... .......... .......... .......... .......... 28% 50.8M 0s
 14350K .......... .......... .......... .......... .......... 28% 29.7M 0s
 14400K .......... .......... .......... .......... .......... 28%  111M 0s
 14450K .......... .......... .......... .......... .......... 29%  117M 0s
 14500K .......... .......... .......... .......... .......... 29% 51.0M 0s
 14550K .......... .......... .......... .......... .......... 29% 49.3M 0s
 14600K .......... .......... .......... .......... .......... 29% 50.3M 0s
 14650K .......... .......... .......... .......... .......... 29%  114M 0s
 14700K .......... .......... .......... .......... .......... 29% 50.2M 0s
 14750K .......... .......... .......... .......... .......... 29% 96.8M 0s
 14800K .......... .......... .......... .......... .......... 29%  116M 0s
 14850K .......... .......... .......... .......... .......... 29% 49.4M 0s
 14900K .......... .......... .......... .......... .......... 29% 52.7M 0s
 14950K .......... .......... .......... .......... .......... 30% 98.3M 0s
 15000K .......... .......... .......... .......... .......... 30% 50.5M 0s
 15050K .......... .......... .......... .......... .......... 30%  121M 0s
 15100K .......... .......... .......... .......... .......... 30% 51.0M 0s
 15150K .......... .......... .......... .......... .......... 30% 46.4M 0s
 15200K .......... .......... .......... .......... .......... 30%  107M 0s
 15250K .......... .......... .......... .......... .......... 30%  123M 0s
 15300K .......... .......... .......... .......... .......... 30% 49.7M 0s
 15350K .......... .......... .......... .......... .......... 30%  100M 0s
 15400K .......... .......... .......... .......... .......... 30%  114M 0s
 15450K .......... .......... .......... .......... .......... 31%  124M 0s
 15500K .......... .......... .......... .......... .......... 31%  127M 0s
 15550K .......... .......... .......... .......... .......... 31% 91.4M 0s
 15600K .......... .......... .......... .......... .......... 31%  122M 0s
 15650K .......... .......... .......... .......... .......... 31%  113M 0s
 15700K .......... .......... .......... .......... .......... 31%  113M 0s
 15750K .......... .......... .......... .......... .......... 31% 96.7M 0s
 15800K .......... .......... .......... .......... .......... 31%  127M 0s
 15850K .......... .......... .......... .......... .......... 31%  137M 0s
 15900K .......... .......... .......... .......... .......... 31%  109M 0s
 15950K .......... .......... .......... .......... .......... 32% 88.3M 0s
 16000K .......... .......... .......... .......... .......... 32%  134M 0s
 16050K .......... .......... .......... .......... .......... 32%  113M 0s
 16100K .......... .......... .......... .......... .......... 32%  116M 0s
 16150K .......... .......... .......... .......... .......... 32%  107M 0s
 16200K .......... .......... .......... .......... .......... 32%  116M 0s
 16250K .......... .......... .......... .......... .......... 32%  125M 0s
 16300K .......... .......... .......... .......... .......... 32%  121M 0s
 16350K .......... .......... .......... .......... .......... 32% 95.5M 0s
 16400K .......... .......... .......... .......... .......... 32%  116M 0s
 16450K .......... .......... .......... .......... .......... 33%  116M 0s
 16500K .......... .......... .......... .......... .......... 33%  121M 0s
 16550K .......... .......... .......... .......... .......... 33% 75.0M 0s
 16600K .......... .......... .......... .......... .......... 33% 75.1M 0s
 16650K .......... .......... .......... .......... .......... 33%  116M 0s
 16700K .......... .......... .......... .......... .......... 33% 71.0M 0s
 16750K .......... .......... .......... .......... .......... 33% 64.3M 0s
 16800K .......... .......... .......... .......... .......... 33% 75.4M 0s
 16850K .......... .......... .......... .......... .......... 33% 83.3M 0s
 16900K .......... .......... .......... .......... .......... 33% 86.5M 0s
 16950K .......... .......... .......... .......... .......... 34% 98.8M 0s
 17000K .......... .......... .......... .......... .......... 34% 85.9M 0s
 17050K .......... .......... .......... .......... .......... 34% 79.7M 0s
 17100K .......... .......... .......... .......... .......... 34%  112M 0s
 17150K .......... .......... .......... .......... .......... 34% 30.4M 0s
 17200K .......... .......... .......... .......... .......... 34% 50.0M 0s
 17250K .......... .......... .......... .......... .......... 34%  114M 0s
 17300K .......... .......... .......... .......... .......... 34% 50.7M 0s
 17350K .......... .......... .......... .......... .......... 34% 49.6M 0s
 17400K .......... .......... .......... .......... .......... 34% 32.3M 0s
 17450K .......... .......... .......... .......... .......... 35%  119M 0s
 17500K .......... .......... .......... .......... .......... 35%  110M 0s
 17550K .......... .......... .......... .......... .......... 35% 89.2M 0s
 17600K .......... .......... .......... .......... .......... 35%  121M 0s
 17650K .......... .......... .......... .......... .......... 35%  125M 0s
 17700K .......... .......... .......... .......... .......... 35%  109M 0s
 17750K .......... .......... .......... .......... .......... 35% 32.0M 0s
 17800K .......... .......... .......... .......... .......... 35%  104M 0s
 17850K .......... .......... .......... .......... .......... 35%  120M 0s
 17900K .......... .......... .......... .......... .......... 35%  109M 0s
 17950K .......... .......... .......... .......... .......... 36% 47.9M 0s
 18000K .......... .......... .......... .......... .......... 36%  122M 0s
 18050K .......... .......... .......... .......... .......... 36%  108M 0s
 18100K .......... .......... .......... .......... .......... 36%  121M 0s
 18150K .......... .......... .......... .......... .......... 36% 48.3M 0s
 18200K .......... .......... .......... .......... .......... 36%  117M 0s
 18250K .......... .......... .......... .......... .......... 36%  133M 0s
 18300K .......... .......... .......... .......... .......... 36%  105M 0s
 18350K .......... .......... .......... .......... .......... 36% 46.3M 0s
 18400K .......... .......... .......... .......... .......... 36%  108M 0s
 18450K .......... .......... .......... .......... .......... 37%  121M 0s
 18500K .......... .......... .......... .......... .......... 37% 47.4M 0s
 18550K .......... .......... .......... .......... .......... 37% 77.7M 0s
 18600K .......... .......... .......... .......... .......... 37% 64.0M 0s
 18650K .......... .......... .......... .......... .......... 37% 88.8M 0s
 18700K .......... .......... .......... .......... .......... 37%  116M 0s
 18750K .......... .......... .......... .......... .......... 37% 45.6M 0s
 18800K .......... .......... .......... .......... .......... 37% 84.9M 0s
 18850K .......... .......... .......... .......... .......... 37% 77.2M 0s
 18900K .......... .......... .......... .......... .......... 37% 89.3M 0s
 18950K .......... .......... .......... .......... .......... 38% 93.4M 0s
 19000K .......... .......... .......... .......... .......... 38% 62.7M 0s
 19050K .......... .......... .......... .......... .......... 38% 86.1M 0s
 19100K .......... .......... .......... .......... .......... 38% 83.7M 0s
 19150K .......... .......... .......... .......... .......... 38% 60.3M 0s
 19200K .......... .......... .......... .......... .......... 38% 89.3M 0s
 19250K .......... .......... .......... .......... .......... 38%  111M 0s
 19300K .......... .......... .......... .......... .......... 38% 58.5M 0s
 19350K .......... .......... .......... .......... .......... 38% 48.5M 0s
 19400K .......... .......... .......... .......... .......... 38% 87.5M 0s
 19450K .......... .......... .......... .......... .......... 39%  104M 0s
 19500K .......... .......... .......... .......... .......... 39% 75.2M 0s
 19550K .......... .......... .......... .......... .......... 39% 93.3M 0s
 19600K .......... .......... .......... .......... .......... 39%  109M 0s
 19650K .......... .......... .......... .......... .......... 39% 50.9M 0s
 19700K .......... .......... .......... .......... .......... 39%  121M 0s
 19750K .......... .......... .......... .......... .......... 39% 47.8M 0s
 19800K .......... .......... .......... .......... .......... 39%  122M 0s
 19850K .......... .......... .......... .......... .......... 39%  125M 0s
 19900K .......... .......... .......... .......... .......... 39%  105M 0s
 19950K .......... .......... .......... .......... .......... 40% 94.3M 0s
 20000K .......... .......... .......... .......... .......... 40% 37.7M 0s
 20050K .......... .......... .......... .......... .......... 40% 75.4M 0s
 20100K .......... .......... .......... .......... .......... 40% 59.5M 0s
 20150K .......... .......... .......... .......... .......... 40% 58.8M 0s
 20200K .......... .......... .......... .......... .......... 40%  113M 0s
 20250K .......... .......... .......... .......... .......... 40% 43.6M 0s
 20300K .......... .......... .......... .......... .......... 40%  113M 0s
 20350K .......... .......... .......... .......... .......... 40% 91.3M 0s
 20400K .......... .......... .......... .......... .......... 40%  130M 0s
 20450K .......... .......... .......... .......... .......... 41% 49.3M 0s
 20500K .......... .......... .......... .......... .......... 41% 49.9M 0s
 20550K .......... .......... .......... .......... .......... 41%  108M 0s
 20600K .......... .......... .......... .......... .......... 41%  124M 0s
 20650K .......... .......... .......... .......... .......... 41%  109M 0s
 20700K .......... .......... .......... .......... .......... 41%  120M 0s
 20750K .......... .......... .......... .......... .......... 41% 30.0M 0s
 20800K .......... .......... .......... .......... .......... 41%  121M 0s
 20850K .......... .......... .......... .......... .......... 41% 48.9M 0s
 20900K .......... .......... .......... .......... .......... 41%  121M 0s
 20950K .......... .......... .......... .......... .......... 42% 47.8M 0s
 21000K .......... .......... .......... .......... .......... 42%  122M 0s
 21050K .......... .......... .......... .......... .......... 42%  111M 0s
 21100K .......... .......... .......... .......... .......... 42% 51.5M 0s
 21150K .......... .......... .......... .......... .......... 42% 93.6M 0s
 21200K .......... .......... .......... .......... .......... 42% 52.2M 0s
 21250K .......... .......... .......... .......... .......... 42% 57.5M 0s
 21300K .......... .......... .......... .......... .......... 42% 87.8M 0s
 21350K .......... .......... .......... .......... .......... 42%  102M 0s
 21400K .......... .......... .......... .......... .......... 42%  122M 0s
 21450K .......... .......... .......... .......... .......... 43% 50.0M 0s
 21500K .......... .......... .......... .......... .......... 43%  123M 0s
 21550K .......... .......... .......... .......... .......... 43% 44.7M 0s
 21600K .......... .......... .......... .......... .......... 43%  122M 0s
 21650K .......... .......... .......... .......... .......... 43% 49.8M 0s
 21700K .......... .......... .......... .......... .......... 43% 72.9M 0s
 21750K .......... .......... .......... .......... .......... 43% 65.8M 0s
 21800K .......... .......... .......... .......... .......... 43%  109M 0s
 21850K .......... .......... .......... .......... .......... 43% 52.8M 0s
 21900K .......... .......... .......... .......... .......... 43%  108M 0s
 21950K .......... .......... .......... .......... .......... 44% 93.9M 0s
 22000K .......... .......... .......... .......... .......... 44%  128M 0s
 22050K .......... .......... .......... .......... .......... 44%  113M 0s
 22100K .......... .......... .......... .......... .......... 44%  113M 0s
 22150K .......... .......... .......... .......... .......... 44%  104M 0s
 22200K .......... .......... .......... .......... .......... 44%  130M 0s
 22250K .......... .......... .......... .......... .......... 44%  111M 0s
 22300K .......... .......... .......... .......... .......... 44%  113M 0s
 22350K .......... .......... .......... .......... .......... 44% 96.2M 0s
 22400K .......... .......... .......... .......... .......... 44% 47.4M 0s
 22450K .......... .......... .......... .......... .......... 45% 34.1M 0s
 22500K .......... .......... .......... .......... .......... 45%  112M 0s
 22550K .......... .......... .......... .......... .......... 45%  105M 0s
 22600K .......... .......... .......... .......... .......... 45%  121M 0s
 22650K .......... .......... .......... .......... .......... 45% 88.9M 0s
 22700K .......... .......... .......... .......... .......... 45% 38.3M 0s
 22750K .......... .......... .......... .......... .......... 45% 69.2M 0s
 22800K .......... .......... .......... .......... .......... 45%  108M 0s
 22850K .......... .......... .......... .......... .......... 45% 79.1M 0s
 22900K .......... .......... .......... .......... .......... 45% 78.1M 0s
 22950K .......... .......... .......... .......... .......... 46% 80.7M 0s
 23000K .......... .......... .......... .......... .......... 46%  111M 0s
 23050K .......... .......... .......... .......... .......... 46% 84.8M 0s
 23100K .......... .......... .......... .......... .......... 46% 99.5M 0s
 23150K .......... .......... .......... .......... .......... 46% 87.4M 0s
 23200K .......... .......... .......... .......... .......... 46% 50.3M 0s
 23250K .......... .......... .......... .......... .......... 46%  128M 0s
 23300K .......... .......... .......... .......... .......... 46%  114M 0s
 23350K .......... .......... .......... .......... .......... 46%  104M 0s
 23400K .......... .......... .......... .......... .......... 46%  127M 0s
 23450K .......... .......... .......... .......... .......... 47%  113M 0s
 23500K .......... .......... .......... .......... .......... 47%  115M 0s
 23550K .......... .......... .......... .......... .......... 47% 22.6M 0s
 23600K .......... .......... .......... .......... .......... 47%  108M 0s
 23650K .......... .......... .......... .......... .......... 47% 32.9M 0s
 23700K .......... .......... .......... .......... .......... 47%  107M 0s
 23750K .......... .......... .......... .......... .......... 47% 49.5M 0s
 23800K .......... .......... .......... .......... .......... 47%  120M 0s
 23850K .......... .......... .......... .......... .......... 47%  121M 0s
 23900K .......... .......... .......... .......... .......... 47%  109M 0s
 23950K .......... .......... .......... .......... .......... 48% 46.7M 0s
 24000K .......... .......... .......... .......... .......... 48%  109M 0s
 24050K .......... .......... .......... .......... .......... 48% 51.3M 0s
 24100K .......... .......... .......... .......... .......... 48% 46.2M 0s
 24150K .......... .......... .......... .......... .......... 48% 49.7M 0s
 24200K .......... .......... .......... .......... .......... 48% 52.1M 0s
 24250K .......... .......... .......... .......... .......... 48% 48.3M 0s
 24300K .......... .......... .......... .......... .......... 48%  120M 0s
 24350K .......... .......... .......... .......... .......... 48% 94.7M 0s
 24400K .......... .......... .......... .......... .......... 49% 49.5M 0s
 24450K .......... .......... .......... .......... .......... 49%  116M 0s
 24500K .......... .......... .......... .......... .......... 49% 50.4M 0s
 24550K .......... .......... .......... .......... .......... 49%  110M 0s
 24600K .......... .......... .......... .......... .......... 49% 58.9M 0s
 24650K .......... .......... .......... .......... .......... 49% 87.0M 0s
 24700K .......... .......... .......... .......... .......... 49% 49.3M 0s
 24750K .......... .......... .......... .......... .......... 49% 46.1M 0s
 24800K .......... .......... .......... .......... .......... 49% 56.3M 0s
 24850K .......... .......... .......... .......... .......... 49%  105M 0s
 24900K .......... .......... .......... .......... .......... 50% 82.3M 0s
 24950K .......... .......... .......... .......... .......... 50% 54.6M 0s
 25000K .......... .......... .......... .......... .......... 50%  113M 0s
 25050K .......... .......... .......... .......... .......... 50% 50.9M 0s
 25100K .......... .......... .......... .......... .......... 50%  113M 0s
 25150K .......... .......... .......... .......... .......... 50% 45.7M 0s
 25200K .......... .......... .......... .......... .......... 50% 49.6M 0s
 25250K .......... .......... .......... .......... .......... 50%  111M 0s
 25300K .......... .......... .......... .......... .......... 50%  131M 0s
 25350K .......... .......... .......... .......... .......... 50% 49.1M 0s
 25400K .......... .......... .......... .......... .......... 51%  112M 0s
 25450K .......... .......... .......... .......... .......... 51%  114M 0s
 25500K .......... .......... .......... .......... .......... 51%  123M 0s
 25550K .......... .......... .......... .......... .......... 51% 94.9M 0s
 25600K .......... .......... .......... .......... .......... 51%  108M 0s
 25650K .......... .......... .......... .......... .......... 51%  121M 0s
 25700K .......... .......... .......... .......... .......... 51%  121M 0s
 25750K .......... .......... .......... .......... .......... 51%  101M 0s
 25800K .......... .......... .......... .......... .......... 51%  122M 0s
 25850K .......... .......... .......... .......... .......... 51%  122M 0s
 25900K .......... .......... .......... .......... .......... 52%  123M 0s
 25950K .......... .......... .......... .......... .......... 52% 93.9M 0s
 26000K .......... .......... .......... .......... .......... 52% 60.4M 0s
 26050K .......... .......... .......... .......... .......... 52% 42.8M 0s
 26100K .......... .......... .......... .......... .......... 52% 49.6M 0s
 26150K .......... .......... .......... .......... .......... 52%  107M 0s
 26200K .......... .......... .......... .......... .......... 52% 52.3M 0s
 26250K .......... .......... .......... .......... .......... 52% 31.3M 0s
 26300K .......... .......... .......... .......... .......... 52% 49.5M 0s
 26350K .......... .......... .......... .......... .......... 52% 95.4M 0s
 26400K .......... .......... .......... .......... .......... 53%  128M 0s
 26450K .......... .......... .......... .......... .......... 53%  114M 0s
 26500K .......... .......... .......... .......... .......... 53%  112M 0s
 26550K .......... .......... .......... .......... .......... 53%  105M 0s
 26600K .......... .......... .......... .......... .......... 53%  128M 0s
 26650K .......... .......... .......... .......... .......... 53%  110M 0s
 26700K .......... .......... .......... .......... .......... 53% 50.9M 0s
 26750K .......... .......... .......... .......... .......... 53% 93.9M 0s
 26800K .......... .......... .......... .......... .......... 53% 49.4M 0s
 26850K .......... .......... .......... .......... .......... 53%  122M 0s
 26900K .......... .......... .......... .......... .......... 54%  122M 0s
 26950K .......... .......... .......... .......... .......... 54% 47.9M 0s
 27000K .......... .......... .......... .......... .......... 54% 51.2M 0s
 27050K .......... .......... .......... .......... .......... 54% 49.4M 0s
 27100K .......... .......... .......... .......... .......... 54%  113M 0s
 27150K .......... .......... .......... .......... .......... 54% 94.0M 0s
 27200K .......... .......... .......... .......... .......... 54% 89.3M 0s
 27250K .......... .......... .......... .......... .......... 54% 60.5M 0s
 27300K .......... .......... .......... .......... .......... 54%  108M 0s
 27350K .......... .......... .......... .......... .......... 54% 49.6M 0s
 27400K .......... .......... .......... .......... .......... 55%  122M 0s
 27450K .......... .......... .......... .......... .......... 55% 48.5M 0s
 27500K .......... .......... .......... .......... .......... 55%  128M 0s
 27550K .......... .......... .......... .......... .......... 55% 51.7M 0s
 27600K .......... .......... .......... .......... .......... 55% 87.8M 0s
 27650K .......... .......... .......... .......... .......... 55%  121M 0s
 27700K .......... .......... .......... .......... .......... 55% 49.9M 0s
 27750K .......... .......... .......... .......... .......... 55% 47.5M 0s
 27800K .......... .......... .......... .......... .......... 55%  121M 0s
 27850K .......... .......... .......... .......... .......... 55% 49.4M 0s
 27900K .......... .......... .......... .......... .......... 56%  122M 0s
 27950K .......... .......... .......... .......... .......... 56% 45.8M 0s
 28000K .......... .......... .......... .......... .......... 56%  122M 0s
 28050K .......... .......... .......... .......... .......... 56%  103M 0s
 28100K .......... .......... .......... .......... .......... 56%  121M 0s
 28150K .......... .......... .......... .......... .......... 56%  118M 0s
 28200K .......... .......... .......... .......... .......... 56%  113M 0s
 28250K .......... .......... .......... .......... .......... 56% 31.5M 0s
 28300K .......... .......... .......... .......... .......... 56%  128M 0s
 28350K .......... .......... .......... .......... .......... 56% 96.7M 0s
 28400K .......... .......... .......... .......... .......... 57%  113M 0s
 28450K .......... .......... .......... .......... .......... 57%  112M 0s
 28500K .......... .......... .......... .......... .......... 57%  112M 0s
 28550K .......... .......... .......... .......... .......... 57%  118M 0s
 28600K .......... .......... .......... .......... .......... 57%  113M 0s
 28650K .......... .......... .......... .......... .......... 57%  113M 0s
 28700K .......... .......... .......... .......... .......... 57%  122M 0s
 28750K .......... .......... .......... .......... .......... 57% 94.0M 0s
 28800K .......... .......... .......... .......... .......... 57%  122M 0s
 28850K .......... .......... .......... .......... .......... 57%  118M 0s
 28900K .......... .......... .......... .......... .......... 58%  111M 0s
 28950K .......... .......... .......... .......... .......... 58%  112M 0s
 29000K .......... .......... .......... .......... .......... 58%  122M 0s
 29050K .......... .......... .......... .......... .......... 58%  106M 0s
 29100K .......... .......... .......... .......... .......... 58%  123M 0s
 29150K .......... .......... .......... .......... .......... 58% 93.6M 0s
 29200K .......... .......... .......... .......... .......... 58%  119M 0s
 29250K .......... .......... .......... .......... .......... 58%  113M 0s
 29300K .......... .......... .......... .......... .......... 58%  132M 0s
 29350K .......... .......... .......... .......... .......... 58%  103M 0s
 29400K .......... .......... .......... .......... .......... 59%  116M 0s
 29450K .......... .......... .......... .......... .......... 59%  125M 0s
 29500K .......... .......... .......... .......... .......... 59%  112M 0s
 29550K .......... .......... .......... .......... .......... 59% 95.5M 0s
 29600K .......... .......... .......... .......... .......... 59%  113M 0s
 29650K .......... .......... .......... .......... .......... 59%  113M 0s
 29700K .......... .......... .......... .......... .......... 59% 32.3M 0s
 29750K .......... .......... .......... .......... .......... 59% 48.5M 0s
 29800K .......... .......... .......... .......... .......... 59% 31.8M 0s
 29850K .......... .......... .......... .......... .......... 59%  122M 0s
 29900K .......... .......... .......... .......... .......... 60% 50.7M 0s
 29950K .......... .......... .......... .......... .......... 60% 43.8M 0s
 30000K .......... .......... .......... .......... .......... 60% 51.3M 0s
 30050K .......... .......... .......... .......... .......... 60% 62.3M 0s
 30100K .......... .......... .......... .......... .......... 60% 80.8M 0s
 30150K .......... .......... .......... .......... .......... 60% 99.8M 0s
 30200K .......... .......... .......... .......... .......... 60%  110M 0s
 30250K .......... .......... .......... .......... .......... 60% 54.4M 0s
 30300K .......... .......... .......... .......... .......... 60%  121M 0s
 30350K .......... .......... .......... .......... .......... 60% 44.3M 0s
 30400K .......... .......... .......... .......... .......... 61%  121M 0s
 30450K .......... .......... .......... .......... .......... 61%  112M 0s
 30500K .......... .......... .......... .......... .......... 61% 50.9M 0s
 30550K .......... .......... .......... .......... .......... 61%  113M 0s
 30600K .......... .......... .......... .......... .......... 61%  111M 0s
 30650K .......... .......... .......... .......... .......... 61% 51.1M 0s
 30700K .......... .......... .......... .......... .......... 61%  110M 0s
 30750K .......... .......... .......... .......... .......... 61% 61.8M 0s
 30800K .......... .......... .......... .......... .......... 61% 70.5M 0s
 30850K .......... .......... .......... .......... .......... 61%  125M 0s
 30900K .......... .......... .......... .......... .......... 62%  115M 0s
 30950K .......... .......... .......... .......... .......... 62% 48.9M 0s
 31000K .......... .......... .......... .......... .......... 62%  114M 0s
 31050K .......... .......... .......... .......... .......... 62% 47.9M 0s
 31100K .......... .......... .......... .......... .......... 62%  138M 0s
 31150K .......... .......... .......... .......... .......... 62% 86.3M 0s
 31200K .......... .......... .......... .......... .......... 62% 52.3M 0s
 31250K .......... .......... .......... .......... .......... 62% 52.3M 0s
 31300K .......... .......... .......... .......... .......... 62%  107M 0s
 31350K .......... .......... .......... .......... .......... 62%  113M 0s
 31400K .......... .......... .......... .......... .......... 63% 81.5M 0s
 31450K .......... .......... .......... .......... .......... 63% 59.2M 0s
 31500K .......... .......... .......... .......... .......... 63% 58.0M 0s
 31550K .......... .......... .......... .......... .......... 63% 77.1M 0s
 31600K .......... .......... .......... .......... .......... 63% 50.3M 0s
 31650K .......... .......... .......... .......... .......... 63%  113M 0s
 31700K .......... .......... .......... .......... .......... 63%  116M 0s
 31750K .......... .......... .......... .......... .......... 63% 50.4M 0s
 31800K .......... .......... .......... .......... .......... 63%  120M 0s
 31850K .......... .......... .......... .......... .......... 63%  106M 0s
 31900K .......... .......... .......... .......... .......... 64% 50.2M 0s
 31950K .......... .......... .......... .......... .......... 64% 45.7M 0s
 32000K .......... .......... .......... .......... .......... 64%  123M 0s
 32050K .......... .......... .......... .......... .......... 64%  121M 0s
 32100K .......... .......... .......... .......... .......... 64%  108M 0s
 32150K .......... .......... .......... .......... .......... 64%  114M 0s
 32200K .......... .......... .......... .......... .......... 64%  121M 0s
 32250K .......... .......... .......... .......... .......... 64%  109M 0s
 32300K .......... .......... .......... .......... .......... 64% 50.7M 0s
 32350K .......... .......... .......... .......... .......... 64% 96.1M 0s
 32400K .......... .......... .......... .......... .......... 65%  114M 0s
 32450K .......... .......... .......... .......... .......... 65%  127M 0s
 32500K .......... .......... .......... .......... .......... 65%  114M 0s
 32550K .......... .......... .......... .......... .......... 65%  104M 0s
 32600K .......... .......... .......... .......... .......... 65%  117M 0s
 32650K .......... .......... .......... .......... .......... 65%  128M 0s
 32700K .......... .......... .......... .......... .......... 65% 49.1M 0s
 32750K .......... .......... .......... .......... .......... 65% 27.6M 0s
 32800K .......... .......... .......... .......... .......... 65% 63.4M 0s
 32850K .......... .......... .......... .......... .......... 65% 74.6M 0s
 32900K .......... .......... .......... .......... .......... 66% 48.9M 0s
 32950K .......... .......... .......... .......... .......... 66% 49.2M 0s
 33000K .......... .......... .......... .......... .......... 66%  121M 0s
 33050K .......... .......... .......... .......... .......... 66% 49.5M 0s
 33100K .......... .......... .......... .......... .......... 66%  122M 0s
 33150K .......... .......... .......... .......... .......... 66% 38.5M 0s
 33200K .......... .......... .......... .......... .......... 66% 59.6M 0s
 33250K .......... .......... .......... .......... .......... 66%  121M 0s
 33300K .......... .......... .......... .......... .......... 66%  121M 0s
 33350K .......... .......... .......... .......... .......... 66%  103M 0s
 33400K .......... .......... .......... .......... .......... 67% 50.6M 0s
 33450K .......... .......... .......... .......... .......... 67%  121M 0s
 33500K .......... .......... .......... .......... .......... 67% 50.6M 0s
 33550K .......... .......... .......... .......... .......... 67% 44.8M 0s
 33600K .......... .......... .......... .......... .......... 67%  121M 0s
 33650K .......... .......... .......... .......... .......... 67% 50.0M 0s
 33700K .......... .......... .......... .......... .......... 67% 67.6M 0s
 33750K .......... .......... .......... .......... .......... 67% 65.8M 0s
 33800K .......... .......... .......... .......... .......... 67%  114M 0s
 33850K .......... .......... .......... .......... .......... 67% 52.9M 0s
 33900K .......... .......... .......... .......... .......... 68% 96.2M 0s
 33950K .......... .......... .......... .......... .......... 68% 44.8M 0s
 34000K .......... .......... .......... .......... .......... 68% 48.2M 0s
 34050K .......... .......... .......... .......... .......... 68%  113M 0s
 34100K .......... .......... .......... .......... .......... 68%  113M 0s
 34150K .......... .......... .......... .......... .......... 68%  102M 0s
 34200K .......... .......... .......... .......... .......... 68% 49.4M 0s
 34250K .......... .......... .......... .......... .......... 68%  122M 0s
 34300K .......... .......... .......... .......... .......... 68%  109M 0s
 34350K .......... .......... .......... .......... .......... 68% 43.5M 0s
 34400K .......... .......... .......... .......... .......... 69%  107M 0s
 34450K .......... .......... .......... .......... .......... 69%  108M 0s
 34500K .......... .......... .......... .......... .......... 69% 50.2M 0s
 34550K .......... .......... .......... .......... .......... 69% 44.3M 0s
 34600K .......... .......... .......... .......... .......... 69%  106M 0s
 34650K .......... .......... .......... .......... .......... 69%  109M 0s
 34700K .......... .......... .......... .......... .......... 69%  104M 0s
 34750K .......... .......... .......... .......... .......... 69% 94.8M 0s
 34800K .......... .......... .......... .......... .......... 69%  108M 0s
 34850K .......... .......... .......... .......... .......... 69%  121M 0s
 34900K .......... .......... .......... .......... .......... 70%  110M 0s
 34950K .......... .......... .......... .......... .......... 70%  101M 0s
 35000K .......... .......... .......... .......... .......... 70%  108M 0s
 35050K .......... .......... .......... .......... .......... 70%  120M 0s
 35100K .......... .......... .......... .......... .......... 70%  109M 0s
 35150K .......... .......... .......... .......... .......... 70% 85.6M 0s
 35200K .......... .......... .......... .......... .......... 70%  106M 0s
 35250K .......... .......... .......... .......... .......... 70%  113M 0s
 35300K .......... .......... .......... .......... .......... 70%  112M 0s
 35350K .......... .......... .......... .......... .......... 70%  105M 0s
 35400K .......... .......... .......... .......... .......... 71% 31.3M 0s
 35450K .......... .......... .......... .......... .......... 71%  114M 0s
 35500K .......... .......... .......... .......... .......... 71%  127M 0s
 35550K .......... .......... .......... .......... .......... 71% 86.8M 0s
 35600K .......... .......... .......... .......... .......... 71%  113M 0s
 35650K .......... .......... .......... .......... .......... 71%  111M 0s
 35700K .......... .......... .......... .......... .......... 71%  113M 0s
 35750K .......... .......... .......... .......... .......... 71%  105M 0s
 35800K .......... .......... .......... .......... .......... 71%  109M 0s
 35850K .......... .......... .......... .......... .......... 71%  118M 0s
 35900K .......... .......... .......... .......... .......... 72%  113M 0s
 35950K .......... .......... .......... .......... .......... 72% 77.4M 0s
 36000K .......... .......... .......... .......... .......... 72%  112M 0s
 36050K .......... .......... .......... .......... .......... 72%  101M 0s
 36100K .......... .......... .......... .......... .......... 72% 51.6M 0s
 36150K .......... .......... .......... .......... .......... 72%  103M 0s
 36200K .......... .......... .......... .......... .......... 72% 51.5M 0s
 36250K .......... .......... .......... .......... .......... 72% 48.2M 0s
 36300K .......... .......... .......... .......... .......... 72% 51.7M 0s
 36350K .......... .......... .......... .......... .......... 72% 94.2M 0s
 36400K .......... .......... .......... .......... .......... 73%  120M 0s
 36450K .......... .......... .......... .......... .......... 73% 47.6M 0s
 36500K .......... .......... .......... .......... .......... 73%  109M 0s
 36550K .......... .......... .......... .......... .......... 73%  116M 0s
 36600K .......... .......... .......... .......... .......... 73%  105M 0s
 36650K .......... .......... .......... .......... .......... 73%  107M 0s
 36700K .......... .......... .......... .......... .......... 73% 50.4M 0s
 36750K .......... .......... .......... .......... .......... 73% 44.8M 0s
 36800K .......... .......... .......... .......... .......... 73% 84.1M 0s
 36850K .......... .......... .......... .......... .......... 73%  122M 0s
 36900K .......... .......... .......... .......... .......... 74%  107M 0s
 36950K .......... .......... .......... .......... .......... 74% 54.9M 0s
 37000K .......... .......... .......... .......... .......... 74% 48.0M 0s
 37050K .......... .......... .......... .......... .......... 74%  122M 0s
 37100K .......... .......... .......... .......... .......... 74%  109M 0s
 37150K .......... .......... .......... .......... .......... 74% 44.6M 0s
 37200K .......... .......... .......... .......... .......... 74%  108M 0s
 37250K .......... .......... .......... .......... .......... 74% 49.7M 0s
 37300K .......... .......... .......... .......... .......... 74%  105M 0s
 37350K .......... .......... .......... .......... .......... 74%  108M 0s
 37400K .......... .......... .......... .......... .......... 75% 49.9M 0s
 37450K .......... .......... .......... .......... .......... 75% 46.4M 0s
 37500K .......... .......... .......... .......... .......... 75%  111M 0s
 37550K .......... .......... .......... .......... .......... 75% 46.1M 0s
 37600K .......... .......... .......... .......... .......... 75% 71.7M 0s
 37650K .......... .......... .......... .......... .......... 75% 63.9M 0s
 37700K .......... .......... .......... .......... .......... 75% 99.9M 0s
 37750K .......... .......... .......... .......... .......... 75%  118M 0s
 37800K .......... .......... .......... .......... .......... 75%  100M 0s
 37850K .......... .......... .......... .......... .......... 75%  117M 0s
 37900K .......... .......... .......... .......... .......... 76%  109M 0s
 37950K .......... .......... .......... .......... .......... 76% 84.4M 0s
 38000K .......... .......... .......... .......... .......... 76%  109M 0s
 38050K .......... .......... .......... .......... .......... 76%  109M 0s
 38100K .......... .......... .......... .......... .......... 76%  122M 0s
 38150K .......... .......... .......... .......... .......... 76% 99.5M 0s
 38200K .......... .......... .......... .......... .......... 76%  110M 0s
 38250K .......... .......... .......... .......... .......... 76%  122M 0s
 38300K .......... .......... .......... .......... .......... 76%  106M 0s
 38350K .......... .......... .......... .......... .......... 76% 85.9M 0s
 38400K .......... .......... .......... .......... .......... 77%  113M 0s
 38450K .......... .......... .......... .......... .......... 77%  111M 0s
 38500K .......... .......... .......... .......... .......... 77%  114M 0s
 38550K .......... .......... .......... .......... .......... 77%  108M 0s
 38600K .......... .......... .......... .......... .......... 77%  124M 0s
 38650K .......... .......... .......... .......... .......... 77% 98.9M 0s
 38700K .......... .......... .......... .......... .......... 77%  115M 0s
 38750K .......... .......... .......... .......... .......... 77% 95.5M 0s
 38800K .......... .......... .......... .......... .......... 77%  113M 0s
 38850K .......... .......... .......... .......... .......... 77%  113M 0s
 38900K .......... .......... .......... .......... .......... 78%  113M 0s
 38950K .......... .......... .......... .......... .......... 78%  105M 0s
 39000K .......... .......... .......... .......... .......... 78%  115M 0s
 39050K .......... .......... .......... .......... .......... 78%  110M 0s
 39100K .......... .......... .......... .......... .......... 78%  111M 0s
 39150K .......... .......... .......... .......... .......... 78% 91.5M 0s
 39200K .......... .......... .......... .......... .......... 78%  108M 0s
 39250K .......... .......... .......... .......... .......... 78%  108M 0s
 39300K .......... .......... .......... .......... .......... 78%  121M 0s
 39350K .......... .......... .......... .......... .......... 78% 76.9M 0s
 39400K .......... .......... .......... .......... .......... 79% 35.6M 0s
 39450K .......... .......... .......... .......... .......... 79% 50.5M 0s
 39500K .......... .......... .......... .......... .......... 79%  115M 0s
 39550K .......... .......... .......... .......... .......... 79% 34.3M 0s
 39600K .......... .......... .......... .......... .......... 79% 40.5M 0s
 39650K .......... .......... .......... .......... .......... 79% 46.0M 0s
 39700K .......... .......... .......... .......... .......... 79% 51.0M 0s
 39750K .......... .......... .......... .......... .......... 79%  108M 0s
 39800K .......... .......... .......... .......... .......... 79% 48.3M 0s
 39850K .......... .......... .......... .......... .......... 79% 32.4M 0s
 39900K .......... .......... .......... .......... .......... 80% 48.0M 0s
 39950K .......... .......... .......... .......... .......... 80% 38.4M 0s
 40000K .......... .......... .......... .......... .......... 80% 38.4M 0s
 40050K .......... .......... .......... .......... .......... 80%  121M 0s
 40100K .......... .......... .......... .......... .......... 80%  108M 0s
 40150K .......... .......... .......... .......... .......... 80% 99.2M 0s
 40200K .......... .......... .......... .......... .......... 80%  109M 0s
 40250K .......... .......... .......... .......... .......... 80%  119M 0s
 40300K .......... .......... .......... .......... .......... 80% 98.2M 0s
 40350K .......... .......... .......... .......... .......... 80% 87.1M 0s
 40400K .......... .......... .......... .......... .......... 81%  110M 0s
 40450K .......... .......... .......... .......... .......... 81%  114M 0s
 40500K .......... .......... .......... .......... .......... 81%  113M 0s
 40550K .......... .......... .......... .......... .......... 81% 90.6M 0s
 40600K .......... .......... .......... .......... .......... 81%  114M 0s
 40650K .......... .......... .......... .......... .......... 81%  102M 0s
 40700K .......... .......... .......... .......... .......... 81%  100M 0s
 40750K .......... .......... .......... .......... .......... 81% 96.4M 0s
 40800K .......... .......... .......... .......... .......... 81%  113M 0s
 40850K .......... .......... .......... .......... .......... 81%  111M 0s
 40900K .......... .......... .......... .......... .......... 82%  113M 0s
 40950K .......... .......... .......... .......... .......... 82%  104M 0s
 41000K .......... .......... .......... .......... .......... 82%  113M 0s
 41050K .......... .......... .......... .......... .......... 82%  135M 0s
 41100K .......... .......... .......... .......... .......... 82%  100M 0s
 41150K .......... .......... .......... .......... .......... 82% 93.1M 0s
 41200K .......... .......... .......... .......... .......... 82%  112M 0s
 41250K .......... .......... .......... .......... .......... 82%  113M 0s
 41300K .......... .......... .......... .......... .......... 82%  113M 0s
 41350K .......... .......... .......... .......... .......... 82%  108M 0s
 41400K .......... .......... .......... .......... .......... 83%  113M 0s
 41450K .......... .......... .......... .......... .......... 83%  112M 0s
 41500K .......... .......... .......... .......... .......... 83%  108M 0s
 41550K .......... .......... .......... .......... .......... 83% 85.9M 0s
 41600K .......... .......... .......... .......... .......... 83%  123M 0s
 41650K .......... .......... .......... .......... .......... 83%  107M 0s
 41700K .......... .......... .......... .......... .......... 83%  108M 0s
 41750K .......... .......... .......... .......... .......... 83% 92.0M 0s
 41800K .......... .......... .......... .......... .......... 83%  122M 0s
 41850K .......... .......... .......... .......... .......... 83%  111M 0s
 41900K .......... .......... .......... .......... .......... 84%  118M 0s
 41950K .......... .......... .......... .......... .......... 84% 85.3M 0s
 42000K .......... .......... .......... .......... .......... 84%  108M 0s
 42050K .......... .......... .......... .......... .......... 84%  122M 0s
 42100K .......... .......... .......... .......... .......... 84%  107M 0s
 42150K .......... .......... .......... .......... .......... 84%  117M 0s
 42200K .......... .......... .......... .......... .......... 84%  110M 0s
 42250K .......... .......... .......... .......... .......... 84%  111M 0s
 42300K .......... .......... .......... .......... .......... 84%  119M 0s
 42350K .......... .......... .......... .......... .......... 84% 92.9M 0s
 42400K .......... .......... .......... .......... .......... 85%  113M 0s
 42450K .......... .......... .......... .......... .......... 85%  128M 0s
 42500K .......... .......... .......... .......... .......... 85%  113M 0s
 42550K .......... .......... .......... .......... .......... 85%  108M 0s
 42600K .......... .......... .......... .......... .......... 85%  129M 0s
 42650K .......... .......... .......... .......... .......... 85%  112M 0s
 42700K .......... .......... .......... .......... .......... 85%  113M 0s
 42750K .......... .......... .......... .......... .......... 85% 91.7M 0s
 42800K .......... .......... .......... .......... .......... 85%  112M 0s
 42850K .......... .......... .......... .......... .......... 85%  130M 0s
 42900K .......... .......... .......... .......... .......... 86%  113M 0s
 42950K .......... .......... .......... .......... .......... 86%  109M 0s
 43000K .......... .......... .......... .......... .......... 86%  122M 0s
 43050K .......... .......... .......... .......... .......... 86%  118M 0s
 43100K .......... .......... .......... .......... .......... 86%  113M 0s
 43150K .......... .......... .......... .......... .......... 86% 92.7M 0s
 43200K .......... .......... .......... .......... .......... 86%  113M 0s
 43250K .......... .......... .......... .......... .......... 86%  105M 0s
 43300K .......... .......... .......... .......... .......... 86%  137M 0s
 43350K .......... .......... .......... .......... .......... 86%  110M 0s
 43400K .......... .......... .......... .......... .......... 87%  128M 0s
 43450K .......... .......... .......... .......... .......... 87%  109M 0s
 43500K .......... .......... .......... .......... .......... 87%  120M 0s
 43550K .......... .......... .......... .......... .......... 87% 94.5M 0s
 43600K .......... .......... .......... .......... .......... 87%  120M 0s
 43650K .......... .......... .......... .......... .......... 87%  122M 0s
 43700K .......... .......... .......... .......... .......... 87%  109M 0s
 43750K .......... .......... .......... .......... .......... 87%  110M 0s
 43800K .......... .......... .......... .......... .......... 87%  130M 0s
 43850K .......... .......... .......... .......... .......... 87%  105M 0s
 43900K .......... .......... .......... .......... .......... 88%  122M 0s
 43950K .......... .......... .......... .......... .......... 88% 89.5M 0s
 44000K .......... .......... .......... .......... .......... 88%  113M 0s
 44050K .......... .......... .......... .......... .......... 88%  127M 0s
 44100K .......... .......... .......... .......... .......... 88%  114M 0s
 44150K .......... .......... .......... .......... .......... 88%  108M 0s
 44200K .......... .......... .......... .......... .......... 88%  127M 0s
 44250K .......... .......... .......... .......... .......... 88%  113M 0s
 44300K .......... .......... .......... .......... .......... 88%  129M 0s
 44350K .......... .......... .......... .......... .......... 88% 84.8M 0s
 44400K .......... .......... .......... .......... .......... 89%  113M 0s
 44450K .......... .......... .......... .......... .......... 89%  128M 0s
 44500K .......... .......... .......... .......... .......... 89%  114M 0s
 44550K .......... .......... .......... .......... .......... 89%  118M 0s
 44600K .......... .......... .......... .......... .......... 89%  113M 0s
 44650K .......... .......... .......... .......... .......... 89%  112M 0s
 44700K .......... .......... .......... .......... .......... 89% 89.6M 0s
 44750K .......... .......... .......... .......... .......... 89% 29.9M 0s
 44800K .......... .......... .......... .......... .......... 89%  113M 0s
 44850K .......... .......... .......... .......... .......... 89% 60.7M 0s
 44900K .......... .......... .......... .......... .......... 90% 80.8M 0s
 44950K .......... .......... .......... .......... .......... 90% 50.0M 0s
 45000K .......... .......... .......... .......... .......... 90% 49.5M 0s
 45050K .......... .......... .......... .......... .......... 90%  114M 0s
 45100K .......... .......... .......... .......... .......... 90% 50.2M 0s
 45150K .......... .......... .......... .......... .......... 90% 45.7M 0s
 45200K .......... .......... .......... .......... .......... 90%  108M 0s
 45250K .......... .......... .......... .......... .......... 90%  108M 0s
 45300K .......... .......... .......... .......... .......... 90%  119M 0s
 45350K .......... .......... .......... .......... .......... 90%  114M 0s
 45400K .......... .......... .......... .......... .......... 91%  122M 0s
 45450K .......... .......... .......... .......... .......... 91%  109M 0s
 45500K .......... .......... .......... .......... .......... 91%  122M 0s
 45550K .......... .......... .......... .......... .......... 91% 93.6M 0s
 45600K .......... .......... .......... .......... .......... 91%  116M 0s
 45650K .......... .......... .......... .......... .......... 91%  121M 0s
 45700K .......... .......... .......... .......... .......... 91%  109M 0s
 45750K .......... .......... .......... .......... .......... 91%  112M 0s
 45800K .......... .......... .......... .......... .......... 91%  121M 0s
 45850K .......... .......... .......... .......... .......... 91%  122M 0s
 45900K .......... .......... .......... .......... .......... 92%  109M 0s
 45950K .......... .......... .......... .......... .......... 92% 93.6M 0s
 46000K .......... .......... .......... .......... .......... 92%  121M 0s
 46050K .......... .......... .......... .......... .......... 92%  109M 0s
 46100K .......... .......... .......... .......... .......... 92%  121M 0s
 46150K .......... .......... .......... .......... .......... 92%  110M 0s
 46200K .......... .......... .......... .......... .......... 92%  113M 0s
 46250K .......... .......... .......... .......... .......... 92%  129M 0s
 46300K .......... .......... .......... .......... .......... 92%  112M 0s
 46350K .......... .......... .......... .......... .......... 92% 87.2M 0s
 46400K .......... .......... .......... .......... .......... 93%  113M 0s
 46450K .......... .......... .......... .......... .......... 93%  111M 0s
 46500K .......... .......... .......... .......... .......... 93%  111M 0s
 46550K .......... .......... .......... .......... .......... 93%  111M 0s
 46600K .......... .......... .......... .......... .......... 93%  115M 0s
 46650K .......... .......... .......... .......... .......... 93% 87.3M 0s
 46700K .......... .......... .......... .......... .......... 93%  117M 0s
 46750K .......... .......... .......... .......... .......... 93% 83.2M 0s
 46800K .......... .......... .......... .......... .......... 93%  112M 0s
 46850K .......... .......... .......... .......... .......... 93%  113M 0s
 46900K .......... .......... .......... .......... .......... 94%  128M 0s
 46950K .......... .......... .......... .......... .......... 94% 96.9M 0s
 47000K .......... .......... .......... .......... .......... 94%  112M 0s
 47050K .......... .......... .......... .......... .......... 94%  113M 0s
 47100K .......... .......... .......... .......... .......... 94%  128M 0s
 47150K .......... .......... .......... .......... .......... 94% 84.5M 0s
 47200K .......... .......... .......... .......... .......... 94%  113M 0s
 47250K .......... .......... .......... .......... .......... 94% 99.4M 0s
 47300K .......... .......... .......... .......... .......... 94%  113M 0s
 47350K .......... .......... .......... .......... .......... 94%  105M 0s
 47400K .......... .......... .......... .......... .......... 95%  118M 0s
 47450K .......... .......... .......... .......... .......... 95%  111M 0s
 47500K .......... .......... .......... .......... .......... 95%  118M 0s
 47550K .......... .......... .......... .......... .......... 95% 85.5M 0s
 47600K .......... .......... .......... .......... .......... 95%  107M 0s
 47650K .......... .......... .......... .......... .......... 95%  122M 0s
 47700K .......... .......... .......... .......... .......... 95%  108M 0s
 47750K .......... .......... .......... .......... .......... 95%  102M 0s
 47800K .......... .......... .......... .......... .......... 95%  119M 0s
 47850K .......... .......... .......... .......... .......... 95%  111M 0s
 47900K .......... .......... .......... .......... .......... 96%  108M 0s
 47950K .......... .......... .......... .......... .......... 96% 95.5M 0s
 48000K .......... .......... .......... .......... .......... 96%  112M 0s
 48050K .......... .......... .......... .......... .......... 96%  112M 0s
 48100K .......... .......... .......... .......... .......... 96%  112M 0s
 48150K .......... .......... .......... .......... .......... 96%  106M 0s
 48200K .......... .......... .......... .......... .......... 96%  108M 0s
 48250K .......... .......... .......... .......... .......... 96%  118M 0s
 48300K .......... .......... .......... .......... .......... 96%  113M 0s
 48350K .......... .......... .......... .......... .......... 97% 86.7M 0s
 48400K .......... .......... .......... .......... .......... 97%  112M 0s
 48450K .......... .......... .......... .......... .......... 97%  113M 0s
 48500K .......... .......... .......... .......... .......... 97%  112M 0s
 48550K .......... .......... .......... .......... .......... 97%  114M 0s
 48600K .......... .......... .......... .......... .......... 97%  101M 0s
 48650K .......... .......... .......... .......... .......... 97%  110M 0s
 48700K .......... .......... .......... .......... .......... 97%  118M 0s
 48750K .......... .......... .......... .......... .......... 97% 92.3M 0s
 48800K .......... .......... .......... .......... .......... 97%  115M 0s
 48850K .......... .......... .......... .......... .......... 98%  112M 0s
 48900K .......... .......... .......... .......... .......... 98%  113M 0s
 48950K .......... .......... .......... .......... .......... 98%  105M 0s
 49000K .......... .......... .......... .......... .......... 98%  116M 0s
 49050K .......... .......... .......... .......... .......... 98%  109M 0s
 49100K .......... .......... .......... .......... .......... 98%  113M 0s
 49150K .......... .......... .......... .......... .......... 98% 89.9M 0s
 49200K .......... .......... .......... .......... .......... 98%  122M 0s
 49250K .......... .......... .......... .......... .......... 98%  109M 0s
 49300K .......... .......... .......... .......... .......... 98%  108M 0s
 49350K .......... .......... .......... .......... .......... 99%  113M 0s
 49400K .......... .......... .......... .......... .......... 99%  107M 0s
 49450K .......... .......... .......... .......... .......... 99%  120M 0s
 49500K .......... .......... .......... .......... .......... 99% 99.9M 0s
 49550K .......... .......... .......... .......... .......... 99% 92.9M 0s
 49600K .......... .......... .......... .......... .......... 99%  120M 0s
 49650K .......... .......... .......... .......... .......... 99%  109M 0s
 49700K .......... .......... .......... .......... .......... 99%  114M 0s
 49750K .......... .......... .......... .......... .......... 99%  108M 0s
 49800K .......... .......... .......... .......... .......... 99%  109M 0s
 49850K .......... .......... .......... .......... ......    100%  123M=0.6s

2020-11-26 12:38:31 (80.2 MB/s) - `miniconda.sh' saved [51093759/51093759]


travis_time:end:01477402:start=1606394310817755657,finish=1606394311556851423,duration=739095766[0Ktravis_fold:end:before_install.1[0Ktravis_fold:start:before_install.2[0Ktravis_time:start:08fed2f8[0K$ chmod +x miniconda.sh

travis_time:end:08fed2f8:start=1606394311567571702,finish=1606394311578794952,duration=11223250[0Ktravis_fold:end:before_install.2[0Ktravis_fold:start:before_install.3[0Ktravis_time:start:10c71297[0K$ ./miniconda.sh -b
PREFIX=/home/travis/miniconda2
Unpacking payload ...
  0%|          | 0/37 [00:00<?, ?it/s]Extracting : python-2.7.18-h15b4118_1.conda:   0%|          | 0/37 [00:00<?, ?it/s]Extracting : python-2.7.18-h15b4118_1.conda:   3%|▎         | 1/37 [00:00<00:19,  1.87it/s]Extracting : _libgcc_mutex-0.1-main.conda:   3%|▎         | 1/37 [00:00<00:19,  1.87it/s]  Extracting : ca-certificates-2020.1.1-0.conda:   5%|▌         | 2/37 [00:00<00:18,  1.87it/s]Extracting : libstdcxx-ng-9.1.0-hdf63c60_0.conda:   8%|▊         | 3/37 [00:00<00:18,  1.87it/s]Extracting : libgcc-ng-9.1.0-hdf63c60_0.conda:  11%|█         | 4/37 [00:00<00:17,  1.87it/s]   Extracting : libffi-3.3-he6710b0_1.conda:  14%|█▎        | 5/37 [00:00<00:17,  1.87it/s]     Extracting : ncurses-6.2-he6710b0_1.conda:  16%|█▌        | 6/37 [00:00<00:16,  1.87it/s]Extracting : openssl-1.1.1g-h7b6447c_0.conda:  19%|█▉        | 7/37 [00:00<00:16,  1.87it/s]Extracting : yaml-0.1.7-had09818_2.conda:  22%|██▏       | 8/37 [00:00<00:15,  1.87it/s]    Extracting : zlib-1.2.11-h7b6447c_3.conda:  24%|██▍       | 9/37 [00:00<00:14,  1.87it/s]Extracting : libedit-3.1.20181209-hc058e9b_0.conda:  27%|██▋       | 10/37 [00:00<00:14,  1.87it/s]Extracting : readline-8.0-h7b6447c_0.conda:  30%|██▉       | 11/37 [00:00<00:13,  1.87it/s]        Extracting : tk-8.6.8-hbc83047_0.conda:  32%|███▏      | 12/37 [00:00<00:13,  1.87it/s]    Extracting : sqlite-3.31.1-h62c20be_1.conda:  35%|███▌      | 13/37 [00:00<00:12,  1.87it/s]Extracting : asn1crypto-1.3.0-py27_0.conda:  38%|███▊      | 14/37 [00:00<00:12,  1.87it/s] Extracting : certifi-2019.11.28-py27_0.conda:  41%|████      | 15/37 [00:00<00:11,  1.87it/s]Extracting : chardet-3.0.4-py27_1003.conda:  43%|████▎     | 16/37 [00:00<00:11,  1.87it/s]  Extracting : enum34-1.1.6-py27_1.conda:  46%|████▌     | 17/37 [00:00<00:10,  1.87it/s]    Extracting : futures-3.3.0-py27_0.conda:  49%|████▊     | 18/37 [00:00<00:10,  1.87it/s]Extracting : idna-2.8-py27_0.conda:  51%|█████▏    | 19/37 [00:00<00:09,  1.87it/s]     Extracting : ipaddress-1.0.23-py_0.conda:  54%|█████▍    | 20/37 [00:00<00:09,  1.87it/s]Extracting : pycosat-0.6.3-py27h7b6447c_0.conda:  57%|█████▋    | 21/37 [00:00<00:08,  1.87it/s]Extracting : pycparser-2.20-py_0.conda:  59%|█████▉    | 22/37 [00:00<00:08,  1.87it/s]         Extracting : pysocks-1.7.1-py27_0.conda:  62%|██████▏   | 23/37 [00:00<00:07,  1.87it/s]Extracting : ruamel_yaml-0.15.87-py27h7b6447c_0.conda:  65%|██████▍   | 24/37 [00:00<00:06,  1.87it/s]Extracting : six-1.13.0-py27_0.conda:  68%|██████▊   | 25/37 [00:00<00:06,  1.87it/s]                 Extracting : tqdm-4.46.0-py_0.conda:  70%|███████   | 26/37 [00:00<00:05,  1.87it/s] Extracting : cffi-1.14.0-py27he30daa8_1.conda:  73%|███████▎  | 27/37 [00:00<00:05,  1.87it/s]Extracting : conda-package-handling-1.6.0-py27h7b6447c_0.conda:  76%|███████▌  | 28/37 [00:00<00:04,  1.87it/s]Extracting : setuptools-44.0.0-py27_0.conda:  78%|███████▊  | 29/37 [00:00<00:04,  1.87it/s]                   Extracting : cryptography-2.8-py27h1ba5d50_0.conda:  81%|████████  | 30/37 [00:00<00:03,  1.87it/s]Extracting : wheel-0.33.6-py27_0.conda:  84%|████████▍ | 31/37 [00:00<00:03,  1.87it/s]            Extracting : pip-19.3.1-py27_0.conda:  86%|████████▋ | 32/37 [00:00<00:02,  1.87it/s]  Extracting : pyopenssl-19.1.0-py27_0.conda:  89%|████████▉ | 33/37 [00:00<00:02,  1.87it/s]Extracting : urllib3-1.25.7-py27_0.conda:  92%|█████████▏| 34/37 [00:00<00:01,  1.87it/s]  Extracting : requests-2.22.0-py27_1.conda:  95%|█████████▍| 35/37 [00:00<00:01,  1.87it/s]Extracting : conda-4.8.3-py27_0.tar.bz2:  97%|█████████▋| 36/37 [00:00<00:00,  1.87it/s]  Extracting : conda-4.8.3-py27_0.tar.bz2: 100%|██████████| 37/37 [00:00<00:00,  2.65it/s]                                                                                        Collecting package metadata (current_repodata.json): ...working... done
Solving environment: ...working... done

## Package Plan ##

  environment location: /home/travis/miniconda2

  added / updated specs:
    - _libgcc_mutex==0.1=main
    - asn1crypto==1.3.0=py27_0
    - ca-certificates==2020.1.1=0
    - certifi==2019.11.28=py27_0
    - cffi==1.14.0=py27he30daa8_1
    - chardet==3.0.4=py27_1003
    - conda-package-handling==1.6.0=py27h7b6447c_0
    - conda==4.8.3=py27_0
    - cryptography==2.8=py27h1ba5d50_0
    - enum34==1.1.6=py27_1
    - futures==3.3.0=py27_0
    - idna==2.8=py27_0
    - ipaddress==1.0.23=py_0
    - libedit==3.1.20181209=hc058e9b_0
    - libffi==3.3=he6710b0_1
    - libgcc-ng==9.1.0=hdf63c60_0
    - libstdcxx-ng==9.1.0=hdf63c60_0
    - ncurses==6.2=he6710b0_1
    - openssl==1.1.1g=h7b6447c_0
    - pip==19.3.1=py27_0
    - pycosat==0.6.3=py27h7b6447c_0
    - pycparser==2.20=py_0
    - pyopenssl==19.1.0=py27_0
    - pysocks==1.7.1=py27_0
    - python==2.7.18=h15b4118_1
    - readline==8.0=h7b6447c_0
    - requests==2.22.0=py27_1
    - ruamel_yaml==0.15.87=py27h7b6447c_0
    - setuptools==44.0.0=py27_0
    - six==1.13.0=py27_0
    - sqlite==3.31.1=h62c20be_1
    - tk==8.6.8=hbc83047_0
    - tqdm==4.46.0=py_0
    - urllib3==1.25.7=py27_0
    - wheel==0.33.6=py27_0
    - yaml==0.1.7=had09818_2
    - zlib==1.2.11=h7b6447c_3


The following NEW packages will be INSTALLED:

  _libgcc_mutex      pkgs/main/linux-64::_libgcc_mutex-0.1-main
  asn1crypto         pkgs/main/linux-64::asn1crypto-1.3.0-py27_0
  ca-certificates    pkgs/main/linux-64::ca-certificates-2020.1.1-0
  certifi            pkgs/main/linux-64::certifi-2019.11.28-py27_0
  cffi               pkgs/main/linux-64::cffi-1.14.0-py27he30daa8_1
  chardet            pkgs/main/linux-64::chardet-3.0.4-py27_1003
  conda              pkgs/main/linux-64::conda-4.8.3-py27_0
  conda-package-han~ pkgs/main/linux-64::conda-package-handling-1.6.0-py27h7b6447c_0
  cryptography       pkgs/main/linux-64::cryptography-2.8-py27h1ba5d50_0
  enum34             pkgs/main/linux-64::enum34-1.1.6-py27_1
  futures            pkgs/main/linux-64::futures-3.3.0-py27_0
  idna               pkgs/main/linux-64::idna-2.8-py27_0
  ipaddress          pkgs/main/noarch::ipaddress-1.0.23-py_0
  libedit            pkgs/main/linux-64::libedit-3.1.20181209-hc058e9b_0
  libffi             pkgs/main/linux-64::libffi-3.3-he6710b0_1
  libgcc-ng          pkgs/main/linux-64::libgcc-ng-9.1.0-hdf63c60_0
  libstdcxx-ng       pkgs/main/linux-64::libstdcxx-ng-9.1.0-hdf63c60_0
  ncurses            pkgs/main/linux-64::ncurses-6.2-he6710b0_1
  openssl            pkgs/main/linux-64::openssl-1.1.1g-h7b6447c_0
  pip                pkgs/main/linux-64::pip-19.3.1-py27_0
  pycosat            pkgs/main/linux-64::pycosat-0.6.3-py27h7b6447c_0
  pycparser          pkgs/main/noarch::pycparser-2.20-py_0
  pyopenssl          pkgs/main/linux-64::pyopenssl-19.1.0-py27_0
  pysocks            pkgs/main/linux-64::pysocks-1.7.1-py27_0
  python             pkgs/main/linux-64::python-2.7.18-h15b4118_1
  readline           pkgs/main/linux-64::readline-8.0-h7b6447c_0
  requests           pkgs/main/linux-64::requests-2.22.0-py27_1
  ruamel_yaml        pkgs/main/linux-64::ruamel_yaml-0.15.87-py27h7b6447c_0
  setuptools         pkgs/main/linux-64::setuptools-44.0.0-py27_0
  six                pkgs/main/linux-64::six-1.13.0-py27_0
  sqlite             pkgs/main/linux-64::sqlite-3.31.1-h62c20be_1
  tk                 pkgs/main/linux-64::tk-8.6.8-hbc83047_0
  tqdm               pkgs/main/noarch::tqdm-4.46.0-py_0
  urllib3            pkgs/main/linux-64::urllib3-1.25.7-py27_0
  wheel              pkgs/main/linux-64::wheel-0.33.6-py27_0
  yaml               pkgs/main/linux-64::yaml-0.1.7-had09818_2
  zlib               pkgs/main/linux-64::zlib-1.2.11-h7b6447c_3


Preparing transaction: ...working... done
Executing transaction: ...working... done
installation finished.

travis_time:end:10c71297:start=1606394311590233171,finish=1606394324354705321,duration=12764472150[0Ktravis_fold:end:before_install.3[0Ktravis_fold:start:before_install.4[0Ktravis_time:start:01580259[0K$ export PATH=/home/travis/miniconda2/bin:$PATH

travis_time:end:01580259:start=1606394324365343870,finish=1606394324373762212,duration=8418342[0Ktravis_fold:end:before_install.4[0Ktravis_fold:start:before_install.5[0Ktravis_time:start:07701d18[0K$ conda update --yes --quiet conda
Collecting package metadata (current_repodata.json): ...working... done
Solving environment: ...working... done

## Package Plan ##

  environment location: /home/travis/miniconda2

  added / updated specs:
    - conda


The following packages will be downloaded:

    package                    |            build
    ---------------------------|-----------------
    asn1crypto-1.4.0           |             py_0          80 KB
    ca-certificates-2020.10.14 |                0         121 KB
    certifi-2020.6.20          |     pyhd3eb1b0_3         155 KB
    idna-2.10                  |             py_0          50 KB
    libedit-3.1.20191231       |       h14c3975_1         116 KB
    libffi-3.3                 |       he6710b0_2          50 KB
    openssl-1.1.1h             |       h7b6447c_0         2.5 MB
    pycparser-2.20             |             py_2          94 KB
    pyopenssl-19.1.0           |     pyhd3eb1b0_1          52 KB
    requests-2.24.0            |             py_0          56 KB
    six-1.15.0                 |             py_0          13 KB
    sqlite-3.33.0              |       h62c20be_0         1.1 MB
    tk-8.6.10                  |       hbc83047_0         3.0 MB
    tqdm-4.51.0                |     pyhd3eb1b0_0          66 KB
    wheel-0.35.1               |     pyhd3eb1b0_0          38 KB
    ------------------------------------------------------------
                                           Total:         7.5 MB

The following packages will be UPDATED:

  asn1crypto         pkgs/main/linux-64::asn1crypto-1.3.0-~ --> pkgs/main/noarch::asn1crypto-1.4.0-py_0
  ca-certificates                                2020.1.1-0 --> 2020.10.14-0
  certifi            pkgs/main/linux-64::certifi-2019.11.2~ --> pkgs/main/noarch::certifi-2020.6.20-pyhd3eb1b0_3
  idna                  pkgs/main/linux-64::idna-2.8-py27_0 --> pkgs/main/noarch::idna-2.10-py_0
  libedit                           3.1.20181209-hc058e9b_0 --> 3.1.20191231-h14c3975_1
  libffi                                     3.3-he6710b0_1 --> 3.3-he6710b0_2
  openssl                                 1.1.1g-h7b6447c_0 --> 1.1.1h-h7b6447c_0
  pycparser                                       2.20-py_0 --> 2.20-py_2
  pyopenssl          pkgs/main/linux-64::pyopenssl-19.1.0-~ --> pkgs/main/noarch::pyopenssl-19.1.0-pyhd3eb1b0_1
  requests           pkgs/main/linux-64::requests-2.22.0-p~ --> pkgs/main/noarch::requests-2.24.0-py_0
  six                 pkgs/main/linux-64::six-1.13.0-py27_0 --> pkgs/main/noarch::six-1.15.0-py_0
  sqlite                                  3.31.1-h62c20be_1 --> 3.33.0-h62c20be_0
  tk                                       8.6.8-hbc83047_0 --> 8.6.10-hbc83047_0
  tqdm                                          4.46.0-py_0 --> 4.51.0-pyhd3eb1b0_0
  wheel              pkgs/main/linux-64::wheel-0.33.6-py27~ --> pkgs/main/noarch::wheel-0.35.1-pyhd3eb1b0_0


Preparing transaction: ...working... done
Verifying transaction: ...working... done
Executing transaction: ...working... done

travis_time:end:07701d18:start=1606394324383367350,finish=1606394337041511550,duration=12658144200[0Ktravis_fold:end:before_install.5[0Ktravis_fold:start:before_install.6[0Ktravis_time:start:01bae153[0K$ export DISPLAY=:99.0

travis_time:end:01bae153:start=1606394337053082252,finish=1606394337061795580,duration=8713328[0Ktravis_fold:end:before_install.6[0Ktravis_fold:start:before_install.7[0Ktravis_time:start:11e42de1[0K$ sh -e /etc/init.d/xvfb start
Starting virtual X frame buffer: Xvfb.

travis_time:end:11e42de1:start=1606394337073433777,finish=1606394337086420219,duration=12986442[0Ktravis_fold:end:before_install.7[0Ktravis_fold:start:install.1[0Ktravis_time:start:08469433[0K$ conda create --yes --quiet -n pychron-test python=2.7
Collecting package metadata (current_repodata.json): ...working... done
Solving environment: ...working... failed with repodata from current_repodata.json, will retry with next repodata source.
Collecting package metadata (repodata.json): ...working... done
Solving environment: ...working... done

## Package Plan ##

  environment location: /home/travis/miniconda2/envs/pychron-test

  added / updated specs:
    - python=2.7


The following NEW packages will be INSTALLED:

  _libgcc_mutex      pkgs/main/linux-64::_libgcc_mutex-0.1-main
  ca-certificates    pkgs/main/linux-64::ca-certificates-2020.10.14-0
  certifi            pkgs/main/noarch::certifi-2020.6.20-pyhd3eb1b0_3
  libedit            pkgs/main/linux-64::libedit-3.1.20191231-h14c3975_1
  libffi             pkgs/main/linux-64::libffi-3.3-he6710b0_2
  libgcc-ng          pkgs/main/linux-64::libgcc-ng-9.1.0-hdf63c60_0
  libstdcxx-ng       pkgs/main/linux-64::libstdcxx-ng-9.1.0-hdf63c60_0
  ncurses            pkgs/main/linux-64::ncurses-6.2-he6710b0_1
  pip                pkgs/main/linux-64::pip-19.3.1-py27_0
  python             pkgs/main/linux-64::python-2.7.18-h15b4118_1
  readline           pkgs/main/linux-64::readline-8.0-h7b6447c_0
  setuptools         pkgs/main/linux-64::setuptools-44.0.0-py27_0
  sqlite             pkgs/main/linux-64::sqlite-3.33.0-h62c20be_0
  tk                 pkgs/main/linux-64::tk-8.6.10-hbc83047_0
  wheel              pkgs/main/noarch::wheel-0.35.1-pyhd3eb1b0_0
  zlib               pkgs/main/linux-64::zlib-1.2.11-h7b6447c_3


Preparing transaction: ...working... done
Verifying transaction: ...working... done
Executing transaction: ...working... done

travis_time:end:08469433:start=1606394337096598374,finish=1606394361219287557,duration=24122689183[0Ktravis_fold:end:install.1[0Ktravis_fold:start:install.2[0Ktravis_time:start:05c1cefd[0K$ source activate pychron-test

travis_time:end:05c1cefd:start=1606394361231615045,finish=1606394361363077090,duration=131462045[0Ktravis_fold:end:install.2[0Ktravis_fold:start:install.3[0Ktravis_time:start:0eb32c06[0K$ conda install --yes qt=4.8.5 pyside statsmodels PyYAML traits pyface traitsui enable chaco xlrd xlwt lxml sqlalchemy apptools
Collecting package metadata (current_repodata.json): ...working... done
Solving environment: ...working... failed with initial frozen solve. Retrying with flexible solve.
Collecting package metadata (repodata.json): ...working... done
Solving environment: ...working... failed with initial frozen solve. Retrying with flexible solve.

PackagesNotFoundError: The following packages are not available from current channels:

  - chaco
  - enable
  - qt=4.8.5
  - pyside

Current channels:

  - https://repo.anaconda.com/pkgs/main/linux-64
  - https://repo.anaconda.com/pkgs/main/noarch
  - https://repo.anaconda.com/pkgs/r/linux-64
  - https://repo.anaconda.com/pkgs/r/noarch

To search for alternate channels that may provide the conda package you're
looking for, navigate to

    https://anaconda.org

and use the search bar at the top of the page.



travis_time:end:0eb32c06:start=1606394361375036929,finish=1606394368193639433,duration=6818602504[0K
[31;1mThe command "conda install --yes qt=4.8.5 pyside statsmodels PyYAML traits pyface traitsui enable chaco xlrd xlwt lxml sqlalchemy apptools" failed and exited with 1 during .[0m

Your build has been stopped.
