travis_fold:start:system_info[0K[33;1mBuild system information[0m
Build language: python
Build group: stable
Build dist: precise
Build id: ''
Job id: ''
[34m[1mBuild image provisioning date and time[0m
Thu Feb  5 15:09:33 UTC 2015
[34m[1mOperating System Details[0m
Distributor ID:	Ubuntu
Description:	Ubuntu 12.04.5 LTS
Release:	12.04
Codename:	precise
[34m[1mLinux Version[0m
3.13.0-29-generic
[34m[1mCookbooks Version[0m
a68419e https://github.com/travis-ci/travis-cookbooks/tree/a68419e
[34m[1mGCC version[0m
gcc (Ubuntu/Linaro 4.6.3-1ubuntu5) 4.6.3
Copyright (C) 2011 Free Software Foundation, Inc.
This is free software; see the source for copying conditions.  There is NO
warranty; not even for MERCHANTABILITY or FITNESS FOR A PARTICULAR PURPOSE.

[34m[1mLLVM version[0m
clang version 3.4 (tags/RELEASE_34/final)
Target: x86_64-unknown-linux-gnu
Thread model: posix
[34m[1mPre-installed Ruby versions[0m
ruby-1.9.3-p551
[34m[1mPre-installed Node.js versions[0m
v0.10.36
[34m[1mPre-installed Go versions[0m
1.4.1
[34m[1mRedis version[0m
redis-server 2.8.19
[34m[1mriak version[0m
2.0.2
[34m[1mMongoDB version[0m
MongoDB 2.4.12
[34m[1mCouchDB version[0m
couchdb 1.6.1
[34m[1mNeo4j version[0m
1.9.4
[34m[1mRabbitMQ Version[0m
3.4.3
[34m[1mElasticSearch version[0m
1.4.0
[34m[1mInstalled Sphinx versions[0m
2.0.10
2.1.9
2.2.6
[34m[1mDefault Sphinx version[0m
2.2.6
[34m[1mInstalled Firefox version[0m
firefox 31.0esr
[34m[1mPhantomJS version[0m
1.9.8
[34m[1mant -version[0m
Apache Ant(TM) version 1.8.2 compiled on December 3 2011
[34m[1mmvn -version[0m
Apache Maven 3.2.5 (12a6b3acb947671f09b81f49094c53f426d8cea1; 2014-12-14T17:29:23+00:00)
Maven home: /usr/local/maven
Java version: 1.7.0_76, vendor: Oracle Corporation
Java home: /usr/lib/jvm/java-7-oracle/jre
Default locale: en_US, platform encoding: ANSI_X3.4-1968
OS name: "linux", version: "3.13.0-29-generic", arch: "amd64", family: "unix"
travis_fold:end:system_info[0K
grep: /etc/apt/sources.list.d/*: No such file or directory
sed: cannot rename /etc/hosts: Device or resource busy
sed: cannot rename /etc/hosts: Device or resource busy
$ cd failed/VisTrails/VisTrails
travis_fold:start:apt[0K[33;1mInstalling APT Packages (BETA)[0m
$ export DEBIAN_FRONTEND=noninteractive
travis_time:start:002d96e8[0K$ sudo -E apt-get -yq update &>> ~/apt-get-update.log

travis_time:end:002d96e8:start=1606425714482224525,finish=1606425719453926704,duration=4971702179[0Ktravis_time:start:1328c1cc[0K$ sudo -E apt-get -yq --no-install-suggests --no-install-recommends --force-yes install python-matplotlib python-mysqldb python-numpy python-qt4 python-qt4-gl python-qt4-sql python-scipy python-vtk python-xlrd python-xlwt zip unzip xvfb python-rpy2 python-zsi
Reading package lists...
Building dependency tree...
Reading state information...
zip is already the newest version.
The following extra packages will be installed:
  freeglut3 libamd2.2.0 libavcodec53 libavformat53 libavutil51 libgl2ps0
  libgsm1 libibverbs1 libnuma1 libopenmpi1.3 libqtassistantclient4
  libschroedinger-1.0-0 libspeex1 libswscale2 libtheora0 libtorque2
  libumfpack5.4.0 libva1 libvorbisenc2 libvpx1 libvtk5.8 python-antlr
  python-cairo python-dateutil python-gi python-gobject python-gobject-2
  python-matplotlib-data python-opengl python-pyparsing python-sip
  python-support python-tz r-base-core tcl-vtk ttf-lyx xserver-common
Suggested packages:
  speex openmpi-bin lam-runtime libvtk5-dev vtk-examples vtk-doc
  python-gi-cairo python-gobject-2-dbg dvipng ipython python-excelerator
  python-gtk2 python-matplotlib-doc python-qt3 python-traits python-wxgtk2.8
  texlive-extra-utils texlive-latex-extra python-egenix-mxdatetime
  python-mysqldb-dbg python-numpy-doc python-numpy-dbg python-nose gfortran
  libgle3 python-qt4-dbg python-rpy-docs mayavi2 ess r-doc-info r-doc-pdf
  r-mathlib r-base-html
Recommended packages:
  python-glade2 python-tk python-imaging r-recommended r-base-dev r-doc-html
The following NEW packages will be installed:
  freeglut3 libamd2.2.0 libavcodec53 libavformat53 libavutil51 libgl2ps0
  libgsm1 libibverbs1 libnuma1 libopenmpi1.3 libqtassistantclient4
  libschroedinger-1.0-0 libspeex1 libswscale2 libtheora0 libtorque2
  libumfpack5.4.0 libva1 libvorbisenc2 libvpx1 libvtk5.8 python-antlr
  python-cairo python-dateutil python-gi python-gobject python-gobject-2
  python-matplotlib python-matplotlib-data python-mysqldb python-numpy
  python-opengl python-pyparsing python-qt4 python-qt4-gl python-qt4-sql
  python-rpy2 python-scipy python-sip python-support python-tz python-vtk
  python-xlrd python-xlwt python-zsi r-base-core tcl-vtk ttf-lyx
The following packages will be upgraded:
  unzip xserver-common xvfb
3 upgraded, 48 newly installed, 0 to remove and 235 not upgraded.
Need to get 73.9 MB of archives.
After this operation, 217 MB of additional disk space will be used.
Get:1 http://us.archive.ubuntu.com/ubuntu/ precise-updates/main freeglut3 amd64 2.6.0-1ubuntu3 [91.3 kB]
Get:2 http://us.archive.ubuntu.com/ubuntu/ precise-updates/main libavutil51 amd64 4:0.8.17-0ubuntu0.12.04.2 [62.8 kB]
Get:3 http://us.archive.ubuntu.com/ubuntu/ precise/main libgsm1 amd64 1.0.13-3 [29.3 kB]
Get:4 http://us.archive.ubuntu.com/ubuntu/ precise/main libschroedinger-1.0-0 amd64 1.0.11-1 [287 kB]
Get:5 http://us.archive.ubuntu.com/ubuntu/ precise/main libspeex1 amd64 1.2~rc1-3ubuntu2 [57.5 kB]
Get:6 http://us.archive.ubuntu.com/ubuntu/ precise/main libtheora0 amd64 1.1.1+dfsg.1-3ubuntu2 [363 kB]
Get:7 http://us.archive.ubuntu.com/ubuntu/ precise/main libva1 amd64 1.0.15-4 [38.7 kB]
Get:8 http://us.archive.ubuntu.com/ubuntu/ precise/main libvorbisenc2 amd64 1.3.2-1ubuntu3 [136 kB]
Get:9 http://us.archive.ubuntu.com/ubuntu/ precise/main libvpx1 amd64 1.0.0-1 [269 kB]
Get:10 http://us.archive.ubuntu.com/ubuntu/ precise-updates/main libavcodec53 amd64 4:0.8.17-0ubuntu0.12.04.2 [2,926 kB]
Get:11 http://us.archive.ubuntu.com/ubuntu/ precise-updates/main libavformat53 amd64 4:0.8.17-0ubuntu0.12.04.2 [497 kB]
Get:12 http://us.archive.ubuntu.com/ubuntu/ precise/main libqtassistantclient4 amd64 4.6.3-3ubuntu2 [14.1 kB]
Get:13 http://us.archive.ubuntu.com/ubuntu/ precise-updates/main libswscale2 amd64 4:0.8.17-0ubuntu0.12.04.2 [92.2 kB]
Get:14 http://us.archive.ubuntu.com/ubuntu/ precise/universe ttf-lyx all 2.0.2-1ubuntu2 [151 kB]
Get:15 http://us.archive.ubuntu.com/ubuntu/ precise-updates/main python-gi amd64 3.2.2-1~precise [222 kB]
Get:16 http://us.archive.ubuntu.com/ubuntu/ precise/universe libamd2.2.0 amd64 1:3.4.0-2ubuntu3 [26.5 kB]
Get:17 http://us.archive.ubuntu.com/ubuntu/ precise/universe libgl2ps0 amd64 1.3.6-1 [38.8 kB]
Get:18 http://us.archive.ubuntu.com/ubuntu/ precise/main libnuma1 amd64 2.0.8~rc3-1 [23.1 kB]
Get:19 http://us.archive.ubuntu.com/ubuntu/ precise-updates/universe libtorque2 amd64 2.4.16+dfsg-1+deb7u4build0.12.04.1 [91.9 kB]
Get:20 http://us.archive.ubuntu.com/ubuntu/ precise/universe libumfpack5.4.0 amd64 1:3.4.0-2ubuntu3 [345 kB]
Get:21 http://us.archive.ubuntu.com/ubuntu/ precise/main libibverbs1 amd64 1.1.5-1ubuntu1 [27.3 kB]
Get:22 http://us.archive.ubuntu.com/ubuntu/ precise/universe libopenmpi1.3 amd64 1.4.3-2.1ubuntu3 [1,350 kB]
Get:23 http://us.archive.ubuntu.com/ubuntu/ precise/universe libvtk5.8 amd64 5.8.0-5 [14.3 MB]
Get:24 http://us.archive.ubuntu.com/ubuntu/ precise/universe python-antlr all 2.7.7+dfsg-3 [20.7 kB]
Get:25 http://us.archive.ubuntu.com/ubuntu/ precise/main python-cairo amd64 1.8.8-1ubuntu3 [50.7 kB]
Get:26 http://us.archive.ubuntu.com/ubuntu/ precise/main python-dateutil all 1.5-1 [54.2 kB]
Get:27 http://us.archive.ubuntu.com/ubuntu/ precise/main python-gobject-2 amd64 2.28.6-10ubuntu1 [240 kB]
Get:28 http://us.archive.ubuntu.com/ubuntu/ precise-updates/main python-gobject all 3.2.2-1~precise [2,468 B]
Get:29 http://us.archive.ubuntu.com/ubuntu/ precise/universe python-matplotlib-data all 1.1.1~rc1+git20120423-0ubuntu1 [1,945 kB]
Get:30 http://us.archive.ubuntu.com/ubuntu/ precise/universe python-pyparsing all 1.5.2-2ubuntu1 [586 kB]
Get:31 http://us.archive.ubuntu.com/ubuntu/ precise-updates/main python-tz all 2011k-0ubuntu5.1 [43.8 kB]
Get:32 http://us.archive.ubuntu.com/ubuntu/ precise/main python-numpy amd64 1:1.6.1-6ubuntu1 [1,850 kB]
Get:33 http://us.archive.ubuntu.com/ubuntu/ precise/universe python-support all 1.0.14ubuntu2 [26.1 kB]
Get:34 http://us.archive.ubuntu.com/ubuntu/ precise/universe python-matplotlib amd64 1.1.1~rc1+git20120423-0ubuntu1 [1,787 kB]
Get:35 http://us.archive.ubuntu.com/ubuntu/ precise-updates/main python-mysqldb amd64 1.2.3-1ubuntu0.1 [64.0 kB]
Get:36 http://us.archive.ubuntu.com/ubuntu/ precise/universe python-opengl all 3.0.1~b2-1 [528 kB]
Get:37 http://us.archive.ubuntu.com/ubuntu/ precise/main python-sip amd64 4.13.2-1 [74.1 kB]
Get:38 http://us.archive.ubuntu.com/ubuntu/ precise/main python-qt4 amd64 4.9.1-2ubuntu1 [3,113 kB]
Get:39 http://us.archive.ubuntu.com/ubuntu/ precise/universe python-qt4-gl amd64 4.9.1-2ubuntu1 [76.2 kB]
Get:40 http://us.archive.ubuntu.com/ubuntu/ precise/main python-qt4-sql amd64 4.9.1-2ubuntu1 [85.8 kB]
Get:41 http://us.archive.ubuntu.com/ubuntu/ precise-updates/main unzip amd64 6.0-4ubuntu2.5 [193 kB]
Get:42 http://us.archive.ubuntu.com/ubuntu/ precise/universe r-base-core amd64 2.14.1-1 [20.0 MB]
Get:43 http://us.archive.ubuntu.com/ubuntu/ precise/universe python-rpy2 amd64 2.2.5-1 [142 kB]
Get:44 http://us.archive.ubuntu.com/ubuntu/ precise/universe tcl-vtk amd64 5.8.0-5 [5,260 kB]
Get:45 http://us.archive.ubuntu.com/ubuntu/ precise/universe python-vtk amd64 5.8.0-5 [7,108 kB]
Get:46 http://us.archive.ubuntu.com/ubuntu/ precise/universe python-xlrd all 0.6.1-2 [121 kB]
Get:47 http://us.archive.ubuntu.com/ubuntu/ precise/universe python-xlwt all 0.7.2+debian1-2build1 [100 kB]
Get:48 http://us.archive.ubuntu.com/ubuntu/ precise/universe python-zsi all 2.1~a1-3build1 [713 kB]
Get:49 http://us.archive.ubuntu.com/ubuntu/ precise-updates/main xserver-common all 2:1.11.4-0ubuntu10.17 [31.8 kB]
Get:50 http://us.archive.ubuntu.com/ubuntu/ precise-updates/main xvfb amd64 2:1.11.4-0ubuntu10.17 [890 kB]
Get:51 http://us.archive.ubuntu.com/ubuntu/ precise/universe python-scipy amd64 0.9.0+dfsg1-1ubuntu2 [7,300 kB]
Extracting templates from packages: 58%Extracting templates from packages: 100%
Fetched 73.9 MB in 2s (26.6 MB/s)
Selecting previously unselected package freeglut3.
(Reading database ... 72431 files and directories currently installed.)
Unpacking freeglut3 (from .../freeglut3_2.6.0-1ubuntu3_amd64.deb) ...
Selecting previously unselected package libavutil51.
Unpacking libavutil51 (from .../libavutil51_4%3a0.8.17-0ubuntu0.12.04.2_amd64.deb) ...
Selecting previously unselected package libgsm1.
Unpacking libgsm1 (from .../libgsm1_1.0.13-3_amd64.deb) ...
Selecting previously unselected package libschroedinger-1.0-0.
Unpacking libschroedinger-1.0-0 (from .../libschroedinger-1.0-0_1.0.11-1_amd64.deb) ...
Selecting previously unselected package libspeex1.
Unpacking libspeex1 (from .../libspeex1_1.2~rc1-3ubuntu2_amd64.deb) ...
Selecting previously unselected package libtheora0.
Unpacking libtheora0 (from .../libtheora0_1.1.1+dfsg.1-3ubuntu2_amd64.deb) ...
Selecting previously unselected package libva1.
Unpacking libva1 (from .../libva1_1.0.15-4_amd64.deb) ...
Selecting previously unselected package libvorbisenc2.
Unpacking libvorbisenc2 (from .../libvorbisenc2_1.3.2-1ubuntu3_amd64.deb) ...
Selecting previously unselected package libvpx1.
Unpacking libvpx1 (from .../libvpx1_1.0.0-1_amd64.deb) ...
Selecting previously unselected package libavcodec53.
Unpacking libavcodec53 (from .../libavcodec53_4%3a0.8.17-0ubuntu0.12.04.2_amd64.deb) ...
Selecting previously unselected package libavformat53.
Unpacking libavformat53 (from .../libavformat53_4%3a0.8.17-0ubuntu0.12.04.2_amd64.deb) ...
Selecting previously unselected package libqtassistantclient4.
Unpacking libqtassistantclient4 (from .../libqtassistantclient4_4.6.3-3ubuntu2_amd64.deb) ...
Selecting previously unselected package libswscale2.
Unpacking libswscale2 (from .../libswscale2_4%3a0.8.17-0ubuntu0.12.04.2_amd64.deb) ...
Selecting previously unselected package ttf-lyx.
Unpacking ttf-lyx (from .../ttf-lyx_2.0.2-1ubuntu2_all.deb) ...
Selecting previously unselected package python-gi.
Unpacking python-gi (from .../python-gi_3.2.2-1~precise_amd64.deb) ...
Selecting previously unselected package libamd2.2.0.
Unpacking libamd2.2.0 (from .../libamd2.2.0_1%3a3.4.0-2ubuntu3_amd64.deb) ...
Selecting previously unselected package libgl2ps0.
Unpacking libgl2ps0 (from .../libgl2ps0_1.3.6-1_amd64.deb) ...
Selecting previously unselected package libnuma1.
Unpacking libnuma1 (from .../libnuma1_2.0.8~rc3-1_amd64.deb) ...
Selecting previously unselected package libtorque2.
Unpacking libtorque2 (from .../libtorque2_2.4.16+dfsg-1+deb7u4build0.12.04.1_amd64.deb) ...
Selecting previously unselected package libumfpack5.4.0.
Unpacking libumfpack5.4.0 (from .../libumfpack5.4.0_1%3a3.4.0-2ubuntu3_amd64.deb) ...
Selecting previously unselected package libibverbs1.
Unpacking libibverbs1 (from .../libibverbs1_1.1.5-1ubuntu1_amd64.deb) ...
Selecting previously unselected package libopenmpi1.3.
Unpacking libopenmpi1.3 (from .../libopenmpi1.3_1.4.3-2.1ubuntu3_amd64.deb) ...
Selecting previously unselected package libvtk5.8.
Unpacking libvtk5.8 (from .../libvtk5.8_5.8.0-5_amd64.deb) ...
Selecting previously unselected package python-antlr.
Unpacking python-antlr (from .../python-antlr_2.7.7+dfsg-3_all.deb) ...
Selecting previously unselected package python-cairo.
Unpacking python-cairo (from .../python-cairo_1.8.8-1ubuntu3_amd64.deb) ...
Selecting previously unselected package python-dateutil.
Unpacking python-dateutil (from .../python-dateutil_1.5-1_all.deb) ...
Selecting previously unselected package python-gobject-2.
Unpacking python-gobject-2 (from .../python-gobject-2_2.28.6-10ubuntu1_amd64.deb) ...
Selecting previously unselected package python-gobject.
Unpacking python-gobject (from .../python-gobject_3.2.2-1~precise_all.deb) ...
Selecting previously unselected package python-matplotlib-data.
Unpacking python-matplotlib-data (from .../python-matplotlib-data_1.1.1~rc1+git20120423-0ubuntu1_all.deb) ...
Selecting previously unselected package python-pyparsing.
Unpacking python-pyparsing (from .../python-pyparsing_1.5.2-2ubuntu1_all.deb) ...
Selecting previously unselected package python-tz.
Unpacking python-tz (from .../python-tz_2011k-0ubuntu5.1_all.deb) ...
Selecting previously unselected package python-numpy.
Unpacking python-numpy (from .../python-numpy_1%3a1.6.1-6ubuntu1_amd64.deb) ...
Selecting previously unselected package python-support.
Unpacking python-support (from .../python-support_1.0.14ubuntu2_all.deb) ...
Selecting previously unselected package python-matplotlib.
Unpacking python-matplotlib (from .../python-matplotlib_1.1.1~rc1+git20120423-0ubuntu1_amd64.deb) ...
Selecting previously unselected package python-mysqldb.
Unpacking python-mysqldb (from .../python-mysqldb_1.2.3-1ubuntu0.1_amd64.deb) ...
Selecting previously unselected package python-opengl.
Unpacking python-opengl (from .../python-opengl_3.0.1~b2-1_all.deb) ...
Selecting previously unselected package python-sip.
Unpacking python-sip (from .../python-sip_4.13.2-1_amd64.deb) ...
Selecting previously unselected package python-qt4.
Unpacking python-qt4 (from .../python-qt4_4.9.1-2ubuntu1_amd64.deb) ...
Selecting previously unselected package python-qt4-gl.
Unpacking python-qt4-gl (from .../python-qt4-gl_4.9.1-2ubuntu1_amd64.deb) ...
Selecting previously unselected package python-qt4-sql.
Unpacking python-qt4-sql (from .../python-qt4-sql_4.9.1-2ubuntu1_amd64.deb) ...
Preparing to replace unzip 6.0-4ubuntu2.2 (using .../unzip_6.0-4ubuntu2.5_amd64.deb) ...
Unpacking replacement unzip ...
Selecting previously unselected package r-base-core.
Unpacking r-base-core (from .../r-base-core_2.14.1-1_amd64.deb) ...
Selecting previously unselected package python-rpy2.
Unpacking python-rpy2 (from .../python-rpy2_2.2.5-1_amd64.deb) ...
Selecting previously unselected package tcl-vtk.
Unpacking tcl-vtk (from .../tcl-vtk_5.8.0-5_amd64.deb) ...
Selecting previously unselected package python-vtk.
Unpacking python-vtk (from .../python-vtk_5.8.0-5_amd64.deb) ...
Selecting previously unselected package python-xlrd.
Unpacking python-xlrd (from .../python-xlrd_0.6.1-2_all.deb) ...
Selecting previously unselected package python-xlwt.
Unpacking python-xlwt (from .../python-xlwt_0.7.2+debian1-2build1_all.deb) ...
Selecting previously unselected package python-zsi.
Unpacking python-zsi (from .../python-zsi_2.1~a1-3build1_all.deb) ...
Preparing to replace xserver-common 2:1.11.4-0ubuntu10.16 (using .../xserver-common_2%3a1.11.4-0ubuntu10.17_all.deb) ...
Unpacking replacement xserver-common ...
Preparing to replace xvfb 2:1.11.4-0ubuntu10.16 (using .../xvfb_2%3a1.11.4-0ubuntu10.17_amd64.deb) ...
Unpacking replacement xvfb ...
Selecting previously unselected package python-scipy.
Unpacking python-scipy (from .../python-scipy_0.9.0+dfsg1-1ubuntu2_amd64.deb) ...
Processing triggers for fontconfig ...
Processing triggers for man-db ...
Setting up freeglut3 (2.6.0-1ubuntu3) ...
Setting up libavutil51 (4:0.8.17-0ubuntu0.12.04.2) ...
Setting up libgsm1 (1.0.13-3) ...
Setting up libschroedinger-1.0-0 (1.0.11-1) ...
Setting up libspeex1 (1.2~rc1-3ubuntu2) ...
Setting up libtheora0 (1.1.1+dfsg.1-3ubuntu2) ...
Setting up libva1 (1.0.15-4) ...
Setting up libvorbisenc2 (1.3.2-1ubuntu3) ...
Setting up libvpx1 (1.0.0-1) ...
Setting up libavcodec53 (4:0.8.17-0ubuntu0.12.04.2) ...
Setting up libavformat53 (4:0.8.17-0ubuntu0.12.04.2) ...
Setting up libqtassistantclient4 (4.6.3-3ubuntu2) ...
Setting up libswscale2 (4:0.8.17-0ubuntu0.12.04.2) ...
Setting up ttf-lyx (2.0.2-1ubuntu2) ...
Setting up python-gi (3.2.2-1~precise) ...
Setting up libamd2.2.0 (1:3.4.0-2ubuntu3) ...
Setting up libgl2ps0 (1.3.6-1) ...
Setting up libnuma1 (2.0.8~rc3-1) ...
Setting up libtorque2 (2.4.16+dfsg-1+deb7u4build0.12.04.1) ...
Setting up libumfpack5.4.0 (1:3.4.0-2ubuntu3) ...
Setting up libibverbs1 (1.1.5-1ubuntu1) ...
Setting up libopenmpi1.3 (1.4.3-2.1ubuntu3) ...
Setting up libvtk5.8 (5.8.0-5) ...
Setting up python-antlr (2.7.7+dfsg-3) ...
Setting up python-cairo (1.8.8-1ubuntu3) ...
Setting up python-dateutil (1.5-1) ...
Setting up python-gobject-2 (2.28.6-10ubuntu1) ...
Setting up python-gobject (3.2.2-1~precise) ...
Setting up python-matplotlib-data (1.1.1~rc1+git20120423-0ubuntu1) ...
Setting up python-pyparsing (1.5.2-2ubuntu1) ...
Setting up python-tz (2011k-0ubuntu5.1) ...
Setting up python-numpy (1:1.6.1-6ubuntu1) ...
Setting up python-support (1.0.14ubuntu2) ...
Setting up python-matplotlib (1.1.1~rc1+git20120423-0ubuntu1) ...
Setting up python-mysqldb (1.2.3-1ubuntu0.1) ...
Setting up python-opengl (3.0.1~b2-1) ...
Setting up python-sip (4.13.2-1) ...
Setting up python-qt4 (4.9.1-2ubuntu1) ...
Setting up python-qt4-gl (4.9.1-2ubuntu1) ...
Setting up python-qt4-sql (4.9.1-2ubuntu1) ...
Setting up unzip (6.0-4ubuntu2.5) ...
Setting up r-base-core (2.14.1-1) ...
Setting R_PAPERSIZE_USER default to 'letter'

Creating config file /etc/R/Renviron with new version
Setting up python-rpy2 (2.2.5-1) ...
Setting up tcl-vtk (5.8.0-5) ...
Setting up python-vtk (5.8.0-5) ...
Setting up python-xlrd (0.6.1-2) ...
Setting up python-xlwt (0.7.2+debian1-2build1) ...
Setting up python-zsi (2.1~a1-3build1) ...
Setting up xserver-common (2:1.11.4-0ubuntu10.17) ...
Setting up xvfb (2:1.11.4-0ubuntu10.17) ...
Setting up python-scipy (0.9.0+dfsg1-1ubuntu2) ...
Processing triggers for libc-bin ...
ldconfig deferred processing now taking place
Processing triggers for python-support ...

travis_time:end:1328c1cc:start=1606425719463984150,finish=1606425752232388950,duration=32768404800[0Ktravis_fold:end:apt[0Ktravis_time:start:0d6499b2[0K$ source ~/virtualenv/python2.6/bin/activate

travis_time:end:0d6499b2:start=1606425752448170642,finish=1606425752457634355,duration=9463713[0K$ python --version
Python 2.6.9
$ pip --version
pip 6.0.7 from /home/travis/virtualenv/python2.6.9/lib/python2.6/site-packages (python 2.6)
travis_fold:start:install.1[0Ktravis_time:start:230895c8[0K$ virtualenv --system-site-packages venv && source venv/bin/activate
New python executable in venv/bin/python
Installing setuptools, pip...done.

travis_time:end:230895c8:start=1606425752904429982,finish=1606425754552852775,duration=1648422793[0Ktravis_fold:end:install.1[0Ktravis_fold:start:install.2[0Ktravis_time:start:0e0bc209[0K$ pip install -U pip wheel setuptools
Collecting pip from https://files.pythonhosted.org/packages/cb/28/91f26bd088ce8e22169032100d4260614fc3da435025ff389ef1d396a433/pip-20.2.4-py2.py3-none-any.whl#sha256=51f1c7514530bd5c145d8f13ed936ad6b8bfcb8cf74e10403d0890bc986f0033
  Downloading https://files.pythonhosted.org/packages/cb/28/91f26bd088ce8e22169032100d4260614fc3da435025ff389ef1d396a433/pip-20.2.4-py2.py3-none-any.whl (1.5MB)
Collecting wheel
  Downloading https://files.pythonhosted.org/packages/a7/00/3df031b3ecd5444d572141321537080b40c1c25e1caa3d86cdd12e5e919c/wheel-0.35.1-py2.py3-none-any.whl
Collecting setuptools from https://files.pythonhosted.org/packages/a7/e0/30642b9c2df516506d40b563b0cbd080c49c6b3f11a70b4c7a670f13a78b/setuptools-50.3.2.zip#sha256=ed0519d27a243843b05d82a5e9d01b0b083d9934eaa3d02779a23da18077bd3c
  Downloading https://files.pythonhosted.org/packages/a7/e0/30642b9c2df516506d40b563b0cbd080c49c6b3f11a70b4c7a670f13a78b/setuptools-50.3.2.zip (2.1MB)
    Traceback (most recent call last):
      File "<string>", line 3, in <module>
      File "setuptools/__init__.py", line 16, in <module>
        import setuptools.version
      File "setuptools/version.py", line 1, in <module>
        import pkg_resources
    Complete output from command python setup.py egg_info:
    Traceback (most recent call last):
    
      File "<string>", line 3, in <module>
    
      File "setuptools/__init__.py", line 16, in <module>
    
        import setuptools.version
    
      File "setuptools/version.py", line 1, in <module>
    
        import pkg_resources
    
    ----------------------------------------
    Command "python setup.py egg_info" failed with error code 1 in /tmp/pip-build-KXwty5/setuptools

travis_time:end:0e0bc209:start=1606425754564208549,finish=1606425757000547115,duration=2436338566[0K
[31;1mThe command "pip install -U pip wheel setuptools" failed and exited with 1 during .[0m

Your build has been stopped.
