travis_fold:start:system_info[0K[33;1mBuild system information[0m
Build language: java
Build group: stable
Build dist: precise
Build id: ''
Job id: ''
[34m[1mBuild image provisioning date and time[0m
Thu Feb  5 15:09:33 UTC 2015
[34m[1mOperating System Details[0m
Distributor ID:	Ubuntu
Description:	Ubuntu 12.04.5 LTS
Release:	12.04
Codename:	precise
[34m[1mLinux Version[0m
3.13.0-29-generic
[34m[1mCookbooks Version[0m
a68419e https://github.com/travis-ci/travis-cookbooks/tree/a68419e
[34m[1mGCC version[0m
gcc (Ubuntu/Linaro 4.6.3-1ubuntu5) 4.6.3
Copyright (C) 2011 Free Software Foundation, Inc.
This is free software; see the source for copying conditions.  There is NO
warranty; not even for MERCHANTABILITY or FITNESS FOR A PARTICULAR PURPOSE.

[34m[1mLLVM version[0m
clang version 3.4 (tags/RELEASE_34/final)
Target: x86_64-unknown-linux-gnu
Thread model: posix
[34m[1mPre-installed Ruby versions[0m
ruby-1.9.3-p551
[34m[1mPre-installed Node.js versions[0m
v0.10.36
[34m[1mPre-installed Go versions[0m
1.4.1
[34m[1mRedis version[0m
redis-server 2.8.19
[34m[1mriak version[0m
2.0.2
[34m[1mMongoDB version[0m
MongoDB 2.4.12
[34m[1mCouchDB version[0m
couchdb 1.6.1
[34m[1mNeo4j version[0m
1.9.4
[34m[1mRabbitMQ Version[0m
3.4.3
[34m[1mElasticSearch version[0m
1.4.0
[34m[1mInstalled Sphinx versions[0m
2.0.10
2.1.9
2.2.6
[34m[1mDefault Sphinx version[0m
2.2.6
[34m[1mInstalled Firefox version[0m
firefox 31.0esr
[34m[1mPhantomJS version[0m
1.9.8
[34m[1mant -version[0m
Apache Ant(TM) version 1.8.2 compiled on December 3 2011
[34m[1mmvn -version[0m
Apache Maven 3.2.5 (12a6b3acb947671f09b81f49094c53f426d8cea1; 2014-12-14T17:29:23+00:00)
Maven home: /usr/local/maven
Java version: 1.7.0_76, vendor: Oracle Corporation
Java home: /usr/lib/jvm/java-7-oracle/jre
Default locale: en_US, platform encoding: ANSI_X3.4-1968
OS name: "linux", version: "3.13.0-29-generic", arch: "amd64", family: "unix"
travis_fold:end:system_info[0K
W: GPG error: http://apt.postgresql.org precise-pgdg Release: The following signatures were invalid: KEYEXPIRED 1562078959
W: Failed to fetch http://ppa.launchpad.net/travis-ci/zero-mq/ubuntu/dists/precise/main/binary-amd64/Packages  403  Forbidden

W: Failed to fetch http://ppa.launchpad.net/travis-ci/zero-mq/ubuntu/dists/precise/main/binary-i386/Packages  403  Forbidden

W: Failed to fetch http://downloads-distro.mongodb.org/repo/debian-sysvinit/dists/dist/10gen/binary-amd64/Packages  Undetermined Error [IP: 52.206.222.245 80]

W: Failed to fetch http://downloads-distro.mongodb.org/repo/debian-sysvinit/dists/dist/10gen/binary-i386/Packages  Undetermined Error [IP: 52.206.222.245 80]

E: Some index files failed to download. They have been ignored, or old ones used instead.
sed: cannot rename /etc/hosts: Device or resource busy
sed: cannot rename /etc/hosts: Device or resource busy
$ jdk_switcher use oraclejdk8
Switching to Oracle JDK8 (java-8-oracle), JAVA_HOME will be set to /usr/lib/jvm/java-8-oracle
$ cd passed/galenframework/galen
travis_fold:start:install_firefox[0K$ export FIREFOX_SOURCE_URL='https://download.mozilla.org/?product=firefox-45.4.0esr&lang=en-US&os=linux64'
[33;1mInstalling Firefox 45.4.0esr[0m
travis_time:start:0e23ad4e[0K$ wget -O /tmp/firefox-45.4.0esr.tar.bz2 $FIREFOX_SOURCE_URL
--2021-04-28 05:23:19--  https://download.mozilla.org/?product=firefox-45.4.0esr&lang=en-US&os=linux64
Resolving download.mozilla.org (download.mozilla.org)... 52.38.62.0, 52.89.237.108, 35.81.92.204
Connecting to download.mozilla.org (download.mozilla.org)|52.38.62.0|:443... connected.
HTTP request sent, awaiting response... 302 Found
Location: https://download-installer.cdn.mozilla.net/pub/firefox/releases/45.4.0esr/linux-x86_64/en-US/firefox-45.4.0esr.tar.bz2 [following]
--2021-04-28 05:23:19--  https://download-installer.cdn.mozilla.net/pub/firefox/releases/45.4.0esr/linux-x86_64/en-US/firefox-45.4.0esr.tar.bz2
Resolving download-installer.cdn.mozilla.net (download-installer.cdn.mozilla.net)... 13.224.5.58, 2600:9000:2196:e000:e:19d6:1546:5981, 2600:9000:2196:4200:e:19d6:1546:5981, ...
Connecting to download-installer.cdn.mozilla.net (download-installer.cdn.mozilla.net)|13.224.5.58|:443... connected.
HTTP request sent, awaiting response... 200 OK
Length: 51666458 (49M) [application/x-tar]
Saving to: `/tmp/firefox-45.4.0esr.tar.bz2'

     0K .......... .......... .......... .......... ..........  0% 1.58M 31s
    50K .......... .......... .......... .......... ..........  0% 2.67M 25s
   100K .......... .......... .......... .......... ..........  0% 4.82M 20s
   150K .......... .......... .......... .......... ..........  0% 5.82M 17s
   200K .......... .......... .......... .......... ..........  0% 7.88M 15s
   250K .......... .......... .......... .......... ..........  0% 9.08M 13s
   300K .......... .......... .......... .......... ..........  0% 9.30M 12s
   350K .......... .......... .......... .......... ..........  0% 10.9M 11s
   400K .......... .......... .......... .......... ..........  0% 11.5M 10s
   450K .......... .......... .......... .......... ..........  0% 17.1M 10s
   500K .......... .......... .......... .......... ..........  1% 19.0M 9s
   550K .......... .......... .......... .......... ..........  1% 15.2M 8s
   600K .......... .......... .......... .......... ..........  1% 30.7M 8s
   650K .......... .......... .......... .......... ..........  1% 18.2M 8s
   700K .......... .......... .......... .......... ..........  1% 22.1M 7s
   750K .......... .......... .......... .......... ..........  1% 18.7M 7s
   800K .......... .......... .......... .......... ..........  1% 33.9M 7s
   850K .......... .......... .......... .......... ..........  1% 24.9M 6s
   900K .......... .......... .......... .......... ..........  1% 37.9M 6s
   950K .......... .......... .......... .......... ..........  1% 24.7M 6s
  1000K .......... .......... .......... .......... ..........  2% 44.5M 6s
  1050K .......... .......... .......... .......... ..........  2% 28.5M 5s
  1100K .......... .......... .......... .......... ..........  2% 47.6M 5s
  1150K .......... .......... .......... .......... ..........  2% 29.8M 5s
  1200K .......... .......... .......... .......... ..........  2% 33.4M 5s
  1250K .......... .......... .......... .......... ..........  2% 45.8M 5s
  1300K .......... .......... .......... .......... ..........  2% 62.8M 5s
  1350K .......... .......... .......... .......... ..........  2% 37.4M 4s
  1400K .......... .......... .......... .......... ..........  2% 40.9M 4s
  1450K .......... .......... .......... .......... ..........  2% 51.5M 4s
  1500K .......... .......... .......... .......... ..........  3% 80.8M 4s
  1550K .......... .......... .......... .......... ..........  3% 42.9M 4s
  1600K .......... .......... .......... .......... ..........  3% 49.6M 4s
  1650K .......... .......... .......... .......... ..........  3% 53.1M 4s
  1700K .......... .......... .......... .......... ..........  3%  113M 4s
  1750K .......... .......... .......... .......... ..........  3% 33.5M 4s
  1800K .......... .......... .......... .......... ..........  3% 96.4M 4s
  1850K .......... .......... .......... .......... ..........  3% 54.4M 3s
  1900K .......... .......... .......... .......... ..........  3% 64.5M 3s
  1950K .......... .......... .......... .......... ..........  3%  122M 3s
  2000K .......... .......... .......... .......... ..........  4% 54.0M 3s
  2050K .......... .......... .......... .......... ..........  4% 35.0M 3s
  2100K .......... .......... .......... .......... ..........  4% 3.73M 3s
  2150K .......... .......... .......... .......... ..........  4% 4.08M 4s
  2200K .......... .......... .......... .......... ..........  4% 9.28M 4s
  2250K .......... .......... .......... .......... ..........  4%  104M 4s
  2300K .......... .......... .......... .......... ..........  4% 9.00M 4s
  2350K .......... .......... .......... .......... ..........  4% 15.6M 4s
  2400K .......... .......... .......... .......... ..........  4% 17.1M 4s
  2450K .......... .......... .......... .......... ..........  4% 17.1M 4s
  2500K .......... .......... .......... .......... ..........  5% 30.7M 4s
  2550K .......... .......... .......... .......... ..........  5% 6.91M 4s
  2600K .......... .......... .......... .......... ..........  5%  106M 4s
  2650K .......... .......... .......... .......... ..........  5% 10.0M 4s
  2700K .......... .......... .......... .......... ..........  5% 12.1M 4s
  2750K .......... .......... .......... .......... ..........  5% 21.8M 4s
  2800K .......... .......... .......... .......... ..........  5% 8.23M 4s
  2850K .......... .......... .......... .......... ..........  5% 6.65M 4s
  2900K .......... .......... .......... .......... ..........  5% 26.8M 4s
  2950K .......... .......... .......... .......... ..........  5% 35.7M 4s
  3000K .......... .......... .......... .......... ..........  6% 13.1M 4s
  3050K .......... .......... .......... .......... ..........  6% 20.4M 3s
  3100K .......... .......... .......... .......... ..........  6% 17.7M 3s
  3150K .......... .......... .......... .......... ..........  6% 11.7M 3s
  3200K .......... .......... .......... .......... ..........  6% 12.3M 3s
  3250K .......... .......... .......... .......... ..........  6% 16.5M 3s
  3300K .......... .......... .......... .......... ..........  6% 28.5M 3s
  3350K .......... .......... .......... .......... ..........  6% 1.63M 4s
  3400K .......... .......... .......... .......... ..........  6%  131M 4s
  3450K .......... .......... .......... .......... ..........  6%  180M 4s
  3500K .......... .......... .......... .......... ..........  7%  181M 4s
  3550K .......... .......... .......... .......... ..........  7% 37.8M 4s
  3600K .......... .......... .......... .......... ..........  7% 6.00M 4s
  3650K .......... .......... .......... .......... ..........  7% 6.32M 4s
  3700K .......... .......... .......... .......... ..........  7% 25.5M 4s
  3750K .......... .......... .......... .......... ..........  7% 9.82M 4s
  3800K .......... .......... .......... .......... ..........  7% 7.62M 4s
  3850K .......... .......... .......... .......... ..........  7% 8.47M 4s
  3900K .......... .......... .......... .......... ..........  7% 20.2M 4s
  3950K .......... .......... .......... .......... ..........  7% 12.8M 4s
  4000K .......... .......... .......... .......... ..........  8% 6.30M 4s
  4050K .......... .......... .......... .......... ..........  8% 10.0M 4s
  4100K .......... .......... .......... .......... ..........  8% 8.92M 4s
  4150K .......... .......... .......... .......... ..........  8% 12.0M 4s
  4200K .......... .......... .......... .......... ..........  8% 6.55M 4s
  4250K .......... .......... .......... .......... ..........  8% 14.2M 4s
  4300K .......... .......... .......... .......... ..........  8% 12.8M 4s
  4350K .......... .......... .......... .......... ..........  8% 11.7M 4s
  4400K .......... .......... .......... .......... ..........  8% 4.99M 4s
  4450K .......... .......... .......... .......... ..........  8% 12.3M 4s
  4500K .......... .......... .......... .......... ..........  9% 10.4M 4s
  4550K .......... .......... .......... .......... ..........  9% 15.5M 4s
  4600K .......... .......... .......... .......... ..........  9% 9.89M 4s
  4650K .......... .......... .......... .......... ..........  9% 14.2M 4s
  4700K .......... .......... .......... .......... ..........  9% 11.4M 4s
  4750K .......... .......... .......... .......... ..........  9% 57.1M 4s
  4800K .......... .......... .......... .......... ..........  9% 18.3M 4s
  4850K .......... .......... .......... .......... ..........  9% 19.7M 4s
  4900K .......... .......... .......... .......... ..........  9% 18.5M 4s
  4950K .......... .......... .......... .......... ..........  9% 15.4M 4s
  5000K .......... .......... .......... .......... .......... 10% 22.1M 4s
  5050K .......... .......... .......... .......... .......... 10% 18.7M 4s
  5100K .......... .......... .......... .......... .......... 10% 14.9M 4s
  5150K .......... .......... .......... .......... .......... 10% 14.8M 4s
  5200K .......... .......... .......... .......... .......... 10% 80.7M 4s
  5250K .......... .......... .......... .......... .......... 10% 38.4M 4s
  5300K .......... .......... .......... .......... .......... 10% 19.0M 4s
  5350K .......... .......... .......... .......... .......... 10% 20.8M 4s
  5400K .......... .......... .......... .......... .......... 10% 23.2M 4s
  5450K .......... .......... .......... .......... .......... 10% 18.0M 3s
  5500K .......... .......... .......... .......... .......... 10% 34.2M 3s
  5550K .......... .......... .......... .......... .......... 11% 19.5M 3s
  5600K .......... .......... .......... .......... .......... 11% 17.7M 3s
  5650K .......... .......... .......... .......... .......... 11% 13.0M 3s
  5700K .......... .......... .......... .......... .......... 11% 7.81M 3s
  5750K .......... .......... .......... .......... .......... 11% 13.7M 3s
  5800K .......... .......... .......... .......... .......... 11% 14.6M 3s
  5850K .......... .......... .......... .......... .......... 11% 21.8M 3s
  5900K .......... .......... .......... .......... .......... 11% 33.5M 3s
  5950K .......... .......... .......... .......... .......... 11% 23.6M 3s
  6000K .......... .......... .......... .......... .......... 11% 15.2M 3s
  6050K .......... .......... .......... .......... .......... 12% 4.80M 3s
  6100K .......... .......... .......... .......... .......... 12% 7.29M 3s
  6150K .......... .......... .......... .......... .......... 12% 6.78M 3s
  6200K .......... .......... .......... .......... .......... 12% 19.9M 3s
  6250K .......... .......... .......... .......... .......... 12% 11.7M 3s
  6300K .......... .......... .......... .......... .......... 12% 14.2M 3s
  6350K .......... .......... .......... .......... .......... 12% 16.9M 3s
  6400K .......... .......... .......... .......... .......... 12% 20.1M 3s
  6450K .......... .......... .......... .......... .......... 12% 17.6M 3s
  6500K .......... .......... .......... .......... .......... 12% 35.0M 3s
  6550K .......... .......... .......... .......... .......... 13% 19.6M 3s
  6600K .......... .......... .......... .......... .......... 13% 54.7M 3s
  6650K .......... .......... .......... .......... .......... 13% 28.2M 3s
  6700K .......... .......... .......... .......... .......... 13% 38.3M 3s
  6750K .......... .......... .......... .......... .......... 13% 18.2M 3s
  6800K .......... .......... .......... .......... .......... 13% 11.6M 3s
  6850K .......... .......... .......... .......... .......... 13% 15.6M 3s
  6900K .......... .......... .......... .......... .......... 13% 21.3M 3s
  6950K .......... .......... .......... .......... .......... 13% 14.0M 3s
  7000K .......... .......... .......... .......... .......... 13% 11.4M 3s
  7050K .......... .......... .......... .......... .......... 14% 21.7M 3s
  7100K .......... .......... .......... .......... .......... 14% 17.3M 3s
  7150K .......... .......... .......... .......... .......... 14% 12.3M 3s
  7200K .......... .......... .......... .......... .......... 14% 14.4M 3s
  7250K .......... .......... .......... .......... .......... 14% 13.6M 3s
  7300K .......... .......... .......... .......... .......... 14% 29.2M 3s
  7350K .......... .......... .......... .......... .......... 14% 17.1M 3s
  7400K .......... .......... .......... .......... .......... 14% 21.9M 3s
  7450K .......... .......... .......... .......... .......... 14% 11.8M 3s
  7500K .......... .......... .......... .......... .......... 14% 64.1M 3s
  7550K .......... .......... .......... .......... .......... 15% 19.2M 3s
  7600K .......... .......... .......... .......... .......... 15% 14.5M 3s
  7650K .......... .......... .......... .......... .......... 15% 28.2M 3s
  7700K .......... .......... .......... .......... .......... 15% 9.38M 3s
  7750K .......... .......... .......... .......... .......... 15% 25.3M 3s
  7800K .......... .......... .......... .......... .......... 15% 14.4M 3s
  7850K .......... .......... .......... .......... .......... 15% 11.9M 3s
  7900K .......... .......... .......... .......... .......... 15% 27.9M 3s
  7950K .......... .......... .......... .......... .......... 15% 23.6M 3s
  8000K .......... .......... .......... .......... .......... 15% 18.7M 3s
  8050K .......... .......... .......... .......... .......... 16% 46.8M 3s
  8100K .......... .......... .......... .......... .......... 16% 51.8M 3s
  8150K .......... .......... .......... .......... .......... 16% 26.1M 3s
  8200K .......... .......... .......... .......... .......... 16% 31.2M 3s
  8250K .......... .......... .......... .......... .......... 16% 27.2M 3s
  8300K .......... .......... .......... .......... .......... 16% 21.2M 3s
  8350K .......... .......... .......... .......... .......... 16% 12.4M 3s
  8400K .......... .......... .......... .......... .......... 16% 33.7M 3s
  8450K .......... .......... .......... .......... .......... 16% 24.7M 3s
  8500K .......... .......... .......... .......... .......... 16% 40.3M 3s
  8550K .......... .......... .......... .......... .......... 17% 56.2M 3s
  8600K .......... .......... .......... .......... .......... 17% 32.8M 3s
  8650K .......... .......... .......... .......... .......... 17% 42.4M 3s
  8700K .......... .......... .......... .......... .......... 17% 45.4M 3s
  8750K .......... .......... .......... .......... .......... 17% 18.4M 3s
  8800K .......... .......... .......... .......... .......... 17% 50.5M 3s
  8850K .......... .......... .......... .......... .......... 17% 49.5M 3s
  8900K .......... .......... .......... .......... .......... 17% 48.2M 3s
  8950K .......... .......... .......... .......... .......... 17% 26.5M 3s
  9000K .......... .......... .......... .......... .......... 17% 25.8M 3s
  9050K .......... .......... .......... .......... .......... 18%  113M 3s
  9100K .......... .......... .......... .......... .......... 18% 32.4M 3s
  9150K .......... .......... .......... .......... .......... 18% 14.3M 3s
  9200K .......... .......... .......... .......... .......... 18% 20.7M 3s
  9250K .......... .......... .......... .......... .......... 18% 30.4M 3s
  9300K .......... .......... .......... .......... .......... 18%  108M 3s
  9350K .......... .......... .......... .......... .......... 18% 14.7M 3s
  9400K .......... .......... .......... .......... .......... 18% 41.3M 3s
  9450K .......... .......... .......... .......... .......... 18% 4.40M 3s
  9500K .......... .......... .......... .......... .......... 18% 85.8M 3s
  9550K .......... .......... .......... .......... .......... 19% 80.9M 3s
  9600K .......... .......... .......... .......... .......... 19% 90.2M 3s
  9650K .......... .......... .......... .......... .......... 19%  123M 3s
  9700K .......... .......... .......... .......... .......... 19% 19.0M 3s
  9750K .......... .......... .......... .......... .......... 19% 88.5M 3s
  9800K .......... .......... .......... .......... .......... 19%  101M 3s
  9850K .......... .......... .......... .......... .......... 19% 98.5M 3s
  9900K .......... .......... .......... .......... .......... 19% 65.9M 3s
  9950K .......... .......... .......... .......... .......... 19% 96.4M 3s
 10000K .......... .......... .......... .......... .......... 19% 93.0M 3s
 10050K .......... .......... .......... .......... .......... 20% 90.8M 3s
 10100K .......... .......... .......... .......... .......... 20%  116M 3s
 10150K .......... .......... .......... .......... .......... 20% 28.4M 3s
 10200K .......... .......... .......... .......... .......... 20%  122M 3s
 10250K .......... .......... .......... .......... .......... 20%  106M 3s
 10300K .......... .......... .......... .......... .......... 20%  125M 3s
 10350K .......... .......... .......... .......... .......... 20% 33.3M 3s
 10400K .......... .......... .......... .......... .......... 20% 94.2M 3s
 10450K .......... .......... .......... .......... .......... 20%  117M 3s
 10500K .......... .......... .......... .......... .......... 20%  111M 2s
 10550K .......... .......... .......... .......... .......... 21% 44.9M 2s
 10600K .......... .......... .......... .......... .......... 21% 21.5M 2s
 10650K .......... .......... .......... .......... .......... 21% 19.3M 2s
 10700K .......... .......... .......... .......... .......... 21%  113M 2s
 10750K .......... .......... .......... .......... .......... 21% 89.5M 2s
 10800K .......... .......... .......... .......... .......... 21%  121M 2s
 10850K .......... .......... .......... .......... .......... 21%  109M 2s
 10900K .......... .......... .......... .......... .......... 21%  125M 2s
 10950K .......... .......... .......... .......... .......... 21% 30.3M 2s
 11000K .......... .......... .......... .......... .......... 21% 52.7M 2s
 11050K .......... .......... .......... .......... .......... 21% 52.2M 2s
 11100K .......... .......... .......... .......... .......... 22% 44.9M 2s
 11150K .......... .......... .......... .......... .......... 22% 38.2M 2s
 11200K .......... .......... .......... .......... .......... 22% 44.4M 2s
 11250K .......... .......... .......... .......... .......... 22% 43.9M 2s
 11300K .......... .......... .......... .......... .......... 22%  114M 2s
 11350K .......... .......... .......... .......... .......... 22% 75.4M 2s
 11400K .......... .......... .......... .......... .......... 22%  110M 2s
 11450K .......... .......... .......... .......... .......... 22%  122M 2s
 11500K .......... .......... .......... .......... .......... 22% 23.7M 2s
 11550K .......... .......... .......... .......... .......... 22% 90.9M 2s
 11600K .......... .......... .......... .......... .......... 23% 92.6M 2s
 11650K .......... .......... .......... .......... .......... 23% 84.1M 2s
 11700K .......... .......... .......... .......... .......... 23% 25.4M 2s
 11750K .......... .......... .......... .......... .......... 23% 78.6M 2s
 11800K .......... .......... .......... .......... .......... 23%  132M 2s
 11850K .......... .......... .......... .......... .......... 23%  121M 2s
 11900K .......... .......... .......... .......... .......... 23%  123M 2s
 11950K .......... .......... .......... .......... .......... 23%  116M 2s
 12000K .......... .......... .......... .......... .......... 23% 96.5M 2s
 12050K .......... .......... .......... .......... .......... 23%  136M 2s
 12100K .......... .......... .......... .......... .......... 24% 50.8M 2s
 12150K .......... .......... .......... .......... .......... 24% 71.1M 2s
 12200K .......... .......... .......... .......... .......... 24%  110M 2s
 12250K .......... .......... .......... .......... .......... 24%  114M 2s
 12300K .......... .......... .......... .......... .......... 24% 20.2M 2s
 12350K .......... .......... .......... .......... .......... 24% 60.1M 2s
 12400K .......... .......... .......... .......... .......... 24% 84.4M 2s
 12450K .......... .......... .......... .......... .......... 24%  135M 2s
 12500K .......... .......... .......... .......... .......... 24% 80.4M 2s
 12550K .......... .......... .......... .......... .......... 24%  132M 2s
 12600K .......... .......... .......... .......... .......... 25%  109M 2s
 12650K .......... .......... .......... .......... .......... 25%  113M 2s
 12700K .......... .......... .......... .......... .......... 25%  110M 2s
 12750K .......... .......... .......... .......... .......... 25%  107M 2s
 12800K .......... .......... .......... .......... .......... 25% 54.9M 2s
 12850K .......... .......... .......... .......... .......... 25% 51.8M 2s
 12900K .......... .......... .......... .......... .......... 25% 40.0M 2s
 12950K .......... .......... .......... .......... .......... 25% 48.8M 2s
 13000K .......... .......... .......... .......... .......... 25% 51.7M 2s
 13050K .......... .......... .......... .......... .......... 25%  109M 2s
 13100K .......... .......... .......... .......... .......... 26% 74.9M 2s
 13150K .......... .......... .......... .......... .......... 26%  112M 2s
 13200K .......... .......... .......... .......... .......... 26% 96.0M 2s
 13250K .......... .......... .......... .......... .......... 26%  119M 2s
 13300K .......... .......... .......... .......... .......... 26%  111M 2s
 13350K .......... .......... .......... .......... .......... 26%  117M 2s
 13400K .......... .......... .......... .......... .......... 26% 51.9M 2s
 13450K .......... .......... .......... .......... .......... 26% 58.9M 2s
 13500K .......... .......... .......... .......... .......... 26% 97.1M 2s
 13550K .......... .......... .......... .......... .......... 26%  100M 2s
 13600K .......... .......... .......... .......... .......... 27%  112M 2s
 13650K .......... .......... .......... .......... .......... 27% 48.2M 2s
 13700K .......... .......... .......... .......... .......... 27% 25.3M 2s
 13750K .......... .......... .......... .......... .......... 27% 15.2M 2s
 13800K .......... .......... .......... .......... .......... 27% 99.4M 2s
 13850K .......... .......... .......... .......... .......... 27%  122M 2s
 13900K .......... .......... .......... .......... .......... 27%  113M 2s
 13950K .......... .......... .......... .......... .......... 27%  101M 2s
 14000K .......... .......... .......... .......... .......... 27% 11.1M 2s
 14050K .......... .......... .......... .......... .......... 27% 91.7M 2s
 14100K .......... .......... .......... .......... .......... 28%  101M 2s
 14150K .......... .......... .......... .......... .......... 28%  124M 2s
 14200K .......... .......... .......... .......... .......... 28%  137M 2s
 14250K .......... .......... .......... .......... .......... 28%  141M 2s
 14300K .......... .......... .......... .......... .......... 28%  111M 2s
 14350K .......... .......... .......... .......... .......... 28% 90.1M 2s
 14400K .......... .......... .......... .......... .......... 28% 13.5M 2s
 14450K .......... .......... .......... .......... .......... 28%  106M 2s
 14500K .......... .......... .......... .......... .......... 28%  112M 2s
 14550K .......... .......... .......... .......... .......... 28%  103M 2s
 14600K .......... .......... .......... .......... .......... 29%  136M 2s
 14650K .......... .......... .......... .......... .......... 29%  164M 2s
 14700K .......... .......... .......... .......... .......... 29% 47.8M 2s
 14750K .......... .......... .......... .......... .......... 29%  107M 2s
 14800K .......... .......... .......... .......... .......... 29% 98.4M 2s
 14850K .......... .......... .......... .......... .......... 29%  126M 2s
 14900K .......... .......... .......... .......... .......... 29% 20.8M 2s
 14950K .......... .......... .......... .......... .......... 29% 45.6M 2s
 15000K .......... .......... .......... .......... .......... 29% 24.7M 2s
 15050K .......... .......... .......... .......... .......... 29%  107M 2s
 15100K .......... .......... .......... .......... .......... 30% 31.8M 2s
 15150K .......... .......... .......... .......... .......... 30% 69.6M 2s
 15200K .......... .......... .......... .......... .......... 30% 32.7M 2s
 15250K .......... .......... .......... .......... .......... 30% 49.2M 2s
 15300K .......... .......... .......... .......... .......... 30% 36.0M 2s
 15350K .......... .......... .......... .......... .......... 30% 24.1M 2s
 15400K .......... .......... .......... .......... .......... 30% 22.9M 2s
 15450K .......... .......... .......... .......... .......... 30% 90.3M 2s
 15500K .......... .......... .......... .......... .......... 30%  100M 2s
 15550K .......... .......... .......... .......... .......... 30% 29.8M 2s
 15600K .......... .......... .......... .......... .......... 31% 59.8M 2s
 15650K .......... .......... .......... .......... .......... 31% 50.9M 2s
 15700K .......... .......... .......... .......... .......... 31% 60.8M 2s
 15750K .......... .......... .......... .......... .......... 31% 42.4M 2s
 15800K .......... .......... .......... .......... .......... 31% 44.8M 2s
 15850K .......... .......... .......... .......... .......... 31% 35.3M 2s
 15900K .......... .......... .......... .......... .......... 31% 35.7M 2s
 15950K .......... .......... .......... .......... .......... 31% 50.5M 2s
 16000K .......... .......... .......... .......... .......... 31% 72.0M 2s
 16050K .......... .......... .......... .......... .......... 31% 77.4M 2s
 16100K .......... .......... .......... .......... .......... 32% 80.2M 2s
 16150K .......... .......... .......... .......... .......... 32% 41.5M 2s
 16200K .......... .......... .......... .......... .......... 32% 28.1M 2s
 16250K .......... .......... .......... .......... .......... 32% 58.6M 2s
 16300K .......... .......... .......... .......... .......... 32% 46.5M 2s
 16350K .......... .......... .......... .......... .......... 32% 93.0M 2s
 16400K .......... .......... .......... .......... .......... 32% 47.2M 2s
 16450K .......... .......... .......... .......... .......... 32% 13.1M 2s
 16500K .......... .......... .......... .......... .......... 32%  114M 2s
 16550K .......... .......... .......... .......... .......... 32% 93.6M 2s
 16600K .......... .......... .......... .......... .......... 32%  116M 2s
 16650K .......... .......... .......... .......... .......... 33% 43.6M 2s
 16700K .......... .......... .......... .......... .......... 33% 94.9M 2s
 16750K .......... .......... .......... .......... .......... 33%  111M 2s
 16800K .......... .......... .......... .......... .......... 33% 76.6M 2s
 16850K .......... .......... .......... .......... .......... 33% 87.0M 2s
 16900K .......... .......... .......... .......... .......... 33% 53.8M 2s
 16950K .......... .......... .......... .......... .......... 33%  103M 2s
 17000K .......... .......... .......... .......... .......... 33% 49.8M 2s
 17050K .......... .......... .......... .......... .......... 33% 94.4M 2s
 17100K .......... .......... .......... .......... .......... 33%  104M 2s
 17150K .......... .......... .......... .......... .......... 34%  110M 2s
 17200K .......... .......... .......... .......... .......... 34% 61.9M 1s
 17250K .......... .......... .......... .......... .......... 34%  106M 1s
 17300K .......... .......... .......... .......... .......... 34% 35.5M 1s
 17350K .......... .......... .......... .......... .......... 34% 51.4M 1s
 17400K .......... .......... .......... .......... .......... 34% 59.3M 1s
 17450K .......... .......... .......... .......... .......... 34% 80.4M 1s
 17500K .......... .......... .......... .......... .......... 34%  121M 1s
 17550K .......... .......... .......... .......... .......... 34% 75.0M 1s
 17600K .......... .......... .......... .......... .......... 34% 96.9M 1s
 17650K .......... .......... .......... .......... .......... 35%  102M 1s
 17700K .......... .......... .......... .......... .......... 35%  106M 1s
 17750K .......... .......... .......... .......... .......... 35%  103M 1s
 17800K .......... .......... .......... .......... .......... 35% 62.4M 1s
 17850K .......... .......... .......... .......... .......... 35% 23.0M 1s
 17900K .......... .......... .......... .......... .......... 35%  102M 1s
 17950K .......... .......... .......... .......... .......... 35% 58.6M 1s
 18000K .......... .......... .......... .......... .......... 35% 30.2M 1s
 18050K .......... .......... .......... .......... .......... 35% 25.4M 1s
 18100K .......... .......... .......... .......... .......... 35% 71.2M 1s
 18150K .......... .......... .......... .......... .......... 36% 36.9M 1s
 18200K .......... .......... .......... .......... .......... 36% 95.9M 1s
 18250K .......... .......... .......... .......... .......... 36% 42.1M 1s
 18300K .......... .......... .......... .......... .......... 36% 58.0M 1s
 18350K .......... .......... .......... .......... .......... 36% 42.6M 1s
 18400K .......... .......... .......... .......... .......... 36% 85.1M 1s
 18450K .......... .......... .......... .......... .......... 36% 51.6M 1s
 18500K .......... .......... .......... .......... .......... 36% 48.9M 1s
 18550K .......... .......... .......... .......... .......... 36% 33.7M 1s
 18600K .......... .......... .......... .......... .......... 36% 43.7M 1s
 18650K .......... .......... .......... .......... .......... 37% 51.0M 1s
 18700K .......... .......... .......... .......... .......... 37% 42.0M 1s
 18750K .......... .......... .......... .......... .......... 37% 42.9M 1s
 18800K .......... .......... .......... .......... .......... 37% 19.6M 1s
 18850K .......... .......... .......... .......... .......... 37% 17.0M 1s
 18900K .......... .......... .......... .......... .......... 37%  113M 1s
 18950K .......... .......... .......... .......... .......... 37%  108M 1s
 19000K .......... .......... .......... .......... .......... 37% 92.6M 1s
 19050K .......... .......... .......... .......... .......... 37% 98.3M 1s
 19100K .......... .......... .......... .......... .......... 37%  126M 1s
 19150K .......... .......... .......... .......... .......... 38% 75.3M 1s
 19200K .......... .......... .......... .......... .......... 38% 43.5M 1s
 19250K .......... .......... .......... .......... .......... 38%  109M 1s
 19300K .......... .......... .......... .......... .......... 38%  103M 1s
 19350K .......... .......... .......... .......... .......... 38% 52.7M 1s
 19400K .......... .......... .......... .......... .......... 38% 55.3M 1s
 19450K .......... .......... .......... .......... .......... 38% 51.9M 1s
 19500K .......... .......... .......... .......... .......... 38% 76.4M 1s
 19550K .......... .......... .......... .......... .......... 38%  117M 1s
 19600K .......... .......... .......... .......... .......... 38% 35.2M 1s
 19650K .......... .......... .......... .......... .......... 39% 46.7M 1s
 19700K .......... .......... .......... .......... .......... 39% 87.0M 1s
 19750K .......... .......... .......... .......... .......... 39% 42.9M 1s
 19800K .......... .......... .......... .......... .......... 39% 31.6M 1s
 19850K .......... .......... .......... .......... .......... 39% 57.9M 1s
 19900K .......... .......... .......... .......... .......... 39% 69.6M 1s
 19950K .......... .......... .......... .......... .......... 39% 31.3M 1s
 20000K .......... .......... .......... .......... .......... 39% 51.1M 1s
 20050K .......... .......... .......... .......... .......... 39% 64.6M 1s
 20100K .......... .......... .......... .......... .......... 39% 49.9M 1s
 20150K .......... .......... .......... .......... .......... 40% 51.0M 1s
 20200K .......... .......... .......... .......... .......... 40% 42.7M 1s
 20250K .......... .......... .......... .......... .......... 40% 39.6M 1s
 20300K .......... .......... .......... .......... .......... 40% 35.6M 1s
 20350K .......... .......... .......... .......... .......... 40% 43.2M 1s
 20400K .......... .......... .......... .......... .......... 40% 32.3M 1s
 20450K .......... .......... .......... .......... .......... 40% 67.7M 1s
 20500K .......... .......... .......... .......... .......... 40% 32.0M 1s
 20550K .......... .......... .......... .......... .......... 40% 9.10M 1s
 20600K .......... .......... .......... .......... .......... 40%  127M 1s
 20650K .......... .......... .......... .......... .......... 41%  119M 1s
 20700K .......... .......... .......... .......... .......... 41% 67.2M 1s
 20750K .......... .......... .......... .......... .......... 41% 98.9M 1s
 20800K .......... .......... .......... .......... .......... 41%  124M 1s
 20850K .......... .......... .......... .......... .......... 41%  101M 1s
 20900K .......... .......... .......... .......... .......... 41% 97.7M 1s
 20950K .......... .......... .......... .......... .......... 41% 93.1M 1s
 21000K .......... .......... .......... .......... .......... 41% 61.2M 1s
 21050K .......... .......... .......... .......... .......... 41% 46.9M 1s
 21100K .......... .......... .......... .......... .......... 41% 35.2M 1s
 21150K .......... .......... .......... .......... .......... 42% 6.91M 1s
 21200K .......... .......... .......... .......... .......... 42% 90.5M 1s
 21250K .......... .......... .......... .......... .......... 42%  132M 1s
 21300K .......... .......... .......... .......... .......... 42%  111M 1s
 21350K .......... .......... .......... .......... .......... 42% 11.3M 1s
 21400K .......... .......... .......... .......... .......... 42%  114M 1s
 21450K .......... .......... .......... .......... .......... 42%  108M 1s
 21500K .......... .......... .......... .......... .......... 42%  104M 1s
 21550K .......... .......... .......... .......... .......... 42% 99.9M 1s
 21600K .......... .......... .......... .......... .......... 42%  113M 1s
 21650K .......... .......... .......... .......... .......... 43% 96.7M 1s
 21700K .......... .......... .......... .......... .......... 43% 91.0M 1s
 21750K .......... .......... .......... .......... .......... 43%  135M 1s
 21800K .......... .......... .......... .......... .......... 43%  159M 1s
 21850K .......... .......... .......... .......... .......... 43% 4.90M 1s
 21900K .......... .......... .......... .......... .......... 43% 84.4M 1s
 21950K .......... .......... .......... .......... .......... 43%  104M 1s
 22000K .......... .......... .......... .......... .......... 43%  102M 1s
 22050K .......... .......... .......... .......... .......... 43%  112M 1s
 22100K .......... .......... .......... .......... .......... 43%  120M 1s
 22150K .......... .......... .......... .......... .......... 43% 10.4M 1s
 22200K .......... .......... .......... .......... .......... 44% 93.1M 1s
 22250K .......... .......... .......... .......... .......... 44%  106M 1s
 22300K .......... .......... .......... .......... .......... 44%  124M 1s
 22350K .......... .......... .......... .......... .......... 44%  123M 1s
 22400K .......... .......... .......... .......... .......... 44% 29.2M 1s
 22450K .......... .......... .......... .......... .......... 44% 93.1M 1s
 22500K .......... .......... .......... .......... .......... 44%  137M 1s
 22550K .......... .......... .......... .......... .......... 44% 83.7M 1s
 22600K .......... .......... .......... .......... .......... 44% 87.7M 1s
 22650K .......... .......... .......... .......... .......... 44% 87.2M 1s
 22700K .......... .......... .......... .......... .......... 45%  108M 1s
 22750K .......... .......... .......... .......... .......... 45%  123M 1s
 22800K .......... .......... .......... .......... .......... 45%  135M 1s
 22850K .......... .......... .......... .......... .......... 45%  124M 1s
 22900K .......... .......... .......... .......... .......... 45%  133M 1s
 22950K .......... .......... .......... .......... .......... 45%  123M 1s
 23000K .......... .......... .......... .......... .......... 45%  131M 1s
 23050K .......... .......... .......... .......... .......... 45%  133M 1s
 23100K .......... .......... .......... .......... .......... 45%  104M 1s
 23150K .......... .......... .......... .......... .......... 45%  121M 1s
 23200K .......... .......... .......... .......... .......... 46%  104M 1s
 23250K .......... .......... .......... .......... .......... 46%  109M 1s
 23300K .......... .......... .......... .......... .......... 46%  121M 1s
 23350K .......... .......... .......... .......... .......... 46% 93.0M 1s
 23400K .......... .......... .......... .......... .......... 46% 98.9M 1s
 23450K .......... .......... .......... .......... .......... 46% 98.5M 1s
 23500K .......... .......... .......... .......... .......... 46%  150M 1s
 23550K .......... .......... .......... .......... .......... 46%  107M 1s
 23600K .......... .......... .......... .......... .......... 46%  117M 1s
 23650K .......... .......... .......... .......... .......... 46% 99.9M 1s
 23700K .......... .......... .......... .......... .......... 47%  116M 1s
 23750K .......... .......... .......... .......... .......... 47%  126M 1s
 23800K .......... .......... .......... .......... .......... 47%  107M 1s
 23850K .......... .......... .......... .......... .......... 47%  121M 1s
 23900K .......... .......... .......... .......... .......... 47% 83.3M 1s
 23950K .......... .......... .......... .......... .......... 47%  125M 1s
 24000K .......... .......... .......... .......... .......... 47% 98.8M 1s
 24050K .......... .......... .......... .......... .......... 47%  121M 1s
 24100K .......... .......... .......... .......... .......... 47%  112M 1s
 24150K .......... .......... .......... .......... .......... 47%  126M 1s
 24200K .......... .......... .......... .......... .......... 48% 93.5M 1s
 24250K .......... .......... .......... .......... .......... 48%  131M 1s
 24300K .......... .......... .......... .......... .......... 48%  125M 1s
 24350K .......... .......... .......... .......... .......... 48%  125M 1s
 24400K .......... .......... .......... .......... .......... 48% 83.7M 1s
 24450K .......... .......... .......... .......... .......... 48%  124M 1s
 24500K .......... .......... .......... .......... .......... 48%  113M 1s
 24550K .......... .......... .......... .......... .......... 48%  103M 1s
 24600K .......... .......... .......... .......... .......... 48%  118M 1s
 24650K .......... .......... .......... .......... .......... 48%  106M 1s
 24700K .......... .......... .......... .......... .......... 49%  121M 1s
 24750K .......... .......... .......... .......... .......... 49% 88.1M 1s
 24800K .......... .......... .......... .......... .......... 49%  127M 1s
 24850K .......... .......... .......... .......... .......... 49%  119M 1s
 24900K .......... .......... .......... .......... .......... 49%  101M 1s
 24950K .......... .......... .......... .......... .......... 49%  129M 1s
 25000K .......... .......... .......... .......... .......... 49% 10.6M 1s
 25050K .......... .......... .......... .......... .......... 49%  135M 1s
 25100K .......... .......... .......... .......... .......... 49%  107M 1s
 25150K .......... .......... .......... .......... .......... 49% 36.6M 1s
 25200K .......... .......... .......... .......... .......... 50% 31.7M 1s
 25250K .......... .......... .......... .......... .......... 50% 29.1M 1s
 25300K .......... .......... .......... .......... .......... 50% 9.77M 1s
 25350K .......... .......... .......... .......... .......... 50% 70.6M 1s
 25400K .......... .......... .......... .......... .......... 50% 16.7M 1s
 25450K .......... .......... .......... .......... .......... 50% 30.6M 1s
 25500K .......... .......... .......... .......... .......... 50%  109M 1s
 25550K .......... .......... .......... .......... .......... 50% 39.7M 1s
 25600K .......... .......... .......... .......... .......... 50% 40.2M 1s
 25650K .......... .......... .......... .......... .......... 50% 46.7M 1s
 25700K .......... .......... .......... .......... .......... 51% 37.6M 1s
 25750K .......... .......... .......... .......... .......... 51%  114M 1s
 25800K .......... .......... .......... .......... .......... 51%  110M 1s
 25850K .......... .......... .......... .......... .......... 51%  124M 1s
 25900K .......... .......... .......... .......... .......... 51%  106M 1s
 25950K .......... .......... .......... .......... .......... 51% 72.3M 1s
 26000K .......... .......... .......... .......... .......... 51% 86.1M 1s
 26050K .......... .......... .......... .......... .......... 51%  108M 1s
 26100K .......... .......... .......... .......... .......... 51% 52.5M 1s
 26150K .......... .......... .......... .......... .......... 51% 98.6M 1s
 26200K .......... .......... .......... .......... .......... 52% 43.5M 1s
 26250K .......... .......... .......... .......... .......... 52% 80.2M 1s
 26300K .......... .......... .......... .......... .......... 52%  104M 1s
 26350K .......... .......... .......... .......... .......... 52%  100M 1s
 26400K .......... .......... .......... .......... .......... 52%  126M 1s
 26450K .......... .......... .......... .......... .......... 52%  123M 1s
 26500K .......... .......... .......... .......... .......... 52% 38.1M 1s
 26550K .......... .......... .......... .......... .......... 52%  111M 1s
 26600K .......... .......... .......... .......... .......... 52%  116M 1s
 26650K .......... .......... .......... .......... .......... 52%  121M 1s
 26700K .......... .......... .......... .......... .......... 53%  123M 1s
 26750K .......... .......... .......... .......... .......... 53% 44.4M 1s
 26800K .......... .......... .......... .......... .......... 53%  109M 1s
 26850K .......... .......... .......... .......... .......... 53% 80.2M 1s
 26900K .......... .......... .......... .......... .......... 53%  121M 1s
 26950K .......... .......... .......... .......... .......... 53%  104M 1s
 27000K .......... .......... .......... .......... .......... 53%  119M 1s
 27050K .......... .......... .......... .......... .......... 53%  102M 1s
 27100K .......... .......... .......... .......... .......... 53%  107M 1s
 27150K .......... .......... .......... .......... .......... 53%  103M 1s
 27200K .......... .......... .......... .......... .......... 54%  117M 1s
 27250K .......... .......... .......... .......... .......... 54%  114M 1s
 27300K .......... .......... .......... .......... .......... 54%  112M 1s
 27350K .......... .......... .......... .......... .......... 54%  125M 1s
 27400K .......... .......... .......... .......... .......... 54%  103M 1s
 27450K .......... .......... .......... .......... .......... 54%  138M 1s
 27500K .......... .......... .......... .......... .......... 54%  107M 1s
 27550K .......... .......... .......... .......... .......... 54%  105M 1s
 27600K .......... .......... .......... .......... .......... 54%  109M 1s
 27650K .......... .......... .......... .......... .......... 54%  113M 1s
 27700K .......... .......... .......... .......... .......... 54%  117M 1s
 27750K .......... .......... .......... .......... .......... 55%  106M 1s
 27800K .......... .......... .......... .......... .......... 55%  127M 1s
 27850K .......... .......... .......... .......... .......... 55%  100M 1s
 27900K .......... .......... .......... .......... .......... 55% 36.9M 1s
 27950K .......... .......... .......... .......... .......... 55% 60.1M 1s
 28000K .......... .......... .......... .......... .......... 55% 84.6M 1s
 28050K .......... .......... .......... .......... .......... 55%  112M 1s
 28100K .......... .......... .......... .......... .......... 55%  143M 1s
 28150K .......... .......... .......... .......... .......... 55%  114M 1s
 28200K .......... .......... .......... .......... .......... 55%  122M 1s
 28250K .......... .......... .......... .......... .......... 56%  106M 1s
 28300K .......... .......... .......... .......... .......... 56% 95.7M 1s
 28350K .......... .......... .......... .......... .......... 56% 81.7M 1s
 28400K .......... .......... .......... .......... .......... 56%  101M 1s
 28450K .......... .......... .......... .......... .......... 56% 98.0M 1s
 28500K .......... .......... .......... .......... .......... 56%  126M 1s
 28550K .......... .......... .......... .......... .......... 56%  133M 1s
 28600K .......... .......... .......... .......... .......... 56%  148M 1s
 28650K .......... .......... .......... .......... .......... 56%  137M 1s
 28700K .......... .......... .......... .......... .......... 56% 88.3M 1s
 28750K .......... .......... .......... .......... .......... 57%  111M 1s
 28800K .......... .......... .......... .......... .......... 57%  142M 1s
 28850K .......... .......... .......... .......... .......... 57%  111M 1s
 28900K .......... .......... .......... .......... .......... 57%  117M 1s
 28950K .......... .......... .......... .......... .......... 57%  124M 1s
 29000K .......... .......... .......... .......... .......... 57%  108M 1s
 29050K .......... .......... .......... .......... .......... 57% 98.3M 1s
 29100K .......... .......... .......... .......... .......... 57%  111M 1s
 29150K .......... .......... .......... .......... .......... 57% 70.2M 1s
 29200K .......... .......... .......... .......... .......... 57%  130M 1s
 29250K .......... .......... .......... .......... .......... 58%  156M 1s
 29300K .......... .......... .......... .......... .......... 58%  123M 1s
 29350K .......... .......... .......... .......... .......... 58%  113M 1s
 29400K .......... .......... .......... .......... .......... 58%  118M 1s
 29450K .......... .......... .......... .......... .......... 58%  115M 1s
 29500K .......... .......... .......... .......... .......... 58%  118M 1s
 29550K .......... .......... .......... .......... .......... 58% 87.8M 1s
 29600K .......... .......... .......... .......... .......... 58%  110M 1s
 29650K .......... .......... .......... .......... .......... 58% 93.5M 1s
 29700K .......... .......... .......... .......... .......... 58% 96.1M 1s
 29750K .......... .......... .......... .......... .......... 59%  103M 1s
 29800K .......... .......... .......... .......... .......... 59%  150M 1s
 29850K .......... .......... .......... .......... .......... 59%  141M 1s
 29900K .......... .......... .......... .......... .......... 59%  141M 1s
 29950K .......... .......... .......... .......... .......... 59%  106M 1s
 30000K .......... .......... .......... .......... .......... 59% 16.7M 1s
 30050K .......... .......... .......... .......... .......... 59%  112M 1s
 30100K .......... .......... .......... .......... .......... 59%  104M 1s
 30150K .......... .......... .......... .......... .......... 59%  125M 1s
 30200K .......... .......... .......... .......... .......... 59%  119M 1s
 30250K .......... .......... .......... .......... .......... 60% 8.08M 1s
 30300K .......... .......... .......... .......... .......... 60%  108M 1s
 30350K .......... .......... .......... .......... .......... 60%  108M 1s
 30400K .......... .......... .......... .......... .......... 60%  121M 1s
 30450K .......... .......... .......... .......... .......... 60% 95.6M 1s
 30500K .......... .......... .......... .......... .......... 60% 91.3M 1s
 30550K .......... .......... .......... .......... .......... 60%  132M 1s
 30600K .......... .......... .......... .......... .......... 60%  120M 1s
 30650K .......... .......... .......... .......... .......... 60% 75.9M 1s
 30700K .......... .......... .......... .......... .......... 60% 65.3M 1s
 30750K .......... .......... .......... .......... .......... 61% 79.1M 1s
 30800K .......... .......... .......... .......... .......... 61%  129M 1s
 30850K .......... .......... .......... .......... .......... 61%  115M 1s
 30900K .......... .......... .......... .......... .......... 61%  111M 1s
 30950K .......... .......... .......... .......... .......... 61%  113M 1s
 31000K .......... .......... .......... .......... .......... 61%  116M 1s
 31050K .......... .......... .......... .......... .......... 61%  125M 1s
 31100K .......... .......... .......... .......... .......... 61%  123M 1s
 31150K .......... .......... .......... .......... .......... 61%  101M 1s
 31200K .......... .......... .......... .......... .......... 61%  101M 1s
 31250K .......... .......... .......... .......... .......... 62%  137M 1s
 31300K .......... .......... .......... .......... .......... 62%  109M 1s
 31350K .......... .......... .......... .......... .......... 62%  101M 1s
 31400K .......... .......... .......... .......... .......... 62%  117M 1s
 31450K .......... .......... .......... .......... .......... 62%  123M 1s
 31500K .......... .......... .......... .......... .......... 62%  110M 1s
 31550K .......... .......... .......... .......... .......... 62% 91.9M 1s
 31600K .......... .......... .......... .......... .......... 62%  109M 1s
 31650K .......... .......... .......... .......... .......... 62%  108M 1s
 31700K .......... .......... .......... .......... .......... 62%  123M 1s
 31750K .......... .......... .......... .......... .......... 63% 37.1M 1s
 31800K .......... .......... .......... .......... .......... 63% 99.4M 1s
 31850K .......... .......... .......... .......... .......... 63%  112M 1s
 31900K .......... .......... .......... .......... .......... 63%  104M 1s
 31950K .......... .......... .......... .......... .......... 63%  100M 1s
 32000K .......... .......... .......... .......... .......... 63%  124M 1s
 32050K .......... .......... .......... .......... .......... 63%  118M 1s
 32100K .......... .......... .......... .......... .......... 63%  118M 1s
 32150K .......... .......... .......... .......... .......... 63% 98.5M 1s
 32200K .......... .......... .......... .......... .......... 63%  122M 1s
 32250K .......... .......... .......... .......... .......... 64%  121M 1s
 32300K .......... .......... .......... .......... .......... 64% 97.3M 1s
 32350K .......... .......... .......... .......... .......... 64% 47.0M 1s
 32400K .......... .......... .......... .......... .......... 64%  117M 1s
 32450K .......... .......... .......... .......... .......... 64%  100M 1s
 32500K .......... .......... .......... .......... .......... 64% 32.0M 1s
 32550K .......... .......... .......... .......... .......... 64%  105M 1s
 32600K .......... .......... .......... .......... .......... 64%  127M 1s
 32650K .......... .......... .......... .......... .......... 64%  121M 1s
 32700K .......... .......... .......... .......... .......... 64% 21.9M 1s
 32750K .......... .......... .......... .......... .......... 65% 94.0M 1s
 32800K .......... .......... .......... .......... .......... 65% 53.6M 1s
 32850K .......... .......... .......... .......... .......... 65% 65.1M 1s
 32900K .......... .......... .......... .......... .......... 65% 63.0M 1s
 32950K .......... .......... .......... .......... .......... 65% 55.8M 1s
 33000K .......... .......... .......... .......... .......... 65% 30.7M 1s
 33050K .......... .......... .......... .......... .......... 65% 94.7M 1s
 33100K .......... .......... .......... .......... .......... 65% 85.7M 1s
 33150K .......... .......... .......... .......... .......... 65%  105M 1s
 33200K .......... .......... .......... .......... .......... 65%  125M 1s
 33250K .......... .......... .......... .......... .......... 65%  135M 1s
 33300K .......... .......... .......... .......... .......... 66%  137M 1s
 33350K .......... .......... .......... .......... .......... 66%  112M 1s
 33400K .......... .......... .......... .......... .......... 66%  109M 1s
 33450K .......... .......... .......... .......... .......... 66%  121M 1s
 33500K .......... .......... .......... .......... .......... 66%  128M 1s
 33550K .......... .......... .......... .......... .......... 66% 94.3M 1s
 33600K .......... .......... .......... .......... .......... 66%  107M 1s
 33650K .......... .......... .......... .......... .......... 66%  112M 1s
 33700K .......... .......... .......... .......... .......... 66%  131M 1s
 33750K .......... .......... .......... .......... .......... 66%  108M 1s
 33800K .......... .......... .......... .......... .......... 67%  112M 1s
 33850K .......... .......... .......... .......... .......... 67%  107M 1s
 33900K .......... .......... .......... .......... .......... 67% 94.8M 1s
 33950K .......... .......... .......... .......... .......... 67%  111M 0s
 34000K .......... .......... .......... .......... .......... 67%  122M 0s
 34050K .......... .......... .......... .......... .......... 67%  113M 0s
 34100K .......... .......... .......... .......... .......... 67%  132M 0s
 34150K .......... .......... .......... .......... .......... 67% 99.6M 0s
 34200K .......... .......... .......... .......... .......... 67%  120M 0s
 34250K .......... .......... .......... .......... .......... 67%  111M 0s
 34300K .......... .......... .......... .......... .......... 68%  770K 1s
 34350K .......... .......... .......... .......... .......... 68% 49.0M 1s
 34400K .......... .......... .......... .......... .......... 68%  101M 1s
 34450K .......... .......... .......... .......... .......... 68%  139M 1s
 34500K .......... .......... .......... .......... .......... 68%  157M 1s
 34550K .......... .......... .......... .......... .......... 68%  130M 1s
 34600K .......... .......... .......... .......... .......... 68%  141M 1s
 34650K .......... .......... .......... .......... .......... 68%  154M 1s
 34700K .......... .......... .......... .......... .......... 68%  142M 0s
 34750K .......... .......... .......... .......... .......... 68%  116M 0s
 34800K .......... .......... .......... .......... .......... 69%  140M 0s
 34850K .......... .......... .......... .......... .......... 69%  141M 0s
 34900K .......... .......... .......... .......... .......... 69%  141M 0s
 34950K .......... .......... .......... .......... .......... 69%  112M 0s
 35000K .......... .......... .......... .......... .......... 69%  118M 0s
 35050K .......... .......... .......... .......... .......... 69%  124M 0s
 35100K .......... .......... .......... .......... .......... 69%  108M 0s
 35150K .......... .......... .......... .......... .......... 69% 89.5M 0s
 35200K .......... .......... .......... .......... .......... 69%  104M 0s
 35250K .......... .......... .......... .......... .......... 69%  105M 0s
 35300K .......... .......... .......... .......... .......... 70%  120M 0s
 35350K .......... .......... .......... .......... .......... 70%  132M 0s
 35400K .......... .......... .......... .......... .......... 70%  123M 0s
 35450K .......... .......... .......... .......... .......... 70%  125M 0s
 35500K .......... .......... .......... .......... .......... 70%  130M 0s
 35550K .......... .......... .......... .......... .......... 70% 74.9M 0s
 35600K .......... .......... .......... .......... .......... 70%  131M 0s
 35650K .......... .......... .......... .......... .......... 70%  120M 0s
 35700K .......... .......... .......... .......... .......... 70%  102M 0s
 35750K .......... .......... .......... .......... .......... 70%  114M 0s
 35800K .......... .......... .......... .......... .......... 71%  120M 0s
 35850K .......... .......... .......... .......... .......... 71%  114M 0s
 35900K .......... .......... .......... .......... .......... 71%  129M 0s
 35950K .......... .......... .......... .......... .......... 71% 89.2M 0s
 36000K .......... .......... .......... .......... .......... 71%  138M 0s
 36050K .......... .......... .......... .......... .......... 71% 99.8M 0s
 36100K .......... .......... .......... .......... .......... 71%  125M 0s
 36150K .......... .......... .......... .......... .......... 71%  117M 0s
 36200K .......... .......... .......... .......... .......... 71%  111M 0s
 36250K .......... .......... .......... .......... .......... 71% 91.4M 0s
 36300K .......... .......... .......... .......... .......... 72%  104M 0s
 36350K .......... .......... .......... .......... .......... 72%  107M 0s
 36400K .......... .......... .......... .......... .......... 72% 96.9M 0s
 36450K .......... .......... .......... .......... .......... 72%  110M 0s
 36500K .......... .......... .......... .......... .......... 72%  125M 0s
 36550K .......... .......... .......... .......... .......... 72%  121M 0s
 36600K .......... .......... .......... .......... .......... 72%  100M 0s
 36650K .......... .......... .......... .......... .......... 72%  120M 0s
 36700K .......... .......... .......... .......... .......... 72%  123M 0s
 36750K .......... .......... .......... .......... .......... 72%  115M 0s
 36800K .......... .......... .......... .......... .......... 73%  111M 0s
 36850K .......... .......... .......... .......... .......... 73%  100M 0s
 36900K .......... .......... .......... .......... .......... 73%  133M 0s
 36950K .......... .......... .......... .......... .......... 73%  114M 0s
 37000K .......... .......... .......... .......... .......... 73%  104M 0s
 37050K .......... .......... .......... .......... .......... 73% 33.9M 0s
 37100K .......... .......... .......... .......... .......... 73%  101M 0s
 37150K .......... .......... .......... .......... .......... 73%  118M 0s
 37200K .......... .......... .......... .......... .......... 73%  115M 0s
 37250K .......... .......... .......... .......... .......... 73%  123M 0s
 37300K .......... .......... .......... .......... .......... 74%  105M 0s
 37350K .......... .......... .......... .......... .......... 74%  111M 0s
 37400K .......... .......... .......... .......... .......... 74%  108M 0s
 37450K .......... .......... .......... .......... .......... 74%  115M 0s
 37500K .......... .......... .......... .......... .......... 74%  111M 0s
 37550K .......... .......... .......... .......... .......... 74% 48.0M 0s
 37600K .......... .......... .......... .......... .......... 74%  114M 0s
 37650K .......... .......... .......... .......... .......... 74%  128M 0s
 37700K .......... .......... .......... .......... .......... 74% 30.7M 0s
 37750K .......... .......... .......... .......... .......... 74%  118M 0s
 37800K .......... .......... .......... .......... .......... 75%  109M 0s
 37850K .......... .......... .......... .......... .......... 75% 90.4M 0s
 37900K .......... .......... .......... .......... .......... 75%  122M 0s
 37950K .......... .......... .......... .......... .......... 75% 26.8M 0s
 38000K .......... .......... .......... .......... .......... 75%  112M 0s
 38050K .......... .......... .......... .......... .......... 75% 79.1M 0s
 38100K .......... .......... .......... .......... .......... 75%  108M 0s
 38150K .......... .......... .......... .......... .......... 75% 98.5M 0s
 38200K .......... .......... .......... .......... .......... 75% 52.8M 0s
 38250K .......... .......... .......... .......... .......... 75%  116M 0s
 38300K .......... .......... .......... .......... .......... 76%  125M 0s
 38350K .......... .......... .......... .......... .......... 76% 90.0M 0s
 38400K .......... .......... .......... .......... .......... 76%  115M 0s
 38450K .......... .......... .......... .......... .......... 76%  128M 0s
 38500K .......... .......... .......... .......... .......... 76%  102M 0s
 38550K .......... .......... .......... .......... .......... 76%  105M 0s
 38600K .......... .......... .......... .......... .......... 76%  125M 0s
 38650K .......... .......... .......... .......... .......... 76%  111M 0s
 38700K .......... .......... .......... .......... .......... 76%  127M 0s
 38750K .......... .......... .......... .......... .......... 76%  113M 0s
 38800K .......... .......... .......... .......... .......... 76% 49.9M 0s
 38850K .......... .......... .......... .......... .......... 77%  115M 0s
 38900K .......... .......... .......... .......... .......... 77% 20.4M 0s
 38950K .......... .......... .......... .......... .......... 77% 18.5M 0s
 39000K .......... .......... .......... .......... .......... 77% 26.8M 0s
 39050K .......... .......... .......... .......... .......... 77% 99.2M 0s
 39100K .......... .......... .......... .......... .......... 77% 49.9M 0s
 39150K .......... .......... .......... .......... .......... 77% 84.8M 0s
 39200K .......... .......... .......... .......... .......... 77% 48.1M 0s
 39250K .......... .......... .......... .......... .......... 77% 98.4M 0s
 39300K .......... .......... .......... .......... .......... 77% 45.0M 0s
 39350K .......... .......... .......... .......... .......... 78% 21.7M 0s
 39400K .......... .......... .......... .......... .......... 78% 26.7M 0s
 39450K .......... .......... .......... .......... .......... 78% 33.5M 0s
 39500K .......... .......... .......... .......... .......... 78% 81.0M 0s
 39550K .......... .......... .......... .......... .......... 78% 24.5M 0s
 39600K .......... .......... .......... .......... .......... 78% 16.7M 0s
 39650K .......... .......... .......... .......... .......... 78% 36.3M 0s
 39700K .......... .......... .......... .......... .......... 78% 13.4M 0s
 39750K .......... .......... .......... .......... .......... 78% 29.2M 0s
 39800K .......... .......... .......... .......... .......... 78% 33.9M 0s
 39850K .......... .......... .......... .......... .......... 79% 19.7M 0s
 39900K .......... .......... .......... .......... .......... 79% 28.8M 0s
 39950K .......... .......... .......... .......... .......... 79% 37.8M 0s
 40000K .......... .......... .......... .......... .......... 79% 14.4M 0s
 40050K .......... .......... .......... .......... .......... 79% 76.6M 0s
 40100K .......... .......... .......... .......... .......... 79% 29.4M 0s
 40150K .......... .......... .......... .......... .......... 79% 28.5M 0s
 40200K .......... .......... .......... .......... .......... 79% 32.1M 0s
 40250K .......... .......... .......... .......... .......... 79% 16.3M 0s
 40300K .......... .......... .......... .......... .......... 79% 25.3M 0s
 40350K .......... .......... .......... .......... .......... 80% 12.1M 0s
 40400K .......... .......... .......... .......... .......... 80% 11.0M 0s
 40450K .......... .......... .......... .......... .......... 80% 37.2M 0s
 40500K .......... .......... .......... .......... .......... 80% 28.5M 0s
 40550K .......... .......... .......... .......... .......... 80% 32.7M 0s
 40600K .......... .......... .......... .......... .......... 80% 29.1M 0s
 40650K .......... .......... .......... .......... .......... 80% 66.9M 0s
 40700K .......... .......... .......... .......... .......... 80% 65.2M 0s
 40750K .......... .......... .......... .......... .......... 80% 17.7M 0s
 40800K .......... .......... .......... .......... .......... 80% 27.9M 0s
 40850K .......... .......... .......... .......... .......... 81% 29.7M 0s
 40900K .......... .......... .......... .......... .......... 81% 50.4M 0s
 40950K .......... .......... .......... .......... .......... 81% 41.8M 0s
 41000K .......... .......... .......... .......... .......... 81% 36.1M 0s
 41050K .......... .......... .......... .......... .......... 81% 17.0M 0s
 41100K .......... .......... .......... .......... .......... 81% 90.0M 0s
 41150K .......... .......... .......... .......... .......... 81% 74.4M 0s
 41200K .......... .......... .......... .......... .......... 81% 17.5M 0s
 41250K .......... .......... .......... .......... .......... 81% 51.7M 0s
 41300K .......... .......... .......... .......... .......... 81% 52.2M 0s
 41350K .......... .......... .......... .......... .......... 82% 53.2M 0s
 41400K .......... .......... .......... .......... .......... 82% 78.3M 0s
 41450K .......... .......... .......... .......... .......... 82% 16.3M 0s
 41500K .......... .......... .......... .......... .......... 82%  102M 0s
 41550K .......... .......... .......... .......... .......... 82% 79.7M 0s
 41600K .......... .......... .......... .......... .......... 82% 33.7M 0s
 41650K .......... .......... .......... .......... .......... 82% 41.3M 0s
 41700K .......... .......... .......... .......... .......... 82% 53.6M 0s
 41750K .......... .......... .......... .......... .......... 82% 22.5M 0s
 41800K .......... .......... .......... .......... .......... 82% 33.0M 0s
 41850K .......... .......... .......... .......... .......... 83% 19.1M 0s
 41900K .......... .......... .......... .......... .......... 83% 13.4M 0s
 41950K .......... .......... .......... .......... .......... 83% 14.1M 0s
 42000K .......... .......... .......... .......... .......... 83% 32.1M 0s
 42050K .......... .......... .......... .......... .......... 83% 20.7M 0s
 42100K .......... .......... .......... .......... .......... 83% 94.6M 0s
 42150K .......... .......... .......... .......... .......... 83% 33.9M 0s
 42200K .......... .......... .......... .......... .......... 83% 13.7M 0s
 42250K .......... .......... .......... .......... .......... 83% 58.2M 0s
 42300K .......... .......... .......... .......... .......... 83% 22.2M 0s
 42350K .......... .......... .......... .......... .......... 84% 21.6M 0s
 42400K .......... .......... .......... .......... .......... 84% 58.2M 0s
 42450K .......... .......... .......... .......... .......... 84% 25.0M 0s
 42500K .......... .......... .......... .......... .......... 84% 54.2M 0s
 42550K .......... .......... .......... .......... .......... 84% 68.1M 0s
 42600K .......... .......... .......... .......... .......... 84% 51.2M 0s
 42650K .......... .......... .......... .......... .......... 84% 19.5M 0s
 42700K .......... .......... .......... .......... .......... 84% 21.3M 0s
 42750K .......... .......... .......... .......... .......... 84% 31.0M 0s
 42800K .......... .......... .......... .......... .......... 84% 10.3M 0s
 42850K .......... .......... .......... .......... .......... 85% 15.0M 0s
 42900K .......... .......... .......... .......... .......... 85% 20.8M 0s
 42950K .......... .......... .......... .......... .......... 85% 63.6M 0s
 43000K .......... .......... .......... .......... .......... 85% 44.5M 0s
 43050K .......... .......... .......... .......... .......... 85% 62.7M 0s
 43100K .......... .......... .......... .......... .......... 85% 43.5M 0s
 43150K .......... .......... .......... .......... .......... 85% 71.1M 0s
 43200K .......... .......... .......... .......... .......... 85% 7.75M 0s
 43250K .......... .......... .......... .......... .......... 85%  189M 0s
 43300K .......... .......... .......... .......... .......... 85%  194M 0s
 43350K .......... .......... .......... .......... .......... 86%  235M 0s
 43400K .......... .......... .......... .......... .......... 86%  215M 0s
 43450K .......... .......... .......... .......... .......... 86%  227M 0s
 43500K .......... .......... .......... .......... .......... 86%  270M 0s
 43550K .......... .......... .......... .......... .......... 86% 34.8M 0s
 43600K .......... .......... .......... .......... .......... 86% 54.9M 0s
 43650K .......... .......... .......... .......... .......... 86%  118M 0s
 43700K .......... .......... .......... .......... .......... 86%  116M 0s
 43750K .......... .......... .......... .......... .......... 86% 88.3M 0s
 43800K .......... .......... .......... .......... .......... 86%  113M 0s
 43850K .......... .......... .......... .......... .......... 87% 46.8M 0s
 43900K .......... .......... .......... .......... .......... 87% 93.4M 0s
 43950K .......... .......... .......... .......... .......... 87% 98.4M 0s
 44000K .......... .......... .......... .......... .......... 87%  123M 0s
 44050K .......... .......... .......... .......... .......... 87% 83.1M 0s
 44100K .......... .......... .......... .......... .......... 87%  126M 0s
 44150K .......... .......... .......... .......... .......... 87% 45.7M 0s
 44200K .......... .......... .......... .......... .......... 87%  123M 0s
 44250K .......... .......... .......... .......... .......... 87%  114M 0s
 44300K .......... .......... .......... .......... .......... 87% 84.9M 0s
 44350K .......... .......... .......... .......... .......... 87%  103M 0s
 44400K .......... .......... .......... .......... .......... 88% 84.4M 0s
 44450K .......... .......... .......... .......... .......... 88% 37.7M 0s
 44500K .......... .......... .......... .......... .......... 88% 59.3M 0s
 44550K .......... .......... .......... .......... .......... 88% 28.4M 0s
 44600K .......... .......... .......... .......... .......... 88% 37.9M 0s
 44650K .......... .......... .......... .......... .......... 88% 26.8M 0s
 44700K .......... .......... .......... .......... .......... 88% 36.3M 0s
 44750K .......... .......... .......... .......... .......... 88% 30.4M 0s
 44800K .......... .......... .......... .......... .......... 88% 22.1M 0s
 44850K .......... .......... .......... .......... .......... 88% 10.4M 0s
 44900K .......... .......... .......... .......... .......... 89%  113M 0s
 44950K .......... .......... .......... .......... .......... 89% 8.64M 0s
 45000K .......... .......... .......... .......... .......... 89%  115M 0s
 45050K .......... .......... .......... .......... .......... 89% 32.4M 0s
 45100K .......... .......... .......... .......... .......... 89% 23.7M 0s
 45150K .......... .......... .......... .......... .......... 89% 12.5M 0s
 45200K .......... .......... .......... .......... .......... 89%  103M 0s
 45250K .......... .......... .......... .......... .......... 89% 6.68M 0s
 45300K .......... .......... .......... .......... .......... 89% 88.9M 0s
 45350K .......... .......... .......... .......... .......... 89% 68.2M 0s
 45400K .......... .......... .......... .......... .......... 90%  120M 0s
 45450K .......... .......... .......... .......... .......... 90% 9.94M 0s
 45500K .......... .......... .......... .......... .......... 90% 94.6M 0s
 45550K .......... .......... .......... .......... .......... 90% 89.6M 0s
 45600K .......... .......... .......... .......... .......... 90%  135M 0s
 45650K .......... .......... .......... .......... .......... 90% 41.7M 0s
 45700K .......... .......... .......... .......... .......... 90%  116M 0s
 45750K .......... .......... .......... .......... .......... 90% 34.7M 0s
 45800K .......... .......... .......... .......... .......... 90% 20.2M 0s
 45850K .......... .......... .......... .......... .......... 90% 52.1M 0s
 45900K .......... .......... .......... .......... .......... 91% 1.82M 0s
 45950K .......... .......... .......... .......... .......... 91% 96.2M 0s
 46000K .......... .......... .......... .......... .......... 91%  114M 0s
 46050K .......... .......... .......... .......... .......... 91%  133M 0s
 46100K .......... .......... .......... .......... .......... 91%  166M 0s
 46150K .......... .......... .......... .......... .......... 91%  139M 0s
 46200K .......... .......... .......... .......... .......... 91%  136M 0s
 46250K .......... .......... .......... .......... .......... 91%  138M 0s
 46300K .......... .......... .......... .......... .......... 91%  146M 0s
 46350K .......... .......... .......... .......... .......... 91%  120M 0s
 46400K .......... .......... .......... .......... .......... 92%  148M 0s
 46450K .......... .......... .......... .......... .......... 92%  140M 0s
 46500K .......... .......... .......... .......... .......... 92%  162M 0s
 46550K .......... .......... .......... .......... .......... 92%  141M 0s
 46600K .......... .......... .......... .......... .......... 92%  197M 0s
 46650K .......... .......... .......... .......... .......... 92%  113M 0s
 46700K .......... .......... .......... .......... .......... 92% 28.3M 0s
 46750K .......... .......... .......... .......... .......... 92% 17.9M 0s
 46800K .......... .......... .......... .......... .......... 92%  102M 0s
 46850K .......... .......... .......... .......... .......... 92% 11.8M 0s
 46900K .......... .......... .......... .......... .......... 93% 15.2M 0s
 46950K .......... .......... .......... .......... .......... 93% 16.6M 0s
 47000K .......... .......... .......... .......... .......... 93% 18.7M 0s
 47050K .......... .......... .......... .......... .......... 93% 7.79M 0s
 47100K .......... .......... .......... .......... .......... 93% 86.4M 0s
 47150K .......... .......... .......... .......... .......... 93% 68.0M 0s
 47200K .......... .......... .......... .......... .......... 93%  122M 0s
 47250K .......... .......... .......... .......... .......... 93% 48.3M 0s
 47300K .......... .......... .......... .......... .......... 93% 9.61M 0s
 47350K .......... .......... .......... .......... .......... 93% 13.7M 0s
 47400K .......... .......... .......... .......... .......... 94% 6.81M 0s
 47450K .......... .......... .......... .......... .......... 94%  116M 0s
 47500K .......... .......... .......... .......... .......... 94% 4.20M 0s
 47550K .......... .......... .......... .......... .......... 94% 1.70M 0s
 47600K .......... .......... .......... .......... .......... 94% 10.8M 0s
 47650K .......... .......... .......... .......... .......... 94% 16.5M 0s
 47700K .......... .......... .......... .......... .......... 94% 12.3M 0s
 47750K .......... .......... .......... .......... .......... 94% 16.9M 0s
 47800K .......... .......... .......... .......... .......... 94% 11.0M 0s
 47850K .......... .......... .......... .......... .......... 94% 11.2M 0s
 47900K .......... .......... .......... .......... .......... 95% 10.3M 0s
 47950K .......... .......... .......... .......... .......... 95% 40.9M 0s
 48000K .......... .......... .......... .......... .......... 95% 11.5M 0s
 48050K .......... .......... .......... .......... .......... 95% 38.4M 0s
 48100K .......... .......... .......... .......... .......... 95% 24.4M 0s
 48150K .......... .......... .......... .......... .......... 95% 13.9M 0s
 48200K .......... .......... .......... .......... .......... 95% 1.60M 0s
 48250K .......... .......... .......... .......... .......... 95%  123M 0s
 48300K .......... .......... .......... .......... .......... 95%  168M 0s
 48350K .......... .......... .......... .......... .......... 95%  162M 0s
 48400K .......... .......... .......... .......... .......... 96%  135M 0s
 48450K .......... .......... .......... .......... .......... 96%  118M 0s
 48500K .......... .......... .......... .......... .......... 96% 2.65M 0s
 48550K .......... .......... .......... .......... .......... 96%  129M 0s
 48600K .......... .......... .......... .......... .......... 96%  134M 0s
 48650K .......... .......... .......... .......... .......... 96%  144M 0s
 48700K .......... .......... .......... .......... .......... 96%  114M 0s
 48750K .......... .......... .......... .......... .......... 96%  171M 0s
 48800K .......... .......... .......... .......... .......... 96%  160M 0s
 48850K .......... .......... .......... .......... .......... 96%  112M 0s
 48900K .......... .......... .......... .......... .......... 97%  167M 0s
 48950K .......... .......... .......... .......... .......... 97%  156M 0s
 49000K .......... .......... .......... .......... .......... 97%  103M 0s
 49050K .......... .......... .......... .......... .......... 97%  181M 0s
 49100K .......... .......... .......... .......... .......... 97%  177M 0s
 49150K .......... .......... .......... .......... .......... 97% 36.6M 0s
 49200K .......... .......... .......... .......... .......... 97% 19.9M 0s
 49250K .......... .......... .......... .......... .......... 97% 70.8M 0s
 49300K .......... .......... .......... .......... .......... 97% 74.6M 0s
 49350K .......... .......... .......... .......... .......... 97% 36.9M 0s
 49400K .......... .......... .......... .......... .......... 98% 31.7M 0s
 49450K .......... .......... .......... .......... .......... 98% 35.0M 0s
 49500K .......... .......... .......... .......... .......... 98% 9.64M 0s
 49550K .......... .......... .......... .......... .......... 98%  108M 0s
 49600K .......... .......... .......... .......... .......... 98% 87.6M 0s
 49650K .......... .......... .......... .......... .......... 98% 93.5M 0s
 49700K .......... .......... .......... .......... .......... 98% 93.9M 0s
 49750K .......... .......... .......... .......... .......... 98%  132M 0s
 49800K .......... .......... .......... .......... .......... 98% 86.1M 0s
 49850K .......... .......... .......... .......... .......... 98% 21.2M 0s
 49900K .......... .......... .......... .......... .......... 98% 78.6M 0s
 49950K .......... .......... .......... .......... .......... 99% 47.7M 0s
 50000K .......... .......... .......... .......... .......... 99% 29.5M 0s
 50050K .......... .......... .......... .......... .......... 99%  114M 0s
 50100K .......... .......... .......... .......... .......... 99% 1.63M 0s
 50150K .......... .......... .......... .......... .......... 99%  124M 0s
 50200K .......... .......... .......... .......... .......... 99%  146M 0s
 50250K .......... .......... .......... .......... .......... 99%  134M 0s
 50300K .......... .......... .......... .......... .......... 99%  151M 0s
 50350K .......... .......... .......... .......... .......... 99%  110M 0s
 50400K .......... .......... .......... .......... .......... 99%  155M 0s
 50450K .....                                                 100%  133M=1.6s

2021-04-28 05:23:21 (30.2 MB/s) - `/tmp/firefox-45.4.0esr.tar.bz2' saved [51666458/51666458]


travis_time:end:0e23ad4e:start=1619587399127359888,finish=1619587401072399037,duration=1945039149[0K$ export PATH=$HOME/firefox-45.4.0esr/firefox:$PATH
travis_fold:end:install_firefox[0K
[33;1mSetting environment variables from .travis.yml[0m
$ export DISPLAY=:99

$ java -Xmx32m -version
java version "1.8.0_31"
Java(TM) SE Runtime Environment (build 1.8.0_31-b13)
Java HotSpot(TM) 64-Bit Server VM (build 25.31-b07, mixed mode)
$ javac -J-Xmx32m -version
javac 1.8.0_31
travis_fold:start:before_install.1[0Ktravis_time:start:0d86a9f1[0K$ wget https://github.com/mozilla/geckodriver/releases/download/v0.11.1/geckodriver-v0.11.1-linux64.tar.gz
--2021-04-28 05:23:29--  https://github.com/mozilla/geckodriver/releases/download/v0.11.1/geckodriver-v0.11.1-linux64.tar.gz
Resolving github.com (github.com)... 192.30.255.112
Connecting to github.com (github.com)|192.30.255.112|:443... connected.
HTTP request sent, awaiting response... 302 Found
Location: https://github-releases.githubusercontent.com/25354393/41cecaf2-8ee8-11e6-82f4-6b74b02d025d?X-Amz-Algorithm=AWS4-HMAC-SHA256&X-Amz-Credential=AKIAIWNJYAX4CSVEH53A%2F20210428%2Fus-east-1%2Fs3%2Faws4_request&X-Amz-Date=20210428T052146Z&X-Amz-Expires=300&X-Amz-Signature=b5d245acfeb2355ad41149a02d854a23fe7c760def2c63f11072d307ac9989f3&X-Amz-SignedHeaders=host&actor_id=0&key_id=0&repo_id=25354393&response-content-disposition=attachment%3B%20filename%3Dgeckodriver-v0.11.1-linux64.tar.gz&response-content-type=application%2Foctet-stream [following]
--2021-04-28 05:23:29--  https://github-releases.githubusercontent.com/25354393/41cecaf2-8ee8-11e6-82f4-6b74b02d025d?X-Amz-Algorithm=AWS4-HMAC-SHA256&X-Amz-Credential=AKIAIWNJYAX4CSVEH53A%2F20210428%2Fus-east-1%2Fs3%2Faws4_request&X-Amz-Date=20210428T052146Z&X-Amz-Expires=300&X-Amz-Signature=b5d245acfeb2355ad41149a02d854a23fe7c760def2c63f11072d307ac9989f3&X-Amz-SignedHeaders=host&actor_id=0&key_id=0&repo_id=25354393&response-content-disposition=attachment%3B%20filename%3Dgeckodriver-v0.11.1-linux64.tar.gz&response-content-type=application%2Foctet-stream
Resolving github-releases.githubusercontent.com (github-releases.githubusercontent.com)... 185.199.108.154, 185.199.109.154, 185.199.110.154, ...
Connecting to github-releases.githubusercontent.com (github-releases.githubusercontent.com)|185.199.108.154|:443... connected.
ERROR: no certificate subject alternative name matches
	requested host name `github-releases.githubusercontent.com'.
To connect to github-releases.githubusercontent.com insecurely, use `--no-check-certificate'.

travis_time:end:0d86a9f1:start=1619587409113274252,finish=1619587409308062696,duration=194788444[0K
[31;1mThe command "wget https://github.com/mozilla/geckodriver/releases/download/v0.11.1/geckodriver-v0.11.1-linux64.tar.gz" failed and exited with 5 during .[0m

Your build has been stopped.
