travis_fold:start:system_info[0K[33;1mBuild system information[0m
Build language: java
Build group: stable
Build dist: precise
Build id: ''
Job id: ''
[34m[1mBuild image provisioning date and time[0m
Thu Feb  5 15:09:33 UTC 2015
[34m[1mOperating System Details[0m
Distributor ID:	Ubuntu
Description:	Ubuntu 12.04.5 LTS
Release:	12.04
Codename:	precise
[34m[1mLinux Version[0m
3.13.0-29-generic
[34m[1mCookbooks Version[0m
a68419e https://github.com/travis-ci/travis-cookbooks/tree/a68419e
[34m[1mGCC version[0m
gcc (Ubuntu/Linaro 4.6.3-1ubuntu5) 4.6.3
Copyright (C) 2011 Free Software Foundation, Inc.
This is free software; see the source for copying conditions.  There is NO
warranty; not even for MERCHANTABILITY or FITNESS FOR A PARTICULAR PURPOSE.

[34m[1mLLVM version[0m
clang version 3.4 (tags/RELEASE_34/final)
Target: x86_64-unknown-linux-gnu
Thread model: posix
[34m[1mPre-installed Ruby versions[0m
ruby-1.9.3-p551
[34m[1mPre-installed Node.js versions[0m
v0.10.36
[34m[1mPre-installed Go versions[0m
1.4.1
[34m[1mRedis version[0m
redis-server 2.8.19
[34m[1mriak version[0m
2.0.2
[34m[1mMongoDB version[0m
MongoDB 2.4.12
[34m[1mCouchDB version[0m
couchdb 1.6.1
[34m[1mNeo4j version[0m
1.9.4
[34m[1mRabbitMQ Version[0m
3.4.3
[34m[1mElasticSearch version[0m
1.4.0
[34m[1mInstalled Sphinx versions[0m
2.0.10
2.1.9
2.2.6
[34m[1mDefault Sphinx version[0m
2.2.6
[34m[1mInstalled Firefox version[0m
firefox 31.0esr
[34m[1mPhantomJS version[0m
1.9.8
[34m[1mant -version[0m
Apache Ant(TM) version 1.8.2 compiled on December 3 2011
[34m[1mmvn -version[0m
Apache Maven 3.2.5 (12a6b3acb947671f09b81f49094c53f426d8cea1; 2014-12-14T17:29:23+00:00)
Maven home: /usr/local/maven
Java version: 1.7.0_76, vendor: Oracle Corporation
Java home: /usr/lib/jvm/java-7-oracle/jre
Default locale: en_US, platform encoding: ANSI_X3.4-1968
OS name: "linux", version: "3.13.0-29-generic", arch: "amd64", family: "unix"
travis_fold:end:system_info[0K
W: GPG error: http://apt.postgresql.org precise-pgdg Release: The following signatures were invalid: KEYEXPIRED 1562078959
W: Failed to fetch http://ppa.launchpad.net/travis-ci/zero-mq/ubuntu/dists/precise/main/binary-amd64/Packages  403  Forbidden

W: Failed to fetch http://ppa.launchpad.net/travis-ci/zero-mq/ubuntu/dists/precise/main/binary-i386/Packages  403  Forbidden

W: Failed to fetch http://downloads-distro.mongodb.org/repo/debian-sysvinit/dists/dist/10gen/binary-amd64/Packages  Undetermined Error [IP: 52.206.222.245 80]

W: Failed to fetch http://downloads-distro.mongodb.org/repo/debian-sysvinit/dists/dist/10gen/binary-i386/Packages  Undetermined Error [IP: 52.206.222.245 80]

E: Some index files failed to download. They have been ignored, or old ones used instead.
sed: cannot rename /etc/hosts: Device or resource busy
sed: cannot rename /etc/hosts: Device or resource busy
$ jdk_switcher use oraclejdk8
Switching to Oracle JDK8 (java-8-oracle), JAVA_HOME will be set to /usr/lib/jvm/java-8-oracle
$ cd failed/HubSpot/Baragon
travis_fold:start:cache.1[0KSetting up build cache
$ export CASHER_DIR=$HOME/.casher
travis_time:start:02b4bf84[0K$ Installing caching utilities

travis_time:end:02b4bf84:start=1619609379081960661,finish=1619609379304078266,duration=222117605[0Ktravis_time:start:0f18eb88[0K
travis_time:end:0f18eb88:start=1619609379316729637,finish=1619609379326159616,duration=9429979[0Ktravis_time:start:095a2830[0K/home/travis/.casher/bin/casher:213:in `cache_archive_name': undefined method `[]' for nil:NilClass (NoMethodError)
	from /home/travis/.casher/bin/casher:65:in `block in fetch'
	from /home/travis/.casher/bin/casher:64:in `each'
	from /home/travis/.casher/bin/casher:64:in `fetch'
	from /home/travis/.casher/bin/casher:53:in `block in run'
	from /home/travis/.rvm/rubies/ruby-1.9.3-p551/lib/ruby/1.9.1/timeout.rb:69:in `timeout'
	from /home/travis/.casher/bin/casher:53:in `run'
	from /home/travis/.casher/bin/casher:263:in `<main>'
[32;1mattempting to download cache archive[0m

travis_time:end:095a2830:start=1619609379336805533,finish=1619609380122409498,duration=785603965[0Ktravis_time:start:001c0aec[0K
travis_time:end:001c0aec:start=1619609380133463071,finish=1619609380143530716,duration=10067645[0Ktravis_time:start:009a6d3d[0K[32;1madding /home/travis/.m2 to cache[0m
[32;1madding /home/travis/build/failed/HubSpot/Baragon/BaragonUI/bower_components to cache[0m
[32;1mcreating directory /home/travis/build/failed/HubSpot/Baragon/BaragonUI/bower_components[0m
[32;1madding /home/travis/build/failed/HubSpot/Baragon/BaragonUI/node_modules to cache[0m
[32;1mcreating directory /home/travis/build/failed/HubSpot/Baragon/BaragonUI/node_modules[0m

travis_time:end:009a6d3d:start=1619609380154512842,finish=1619609380890896739,duration=736383897[0Ktravis_fold:end:cache.1[0K$ java -Xmx32m -version
java version "1.8.0_31"
Java(TM) SE Runtime Environment (build 1.8.0_31-b13)
Java HotSpot(TM) 64-Bit Server VM (build 25.31-b07, mixed mode)
$ javac -J-Xmx32m -version
javac 1.8.0_31
travis_fold:start:before_install.1[0Ktravis_time:start:0a13eaac[0K$ wget --no-check-certificate http://supergsego.com/apache/maven/maven-3/3.3.9/binaries/apache-maven-3.3.9-bin.zip
--2021-04-28 11:29:41--  http://supergsego.com/apache/maven/maven-3/3.3.9/binaries/apache-maven-3.3.9-bin.zip
Resolving supergsego.com (supergsego.com)... 173.12.119.133
Connecting to supergsego.com (supergsego.com)|173.12.119.133|:80... connected.
HTTP request sent, awaiting response... 301 Moved Permanently
Location: https://supergsego.com/apache/maven/maven-3/3.3.9/binaries/apache-maven-3.3.9-bin.zip [following]
--2021-04-28 11:29:41--  https://supergsego.com/apache/maven/maven-3/3.3.9/binaries/apache-maven-3.3.9-bin.zip
Connecting to supergsego.com (supergsego.com)|173.12.119.133|:443... connected.
WARNING: no certificate subject alternative name matches
	requested host name `supergsego.com'.
HTTP request sent, awaiting response... 404 Not Found
2021-04-28 11:29:42 ERROR 404: Not Found.


travis_time:end:0a13eaac:start=1619609381182598908,finish=1619609382225107592,duration=1042508684[0K
[31;1mThe command "wget --no-check-certificate http://supergsego.com/apache/maven/maven-3/3.3.9/binaries/apache-maven-3.3.9-bin.zip" failed and exited with 8 during .[0m

Your build has been stopped.
